-;[PERP.CTL] Control file to build PERP and LPERP
-;	Use PDP mode so all commands work
-PDP

!;
!;	Use (FTSYS)MACRO and (SYS)LINK via (SPL)LINKER
!CTE SETPROC MACRO=(FTSYS)MACRO,LOADER=(SPL)LINKER

!;	Record start time for tracking
!DAYTIME
8-MAR-1985 12:05:29 PST

!;	Build LPERP	Lockheed version
!LOAD @LPERP.CMD
MACRO:	UUO
MACRO:	CMD
MACRO:	DAT
MACRO:	EXP
MACRO:	INSERT
 
	LOADER -> LINK version 6
LINK:	Loading

EXIT

!;	Build PERP	Normal version	(last leaves normal REL files)
!LOAD/CROSS (MONITOR) @PERP.CMD
MACRO:	UUO
MACRO:	CMD
MACRO:	DAT
MACRO:	EXP
MACRO:	INSERT
 
	LOADER -> LINK version 6
LINK:	Loading

EXIT

!;	Create listings
!CROSS
CROSS: UUO
CROSS: CMD
CROSS: DATES
CROSS: EXP
CROSS: INS

!;	...and master cref
!DELETE PERP.LST,PERP.SWM


!R SWEET

MASTER FILE NAME *PERP

CREATING NEW MASTER FILE. OK? Y

OUTPUT NAME *PERP/A

EXIT

!!;	Get Checksums
!R CKSUM
INPUT: @CKPERP.CMD
WODWOS PERP.SAV
ZEWMIL LPERP.SAV
TOBBIJ DEFSYS.SAV
XAHBIK PERP.SYS
FULYIG PERP.CTL
YIJXUN DEFSYS.CTL
XOZDUM FDPERP.CTL
VAXVID COM.DIF
FIHBIT CMD.DIF
RUHDIR INS.DIF
BAMXAT PERP.CMD
YOTSEJ LPERP.CMD
POQHIC CKPERP.CMD
GAPRID DBPERP.CMD
NIYKIJ FDPERP.CMD
SUQRIH PERP.SWM
GELPER PERP.LST
RIXJIJ DEFSYS.SAI
LAQHAZ EXP.MAC
MAJXOM INS.MAC
BAZWEQ INS.725
NOHDUZ DATES.MAC
VIJMID CHR.MAC
JOCDAK COM.MAC
REFWIG COM.725
FOCSEP UUOFLG.MAC
MUCTEN UUO.MAC
KIMLOS CMD.MAC
MUDKEK CMD.725
XOBSIK LOCH.MAC

!
!;	Record time
!DAYTIME
8-MAR-1985 12:07:16 PST

!;
!;	Don't forget to set license and protection
!;
!;	(SYS) PERP.SAV    RUN RUN RUN  AC
!;	(SYS) PERP.SYS    RD  RD  RD   --None--
!;
!;[End of PERP.CTL]
!SEND USEVAL
TYPE LETTER:
; PCOM v1.63 - processed: (SSPERP)PERP.LOG = (SSPERP)PERP.CTL
; Options: NODETACH  LOG NOAPPEND SUPERSEDE LICENSE 
; Limits: TIME:60 TRULIMIT:0 
; Status: completed.
; Output recorded in file (SSPERP)PERP.LOG.

mail waiting
!LOGOUT
309.05 tru
terminal time: 0:01:52
