10CRF   SAV 19721130  J(17)            UPL    UPL
1CLEAR  SAV 19791112  C(6)             SYS    SSINSTALL
1GEOM   SAV 19721130  J(17)            UPL    UPL
1UUO    SAV 19780731  320B(66)         SYS    SSINSTALL
20VALI  SAV 19801021                   SYS    GINZBURGA
230COP  SAV 19760722  (13)             SYS    WFWCUSP
2SANA   SAV 19721130  J(17)            UPL    UPL
33034G  SAV 19810109  (22372)          SYS    TODD
3SPIN   SAV 19721130  J(17)            UPL    UPL
5OB     SAV 19740510  H(3)             SYS    000001115503
620KTP  SHR 19640101  B                SYS    011016107610
8RPT    SAV 19721130  J(17)            UPL    UPL
99XIT   SAV 19721130  J(17)            UPL    UPL
@DATEX  SAV 19640102                   SYS    HOLCOMBK
ACCESS  SAV 19811130  24-1             SPL    SDANIELS
ACCESS  SAV 19800121  320B(56)         SYS    JBENNETT
ACEY    SAV 19780928                   UPL    UPL
ACLOG   SAV 19780804                   SYS    SSINSTALL
ACSCAN  SAV 19810407  (15)             MPL    WRS
ACTPRI  SAV 19800528  (4)              MPL    TODD
ACTSUM  SAV 19781206  (2)              SYS    SOCCI
ADVENT  SAV 19811009  320B(66)         UPL    OPER
AICPA   SAV 19791026  320B(66)         SYS    SSINSTALL
AID     SHR 19640101  16(23)           SYS    000012000006
ALG300  SHR 19640101  3A(300)          SYS    HOLCOMBK
ALGLIB  REL 19640102                   SYS    HOLCOMBK
ALGOL   SHR 19731222  3A(300)          SYS    HOLCOMBK
ALLMAL  SHR 19800118  1AF(1)           SYS    MATOKA
AMPSYN  SAV 19800327  320B(70)         SYS    SSINSTALL
ANALOG  SAV 19720327  B(30)            UPL    UPL
ANIMAL  SHR 19790117  D(5)             UPL    UPL
APL     SHR 19811117                   SYS    SSINSTALL
ASP     SAV 19810701  (6)              SYS    SSINSTALL
ATSIGN  SAV 19800805                   MPL    WRS
AUX     REL 19781125                   MPL    WRS
AUXDDT  SAV 19780508                   MPL    WRS
AUXDIR  SAV 19790708  (6)              MPL    WRS
AUXIO   SAV 19820530  (50)             MPL    WRS
AUXLIB  REL 19790807                   UPL    RSTEVENS
AUXMOV  SAV 19770418  A(2)             SYS    SSINSTALL
AUXMOX  SAV 19820513  A(1)             SYS    DWS
AUXSLV  SAV 19781213                   MPL    SOCCI
AUXTRN  SAV 19781213  (2)              MPL    SOCCI
B10LIB  REL 19771104                   SYS    SSINSTALL
BACKUP  SHR 19780411  1(52)            SYS    SSINSTALL
BAIL    REL 19830311                   SYS    SSINSTALL
BANDIT  SAV 19780928                   UPL    UPL
BASCOM  SHR 19770209  170C(5003)       SYS    SSINSTALL
BASRES  SHR 19761102  F(13)            SYS    SALTYRON
BASRUN  SHR 19770209  170C(5003)       SYS    SSINSTALL
BATACT  SAV 19750122                   SYS    ACT10
BATCH   SAV 19820519  E(23)            SYS    SSINSTALL
BCHARG  SHR 19820323                   SYS    SSINSTALL
BINCOM  SAV 19640101  (3)              SYS    000012000006
BINCON  SAV 19640101  320B(11)         SYS    000006065673
BIO     SHR 19780213  10C(11)          UPL    UPL
BIONIC  SAV 19830124  A(2)             SYS    SSINSTALL
BLACK   SHR 19780213  10C(11)          UPL    UPL
BLIS11  SHR 19751207                   UPL    UPL
BLIS11  SHR 19780629  (230511)         SYS    SSINSTALL
BLISS   SHR 19780227  50K(1)           SYS    SSINSTALL
BODE    SAV 19730131  31(225)-2        UPL    UPL
BOOTS   SAV 19800402  A                SYS    WRS
BOTLOD  SAV 19761019  (20)             SYS    SOCCI
BOTTLE  SHR 19790117  D(5)             UPL    UPL
BRIDGE  SAV 19780928                   UPL    UPL
BSKBAL  SAV 19790713                   UPL    UPL
BSPICE  SAV 19820421  320B(26)         SYS    LOIS
CA1000  SAV 19790626  2(10)-2          SYS    SSINSTALL
CA1802  SHR 19790626  1B(16)-2         SYS    SSINSTALL
CA2000  SHR 19791003  2X(41)-2         SYS    SSINSTALL
CA4040  SHR 19791003  2X(43)-2         SYS    SSINSTALL
CA6502  SAV 19790626  2(11)-2          SYS    SSINSTALL
CA6800  SAV 19760322  320B(56)         UPL    UPL
CA6800  SHR 19791003  2X(47)-2         SYS    SSINSTALL
CA68K   SHR 19820303  4Y(115)-2        SYS    SSINSTALL
CA8008  SHR 19791003  2X(43)-2         SYS    SSINSTALL
CA8048  SHR 19791003  2X(44)-2         SYS    SSINSTALL
CA8085  SHR 19791003  3Y(57)-2         SYS    SSINSTALL
CA9900  SHR 19791003  1A(114)-2        SYS    SSINSTALL
CACHE   SAV 19780914  A                MPL    WRS
CADSYN  SAV 19790831  320B(66)         SYS    SSINSTALL
CAF8    SAV 19790626  2(12)-2          SYS    SSINSTALL
CAL     SAV 19640101                   SYS    000012000006
CALPOP  HGH 19800115  50A(636002)      SYS    SSINSTALL
CAM     SHR 19770117  3(6)             SPL    CARL
CAPACE  SAV 19790626  2(7)-2           SYS    SSINSTALL
CAPPS4  SAV 19771017  320B(63)         SYS    SSINSTALL
CAPPS8  SAV 19790626  2(53)-2          SYS    SSINSTALL
CARMEL  SAV 19640101  (3)              SYS    000006000236
CAVE    SAV 19791016  320B(66)         UPL    UPL
CAVE    SAV 19801031  320B(70)         UPL    KOPFJ
CAZ80   SHR 19791003  2A(142)          SYS    SSINSTALL
CCORD   SAV 19640101  31(225)-2        SYS    000006047430
CCSLD   HGH 19640101  B(40)            SYS    000006000221
CFORTR  SHR 19750902  K(1)             SYS    SALTYRON
CHAR    SAV 19640101  B(30)            UPL    UPL
CHASE   SHR 19790713  D(5)             UPL    UPL
CHECK   SAV 19791203  A                UPL    KOPFJ
CHGCUS  SAV 19760720  (23)             SYS    SSINSTALL
CHGGAN  SAV 19760706  (5)              SYS    SSINSTALL
CHKCLK  SAV 19801224  (3)              SYS    SSINSTALL
CHKPNT  SAV 19821019  X(3)             SYS    TODD
CKS     SAV 19830204  (6)              SPL    LOIS
CKSUM   SHR 19761104  F(3)             SYS    SSINSTALL
CLEAN   SAV 19791015                   MPL    MPL
CLEAN   SAV 19800829                   UPL    011601155761
CLEAR   SAV 19761122  (3)              SYS    BILLING10
CLMICR  SHR 19791003  1A(4)-2          SYS    SSINSTALL
CLRALC  SAV 19810323  C                SYS    SOCCI
CMDPKG  REL 19750710                   SYS    SSINSTALL
COBDDT  REL 19770708                   SYS    SSINSTALL
COBLIB  REL 19790905                   UPL    SOLON
COBOL   SHR 19771102  100A(370001)     SYS    SSINSTALL
COBOL   SHR 19751024  60C(332003)      UPL    SALTYRON
COBRG   SAV 19640101                   SYS    000006065674
COBTRU  REL 19780518                   UPL    KERSHAW
COMAND  REL 19720812                   UPL    UPL
COMCON  SAV 19720710  31(225)-2        UPL    UPL
COMPAC  SAV 19820122  320B(70)         SYS    SSINSTALL
COMPLR  SAV 19760105                   SYS    SSINSTALL
COMPR   SAV 19741106  320B(53)         UPL    UPL
CONV8   SAV 19731219  320B(45)         UPL    UPL
COPLUD  HGH 19640101                   SYS    001371042256
COPY    SAV 19830504  140A(50)         SPL    KEN
COST    SAV 19771208  320B(63)         SYS    SALTYRON
CP      SAV 19830106                   SPL    CARL
CRAM    SAV 19811020  320B(70)         SYS    SSINSTALL
CRAM    SAV 19821014  320B(70)         UPL    EIMSLAND
CRAM2   SAV 19761004  320B(57)         UPL    UPL
CRANK   SAV 19640101  31(225)-2        SYS    000006047430
CREAT1  SAV 19640101  320B(44)         SYS    HOLCOMBK
CREATE  SAV 19760624  320B(56)         SYS    SSINSTALL
CREF    SHR 19751218  760AV(60)        SYS    SSINSTALL
CREFIL  SAV 19760511                   UPL    UPL
CREPOR  SAV 19640101  320B(26)         SYS    001371042256
CRFSYM  SAV 19830413  3                SPL    CARL
CROSS   SHR 19781011                   UPL    UPL
CROSS   SHR 19810515  370L(6)          SYS    SSINSTALL
CRSHID  SAV 19800917  (30)             SYS    WRS
CSMP    SAV 19760517  320B(56)         SYS    SSINSTALL
CSORT   SHR 19751103  7A(411)          SYS    SALTYRON
CSPOOL  REL 19760120                   UPL    SSINSTALL
CTC     SAV 19800415                   MPL    WRS
CTYMSG  SAV 19790529                   MPL    MATOKA
CYFRED  SHR 19781003  AC(4)            SYS    SSINSTALL
DANSS   SAV 19640101  320B(51)         SYS    HOLCOMBK
DATSCN  SAV 19751113  320B(56)         UPL    UPL
DCTMH   SAV 19640101  A(1)             SYS    OPER
DDT     REL 19791127                   SYS    SOCCI
DDT     SAV 19811022  220AA(1)         SYS    WRS
DDT     SAV 19791206  220W             SYS    SSINSTALL
DDT620  SAV 19640101  (1)              SYS    HOLCOMBK
DECB35  SAV 19640101                   SYS    000006000236
DECIBM  SAV 19640101                   SYS    000006000236
DECMAC  SHR 19811230  53B(1156)-1      FTSYS  CARL
DEFER   SAV 19821201  A(26)            SYS    SSINSTALL
DEPRE   SAV 19780606  320B(66)         SYS    SSINSTALL
DETAP   SAV 19640102                   SYS    HOLCOMBK
DHEAD   SAV 19640101  B                SYS    001371042256
DICE    SHR 19780213  10C(11)          UPL    UPL
DIRIT   SHR 19810529  AA(2)            MPL    TODD
DIS     SAV 19820902                   SYS    WRS
DISCOM  SAV 19800117                   SYS    SSINSTALL
DISREL  SAV 19800128  4(20)            MPL    MPL
DISSPL  REL 19800115                   SYS    SSINSTALL
DJFRPG  SHR 19800721  1AI(2)           SYS    000003235435
DMDFMT  SAV 19780615  320B(66)         UPL    UPL
DMPFIL  SAV 19640101  A(6)             SYS    001371017064
DMPUFD  SAV 19771123  (1)              SYS    SSINSTALL
DNBIN   SAV 19830126  320B(70)         SYS    SSINSTALL
DNTXT   SAV 19830126  320B(70)         SYS    SSINSTALL
DOCGEN  SHR 19680811  11B(372)         SPL    CARL
DPRINT  SAV 19640101  B                SYS    001371042256
DREGR   SAV 19640101  320B(47)         SYS    HOLCOMBK
DRILL   SHR 19640101  320B(40)         SYS    000006000236
DRIVER  SHR 19800528  D(6)             UPL    DAUGHERTY
DRYDOC  SAV 19810922  (3)              FTSYS  SSINSTALL
DRYDOC  SAV 19811019  (3)              SYS    SSINSTALL
DSCRE   SAV 19640101  31(225)-2        SYS    000006047430
DSK24   SAV 19770927  (24)             SYS    SOCCI
DSKCLN  SAV 19820511  (36)             SYS    JBENNETT
DSKMAP  SAV 19751110  320B(56)         SYS    SALTYRON
DT      SAV 19760608                   SYS    SSINSTALL
DTB     SAV 19760928  A(1)             SYS    SSINSTALL
DUMPIT  SAV 19820106  1A(3)            MPL    TJB
DUSAGE  SAV 19830316  B                SYS    SSINSTALL
DYNFOR  REL 19820504                   UPL    SSINSTALL
ECHOFL  SAV 19780511                   SYS    SSINSTALL
ECOLOG  BAS 19751117                   UPL    UPL
ECOLOG  SAV 19791214                   UPL    KOPFJ
EDIT10  SHR 19790521  (144)            SYS    SSINSTALL
EDITOR  SHR 19820628  AD(1)            SYS    SSINSTALL
ELIZA   SAV 19640101                   SYS    *1BATCH
ER1200  SHR 19750812  623BF(751500)- 4 UPL    UPL
ERRCHK  SAV 19800314  (12)             SYS    BOLTONL
EXIT    SAV 19640101                   SYS    000006022766
EXPGEN  SAV 19750710                   MPL    WFWCUSP
EXPLOR  SAV 19800803  320B(70)         UPL    011334204450
EXZLIB  REL 19640101                   UPL    UPL
EZPLOT  SAV 19760804  320B(56)         UPL    UPL
F22701  SHR 19741001  107              UPL    UPL
FAIL    SAV 19810226  12A(15)          SYS    SSINSTALL
FAILSA  SAV 19760229  101(47)          UPL    UPL
FAILSA  SAV 19770525  T(27)            SYS    SSINSTALL
FED     SHR 19711017  3(6)             SPL    CARL
FET     SAV 19640101                   SYS    000006022766
FICHE   SAV 19821211  H                SPL    CARL
FILCOM  SHR 19820323  200C(16003)      SYS    SSINSTALL
FILDDT  SAV 19820902  220AA(2)         SYS    WRS
FILDDT  SAV 19670531  40A(250)         MPL    CARL
FILEX   SHR 19790208  17(52)           SYS    HOLCOMBK
FILTFR  SAV 19760303  A(2)             SYS    SSINSTALL
FINDIT  SAV 19830330                   SPL    CARL
FINLES  SAV 19771011  320B(63)         SYS    SSINSTALL
FNDBAD  SAV 19791104  (4)              MPL    WRS
FNDFIL  SAV 19811023  B(3)             MPL    MPL
FOR22   SHR 19820917  50A(636007)      SYS    TJB
FORDDT  REL 19810513                   SYS    SSINSTALL
FORLIB  REL 19811001                   SYS    SSINSTALL
FORTRA  SHR 19811119  50A(530005)      SYS    SSINSTALL
FRAMUS  SHR 19790117  D(5)             UPL    UPL
FRMDDT  SAV 19820701  220AA(2)         SYS    WRS
FRS     HGH 19751016  15(104)-2        UPL    HOLCOMBK
FSHSPL  SAV 19790403  (6)              MPL    MATOKA
FSHTAP  SAV 19771114  (3)              MPL    SOCCI
FSTAT   SAV 19640101  31(225)-2        SYS    000006047430
FTALOD  REL 19750826                   SYS    JBENNETT
FTP10X  SAV 19820707  (2)              MPL    WRS
FTP20   SAV 19830224  (4)              SPL    DARREN
FTSPFL  SAV 19790110                   SYS    SSINSTALL
FTXLIB  REL 19810513                   SYS    SSINSTALL
FTYPE   SAV 19770420  A(5)             SYS    SSINSTALL
FUDGE2  SHR 19750331  15(45)           UPL    000013054420
FUIT10  HGH 19780808  (145)            MPL    SOCCI
GDUP    SAV 19640101                   SYS    001371017064
GETYM   SAV 19640101  320B(32)         SYS    000013067123
GEXEC   SAV 19640101  A                SYS    001371017064
GFD     SAV 19821019  L(5)             SYS    CARL
GLOB    SHR 19760108  7(113)           SYS    SSINSTALL
GOLF    SHR 19790713  10C(11)          UPL    UPL
GRAB    SAV 19821020  (4)              MPL    KEN
GRUMP   SAV 19810821                   MPL    MPL
GSIQ    REL 19760901                   UPL    011011164762
GSSUBS  REL 19760129                   UPL    UPL
HANG    SAV 19780928                   UPL    UPL
HPDIR   SAV 19790926  (2)              MPL    WRS
HXLIB   REL 19751228                   SYS    OPER
HXLIB   REL 19790328                   SYS    WRS
IBMDEC  SAV 19640101                   SYS    000006000236
INDENT  SAV 19800514                   UPL    UPL
INFO    SAV 19780920                   SYS    WRS
INFRED  SAV 19800818  H(5)             MPL    WRS
INFSND  SAV 19771205                   MPL    SOCCI
INSTRS  REL 19821013                   SYS    SSINSTALL
INT4    SAV 19760221  320B(56)         UPL    011011123533
INT40   SAV 19760221  320B(56)         UPL    011011123533
INT8    SAV 19760215  320B(56)         UPL    UPL
INT80   SAV 19760118  320B(56)         UPL    UPL
INT80E  SAV 19640102  320B(55)         UPL    UPL
INVCHG  SAV 19760123  320B(56)         UPL    UPL
ISORT   SHR 19780817  D(6)             SYS    SSINSTALL
ITSR    SWR 19800627                   MPL    SDANIELS
KAFIX   SAV 19801213  (1)              MPL    WRS
KOPY    SAV 19780712  (1)              SYS    SSINSTALL
L1600D  SAV 19770729                   SYS    SSINSTALL
L1600M  SAV 19770729                   SYS    SSINSTALL
LD6800  SAV 19760607  320B(56)         UPL    UPL
LESCAL  SAV 19640101                   SYS    000017000057
LETTER  SAV 19761012  (2)              SYS    SALTYRON
LEVER   SAV 19820507                   SYS    SSINSTALL
LIBARY  SHR 19771102  10(16)           SYS    SSINSTALL
LIBFTS  REL 19790514                   SYS    SSINSTALL
LIBO10  SHR 19790525  10(1)            SYS    SSINSTALL
LIBOL   REL 19790607                   SYS    SSINSTALL
LIBOL   SHR 19771102  4B-2             SYS    SSINSTALL
LICMAK  SAV 19820506  (1)              MPL    DARREN
LICRPT  SAV 19780113  (2)              MPL    SOCCI
LINK    SAV 19810926                   MPL    WRS
LINK    SHR 19820525  4A(1220)-3       SYS    SSINSTALL
LINK10  SHR 19800407  4A(1220)         MPL    SDANIELS
LINKER  SAV 19811130  (6)              SPL    SDANIELS
LISP    SAV 19760105                   SYS    SSINSTALL
LISS    SAV 19720203  B(30)            UPL    UPL
LISTER  SHR 19830207  150N(2)-1        SYS    CARL
LKBDDT  SAV 19791104  220T             MPL    WRS
LNEDIT  SHR 19760930                   SYS    SSINSTALL
LNK999  SHR 19820525  4A(1220)-3       SYS    SSINSTALL
LNKDDT  REL 19800821                   SYS    SSINSTALL
LNKERR  SHR 19820525  4A(1220)-3       SYS    SSINSTALL
LNKLOD  SHR 19820525  4A(1220)-3       SYS    SSINSTALL
LNKMAP  SHR 19820525  4A(1220)-3       SYS    SSINSTALL
LNKOV1  SHR 19820525  4A(1220)-3       SYS    SSINSTALL
LNKOV2  SHR 19820525  4A(1220)-3       SYS    SSINSTALL
LNKSCN  SHR 19820525  4A(1220)-3       SYS    SSINSTALL
LNKXIT  SHR 19820525  4A(1220)-3       SYS    SSINSTALL
LOADER  SAV 19800821  540AE(6)         SYS    MILLERD
LOADER  SHR 19760329  540AD(5)         MPL    WFWCUSP
LOADFL  SAV 19640101  (1)              SYS    001371017064
LOADII  SAV 19830526  320B(70)         SYS    SSINSTALL
LOGINN  SHR 19820715  BC               SYS    WRS
LOGOUT  SHR 19821201  AM(1)            SYS    TODD
LOKMAL  SAV 19640102                   MPL    WRS
LPASSW  SAV 19810224                   SYS    GLYONS
LPQ     SAV 19820625  (16)             MPL    CARL
LS747   SAV 19720901  31(225)-6        UPL    UPL
LSDBKI  REL 19821013                   SYS    SSINSTALL
LSGDEB  REL 19821013                   SYS    SSINSTALL
LUNAR   SAV 19780928                   UPL    UPL
LVALID  SAV 19801205                   SYS    GLYONS
MAC4    SAV 19760330  320B(56)         UPL    UPL
MAC40   SAV 19760330  320B(56)         UPL    UPL
MAC40E  SAV 19640102  320B(55)         UPL    UPL
MAC8    SAV 19760330  320B(56)         UPL    UPL
MAC80   SAV 19760330  320B(56)         UPL    UPL
MAC80E  SAV 19640102  320B(55)         UPL    UPL
MAC8E   SAV 19640102  320B(55)         UPL    UPL
MACE    SAV 19760304  320B(56)         UPL    UPL
MACRO   SHR 19791019  460J(5)          SYS    WRS
MACRO   SHR 19820104  53B(1156)-1      FTSYS  CARL
MACY11  SHR 19771104  624(624)         SYS    SSINSTALL
MAGCK   SAV 19750717  320B(55)         UPL    UPL
MAGSTO  SAV 19760628  320B(56)         UPL    UPL
MAGTAB  SAV 19770329  A                SYS    SSINSTALL
MAIL    SAV 19820514  (12)             SYS    DWS
MAKBIL  SAV 19640101  320B(47)         SYS    HOLCOMBK
MAKDIR  SAV 19640101  (1)              SYS    001371017064
MAN26B  SAV 19750424  320B(54)         UPL    UPL
MANMAN  SAV 19761129  320B(62)         UPL    HOLCOMBK
MANUSE  SAV 19640102  320B(55)         UPL    UPL
MAP     SAV 19810817                   MPL    CARL
MARKER  SAV 19820511                   MPL    CARL
MASQUE  SAV 19801126                   MPL    WRS
MAXIMA  SAV 19761112  320B(62)         SYS    SSINSTALL
MAXORD  SAV 19640102  320B(45)         SYS    HOLCOMBK
MAZE    SHR 016  D(5)             UPL    UPL
MDLPRO  SHR 19821013                   SYS    SSINSTALL
MEMO    SAV 19640101  31(225)-3        SYS    000006000227
MERLIN  SAV 19830512  320B(70)         SYS    SSINSTALL
MHX     SAV 19811013  (10)             MPL    TODD
MICRO   SHR 19830603  (10)             SYS    SSINSTALL
MLIB    SHR 19820512  2A(17)-2         SYS    SSINSTALL
MLINK   SHR 19820414  2A(27)-2         SYS    SSINSTALL
MLISP   SAV 19750916                   SYS    SSINSTALL
MLISPC  SAV 19750917                   SYS    SSINSTALL
MMDSEG  REL 19821013                   SYS    SSINSTALL
MMOVLM  REL 19821013                   SYS    SSINSTALL
MMRP    SAV 19750819  320B(55)         UPL    UPL
MONINF  SHR 19751204  A                SYS    SSINSTALL
MOVUSR  SAV 19801212  (1)              MPL    WRS
MPERP   SAV 19770224  B(6)             SYS    SSINSTALL
MSTMRG  SAV 19750710                   MPL    WFWCUSP
MTCOPY  HLP 19760527                   SYS    SSINSTALL
MUSERS  SAV 19760812  C(3)             SYS    SSINSTALL
NAD     SHR 19820707  26R(233022)-2    SYS    SSINSTALL
NEWHOL  SAV 19640101  31(225)-2        SYS    001371042256
NEWRES  SAV 19640101                   SYS    000006000206
NEWS    SAV 19790814  220T             SYS    SOCCI
NODLOD  SAV 19820622                   SYS    DERNST
NODUPD  SHR 19760719  C                SYS    SSINSTALL
NONAME  SHR 19800724                   SYS    SSINSTALL
NRBINP  SAV 19760504  220Q             UPL    UPL
NREPOR  SAV 19640101  31(225)-6        SYS    001371042256
NVAS    SHR 19810721  E                SYS    SSINSTALL
OBJCNV  SHR 19820414  2A(20)-2         SYS    SSINSTALL
ODMS    SHR 19821013                   SYS    SSINSTALL
OFAIL   SAV 19800129  12(11)           SYS    SSINSTALL
OLDCRA  SAV 19750716  320B(54)         UPL    UPL
ONTPRI  SAV 19771208  (2)              MPL    SOCCI
ONTYME  SAV 19830217  320B(70)         SYS    SSINSTALL
OPCOPY  SAV 19780316  320B(66)         SYS    SSINSTALL
OPER    SAV 19820518  (14)             MPL    WRS
OPPS    SAV 19820325  (4)              MPL    WRS
ORACLE  SHR 19790713  D(5)             UPL    UPL
OVLMKI  REL 19821013                   SYS    SSINSTALL
OVRLAY  REL 19811001                   SYS    SSINSTALL
OWNLSE  SAV 19780328  320B(66)         SYS    SSINSTALL
P10CCG  SHR 19821013                   SYS    SSINSTALL
P10OCG  SHR 19821013                   SYS    SSINSTALL
P10SHP  SHR 19821013                   SYS    SSINSTALL
PAGE    SAV 19830114                   SPL    CARL
PAGEIO  REL 19800919                   UPL    SSINSTALL
PAILIB  REL 19821013                   SYS    SSINSTALL
PAKCOP  SAV 19790703  (16)             MPL    MATOKA
PAKSIM  SAV 19790629  (16)             MPL    SOCCI
PALX11  SAV 19640101  (3)              UPL    UPL
PASANL  SHR 19821013                   SYS    SSINSTALL
PASCAL  SHR 19790328                   UPL    HOLCOMBK
PASCAL  SHR 19821013  1B               SYS    SSINSTALL
PASCMD  SHR 19821013  1B               SYS    SSINSTALL
PASLIB  REL 19790328                   UPL    HOLCOMBK
PASLIB  REL 19821013                   SYS    SSINSTALL
PASLST  SHR 19821013  1B               SYS    SSINSTALL
PASPRN  SAV 19780109  (4)              MPL    SOCCI
PASSDA  SHR 19780428                   SYS    SSINSTALL
PASSWD  SAV 19640101  320B(44)         SYS    000006065507
PASSWO  SAV 19830120  (37)             SYS    CARL
PASSWO  SHR 19820517                   SYS    SSINSTALL
PATV3A  SHR 19680304  (732750)         SYS    KERSHAW
PBTAPE  SAV 19640101  D                SYS    000006000227
PDPPSP  SAV 19820921  320B(66)         UPL    OPER
PEAK    SAV 19830601  10A(130)         SYS    KEN
PEECOM  SAV 19830601                   MPL    CARL
PERFOR  SHR 19751015  D(2)             SYS    SSINSTALL
PERP    SAV 19830220  G(26)            SYS    MCH
PFD     SAV 19810302                   MPL    TODD
PHOTO   SHR 19810921  (2)              MPL    SDANIELS
PIP     SHR 19770126  O(30)            SYS    SSINSTALL
PJC40   REL 19790330                   UPL    SOLON
PJCPRG  REL 19790330                   UPL    SOLON
PJCVFY  SAV 19811023                   MPL    WRS
PL6800  SAV 19761108  320B(62)         UPL    HOLCOMBK
PL68X   SAV 19761216  320B(62)         UPL    UPL
PLM1    SAV 19760217  320B(56)         UPL    000013003137
PLM1EX  SAV 19760217  320B(56)         UPL    000013003137
PLM2    SAV 19760217  320B(56)         UPL    000013003137
PLM2EX  SAV 19760218  320B(56)         UPL    000013003137
PLM81   SAV 19760330  320B(56)         UPL    UPL
PLM81E  SAV 19760215  320B(56)         UPL    UPL
PLM82   SAV 19760721  320B(56)         UPL    UPL
PLM82E  SAV 19760721  320B(56)         UPL    UPL
PLOT21  REL 19780718                   UPL    UPL
PLT325  REL 19761021                   UPL    UPL
POLAR   SAV 19640101  B(30)            UPL    UPL
POLROT  SAV 19730506  320B(26)         UPL    UPL
PPS8A   SAV 19751003  320B(56)         UPL    UPL
PPS8O   SAV 19751003  320B(56)         UPL    UPL
PPS8SM  SAV 19750520  320B(55)         UPL    UPL
PPSA    SAV 19640102  320B(51)         UPL    UPL
PPSF    SAV 19640101  320B(47)         UPL    UPL
PPSFIX  SAV 19640101  320B(44)         UPL    UPL
PPSM    SAV 19640101  320B(47)         UPL    UPL
PPSO    SAV 19640101  320B(51)         UPL    UPL
PPSS    SAV 19750925  320B(55)         UPL    UPL
PREFIN  SAV 19771011  320B(63)         SYS    SSINSTALL
PRESUP  SAV 19771011  320B(63)         SYS    SSINSTALL
PRFGEN  REL 19771206                   SYS    SSINSTALL
PROFHI  SHR 19771207                   SYS    SSINSTALL
PROFIL  SHR 19771206                   SYS    SSINSTALL
PROG    REL 19800528                   UPL    DAUGHERTY
PROJC   REL 19770614                   UPL    011011154005
PROJEC  SAV 19770406  A(5)             SYS    SSINSTALL
PRUNE   SAV 19811130  (10)             SPL    SDANIELS
PS      SAV 19790227                   MPL    WRS
PSCHED  SAV 19770628  A                SYS    SSINSTALL
PTAP    SAV 19720315  (1)              UPL    UPL
PUB     SAV 19800502                   SYS    SSINSTALL
QQBASC  SHR 19640101  A(13)            SYS    000006022766
QQCMND  SHR 19640101                   SYS    000006000206
QQECML  REL 19640101                   SYS    000006000206
QQEDIT  SHR 19640101                   SYS    000006000206
QQFORT  SHR 19640101  (20)             SYS    000006000206
QQJOBD  REL 19640101                   SYS    000006000206
QQLOAD  SHR 19640101  A(51)            SYS    000006000206
QQQDDT  REL 19640101                   SYS    000006000206
QQQECM  REL 19640101                   SYS    000006000206
QQQICM  SHR 19640101                   SYS    000006000206
QQQLIB  REL 19640101                   SYS    003037042735
QQQTCM  SHR 19640101                   SYS    000006000206
QUBIC   SAV 19780928                   UPL    UPL
QUEST3  REL 19811211                   UPL    BILLING10
QUOTA   SAV 19800929                   MPL    WRS
RAID    REL 19791004                   SYS    SSINSTALL
RAID    SAV 19791004  E                SYS    SSINSTALL
RBTAPE  SAV 19640101  F                SYS    000006047430
RCADEC  SAV 19640101                   SYS    000006000236
RCHARG  SHR 19770928                   SYS    SSINSTALL
RCM     REL 19770120                   UPL    HOLCOMBK
RCMB    SHR 19770120                   UPL    HOLCOMBK
RCMLIB  REL 19770120                   UPL    HOLCOMBK
RCMOFF  SHR 19770120                   UPL    HOLCOMBK
RCMSET  SHR 19770120                   UPL    HOLCOMBK
RCR     SAV 19810515                   SPL    SSINSTALL
RCUFFS  SAV 19780906                   SYS    GINZBURGA
RDMAIL  SAV 19830123  (2)              SYS    WRS
READST  SAV 19780727                   MPL    SOCCI
RECORD  SHR 19820401  (12)             MPL    WRS
RECOST  SAV 19760119  320B(56)         UPL    UPL
RECPPR  SAV 19820323  C(6)             SYS    SSINSTALL
RECPRO  SAV 19730103  31(225)-2        SYS    001371042256
REDUCE  SAV 19820421  (1)              SYS    HOLCOMBK
REFORM  SHR 19810928  50A(636005)      MPL    MPL
REJUV   SAV 19810304                   UPL    UPL
REMAN   SAV 19740607  320B(47)         UPL    UPL
REMIND  SAV 19640101  (1)              MPL    WFWCUSP
REMIND  SAV 19750502  A                SYS    SSINSTALL
REMINI  SAV 19750514  (1)              SYS    SSINSTALL
RENBR   SAV 19720407  B(30)            UPL    UPL
RENUM   SAV 19720603  31(225)-3        UPL    UPL
REORG   SHR 19640102  (1)              SYS    HOLCOMBK
RERUN   HGH 19771102  10(4)            SYS    SSINSTALL
RGPOL   SAV 19640101  31(225)-2        SYS    000006047430
RGSTP   SAV 19640101  320B(47)         SYS    HOLCOMBK
RIBAUT  SAV 19770912  A                SYS    MATOKA
RIGID   SAV 19640101  B(30)            UPL    UPL
RPG     SHR 19821019  1AS              SYS    CARL
RTYBUF  REL 19830330                   UPL    SSINSTALL
RTYCK   SAV 19750805  320B(55)         UPL    UPL
RTYDYN  REL 19830330                   UPL    SSINSTALL
RTYF4   REL 19830330                   UPL    SSINSTALL
RTYRTN  REL 19830330                   UPL    SSINSTALL
RUB     SAV 19780921                   MPL    WRS
RUNCHK  SAV 19791228                   MPL    WRS
RUNCPU  SAV 19800820                   MPL    WRS
RUNEXE  SAV 19820123  1(14)            MPL    CARL
RUNMEM  SAV 19810806                   MPL    WRS
RUNNER  SAV 19800820                   MPL    WRS
RUNPAM  SAV 19800822                   MPL    WRS
RUNTIM  SHR 19640101  G(13)            SYS    000006000206
RWTAPE  HGH 19640101                   SYS    000006022766
SAIL    SHR 19830202  24(24)-2         SYS    LOIS
SAISGT  SHR 19790514                   SYS    SSINSTALL
SANDCP  SAV 19760114  320B(56)         UPL    UPL
SANDMA  SAV 19760114  320B(56)         UPL    UPL
SBAS    SHR 19640101  F(13)            SYS    000006000206
SCAN    REL 19801016                   SYS    SSINSTALL
SCAN    SAV 19810511  (17)             MPL    WRS
SCNMAC  UNV 19801016                   SYS    SSINSTALL
SCREAM  SAV 19821201  (26)             MPL    LOIS
SCRIPT  SAV 19801124  (1)              MPL    WRS
SEC     SAV 19640101  (1)              MPL    WFWCUSP
SELOTS  SHR 19771102  100(23000)       SYS    SSINSTALL
SEND    SAV 19830123  (4)              SYS    WRS
SETDIS  SAV 19640101                   SYS    005016046247
SETDMP  SAV 19750807  A                SYS    SSINSTALL
SETE    SAV 19820413  (13)             SYS    WRS
SETEOF  SAV 19810829                   SYS    SSINSTALL
SETLIC  SAV 19781106  (6)              SYS    SSINSTALL
SETLUD  SAV 19640101                   SYS    001371017064
SETOP   SAV 19810806  (15)             SYS    WRS
SETOP   SAV 19800511  (21)             MPL    WRS
SETTER  SHR 19640102                   SYS    SSINSTALL
SFDHLP  INF 19760708                   SYS    SALTYRON
SFEHLP  INF 19780411                   SYS    SSINSTALL
SHC     SAV 19821004  10(464)          SYS    SSINSTALL
SHORT   SAV 19760211  320B(56)         UPL    UPL
SI1000  SHR 19790626  1A(4)-2          SYS    SSINSTALL
SI6800  SHR 19791003  3A(33)-2         SYS    SSINSTALL
SI8048  SHR 19791003  3A(32)-2         SYS    SSINSTALL
SI8080  SHR 19790626  1C(47)-2         SYS    SSINSTALL
SI8085  SHR 19790626  1C(47)-2         SYS    SSINSTALL
SI9900  SHR 19791003  3A(23)-2         SYS    SSINSTALL
SIGN    SHR 19791204  50A(636003)      UPL    SOLON
SIM     SAV 19730731  31(225)-2        UPL    OPER
SIM11X  SAV 19640101                   UPL    UPL
SIM4    SAV 19760205  320B(56)         UPL    UPL
SLAVEM  SAV 19780720                   UPL    UPL
SLIB    REL 19760811                   UPL    UPL
SM6800  SAV 19771027  320B(63)         SYS    SSINSTALL
SMERGE  SAV 19760602  (4)              SYS    WFWCUSP
SNARF   SAV 19790330  B                MPL    WRS
SND620  SAV 19770318                   SYS    SALTYRON
SNOBOL  SHR 19640101  C(22)            SYS    000006000206
SNOOPY  SAV 19800717                   MPL    MATOKA
SOMPIL  SHR 19640101  (2011)           SYS    000006000206
SORT    SHR 19771102  10(420)          SYS    SSINSTALL
SORT    SHR 19780721  D(5)             UPL    SSINSTALL
SP      SAV 19810624                   UPL    013107326723
SPACE   SAV 19760215  320B(56)         UPL    RSTEVENS
SPECX   SHR 19770825                   SYS    SSINSTALL
SPELL   SAV 19791224  (5)              SYS    WRS
SPICE   SAV 19810623  320B(53)         SYS    WRS
SPIP    SAV 19640101  (16)             SYS    000006000206
SPLINE  REL 19740330                   UPL    UPL
SPOOL   SAV 19810915  (13)             MPL    CARL
SPOOL   SAV 19830516  F(3)             SYS    SSINSTALL
SQR     SAV 19720203  B(30)            UPL    UPL
SQZIT   SAV 19640101  (1)              SYS    001356016752
SRCCOM  SHR 19640101  F(14)            SYS    000006000227
SSP     REL 19640101                   UPL    UPL
SSPICE  SAV 19640101  320B(53)         SYS    HOLCOMBK
STAR    SAV 19780706                   UPL    UPL
STAR80  REL 19810118                   UPL    011020277046
STARB   SAV 19790718                   UPL    UPL
START   SAV 19640101                   SYS    000006000227
STATPA  SAV 19640101  320B(26)         SYS    000006000221
STECO   SHR 19640101  (16)             SYS    000006000206
STREK   SAV 19790815  320B(63)         UPL    OPER
STRESS  SAV 19760405  320B(56)         UPL    UPL
SUB     SAV 19780819  320B(66)         UPL    UPL
SUPER   SAV 19771011  320B(63)         SYS    SSINSTALL
SWARM   SHR 19800527  10D(4)           UPL    UPL
SWEET   SAV 19770405  (5)              MPL    WFW
SWEET   SAV 19770505  (6)              SYS    SSINSTALL
SYSTAT  SHR 19830315  700AW(21005)-4   SYS    LOIS
SZRPT   SAV 19761210  H(2)             SYS    SSINSTALL
SZTST   SAV 19830216  H(2)             SYS    LOIS
TAG2LB  REL 19800609                   SYS    KERSHAW
TAGLB1  REL 19810218                   SYS    HOFFMAN
TAGLB2  REL 19810220                   SYS    HOFFMAN
TAKEIT  SAV 19821103  (47)             SYS    LOIS
TAPE    SAV 19781215  (1)              MPL    WRS
TAPE    SHR 19821213  J(2)             SYS    SSINSTALL
TAUX    SHR 19821015  (12)             SPL    DWS
TC      SHR 19781017                   MPL    SDANIELS
TCS2A   REL 19721212                   UPL    UPL
TD      SAV 19760618  A                SYS    SSINSTALL
TDB     SAV 19760928  A(1)             SYS    SSINSTALL
TECO    SHR 19810731  124A(355)-2      MPL    CARL
TECO    SHR 19640101  230(113002)      SYS    000006022766
TEKCOM  SAV 19781214                   UPL    UPL
TEKDEM  SAV 19730131  320B(15)         UPL    UPL
TELAID  SHR 19811217  50A(636007)      SYS    SSINSTALL
TELCHK  SAV 19820717  (3)              SPL    SDANIELS
TELECO  SAV 19830609  R(2)             SYS    SSINSTALL
TIC     SAV 19780928                   UPL    UPL
TITO    SAV 19821221  N(3)             SYS    SSINSTALL
TKPOP   HGH 19800115  50A(636002)      SYS    SSINSTALL
TLIB    REL 19640101                   UPL    UPL
TMERGE  SAV 19811130  (2)              SPL    SDANIELS
TOD     SAV 19821026  (35)             SYS    SSINSTALL
TODALT  SAV 19810603                   SYS    SSINSTALL
TRNAUX  SAV 19780103                   MPL    SOCCI
TRNBIL  REL 19760722                   SYS    SSINSTALL
TRUCTL  SHR 19760928                   SYS    SSINSTALL
TSTAT   SAV 19640101  31(225)-2        SYS    000006047430
TSTSUP  SAV 19810511  (4)              MPL    SOCCI
TWOUP   SAV 19820209  (1)              SPL    SDANIELS
TYMTAB  SHR 19760206  B(10)            UPL    UPL
TYMTRA  SAV 19640101  320B(32)         UPL    UPL
TYPE    SHR 19820524  1F(73)-2         MPL    CARL
TYPER   SAV 19820525  (1)              MPL    CARL
UCK     SAV 19750929  320B(56)         UPL    UPL
UFDDUL  SAV 19640101                   SYS    000012000007
UFDLIB  REL 19800825                   UPL    SSINSTALL
UPBIN   SAV 19830126  320B(70)         SYS    SSINSTALL
UPDLUD  SAV 19830223  O(2)             SYS    SANTIAGO
UPDRTY  HGH 19750606  (1)              UPL    UIS
UPTXT   SAV 19830126  320B(70)         SYS    SSINSTALL
VALID   SAV 19770928  A(5)             SYS    SSINSTALL
VALPRI  REL 19640101                   SYS    001371042256
VAS     HGH 19750820  A(12)            SYS    JBENNETT
VERSE   SAV 19800729                   MPL    GLYONS
VH96    SAV 19720814  D                SYS    000006047430
VHEAD   SAV 19640101  D                SYS    000006022766
VHFORM  SAV 19640101  D                SYS    000006000221
VP66    SAV 19640101  D                SYS    000006047430
VP96    SAV 19640101  D                SYS    000006047430
VPDATA  SAV 19640101  D                SYS    000006000221
VPFORM  SAV 19640101  D                SYS    000006000221
VPRINT  SAV 19640101  D                SYS    000006022766
WHEN    SAV 19821109                   SPL    CARL
WHO     SAV 19830419                   SPL    CARL
WHOIS   SAV 19791213  (1)              MPL    WRS
WID80   SAV 19751121                   UPL    UPL
WLD7A   REL 19810206                   SYS    CARL
WMRP    SAV 19750910  320B(55)         UPL    UPL
WXMOX   SAV 19820909  A(1)             MPL    LOIS
X1200   SAV 19781003                   MPL    WRS
XBASIC  SHR 19770209  170C(5003)       SYS    SSINSTALL
XCOMPA  SAV 19771005  320B(63)         UPL    011011154005
XCONV4  SAV 19750319  320B(54)         UPL    UPL
XET     SAV 19640102  J                SYS    WFW
XLIB    REL 19770829                   UPL    UPL
XLIB10  REL 19800825                   UPL    SSINSTALL
XMAP    SAV 19760221  320B(56)         UPL    011011123533
XMAPE   SAV 19760307  320B(56)         UPL    011011123533
XMAS    SAV 19760123  320B(56)         UPL    UPL
XMASE   SAV 19760123  320B(56)         UPL    UPL
XPAND   SAV 19820427                   MPL    LOIS
XREF    SAV 19791216                   UPL    SOLON
XSPICE  SAV 19640101  320B(30)         UPL    OPER
XXX     SAV 19750820                   UPL    UPL
ZAP     SAV 19800130  A                MPL    TODD
ZDRILL  SHR 19640101  320B(40)         SYS    000006000236
ZEN     SHR 19830124                   MPL    CARL
ZETPOP  HGH 19800115  50A(636002)      SYS    SSINSTALL
ZLIB    REL 19760706                   UPL    UPL
ZLIB10  REL 19781114                   UPL    UPL
ZLISFO  REL 19760729                   UPL    UPL
9 ]I