Master host: 33
178 files on master system.
Slave hosts: 32
Checking host 32
(EBUS        :  32) ACCESS.MSG     2 22-Feb-88 15:57 -- bad checksum NIRGEC
                           should be 06-Oct-87 22:17 GINYIS  ALL  RD  RD
(EBUS        :  32) EBUS.CTL       2 15-Apr-88 17:31 -- bad checksum NACVOF
                           should be 18-Apr-88 16:27 LAWBUN  ALL  RD  NO
(EBUS        :  32) EBDIAG.LIS   129 22-May-87 13:48 -- bad checksum QAPVAS
                           should be 21-Aug-86 16:01 PIWWAY  ALL  RD  NO
(EBUS        :  32) EBUS1.MAP                        -- missing on slave
(EBUS        :  32) EBUS1.LNK                        -- missing on slave
(EBUS        :  32) ND2333.T01                       -- missing on slave
(EBUS        :  32) ND2333.CMD                       -- missing on slave
(EBUS        :  32) ND2333.C00                       -- missing on slave
(EBUS        :  32) ND2333.C01                       -- missing on slave
(EBUS        :  32) ND2333.NIB                       -- missing on slave
(EBUS        :  32) ND2333.N00                       -- missing on slave
(EBUS        :  32) ND2333.N01                       -- missing on slave
(EBUS        :  32) ND2333.BND                       -- missing on slave
(EBUS        :  32) ND2333.LOG                       -- missing on slave
(EBUS        :  32) ND2333.TYM                       -- missing on slave
(EBUS        :  32) EBUSER                           -- missing on slave
(EBUS        :  32) EBUSER.INT                       -- missing on slave
(EBUS        :  32) EBUSER.TTL                       -- missing on slave
(EBUS        :  32) EBUSER.CFG                       -- missing on slave
(EBUS        :  32) EBUSER.DIA                       -- missing on slave
(EBUS        :  32) EBUSER.BHM                       -- missing on slave
(EBUS        :  32) EBUSER.CRA                       -- missing on slave
(EBUS        :  32) EBUSER.PUB                       -- missing on slave
(EBUS        :  32) EBUSER.OM                        -- missing on slave
(EBUS        :  32) EBUSER.HBM                       -- missing on slave
(EBUS        :  32) EBUS24.N02                       -- missing on slave
(EBUS        :  32) EBUSER.REV                       -- missing on slave
(EBUS        :  32) EBDIAG.BND                       -- missing on slave
(EBUS        :  32) V2EBUS.DOC                       -- missing on slave
(EBUS        :  32) V2EBUS.MEM                       -- missing on slave
(EBUS        :  32) BAKCOP                           -- missing on slave
(EBUS        :  32) ND2100.TYM                       -- missing on slave
(EBUS        :  32) ND2100.C00                       -- missing on slave
(EBUS        :  32) ND2100.C01                       -- missing on slave
(EBUS        :  32) ND2100.CMD                       -- missing on slave
(EBUS        :  32) ND2100.T01                       -- missing on slave
(EBUS        :  32) ND2100.LOG                       -- missing on slave
(EBUS        :  32) ND2100.BND                       -- missing on slave
(EBUS        :  32) BN2674.TYM                       -- missing on slave
(EBUS        :  32) BN2674.C00                       -- missing on slave
(EBUS        :  32) BN2674.C01                       -- missing on slave
(EBUS        :  32) BN2674.CMD                       -- missing on slave
(EBUS        :  32) EBUSIM                           -- missing on slave
(EBUS        :  32) EBUSIM.INT                       -- missing on slave
(EBUS        :  32) EBUSIM.TTL                       -- missing on slave
(EBUS        :  32) EBUSIM.DAT                       -- missing on slave
(EBUS        :  32) EBUSIM.HPM                       -- missing on slave
(EBUS        :  32) EBUSIM.DBG                       -- missing on slave
(EBUS        :  32) EBUSIM.BHM                       -- missing on slave
(EBUS        :  32) EBUSIM.BIO                       -- missing on slave
(EBUS        :  32) EBUSIM.IIN                       -- missing on slave
(EBUS        :  32) EBUSIM.PUB                       -- missing on slave
(EBUS        :  32) EBUSIM.HO                        -- missing on slave
(EBUS        :  32) EBUSIM.HBM                       -- missing on slave
(EBUS        :  32) EBUSIM.IO                        -- missing on slave
(EBUS        :  32) EBUSIM.INI                       -- missing on slave
(EBUS        :  32) EBUS22.SCM                       -- missing on slave
(EBUS        :  32) 014TEL.OUT                       -- missing on slave
(EBUS        :  32) 014TEL.COM                       -- missing on slave
(EBUS        :  32) LEMCOM.DOC                       -- missing on slave
(EBUS        :  32) ISXRAY.GGY                       -- missing on slave
(EBUS        :  32) NW2100.BND                       -- missing on slave
(EBUS        :  32) NW2100.TYM                       -- missing on slave
(EBUS        :  32) NW2100.N01                       -- missing on slave
(EBUS        :  32) NW2100.N00                       -- missing on slave
(EBUS        :  32) NW2100.NIB                       -- missing on slave
(EBUS        :  32) NW2100.C00                       -- missing on slave
(EBUS        :  32) NW2100.CMD                       -- missing on slave
(EBUS        :  32) NW2100.C01                       -- missing on slave
(EBUS        :  32) NW2100.T01                       -- missing on slave
(EBUS        :  32) NW2100.LOG                       -- missing on slave
(EBUS        :  32) EBUSXX.SRE                       -- missing on slave
(EBUS        :  32) EBUSXX.ASM                       -- missing on slave
(EBUS        :  32) EBUS21.LOG                       -- missing on slave
(EBUS        :  32) EBUS.SCM                         -- missing on slave
(EBUS        :  32) MERCOM                           -- missing on slave
(EBUS        :  32) EBUS.DO                          -- missing on slave
(EBUS        :  32) EBUS.DOC                         -- missing on slave
(EBUS        :  32) EBUS.MER                         -- missing on slave
(EBUS        :  32) EBUS.XLD                         -- missing on slave
(EBUS        :  32) EBUS.BND                         -- missing on slave
(EBUS        :  32) EBUS.RC                          -- missing on slave
(EBUS        :  32) EBUS.RLD                         -- missing on slave
(EBUS        :  32) EBUS.XC                          -- missing on slave
(EBUS        :  32) EBUS.ERS                         -- missing on slave
(EBUS        :  32) EBUS.IMS                         -- missing on slave
(EBUS        :  32) EBUS.X                           -- missing on slave
(EBUS        :  32) EBUS.CMD                         -- missing on slave
(EBUS        :  32) EBUS.FIL                         -- missing on slave
(EBUS        :  32) EBUS21.SRE                       -- missing on slave
(EBUS        :  32) EBUS21.LIS                       -- missing on slave
(EBUS        :  32) EBUS21.NIB                       -- missing on slave
(EBUS        :  32) EBUS21.LST                       -- missing on slave
(EBUS        :  32) EBUS21.BND                       -- missing on slave
(EBUS        :  32) EBUS02.J02                       -- missing on slave
(EBUS        :  32) EBUS20.BND                       -- missing on slave
(EBUS        :  32) EBUS02.LST                       -- missing on slave
(EBUS        :  32) LOACOM.CMD                       -- missing on slave
(EBUS        :  32) GOODGY.NQA                       -- missing on slave
(EBUS        :  32) EBUS02.O01                       -- missing on slave
(EBUS        :  32) EBUS02.Y01                       -- missing on slave
(EBUS        :  32) EBUS02.X01                       -- missing on slave
(EBUS        :  32) EBUS02.I01                       -- missing on slave
(EBUS        :  32) EBUS02.002                       -- missing on slave
(EBUS        :  32) EBUS02.001                       -- missing on slave
(EBUS        :  32) EBUS02.X00                       -- missing on slave
(EBUS        :  32) EBUS02.Y00                       -- missing on slave
(EBUS        :  32) EBUS02.C00                       -- missing on slave
(EBUS        :  32) EBUS02.J00                       -- missing on slave
(EBUS        :  32) EBUS02.R00                       -- missing on slave
(EBUS        :  32) EBUS02.I00                       -- missing on slave
(EBUS        :  32) EBUS02.O00                       -- missing on slave
(EBUS        :  32) EBUS02.J01                       -- missing on slave
(EBUS        :  32) EBUS02.SRE                       -- missing on slave
(EBUS        :  32) EBUS02.LIS                       -- missing on slave
(EBUS        :  32) EBUS02.R01                       -- missing on slave
(EBUS        :  32) EBUS02.C01                       -- missing on slave
(EBUS        :  32) EBUS02.CMD                       -- missing on slave
(EBUS        :  32) EBUS02.T00                       -- missing on slave
(EBUS        :  32) EBUS02.T01                       -- missing on slave
(EBUS        :  32) EBUS20.SRE                       -- missing on slave
(EBUS        :  32) EBUS20.LIS                       -- missing on slave
(EBUS        :  32) EBUS20.NIB                       -- missing on slave
(EBUS        :  32) EBUS20.LST                       -- missing on slave
(EBUS        :  32) EBUS20.LOG                       -- missing on slave
(EBUS        :  32) BK2333.N01                       -- missing on slave
(EBUS        :  32) BK2333.NIB                       -- missing on slave
(EBUS        :  32) BK2333.N00                       -- missing on slave
(EBUS        :  32) BK2333.BND                       -- missing on slave
(EBUS        :  32) EBUS01.LOG                       -- missing on slave
(EBUS        :  32) XX2100.BND                       -- missing on slave
(EBUS        :  32) XX2100.CTL                       -- missing on slave
(EBUS        :  32) XX2100.OLD                       -- missing on slave
(EBUS        :  32) XX2100.LOG                       -- missing on slave
(EBUS        :  32) BB2674.S01                       -- missing on slave
(EBUS        :  32) BB2674.C01                       -- missing on slave
(EBUS        :  32) BB2674.CKS                       -- missing on slave
(EBUS        :  32) BB2674.T01                       -- missing on slave
(EBUS        :  32) BB2674.N01                       -- missing on slave
(EBUS        :  32) BB2674.MER                       -- missing on slave
(EBUS        :  32) BB2674.C00                       -- missing on slave
(EBUS        :  32) BB2674.CMD                       -- missing on slave
(EBUS        :  32) BB2674.LM1                       -- missing on slave
(EBUS        :  32) BB2674.LM2                       -- missing on slave
(EBUS        :  32) BB2674.COG                       -- missing on slave
(EBUS        :  32) BB2674.LOG                       -- missing on slave
(EBUS        :  32) BB2674.NIB                       -- missing on slave
(EBUS        :  32) BB2674.N00                       -- missing on slave
(EBUS        :  32) BB2674.BND                       -- missing on slave
(EBUS        :  32) BB2674.TYM                       -- missing on slave
   