!RUN (XEXEC)MINIT

!MASQUE EBUS


!DAYTIME
30-AUG-1988 10:48:35 PDT

!RDIST (EBUS)##6716.*/MASTER:33/HOST:25,54/UPDATE/VERBOSE	;D23
Master host: 33
7 files on master system.
Slave hosts: 25,54
Checking host 25
Checking host 54

End of SAIL execution
!RDIST (EBUS)##6720.*/MASTER:33/HOST:25,54/UPDATE/VERBOSE	;F58
Master host: 33
7 files on master system.
Slave hosts: 25,54
Checking host 25
Checking host 54

End of SAIL execution
!RDIST (EBUS)##6721.*/MASTER:33/HOST:25,54/UPDATE/VERBOSE	;F30
Master host: 33
7 files on master system.
Slave hosts: 25,54
Checking host 25
Checking host 54

End of SAIL execution
!RDIST (EBUS)##6722.*/MASTER:33/HOST:25,54/UPDATE/VERBOSE	;F74
Master host: 33
7 files on master system.
Slave hosts: 25,54
Checking host 25
Checking host 54

End of SAIL execution
!RDIST (EBUS)##7004.*/MASTER:33/HOST:25,54/UPDATE/VERBOSE	;D31
Master host: 33
7 files on master system.
Slave hosts: 25,54
Checking host 25
Checking host 54
(EBUS        :  54) ND7004.BND    69 24-Aug-88 17:25 -- bad checksum HAPLES
                           should be 22-Aug-88 23:25 YIBQEL  ALL  RD  NO
Starting TELECOPY

: 
: 
: 
REPLACING FILE (EBUS:54)ND7004.BND

UPDATING STARTING

(EBUS:33)ND7004.BND UPDATED TO (EBUS:54)ND7004.BND

64512 (72182) CHARS. TRANSMITTED

: 
!RDIST (EBUS)##7021.*/MASTER:33/HOST:25,54/UPDATE/VERBOSE	;F38
Master host: 33
7 files on master system.
Slave hosts: 25,54
Checking host 25
Checking host 54
(EBUS        :  54) ND7021.BND    69 20-May-88 14:29 -- bad checksum KUFREH
                           should be 22-Aug-88 23:44 RIKSUK  ALL  RD  NO
Starting TELECOPY

: 
: 
: 
REPLACING FILE (EBUS:54)ND7021.BND

UPDATING STARTING

(EBUS:33)ND7021.BND UPDATED TO (EBUS:54)ND7021.BND

122688 (136060) CHARS. TRANSMITTED

: 
!RDIST (EBUS)##7165.*/MASTER:33/HOST:25,54/UPDATE/VERBOSE	;D25
Master host: 33
8 files on master system.
Slave hosts: 25,54
Checking host 25
(EBUS        :  25) ND7165.S27     1 24-Aug-88 15:16 -- protection ALL  RD  NO
                           should be 16-Dec-85 11:02 VAVVAV  ALL  RD  RD
Checking host 54
(EBUS        :  54) ND7165.BND    69 20-May-88 14:40 -- bad checksum GIFZID
                           should be 23-Aug-88 00:00 NATGUC  ALL  RD  NO
(EBUS        :  54) ND7165.S27     1 24-Aug-88 15:23 -- protection ALL  RD  NO
                           should be 16-Dec-85 11:02 VAVVAV  ALL  RD  RD
Starting TELECOPY

: 
: 
: 
REPLACING FILE (EBUS:54)ND7165.BND

UPDATING STARTING

(EBUS:33)ND7165.BND UPDATED TO (EBUS:54)ND7165.BND

122688 (136057) CHARS. TRANSMITTED

: 
!RDIST (EBUS)##0350.*/MASTER:33/HOST:25,54/UPDATE/VERBOSE	;F26
Master host: 33
7 files on master system.
Slave hosts: 25,54
Checking host 25
(EBUS        :  25) N10350.CMD     2 26-Aug-88 21:01 -- missing on master
(EBUS        :  25) N10350.C01     2 26-Aug-88 21:01 -- missing on master
(EBUS        :  25) N10350.C00     2 26-Aug-88 21:01 -- missing on master
Checking host 54

End of SAIL execution
!RDIST (TYMNET)##2100.*/MASTER:25/HOST:33/CHECK
Master host: 25
14 files on master system.
Slave hosts: 33
Checking host 33
(TYMNET      :  33) BK2100.T01     2 15-Feb-88 14:56 -- missing on master
(TYMNET      :  33) ND2100.BND    67 24-Aug-88 15:23 -- protection ALL  RD  RD
                           should be 25-Aug-88 10:58 ZAVXUB  ALL  RD  NO
(TYMNET      :  33) NW2100.BND    67 24-Aug-88 15:32 -- protection ALL  RD  RD
                           should be 25-Aug-88 10:56 ZAVXUB  ALL  RD  NO
(TYMNET      :  33) BK2100.CMD     2 03-Feb-88 13:42 -- missing on master
(TYMNET      :  33) BK2100.C01     2 03-Feb-88 13:42 -- missing on master
(TYMNET      :  33) BK2100.C00     2 03-Feb-88 13:41 -- missing on master
(TYMNET      :  33) NW2100.CMD     2 24-Aug-88 17:02 -- bad checksum KIVGOF
                           should be 20-May-88 15:31 ZAWQEP  ALL  RD  NO
(TYMNET      :  33) NW2100.C00     2 24-Aug-88 17:10 -- bad checksum LASJEZ
                           should be 20-May-88 15:31 ROLPUZ  ALL  RD  NO
(TYMNET      :  33) NW2100.C01     2 24-Aug-88 17:19 -- bad checksum TAJKAG
                           should be 20-May-88 15:31 GIKPIN  ALL  RD  NO
(TYMNET      :  33) NW2100.TYM                       -- missing on slave
(TYMNET      :  33) NW2100.T01                       -- missing on slave

End of SAIL execution
!RDIST (TYMNET)##2107.*/MASTER:25/HOST:33/CHECK
Master host: 25
9 files on master system.
Slave hosts: 33
Checking host 33
(TYMNET      :  33) ND2107.BND    69 24-Aug-88 15:23 -- protection ALL  RD  RD
                           should be 26-Aug-88 18:06 FEYPOX  ALL  RD  NO
(TYMNET      :  33) NW2107.BND    69 24-Aug-88 15:32 -- bad checksum FEYPOX
                           should be 25-Aug-88 10:56 VETYAD  ALL  RD  NO
(TYMNET      :  33) BK2107.C01     2 16-Mar-88 16:32 -- missing on master
(TYMNET      :  33) BK2107.T01     2 16-Mar-88 16:31 -- missing on master
(TYMNET      :  33) BK2107.CMD     2 16-Mar-88 16:26 -- missing on master
(TYMNET      :  33) BK2107.C00     2 16-Mar-88 16:26 -- missing on master

End of SAIL execution
!RDIST (TYMNET)##2332.*/MASTER:25/HOST:33/CHECK
Master host: 25
9 files on master system.
Slave hosts: 33
Checking host 33
(TYMNET      :  33) ND2332.BND    69 24-Aug-88 15:23 -- bad checksum YEBZIZ
                           should be 25-Aug-88 10:58 KOHMOD  ALL  RD  NO
(TYMNET      :  33) ND2332.LOG     6 17-Aug-88 19:04 -- missing on master
(TYMNET      :  33) NW2332.BND    69 24-Aug-88 15:32 -- bad checksum YEBZIZ
                           should be 25-Aug-88 10:57 KOHMOD  ALL  RD  NO
(TYMNET      :  33) BK2332.T01     2 15-Feb-88 15:02 -- missing on master
(TYMNET      :  33) BK2332.C00     2 03-Jul-86 08:42 -- missing on master
(TYMNET      :  33) BK2332.CMD     2 03-Jul-86 08:42 -- missing on master
(TYMNET      :  33) BK2332.C01     2 21-May-86 12:53 -- missing on master
(TYMNET      :  33) NW2332.CMD     2 24-Aug-88 17:02 -- missing on master
(TYMNET      :  33) NW2332.C00     2 24-Aug-88 17:10 -- missing on master
(TYMNET      :  33) NW2332.C01     2 24-Aug-88 17:19 -- missing on master

End of SAIL execution
!RDIST (TYMNET)##2333.*/MASTER:25/HOST:33/CHECK
Master host: 25
9 files on master system.
Slave hosts: 33
Checking host 33
(TYMNET      :  33) ND2333.BND    67 24-Aug-88 15:23 -- protection ALL  RD  RD
                           should be 26-Aug-88 18:23 XARBOW  ALL  RD  NO
(TYMNET      :  33) ND2333.LOG     6 17-Aug-88 19:10 -- missing on master
(TYMNET      :  33) BK2333.T01     2 15-Feb-88 15:03 -- missing on master
(TYMNET      :  33) BK2333.C00     2 04-Nov-87 09:59 -- missing on master
(TYMNET      :  33) NW2333.BND    67 24-Aug-88 15:33 -- protection ALL  RD  RD
                           should be 26-Aug-88 18:33 XARBOW  ALL  RD  NO
(TYMNET      :  33) BK2333.CMD     2 04-Nov-87 09:59 -- missing on master
(TYMNET      :  33) BK2333.C01     2 03-Mar-87 09:14 -- missing on master

End of SAIL execution
!RDIST (TYMNET)##3115.*/MASTER:25/HOST:33/CHECK
Master host: 25
9 files on master system.
Slave hosts: 33
Checking host 33
(TYMNET      :  33) ND3115.BND    69 24-Aug-88 15:24 -- bad checksum RONYAF
                           should be 25-Aug-88 10:58 SUNMAW  ALL  RD  NO
(TYMNET      :  33) NW3115.BND    69 24-Aug-88 15:33 -- bad checksum RONYAF
                           should be 25-Aug-88 10:57 SUNMAW  ALL  RD  NO

End of SAIL execution
!RDIST (TYMNET)##3374.*/MASTER:25/HOST:33/CHECK
Master host: 25
9 files on master system.
Slave hosts: 33
Checking host 33
(TYMNET      :  33) ND3374.BND    69 24-Aug-88 15:24 -- protection ALL  RD  RD
                           should be 26-Aug-88 19:38 YIZPUV  ALL  RD  NO
(TYMNET      :  33) NW3374.BND    69 24-Aug-88 15:33 -- protection ALL  RD  RD
                           should be 26-Aug-88 20:13 YIZPUV  ALL  RD  NO

End of SAIL execution
!RDIST (TYMNET)##4200.*/MASTER:25/HOST:33/CHECK
Master host: 25
11 files on master system.
Slave hosts: 33
Checking host 33
(TYMNET      :  33) ND4200.BND    70 24-Aug-88 15:24 -- bad checksum JAJVIT
                           should be 25-Aug-88 10:59 WALFAX  ALL  RD  NO
(TYMNET      :  33) NW4200.BND    70 24-Aug-88 15:33 -- bad checksum JAJVIT
                           should be 25-Aug-88 10:57 WALFAX  ALL  RD  NO
(TYMNET      :  33) BK4200.TYM     3 09-Mar-87 13:19 -- bad checksum JIXBEY
                           should be 27-Jul-88 09:55 HOXGAP  ALL  RD  RD
(TYMNET      :  33) BK4200.BND                       -- missing on slave
(TYMNET      :  33) ND4200.TIM                       -- missing on slave
(TYMNET      :  33) ND4200.LOG                       -- missing on slave

End of SAIL execution
!RDIST (TYMNET)##4274.*/MASTER:25/HOST:33/CHECK
Master host: 25
9 files on master system.
Slave hosts: 33
Checking host 33
(TYMNET      :  33) ND4274.BND    69 24-Aug-88 15:24 -- protection ALL  RD  RD
                           should be 26-Aug-88 19:44 SAZKAH  ALL  RD  NO
(TYMNET      :  33) NW4274.BND    69 24-Aug-88 15:34 -- protection ALL  RD  RD
                           should be 26-Aug-88 20:38 SAZKAH  ALL  RD  NO
(TYMNET      :  33) BK4274.TYM     3 02-Aug-88 16:51 -- protection ALL  RD  RD
                           should be 02-Aug-88 16:51 TOWLAK  ALL  RD  NO

End of SAIL execution
!RDIST (TYMNET)##4613.*/MASTER:25/HOST:33/CHECK
Master host: 25
9 files on master system.
Slave hosts: 33
Checking host 33
(TYMNET      :  33) ND4613.BND    67 24-Aug-88 15:24 -- protection ALL  RD  RD
                           should be 26-Aug-88 13:26 ROFSER  ALL  RD  NO
(TYMNET      :  33) NW4613.BND    67 24-Aug-88 15:34 -- protection ALL  RD  RD
                           should be 26-Aug-88 20:47 ROFSER  ALL  RD  NO

End of SAIL execution
!RDIST (TYMNET)##4725.*/MASTER:25/HOST:33/CHECK
Master host: 25
9 files on master system.
Slave hosts: 33
Checking host 33
(TYMNET      :  33) ND4725.BND    69 24-Aug-88 15:25 -- protection ALL  RD  RD
                           should be 26-Aug-88 19:51 ZOMQUP  ALL  RD  NO
(TYMNET      :  33) NW4725.BND    69 24-Aug-88 15:34 -- protection ALL  RD  RD
                           should be 26-Aug-88 20:49 ZOMQUP  ALL  RD  NO
(TYMNET      :  33) BK4725.TYM     3 05-Aug-88 10:00 -- protection ALL  RD  RD
                           should be 05-Aug-88 09:44 TIPVIL  ALL  RD  NO

End of SAIL execution
!RDIST (TYM5)##5577.*/MASTER:54/HOST:33/CHECK
Master host: 54
10 files on master system.
Slave hosts: 33
Checking host 33
(TYM5        :  33) ND5577.C00     2 26-Aug-88 18:59 -- bad checksum CAVBIH
                           should be 20-May-88 13:20 TORTOT  ALL  RD  NO
(TYM5        :  33) ND5577.CMD     2 26-Aug-88 18:56 -- bad checksum DETLAZ
                           should be 20-May-88 13:20 TIZXIQ  ALL  RD  NO
(TYM5        :  33) ND5577.C01     2 24-Aug-88 17:19 -- bad checksum MELFOM
                           should be 20-May-88 13:20 YEHWUC  ALL  RD  NO
(TYM5        :  33) ND5577.BND    69 24-Aug-88 15:25 -- protection ALL  RD  RD
                           should be 25-Aug-88 11:01 XEDWEV  ALL  RD  NO
(TYM5        :  33) NW5577.BND    69 24-Aug-88 15:34 -- protection ALL  RD  RD
                           should be 25-Aug-88 10:57 XEDWEV  ALL  RD  NO
(TYM5        :  33) ND5577.LOG                       -- missing on slave

End of SAIL execution
!RDIST (TYM5)##6415.*/MASTER:54/HOST:33/CHECK
Master host: 54
9 files on master system.
Slave hosts: 33
Checking host 33
(TYM5        :  33) ND6415.BND    69 24-Aug-88 15:25 -- protection ALL  RD  RD
                           should be 25-Aug-88 11:01 QUNMED  ALL  RD  NO
(TYM5        :  33) ND6415.C00     2 26-Aug-88 18:59 -- bad checksum SISVIC
                           should be 20-May-88 13:28 POZKOP  ALL  RD  NO
(TYM5        :  33) ND6415.CMD     2 26-Aug-88 18:56 -- bad checksum DESQEQ
                           should be 20-May-88 13:29 TIJJAS  ALL  RD  NO
(TYM5        :  33) NW6415.BND    69 24-Aug-88 15:35 -- protection ALL  RD  RD
                           should be 25-Aug-88 10:58 QUNMED  ALL  RD  NO
(TYM5        :  33) ND6415.C01     2 24-Aug-88 17:19 -- bad checksum ROGWOJ
                           should be 20-May-88 13:29 RINWIG  ALL  RD  NO

End of SAIL execution
!RDIST (TYM5)##6714.*/MASTER:54/HOST:33/CHECK
Master host: 54
9 files on master system.
Slave hosts: 33
Checking host 33
