!; Step 1: Compare (EBUS:33) with :25 and :54.  Update if needed.
!; Step 2: Compare (TYMNET:25) with (TYMNET:33) and compare
!;         (TYM5:54) with (TYM5:33).  Any differences will have
!;         to be resolved manually.      /Joe Smith
!RUN (XEXEC)MINIT

!MASQUE EBUS


!; Step 1: Compare (EBUS:33) with :25 and :54.  Update if needed.
!DAYTIME
30-AUG-1988 20:21:05 PDT

!	;X32-
!RDIST (EBUS)##2100.*/MASTER:33/HOST:25,54/UPDATE/VERBOSE
Master host: 33
(EBUS        :  33) ND2100.TYM     3 22-Aug-88 17:32 RATPAC  ALL  RD  NO
(EBUS        :  33) ND2100.BND    67 22-Aug-88 18:10 ZAVXUB  ALL  RD  NO
(EBUS        :  33) ND2100.LOG     6 22-Aug-88 17:54 VELJAR  ALL  RD  NO
(EBUS        :  33) ND2100.T01     2 03-Mar-88 16:35 QERHAV  ALL  RD  NO
(EBUS        :  33) ND2100.C01     2 24-Aug-88 17:19 TAJKAG  ALL  RD  NO
(EBUS        :  33) ND2100.CMD     2 26-Aug-88 18:56 METFAV  ALL  RD  NO
(EBUS        :  33) ND2100.C00     2 26-Aug-88 18:59 FIPVOT  ALL  RD  NO
7 files on master system.
Slave hosts: 25,54
Checking host 25
(EBUS        :  25) ND2100.TYM     3 24-Aug-88 15:10 -- current
(EBUS        :  25) ND2100.BND    67 24-Aug-88 14:58 -- current
(EBUS        :  25) ND2100.LOG     6 24-Aug-88 15:10 -- current
(EBUS        :  25) ND2100.T01     2 24-Aug-88 15:06 -- current
(EBUS        :  25) ND2100.CMD     2 26-Aug-88 18:58 -- current
(EBUS        :  25) ND2100.C01     2 24-Aug-88 17:39 -- current
(EBUS        :  25) ND2100.C00     2 26-Aug-88 19:00 -- current
Checking host 54
(EBUS        :  54) ND2100.TYM     3 24-Aug-88 15:25 -- current
(EBUS        :  54) ND2100.BND    67 24-Aug-88 15:16 -- current
(EBUS        :  54) ND2100.LOG     6 24-Aug-88 15:24 -- current
(EBUS        :  54) ND2100.T01     2 24-Aug-88 15:17 -- current
(EBUS        :  54) ND2100.CMD     2 26-Aug-88 18:57 -- current
(EBUS        :  54) ND2100.C01     2 24-Aug-88 17:45 -- current
(EBUS        :  54) ND2100.C00     2 26-Aug-88 19:01 -- current

End of SAIL execution
!	;D35
!RDIST (EBUS)##2107.*/MASTER:33/HOST:25,54/UPDATE/VERBOSE
Master host: 33
(EBUS        :  33) ND2107.TYM     3 22-Aug-88 17:32 KASMEF  ALL  RD  NO
(EBUS        :  33) ND2107.BND    69 22-Aug-88 18:28 FEYPOX  ALL  RD  NO
(EBUS        :  33) ND2107.LOG     6 22-Aug-88 18:11 WEZFIH  ALL  RD  NO
(EBUS        :  33) ND2107.T01     2 16-Mar-88 16:31 RACPEP  ALL  RD  NO
(EBUS        :  33) ND2107.C01     2 24-Aug-88 17:19 VESBUV  ALL  RD  NO
(EBUS        :  33) ND2107.CMD     2 26-Aug-88 18:56 LEBKUG  ALL  RD  NO
(EBUS        :  33) ND2107.C00     2 26-Aug-88 18:59 DELJOG  ALL  RD  NO
7 files on master system.
Slave hosts: 25,54
Checking host 25
(EBUS        :  25) ND2107.TYM     3 24-Aug-88 15:11 -- current
(EBUS        :  25) ND2107.BND    69 26-Aug-88 18:06 -- current
(EBUS        :  25) ND2107.LOG     6 24-Aug-88 15:10 -- current
(EBUS        :  25) ND2107.T01     2 24-Aug-88 15:07 -- current
(EBUS        :  25) ND2107.CMD     2 26-Aug-88 18:58 -- current
(EBUS        :  25) ND2107.C01     2 24-Aug-88 17:39 -- current
(EBUS        :  25) ND2107.C00     2 26-Aug-88 19:00 -- current
Checking host 54
(EBUS        :  54) ND2107.TYM     3 24-Aug-88 15:26 -- current
(EBUS        :  54) ND2107.BND    69 24-Aug-88 15:23 -- current
(EBUS        :  54) ND2107.LOG     6 24-Aug-88 15:25 -- current
(EBUS        :  54) ND2107.T01     2 24-Aug-88 15:17 -- current
(EBUS        :  54) ND2107.CMD     2 26-Aug-88 18:57 -- current
(EBUS        :  54) ND2107.C01     2 24-Aug-88 17:44 -- current
(EBUS        :  54) ND2107.C00     2 26-Aug-88 19:01 -- current

End of SAIL execution
!	;D65-
!RDIST (EBUS)##2332.*/MASTER:33/HOST:25,54/UPDATE/VERBOSE
Master host: 33
(EBUS        :  33) ND2332.TYM     3 22-Aug-88 17:32 KOSXUW  ALL  RD  NO
(EBUS        :  33) ND2332.BND    69 22-Aug-88 18:48 YEBZIZ  ALL  RD  NO
(EBUS        :  33) ND2332.LOG     6 22-Aug-88 18:29 BARXID  ALL  RD  NO
(EBUS        :  33) ND2332.T01     2 15-Feb-88 15:02 RIBZUW  ALL  RD  NO
(EBUS        :  33) ND2332.C01     2 24-Aug-88 17:19 RIKTAB  ALL  RD  NO
(EBUS        :  33) ND2332.CMD     2 26-Aug-88 18:56 BAXJEF  ALL  RD  NO
(EBUS        :  33) ND2332.C00     2 26-Aug-88 18:59 DURFEN  ALL  RD  NO
7 files on master system.
Slave hosts: 25,54
Checking host 25
(EBUS        :  25) ND2332.TYM     3 24-Aug-88 15:11 -- current
(EBUS        :  25) ND2332.BND    69 26-Aug-88 18:46 -- current
(EBUS        :  25) ND2332.LOG     6 24-Aug-88 15:11 -- current
(EBUS        :  25) ND2332.T01     2 24-Aug-88 15:08 -- current
(EBUS        :  25) ND2332.CMD     2 26-Aug-88 18:58 -- current
(EBUS        :  25) ND2332.C01     2 24-Aug-88 17:39 -- current
(EBUS        :  25) ND2332.C00     2 26-Aug-88 19:00 -- current
Checking host 54
(EBUS        :  54) ND2332.TYM     3 24-Aug-88 15:26 -- current
(EBUS        :  54) ND2332.BND    69 24-Aug-88 15:30 -- current
(EBUS        :  54) ND2332.LOG     6 24-Aug-88 15:26 -- current
(EBUS        :  54) ND2332.T01     2 24-Aug-88 15:17 -- current
(EBUS        :  54) ND2332.CMD     2 26-Aug-88 18:57 -- current
(EBUS        :  54) ND2332.C01     2 24-Aug-88 17:44 -- current
(EBUS        :  54) ND2332.C00     2 26-Aug-88 19:01 -- current

End of SAIL execution
!	;F33
!RDIST (EBUS)##2333.*/MASTER:33/HOST:25,54/UPDATE/VERBOSE
Master host: 33
(EBUS        :  33) ND2333.TYM     3 22-Aug-88 17:32 TOFGIT  ALL  RD  NO
(EBUS        :  33) ND2333.BND    67 22-Aug-88 19:06 XARBOW  ALL  RD  NO
(EBUS        :  33) ND2333.LOG     6 22-Aug-88 18:49 FUTZUP  ALL  RD  NO
(EBUS        :  33) ND2333.T01     2 15-Feb-88 15:03 SEFKUC  ALL  RD  NO
(EBUS        :  33) ND2333.C01     2 24-Aug-88 17:19 GIXJUS  ALL  RD  NO
(EBUS        :  33) ND2333.CMD     2 26-Aug-88 18:56 HACTUZ  ALL  RD  NO
(EBUS        :  33) ND2333.C00     2 26-Aug-88 18:59 VOTBAM  ALL  RD  NO
7 files on master system.
Slave hosts: 25,54
Checking host 25
(EBUS        :  25) ND2333.TYM     3 24-Aug-88 15:12 -- current
(EBUS        :  25) ND2333.BND    67 26-Aug-88 18:23 -- current
(EBUS        :  25) ND2333.LOG     6 24-Aug-88 15:12 -- current
(EBUS        :  25) ND2333.T01     2 24-Aug-88 15:08 -- current
(EBUS        :  25) ND2333.CMD     2 26-Aug-88 18:58 -- current
(EBUS        :  25) ND2333.C01     2 24-Aug-88 17:40 -- current
(EBUS        :  25) ND2333.C00     2 26-Aug-88 19:00 -- current
Checking host 54
(EBUS        :  54) ND2333.TYM     3 24-Aug-88 15:27 -- current
(EBUS        :  54) ND2333.BND    67 24-Aug-88 15:37 -- current
(EBUS        :  54) ND2333.LOG     6 24-Aug-88 15:27 -- current
(EBUS        :  54) ND2333.T01     2 24-Aug-88 15:17 -- current
(EBUS        :  54) ND2333.CMD     2 26-Aug-88 18:57 -- current
(EBUS        :  54) ND2333.C01     2 24-Aug-88 17:45 -- current
(EBUS        :  54) ND2333.C00     2 26-Aug-88 19:01 -- current

End of SAIL execution
!	;D37
!RDIST (EBUS)##3115.*/MASTER:33/HOST:25,54/UPDATE/VERBOSE
Master host: 33
(EBUS        :  33) ND3115.TYM     3 22-Aug-88 17:32 DENMIC  ALL  RD  NO
(EBUS        :  33) ND3115.BND    69 22-Aug-88 19:22 RONYAF  ALL  RD  NO
(EBUS        :  33) ND3115.LOG     6 22-Aug-88 19:06 KAMGUQ  ALL  RD  NO
(EBUS        :  33) ND3115.T01     2 15-Feb-88 15:09 CEZSIR  ALL  RD  NO
(EBUS        :  33) ND3115.C01     2 24-Aug-88 17:19 PAWNEM  ALL  RD  NO
(EBUS        :  33) ND3115.CMD     2 26-Aug-88 18:56 VOJLAT  ALL  RD  NO
(EBUS        :  33) ND3115.C00     2 26-Aug-88 18:59 NAMTIV  ALL  RD  NO
7 files on master system.
Slave hosts: 25,54
Checking host 25
(EBUS        :  25) ND3115.TYM     3 24-Aug-88 15:13 -- current
(EBUS        :  25) ND3115.BND    69 26-Aug-88 18:54 -- current
(EBUS        :  25) ND3115.LOG     6 24-Aug-88 15:13 -- current
(EBUS        :  25) ND3115.T01     2 24-Aug-88 15:10 -- current
(EBUS        :  25) ND3115.CMD     2 26-Aug-88 18:58 -- current
(EBUS        :  25) ND3115.C01     2 24-Aug-88 17:39 -- current
(EBUS        :  25) ND3115.C00     2 26-Aug-88 19:00 -- current
Checking host 54
(EBUS        :  54) ND3115.TYM     3 24-Aug-88 15:28 -- current
(EBUS        :  54) ND3115.BND    69 24-Aug-88 15:45 -- current
(EBUS        :  54) ND3115.LOG     6 24-Aug-88 15:27 -- current
(EBUS        :  54) ND3115.T01     2 24-Aug-88 15:18 -- current
(EBUS        :  54) ND3115.CMD     2 26-Aug-88 18:57 -- current
(EBUS        :  54) ND3115.C01     2 24-Aug-88 17:44 -- current
(EBUS        :  54) ND3115.C00     2 26-Aug-88 19:01 -- current

End of SAIL execution
!	;F22
!RDIST (EBUS)##3374.*/MASTER:33/HOST:25,54/UPDATE/VERBOSE
Master host: 33
(EBUS        :  33) ND3374.TYM     3 22-Aug-88 17:32 LELCEX  ALL  RD  NO
(EBUS        :  33) ND3374.BND    69 22-Aug-88 19:39 YIZPUV  ALL  RD  NO
(EBUS        :  33) ND3374.LOG     6 22-Aug-88 19:23 FEKFOK  ALL  RD  NO
(EBUS        :  33) ND3374.T01     2 15-Feb-88 15:09 MUBZIM  ALL  RD  NO
(EBUS        :  33) ND3374.C01     2 24-Aug-88 17:19 QESRUD  ALL  RD  NO
(EBUS        :  33) ND3374.CMD     2 26-Aug-88 18:56 FEWPAR  ALL  RD  NO
(EBUS        :  33) ND3374.C00     2 26-Aug-88 18:59 YEKWOH  ALL  RD  NO
7 files on master system.
Slave hosts: 25,54
Checking host 25
(EBUS        :  25) ND3374.TYM     3 24-Aug-88 15:14 -- current
(EBUS        :  25) ND3374.BND    69 26-Aug-88 19:38 -- current
(EBUS        :  25) ND3374.LOG     6 24-Aug-88 15:13 -- current
(EBUS        :  25) ND3374.T01     2 24-Aug-88 15:11 -- current
(EBUS        :  25) ND3374.CMD     2 26-Aug-88 18:58 -- current
(EBUS        :  25) ND3374.C01     2 24-Aug-88 17:39 -- current
(EBUS        :  25) ND3374.C00     2 26-Aug-88 19:00 -- current
Checking host 54
(EBUS        :  54) ND3374.TYM     3 24-Aug-88 15:29 -- current
(EBUS        :  54) ND3374.BND    69 24-Aug-88 15:53 -- current
(EBUS        :  54) ND3374.LOG     6 24-Aug-88 15:28 -- current
(EBUS        :  54) ND3374.T01     2 24-Aug-88 15:18 -- current
(EBUS        :  54) ND3374.CMD     2 26-Aug-88 18:57 -- current
(EBUS        :  54) ND3374.C01     2 24-Aug-88 17:44 -- current
(EBUS        :  54) ND3374.C00     2 26-Aug-88 19:01 -- current

End of SAIL execution
!	;D34
!RDIST (EBUS)##4200.*/MASTER:33/HOST:25,54/UPDATE/VERBOSE
Master host: 33
(EBUS        :  33) ND4200.TYM     3 22-Aug-88 17:32 FIPJEC  ALL  RD  NO
(EBUS        :  33) ND4200.BND    70 22-Aug-88 19:54 JAJVIT  ALL  RD  NO
(EBUS        :  33) ND4200.LOG     6 22-Aug-88 19:39 HIBZED  ALL  RD  NO
(EBUS        :  33) ND4200.T01     2 15-Feb-88 15:10 RUDXAQ  ALL  RD  NO
(EBUS        :  33) ND4200.C01     2 24-Aug-88 17:19 TUPKOD  ALL  RD  NO
(EBUS        :  33) ND4200.CMD     2 26-Aug-88 18:56 YEWROL  ALL  RD  NO
(EBUS        :  33) ND4200.C00     2 26-Aug-88 18:59 NOQFOG  ALL  RD  NO
7 files on master system.
Slave hosts: 25,54
Checking host 25
(EBUS        :  25) ND4200.TYM     3 24-Aug-88 15:14 -- current
(EBUS        :  25) ND4200.BND    70 26-Aug-88 13:09 -- current
(EBUS        :  25) ND4200.LOG     6 24-Aug-88 15:14 -- current
(EBUS        :  25) ND4200.T01     2 24-Aug-88 15:11 -- current
(EBUS        :  25) ND4200.CMD     2 26-Aug-88 18:58 -- current
(EBUS        :  25) ND4200.C01     2 24-Aug-88 17:36 -- current
(EBUS        :  25) ND4200.C00     2 26-Aug-88 19:00 -- current
Checking host 54
(EBUS        :  54) ND4200.TYM     3 24-Aug-88 15:29 -- current
(EBUS        :  54) ND4200.BND    70 24-Aug-88 16:00 -- current
(EBUS        :  54) ND4200.LOG     6 24-Aug-88 15:29 -- current
(EBUS        :  54) ND4200.T01     2 24-Aug-88 15:18 -- current
(EBUS        :  54) ND4200.CMD     2 26-Aug-88 18:57 -- current
(EBUS        :  54) ND4200.C01     2 24-Aug-88 17:42 -- current
(EBUS        :  54) ND4200.C00     2 26-Aug-88 19:01 -- current

End of SAIL execution
!	;D54
!RDIST (EBUS)##4274.*/MASTER:33/HOST:25,54/UPDATE/VERBOSE
Master host: 33
(EBUS        :  33) ND4274.TYM     3 22-Aug-88 17:32 WIDKAL  ALL  RD  NO
(EBUS        :  33) ND4274.BND    69 22-Aug-88 20:12 SAZKAH  ALL  RD  NO
(EBUS        :  33) ND4274.LOG     6 22-Aug-88 19:55 FOSHUW  ALL  RD  NO
(EBUS        :  33) ND4274.T01     2 15-Feb-88 15:11 RAHKOR  ALL  RD  NO
(EBUS        :  33) ND4274.C01     2 24-Aug-88 17:19 GIBJAK  ALL  RD  NO
(EBUS        :  33) ND4274.CMD     2 26-Aug-88 18:56 ZUQLAH  ALL  RD  NO
(EBUS        :  33) ND4274.C00     2 26-Aug-88 18:59 MONTAP  ALL  RD  NO
7 files on master system.
Slave hosts: 25,54
Checking host 25
(EBUS        :  25) ND4274.TYM     3 24-Aug-88 15:15 -- current
(EBUS        :  25) ND4274.BND    69 26-Aug-88 19:44 -- current
(EBUS        :  25) ND4274.LOG     6 24-Aug-88 15:14 -- current
(EBUS        :  25) ND4274.T01     2 24-Aug-88 15:12 -- current
(EBUS        :  25) ND4274.CMD     2 26-Aug-88 18:58 -- current
(EBUS        :  25) ND4274.C01     2 24-Aug-88 17:38 -- current
(EBUS        :  25) ND4274.C00     2 26-Aug-88 19:00 -- current
Checking host 54
(EBUS        :  54) ND4274.TYM     3 24-Aug-88 15:30 -- current
(EBUS        :  54) ND4274.BND    69 24-Aug-88 16:08 -- current
(EBUS        :  54) ND4274.LOG     6 24-Aug-88 15:29 -- current
(EBUS        :  54) ND4274.T01     2 24-Aug-88 15:19 -- current
(EBUS        :  54) ND4274.CMD     2 26-Aug-88 18:57 -- current
(EBUS        :  54) ND4274.C01     2 24-Aug-88 17:44 -- current
(EBUS        :  54) ND4274.C00     2 26-Aug-88 19:01 -- current

End of SAIL execution
!	;X63-
!RDIST (EBUS)##4613.*/MASTER:33/HOST:25,54/UPDATE/VERBOSE
Master host: 33
(EBUS        :  33) ND4613.TYM     3 22-Aug-88 17:32 WATXAP  ALL  RD  NO
(EBUS        :  33) ND4613.BND    67 22-Aug-88 20:27 ROFSER  ALL  RD  NO
(EBUS        :  33) ND4613.LOG     6 22-Aug-88 20:13 HAQXAR  ALL  RD  NO
(EBUS        :  33) ND4613.T01     2 15-Feb-88 15:18 GILBIB  ALL  RD  NO
(EBUS        :  33) ND4613.C01     2 24-Aug-88 17:19 DIXXAN  ALL  RD  NO
(EBUS        :  33) ND4613.CMD     2 26-Aug-88 18:56 LANJUJ  ALL  RD  NO
(EBUS        :  33) ND4613.C00     2 26-Aug-88 18:59 JATLAT  ALL  RD  NO
7 files on master system.
Slave hosts: 25,54
Checking host 25
(EBUS        :  25) ND4613.TYM     3 24-Aug-88 15:16 -- current
(EBUS        :  25) ND4613.BND    67 26-Aug-88 13:26 -- current
(EBUS        :  25) ND4613.LOG     6 24-Aug-88 15:15 -- current
(EBUS        :  25) ND4613.T01     2 24-Aug-88 15:12 -- current
(EBUS        :  25) ND4613.CMD     2 26-Aug-88 18:58 -- current
(EBUS        :  25) ND4613.C01     2 24-Aug-88 17:36 -- current
(EBUS        :  25) ND4613.C00     2 26-Aug-88 19:00 -- current
Checking host 54
(EBUS        :  54) ND4613.TYM     3 24-Aug-88 15:31 -- current
(EBUS        :  54) ND4613.BND    67 24-Aug-88 16:16 -- current
(EBUS        :  54) ND4613.LOG     6 24-Aug-88 15:30 -- current
(EBUS        :  54) ND4613.T01     2 24-Aug-88 15:19 -- current
(EBUS        :  54) ND4613.CMD     2 26-Aug-88 18:57 -- current
(EBUS        :  54) ND4613.C01     2 24-Aug-88 17:42 -- current
(EBUS        :  54) ND4613.C00     2 26-Aug-88 19:01 -- current

End of SAIL execution
!	;D56
!RDIST (EBUS)##4725.*/MASTER:33/HOST:25,54/UPDATE/VERBOSE
Master host: 33
(EBUS        :  33) ND4725.TYM     3 22-Aug-88 17:32 ROWSID  ALL  RD  NO
(EBUS        :  33) ND4725.BND    69 22-Aug-88 20:43 ZOMQUP  ALL  RD  NO
(EBUS        :  33) ND4725.LOG     6 22-Aug-88 20:27 YUPJIZ  ALL  RD  NO
(EBUS        :  33) ND4725.T01     2 15-Feb-88 15:19 DUKLEH  ALL  RD  NO
(EBUS        :  33) ND4725.C01     2 24-Aug-88 17:19 JUJNEV  ALL  RD  NO
(EBUS        :  33) ND4725.CMD     2 26-Aug-88 18:56 GEJBUH  ALL  RD  NO
(EBUS        :  33) ND4725.C00     2 26-Aug-88 18:59 QITRAR  ALL  RD  NO
7 files on master system.
Slave hosts: 25,54
Checking host 25
(EBUS        :  25) ND4725.TYM     3 24-Aug-88 15:16 -- current
(EBUS        :  25) ND4725.BND    69 26-Aug-88 19:51 -- current
(EBUS        :  25) ND4725.LOG     6 24-Aug-88 15:16 -- current
(EBUS        :  25) ND4725.T01     2 24-Aug-88 15:13 -- current
(EBUS        :  25) ND4725.CMD     2 26-Aug-88 18:58 -- current
(EBUS        :  25) ND4725.C01     2 24-Aug-88 17:40 -- current
(EBUS        :  25) ND4725.C00     2 26-Aug-88 19:00 -- current
Checking host 54
(EBUS        :  54) ND4725.TYM     3 24-Aug-88 15:32 -- current
(EBUS        :  54) ND4725.BND    69 24-Aug-88 16:24 -- current
(EBUS        :  54) ND4725.LOG     6 24-Aug-88 15:31 -- current
(EBUS        :  54) ND4725.T01     2 24-Aug-88 15:20 -- current
(EBUS        :  54) ND4725.CMD     2 26-Aug-88 18:57 -- current
(EBUS        :  54) ND4725.C01     2 24-Aug-88 17:45 -- current
(EBUS        :  54) ND4725.C00     2 26-Aug-88 19:01 -- current

End of SAIL execution
!	;D55
!RDIST (EBUS)##5577.*/MASTER:33/HOST:25,54/UPDATE/VERBOSE
Master host: 33
(EBUS        :  33) ND5577.TYM     3 22-Aug-88 17:32 QUTTIC  ALL  RD  NO
(EBUS        :  33) ND5577.BND    69 22-Aug-88 20:57 XEDWEV  ALL  RD  NO
(EBUS        :  33) ND5577.LOG     6 22-Aug-88 20:43 ZOJSEP  ALL  RD  NO
(EBUS        :  33) ND5577.T01     2 15-Feb-88 15:31 XEWGAP  ALL  RD  NO
(EBUS        :  33) ND5577.C01     2 24-Aug-88 17:19 MELFOM  ALL  RD  NO
(EBUS        :  33) ND5577.CMD     2 26-Aug-88 18:56 DETLAZ  ALL  RD  NO
(EBUS        :  33) ND5577.C00     2 26-Aug-88 18:59 CAVBIH  ALL  RD  NO
7 files on master system.
Slave hosts: 25,54
Checking host 25
(EBUS        :  25) ND5577.TYM     3 24-Aug-88 15:17 -- current
(EBUS        :  25) ND5577.BND    69 26-Aug-88 18:41 -- current
(EBUS        :  25) ND5577.LOG     6 24-Aug-88 15:17 -- current
(EBUS        :  25) ND5577.T01     2 24-Aug-88 15:13 -- current
(EBUS        :  25) ND5577.CMD     2 26-Aug-88 18:58 -- current
(EBUS        :  25) ND5577.C01     2 24-Aug-88 17:38 -- current
(EBUS        :  25) ND5577.C00     2 26-Aug-88 19:00 -- current
Checking host 54
(EBUS        :  54) ND5577.TYM     3 24-Aug-88 15:33 -- current
(EBUS        :  54) ND5577.BND    69 24-Aug-88 16:32 -- current
(EBUS        :  54) ND5577.LOG     6 24-Aug-88 15:32 -- current
(EBUS        :  54) ND5577.T01     2 24-Aug-88 15:20 -- current
(EBUS        :  54) ND5577.CMD     2 26-Aug-88 18:57 -- current
(EBUS        :  54) ND5577.C01     2 24-Aug-88 17:43 -- current
(EBUS        :  54) ND5577.C00     2 26-Aug-88 19:01 -- current

End of SAIL execution
!	;F29
!RDIST (EBUS)##6415.*/MASTER:33/HOST:25,54/UPDATE/VERBOSE
Master host: 33
(EBUS        :  33) ND6415.TYM     3 22-Aug-88 17:32 QUVVOG  ALL  RD  NOS        :  33) ND6415.BND    69 22-Aug-88 21:16 QUNMED  ALL  RD  NO
(EBUS        :  33) ND6415.LOG     6 22-Aug-88 20:57 RADZAG  ALL  RD  NO
(EBUS        :  33) ND6415.T01     2 15-Feb-88 15:32 TAYHEJ  ALL  RD  NO
(EBUS        :  33) ND6415.C01     2 24-Aug-88 17:19 ROGWOJ  ALL  RD  NO
(EBUS        :  33) ND6415.CMD     2 26-Aug-88 18:56 DESQEQ  ALL  RD  NO
(EBUS        :  33) ND6415.C00     2 26-Aug-88 18:59 SISVIC  ALL  RD  NO
7 files on master system.
Slave hosts: 25,54
Checking host 25
(EBUS        :  25) ND6415.TYM     3 24-Aug-88 15:18 -- current
(EBUS        :  25) ND6415.BND    69 26-Aug-88 18:24 -- current
(EBUS        :  25) ND6415.LOG     6 24-Aug-88 15:17 -- current
(EBUS        :  25) ND6415.T01     2 24-Aug-88 15:13 -- current
(EBUS        :  25) ND6415.CMD     2 26-Aug-88 18:58 -- current
(EBUS        :  25) ND6415.C01     2 24-Aug-88 17:37 -- current
(EBUS        :  25) ND6415.C00     2 26-Aug-88 19:00 -- current
Checking host 54
(EBUS        :  54) ND6415.TYM     3 24-Aug-88 15:34 -- current
(EBUS        :  54) ND6415.BND    69 24-Aug-88 16:39 -- current
(EBUS        :  54) ND6415.LOG     6 24-Aug-88 15:33 -- current
(EBUS        :  54) ND6415.T01     2 24-Aug-88 15:20 -- current
(EBUS        :  54) ND6415.CMD     2 26-Aug-88 18:57 -- current
(EBUS        :  54) ND6415.C01     2 24-Aug-88 17:43 -- current
(EBUS        :  54) ND6415.C00     2 26-Aug-88 19:01 -- current

End of SAIL execution
!	;B36-
!RDIST (EBUS)##6714.*/MASTER:33/HOST:25,54/UPDATE/VERBOSE
Master host: 33
(EBUS        :  33) ND6714.TYM     3 22-Aug-88 17:32 SETJOT  ALL  RD  NO
(EBUS        :  33) ND6714.BND    67 22-Aug-88 21:45 HAVHEB  ALL  RD  NO
(EBUS        :  33) ND6714.LOG     6 22-Aug-88 21:17 ZOLFUY  ALL  RD  NO
(EBUS        :  33) ND6714.T01     2 15-Feb-88 15:32 VUKGUJ  ALL  RD  NO
(EBUS        :  33) ND6714.C01     2 24-Aug-88 17:19 ROJZOY  ALL  RD  NO
(EBUS        :  33) ND6714.CMD     2 26-Aug-88 18:56 WURZUH  ALL  RD  NO
(EBUS        :  33) ND6714.C00     2 26-Aug-88 18:59 JOBSIZ  ALL  RD  NO
7 files on master system.
Slave hosts: 25,54
Checking host 25
(EBUS        :  25) ND6714.TYM     3 24-Aug-88 15:18 -- current
(EBUS        :  25) ND6714.BND    67 26-Aug-88 19:58 -- current
(EBUS        :  25) ND6714.LOG     6 24-Aug-88 15:18 -- current
(EBUS        :  25) ND6714.T01     2 24-Aug-88 15:14 -- current
(EBUS        :  25) ND6714.CMD     2 26-Aug-88 18:58 -- current
(EBUS        :  25) ND6714.C01     2 24-Aug-88 17:40 -- current
(EBUS        :  25) ND6714.C00     2 26-Aug-88 19:00 -- current
Checking host 54
(EBUS        :  54) ND6714.TYM     3 24-Aug-88 15:34 -- current
(EBUS        :  54) ND6714.BND    67 24-Aug-88 16:48 -- current
(EBUS        :  54) ND6714.LOG     6 24-Aug-88 15:34 -- current
(EBUS        :  54) ND6714.T01     2 24-Aug-88 15:20 -- current
(EBUS        :  54) ND6714.CMD     2 26-Aug-88 18:58 -- current
(EBUS        :  54) ND6714.C01     2 24-Aug-88 17:45 -- current
(EBUS        :  54) ND6714.C00     2 26-Aug-88 19:01 -- current

End of SAIL execution
!	;D23
!RDIST (EBUS)##6716.*/MASTER:33/HOST:25,54/UPDATE/VERBOSE
Master host: 33
(EBUS        :  33) ND6716.TYM     3 22-Aug-88 17:32 HANJAP  ALL  RD  NO
(EBUS        :  33) ND6716.BND    69 22-Aug-88 22:08 DIQJAS  ALL  RD  NO
(EBUS        :  33) ND6716.LOG     6 22-Aug-88 21:46 FOYHAN  ALL  RD  NO
(EBUS        :  33) ND6716.T01     2 15-Feb-88 15:33 HEWSOL  ALL  RD  NO
(EBUS        :  33) ND6716.C01     2 24-Aug-88 17:19 BIYSEY  ALL  RD  NO
(EBUS        :  33) ND6716.CMD     2 26-Aug-88 18:56 HELZEL  ALL  RD  NO
(EBUS        :  33) ND6716.C00     2 26-Aug-88 18:59 WEPMAY  ALL  RD  NO
7 files on master system.
Slave hosts: 25,54
Checking host 25
(EBUS        :  25) ND6716.TYM     3 24-Aug-88 15:19 -- current
(EBUS        :  25) ND6716.BND    69 26-Aug-88 13:17 -- current
(EBUS        :  25) ND6716.LOG     6 24-Aug-88 15:18 -- current
(EBUS        :  25) ND6716.T01     2 24-Aug-88 15:14 -- current
(EBUS        :  25) ND6716.CMD     2 26-Aug-88 18:59 -- current
(EBUS        :  25) ND6716.C01     2 24-Aug-88 17:36 -- current
(EBUS        :  25) ND6716.C00     2 26-Aug-88 19:00 -- current
Checking host 54
(EBUS        :  54) ND6716.TYM     3 24-Aug-88 15:35 -- current
(EBUS        :  54) ND6716.BND    69 24-Aug-88 16:55 -- current
(EBUS        :  54) ND6716.LOG     6 24-Aug-88 15:35 -- current
(EBUS        :  54) ND6716.T01     2 24-Aug-88 15:21 -- current
(EBUS        :  54) ND6716.CMD     2 26-Aug-88 18:58 -- current
(EBUS        :  54) ND6716.C01     2 24-Aug-88 17:41 -- current
(EBUS        :  54) ND6716.C00     2 26-Aug-88 19:01 -- current

End of SAIL execution
!	;F58
!RDIST (EBUS)##6720.*/MASTER:33/HOST:25,54/UPDATE/VERBOSE
Master host: 33
(EBUS        :  33) ND6720.TYM     3 22-Aug-88 17:32 LOLLEF  ALL  RD  NO
(EBUS        :  33) ND6720.BND    69 22-Aug-88 22:31 NEWBAK  ALL  RD  NO
(EBUS        :  33) ND6720.LOG     6 22-Aug-88 22:09 WEFKOS  ALL  RD  NO
(EBUS        :  33) ND6720.T01     2 15-Feb-88 15:34 XIRDED  ALL  RD  NO
(EBUS        :  33) ND6720.C01     2 24-Aug-88 17:20 FASDIN  ALL  RD  NO
(EBUS        :  33) ND6720.CMD     2 26-Aug-88 18:56 RUTSEW  ALL  RD  NO
(EBUS        :  33) ND6720.C00     2 26-Aug-88 18:59 QAVBIX  ALL  RD  NO
7 files on master system.
Slave hosts: 25,54
Checking host 25
(EBUS        :  25) ND6720.TYM     3 24-Aug-88 15:20 -- current
(EBUS        :  25) ND6720.BND    69 26-Aug-88 13:33 -- current
(EBUS        :  25) ND6720.LOG     6 24-Aug-88 15:19 -- current
(EBUS        :  25) ND6720.T01     2 24-Aug-88 15:14 -- current
(EBUS        :  25) ND6720.CMD     2 26-Aug-88 18:59 -- current
(EBUS        :  25) ND6720.C01     2 24-Aug-88 17:37 -- current
(EBUS        :  25) ND6720.C00     2 26-Aug-88 19:00 -- current
Checking host 54
(EBUS        :  54) ND6720.TYM     3 24-Aug-88 15:36 -- current
(EBUS        :  54) ND6720.BND    69 24-Aug-88 17:02 -- current
(EBUS        :  54) ND6720.LOG     6 24-Aug-88 15:36 -- current
(EBUS        :  54) ND6720.T01     2 24-Aug-88 15:21 -- current
(EBUS        :  54) ND6720.CMD     2 26-Aug-88 18:58 -- current
(EBUS        :  54) ND6720.C01     2 24-Aug-88 17:42 -- current
(EBUS        :  54) ND6720.C00     2 26-Aug-88 19:01 -- current

End of SAIL execution
!	;F30
!RDIST (EBUS)##6721.*/MASTER:33/HOST:25,54/UPDATE/VERBOSE
Master host: 33
(EBUS        :  33) ND6721.TYM     3 22-Aug-88 17:32 KAKVIJ  ALL  RD  NO
(EBUS        :  33) ND6721.BND    69 22-Aug-88 22:49 XEQMIX  ALL  RD  NO
(EBUS        :  33) ND6721.LOG     6 22-Aug-88 22:32 RIRQAV  ALL  RD  NO
(EBUS        :  33) ND6721.T01     2 15-Feb-88 15:35 RIWJAL  ALL  RD  NO
(EBUS        :  33) ND6721.C01     2 24-Aug-88 17:20 WEGCIR  ALL  RD  NO
(EBUS        :  33) ND6721.CMD     2 26-Aug-88 18:56 ZITTUJ  ALL  RD  NO
(EBUS        :  33) ND6721.C00     2 26-Aug-88 18:59 BIBXOB  ALL  RD  NO
7 files on master system.
Slave hosts: 25,54
Checking host 25
(EBUS        :  25) ND6721.TYM     3 24-Aug-88 15:20 -- current
(EBUS        :  25) ND6721.BND    69 26-Aug-88 18:32 -- current
(EBUS        :  25) ND6721.LOG     6 24-Aug-88 15:20 -- current
(EBUS        :  25) ND6721.T01     2 24-Aug-88 15:15 -- current
(EBUS        :  25) ND6721.CMD     2 26-Aug-88 18:59 -- current
(EBUS        :  25) ND6721.C01     2 24-Aug-88 17:37 -- current
(EBUS        :  25) ND6721.C00     2 26-Aug-88 19:00 -- current
Checking host 54
(EBUS        :  54) ND6721.TYM     3 24-Aug-88 15:37 -- current
(EBUS        :  54) ND6721.BND    69 24-Aug-88 17:10 -- current
(EBUS        :  54) ND6721.LOG     6 24-Aug-88 15:37 -- current
(EBUS        :  54) ND6721.T01     2 24-Aug-88 15:21 -- current
(EBUS        :  54) ND6721.CMD     2 26-Aug-88 18:58 -- current
(EBUS        :  54) ND6721.C01     2 24-Aug-88 17:43 -- current
(EBUS        :  54) ND6721.C00     2 26-Aug-88 19:01 -- current

End of SAIL execution
!	;F74
!RDIST (EBUS)##6722.*/MASTER:33/HOST:25,54/UPDATE/VERBOSE
Master host: 33
(EBUS        :  33) ND6722.TYM     3 22-Aug-88 17:32 VONXOB  ALL  RD  NO
(EBUS        :  33) ND6722.BND    69 22-Aug-88 23:06 RUPMEB  ALL  RD  NO
(EBUS        :  33) ND6722.LOG     6 22-Aug-88 22:49 GUJZAD  ALL  RD  NO
(EBUS        :  33) ND6722.T01     2 15-Feb-88 15:35 NOJZIV  ALL  RD  NO
(EBUS        :  33) ND6722.C01     2 24-Aug-88 17:20 GEGCEV  ALL  RD  NO
(EBUS        :  33) ND6722.CMD     2 26-Aug-88 18:56 MOQHAS  ALL  RD  NO
(EBUS        :  33) ND6722.C00     2 26-Aug-88 18:59 LEMHUM  ALL  RD  NO
7 files on master system.
Slave hosts: 25,54
Checking host 25
(EBUS        :  25) ND6722.TYM     3 24-Aug-88 15:21 -- current
(EBUS        :  25) ND6722.BND    69 26-Aug-88 19:50 -- current
(EBUS        :  25) ND6722.LOG     6 24-Aug-88 15:21 -- current
(EBUS        :  25) ND6722.T01     2 24-Aug-88 15:15 -- current
(EBUS        :  25) ND6722.CMD     2 26-Aug-88 18:59 -- current
(EBUS        :  25) ND6722.C01     2 24-Aug-88 17:38 -- current
(EBUS        :  25) ND6722.C00     2 26-Aug-88 19:00 -- current
Checking host 54
(EBUS        :  54) ND6722.TYM     3 24-Aug-88 15:38 -- current
(EBUS        :  54) ND6722.BND    69 24-Aug-88 17:17 -- current
(EBUS        :  54) ND6722.LOG     6 24-Aug-88 15:38 -- current
(EBUS        :  54) ND6722.T01     2 24-Aug-88 15:22 -- current
(EBUS        :  54) ND6722.CMD     2 26-Aug-88 18:58 -- current
(EBUS        :  54) ND6722.C01     2 24-Aug-88 17:43 -- current
(EBUS        :  54) ND6722.C00     2 26-Aug-88 19:01 -- current

End of SAIL execution
!	;D31
!RDIST (EBUS)##7004.*/MASTER:33/HOST:25,54/UPDATE/VERBOSE
Master host: 33
(EBUS        :  33) ND7004.TYM     3 22-Aug-88 17:32 WIZJAF  ALL  RD  NO
(EBUS        :  33) ND7004.BND    69 22-Aug-88 23:25 YIBQEL  ALL  RD  NO
(EBUS        :  33) ND7004.LOG     6 22-Aug-88 23:07 ROVDUM  ALL  RD  NO
(EBUS        :  33) ND7004.T01     2 15-Feb-88 15:36 LEJFEL  ALL  RD  NO
(EBUS        :  33) ND7004.C01     2 24-Aug-88 17:20 VALMEH  ALL  RD  NO
(EBUS        :  33) ND7004.CMD     2 26-Aug-88 18:56 QEWJIF  ALL  RD  NO
(EBUS        :  33) ND7004.C00     2 26-Aug-88 18:59 MORTUM  ALL  RD  NO
7 files on master system.
Slave hosts: 25,54
Checking host 25
(EBUS        :  25) ND7004.TYM     3 24-Aug-88 15:22 -- current
(EBUS        :  25) ND7004.BND    69 26-Aug-88 20:42 -- current
(EBUS        :  25) ND7004.LOG     6 24-Aug-88 15:21 -- current
(EBUS        :  25) ND7004.T01     2 24-Aug-88 15:15 -- current
(EBUS        :  25) ND7004.CMD     2 26-Aug-88 18:59 -- current
(EBUS        :  25) ND7004.C01     2 24-Aug-88 17:40 -- current
(EBUS        :  25) ND7004.C00     2 26-Aug-88 19:00 -- current
Checking host 54
(EBUS        :  54) ND7004.TYM     3 24-Aug-88 15:39 -- current
(EBUS        :  54) ND7004.BND    69 30-Aug-88 10:53 -- current
(EBUS        :  54) ND7004.LOG     6 24-Aug-88 15:38 -- current
(EBUS        :  54) ND7004.T01     2 24-Aug-88 15:22 -- current
(EBUS        :  54) ND7004.CMD     2 26-Aug-88 18:58 -- current
(EBUS        :  54) ND7004.C01     2 24-Aug-88 17:45 -- current
(EBUS        :  54) ND7004.C00     2 26-Aug-88 19:01 -- current

End of SAIL execution
!	;F38
!RDIST (EBUS)##7021.*/MASTER:33/HOST:25,54/UPDATE/VERBOSE
Master host: 33
(EBUS        :  33) ND7021.TYM     3 22-Aug-88 17:32 WOBCOC  ALL  RD  NO
(EBUS        :  33) ND7021.BND    69 22-Aug-88 23:44 RIKSUK  ALL  RD  NO
(EBUS        :  33) ND7021.LOG     6 22-Aug-88 23:25 DOVHAX  ALL  RD  NO
(EBUS        :  33) ND7021.T01     2 14-Apr-88 15:28 RELNIK  ALL  RD  NO
(EBUS        :  33) ND7021.C01     2 24-Aug-88 17:20 MOVMIN  ALL  RD  NO
(EBUS        :  33) ND7021.CMD     2 26-Aug-88 18:56 RIJVIZ  ALL  RD  NO
(EBUS        :  33) ND7021.C00     2 26-Aug-88 18:59 SUHDIJ  ALL  RD  NO
7 files on master system.
Slave hosts: 25,54
Checking host 25
(EBUS        :  25) ND7021.TYM     3 24-Aug-88 15:23 -- current
(EBUS        :  25) ND7021.BND    69 26-Aug-88 20:46 -- current
(EBUS        :  25) ND7021.LOG     6 24-Aug-88 15:22 -- current
(EBUS        :  25) ND7021.T01     2 24-Aug-88 15:16 -- current
(EBUS        :  25) ND7021.CMD     2 26-Aug-88 18:59 -- current
(EBUS        :  25) ND7021.C01     2 24-Aug-88 17:38 -- current
(EBUS        :  25) ND7021.C00     2 26-Aug-88 19:01 -- current
Checking host 54
(EBUS        :  54) ND7021.TYM     3 24-Aug-88 15:40 -- current
(EBUS        :  54) ND7021.BND    69 30-Aug-88 11:02 -- current
(EBUS        :  54) ND7021.LOG     6 24-Aug-88 15:40 -- current
(EBUS        :  54) ND7021.T01     2 24-Aug-88 15:22 -- current
(EBUS        :  54) ND7021.CMD     2 26-Aug-88 18:58 -- current
(EBUS        :  54) ND7021.C01     2 24-Aug-88 17:43 -- current
(EBUS        :  54) ND7021.C00     2 26-Aug-88 19:02 -- current

End of SAIL execution
!	;D25
!RDIST (EBUS)##7165.*/MASTER:33/HOST:25,54/UPDATE/VERBOSE
Master host: 33
(EBUS        :  33) ND7165.TYM     3 22-Aug-88 17:33 CIHJAS  ALL  RD  NO
(EBUS        :  33) ND7165.BND    69 23-Aug-88 00:00 NATGUC  ALL  RD  NO
(EBUS        :  33) ND7165.LOG     6 22-Aug-88 23:44 XERCIF  ALL  RD  NO
(EBUS        :  33) ND7165.T01     2 15-Feb-88 15:37 ZEBPES  ALL  RD  NO
(EBUS        :  33) ND7165.C01     2 24-Aug-88 17:20 DIKJOX  ALL  RD  NO
(EBUS        :  33) ND7165.CMD     2 26-Aug-88 18:56 NUFXEN  ALL  RD  NO
(EBUS        :  33) ND7165.C00     2 26-Aug-88 18:59 YACFOQ  ALL  RD  NO
7 files on master system.
Slave hosts: 25,54
Checking host 25
(EBUS        :  25) ND7165.TYM     3 24-Aug-88 15:23 -- current
(EBUS        :  25) ND7165.BND    69 26-Aug-88 20:54 -- current
(EBUS        :  25) ND7165.LOG     6 24-Aug-88 15:23 -- current
(EBUS        :  25) ND7165.T01     2 24-Aug-88 15:16 -- current
(EBUS        :  25) ND7165.CMD     2 26-Aug-88 18:59 -- current
(EBUS        :  25) ND7165.C01     2 24-Aug-88 17:36 -- current
(EBUS        :  25) ND7165.C00     2 26-Aug-88 19:01 -- current
Checking host 54
(EBUS        :  54) ND7165.TYM     3 24-Aug-88 15:41 -- current
(EBUS        :  54) ND7165.BND    69 30-Aug-88 11:19 -- current
(EBUS        :  54) ND7165.LOG     6 24-Aug-88 15:41 -- current
(EBUS        :  54) ND7165.T01     2 24-Aug-88 15:23 -- current
(EBUS        :  54) ND7165.CMD     2 26-Aug-88 18:58 -- current
(EBUS        :  54) ND7165.C01     2 24-Aug-88 17:41 -- current
(EBUS        :  54) ND7165.C00     2 26-Aug-88 19:02 -- current

End of SAIL execution
!	;F26
!RDIST (EBUS)##0350.*/MASTER:33/HOST:25,54/UPDATE/VERBOSE
Master host: 33
(EBUS        :  33) ND0350.TYM     3 22-Aug-88 17:33 YEQKEM  ALL  RD  NO
(EBUS        :  33) ND0350.BND    69 23-Aug-88 00:16 SOXRAS  ALL  RD  NO
(EBUS        :  33) ND0350.LOG     6 23-Aug-88 00:01 XARSUM  ALL  RD  NO
(EBUS        :  33) ND0350.T01     2 15-Feb-88 15:37 JIRPEQ  ALL  RD  NO
(EBUS        :  33) ND0350.C01     2 24-Aug-88 17:20 DULRAT  ALL  RD  NO
(EBUS        :  33) ND0350.CMD     2 26-Aug-88 18:56 KIQZAN  ALL  RD  NO
(EBUS        :  33) ND0350.C00     2 26-Aug-88 18:59 JUDTUF  ALL  RD  NO
7 files on master system.
Slave hosts: 25,54
Checking host 25
(EBUS        :  25) ND0350.TYM     3 24-Aug-88 15:09 -- current
(EBUS        :  25) ND0350.BND    69 24-Aug-88 14:49 -- current
(EBUS        :  25) ND0350.LOG     6 24-Aug-88 15:09 -- current
(EBUS        :  25) ND0350.T01     2 24-Aug-88 14:58 -- current
(EBUS        :  25) ND0350.CMD     2 26-Aug-88 18:58 -- current
(EBUS        :  25) ND0350.C01     2 24-Aug-88 17:37 -- current
(EBUS        :  25) ND0350.C00     2 26-Aug-88 19:00 -- current
Checking host 54
(EBUS        :  54) ND0350.TYM     3 24-Aug-88 15:24 -- current
(EBUS        :  54) ND0350.BND    69 24-Aug-88 15:09 -- current
(EBUS        :  54) ND0350.LOG     6 24-Aug-88 15:23 -- current
(EBUS        :  54) ND0350.T01     2 24-Aug-88 15:16 -- current
(EBUS        :  54) ND0350.CMD     2 26-Aug-88 18:57 -- current
(EBUS        :  54) ND0350.C01     2 24-Aug-88 17:42 -- current
(EBUS        :  54) ND0350.C00     2 26-Aug-88 19:01 -- current

End of SAIL execution
!
!; Step 2: Compare (TYMNET:25) with (TYMNET:33) and compare
!;         (TYM5:54) with (TYM5:33).  Any differences will have
!;         to be resolved manually.
!DAYTIME
30-AUG-1988 20:35:12 PDT

!RDIST (TYMNET)##2100.*/MASTER:25/HOST:33/CHECK
Master host: 25
9 files on master system.
Slave hosts: 33
Checking host 33
(TYMNET      :  33) BK2100.T01     2 15-Feb-88 14:56 -- missing on master
(TYMNET      :  33) BK2100.CMD     2 03-Feb-88 13:42 -- missing on master
(TYMNET      :  33) BK2100.C01     2 03-Feb-88 13:42 -- missing on master
(TYMNET      :  33) BK2100.C00     2 03-Feb-88 13:41 -- missing on master

End of SAIL execution
!RDIST (TYMNET)##2107.*/MASTER:25/HOST:33/CHECK
Master host: 25
9 files on master system.
Slave hosts: 33
Checking host 33
(TYMNET      :  33) BK2107.C01     2 16-Mar-88 16:32 -- missing on master
(TYMNET      :  33) BK2107.T01     2 16-Mar-88 16:31 -- missing on master
(TYMNET      :  33) BK2107.CMD     2 16-Mar-88 16:26 -- missing on master
(TYMNET      :  33) BK2107.C00     2 16-Mar-88 16:26 -- missing on master

End of SAIL execution
!RDIST (TYMNET)##2332.*/MASTER:25/HOST:33/CHECK
Master host: 25
8 files on master system.
Slave hosts: 33
Checking host 33
(TYMNET      :  33) ND2332.LOG     6 17-Aug-88 19:04 -- missing on master
(TYMNET      :  33) NW2332.BND    69 24-Aug-88 15:32 -- missing on master
(TYMNET      :  33) BK2332.T01     2 15-Feb-88 15:02 -- missing on master
(TYMNET      :  33) BK2332.C00     2 03-Jul-86 08:42 -- missing on master
(TYMNET      :  33) BK2332.CMD     2 03-Jul-86 08:42 -- missing on master
(TYMNET      :  33) BK2332.C01     2 21-May-86 12:53 -- missing on master

End of SAIL execution
!RDIST (TYMNET)##2333.*/MASTER:25/HOST:33/CHECK
Master host: 25
9 files on master system.
Slave hosts: 33
Checking host 33
(TYMNET      :  33) ND2333.LOG     6 17-Aug-88 19:10 -- missing on master
(TYMNET      :  33) BK2333.T01     2 15-Feb-88 15:03 -- missing on master
(TYMNET      :  33) BK2333.C00     2 04-Nov-87 09:59 -- missing on master
(TYMNET      :  33) BK2333.CMD     2 04-Nov-87 09:59 -- missing on master
(TYMNET      :  33) BK2333.C01     2 03-Mar-87 09:14 -- missing on master

End of SAIL execution
!RDIST (TYMNET)##3115.*/MASTER:25/HOST:33/CHECK
Master host: 25
9 files on master system.
Slave hosts: 33
Checking host 33

End of SAIL execution
!RDIST (TYMNET)##3374.*/MASTER:25/HOST:33/CHECK
Master host: 25
9 files on master system.
Slave hosts: 33
Checking host 33

End of SAIL execution
!RDIST (TYMNET)##4200.*/MASTER:25/HOST:33/CHECK
Master host: 25
9 files on master system.
Slave hosts: 33
Checking host 33
(TYMNET      :  33) BK4200.TYM     3 09-Mar-87 13:19 -- bad checksum JIXBEY
                           should be 27-Jul-88 09:55 HOXGAP  ALL  RD  RD
(TYMNET      :  33) BK4200.BND                       -- missing on slave

End of SAIL execution
!RDIST (TYMNET)##4274.*/MASTER:25/HOST:33/CHECK
Master host: 25
9 files on master system.
Slave hosts: 33
Checking host 33
(TYMNET      :  33) BK4274.TYM     3 02-Aug-88 16:51 -- protection ALL  RD  RD
                           should be 02-Aug-88 16:51 TOWLAK  ALL  RD  NO

End of SAIL execution
!RDIST (TYMNET)##4613.*/MASTER:25/HOST:33/CHECK
Master host: 25
9 files on master system.
Slave hosts: 33
Checking host 33

End of SAIL execution
!RDIST (TYMNET)##4725.*/MASTER:25/HOST:33/CHECK
Master host: 25
9 files on master system.
Slave hosts: 33
Checking host 33
(TYMNET      :  33) BK4725.TYM     3 05-Aug-88 10:00 -- protection ALL  RD  RD
                           should be 05-Aug-88 09:44 TIPVIL  ALL  RD  NO

End of SAIL execution
!RDIST   (TYM5)##5577.*/MASTER:54/HOST:33/CHECK
Master host: 54
10 files on master system.
Slave hosts: 33
Checking host 33
(TYM5        :  33) ND5577.LOG                       -- missing on slave

End of SAIL execution
!RDIST   (TYM5)##6415.*/MASTER:54/HOST:33/CHECK
Master host: 54
9 files on master system.
Slave hosts: 33
Checking host 33

End of SAIL execution
!RDIST   (TYM5)##6714.*/MASTER:54/HOST:33/CHECK
Master host: 54
9 files on master system.
Slave hosts: 33
Checking host 33

End of SAIL execution
!RDIST   (TYM5)##6716.*/MASTER:54/HOST:33/CHECK
Master host: 54
9 files on master system.
Slave hosts: 33
Checking host 33

End of SAIL execution
!RDIST   (TYM5)##6720.*/MASTER:54/HOST:33/CHECK
Master host: 54
9 files on master system.
Slave hosts: 33
Checking host 33
(TYM5        :  33) BK6720.TYM     3 24-Apr-86 09:41 -- bad checksum NAVJOB
                           should be 28-Apr-88 09:40 TAFSOG  ALL  RD  RD
(TYM5        :  33) BK6720.BND                       -- missing on slave

End of SAIL execution
!RDIST   (TYM5)##6721.*/MASTER:54/HOST:33/CHECK
Master host: 54
9 files on master system.
Slave hosts: 33
Checking host 33

End of SAIL execution
!RDIST   (TYM5)##6722.*/MASTER:54/HOST:33/CHECK
Master host: 54
9 files on master system.
Slave hosts: 33
Checking host 33

End of SAIL execution
!RDIST   (TYM5)##7004.*/MASTER:54/HOST:33/CHECK
Master host: 54
9 files on master system.
Slave hosts: 33
Checking host 33

End of SAIL execution
!RDIST   (TYM5)##7021.*/MASTER:54/HOST:33/CHECK
Master host: 54
9 files on master system.
Slave hosts: 33
Checking host 33

End of SAIL execution
!RDIST   (TYM5)##7165.*/MASTER:54/HOST:33/CHECK
Master host: 54
10 files on master system.
Slave hosts: 33
Checking host 33

End of SAIL execution
!RDIST   (TYM5)##0350.*/MASTER:54/HOST:33/CHECK
Master host: 54
9 files on master system.
Slave hosts: 33
Checking host 33

End of SAIL execution
!DAYTIME
30-AUG-1988 20:49:31 PDT

!
!LOGOUT
930.34 tru
terminal time: 0:28:30
    aF71