
2 Telecopy file(s).
007TEL: 28 October 1986 13:38   "REPLACE" "NO UPDATE" "ONLC"
 Copy new file  (TXSSUP:930)TUMS.INI to (TXSSUP:22)TUMS.INI (done)
 Copy new file  (TXSSUP:930)SWITCH.INI to (TXSSUP:22)SWITCH.INI (done)
 Transfer (TXSSUP:930)TUMS.INI to (TXSSUP:23)TUMS.INI
 -> `CIRCUIT ZAPPED - ABORTING,  SYSTEM 23'.
 Transfer (TXSSUP:930)SWITCH.INI to (TXSSUP:23)SWITCH.INI
 -> `CIRCUIT ZAPPED - ABORTING,  SYSTEM 23'.
 Copy new file  (TXSSUP:930)TUMS.INI to (TXSSUP:25)TUMS.INI (done)
 Copy new file  (TXSSUP:930)SWITCH.INI to (TXSSUP:25)SWITCH.INI (done)
 Copy new file  (TXSSUP:930)TUMS.INI to (TXSSUP:26)TUMS.INI (done)
 Copy new file  (TXSSUP:930)SWITCH.INI to (TXSSUP:26)SWITCH.INI (done)
 Copy new file  (TXSSUP:930)TUMS.INI to (TXSSUP:27)TUMS.INI (done)
 Copy new file  (TXSSUP:930)SWITCH.INI to (TXSSUP:27)SWITCH.INI (done)
 Copy new file  (TXSSUP:930)TUMS.INI to (TXSSUP:28)TUMS.INI (done)
 Copy new file  (TXSSUP:930)SWITCH.INI to (TXSSUP:28)SWITCH.INI (done)
 Copy new file  (TXSSUP:930)TUMS.INI to (TXSSUP:29)TUMS.INI (done)
 Copy new file  (TXSSUP:930)SWITCH.INI to (TXSSUP:29)SWITCH.INI (done)
 Copy new file  (TXSSUP:930)TUMS.INI to (TXSSUP:30)TUMS.INI (done)
 Copy new file  (TXSSUP:930)SWITCH.INI to (TXSSUP:30)SWITCH.INI (done)
 Copy new file  (TXSSUP:930)TUMS.INI to (TXSSUP:31)TUMS.INI (done)
 Copy new file  (TXSSUP:930)SWITCH.INI to (TXSSUP:31)SWITCH.INI (done)
 Transfer (TXSSUP:930)TUMS.INI to (TXSSUP:33)TUMS.INI
 -> `CIRCUIT ZAPPED - ABORTING,  SYSTEM 33'.
 Transfer (TXSSUP:930)SWITCH.INI to (TXSSUP:33)SWITCH.INI
 -> `CIRCUIT ZAPPED - ABORTING,  SYSTEM 33'.
 Copy new file  (TXSSUP:930)TUMS.INI to (TXSSUP:34)TUMS.INI (done)
 Copy new file  (TXSSUP:930)SWITCH.INI to (TXSSUP:34)SWITCH.INI (done)
 Copy new file  (TXSSUP:930)TUMS.INI to (TXSSUP:35)TUMS.INI (done)
 Copy new file  (TXSSUP:930)SWITCH.INI to (TXSSUP:35)SWITCH.INI (done)
 Copy new file  (TXSSUP:930)TUMS.INI to (TXSSUP:37)TUMS.INI (done)
 Copy new file  (TXSSUP:930)SWITCH.INI to (TXSSUP:37)SWITCH.INI (done)
 Copy new file  (TXSSUP:930)TUMS.INI to (TXSSUP:38)TUMS.INI (done)
 Copy new file  (TXSSUP:930)SWITCH.INI to (TXSSUP:38)SWITCH.INI (done)
 Copy new file  (TXSSUP:930)TUMS.INI to (TXSSUP:54)TUMS.INI (done)
 Copy new file  (TXSSUP:930)SWITCH.INI to (TXSSUP:54)SWITCH.INI (done)
 Copy new file  (TXSSUP:930)TUMS.INI to (TXSSUP:55)TUMS.INI (done)
 Copy new file  (TXSSUP:930)SWITCH.INI to (TXSSUP:55)SWITCH.INI (done)
 Copy new file  (TXSSUP:930)TUMS.INI to (TXSSUP:56)TUMS.INI (done)
 Copy new file  (TXSSUP:930)SWITCH.INI to (TXSSUP:56)SWITCH.INI (done)
 Copy new file  (TXSSUP:930)TUMS.INI to (TXSSUP:57)TUMS.INI (done)
 Copy new file  (TXSSUP:930)SWITCH.INI to (TXSSUP:57)SWITCH.INI (done)
 Transfer (TXSSUP:930)TUMS.INI to (TXSSUP:58)TUMS.INI
 -> `CIRCUIT ZAPPED - ABORTING,  SYSTEM 58'.
 Transfer (TXSSUP:930)SWITCH.INI to (TXSSUP:58)SWITCH.INI
 -> `CIRCUIT ZAPPED - ABORTING,  SYSTEM 58'.
 Copy new file  (TXSSUP:930)TUMS.INI to (TXSSUP:62)TUMS.INI (done)
 Copy new file  (TXSSUP:930)SWITCH.INI to (TXSSUP:62)SWITCH.INI (done)
 Copy new file  (TXSSUP:930)TUMS.INI to (TXSSUP:65)TUMS.INI (done)
 Copy new file  (TXSSUP:930)SWITCH.INI to (TXSSUP:65)SWITCH.INI (done)
 Copy new file  (TXSSUP:930)TUMS.INI to (TXSSUP:70)TUMS.INI (done)
 Copy new file  (TXSSUP:930)SWITCH.INI to (TXSSUP:70)SWITCH.INI (done)
 Copy new file  (TXSSUP:930)TUMS.INI to (TXSSUP:72)TUMS.INI (done)
 Copy new file  (TXSSUP:930)SWITCH.INI to (TXSSUP:72)SWITCH.INI (done)
 Copy new file  (TXSSUP:930)TUMS.INI to (TXSSUP:74)TUMS.INI (done)
 Copy new file  (TXSSUP:930)SWITCH.INI to (TXSSUP:74)SWITCH.INI (done)
 Copy new file  (TXSSUP:930)TUMS.INI to (TXSSUP:79)TUMS.INI (done)
 Copy new file  (TXSSUP:930)SWITCH.INI to (TXSSUP:79)SWITCH.INI (done)
 Copy new file  (TXSSUP:930)TUMS.INI to (TXSSUP:95)TUMS.INI (done)
 Copy new file  (TXSSUP:930)SWITCH.INI to (TXSSUP:95)SWITCH.INI (done)
 Transfer (TXSSUP:930)TUMS.INI to (TXSSUP:930)TUMS.INI
 -> `"COPY TO" AND "COPY FROM" SYSTEM MUST NOT BE THE SAME.'.
 Transfer (TXSSUP:930)SWITCH.INI to (TXSSUP:930)SWITCH.INI
 -> `"COPY TO" AND "COPY FROM" SYSTEM MUST NOT BE THE SAME.'.
010TEL: 14 January 1987 23:16   "KEEP" "NO UPDATE" "ONLC"
 Kept file (TXSSUP:62)SWITCH.INI
 Kept file (TXSSUP:62)TUMS.INI
 Kept file (TXSSUP:95)SWITCH.INI
 Kept file (TXSSUP:95)TUMS.INI
 Kept file (TXSSUP:22)SWITCH.INI
 Kept file (TXSSUP:22)TUMS.INI
 Kept file (TXSSUP:26)SWITCH.INI
 Kept file (TXSSUP:26)TUMS.INI
 Kept file (TXSSUP:29)SWITCH.INI
 Kept file (TXSSUP:29)TUMS.INI
 Transfer (TXSSUP:930)SWITCH.INI to (TXSSUP:33)SWITCH.INI
 -> `SYSTEM UNAVAILABLE'.
 Transfer (TXSSUP:930)TUMS.INI to (TXSSUP:33)TUMS.INI
 -> `SYSTEM UNAVAILABLE'.
 Kept file (TXSSUP:55)SWITCH.INI
 Kept file (TXSSUP:55)TUMS.INI
 Kept file (TXSSUP:57)SWITCH.INI
 Kept file (TXSSUP:57)TUMS.INI
 Kept file (TXSSUP:70)SWITCH.INI
 Kept file (TXSSUP:70)TUMS.INI
 Transfer (TXSSUP:930)SWITCH.INI to (TXSSUP:23)SWITCH.INI
 -> `CIRCUIT ZAPPED - ABORTING,  SYSTEM 23'.
 Transfer (TXSSUP:930)TUMS.INI to (TXSSUP:23)TUMS.INI
 -> `CIRCUIT ZAPPED - ABORTING,  SYSTEM 23'.
 Kept file (TXSSUP:25)SWITCH.INI
 Kept file (TXSSUP:25)TUMS.INI
 Kept file (TXSSUP:27)SWITCH.INI
 Kept file (TXSSUP:27)TUMS.INI
 Kept file (TXSSUP:31)SWITCH.INI
 Kept file (TXSSUP:31)TUMS.INI
 Kept file (TXSSUP:34)SWITCH.INI
 Kept file (TXSSUP:34)TUMS.INI
 Kept file (TXSSUP:35)SWITCH.INI
 Kept file (TXSSUP:35)TUMS.INI
 Kept file (TXSSUP:37)SWITCH.INI
 Kept file (TXSSUP:37)TUMS.INI
 Kept file (TXSSUP:54)SWITCH.INI
 Kept file (TXSSUP:54)TUMS.INI
 Kept file (TXSSUP:56)SWITCH.INI
 Kept file (TXSSUP:56)TUMS.INI
 Kept file (TXSSUP:65)SWITCH.INI
 Kept file (TXSSUP:65)TUMS.INI
 Kept file (TXSSUP:28)SWITCH.INI
 Kept file (TXSSUP:28)TUMS.INI
 Kept file (TXSSUP:30)SWITCH.INI
 Kept file (TXSSUP:30)TUMS.INI
 Kept file (TXSSUP:38)SWITCH.INI
 Kept file (TXSSUP:38)TUMS.INI
 Transfer (TXSSUP:930)SWITCH.INI to (TXSSUP:58)SWITCH.INI
 -> `CIRCUIT ZAPPED - ABORTING,  SYSTEM 58'.
 Transfer (TXSSUP:930)TUMS.INI to (TXSSUP:58)TUMS.INI
 -> `CIRCUIT ZAPPED - ABORTING,  SYSTEM 58'.
 Kept file (TXSSUP:74)SWITCH.INI
 Kept file (TXSSUP:74)TUMS.INI
