.:define $SUBSTITUTION=$TRUE
;
.; Current Date                        $Date         09-Feb-88
.; Current Day of Month                $Day          09
.; Current Time of day                 $Daytime      12:41:21
.; Current Day of Month                $DD           09
.; Delimiter value                     $Delimiter    \
.; FALSE                               $False        0
.; Current Hour of day 00-23           $HH           12
.; Current Hour-minutes hhmm           $HHMM         1241
.; Current Hour-minutes-seconds        $HHMMSS       124121
.; Current Hour of day 0-23            $Hour         12
.; If logging to file                  $Logging      1
.; If mail wanted at end               $Mail         Always
.:define $MAIL="Success"
; If mail wanted at end               $Mail         Success
.; Current Minutes of hour             $Minute       41
.; Current Month as Mmm                $Mon          Feb
.; Current Month of year               $Month        February
.; Current Month as numeric            $MM           02
.; Current Minutes-seconds             $MMSS         4123
.; If booleans are 1/0 or TRUE/FALSE   $Numerics     1
.; Current seconds of minute           $Second       23
.; Current seconds of minute SS        $SS           23
.; If parameter substitutions on       $Substitution 1
.; Time-limit remaining (Minutes)      $Timelimit    0
.; TRUE                                $True         1
.; TRU-limit remaining (TRUs)          $Trulimit     0
.; Day of Week                         $Weekday      Tuesday
.; Current Year                        $Year         1988
.; Current Year as two digits          $YY           88
.;
.;[END of TEST]
.LOGOUT
1.58 tru
terminal time: 0:00:11

; Req #13121 completed
