.:define $SUBSTITUTION=$TRUE
;
.; Current Date                        $Date         26-Apr-88
.; Current Day of Month                $Day          26
.; Current Time of day                 $Daytime      00:01:25
.; Current Day of Month                $DD           26
.; Delimiter value                     $Delimiter    \
.; FALSE                               $False        0
.; Current Hour of day 00-23           $HH           00
.; Current Hour-minutes hhmm           $HHMM         0001
.; Current Hour-minutes-seconds        $HHMMSS       000126
.; Current Hour of day 0-23            $Hour         0
.; If logging to file                  $Logging      1
.; If mail wanted at end               $Mail         Error
.:define $MAIL="Success"
; If mail wanted at end               $Mail         Success
.; Current Minutes of hour             $Minute       1
.; Current Month as Mmm                $Mon          Apr
.; Current Month of year               $Month        April
.; Current Month as numeric            $MM           04
.; Current Minutes-seconds             $MMSS         0127
.; If booleans are 1/0 or TRUE/FALSE   $Numerics     1
.; Current seconds of minute           $Second       27
.; Current seconds of minute SS        $SS           27
.; If parameter substitutions on       $Substitution 1
.; Time-limit remaining (Minutes)      $Timelimit    59
.; TRUE                                $True         1
.; TRU-limit remaining (TRUs)          $Trulimit     0
.; Day of Week                         $Weekday      Tuesday
.; Current Year                        $Year         1988
.; Current Year as two digits          $YY           88
.;
.;[END of TEST]
.LOGOUT
1.60 tru
terminal time: 0:00:09

; Req #33981 completed
