!DELETE XEXECX.fdm


!R (NFDM)FDM

[FDM File Utility %0.7]

FDM> OPEN XEXECX.fdm
[New file: XEXECX.FDM]
0 files, 0 words in master file.

FDM> READ XFER.CTL

Reading files:
XFER   CTL         162    YAVZEV [ok]

FDM> READ XEXEC.CMD,XEXEC.INF,XEXEC.PAR,XEXEC.REQ,XEXEC.SAI

Reading files:
XEXEC  CMD           9    GAMHEW [ok]
XEXEC  INF        1033    SIMXEG [ok]
XEXEC  PAR          27    CEXKUX [ok]
XEXEC  REQ          32    MIDJOJ [ok]
XEXEC  SAI        6637    NUQCEY [ok]

FDM> READ EXECX.CMD,EXECX.INF,EXECX.SAI

Reading files:
EXECX  CMD          13    LOTDUT [ok]
EXECX  INF        1085    QIBGOW [ok]
EXECX  SAI       12073    YOJYIZ [ok]

FDM> READ JQUEUE.TXT,JQUEUE.DEF

Reading files:
JQUEUE TXT        1603    HANHAT [ok]
JQUEUE DEF        2359    BENRIJ [ok]

FDM> READ JQUE.REQ,JQUE.DEF,JQUE.SAI

Reading files:
JQUE   REQ         144    PEKBAK [ok]
JQUE   DEF         256    KUQJIT [ok]
JQUE   SAI        5234    COWWUP [ok]

FDM> READ VMFILE.REQ,VMFILE.DEF,VMFILE.SAI

Reading files:
VMFILE REQ         191    KEXDEH [ok]
VMFILE DEF         280    FIQBAK [ok]
VMFILE SAI        7272    FEGVAR [ok]

FDM> READ DAYTIM.REQ,DAYTIM.SAI

Reading files:
DAYTIM REQ         146    HAQHUX [ok]
DAYTIM SAI        1656    BALLOG [ok]

FDM> READ XEXSUB.REQ,XEXSUB.SAI

Reading files:
XEXSUB REQ         221    TEVPAJ [ok]
XEXSUB SAI        2063    ZAQTUQ [ok]

FDM> READ XEXINT.REQ,XEXINT.SAI

Reading files:
XEXINT REQ         147    VICKAX [ok]
XEXINT SAI         643    VIJVUF [ok]

FDM> READ ESCTRP.REQ,ESCTRP.SAI

Reading files:
ESCTRP REQ         174    FULVEX [ok]
ESCTRP SAI         420    NIFKIM [ok]

FDM> READ FRMTRP.REQ,FRMTRP.SAI

Reading files:
FRMTRP REQ         258    VULVAB [ok]

FDM> READ VMFILE.004,VMFILE.DOC

Reading files:
VMFILE 004        6925    PUXMOZ [ok]
VMFILE DOC         509    TOJPEP [ok]

FDM> READ (HELGEM)NEXTIM.REQ

Reading files:
(HELGEM)NEXTIM REQ          40    CERGER [ok]

FDM> READ (HELGEM)NEXTIM.SAI

Reading files:
(HELGEM)NEXTIM SAI        3878    SIFWEW [ok]

FDM> READ (HELGEM)SUBMIT.DEF

Reading files:
(HELGEM)SUBMIT DEF         368    LESTEF [ok]

FDM> READ (HELGEM)SUBMIT.SAI

Reading files:
(HELGEM)SUBMIT SAI       17142    TUQMIR [ok]

FDM> READ (HELGEM)PARSER.SAI

Reading files:
(HELGEM)PARSER SAI        4378    YADBEM [ok]

FDM> READ (HELGEM)SUBMSC.REQ

Reading files:
(HELGEM)SUBMSC REQ         426    YUWLAV [ok]

FDM> READ (HELGEM)SUBMSC.SAI

Reading files:
(HELGEM)SUBMSC SAI        4400    PECPAJ [ok]

FDM> DIRECTORY

Filename           Words  Date      Time      Checksum  (Edit)
XFER.CTL             162  05-Jun-86 01:48:05  YAVZEV
XEXEC.CMD              9  28-Jan-86 00:37:16  GAMHEW
XEXEC.INF           1033  10-Jun-86 18:05:12  SIMXEG
XEXEC.PAR             27  30-May-86 00:41:24  CEXKUX
XEXEC.REQ             32  22-May-86 02:45:59  MIDJOJ
XEXEC.SAI           6637  10-Jun-86 18:25:05  NUQCEY
EXECX.CMD             13  28-Jan-86 00:46:13  LOTDUT
EXECX.INF           1085  10-Jun-86 18:05:25  QIBGOW
EXECX.SAI          12073  10-Jun-86 18:28:14  YOJYIZ
JQUEUE.TXT          1603  27-May-86 19:17:45  HANHAT
JQUEUE.DEF          2359  09-Jun-86 19:52:37  BENRIJ
JQUE.REQ             144  08-Jun-86 14:59:14  PEKBAK
JQUE.DEF             256  08-Jun-86 15:00:24  KUQJIT
JQUE.SAI            5234  08-Jun-86 15:08:34  COWWUP
VMFILE.REQ           191  07-Jun-86 19:23:37  KEXDEH
VMFILE.DEF           280  07-Jun-86 18:55:35  FIQBAK
VMFILE.SAI          7272  07-Jun-86 20:51:32  FEGVAR
DAYTIM.REQ           146  21-Apr-86 22:13:14  HAQHUX
DAYTIM.SAI          1656  24-Apr-86 21:28:57  BALLOG
XEXSUB.REQ           221  03-Jun-86 13:13:31  TEVPAJ
XEXSUB.SAI          2063  10-Jun-86 15:10:20  ZAQTUQ
XEXINT.REQ           147  22-May-86 03:01:04  VICKAX
XEXINT.SAI           643  22-May-86 02:49:21  VIJVUF
ESCTRP.REQ           174  22-May-86 02:39:05  FULVEX
ESCTRP.SAI           420  22-May-86 02:27:47  NIFKIM
FRMTRP.REQ           258  22-May-86 02:24:10  VULVAB
VMFILE.004          6925  17-Jan-86 00:15:09  PUXMOZ
VMFILE.DOC           509  04-Jun-86 23:41:30  TOJPEP
NEXTIM.REQ            40  18-Apr-86 02:55:03  CERGER
NEXTIM.SAI          3878  05-Jun-86 20:03:38  SIFWEW
SUBMIT.DEF           368  06-Jun-86 15:44:26  LESTEF
SUBMIT.SAI         17142  11-Jun-86 17:15:20  TUQMIR
PARSER.SAI          4378  10-Jun-86 13:34:19  YADBEM
SUBMSC.REQ           426  06-Jun-86 13:15:07  YUWLAV
SUBMSC.SAI          4400  06-Jun-86 13:18:01  PECPAJ

FDM> EXIT

[Master file XEXECX.FDM closed.]
35 files, 82554 words in master file.

End of FDM execution.

!DO COPY

Copy - A Telecopy Slave Driver
[Version 14.1 (50) 4-May-1983]
X62 12-Jun-86 00:02

File(s): XEXECX.fdm
Copy to user name [CARL]: CARL
Copy to system(s) [all]: 930,54,35
Supersede existing files? [N]Y
[Superseding existing files]
[Telecopy started in frame 5]
!;[End of XFER.CTL Transferring XEXECX.fdm to system(s) 930,54,35]
!LOGOUT
49.22 tru
terminal time: 0:02:06
!DAYTIME
13-JUN-1986 00:13:19 PDT

!DELETE XEXECX.fdm

NO FILES SATISFYING REQUEST

!R (NFDM)FDM

[FDM File Utility %0.7]

FDM> OPEN XEXECX.fdm
[New file: XEXECX.FDM]
0 files, 0 words in master file.

FDM> READ XFER.CTL

Reading files:
XFER   CTL         164    TIPLOT [ok]

FDM> READ XEXEC.CMD,XEXEC.INF,XEXEC.PAR,XEXEC.REQ,XEXEC.SAI

Reading files:
XEXEC  CMD           9    GAMHEW [ok]
XEXEC  INF        1033    SIMXEG [ok]
XEXEC  PAR          27    CEXKUX [ok]
XEXEC  REQ          32    MIDJOJ [ok]
XEXEC  SAI        6637    NUQCEY [ok]

FDM> READ EXECX.CMD,EXECX.INF,EXECX.SAI

Reading files:
EXECX  CMD          13    LOTDUT [ok]
EXECX  INF        1085    QIBGOW [ok]
EXECX  SAI       12073    YOJYIZ [ok]

FDM> READ JQUEUE.TXT,JQUEUE.DEF

Reading files:
JQUEUE TXT        1603    HANHAT [ok]
JQUEUE DEF        2359    BENRIJ [ok]

FDM> READ JQUE.REQ,JQUE.DEF,JQUE.SAI

Reading files:
JQUE   REQ         144    PEKBAK [ok]
JQUE   DEF         256    KUQJIT [ok]
JQUE   SAI        5234    COWWUP [ok]

FDM> READ VMFILE.REQ,VMFILE.DEF,VMFILE.SAI

Reading files:
VMFILE REQ         191    KEXDEH [ok]
VMFILE DEF         280    FIQBAK [ok]
VMFILE SAI        7272    FEGVAR [ok]

FDM> READ DAYTIM.REQ,DAYTIM.SAI

Reading files:
DAYTIM REQ         146    HAQHUX [ok]
DAYTIM SAI        1656    BALLOG [ok]

FDM> READ XEXSUB.REQ,XEXSUB.SAI

Reading files:
XEXSUB REQ         221    TEVPAJ [ok]
XEXSUB SAI        2063    ZAQTUQ [ok]

FDM> READ XEXINT.REQ,XEXINT.SAI

Reading files:
XEXINT REQ         147    VICKAX [ok]
XEXINT SAI         643    VIJVUF [ok]

FDM> READ ESCTRP.REQ,ESCTRP.SAI

Reading files:
ESCTRP REQ         174    FULVEX [ok]
ESCTRP SAI         420    NIFKIM [ok]

FDM> READ FRMTRP.REQ,FRMTRP.SAI

Reading files:
FRMTRP REQ         258    VULVAB [ok]

FDM> READ VMFILE.004,VMFILE.DOC

Reading files:
VMFILE 004        6925    PUXMOZ [ok]
VMFILE DOC         509    TOJPEP [ok]

FDM> READ (HELGEM)NEXTIM.REQ

Reading files:
(HELGEM)NEXTIM REQ          40    CERGER [ok]

FDM> READ (HELGEM)NEXTIM.SAI

Reading files:
(HELGEM)NEXTIM SAI        3878    SIFWEW [ok]

FDM> READ (HELGEM)SUBMIT.DEF

Reading files:
(HELGEM)SUBMIT DEF         368    LESTEF [ok]

FDM> READ (HELGEM)SUBMIT.SAI

Reading files:
(HELGEM)SUBMIT SAI       17130    ZEZDAV [ok]

FDM> READ (HELGEM)PARSER.SAI

Reading files:
(HELGEM)PARSER SAI        4378    YADBEM [ok]

FDM> READ (HELGEM)SUBMSC.REQ

Reading files:
(HELGEM)SUBMSC REQ         426    YUWLAV [ok]

FDM> READ (HELGEM)SUBMSC.SAI

Reading files:
(HELGEM)SUBMSC SAI        4400    PECPAJ [ok]

FDM> DIRECTORY

Filename           Words  Date      Time      Checksum  (Edit)
XFER.CTL             164  12-Jun-86 21:42:32  TIPLOT
XEXEC.CMD              9  28-Jan-86 00:37:16  GAMHEW
XEXEC.INF           1033  10-Jun-86 18:05:12  SIMXEG
XEXEC.PAR             27  30-May-86 00:41:24  CEXKUX
XEXEC.REQ             32  22-May-86 02:45:59  MIDJOJ
XEXEC.SAI           6637  10-Jun-86 18:25:05  NUQCEY
EXECX.CMD             13  28-Jan-86 00:46:13  LOTDUT
EXECX.INF           1085  10-Jun-86 18:05:25  QIBGOW
EXECX.SAI          12073  10-Jun-86 18:28:14  YOJYIZ
JQUEUE.TXT          1603  27-May-86 19:17:45  HANHAT
JQUEUE.DEF          2359  09-Jun-86 19:52:37  BENRIJ
JQUE.REQ             144  08-Jun-86 14:59:14  PEKBAK
JQUE.DEF             256  08-Jun-86 15:00:24  KUQJIT
JQUE.SAI            5234  08-Jun-86 15:08:34  COWWUP
VMFILE.REQ           191  07-Jun-86 19:23:37  KEXDEH
VMFILE.DEF           280  07-Jun-86 18:55:35  FIQBAK
VMFILE.SAI          7272  07-Jun-86 20:51:32  FEGVAR
DAYTIM.REQ           146  21-Apr-86 22:13:14  HAQHUX
DAYTIM.SAI          1656  24-Apr-86 21:28:57  BALLOG
XEXSUB.REQ           221  03-Jun-86 13:13:31  TEVPAJ
XEXSUB.SAI          2063  10-Jun-86 15:10:20  ZAQTUQ
XEXINT.REQ           147  22-May-86 03:01:04  VICKAX
XEXINT.SAI           643  22-May-86 02:49:21  VIJVUF
ESCTRP.REQ           174  22-May-86 02:39:05  FULVEX
ESCTRP.SAI           420  22-May-86 02:27:47  NIFKIM
FRMTRP.REQ           258  22-May-86 02:24:10  VULVAB
VMFILE.004          6925  17-Jan-86 00:15:09  PUXMOZ
VMFILE.DOC           509  04-Jun-86 23:41:30  TOJPEP
NEXTIM.REQ            40  18-Apr-86 02:55:03  CERGER
NEXTIM.SAI          3878  05-Jun-86 20:03:38  SIFWEW
SUBMIT.DEF           368  06-Jun-86 15:44:26  LESTEF
SUBMIT.SAI         17130  12-Jun-86 15:14:14  ZEZDAV
PARSER.SAI          4378  10-Jun-86 13:34:19  YADBEM
SUBMSC.REQ           426  06-Jun-86 13:15:07  YUWLAV
SUBMSC.SAI          4400  06-Jun-86 13:18:01  PECPAJ

FDM> EXIT

[Master file XEXECX.FDM closed.]
35 files, 82544 words in master file.

End of FDM execution.

!DO COPY

Copy - A Telecopy Slave Driver
[Version 14.1 (50) 4-May-1983]
X62 13-Jun-86 00:15

File(s): XEXECX.fdm
Copy to user name [CARL]: CARL
Copy to system(s) [all]: 930,54,35
Supersede existing files? [N]Y
[Superseding existing files]
[Telecopy started in frame 5]
!;[End of XFER.CTL Transferring XEXECX.fdm to system(s) 930,54,35]
!LOGOUT
49.07 tru
terminal time: 0:02:08
!DAYTIME
14-JUN-1986 14:43:40 PDT

!DELETE XEXECX.fdm


!R (NFDM)FDM

[FDM File Utility %0.7]

FDM> OPEN XEXECX.fdm
[New file: XEXECX.FDM]
0 files, 0 words in master file.

FDM> READ XFER.CTL

Reading files:
XFER   CTL         170    ZOSVAV [ok]

FDM> READ XEXEC.CMD,XEXEC.INF,XEXEC.PAR,XEXEC.REQ,XEXEC.SAI

Reading files:
XEXEC  CMD          11    YIGYUD [ok]
XEXEC  INF        1072    QOFWAZ [ok]
XEXEC  PAR          27    CEXKUX [ok]
XEXEC  REQ          32    MIDJOJ [ok]
XEXEC  SAI        5187    ZALBOC [ok]

FDM> READ EXECX.CMD,EXECX.INF,EXECX.SAI

Reading files:
EXECX  CMD          15    GAKMUV [ok]
EXECX  INF        1124    TIRVUN [ok]
EXECX  SAI       11632    ROCWIG [ok]

FDM> READ JQUEUE.TXT,JQUEUE.DEF

Reading files:
JQUEUE TXT        1603    HANHAT [ok]
JQUEUE DEF        2372    YINKUS [ok]

FDM> READ JQUE.REQ,JQUE.DEF,JQUE.SAI

Reading files:
JQUE   REQ         144    PEKBAK [ok]
JQUE   DEF         256    KUQJIT [ok]
JQUE   SAI        5234    COWWUP [ok]

FDM> READ VMFILE.REQ,VMFILE.DEF,VMFILE.SAI

Reading files:
VMFILE REQ         200    MINNOW [ok]
VMFILE DEF         280    FIQBAK [ok]
VMFILE SAI        7272    FEGVAR [ok]

FDM> READ DAYTIM.REQ,DAYTIM.SAI

Reading files:
DAYTIM REQ         146    HAQHUX [ok]
DAYTIM SAI        1656    BALLOG [ok]

FDM> READ XEXPKG.REQ,XEXPKG.SAI

Reading files:
XEXPKG REQ         163    GIKDEQ [ok]
XEXPKG SAI        1687    KUSGEC [ok]

FDM> READ XEXSUB.REQ,XEXSUB.SAI

Reading files:
XEXSUB REQ         165    RIWLAM [ok]
XEXSUB SAI        1303    JOKJAT [ok]

FDM> READ XEXINT.REQ,XEXINT.SAI

Reading files:
XEXINT REQ         147    VICKAX [ok]
XEXINT SAI         643    VIJVUF [ok]

FDM> READ ESCTRP.REQ,ESCTRP.SAI

Reading files:
ESCTRP REQ         174    FULVEX [ok]
ESCTRP SAI         420    NIFKIM [ok]

FDM> READ FRMTRP.REQ,FRMTRP.SAI

Reading files:
FRMTRP REQ         258    VULVAB [ok]
FRMTRP SAI         742    GERBIR [ok]

FDM> READ VMFILE.004,VMFILE.DOC

Reading files:
VMFILE 004        6925    PUXMOZ [ok]
VMFILE DOC         509    TOJPEP [ok]

FDM> READ (HELGEM)NEXTIM.REQ

Reading files:
(HELGEM)NEXTIM REQ          40    CERGER [ok]

FDM> READ (HELGEM)NEXTIM.SAI

Reading files:
(HELGEM)NEXTIM SAI        3863    HEQCAQ [ok]

FDM> READ (HELGEM)SUBMIT.DEF

Reading files:
(HELGEM)SUBMIT DEF         368    TIJYIC [ok]

FDM> READ (HELGEM)SUBMIT.SAI

Reading files:
(HELGEM)SUBMIT SAI       17219    FAJBUB [ok]

FDM> READ (HELGEM)PARSER.SAI

Reading files:
(HELGEM)PARSER SAI        4378    YADBEM [ok]

FDM> READ (HELGEM)SUBMSC.REQ

Reading files:
(HELGEM)SUBMSC REQ         426    YUWLAV [ok]

FDM> READ (HELGEM)SUBMSC.SAI

Reading files:
(HELGEM)SUBMSC SAI        4400    PECPAJ [ok]

FDM> DIRECTORY

Filename           Words  Date      Time      Checksum  (Edit)
XFER.CTL             170  13-Jun-86 13:55:55  ZOSVAV
XEXEC.CMD             11  13-Jun-86 17:07:59  YIGYUD
XEXEC.INF           1072  13-Jun-86 17:38:30  QOFWAZ
XEXEC.PAR             27  30-May-86 00:41:24  CEXKUX
XEXEC.REQ             32  22-May-86 02:45:59  MIDJOJ
XEXEC.SAI           5187  14-Jun-86 13:01:37  ZALBOC
EXECX.CMD             15  13-Jun-86 17:08:22  GAKMUV
EXECX.INF           1124  13-Jun-86 17:38:09  TIRVUN
EXECX.SAI          11632  14-Jun-86 14:22:19  ROCWIG
JQUEUE.TXT          1603  27-May-86 19:17:45  HANHAT
JQUEUE.DEF          2372  13-Jun-86 18:57:33  YINKUS
JQUE.REQ             144  08-Jun-86 14:59:14  PEKBAK
JQUE.DEF             256  08-Jun-86 15:00:24  KUQJIT
JQUE.SAI            5234  08-Jun-86 15:08:34  COWWUP
VMFILE.REQ           200  13-Jun-86 17:22:28  MINNOW
VMFILE.DEF           280  07-Jun-86 18:55:35  FIQBAK
VMFILE.SAI          7272  07-Jun-86 20:51:32  FEGVAR
DAYTIM.REQ           146  21-Apr-86 22:13:14  HAQHUX
DAYTIM.SAI          1656  24-Apr-86 21:28:57  BALLOG
XEXPKG.REQ           163  14-Jun-86 13:59:35  GIKDEQ
XEXPKG.SAI          1687  14-Jun-86 14:03:44  KUSGEC
XEXSUB.REQ           165  13-Jun-86 13:55:06  RIWLAM
XEXSUB.SAI          1303  13-Jun-86 13:54:31  JOKJAT
XEXINT.REQ           147  22-May-86 03:01:04  VICKAX
XEXINT.SAI           643  22-May-86 02:49:21  VIJVUF
ESCTRP.REQ           174  22-May-86 02:39:05  FULVEX
ESCTRP.SAI           420  22-May-86 02:27:47  NIFKIM
FRMTRP.REQ           258  22-May-86 02:24:10  VULVAB
FRMTRP.SAI           742  13-Jun-86 19:35:03  GERBIR
VMFILE.004          6925  17-Jan-86 00:15:09  PUXMOZ
VMFILE.DOC           509  04-Jun-86 23:41:30  TOJPEP
NEXTIM.REQ            40  18-Apr-86 02:55:03  CERGER
NEXTIM.SAI          3863  13-Jun-86 13:07:59  HEQCAQ
SUBMIT.DEF           368  13-Jun-86 14:21:31  TIJYIC
SUBMIT.SAI         17219  13-Jun-86 15:58:45  FAJBUB
PARSER.SAI          4378  10-Jun-86 13:34:19  YADBEM
SUBMSC.REQ           426  06-Jun-86 13:15:07  YUWLAV
SUBMSC.SAI          4400  06-Jun-86 13:18:01  PECPAJ

FDM> EXIT

[Master file XEXECX.FDM closed.]
38 files, 82643 words in master file.

End of FDM execution.

!DO COPY

Copy - A Telecopy Slave Driver
[Version 14.1 (50) 4-May-1983]
X62 14-Jun-86 14:45

File(s): XEXECX.fdm
Copy to user name [CARL]: CARL
Copy to system(s) [all]: 930,54,35
Supersede existing files? [N]Y
[Superseding existing files]
[Telecopy started in frame 6]
!;[End of XFER.CTL Transferring XEXECX.fdm to system(s) 930,54,35]
!LOGOUT
50.82 tru
terminal time: 0:02:48
!DAYTIME
15-JUN-1986 19:51:43 PDT

!DELETE XEXECX.fdm


!R (NFDM)FDM

[FDM File Utility %0.7]

FDM> OPEN XEXECX.fdm
[New file: XEXECX.FDM]
0 files, 0 words in master file.

FDM> READ XFER.CTL

Reading files:
XFER   CTL         185    VIXXOC [ok]

FDM> READ XEXEC.CMD,XEXEC.INF,XEXEC.PAR,XEXEC.REQ,XEXEC.SAI

Reading files:
XEXEC  CMD          11    YIGYUD [ok]
XEXEC  INF        1202    NEWZOP [ok]
XEXEC  PAR          27    CEXKUX [ok]
XEXEC  REQ          32    MIDJOJ [ok]
XEXEC  SAI        5679    YAPREY [ok]

FDM> READ EXECX.CMD,EXECX.INF,EXECX.SAI

Reading files:
EXECX  CMD          15    GAKMUV [ok]
EXECX  INF        1193    ZAWRUW [ok]
EXECX  SAI       11585    FALGAJ [ok]

FDM> READ JQUEUE.TXT,JQUEUE.DEF

Reading files:
JQUEUE TXT        1603    HANHAT [ok]
JQUEUE DEF        2389    PIJSUW [ok]

FDM> READ JQUE.REQ,JQUE.DEF,JQUE.SAI

Reading files:
JQUE   REQ         144    PEKBAK [ok]
JQUE   DEF         256    KUQJIT [ok]
JQUE   SAI        5234    COWWUP [ok]

FDM> READ VMFILE.REQ,VMFILE.DEF,VMFILE.SAI

Reading files:
VMFILE REQ         200    MINNOW [ok]
VMFILE DEF         280    FIQBAK [ok]
VMFILE SAI        7272    FEGVAR [ok]

FDM> READ DAYTIM.REQ,DAYTIM.SAI

Reading files:
DAYTIM REQ         146    HAQHUX [ok]
DAYTIM SAI        1656    BALLOG [ok]

FDM> READ XEXPKG.REQ,XEXPKG.SAI

Reading files:
XEXPKG REQ         163    GIKDEQ [ok]
XEXPKG SAI        1685    MULGEB [ok]

FDM> READ XEXSUB.REQ,XEXSUB.SAI

Reading files:
XEXSUB REQ         165    RIWLAM [ok]
XEXSUB SAI        1303    JOKJAT [ok]

FDM> READ XEXINT.REQ,XEXINT.DEF,XEXINT.SAI

Reading files:
XEXINT REQ         496    TIKTIM [ok]
XEXINT DEF         205    GEDWAZ [ok]
XEXINT SAI        1629    KIZKIV [ok]

FDM> READ INTTRP.REQ,INTTRP.DEF,INTTRP.SAI

Reading files:
INTTRP REQ          31    POBWIC [ok]
INTTRP DEF         205    GEDWAZ [ok]
INTTRP SAI         113    POHZAH [ok]

FDM> READ ESCTRP.REQ,ESCTRP.SAI

Reading files:
ESCTRP REQ         174    FULVEX [ok]
ESCTRP SAI         388    CAQLUM [ok]

FDM> READ FRMTRP.REQ,FRMTRP.SAI

Reading files:
FRMTRP REQ         258    VULVAB [ok]
FRMTRP SAI         723    GIYTEV [ok]

FDM> READ VMFILE.004,VMFILE.DOC

Reading files:
VMFILE 004        6925    PUXMOZ [ok]
VMFILE DOC         509    TOJPEP [ok]

FDM> READ (HELGEM)NEXTIM.REQ

Reading files:
(HELGEM)NEXTIM REQ          40    CERGER [ok]

FDM> READ (HELGEM)NEXTIM.SAI

Reading files:
(HELGEM)NEXTIM SAI        3863    HEQCAQ [ok]

FDM> READ (HELGEM)SUBMIT.DEF

Reading files:
(HELGEM)SUBMIT DEF         368    TIJYIC [ok]

FDM> READ (HELGEM)SUBMIT.SAI

Reading files:
(HELGEM)SUBMIT      17219    FAJBUB [ok]

FDM> READ (HELGEM)PARSER.SAI

Reading files:
(HELGEM)PARSER SAI        4378    YADBEM [ok]

FDM> READ (HELGEM)SUBMSC.REQ

Reading files:
(HELGEM)SUBMSC REQ         426    YUWLAV [ok]

FDM> READ (HELGEM)SUBMSC.SAI

Reading files:
(HELGEM)SUBMSC SAI        4400    PECPAJ [ok]

FDM> READ (SAILIB)TYMINT.DEF

Reading files:
(SAILIB)TYMINT DEF         173    KATTER [ok]

FDM> DIRECTORY

Filename           Words  Date      Time      Checksum  (Edit)
XFER.CTL             185  15-Jun-86 17:49:40  VIXXOC
XEXEC.CMD             11  13-Jun-86 17:07:59  YIGYUD
XEXEC.INF           1202  15-Jun-86 19:28:09  NEWZOP
XEXEC.PAR             27  30-May-86 00:41:24  CEXKUX
XEXEC.REQ             32  22-May-86 02:45:59  MIDJOJ
XEXEC.SAI           5679  15-Jun-86 19:45:52  YAPREY
EXECX.CMD             15  13-Jun-86 17:08:22  GAKMUV
EXECX.INF           1193  15-Jun-86 18:21:48  ZAWRUW
EXECX.SAI          11585  15-Jun-86 17:46:12  FALGAJ
JQUEUE.TXT          1603  27-May-86 19:17:45  HANHAT
JQUEUE.DEF          2389  14-Jun-86 16:30:00  PIJSUW
JQUE.REQ             144  08-Jun-86 14:59:14  PEKBAK
JQUE.DEF             256  08-Jun-86 15:00:24  KUQJIT
JQUE.SAI            5234  08-Jun-86 15:08:34  COWWUP
VMFILE.REQ           200  13-Jun-86 17:22:28  MINNOW
VMFILE.DEF           280  07-Jun-86 18:55:35  FIQBAK
VMFILE.SAI          7272  07-Jun-86 20:51:32  FEGVAR
DAYTIM.REQ           146  21-Apr-86 22:13:14  HAQHUX
DAYTIM.SAI          1656  24-Apr-86 21:28:57  BALLOG
XEXPKG.REQ           163  14-Jun-86 13:59:35  GIKDEQ
XEXPKG.SAI          1685  14-Jun-86 14:49:05  MULGEB
XEXSUB.REQ           165  13-Jun-86 13:55:06  RIWLAM
XEXSUB.SAI          1303  13-Jun-86 13:54:31  JOKJAT
XEXINT.REQ           496  15-Jun-86 17:43:19  TIKTIM
XEXINT.DEF           205  15-Jun-86 16:56:29  GEDWAZ
XEXINT.SAI          1629  15-Jun-86 18:08:42  KIZKIV
INTTRP.REQ            31  15-Jun-86 16:26:06  POBWIC
INTTRP.DEF           205  15-Jun-86 16:28:22  GEDWAZ
INTTRP.SAI           113  15-Jun-86 16:18:05  POHZAH
ESCTRP.REQ           174  22-May-86 02:39:05  FULVEX
ESCTRP.SAI           388  15-Jun-86 16:08:04  CAQLUM
FRMTRP.REQ           258  22-May-86 02:24:10  VULVAB
FRMTRP.SAI           723  15-Jun-86 16:47:07  GIYTEV
VMFILE.004          6925  17-Jan-86 00:15:09  PUXMOZ
VMFILE.DOC           509  04-Jun-86 23:41:30  TOJPEP
NEXTIM.REQ            40  18-Apr-86 02:55:03  CERGER
NEXTIM.SAI          3863  13-Jun-86 13:07:59  HEQCAQ
SUBMIT.DEF           368  13-Jun-86 14:21:31  TIJYIC
SUBMIT.SAI         17219  13-Jun-86 15:58:45  FAJBUB
PARSER.SAI          4378  10-Jun-86 13:34:19  YADBEM
SUBMSC.REQ           426  06-Jun-86 13:15:07  YUWLAV
SUBMSC.SAI          4400  06-Jun-86 13:18:01  PECPAJ
TYMINT.DEF           173  15-Jun-86 15:05:50  KATTER

FDM> EXIT

[Master file XEXECX.FDM closed.]
43 files, 85378 words in master file.

End of FDM execution.

!DO COPY

Copy - A Telecopy Slave Driver
[Version 14.1 (50) 4-May-1983]
X62 15-Jun-86 19:54

File(s): XEXECX.fdm
Copy to user name [CARL]: CARL
Copy to system(s) [all]: 930,54,35
Supersede existing files? [N]Y
[Superseding existing files]
[Telecopy started in frame 6]
!;[End of XFER.CTL Transferring XEXECX.fdm to system(s) 930,54,35]
!LOGOUT
53.81 tru
terminal time: 0:02:40
!DAYTIME
16-JUN-1986 00:00:15 PDT

!DELETE XEXECX.fdm


!R (NFDM)FDM

[FDM File Utility %0.7]

FDM> OPEN XEXECX.fdm
[New file: XEXECX.FDM]
0 files, 0 words in master file.

FDM> READ XFER.CTL

Reading files:
XFER   CTL         185    VIXXOC [ok]

FDM> READ XEXEC.CMD,XEXEC.INF,XEXEC.PAR,XEXEC.REQ,XEXEC.SAI

Reading files:
XEXEC  CMD          11    YIGYUD [ok]
XEXEC  INF        1202    NEWZOP [ok]
XEXEC  PAR          27    CEXKUX [ok]
XEXEC  REQ          32    MIDJOJ [ok]
XEXEC  SAI        5697    FUWRAK [ok]

FDM> READ EXECX.CMD,EXECX.INF,EXECX.SAI

Reading files:
EXECX  CMD          15    GAKMUV [ok]
EXECX  INF        1193    ZAWRUW [ok]
EXECX  SAI       11585    NASDOF [ok]

FDM> READ JQUEUE.TXT,JQUEUE.DEF

Reading files:
JQUEUE TXT        1603    HANHAT [ok]
JQUEUE DEF        2389    PIJSUW [ok]

FDM> READ JQUE.REQ,JQUE.DEF,JQUE.SAI

Reading files:
JQUE   REQ         144    PEKBAK [ok]
JQUE   DEF         256    KUQJIT [ok]
JQUE   SAI        5234    COWWUP [ok]

FDM> READ VMFILE.REQ,VMFILE.DEF,VMFILE.SAI

Reading files:
VMFILE REQ         200    MINNOW [ok]
VMFILE DEF         280    FIQBAK [ok]
VMFILE SAI        7272    FEGVAR [ok]

FDM> READ DAYTIM.REQ,DAYTIM.SAI

Reading files:
DAYTIM REQ         146    HAQHUX [ok]
DAYTIM SAI        1656    BALLOG [ok]

FDM> READ XEXPKG.REQ,XEXPKG.SAI

Reading files:
XEXPKG REQ         163    GIKDEQ [ok]
XEXPKG SAI        1685    MULGEB [ok]

FDM> READ XEXSUB.REQ,XEXSUB.SAI

Reading files:
XEXSUB REQ         165    RIWLAM [ok]
XEXSUB SAI        1303    JOKJAT [ok]

FDM> READ XEXINT.REQ,XEXINT.DEF,XEXINT.SAI

Reading files:
XEXINT REQ         496    TIKTIM [ok]
XEXINT DEF         205    GEDWAZ [ok]
XEXINT SAI        1629    KIZKIV [ok]

FDM> READ INTTRP.REQ,INTTRP.DEF,INTTRP.SAI

Reading files:
INTTRP REQ          31    POBWIC [ok]
INTTRP DEF         205    GEDWAZ [ok]
INTTRP SAI         113    POHZAH [ok]

FDM> READ ESCTRP.REQ,ESCTRP.SAI

Reading files:
ESCTRP REQ         174    FULVEX [ok]
ESCTRP SAI         388    CAQLUM [ok]

FDM> READ FRMTRP.REQ,FRMTRP.SAI

Reading files:
FRMTRP REQ         258    VULVAB [ok]
FRMTRP SAI         723    GIYTEV [ok]

FDM> READ VMFILE.004,VMFILE.DOC

Reading files:
VMFILE 004        6925    PUXMOZ [ok]
VMFILE DOC         509    TOJPEP [ok]

FDM> READ (HELGEM)NEXTIM.REQ

Reading files:
(HELGEM)NEXTIM REQ          40    CERGER [ok]

FDM> READ (HELGEM)NEXTIM.SAI

Reading files:
(HELGEM)NEXTIM SAI        3863    HEQCAQ [ok]

FDM> READ (HELGEM)SUBMIT.DEF

Reading files:
(HELGEM)SUBMIT DEF         368    TIJYIC [ok]

FDM> READ (HELGEM)SUBMIT.SAI

Reading files:
(HELGEM)SUBMIT SAI       17219    FAJBUB [ok]

FDM> READ (HELGEM)PARSER.SAI

Reading files:
(HELGEM)PARSER SAI        4378    YADBEM [ok]

FDM> READ (HELGEM)SUBMSC.REQ

Reading files:
(HELGEM)SUBMSC REQ         426    YUWLAV [ok]

FDM> READ (HELGEM)SUBMSC.SAI

Reading files:
(HELGEM)SUBMSC SAI        4400    PECPAJ [ok]

FDM> READ (SAILIB)TYMINT.DEF

Reading files:
(SAILIB)TYMINT DEF         173    KATTER [ok]

FDM> DIRECTORY

Filename           Words  Date      Time      Checksum  (Edit)
XFER.CTL             185  15-Jun-86 17:49:40  VIXXOC
XEXEC.CMD             11  13-Jun-86 17:07:59  YIGYUD
XEXEC.INF           1202  15-Jun-86 19:28:09  NEWZOP
XEXEC.PAR             27  30-May-86 00:41:24  CEXKUX
XEXEC.REQ             32  22-May-86 02:45:59  MIDJOJ
XEXEC.SAI           5697  15-Jun-86 20:46:06  FUWRAK
EXECX.CMD             15  13-Jun-86 17:08:22  GAKMUV
EXECX.INF           1193  15-Jun-86 18:21:48  ZAWRUW
EXECX.SAI          11585  15-Jun-86 20:04:26  NASDOF
JQUEUE.TXT          1603  27-May-86 19:17:45  HANHAT
JQUEUE.DEF          2389  14-Jun-86 16:30:00  PIJSUW
JQUE.REQ             144  08-Jun-86 14:59:14  PEKBAK
JQUE.DEF             256  08-Jun-86 15:00:24  KUQJIT
JQUE.SAI            5234  08-Jun-86 15:08:34  COWWUP
VMFILE.REQ           200  13-Jun-86 17:22:28  MINNOW
VMFILE.DEF           280  07-Jun-86 18:55:35  FIQBAK
VMFILE.SAI          7272  07-Jun-86 20:51:32  FEGVAR
DAYTIM.REQ           146  21-Apr-86 22:13:14  HAQHUX
DAYTIM.SAI          1656  24-Apr-86 21:28:57  BALLOG
XEXPKG.REQ           163  14-Jun-86 13:59:35  GIKDEQ
XEXPKG.SAI          1685  14-Jun-86 14:49:05  MULGEB
XEXSUB.REQ           165  13-Jun-86 13:55:06  RIWLAM
XEXSUB.SAI          1303  13-Jun-86 13:54:31  JOKJAT
XEXINT.REQ           496  15-Jun-86 17:43:19  TIKTIM
XEXINT.DEF           205  15-Jun-86 16:56:29  GEDWAZ
XEXINT.SAI          1629  15-Jun-86 18:08:42  KIZKIV
INTTRP.REQ            31  15-Jun-86 16:26:06  POBWIC
INTTRP.DEF           205  15-Jun-86 16:28:22  GEDWAZ
INTTRP.SAI           113  15-Jun-86 16:18:05  POHZAH
ESCTRP.REQ           174  22-May-86 02:39:05  FULVEX
ESCTRP.SAI           388  15-Jun-86 16:08:04  CAQLUM
FRMTRP.REQ           258  22-May-86 02:24:10  VULVAB
FRMTRP.SAI           723  15-Jun-86 16:47:07  GIYTEV
VMFILE.004          6925  17-Jan-86 00:15:09  PUXMOZ
VMFILE.DOC           509  04-Jun-86 23:41:30  TOJPEP
NEXTIM.REQ            40  18-Apr-86 02:55:03  CERGER
NEXTIM.SAI          3863  13-Jun-86 13:07:59  HEQCAQ
SUBMIT.DEF           368  13-Jun-86 14:21:31  TIJYIC
SUBMIT.SAI         17219  13-Jun-86 15:58:45  FAJBUB
PARSER.SAI          4378  10-Jun-86 13:34:19  YADBEM
SUBMSC.REQ           426  06-Jun-86 13:15:07  YUWLAV
SUBMSC.SAI          4400  06-Jun-86 13:18:01  PECPAJ
TYMINT.DEF           173  15-Jun-86 15:05:50  KATTER

FDM> EXIT

[Master file XEXECX.FDM closed.]
43 files, 85396 words in master file.

End of FDM execution.

!DO COPY

Copy - A Telecopy Slave Driver
[Version 14.1 (50) 4-May-1983]
X62 16-Jun-86 00:02

File(s): XEXECX.fdm
Copy to user name [CARL]: CARL
Copy to system(s) [all]: 930,54,35
Supersede existing files? [N]Y
[Superseding existing files]
[Telecopy started in frame 5]
!;[End of XFER.CTL Transferring XEXECX.fdm to system(s) 930,54,35]
!LOGOUT
53.65 tru
terminal time: 0:02:10
!DAYTIME
17-JUN-1986 00:00:18 PDT

!DELETE XEXECX.fdm


!R (NFDM)FDM

[FDM File Utility %0.7]

FDM> OPEN XEXECX.fdm
[New file: XEXECX.FDM]
0 files, 0 words in master file.

FDM> READ XFER.CTL

Reading files:
XFER   CTL         185    VIXXOC [ok]

FDM> READ XEXEC.CMD,XEXEC.INF,XEXEC.PAR,XEXEC.REQ,XEXEC.SAI

Reading files:
XEXEC  CMD          13    TAYKOT [ok]
XEXEC  INF        1272    XILCUQ [ok]
XEXEC  PAR          27    CEXKUX [ok]
XEXEC  REQ          32    MIDJOJ [ok]
XEXEC  SAI        5801    ZEFSON [ok]

FDM> READ EXECX.CMD,EXECX.INF,EXECX.SAI

Reading files:
EXECX  CMD          15    TEYNAP [ok]
EXECX  INF        1193    ZAWRUW [ok]
EXECX  SAI       11585    NASDOF [ok]

FDM> READ JQUEUE.TXT,JQUEUE.DEF

Reading files:
JQUEUE TXT        1603    HANHAT [ok]
JQUEUE DEF        2389    PIJSUW [ok]

FDM> READ JQUE.REQ,JQUE.DEF,JQUE.SAI

Reading files:
JQUE   REQ         144    PEKBAK [ok]
JQUE   DEF         256    KUQJIT [ok]
JQUE   SAI        5234    COWWUP [ok]

FDM> READ VMFILE.REQ,VMFILE.DEF,VMFILE.SAI

Reading files:
VMFILE REQ         200    MINNOW [ok]
VMFILE DEF         280    FIQBAK [ok]
VMFILE SAI        7272    FEGVAR [ok]

FDM> READ DAYTIM.REQ,DAYTIM.SAI

Reading files:
DAYTIM REQ         146    HAQHUX [ok]
DAYTIM SAI        1656    BALLOG [ok]

FDM> READ XEXPKG.REQ,XEXPKG.SAI

Reading files:
XEXPKG REQ         163    GIKDEQ [ok]
XEXPKG SAI        1685    MULGEB [ok]

FDM> READ XEXSUB.REQ,XEXSUB.SAI

Reading files:
XEXSUB REQ         165    RIWLAM [ok]
XEXSUB SAI        1303    JOKJAT [ok]

FDM> READ XEXINT.REQ,XEXINT.DEF,XEXINT.SAI

Reading files:
XEXINT REQ         496    TIKTIM [ok]
XEXINT DEF         205    GEDWAZ [ok]
XEXINT SAI        1539    HUWHIQ [ok]

FDM> READ INTTRP.REQ,INTTRP.DEF,INTTRP.SAI

Reading files:
INTTRP REQ          31    POBWIC [ok]
INTTRP DEF         205    GEDWAZ [ok]
INTTRP SAI         113    POHZAH [ok]

FDM> READ ESCTRP.REQ,ESCTRP.SAI

Reading files:
ESCTRP REQ         174    FULVEX [ok]
ESCTRP SAI         388    CAQLUM [ok]

FDM> READ FRMTRP.REQ,FRMTRP.SAI

Reading files:
FRMTRP REQ         258    VULVAB [ok]
FRMTRP SAI         723    GIYTEV [ok]

FDM> READ VMFILE.004,VMFILE.DOC

Reading files:
VMFILE 004        6925    PUXMOZ [ok]
VMFILE DOC         509    TOJPEP [ok]

FDM> READ (HELGEM)NEXTIM.REQ

Reading files:
(HELGEM)NEXTIM REQ          40    CERGER [ok]

FDM> READ (HELGEM)NEXTIM.SAI

Reading files:
(HELGEM)NEXTIM SAI        3863    HEQCAQ [ok]

FDM> READ (HELGEM)SUBMIT.DEF

Reading files:
(HELGEM)SUBMIT DEF         368    NAYNEG [ok]

FDM> READ (HELGEM)SUBMIT.SAI

Reading files:
(HELGEM)SUBMIT SAI       17554    NUBPUJ [ok]

FDM> READ (HELGEM)PARSER.SAI

Reading files:
(HELGEM)PARSER SAI        4378    YADBEM [ok]

FDM> READ (HELGEM)SUBMSC.REQ

Reading files:
(HELGEM)SUBMSC REQ         426    YUWLAV [ok]

FDM> READ (HELGEM)SUBMSC.SAI

Reading files:
(HELGEM)SUBMSC SAI        4400    PECPAJ [ok]

FDM> READ (SAILIB)TYMINT.DEF

Reading files:
(SAILIB)TYMINT DEF         173    KATTER [ok]

FDM> DIRECTORY

Filename           Words  Date      Time      Checksum  (Edit)
XFER.CTL             185  15-Jun-86 17:49:40  VIXXOC
XEXEC.CMD             13  16-Jun-86 15:39:30  TAYKOT
XEXEC.INF           1272  16-Jun-86 20:51:15  XILCUQ
XEXEC.PAR             27  30-May-86 00:41:24  CEXKUX
XEXEC.REQ             32  22-May-86 02:45:59  MIDJOJ
XEXEC.SAI           5801  16-Jun-86 21:11:36  ZEFSON
EXECX.CMD             15  16-Jun-86 15:40:10  TEYNAP
EXECX.INF           1193  15-Jun-86 18:21:48  ZAWRUW
EXECX.SAI          11585  15-Jun-86 20:04:26  NASDOF
JQUEUE.TXT          1603  27-May-86 19:17:45  HANHAT
JQUEUE.DEF          2389  14-Jun-86 16:30:00  PIJSUW
JQUE.REQ             144  08-Jun-86 14:59:14  PEKBAK
JQUE.DEF             256  08-Jun-86 15:00:24  KUQJIT
JQUE.SAI            5234  08-Jun-86 15:08:34  COWWUP
VMFILE.REQ           200  13-Jun-86 17:22:28  MINNOW
VMFILE.DEF           280  07-Jun-86 18:55:35  FIQBAK
VMFILE.SAI          7272  07-Jun-86 20:51:32  FEGVAR
DAYTIM.REQ           146  21-Apr-86 22:13:14  HAQHUX
DAYTIM.SAI          1656  24-Apr-86 21:28:57  BALLOG
XEXPKG.REQ           163  14-Jun-86 13:59:35  GIKDEQ
XEXPKG.SAI          1685  14-Jun-86 14:49:05  MULGEB
XEXSUB.REQ           165  13-Jun-86 13:55:06  RIWLAM
XEXSUB.SAI          1303  13-Jun-86 13:54:31  JOKJAT
XEXINT.REQ           496  15-Jun-86 17:43:19  TIKTIM
XEXINT.DEF           205  15-Jun-86 16:56:29  GEDWAZ
XEXINT.SAI          1539  16-Jun-86 20:45:05  HUWHIQ
INTTRP.REQ            31  15-Jun-86 16:26:06  POBWIC
INTTRP.DEF           205  15-Jun-86 16:28:22  GEDWAZ
INTTRP.SAI           113  15-Jun-86 16:18:05  POHZAH
ESCTRP.REQ           174  22-May-86 02:39:05  FULVEX
ESCTRP.SAI           388  15-Jun-86 16:08:04  CAQLUM
FRMTRP.REQ           258  22-May-86 02:24:10  VULVAB
FRMTRP.SAI           723  15-Jun-86 16:47:07  GIYTEV
VMFILE.004          6925  17-Jan-86 00:15:09  PUXMOZ
VMFILE.DOC           509  04-Jun-86 23:41:30  TOJPEP
NEXTIM.REQ            40  18-Apr-86 02:55:03  CERGER
NEXTIM.SAI          3863  13-Jun-86 13:07:59  HEQCAQ
SUBMIT.DEF           368  16-Jun-86 11:53:22  NAYNEG
SUBMIT.SAI         17554  16-Jun-86 16:19:52  NUBPUJ
PARSER.SAI          4378  10-Jun-86 13:34:19  YADBEM
SUBMSC.REQ           426  06-Jun-86 13:15:07  YUWLAV
SUBMSC.SAI          4400  06-Jun-86 13:18:01  PECPAJ
TYMINT.DEF           173  15-Jun-86 15:05:50  KATTER

FDM> EXIT

[Master file XEXECX.FDM closed.]
43 files, 85817 words in master file.

End of FDM execution.

!DO COPY

Copy - A Telecopy Slave Driver
[Version 14.1 (50) 4-May-1983]
X62 17-Jun-86 00:02

File(s): XEXECX.fdm
Copy to user name [CARL]: CARL
Copy to system(s) [all]: 930,54,35
Supersede existing files? [N]Y
[Superseding existing files]
[Telecopy started in frame 7]
!;[End of XFER.CTL Transferring XEXECX.fdm to system(s) 930,54,35]
!LOGOUT
53.46 tru
terminal time: 0:02:13
!:PARAMETERS VER="FDM",SYS="930",FILE="XEXECX",END="COPY"
??

!DAYTIME
18-JUN-1986 17:24:45 PDT

!DELETE .
COMMAND ERROR: 
DELETE .
       ^
!R (NFDM)FDM

[FDM File Utility %0.7]

FDM> OPEN .

% Wildcards illegal in master file.

FDM> READ XFER.CTL

% No master file open.

FDM> READ XEXEC.CMD,XEXEC.INF,XEXEC.PAR,XEXEC.REQ,XEXEC.SAI

% No master file open.

FDM> READ EXECX.CMD,EXECX.INF,EXECX.SAI

% No master file open.

FDM> READ JQUEUE.TXT,JQUEUE.DEF

% No master file open.

FDM> READ JQUE.REQ,JQUE.DEF,JQUE.SAI

% No master file open.

FDM> READ VMFILE.REQ,VMFILE.DEF,VMFILE.SAI

% No master file open.

FDM> READ DAYTIM.REQ,DAYTIM.SAI

% No master file open.

FDM> READ XEXPKG.REQ,XEXPKG.SAI

% No master file open.

FDM> READ XEXSUB.REQ,XEXSUB.SAI

% No master file open.

FDM> READ XEXINT.REQ,XEXINT.DEF,XEXINT.SAI

% No master file open.

FDM> READ INTTRP.REQ,INTTRP.DEF,INTTRP.SAI

% No master file open.

FDM> READ ESCTRP.REQ,ESCTRP.SAI

% No master file open.

FDM> READ FRMTRP.REQ,FRMTRP.SAI

% No master file open.

FDM> READ VMFILE.004,VMFILE.DOC

% No master file open.

FDM> READ (HELGEM)NEXTIM.REQ

% No master file open.

FDM> READ (HELGEM)NEXTIM.SAI

% No master file open.

FDM> READ (HELGEM)SUBMIT.DEF

% No master file open.

FDM> READ (HELGEM)SUBMIT.SAI

% No master file open.

FDM> READ (HELGEM)PARSER.SAI

% No master file open.

FDM> READ (HELGEM)SUBMSC.REQ

% No master file open.

FDM> READ (HELGEM)SUBMSC.SAI

% No master file open.

FDM> READ (SAILIB)TYMINT.DEF

% No master file open.

FDM> DIRECTORY

% No master file open.

FDM> EXIT

End of FDM execution.

!:GOTO 
??

!::COPY
??

!DO COPY

Copy - A Telecopy Slave Driver
[Version 14.1 (50) 4-May-1983]
X62 18-Jun-86 17:25

File(s): .

SYNTAX ERROR
!CARL
?too few arguments

!
!Y
?too few arguments

!::END
??

!;[End of XFER.CTL Transferring . to system(s) ]
!!    !DAYTIME
22-JUN-1986 02:25:25 PDT

!DELETE XEXECX.fdm


!R (NFDM)FDM

[FDM File Utility %0.7]

FDM> OPEN XEXECX.fdm
[New file: XEXECX.FDM]
0 files, 0 words in master file.

FDM> READ XFER.CTL

Reading files:
XFER   CTL         185    VIXXOC [ok]

FDM> READ XEXEC.CMD,XEXEC.INF,XEXEC.PAR,XEXEC.REQ,XEXEC.SAI

Reading files:
XEXEC  CMD          13    TAYKOT [ok]
XEXEC  INF        1316    FOFJOH [ok]
XEXEC  PAR          27    CEXKUX [ok]
XEXEC  REQ          32    MIDJOJ [ok]
XEXEC  SAI        5906    HOHVAZ [ok]

FDM> READ EXECX.CMD,EXECX.INF,EXECX.SAI

Reading files:
EXECX  CMD          15    TEYNAP [ok]
EXECX  INF        1262    VODGEQ [ok]
EXECX  SAI       11595    KIBBAP [ok]

FDM> READ JQUEUE.TXT,JQUEUE.DEF

Reading files:
JQUEUE TXT        1603    HANHAT [ok]
JQUEUE DEF        2401    NOWCIN [ok]

FDM> READ JQUE.REQ,JQUE.DEF,JQUE.SAI

Reading files:
JQUE   REQ         144    PEKBAK [ok]
JQUE   DEF         256    KUQJIT [ok]
JQUE   SAI        5268    WATYOD [ok]

FDM> READ VMFILE.REQ,VMFILE.DEF,VMFILE.SAI

Reading files:
VMFILE REQ         200    MINNOW [ok]
VMFILE DEF         280    FIQBAK [ok]
VMFILE SAI        7272    FEGVAR [ok]

FDM> READ DAYTIM.REQ,DAYTIM.SAI

Reading files:
DAYTIM REQ         146    HAQHUX [ok]
DAYTIM SAI        1656    BALLOG [ok]

FDM> READ XEXPKG.REQ,XEXPKG.SAI

Reading files:
XEXPKG REQ         163    GIKDEQ [ok]
XEXPKG SAI        1685    MULGEB [ok]

FDM> READ XEXSUB.REQ,XEXSUB.SAI

Reading files:
XEXSUB REQ         165    RIWLAM [ok]
XEXSUB SAI        1303    JOKJAT [ok]

FDM> READ XEXINT.REQ,XEXINT.DEF,XEXINT.SAI

Reading files:
XEXINT REQ         496    TIKTIM [ok]
XEXINT DEF         205    CEZTEV [ok]
XEXINT SAI        1542    VOFSUQ [ok]

FDM> READ INTTRP.REQ,INTTRP.DEF,INTTRP.SAI

Reading files:
INTTRP REQ          31    POBWIC [ok]
INTTRP DEF         205    GEDWAZ [ok]
INTTRP SAI         113    POHZAH [ok]

FDM> READ ESCTRP.REQ,ESCTRP.SAI

Reading files:
ESCTRP REQ         174    FULVEX [ok]
ESCTRP SAI         388    CAQLUM [ok]

FDM> READ FRMTRP.REQ,FRMTRP.SAI

Reading files:
FRMTRP REQ         258    VULVAB [ok]
FRMTRP SAI         723    GIYTEV [ok]

FDM> READ VMFILE.004,VMFILE.DOC

Reading files:
VMFILE 004        6925    PUXMOZ [ok]
VMFILE DOC         509    TOJPEP [ok]

FDM> READ (HELGEM)NEXTIM.REQ

Reading files:
(HELGEM)NEXTIM REQ          40    CERGER [ok]

FDM> READ (HELGEM)NEXTIM.SAI

Reading files:
(HELGEM)NEXTIM SAI        3863    HEQCAQ [ok]

FDM> READ (HELGEM)SUBMIT.DEF

Reading files:
(HELGEM)SUBMIT DEF         368    NASXON [ok]

FDM> READ (HELGEM)SUBMIT.SAI

Reading files:
(HELGEM)SUBMIT SAI       18690    YODLUR [ok]

FDM> READ (HELGEM)PARSER.SAI

Reading files:
(HELGEM)PARSER SAI        4378    YADBEM [ok]

FDM> READ (HELGEM)SUBMSC.REQ

Reading files:
(HELGEM)SUBMSC REQ         442    MOYTIJ [ok]

FDM> READ (HELGEM)SUBMSC.SAI

Reading files:
(HELGEM)SUBMSC SAI        4439    ZIZPOC [ok]

FDM> READ (SAILIB)TYMINT.DEF

Reading files:
(SAILIB)TYMINT DEF         173    KATTER [ok]

FDM> DIRECTORY

Filename           Words  Date      Time      Checksum  (Edit)
XFER.CTL             185  15-Jun-86 17:49:40  VIXXOC
XEXEC.CMD             13  16-Jun-86 15:39:30  TAYKOT
XEXEC.INF           1316  21-Jun-86 17:10:13  FOFJOH
XEXEC.PAR             27  30-May-86 00:41:24  CEXKUX
XEXEC.REQ             32  22-May-86 02:45:59  MIDJOJ
XEXEC.SAI           5906  22-Jun-86 01:14:28  HOHVAZ
EXECX.CMD             15  16-Jun-86 15:40:10  TEYNAP
EXECX.INF           1262  21-Jun-86 17:02:56  VODGEQ
EXECX.SAI          11595  21-Jun-86 17:57:26  KIBBAP
JQUEUE.TXT          1603  27-May-86 19:17:45  HANHAT
JQUEUE.DEF          2401  17-Jun-86 14:26:04  NOWCIN
JQUE.REQ             144  08-Jun-86 14:59:14  PEKBAK
JQUE.DEF             256  08-Jun-86 15:00:24  KUQJIT
JQUE.SAI            5268  21-Jun-86 16:10:10  WATYOD
VMFILE.REQ           200  13-Jun-86 17:22:28  MINNOW
VMFILE.DEF           280  07-Jun-86 18:55:35  FIQBAK
VMFILE.SAI          7272  07-Jun-86 20:51:32  FEGVAR
DAYTIM.REQ           146  21-Apr-86 22:13:14  HAQHUX
DAYTIM.SAI          1656  24-Apr-86 21:28:57  BALLOG
XEXPKG.REQ           163  14-Jun-86 13:59:35  GIKDEQ
XEXPKG.SAI          1685  14-Jun-86 14:49:05  MULGEB
XEXSUB.REQ           165  13-Jun-86 13:55:06  RIWLAM
XEXSUB.SAI          1303  13-Jun-86 13:54:31  JOKJAT
XEXINT.REQ           496  15-Jun-86 17:43:19  TIKTIM
XEXINT.DEF           205  22-Jun-86 01:17:55  CEZTEV
XEXINT.SAI          1542  22-Jun-86 01:20:51  VOFSUQ
INTTRP.REQ            31  15-Jun-86 16:26:06  POBWIC
INTTRP.DEF           205  15-Jun-86 16:28:22  GEDWAZ
INTTRP.SAI           113  15-Jun-86 16:18:05  POHZAH
ESCTRP.REQ           174  22-May-86 02:39:05  FULVEX
ESCTRP.SAI           388  15-Jun-86 16:08:04  CAQLUM
FRMTRP.REQ           258  22-May-86 02:24:10  VULVAB
FRMTRP.SAI           723  15-Jun-86 16:47:07  GIYTEV
VMFILE.004          6925  17-Jan-86 00:15:09  PUXMOZ
VMFILE.DOC           509  04-Jun-86 23:41:30  TOJPEP
NEXTIM.REQ            40  18-Apr-86 02:55:03  CERGER
NEXTIM.SAI          3863  13-Jun-86 13:07:59  HEQCAQ
SUBMIT.DEF           368  20-Jun-86 10:40:05  NASXON
SUBMIT.SAI         18690  20-Jun-86 17:53:38  YODLUR
PARSER.SAI          4378  10-Jun-86 13:34:19  YADBEM
SUBMSC.REQ           442  20-Jun-86 09:15:59  MOYTIJ
SUBMSC.SAI          4439  20-Jun-86 09:43:42  ZIZPOC
TYMINT.DEF           173  15-Jun-86 15:05:50  KATTER

FDM> EXIT

[Master file XEXECX.FDM closed.]
43 files, 87285 words in master file.

End of FDM execution.

!DO COPY

Copy - A Telecopy Slave Driver
[Version 14.1 (50) 4-May-1983]
X62 22-Jun-86 02:28

File(s): XEXECX.fdm
Copy to user name [CARL]: CARL
Copy to system(s) [all]: 930,54,35
Supersede existing files? [N]Y
[Superseding existing files]
[Telecopy started in frame 7]
!;[End of XFER.CTL Transferring XEXECX.fdm to system(s) 930,54,35]
!LOGOUT
54.07 tru
terminal time: 0:03:02
!DAYTIME
29-JUN-1986 14:11:12 PDT

!DELETE XEXECX.fdm


!R (NFDM)FDM

[FDM File Utility %0.7]

FDM> OPEN XEXECX.fdm
[New file: XEXECX.FDM]
0 files, 0 words in master file.

FDM> READ XFER.CTL

Reading files:
XFER   CTL         185    VIXXOC [ok]

FDM> READ XEXEC.CMD,XEXEC.INF,XEXEC.PAR,XEXEC.REQ,XEXEC.SAI

Reading files:
XEXEC  CMD          13    TAYKOT [ok]
XEXEC  INF        1468    QOSGUY [ok]
XEXEC  PAR          27    CEXKUX [ok]
XEXEC  REQ          37    ZARYAZ [ok]
XEXEC  SAI        6036    QAGRAN [ok]

FDM> READ EXECX.CMD,EXECX.INF,EXECX.SAI

Reading files:
EXECX  CMD          15    TEYNAP [ok]
EXECX  INF        1443    VORMEP [ok]
EXECX  SAI       11766    BOQKIC [ok]

FDM> READ JQUEUE.TXT,JQUEUE.DEF

Reading files:
JQUEUE TXT        1603    HANHAT [ok]
JQUEUE DEF        2448    TEXYEN [ok]

FDM> READ JQUE.REQ,JQUE.DEF,JQUE.SAI

Reading files:
JQUE   REQ         144    MUHDUQ [ok]
JQUE   DEF         256    KUQJIT [ok]
JQUE   SAI        5444    GOVFOH [ok]

FDM> READ VMFILE.REQ,VMFILE.DEF,VMFILE.SAI

Reading files:
VMFILE REQ         200    MINNOW [ok]
VMFILE DEF         280    FIQBAK [ok]
VMFILE SAI        7272    FEGVAR [ok]

FDM> READ DAYTIM.REQ,DAYTIM.SAI

Reading files:
DAYTIM REQ         146    HAQHUX [ok]
DAYTIM SAI        1656    BALLOG [ok]

FDM> READ XEXPKG.REQ,XEXPKG.SAI

Reading files:
XEXPKG REQ         163    GIKDEQ [ok]
XEXPKG SAI        1757    COJFIF [ok]

FDM> READ XEXSUB.REQ,XEXSUB.SAI

Reading files:
XEXSUB REQ         165    RIWLAM [ok]
XEXSUB SAI        1303    JOKJAT [ok]

FDM> READ XEXINT.REQ,XEXINT.DEF,XEXINT.SAI

Reading files:
XEXINT REQ         496    ZEXZOZ [ok]
XEXINT DEF         205    CEZTEV [ok]
XEXINT SAI        1711    WURFOB [ok]

FDM> READ INTTRP.REQ,INTTRP.DEF,INTTRP.SAI

Reading files:
INTTRP REQ          31    POBWIC [ok]
INTTRP DEF         205    GEDWAZ [ok]
INTTRP SAI         113    POHZAH [ok]

FDM> READ ESCTRP.REQ,ESCTRP.SAI

Reading files:
ESCTRP REQ         174    FULVEX [ok]
ESCTRP SAI         388    CAQLUM [ok]

FDM> READ FRMTRP.REQ,FRMTRP.SAI

Reading files:
FRMTRP REQ         258    VULVAB [ok]
FRMTRP SAI         723    GIYTEV [ok]

FDM> READ VMFILE.004,VMFILE.DOC

Reading files:
VMFILE 004        6925    PUXMOZ [ok]
VMFILE DOC         509    TOJPEP [ok]

FDM> READ (HELGEM)NEXTIM.REQ

Reading files:
(HELGEM)NEXTIM REQ          40    CERGER [ok]

FDM> READ (HELGEM)NEXTIM.SAI

Reading files:
(HELGEM)NEXTIM SAI        3863    HEQCAQ [ok]

FDM> READ (HELGEM)SUBMIT.DEF

Reading files:
(HELGEM)SUBMIT DEF         368    SADZAY [ok]

FDM> READ (HELGEM)SUBMIT.SAI

Reading files:
(HELGEM)SUBMIT SAI       21254    DEDFAG [ok]

FDM> READ (HELGEM)PARSER.SAI

Reading files:
(HELGEM)PARSER SAI        4544    QECHUD [ok]

FDM> READ (HELGEM)SUBMSC.REQ

Reading files:
(HELGEM)SUBMSC REQ         463    LOXCAH [ok]

FDM> READ (HELGEM)SUBMSC.SAI

Reading files:
(HELGEM)SUBMSC SAI        4885    BICLIZ [ok]

FDM> READ (SAILIB)TYMINT.DEF

Reading files:
(SAILIB)TYMINT DEF         173    KATTER [ok]

FDM> DIRECTORY

Filename           Words  Date      Time      Checksum  (Edit)
XFER.CTL             185  15-Jun-86 17:49:40  VIXXOC
XEXEC.CMD             13  16-Jun-86 15:39:30  TAYKOT
XEXEC.INF           1468  28-Jun-86 20:18:47  QOSGUY
XEXEC.PAR             27  30-May-86 00:41:24  CEXKUX
XEXEC.REQ             37  22-Jun-86 19:49:15  ZARYAZ
XEXEC.SAI           6036  28-Jun-86 20:11:59  QAGRAN
EXECX.CMD             15  16-Jun-86 15:40:10  TEYNAP
EXECX.INF           1443  28-Jun-86 20:17:08  VORMEP
EXECX.SAI          11766  28-Jun-86 20:12:43  BOQKIC
JQUEUE.TXT          1603  27-May-86 19:17:45  HANHAT
JQUEUE.DEF          2448  24-Jun-86 14:00:34  TEXYEN
JQUE.REQ             144  27-Jun-86 18:47:33  MUHDUQ
JQUE.DEF             256  08-Jun-86 15:00:24  KUQJIT
JQUE.SAI            5444  29-Jun-86 13:57:26  GOVFOH
VMFILE.REQ           200  13-Jun-86 17:22:28  MINNOW
VMFILE.DEF           280  07-Jun-86 18:55:35  FIQBAK
VMFILE.SAI          7272  07-Jun-86 20:51:32  FEGVAR
DAYTIM.REQ           146  21-Apr-86 22:13:14  HAQHUX
DAYTIM.SAI          1656  24-Apr-86 21:28:57  BALLOG
XEXPKG.REQ           163  14-Jun-86 13:59:35  GIKDEQ
XEXPKG.SAI          1757  28-Jun-86 20:37:12  COJFIF
XEXSUB.REQ           165  13-Jun-86 13:55:06  RIWLAM
XEXSUB.SAI          1303  13-Jun-86 13:54:31  JOKJAT
XEXINT.REQ           496  28-Jun-86 20:23:38  ZEXZOZ
XEXINT.DEF           205  22-Jun-86 01:17:55  CEZTEV
XEXINT.SAI          1711  28-Jun-86 20:24:23  WURFOB
INTTRP.REQ            31  15-Jun-86 16:26:06  POBWIC
INTTRP.DEF           205  15-Jun-86 16:28:22  GEDWAZ
INTTRP.SAI           113  15-Jun-86 16:18:05  POHZAH
ESCTRP.REQ           174  22-May-86 02:39:05  FULVEX
ESCTRP.SAI           388  15-Jun-86 16:08:04  CAQLUM
FRMTRP.REQ           258  22-May-86 02:24:10  VULVAB
FRMTRP.SAI           723  15-Jun-86 16:47:07  GIYTEV
VMFILE.004          6925  17-Jan-86 00:15:09  PUXMOZ
VMFILE.DOC           509  04-Jun-86 23:41:30  TOJPEP
NEXTIM.REQ            40  18-Apr-86 02:55:03  CERGER
NEXTIM.SAI          3863  13-Jun-86 13:07:59  HEQCAQ
SUBMIT.DEF           368  26-Jun-86 12:27:01  SADZAY
SUBMIT.SAI         21254  27-Jun-86 21:22:30  DEDFAG
PARSER.SAI          4544  26-Jun-86 10:49:45  QECHUD
SUBMSC.REQ           463  24-Jun-86 13:33:32  LOXCAH
SUBMSC.SAI          4885  27-Jun-86 11:52:12  BICLIZ
TYMINT.DEF           173  15-Jun-86 15:05:50  KATTER

FDM> EXIT

[Master file XEXECX.FDM closed.]
43 files, 91585 words in master file.

End of FDM execution.

!DO COPY

Copy - A Telecopy Slave Driver
[Version 14.1 (50) 4-May-1983]
X62 29-Jun-86 14:13

File(s): XEXECX.fdm
Copy to user name [CARL]: CARL
Copy to system(s) [all]: 930,54,35
Supersede existing files? [N]Y
[Superseding existing files]
[Telecopy started in frame 8]
!;[End of XFER.CTL Transferring XEXECX.fdm to system(s) 930,54,35]
!LOGOUT
54.65 tru
terminal time: 0:03:20
!DAYTIME
18-JUL-1986 13:23:34 PDT

!DELETE XEXECX.fdm


!R (NFDM)FDM

[FDM File Utility %0.7]

FDM> OPEN XEXECX.fdm
[New file: XEXECX.FDM]
0 files, 0 words in master file.

FDM> READ XFER.CTL

Reading files:
XFER   CTL         185    VIXXOC [ok]

FDM> READ XEXEC.CMD,XEXEC.INF,XEXEC.PAR,XEXEC.REQ,XEXEC.SAI

Reading files:
XEXEC  CMD          13    TAYKOT [ok]
XEXEC  INF        1550    ZUZNEM [ok]
XEXEC  PAR          27    CEXKUX [ok]
XEXEC  REQ          37    ZARYAZ [ok]
XEXEC  SAI        6472    VALSIR [ok]

FDM> READ EXECX.CMD,EXECX.INF,EXECX.SAI

Reading files:
EXECX  CMD          15    TEYNAP [ok]
EXECX  INF        1506    FARLAW [ok]
EXECX  SAI       11829    QIWQIN [ok]

FDM> READ JQUEUE.TXT,JQUEUE.DEF

Reading files:
JQUEUE TXT        1603    HANHAT [ok]
JQUEUE DEF        2494    FAGJUV [ok]

FDM> READ JQUE.REQ,JQUE.DEF,JQUE.SAI

Reading files:
JQUE   REQ         157    JIFWIR [ok]
JQUE   DEF         256    KUQJIT [ok]
JQUE   SAI        6249    VETHEF [ok]

FDM> READ VMFILE.REQ,VMFILE.DEF,VMFILE.SAI

Reading files:
VMFILE REQ         200    MINNOW [ok]
VMFILE DEF         314    SURMIH [ok]
VMFILE SAI        7049    YUVHIL [ok]

FDM> READ DAYTIM.REQ,DAYTIM.SAI

Reading files:
DAYTIM REQ         146    HAQHUX [ok]
DAYTIM SAI        1656    BALLOG [ok]

FDM> READ XEXPKG.REQ,XEXPKG.SAI

Reading files:
XEXPKG REQ         163    GIKDEQ [ok]
XEXPKG SAI        1757    COJFIF [ok]

FDM> READ XEXSUB.REQ,XEXSUB.SAI

Reading files:
XEXSUB REQ         165    RIWLAM [ok]
XEXSUB SAI        1303    JOKJAT [ok]

FDM> READ XEXINT.REQ,XEXINT.DEF,XEXINT.SAI

Reading files:
XEXINT REQ         496    ZEXZOZ [ok]
XEXINT DEF         205    CEZTEV [ok]
XEXINT SAI        1711    WURFOB [ok]

FDM> READ INTTRP.REQ,INTTRP.DEF,INTTRP.SAI

Reading files:
INTTRP REQ          31    POBWIC [ok]
INTTRP DEF         205    GEDWAZ [ok]
INTTRP SAI         113    POHZAH [ok]

FDM> READ ESCTRP.REQ,ESCTRP.SAI

Reading files:
ESCTRP REQ         174    FULVEX [ok]
ESCTRP SAI         388    CAQLUM [ok]

FDM> READ FRMTRP.REQ,FRMTRP.SAI

Reading files:
FRMTRP REQ         258    VULVAB [ok]
FRMTRP SAI         723    GIYTEV [ok]

FDM> READ VMFILE.004,VMFILE.DOC

Reading files:
VMFILE 004        6925    PUXMOZ [ok]
VMFILE DOC         509    TOJPEP [ok]

FDM> READ (HELGEM)NEXTIM.REQ

Reading files:
(HELGEM)NEXTIM REQ          40    CERGER [ok]

FDM> READ (HELGEM)NEXTIM.SAI

Reading files:
(HELGEM)NEXTIM SAI        3863    HEQCAQ [ok]

FDM> READ (HELGEM)SUBMIT.DEF

Reading files:
(HELGEM)SUBMIT DEF         368    DIMTAY [ok]

FDM> READ (HELGEM)SUBMIT.SAI

Reading files:
(HELGEM)SUBMIT SAI       27599    TUHCUC [ok]

FDM> READ (HELGEM)PARSER.SAI

Reading files:
(HELGEM)PARSER SAI        4541    WOGNAC [ok]

FDM> READ (HELGEM)SUBMSC.REQ

Reading files:
(HELGEM)SUBMSC REQ         551    BAQMOY [ok]

FDM> READ (HELGEM)SUBMSC.SAI

Reading files:
(HELGEM)SUBMSC SAI        5753    CILJIZ [ok]

FDM> READ (SAILIB)TYMINT.DEF

Reading files:
(SAILIB)TYMINT DEF         173    KATTER [ok]

FDM> DIRECTORY

Filename           Words  Date      Time      Checksum  (Edit)
XFER.CTL             185  15-Jun-86 17:49:40  VIXXOC
XEXEC.CMD             13  16-Jun-86 15:39:30  TAYKOT
XEXEC.INF           1550  15-Jul-86 02:10:12  ZUZNEM
XEXEC.PAR             27  30-May-86 00:41:24  CEXKUX
XEXEC.REQ             37  22-Jun-86 19:49:15  ZARYAZ
XEXEC.SAI           6472  15-Jul-86 02:36:26  VALSIR
EXECX.CMD             15  16-Jun-86 15:40:10  TEYNAP
EXECX.INF           1506  15-Jul-86 02:11:50  FARLAW
EXECX.SAI          11829  15-Jul-86 02:27:14  QIWQIN
JQUEUE.TXT          1603  27-May-86 19:17:45  HANHAT
JQUEUE.DEF          2494  14-Jul-86 21:30:07  FAGJUV
JQUE.REQ             157  02-Jul-86 15:41:31  JIFWIR
JQUE.DEF             256  08-Jun-86 15:00:24  KUQJIT
JQUE.SAI            6249  14-Jul-86 21:28:09  VETHEF
VMFILE.REQ           200  13-Jun-86 17:22:28  MINNOW
VMFILE.DEF           314  30-Jun-86 23:30:37  SURMIH
VMFILE.SAI          7049  30-Jun-86 23:26:48  YUVHIL
DAYTIM.REQ           146  21-Apr-86 22:13:14  HAQHUX
DAYTIM.SAI          1656  24-Apr-86 21:28:57  BALLOG
XEXPKG.REQ           163  14-Jun-86 13:59:35  GIKDEQ
XEXPKG.SAI          1757  28-Jun-86 20:37:12  COJFIF
XEXSUB.REQ           165  13-Jun-86 13:55:06  RIWLAM
XEXSUB.SAI          1303  13-Jun-86 13:54:31  JOKJAT
XEXINT.REQ           496  28-Jun-86 20:23:38  ZEXZOZ
XEXINT.DEF           205  22-Jun-86 01:17:55  CEZTEV
XEXINT.SAI          1711  28-Jun-86 20:24:23  WURFOB
INTTRP.REQ            31  15-Jun-86 16:26:06  POBWIC
INTTRP.DEF           205  15-Jun-86 16:28:22  GEDWAZ
INTTRP.SAI           113  15-Jun-86 16:18:05  POHZAH
ESCTRP.REQ           174  22-May-86 02:39:05  FULVEX
ESCTRP.SAI           388  15-Jun-86 16:08:04  CAQLUM
FRMTRP.REQ           258  22-May-86 02:24:10  VULVAB
FRMTRP.SAI           723  15-Jun-86 16:47:07  GIYTEV
VMFILE.004          6925  17-Jan-86 00:15:09  PUXMOZ
VMFILE.DOC           509  04-Jun-86 23:41:30  TOJPEP
NEXTIM.REQ            40  18-Apr-86 02:55:03  CERGER
NEXTIM.SAI          3863  13-Jun-86 13:07:59  HEQCAQ
SUBMIT.DEF           368  03-Jul-86 14:45:19  DIMTAY
SUBMIT.SAI         27599  12-Jul-86 19:33:05  TUHCUC
PARSER.SAI          4541  03-Jul-86 13:23:49  WOGNAC
SUBMSC.REQ           551  01-Jul-86 12:25:27  BAQMOY
SUBMSC.SAI          5753  01-Jul-86 13:34:07  CILJIZ
TYMINT.DEF           173  15-Jun-86 15:05:50  KATTER

FDM> EXIT

[Master file XEXECX.FDM closed.]
43 files, 100202 words in master file.

End of FDM execution.

!DO COPY

Copy - A Telecopy Slave Driver
[Version 14.1 (50) 4-May-1983]
X62 18-Jul-86 13:26

File(s): XEXECX.fdm
Copy to user name [CARL]: CARL
Copy to system(s) [all]: 930,54,35
Supersede existing files? [N]Y
[Superseding existing files]
[Telecopy started in frame 9]
!;[End of XFER.CTL Transferring XEXECX.fdm to system(s) 930,54,35]
!LOGOUT
55.75 tru
terminal time: 0:03:00
!DAYTIME
20-JUL-1986 15:58:51 PDT

!DELETE XEXECX.fdm


!R (NFDM)FDM

[FDM File Utility %0.7]

FDM> OPEN XEXECX.fdm
[New file: XEXECX.FDM]
0 files, 0 words in master file.

FDM> READ XFER.CTL

Reading files:
XFER   CTL         185    VIXXOC [ok]

FDM> READ XEXEC.CMD,XEXEC.INF,XEXEC.PAR,XEXEC.REQ,XEXEC.SAI

Reading files:
XEXEC  CMD          13    TAYKOT [ok]
XEXEC  INF        1550    ZUZNEM [ok]
XEXEC  PAR          27    CEXKUX [ok]
XEXEC  REQ          37    ZARYAZ [ok]
XEXEC  SAI        6504    YIJZUQ [ok]

FDM> READ EXECX.CMD,EXECX.INF,EXECX.SAI

Reading files:
EXECX  CMD          15    TEYNAP [ok]
EXECX  INF        1506    FARLAW [ok]
EXECX  SAI       11829    QIWQIN [ok]

FDM> READ JQUEUE.TXT,JQUEUE.DEF

Reading files:
JQUEUE TXT        1603    HANHAT [ok]
JQUEUE DEF        2479    GIQVOL [ok]

FDM> READ JQUE.REQ,JQUE.DEF,JQUE.SAI

Reading files:
JQUE   REQ         157    JIFWIR [ok]
JQUE   DEF         256    KUQJIT [ok]
JQUE   SAI        6249    VETHEF [ok]

FDM> READ VMFILE.REQ,VMFILE.DEF,VMFILE.SAI

Reading files:
VMFILE REQ         200    MINNOW [ok]
VMFILE DEF         314    SURMIH [ok]
VMFILE SAI        7049    YUVHIL [ok]

FDM> READ DAYTIM.REQ,DAYTIM.SAI

Reading files:
DAYTIM REQ         146    HAQHUX [ok]
DAYTIM SAI        1656    BALLOG [ok]

FDM> READ XEXPKG.REQ,XEXPKG.SAI

Reading files:
XEXPKG REQ         163    GIKDEQ [ok]
XEXPKG SAI        1730    GUQSAW [ok]

FDM> READ XEXSUB.REQ,XEXSUB.SAI

Reading files:
XEXSUB REQ         165    RIWLAM [ok]
XEXSUB SAI        1303    JOKJAT [ok]

FDM> READ XEXINT.REQ,XEXINT.DEF,XEXINT.SAI

Reading files:
XEXINT REQ         496    ZEXZOZ [ok]
XEXINT DEF         205    CEZTEV [ok]
XEXINT SAI        1711    WURFOB [ok]

FDM> READ INTTRP.REQ,INTTRP.DEF,INTTRP.SAI

Reading files:
INTTRP REQ          31    POBWIC [ok]
INTTRP DEF         205    GEDWAZ [ok]
INTTRP SAI         113    POHZAH [ok]

FDM> READ ESCTRP.REQ,ESCTRP.SAI

Reading files:
ESCTRP REQ         174    FULVEX [ok]
ESCTRP SAI         388    CAQLUM [ok]

FDM> READ FRMTRP.REQ,FRMTRP.SAI

Reading files:
FRMTRP REQ         258    VULVAB [ok]
FRMTRP SAI         723    GIYTEV [ok]

FDM> READ VMFILE.004,VMFILE.DOC

Reading files:
VMFILE 004        6925    PUXMOZ [ok]
VMFILE DOC         509    TOJPEP [ok]

FDM> READ (HELGEM)NEXTIM.REQ

Reading files:
(HELGEM)NEXTIM REQ          40    CERGER [ok]

FDM> READ (HELGEM)NEXTIM.SAI

Reading files:
(HELGEM)NEXTIM SAI        3863    HEQCAQ [ok]

FDM> READ (HELGEM)SUBMIT.DEF

Reading files:
(HELGEM)SUBMIT DEF         368    DIMTAY [ok]

FDM> READ (HELGEM)SUBMIT.SAI

Reading files:
(HELGEM)SUBMIT SAI       27599    TUHCUC [ok]

FDM> READ (HELGEM)PARSER.SAI

Reading files:
(HELGEM)PARSER SAI        4541    WOGNAC [ok]

FDM> READ (HELGEM)SUBMSC.REQ

Reading files:
(HELGEM)SUBMSC REQ         551    BAQMOY [ok]

FDM> READ (HELGEM)SUBMSC.SAI

Reading files:
(HELGEM)SUBMSC SAI        5753    CILJIZ [ok]

FDM> READ (SAILIB)TYMINT.DEF

Reading files:
(SAILIB)TYMINT DEF         173    KATTER [ok]

FDM> DIRECTORY

Filename           Words  Date      Time      Checksum  (Edit)
XFER.CTL             185  15-Jun-86 17:49:40  VIXXOC
XEXEC.CMD             13  16-Jun-86 15:39:30  TAYKOT
XEXEC.INF           1550  15-Jul-86 02:10:12  ZUZNEM
XEXEC.PAR             27  30-May-86 00:41:24  CEXKUX
XEXEC.REQ             37  22-Jun-86 19:49:15  ZARYAZ
XEXEC.SAI           6504  20-Jul-86 15:11:43  YIJZUQ
EXECX.CMD             15  16-Jun-86 15:40:10  TEYNAP
EXECX.INF           1506  15-Jul-86 02:11:50  FARLAW
EXECX.SAI          11829  15-Jul-86 02:27:14  QIWQIN
JQUEUE.TXT          1603  27-May-86 19:17:45  HANHAT
JQUEUE.DEF          2479  20-Jul-86 14:20:32  GIQVOL
JQUE.REQ             157  02-Jul-86 15:41:31  JIFWIR
JQUE.DEF             256  08-Jun-86 15:00:24  KUQJIT
JQUE.SAI            6249  14-Jul-86 21:28:09  VETHEF
VMFILE.REQ           200  13-Jun-86 17:22:28  MINNOW
VMFILE.DEF           314  30-Jun-86 23:30:37  SURMIH
VMFILE.SAI          7049  30-Jun-86 23:26:48  YUVHIL
DAYTIM.REQ           146  21-Apr-86 22:13:14  HAQHUX
DAYTIM.SAI          1656  24-Apr-86 21:28:57  BALLOG
XEXPKG.REQ           163  14-Jun-86 13:59:35  GIKDEQ
XEXPKG.SAI          1730  20-Jul-86 14:40:47  GUQSAW
XEXSUB.REQ           165  13-Jun-86 13:55:06  RIWLAM
XEXSUB.SAI          1303  13-Jun-86 13:54:31  JOKJAT
XEXINT.REQ           496  28-Jun-86 20:23:38  ZEXZOZ
XEXINT.DEF           205  22-Jun-86 01:17:55  CEZTEV
XEXINT.SAI          1711  28-Jun-86 20:24:23  WURFOB
INTTRP.REQ            31  15-Jun-86 16:26:06  POBWIC
INTTRP.DEF           205  15-Jun-86 16:28:22  GEDWAZ
INTTRP.SAI           113  15-Jun-86 16:18:05  POHZAH
ESCTRP.REQ           174  22-May-86 02:39:05  FULVEX
ESCTRP.SAI           388  15-Jun-86 16:08:04  CAQLUM
FRMTRP.REQ           258  22-May-86 02:24:10  VULVAB
FRMTRP.SAI           723  15-Jun-86 16:47:07  GIYTEV
VMFILE.004          6925  17-Jan-86 00:15:09  PUXMOZ
VMFILE.DOC           509  04-Jun-86 23:41:30  TOJPEP
NEXTIM.REQ            40  18-Apr-86 02:55:03  CERGER
NEXTIM.SAI          3863  13-Jun-86 13:07:59  HEQCAQ
SUBMIT.DEF           368  03-Jul-86 14:45:19  DIMTAY
SUBMIT.SAI         27599  12-Jul-86 19:33:05  TUHCUC
PARSER.SAI          4541  03-Jul-86 13:23:49  WOGNAC
SUBMSC.REQ           551  01-Jul-86 12:25:27  BAQMOY
SUBMSC.SAI          5753  01-Jul-86 13:34:07  CILJIZ
TYMINT.DEF           173  15-Jun-86 15:05:50  KATTER

FDM> EXIT

[Master file XEXECX.FDM closed.]
43 files, 100192 words in master file.

End of FDM execution.

!DO COPY

Copy - A Telecopy Slave Driver
[Version 14.1 (50) 4-May-1983]
X62 20-Jul-86 16:01

File(s): XEXECX.fdm
Copy to user name [CARL]: CARL
Copy to system(s) [all]: 930,54,35
Supersede existing files? [N]Y
[Superseding existing files]
[Telecopy started in frame 7]
!;[End of XFER.CTL Transferring XEXECX.fdm to system(s) 930,54,35]
!LOGOUT
55.90 tru
terminal time: 0:02:26
!DAYTIME
21-JUL-1986 02:47:23 PDT

!DELETE XEXECX.fdm


!R (NFDM)FDM

[FDM File Utility %0.7]

FDM> OPEN XEXECX.fdm
[New file: XEXECX.FDM]
0 files, 0 words in master file.

FDM> READ XFER.CTL

Reading files:
XFER   CTL         185    VIXXOC [ok]

FDM> READ XEXEC.CMD,XEXEC.INF,XEXEC.PAR,XEXEC.REQ,XEXEC.SAI

Reading files:
XEXEC  CMD          13    TAYKOT [ok]
XEXEC  INF        1618    HEHPIT [ok]
XEXEC  PAR          27    CEXKUX [ok]
XEXEC  REQ          37    ZARYAZ [ok]
XEXEC  SAI        6883    RERSOG [ok]

FDM> READ EXECX.CMD,EXECX.INF,EXECX.SAI

Reading files:
EXECX  CMD          15    TEYNAP [ok]
EXECX  INF        1525    HIJYIN [ok]
EXECX  SAI       12130    LIQJIW [ok]

FDM> READ JQUEUE.TXT,JQUEUE.DEF

Reading files:
JQUEUE TXT        1603    HANHAT [ok]
JQUEUE DEF        2479    GIQVOL [ok]

FDM> READ JQUE.REQ,JQUE.DEF,JQUE.SAI

Reading files:
JQUE   REQ         157    JIFWIR [ok]
JQUE   DEF         256    KUQJIT [ok]
JQUE   SAI        6249    VETHEF [ok]

FDM> READ VMFILE.REQ,VMFILE.DEF,VMFILE.SAI

Reading files:
VMFILE REQ         200    MINNOW [ok]
VMFILE DEF         314    SURMIH [ok]
VMFILE SAI        7049    YUVHIL [ok]

FDM> READ DAYTIM.REQ,DAYTIM.SAI

Reading files:
DAYTIM REQ         146    HAQHUX [ok]
DAYTIM SAI        1656    BALLOG [ok]

FDM> READ XEXPKG.REQ,XEXPKG.SAI

Reading files:
XEXPKG REQ         163    GIKDEQ [ok]
XEXPKG SAI        1730    GUQSAW [ok]

FDM> READ XEXSUB.REQ,XEXSUB.SAI

Reading files:
XEXSUB REQ         165    RIWLAM [ok]
XEXSUB SAI        1303    JOKJAT [ok]

FDM> READ XEXINT.REQ,XEXINT.DEF,XEXINT.SAI

Reading files:
XEXINT REQ         496    ZEXZOZ [ok]
XEXINT DEF         205    CEZTEV [ok]
XEXINT SAI        1711    WURFOB [ok]

FDM> READ INTTRP.REQ,INTTRP.DEF,INTTRP.SAI

Reading files:
INTTRP REQ          31    POBWIC [ok]
INTTRP DEF         205    GEDWAZ [ok]
INTTRP SAI         113    POHZAH [ok]

FDM> READ ESCTRP.REQ,ESCTRP.SAI

Reading files:
ESCTRP REQ         174    FULVEX [ok]
ESCTRP SAI         388    CAQLUM [ok]

FDM> READ FRMTRP.REQ,FRMTRP.SAI

Reading files:
FRMTRP REQ         258    VULVAB [ok]
FRMTRP SAI         723    GIYTEV [ok]

FDM> READ VMFILE.004,VMFILE.DOC

Reading files:
VMFILE 004        6925    PUXMOZ [ok]
VMFILE DOC         509    TOJPEP [ok]

FDM> READ (HELGEM)NEXTIM.REQ

Reading files:
(HELGEM)NEXTIM REQ          40    CERGER [ok]

FDM> READ (HELGEM)NEXTIM.SAI

Reading files:
(HELGEM)NEXTIM SAI        3863    HEQCAQ [ok]

FDM> READ (HELGEM)SUBMIT.DEF

Reading files:
(HELGEM)SUBMIT DEF         368    DIMTAY [ok]

FDM> READ (HELGEM)SUBMIT.SAI

Reading files:
(HELGEM)SUBMIT SAI       27599    TUHCUC [ok]

FDM> READ (HELGEM)PARSER.SAI

Reading files:
(HELGEM)PARSER SAI        4541    WOGNAC [ok]

FDM> READ (HELGEM)SUBMSC.REQ

Reading files:
(HELGEM)SUBMSC REQ         551    BAQMOY [ok]

FDM> READ (HELGEM)SUBMSC.SAI

Reading files:
(HELGEM)SUBMSC SAI        5753    CILJIZ [ok]

FDM> READ (SAILIB)TYMINT.DEF

Reading files:
(SAILIB)TYMINT DEF         173    KATTER [ok]

FDM> DIRECTORY

Filename           Words  Date      Time      Checksum  (Edit)
XFER.CTL             185  15-Jun-86 17:49:40  VIXXOC
XEXEC.CMD             13  16-Jun-86 15:39:30  TAYKOT
XEXEC.INF           1618  20-Jul-86 19:45:42  HEHPIT
XEXEC.PAR             27  30-May-86 00:41:24  CEXKUX
XEXEC.REQ             37  22-Jun-86 19:49:15  ZARYAZ
XEXEC.SAI           6883  21-Jul-86 02:34:27  RERSOG
EXECX.CMD             15  16-Jun-86 15:40:10  TEYNAP
EXECX.INF           1525  20-Jul-86 19:48:32  HIJYIN
EXECX.SAI          12130  20-Jul-86 20:25:49  LIQJIW
JQUEUE.TXT          1603  27-May-86 19:17:45  HANHAT
JQUEUE.DEF          2479  20-Jul-86 14:20:32  GIQVOL
JQUE.REQ             157  02-Jul-86 15:41:31  JIFWIR
JQUE.DEF             256  08-Jun-86 15:00:24  KUQJIT
JQUE.SAI            6249  14-Jul-86 21:28:09  VETHEF
VMFILE.REQ           200  13-Jun-86 17:22:28  MINNOW
VMFILE.DEF           314  30-Jun-86 23:30:37  SURMIH
VMFILE.SAI          7049  30-Jun-86 23:26:48  YUVHIL
DAYTIM.REQ           146  21-Apr-86 22:13:14  HAQHUX
DAYTIM.SAI          1656  24-Apr-86 21:28:57  BALLOG
XEXPKG.REQ           163  14-Jun-86 13:59:35  GIKDEQ
XEXPKG.SAI          1730  20-Jul-86 14:40:47  GUQSAW
XEXSUB.REQ           165  13-Jun-86 13:55:06  RIWLAM
XEXSUB.SAI          1303  13-Jun-86 13:54:31  JOKJAT
XEXINT.REQ           496  28-Jun-86 20:23:38  ZEXZOZ
XEXINT.DEF           205  22-Jun-86 01:17:55  CEZTEV
XEXINT.SAI          1711  28-Jun-86 20:24:23  WURFOB
INTTRP.REQ            31  15-Jun-86 16:26:06  POBWIC
INTTRP.DEF           205  15-Jun-86 16:28:22  GEDWAZ
INTTRP.SAI           113  15-Jun-86 16:18:05  POHZAH
ESCTRP.REQ           174  22-May-86 02:39:05  FULVEX
ESCTRP.SAI           388  15-Jun-86 16:08:04  CAQLUM
FRMTRP.REQ           258  22-May-86 02:24:10  VULVAB
FRMTRP.SAI           723  15-Jun-86 16:47:07  GIYTEV
VMFILE.004          6925  17-Jan-86 00:15:09  PUXMOZ
VMFILE.DOC           509  04-Jun-86 23:41:30  TOJPEP
NEXTIM.REQ            40  18-Apr-86 02:55:03  CERGER
NEXTIM.SAI          3863  13-Jun-86 13:07:59  HEQCAQ
SUBMIT.DEF           368  03-Jul-86 14:45:19  DIMTAY
SUBMIT.SAI         27599  12-Jul-86 19:33:05  TUHCUC
PARSER.SAI          4541  03-Jul-86 13:23:49  WOGNAC
SUBMSC.REQ           551  01-Jul-86 12:25:27  BAQMOY
SUBMSC.SAI          5753  01-Jul-86 13:34:07  CILJIZ
TYMINT.DEF           173  15-Jun-86 15:05:50  KATTER

FDM> EXIT

[Master file XEXECX.FDM closed.]
43 files, 100959 words in master file.

End of FDM execution.

!DO COPY

Copy - A Telecopy Slave Driver
[Version 14.1 (50) 4-May-1983]
X62 21-Jul-86 02:51

File(s): XEXECX.fdm
Copy to user name [CARL]: CARL
Copy to system(s) [all]: 930,54,35
Supersede existing files? [N]Y
[Superseding existing files]
[Telecopy started in frame 7]
!;[End of XFER.CTL Transferring XEXECX.fdm to system(s) 930,54,35]
!LOGOUT
56.33 tru
terminal time: 0:05:07
!DAYTIME
22-JUL-1986 00:00:16 PDT

!DELETE XEXECX.fdm


!R (NFDM)FDM

[FDM File Utility %0.7]

FDM> OPEN XEXECX.fdm
[New file: XEXECX.FDM]
0 files, 0 words in master file.

FDM> READ XFER.CTL

Reading files:
XFER   CTL         185    VIXXOC [ok]

FDM> READ XEXEC.CMD,XEXEC.INF,XEXEC.PAR,XEXEC.REQ,XEXEC.SAI

Reading files:
XEXEC  CMD          13    TAYKOT [ok]
XEXEC  INF        1618    HEHPIT [ok]
XEXEC  PAR          27    CEXKUX [ok]
XEXEC  REQ          37    ZARYAZ [ok]
XEXEC  SAI        6883    QUPLUG [ok]

FDM> READ EXECX.CMD,EXECX.INF,EXECX.SAI

Reading files:
EXECX  CMD          15    TEYNAP [ok]
EXECX  INF        1525    HIJYIN [ok]
EXECX  SAI       11982    CAVNEV [ok]

FDM> READ JQUEUE.TXT,JQUEUE.DEF

Reading files:
JQUEUE TXT        1603    HANHAT [ok]
JQUEUE DEF        2479    GIQVOL [ok]

FDM> READ JQUE.REQ,JQUE.DEF,JQUE.SAI

Reading files:
JQUE   REQ         157    JIFWIR [ok]
JQUE   DEF         256    KUQJIT [ok]
JQUE   SAI        6249    VETHEF [ok]

FDM> READ VMFILE.REQ,VMFILE.DEF,VMFILE.SAI

Reading files:
VMFILE REQ         200    MINNOW [ok]
VMFILE DEF         314    SURMIH [ok]
VMFILE SAI        7049    YUVHIL [ok]

FDM> READ DAYTIM.REQ,DAYTIM.SAI

Reading files:
DAYTIM REQ         146    HAQHUX [ok]
DAYTIM SAI        1656    BALLOG [ok]

FDM> READ XEXPKG.REQ,XEXPKG.SAI

Reading files:
XEXPKG REQ         163    GIKDEQ [ok]
XEXPKG SAI        1730    GUQSAW [ok]

FDM> READ XEXSUB.REQ,XEXSUB.SAI

Reading files:
XEXSUB REQ         165    RIWLAM [ok]
XEXSUB SAI        1303    JOKJAT [ok]

FDM> READ XEXINT.REQ,XEXINT.DEF,XEXINT.SAI

Reading files:
XEXINT REQ         496    ZEXZOZ [ok]
XEXINT DEF         205    CEZTEV [ok]
XEXINT SAI        1711    WURFOB [ok]

FDM> READ INTTRP.REQ,INTTRP.DEF,INTTRP.SAI

Reading files:
INTTRP REQ          31    POBWIC [ok]
INTTRP DEF         205    GEDWAZ [ok]
INTTRP SAI         113    POHZAH [ok]

FDM> READ ESCTRP.REQ,ESCTRP.SAI

Reading files:
ESCTRP REQ         174    FULVEX [ok]
ESCTRP SAI         388    CAQLUM [ok]

FDM> READ FRMTRP.REQ,FRMTRP.SAI

Reading files:
FRMTRP REQ         258    VULVAB [ok]
FRMTRP SAI         723    GIYTEV [ok]

FDM> READ VMFILE.004,VMFILE.DOC

Reading files:
VMFILE 004        6925    PUXMOZ [ok]
VMFILE DOC         509    TOJPEP [ok]

FDM> READ (HELGEM)NEXTIM.REQ

Reading files:
(HELGEM)NEXTIM REQ          40    CERGER [ok]

FDM> READ (HELGEM)NEXTIM.SAI

Reading files:
(HELGEM)NEXTIM SAI        3863    HEQCAQ [ok]

FDM> READ (HELGEM)SUBMIT.DEF

Reading files:
(HELGEM)SUBMIT DEF         368    DIMTAY [ok]

FDM> READ (HELGEM)SUBMIT.SAI

Reading files:
(HELGEM)SUBMIT SAI       27599    TUHCUC [ok]

FDM> READ (HELGEM)PARSER.SAI

Reading files:
(HELGEM)PARSER SAI        4541    WOGNAC [ok]

FDM> READ (HELGEM)SUBMSC.REQ

Reading files:
(HELGEM)SUBMSC REQ         551    BAQMOY [ok]

FDM> READ (HELGEM)SUBMSC.SAI

Reading files:
(HELGEM)SUBMSC SAI        5753    CILJIZ [ok]

FDM> READ (SAILIB)TYMINT.DEF

Reading files:
(SAILIB)TYMINT DEF         173    KATTER [ok]

FDM> DIRECTORY

Filename           Words  Date      Time      Checksum  (Edit)
XFER.CTL             185  15-Jun-86 17:49:40  VIXXOC
XEXEC.CMD             13  16-Jun-86 15:39:30  TAYKOT
XEXEC.INF           1618  20-Jul-86 19:45:42  HEHPIT
XEXEC.PAR             27  30-May-86 00:41:24  CEXKUX
XEXEC.REQ             37  22-Jun-86 19:49:15  ZARYAZ
XEXEC.SAI           6883  21-Jul-86 15:31:33  QUPLUG
EXECX.CMD             15  16-Jun-86 15:40:10  TEYNAP
EXECX.INF           1525  20-Jul-86 19:48:32  HIJYIN
EXECX.SAI          11982  21-Jul-86 15:10:30  CAVNEV
JQUEUE.TXT          1603  27-May-86 19:17:45  HANHAT
JQUEUE.DEF          2479  20-Jul-86 14:20:32  GIQVOL
JQUE.REQ             157  02-Jul-86 15:41:31  JIFWIR
JQUE.DEF             256  08-Jun-86 15:00:24  KUQJIT
JQUE.SAI            6249  14-Jul-86 21:28:09  VETHEF
VMFILE.REQ           200  13-Jun-86 17:22:28  MINNOW
VMFILE.DEF           314  30-Jun-86 23:30:37  SURMIH
VMFILE.SAI          7049  30-Jun-86 23:26:48  YUVHIL
DAYTIM.REQ           146  21-Apr-86 22:13:14  HAQHUX
DAYTIM.SAI          1656  24-Apr-86 21:28:57  BALLOG
XEXPKG.REQ           163  14-Jun-86 13:59:35  GIKDEQ
XEXPKG.SAI          1730  20-Jul-86 14:40:47  GUQSAW
XEXSUB.REQ           165  13-Jun-86 13:55:06  RIWLAM
XEXSUB.SAI          1303  13-Jun-86 13:54:31  JOKJAT
XEXINT.REQ           496  28-Jun-86 20:23:38  ZEXZOZ
XEXINT.DEF           205  22-Jun-86 01:17:55  CEZTEV
XEXINT.SAI          1711  28-Jun-86 20:24:23  WURFOB
INTTRP.REQ            31  15-Jun-86 16:26:06  POBWIC
INTTRP.DEF           205  15-Jun-86 16:28:22  GEDWAZ
INTTRP.SAI           113  15-Jun-86 16:18:05  POHZAH
ESCTRP.REQ           174  22-May-86 02:39:05  FULVEX
ESCTRP.SAI           388  15-Jun-86 16:08:04  CAQLUM
FRMTRP.REQ           258  22-May-86 02:24:10  VULVAB
FRMTRP.SAI           723  15-Jun-86 16:47:07  GIYTEV
VMFILE.004          6925  17-Jan-86 00:15:09  PUXMOZ
VMFILE.DOC           509  04-Jun-86 23:41:30  TOJPEP
NEXTIM.REQ            40  18-Apr-86 02:55:03  CERGER
NEXTIM.SAI          3863  13-Jun-86 13:07:59  HEQCAQ
SUBMIT.DEF           368  03-Jul-86 14:45:19  DIMTAY
SUBMIT.SAI         27599  12-Jul-86 19:33:05  TUHCUC
PARSER.SAI          4541  03-Jul-86 13:23:49  WOGNAC
SUBMSC.REQ           551  01-Jul-86 12:25:27  BAQMOY
SUBMSC.SAI          5753  01-Jul-86 13:34:07  CILJIZ
TYMINT.DEF           173  15-Jun-86 15:05:50  KATTER

FDM> EXIT

[Master file XEXECX.FDM closed.]
43 files, 100811 words in master file.

End of FDM execution.

!DO COPY

Copy - A Telecopy Slave Driver
[Version 14.1 (50) 4-May-1983]
X62 22-Jul-86 00:03

File(s): XEXECX.fdm
Copy to user name [CARL]: CARL
Copy to system(s) [all]: 930,54,35
Supersede existing files? [N]Y
[Superseding existing files]
[Telecopy started in frame 4]
!;[End of XFER.CTL Transferring XEXECX.fdm to system(s) 930,54,35]
!LOGOUT
55.97 tru
terminal time: 0:03:26
!  @