 1nov85  2:15:58 #3 (RAMDBUG) RUN (SYS)SPOOL
 1nov85  2:25:56 #81 (WNFE) RUN (SYS)SPOOL
 1nov85  2:30:31 #9 (WNFE) RUN (SYS)SPOOL
 1nov85  2:35:58 #73 (CBLACK) RUN (SYS)SPOOL
 1nov85  2:37:41 #9 (WNFE) RUN (SYS)SPOOL
 1nov85  3:01:40 #41 (MBERGER) RUN (SYS)SPOOL
 1nov85  3:50:08 #34 (SMITHDE) RUN (SYS)SPOOL
 1nov85  4:01:00 #35 (WNFE) RUN (SYS)SPOOL
 1nov85  7:16:50 #21 (CPAPRINT) RUN (SYS)SPOOL
 1nov85 10:29:02 #9 (CPAPRINT) RUN (SYS)SPOOL
 1nov85 10:56:35 #5 (CPAPRINT) RUN (SYS)SPOOL
 1nov85 11:04:39 #9 (CPAPRINT) RUN (SYS)SPOOL
 1nov85 12:07:22 #7 (CPAPRINT) RUN (SYS)SPOOL
 1nov85 13:09:30 #6 (CPAPRINT) RUN (SYS)SPOOL
 1nov85 13:26:31 #5 (CPAPRINT) RUN (SYS)SPOOL
 1nov85 14:17:06 #9 (CPAPRINT) RUN (SYS)SPOOL
 1nov85 14:39:12 #7 (CPAPRINT) RUN (SYS)SPOOL
 1nov85 14:49:20 #5 (CPAPRINT) RUN (SYS)SPOOL
 1nov85 15:01:13 #9 (CPAPRINT) RUN (SYS)SPOOL
 1nov85 17:18:38 #3 (OPER) RUN (SYS)SPOOL
 1nov85 18:01:28 #18 (SPOOLRM) RUN (SYS)SPOOL
 1nov85 18:17:18 #22 (SPOOLRM) RUN (SYS)SPOOL
 1nov85 18:49:13 #10 (CPAPRINT) RUN (SYS)SPOOL
 1nov85 19:26:22 #38 (TRAINLAB) RUN (SYS)SPOOL
 1nov85 19:50:33 #38 (TRAINLAB) RUN (SYS)SPOOL
 1nov85 19:52:38 #51 (NETMID) RUN (SYS)SPOOL
 1nov85 21:02:21 #66 (CPAPRINT) RUN (SYS)SPOOL
 1nov85 21:06:42 #23 (CPAPRINT) RUN (SYS)SPOOL
 1nov85 22:48:04 #72 (CPAPRINT) RUN (SYS)SPOOL
 1nov85 23:43:51 #12 (CBLACK) RUN (SYS)SPOOL
 1nov85 23:52:33 #70 (SPOOLRM) RUN (SYS)SPOOL
 2nov85  0:08:21 #60 (PMANLEY) RUN (SYS)SPOOL
 2nov85  1:24:08 #32 (TECHSERV) RUN (SYS)SPOOL
 2nov85  2:20:02 #60 (SMITHDE) RUN (SYS)SPOOL
 2nov85  3:19:38 #49 (DER-FAI) RUN (SYS)SPOOL
 2nov85  4:27:26 #9 (WNFE) RUN (SYS)SPOOL
 2nov85  5:27:35 #9 (TAOHSIEH) RUN (SYS)SPOOL
 2nov85  7:03:52 #17 (CBLACK) RUN (SYS)SPOOL
 2nov85  8:06:29 #28 (CPAPRINT) RUN (SYS)SPOOL
 2nov85  8:10:02 #32 (CPAPRINT) RUN (SYS)SPOOL
 2nov85 11:45:17 #5 (CPAPRINT) RUN (SYS)SPOOL
 2nov85 14:30:24 #32 (CPAPRINT) RUN (SYS)SPOOL
 2nov85 15:17:17 #18 (CPAPRINT) RUN (SYS)SPOOL
 2nov85 16:06:27 #29 (CPAPRINT) RUN (SYS)SPOOL
 2nov85 17:17:51 #6 (OPER) RUN (SYS)SPOOL
 2nov85 23:17:38 #5 (CPAPRINT) RUN (SYS)SPOOL
 3nov85  7:42:41 #6 (CPAPRINT) RUN (SYS)SPOOL
 3nov85  8:44:13 #15 (CPAPRINT) RUN (SYS)SPOOL
 3nov85 16:16:46 #11 (CPAPRINT) RUN (SYS)SPOOL
 3nov85 17:15:08 #16 (OPER) RUN (SYS)SPOOL
 3nov85 19:32:42 #15 (CPAPRINT) RUN (SYS)SPOOL
 4nov85  2:34:51 #5 (CPAPRINT) RUN (SYS)SPOOL
 4nov85  3:36:24 #13 (CPAPRINT) RUN (SYS)SPOOL
 4nov85  7:03:54 #11 (FBATCH) RUN (SYS)SPOOL
 4nov85  7:42:44 #18 (FBATCH) RUN (SYS)SPOOL
 4nov85  7:52:43 #6 (PARPRINT) RUN (SYS)SPOOL
 4nov85  7:54:37 #18 (CPAPRINT) RUN (SYS)SPOOL
 4nov85 14:10:45 #18 (FBATCH) RUN (SYS)SPOOL
 4nov85 14:13:38 #15 (PARPRINT) RUN (SYS)SPOOL
 4nov85 15:26:43 #7 (OPER) RUN (SYS)SPOOL
 4nov85 15:36:49 #8 (PARPRINT) RUN (SYS)SPOOL
 4nov85 16:35:39 #14 (SPOOLRM) RUN (SYS)SPOOL
 4nov85 16:52:05 #18 (PCHU) RUN (SYS)SPOOL
 4nov85 16:52:22 #18 (PCHU) RUN (SYS)SPOOL
 4nov85 16:55:53 #17 (PCHU) RUN (SYS)SPOOL
 4nov85 16:58:09 #17 (PCHU) RUN (SYS)SPOOL
 4nov85 17:00:16 #18 (PCHU) RUN (SYS)SPOOL
 4nov85 17:00:49 #26 (PARPRINT) RUN (SYS)SPOOL
 4nov85 17:02:11 #17 (PCHU) RUN (SYS)SPOOL
 4nov85 17:03:12 #27 (SPOOLRM) RUN (SYS)SPOOL
 4nov85 17:35:11 #35 (NTDDOC) RUN (SYS)SPOOL
 4nov85 17:39:31 #35 (NTDDOC) RUN (SYS)SPOOL
 4nov85 17:48:56 #35 (NTDDOC) RUN (SYS)SPOOL
 4nov85 17:55:15 #12 (PARPRINT) RUN (SYS)SPOOL
 4nov85 18:12:34 #41 (CBLACK) RUN (SYS)SPOOL
 4nov85 18:47:39 #69 (ALANLO) RUN (SYS)SPOOL
 4nov85 18:59:29 #71 (TECHSERV) RUN (SYS)SPOOL
 4nov85 19:01:47 #41 (CPAPRINT) RUN (SYS)SPOOL
 4nov85 19:12:09 #82 (WNFE) RUN (SYS)SPOOL
 4nov85 19:14:21 #82 (WNFE) RUN (SYS)SPOOL
 4nov85 19:19:16 #61 (FBATCH) RUN (SYS)SPOOL
 4nov85 19:19:18 #74 (PARPRINT) RUN (SYS)SPOOL
 4nov85 20:23:10 #30 (RAMDBUG) RUN (SYS)SPOOL
 4nov85 20:45:20 #35 (PARPRINT) RUN (SYS)SPOOL
 4nov85 21:21:22 #79 (FBATCH) RUN (SYS)SPOOL
 4nov85 21:48:08 #94 (ALIN) RUN (SYS)SPOOL
 4nov85 22:24:27 #90 (DGRAHAM) RUN (SYS)SPOOL
 4nov85 22:26:24 #104 (DGRAHAM) RUN (SYS)SPOOL
 4nov85 22:30:53 #106 (TRAINLAB) RUN (SYS)SPOOL
 4nov85 22:41:10 #103 (CPAPRINT) RUN (SYS)SPOOL
 4nov85 23:38:52 #67 (NSTECH) RUN (SYS)SPOOL
 4nov85 23:41:24 #67 (NSTECH) RUN (SYS)SPOOL
 5nov85  1:53:54 #110 (OPER) RUN (SYS)SPOOL
 5nov85  1:58:08 #110 (OPER) RUN (SYS)SPOOL
 5nov85  1:59:32 #110 (OPER) RUN (SYS)SPOOL
 5nov85  2:12:18 #73 (CPAPRINT) RUN (SYS)SPOOL
 5nov85  2:54:56 #7 (OPER) RUN (SYS)SPOOL
 5nov85  2:57:44 #7 (OPER) RUN (SYS)SPOOL
 5nov85  3:00:42 #7 (OPER) RUN (SYS)SPOOL
 5nov85  3:58:13 #7 (OPER) RUN (SYS)SPOOL
 5nov85  4:13:36 #30 (RAMDBUG) RUN (SYS)SPOOL
 5nov85  5:02:21 #57 (BKRUEGER) RUN (SYS)SPOOL
 5nov85  5:57:50 #22 (CPAPRINT) RUN (SYS)SPOOL
 5nov85  7:33:31 #29 (BKRUEGER) RUN (SYS)SPOOL
 5nov85  7:45:53 #34 (CSHAW) RUN (SYS)SPOOL
 5nov85  7:47:01 #32 (CPAPRINT) RUN (SYS)SPOOL
 5nov85  8:16:36 #15 (PARPRINT) RUN (SYS)SPOOL
 5nov85  9:22:53 #15 (CPAPRINT) RUN (SYS)SPOOL
 5nov85  9:34:08 #15 (PARPRINT) RUN (SYS)SPOOL
 5nov85 10:41:18 #39 (FBATCH) RUN (SYS)SPOOL
 5nov85 10:44:35 #41 (PARPRINT) RUN (SYS)SPOOL
 5nov85 12:00:41 #9 (PARPRINT) RUN (SYS)SPOOL
 5nov85 13:10:47 #64 (PARPRINT) RUN (SYS)SPOOL
 5nov85 14:33:44 #61 (PARPRINT) RUN (SYS)SPOOL
 5nov85 14:48:00 #61 (TNSM) RUN (SYS)SPOOL
 5nov85 14:53:31 #61 (TNSM) RUN (SYS)SPOOL
 5nov85 14:56:26 #61 (TNSM) RUN (SYS)SPOOL
 5nov85 14:57:50 #61 (TNSM) RUN (SYS)SPOOL
 5nov85 15:25:12 #79 (FBATCH) RUN (SYS)SPOOL
 5nov85 15:25:28 #79 (CPAPRINT) RUN (SYS)SPOOL
 5nov85 15:56:34 #82 (PARPRINT) RUN (SYS)SPOOL
 5nov85 16:38:08 #32 (CPAPRINT) RUN (SYS)SPOOL
 5nov85 17:08:57 #7 (OPER) RUN (SYS)SPOOL
 5nov85 17:14:23 #83 (PARPRINT) RUN (SYS)SPOOL
 5nov85 17:23:45 #72 (FBATCH) RUN (SYS)SPOOL
 5nov85 18:10:33 #70 (SPOOLRM) RUN (SYS)SPOOL
 5nov85 18:37:03 #86 (PARPRINT) RUN (SYS)SPOOL
 5nov85 18:40:55 #93 (DGRAHAM) RUN (SYS)SPOOL
 5nov85 18:41:06 #93 (DGRAHAM) RUN (SYS)SPOOL
 5nov85 18:43:29 #86 (SPOOLRM) RUN (SYS)SPOOL
 5nov85 19:04:45 #3 (BKRUEGER) RUN (SYS)SPOOL
 5nov85 19:10:16 #100 (CPAPRINT) RUN (SYS)SPOOL
 5nov85 19:11:36 #96 (NETMID) RUN (SYS)SPOOL
 5nov85 19:22:30 #93 (FBATCH) RUN (SYS)SPOOL
 5nov85 20:00:46 #7 (OPER) RUN (SYS)SPOOL
 5nov85 20:01:37 #114 (PARPRINT) RUN (SYS)SPOOL
 5nov85 20:06:20 #7 (OPER) RUN (SYS)SPOOL
 5nov85 20:50:26 #3 (BKRUEGER) RUN (SYS)SPOOL
 5nov85 21:09:51 #3 (SPOOLRM) RUN (SYS)SPOOL
 5nov85 21:24:41 #90 (PARPRINT) RUN (SYS)SPOOL
 5nov85 21:51:31 #108 (CPAPRINT) RUN (SYS)SPOOL
 5nov85 22:15:15 #7 (OPER) RUN (SYS)SPOOL
 5nov85 22:42:18 #114 (PARPRINT) RUN (SYS)SPOOL
 5nov85 23:00:34 #29 (FBATCH) RUN (SYS)SPOOL
 5nov85 23:01:04 #108 (CPAPRINT) RUN (SYS)SPOOL
 5nov85 23:20:16 #116 (CPAPRINT) RUN (SYS)SPOOL
 5nov85 23:20:28 #27 (BKRUEGER) RUN (SYS)SPOOL
 5nov85 23:25:00 #117 (CARHART) RUN (SYS)SPOOL
 5nov85 23:35:06 #61 (FBATCH) RUN (SYS)SPOOL
 5nov85 23:44:56 #7 (OPER) RUN (SYS)SPOOL
 6nov85  0:11:56 #8 (CPAPRINT) RUN (SYS)SPOOL
 6nov85  0:21:16 #7 (OPER) RUN (SYS)SPOOL
 6nov85  0:40:08 #36 (OPER) RUN (SYS)SPOOL
 6nov85  1:05:26 #7 (OPER) RUN (SYS)SPOOL
 6nov85  1:57:16 #7 (OPER) RUN (SYS)SPOOL
 6nov85  2:31:21 #112 (BECHLYT) RUN (SYS)SPOOL
 6nov85  2:52:37 #7 (OPER) RUN (SYS)SPOOL
 6nov85  5:03:50 #5 (CHANGC) RUN (SYS)SPOOL
 6nov85  5:15:13 #14 (OPER) RUN (SYS)SPOOL
 6nov85 12:19:19 #9 (OPER) RUN (SYS)SPOOL
 6nov85 12:23:32 #13 (TNSM) RUN (SYS)SPOOL
 6nov85 12:26:16 #13 (PARPRINT) RUN (SYS)SPOOL
 6nov85 13:41:41 #27 (PARPRINT) RUN (SYS)SPOOL
 6nov85 16:52:45 #7 (PARPRINT) RUN (SYS)SPOOL
 6nov85 17:07:51 #13 (OPER) RUN (SYS)SPOOL
 6nov85 17:44:24 #19 (PARPRINT) RUN (SYS)SPOOL
 6nov85 17:50:14 #19 (FBATCH) RUN (SYS)SPOOL
 6nov85 18:38:16 #31 (SPOOLRM) RUN (SYS)SPOOL
 6nov85 18:45:31 #25 (PARPRINT) RUN (SYS)SPOOL
 6nov85 18:58:57 #37 (FBATCH) RUN (SYS)SPOOL
 6nov85 19:04:45 #19 (DGRAHAM) RUN (SYS)SPOOL
 6nov85 19:18:45 #3 (TRAINLAB) RUN (SYS)SPOOL
 6nov85 19:22:31 #3 (TRAINLAB) RUN (SYS)SPOOL
 6nov85 19:24:08 #44 (OPER) RUN (SYS)SPOOL
 6nov85 19:27:21 #48 (OPER) RUN (SYS)SPOOL
 6nov85 19:32:36 #44 (OPER) RUN (SYS)SPOOL
 6nov85 19:34:29 #48 (OPER) RUN (SYS)SPOOL
 6nov85 19:52:27 #13 (OPER) RUN (SYS)SPOOL
 6nov85 19:53:33 #13 (OPER) RUN (SYS)SPOOL
 6nov85 19:56:22 #44 (OPER) RUN (SYS)SPOOL
 6nov85 19:56:27 #67 (CHANGC) RUN (SYS)SPOOL
 6nov85 19:57:20 #48 (OPER) RUN (SYS)SPOOL
 6nov85 19:59:22 #48 (OPER) RUN (SYS)SPOOL
 6nov85 20:03:25 #23 (PARPRINT) RUN (SYS)SPOOL
 6nov85 20:04:38 #48 (OPER) RUN (SYS)SPOOL
 6nov85 20:23:40 #13 (OPER) RUN (SYS)SPOOL
 6nov85 21:20:55 #90 (TRAINLAB) RUN (SYS)SPOOL
 6nov85 21:23:25 #90 (TRAINLAB) RUN (SYS)SPOOL
 6nov85 21:25:48 #85 (PARPRINT) RUN (SYS)SPOOL
 6nov85 22:32:00 #13 (OPER) RUN (SYS)SPOOL
 6nov85 23:16:33 #84 (FBATCH) RUN (SYS)SPOOL
 6nov85 23:53:25 #76 (TRAINLAB) RUN (SYS)SPOOL
 7nov85  0:20:12 #10 (CHANGC) RUN (SYS)SPOOL
 7nov85  0:24:34 #51 (UPTGROVE) RUN (SYS)SPOOL
 7nov85  0:26:28 #51 (UPTGROVE) RUN (SYS)SPOOL
 7nov85  0:28:04 #88 (NETMID) RUN (SYS)SPOOL
 7nov85  0:28:52 #51 (UPTGROVE) RUN (SYS)SPOOL
 7nov85  0:29:16 #79 (CPAPRINT) RUN (SYS)SPOOL
 7nov85  0:32:32 #51 (UPTGROVE) RUN (SYS)SPOOL
 7nov85  0:33:32 #51 (UPTGROVE) RUN (SYS)SPOOL
 7nov85  0:34:27 #13 (OPER) RUN (SYS)SPOOL
 7nov85  0:34:42 #51 (UPTGROVE) RUN (SYS)SPOOL
 7nov85  1:07:53 #13 (OPER) RUN (SYS)SPOOL
 7nov85  1:43:17 #74 (SANDYMF) RUN (SYS)SPOOL
 7nov85  1:53:13 #13 (OPER) RUN (SYS)SPOOL
 7nov85  2:00:09 #59 (CHANGC) RUN (SYS)SPOOL
 7nov85  2:27:42 #13 (OPER) RUN (SYS)SPOOL
 7nov85  2:29:57 #13 (OPER) RUN (SYS)SPOOL
 7nov85  2:32:13 #41 (RAFFO) RUN (SYS)SPOOL
 7nov85  2:52:31 #36 (CPAPRINT) RUN (SYS)SPOOL
 7nov85  3:04:04 #73 (CPAPRINT) RUN (SYS)SPOOL
 7nov85  3:21:12 #13 (OPER) RUN (SYS)SPOOL
 7nov85  4:37:18 #10 (RAMDBUG) RUN (SYS)SPOOL
 7nov85  8:00:07 #28 (CPAPRINT) RUN (SYS)SPOOL
 7nov85  8:58:21 #12 (FBATCH) RUN (SYS)SPOOL
 7nov85 10:13:34 #29 (PARPRINT) RUN (SYS)SPOOL
 7nov85 10:20:27 #31 (REGNIER) RUN (SYS)SPOOL
 7nov85 10:20:57 #29 (CPAPRINT) RUN (SYS)SPOOL
 7nov85 10:30:30 #41 (FBATCH) RUN (SYS)SPOOL
 7nov85 10:38:07 #8 (CPAPRINT) RUN (SYS)SPOOL
 7nov85 10:43:24 #7 (OPER) RUN (SYS)SPOOL
 7nov85 11:29:38 #47 (PARPRINT) RUN (SYS)SPOOL
 7nov85 11:34:02 #49 (FBATCH) RUN (SYS)SPOOL
 7nov85 12:17:04 #46 (CPAPRINT) RUN (SYS)SPOOL
 7nov85 12:24:34 #52 (CPAPRINT) RUN (SYS)SPOOL
 7nov85 12:30:44 #88 (CPAPRINT) RUN (SYS)SPOOL
 7nov85 12:46:52 #90 (PARPRINT) RUN (SYS)SPOOL
 7nov85 13:46:19 #47 (PARPRINT) RUN (SYS)SPOOL
 7nov85 13:52:58 #18 (OPER) RUN (SYS)SPOOL
 7nov85 14:32:14 #18 (OPER) RUN (SYS)SPOOL
 7nov85 14:42:05 #13 (OPER) RUN (SYS)SPOOL
 7nov85 14:55:23 #28 (PARPRINT) RUN (SYS)SPOOL
 7nov85 14:56:01 #18 (OPER) RUN (SYS)SPOOL
 7nov85 15:36:45 #8 (FBATCH) RUN (SYS)SPOOL
 7nov85 16:08:14 #8 (PARPRINT) RUN (SYS)SPOOL
 7nov85 16:18:07 #44 (CPAPRINT) RUN (SYS)SPOOL
 7nov85 16:51:48 #44 (FBATCH) RUN (SYS)SPOOL
 7nov85 17:13:55 #13 (OPER) RUN (SYS)SPOOL
 7nov85 17:27:50 #44 (PARPRINT) RUN (SYS)SPOOL
 7nov85 17:49:05 #47 (REGNIER) RUN (SYS)SPOOL
 7nov85 17:52:41 #66 (SPOOLRM) RUN (SYS)SPOOL
 7nov85 18:14:45 #74 (TRAINLAB) RUN (SYS)SPOOL
 7nov85 18:23:23 #52 (SPOOLRM) RUN (SYS)SPOOL
 7nov85 18:48:39 #47 (PARPRINT) RUN (SYS)SPOOL
 7nov85 19:14:07 #13 (OPER) RUN (SYS)SPOOL
 7nov85 19:14:39 #49 (FBATCH) RUN (SYS)SPOOL
 7nov85 19:17:03 #13 (OPER) RUN (SYS)SPOOL
 7nov85 19:19:37 #13 (OPER) RUN (SYS)SPOOL
 7nov85 20:03:52 #111 (PARPRINT) RUN (SYS)SPOOL
 7nov85 20:40:50 #7 (CPAPRINT) RUN (SYS)SPOOL
 7nov85 21:08:44 #13 (OPER) RUN (SYS)SPOOL
 7nov85 21:10:56 #113 (TRAINLAB) RUN (SYS)SPOOL
 7nov85 21:18:01 #92 (PARPRINT) RUN (SYS)SPOOL
 7nov85 22:05:05 #62 (SLLDCAIN) RUN (SYS)SPOOL
 7nov85 22:32:42 #45 (PARPRINT) RUN (SYS)SPOOL
 7nov85 23:08:17 #67 (SPOOLRM) RUN (SYS)SPOOL
 7nov85 23:13:22 #47 (SLLDCAIN) RUN (SYS)SPOOL
 7nov85 23:24:04 #72 (SPOOLRM) RUN (SYS)SPOOL
 7nov85 23:52:29 #86 (PARPRINT) RUN (SYS)SPOOL
 7nov85 23:58:55 #64 (OPER) RUN (SYS)SPOOL
 7nov85 23:59:15 #64 (OPER) RUN (SYS)SPOOL
 8nov85  0:10:29 #72 (CPAPRINT) RUN (SYS)SPOOL
 8nov85  1:17:54 #51 (UPTGROVE) RUN (SYS)SPOOL
 8nov85  1:18:00 #44 (PARPRINT) RUN (SYS)SPOOL
 8nov85  1:39:12 #46 (SPOOLRM) RUN (SYS)SPOOL
 8nov85  2:00:23 #98 (KSINCLAIR) RUN (SYS)SPOOL
 8nov85  2:25:31 #26 (ACHAO) RUN (SYS)SPOOL
 8nov85  3:02:19 #97 (SLLDCAIN) RUN (SYS)SPOOL
 8nov85  3:49:21 #19 (OPER) RUN (SYS)SPOOL
 8nov85  4:25:35 #8 (BKRUEGER) RUN (SYS)SPOOL
 8nov85  4:58:35 #107 (HSING) RUN (SYS)SPOOL
 8nov85  5:17:47 #18 (OPER) RUN (SYS)SPOOL
 8nov85  5:20:05 #18 (OPER) RUN (SYS)SPOOL
 8nov85  5:24:25 #18 (OPER) RUN (SYS)SPOOL
 8nov85  5:26:12 #18 (OPER) RUN (SYS)SPOOL
 8nov85  8:18:54 #10 (CPAPRINT) RUN (SYS)SPOOL
 8nov85  9:37:06 #9 (CPAPRINT) RUN (SYS)SPOOL
 8nov85 14:25:56 #18 (CPAPRINT) RUN (SYS)SPOOL
 8nov85 14:37:51 #3 (PARPRINT) RUN (SYS)SPOOL
 8nov85 16:15:06 #16 (FBATCH) RUN (SYS)SPOOL
 8nov85 17:10:06 #9 (OPER) RUN (SYS)SPOOL
 8nov85 17:24:10 #20 (FBATCH) RUN (SYS)SPOOL
 8nov85 17:29:18 #22 (TNSCTRAIN) RUN (SYS)SPOOL
 8nov85 17:38:55 #21 (FBATCH) RUN (SYS)SPOOL
 8nov85 17:45:03 #21 (SPOOLRM) RUN (SYS)SPOOL
 8nov85 18:00:36 #5 (SPOOLRM) RUN (SYS)SPOOL
 8nov85 18:03:37 #3 (PARPRINT) RUN (SYS)SPOOL
 8nov85 18:11:11 #26 (TRAINLAB) RUN (SYS)SPOOL
 8nov85 18:45:33 #28 (SLLDCAIN) RUN (SYS)SPOOL
 8nov85 19:17:45 #3 (PARPRINT) RUN (SYS)SPOOL
 8nov85 19:18:58 #42 (BKRUEGER) RUN (SYS)SPOOL
 8nov85 19:27:21 #29 (NETMID) RUN (SYS)SPOOL
 8nov85 19:33:05 #33 (HSING) RUN (SYS)SPOOL
 8nov85 20:03:52 #29 (KSHU) RUN (SYS)SPOOL
 8nov85 20:28:30 #43 (OPER) RUN (SYS)SPOOL
 8nov85 20:35:43 #79 (PARPRINT) RUN (SYS)SPOOL
 8nov85 20:36:47 #81 (FBATCH) RUN (SYS)SPOOL
 8nov85 20:39:22 #81 (CPAPRINT) RUN (SYS)SPOOL
 8nov85 21:08:22 #84 (CPAPRINT) RUN (SYS)SPOOL
 8nov85 21:51:56 #43 (SALTYRON) RUN (SYS)SPOOL
 8nov85 21:54:07 #43 (SALTYRON) RUN (SYS)SPOOL
 8nov85 21:58:27 #43 (PARPRINT) RUN (SYS)SPOOL
 8nov85 22:24:31 #9 (OPER) RUN (SYS)SPOOL
 8nov85 23:16:56 #21 (FBATCH) RUN (SYS)SPOOL
 8nov85 23:56:27 #43 (SPOOLRM) RUN (SYS)SPOOL
 9nov85  0:06:10 #21 (CPAPRINT) RUN (SYS)SPOOL
 9nov85  0:33:20 #91 (CPAPRINT) RUN (SYS)SPOOL
 9nov85  1:45:38 #9 (OPER) RUN (SYS)SPOOL
 9nov85  1:45:40 #85 (OPER) RUN (SYS)SPOOL
 9nov85  2:10:34 #9 (OPER) RUN (SYS)SPOOL
 9nov85  2:22:00 #33 (HSING) RUN (SYS)SPOOL
 9nov85  2:41:48 #9 (OPER) RUN (SYS)SPOOL
 9nov85  5:34:13 #86 (WWANG) RUN (SYS)SPOOL
 9nov85  6:40:02 #19 (CPAPRINT) RUN (SYS)SPOOL
 9nov85  7:10:30 #7 (OPER) RUN (SYS)SPOOL
 9nov85  7:42:30 #7 (OPER) RUN (SYS)SPOOL
 9nov85  8:00:27 #35 (CPAPRINT) RUN (SYS)SPOOL
 9nov85  8:28:43 #7 (OPER) RUN (SYS)SPOOL
 9nov85 14:19:15 #33 (CPAPRINT) RUN (SYS)SPOOL
 9nov85 16:42:23 #34 (CPAPRINT) RUN (SYS)SPOOL
 9nov85 17:04:28 #9 (OPER) RUN (SYS)SPOOL
 9nov85 21:01:25 #86 (WWANG) RUN (SYS)SPOOL
 9nov85 22:54:37 #21 (CPAPRINT) RUN (SYS)SPOOL
10nov85  0:05:25 #30 (MJASTRZ) RUN (SYS)SPOOL
10nov85  1:26:42 #9 (OPER) RUN (SYS)SPOOL
10nov85  2:15:40 #9 (OPER) RUN (SYS)SPOOL
10nov85  2:48:39 #25 (CARHART) RUN (SYS)SPOOL
10nov85  2:50:09 #25 (CARHART) RUN (SYS)SPOOL
10nov85  3:01:55 #21 (CPAPRINT) RUN (SYS)SPOOL
10nov85  3:57:34 #9 (OPER) RUN (SYS)SPOOL
10nov85  4:12:05 #25 (CPAPRINT) RUN (SYS)SPOOL
10nov85  5:07:16 #37 (OPER) RUN (SYS)SPOOL
10nov85  7:38:51 #8 (CPAPRINT) RUN (SYS)SPOOL
10nov85 10:31:40 #6 (CPAPRINT) RUN (SYS)SPOOL
10nov85 11:03:09 #7 (CPAPRINT) RUN (SYS)SPOOL
10nov85 13:24:51 #54 (CPAPRINT) RUN (SYS)SPOOL
10nov85 14:47:28 #36 (CPAPRINT) RUN (SYS)SPOOL
10nov85 16:07:11 #6 (CPAPRINT) RUN (SYS)SPOOL
10nov85 17:04:50 #9 (OPER) RUN (SYS)SPOOL
10nov85 21:38:07 #6 (TECHSERV) RUN (SYS)SPOOL
10nov85 21:48:18 #6 (TECHSERV) RUN (SYS)SPOOL
10nov85 21:53:15 #6 (TECHSERV) RUN (SYS)SPOOL
10nov85 21:53:31 #6 (TECHSERV) RUN (SYS)SPOOL
10nov85 22:06:41 #6 (TECHSERV) RUN (SYS)SPOOL
10nov85 23:03:13 #8 (CPAPRINT) RUN (SYS)SPOOL
10nov85 23:59:24 #27 (CPAPRINT) RUN (SYS)SPOOL
11nov85  0:06:53 #8 (CPAPRINT) RUN (SYS)SPOOL
11nov85  0:12:02 #36 (CPAPRINT) RUN (SYS)SPOOL
11nov85  1:13:08 #36 (CPAPRINT) RUN (SYS)SPOOL
11nov85  1:17:06 #36 (CPAPRINT) RUN (SYS)SPOOL
11nov85  4:50:10 #40 (CBLACK) RUN (SYS)SPOOL
11nov85  4:52:38 #40 (CBLACK) RUN (SYS)SPOOL
11nov85  5:11:42 #53 (OPER) RUN (SYS)SPOOL
11nov85  5:24:44 #3 (OPER) RUN (SYS)SPOOL
11nov85  8:00:14 #27 (CPAPRINT) RUN (SYS)SPOOL
11nov85  8:58:32 #40 (LOADII) RUN (SYS)SPOOL
11nov85 16:10:01 #12 (CPAPRINT) RUN (SYS)SPOOL
11nov85 17:17:38 #5 (OPER) RUN (SYS)SPOOL
11nov85 19:18:20 #43 (NETMID) RUN (SYS)SPOOL
11nov85 20:23:09 #75 (CPAPRINT) RUN (SYS)SPOOL
11nov85 21:08:27 #55 (DGRAHAM) RUN (SYS)SPOOL
11nov85 21:29:12 #94 (CPAPRINT) RUN (SYS)SPOOL
11nov85 21:29:30 #51 (DGRAHAM) RUN (SYS)SPOOL
11nov85 21:31:58 #98 (TECHSERV) RUN (SYS)SPOOL
11nov85 21:53:34 #84 (TECHSERV) RUN (SYS)SPOOL
11nov85 21:59:53 #84 (TECHSERV) RUN (SYS)SPOOL
11nov85 22:08:29 #84 (TECHSERV) RUN (SYS)SPOOL
11nov85 22:12:52 #84 (TECHSERV) RUN (SYS)SPOOL
11nov85 22:15:00 #84 (TECHSERV) RUN (SYS)SPOOL
11nov85 22:16:55 #84 (TECHSERV) RUN (SYS)SPOOL
11nov85 22:18:48 #84 (TECHSERV) RUN (SYS)SPOOL
11nov85 22:27:59 #84 (TECHSERV) RUN (SYS)SPOOL
11nov85 22:29:16 #84 (TECHSERV) RUN (SYS)SPOOL
11nov85 22:31:46 #84 (TECHSERV) RUN (SYS)SPOOL
11nov85 22:33:59 #84 (TECHSERV) RUN (SYS)SPOOL
11nov85 22:36:08 #84 (TECHSERV) RUN (SYS)SPOOL
11nov85 23:18:19 #51 (DGRAHAM) RUN (SYS)SPOOL
11nov85 23:54:42 #94 (CPAPRINT) RUN (SYS)SPOOL
12nov85  0:01:07 #94 (BILLING10) RUN (SYS)SPOOL
12nov85  0:38:09 #46 (CPAPRINT) RUN (SYS)SPOOL
12nov85  1:19:03 #1 (SALTYRON) RUN (SYS)SPOOL
12nov85  1:58:03 #68 (CPAPRINT) RUN (SYS)SPOOL
12nov85  2:01:32 #96 (CPAPRINT) RUN (SYS)SPOOL
12nov85  2:40:20 #105 (NETCON) RUN (SYS)SPOOL
12nov85  2:41:03 #105 (NETCON) RUN (SYS)SPOOL
12nov85  3:09:53 #107 (TECHSERV) RUN (SYS)SPOOL
12nov85  5:45:52 #25 (CPAPRINT) RUN (SYS)SPOOL
12nov85  7:42:40 #13 (FBATCH) RUN (SYS)SPOOL
12nov85  7:50:56 #34 (PARPRINT) RUN (SYS)SPOOL
12nov85  8:15:14 #31 (CPAPRINT) RUN (SYS)SPOOL
12nov85  8:40:27 #25 (CPAPRINT) RUN (SYS)SPOOL
12nov85  9:12:12 #12 (PARPRINT) RUN (SYS)SPOOL
12nov85 10:02:15 #15 (FBATCH) RUN (SYS)SPOOL
12nov85 10:06:00 #15 (TNSCTRAIN) RUN (SYS)SPOOL
12nov85 10:16:45 #16 (FBATCH) RUN (SYS)SPOOL
12nov85 10:27:51 #19 (CPAPRINT) RYS)SPOOL
12nov85 10:31:44 #25 (FBATCH) RUN (SYS)SPOOL
12nov85 10:34:41 #25 (PARPRINT) RUN (SYS)SPOOL
12nov85 11:21:19 #33 (FBATCH) RUN (SYS)SPOOL
12nov85 11:56:14 #51 (PARPRINT) RUN (SYS)SPOOL
12nov85 12:14:19 #31 (SPOOLRM) RUN (SYS)SPOOL
12nov85 13:22:07 #79 (FBATCH) RUN (SYS)SPOOL
12nov85 13:24:36 #16 (SPOOLRM) RUN (SYS)SPOOL
12nov85 13:55:24 #31 (PARPRINT) RUN (SYS)SPOOL
12nov85 14:21:10 #33 (FBATCH) RUN (SYS)SPOOL
12nov85 14:46:00 #42 (FBATCH) RUN (SYS)SPOOL
12nov85 15:17:40 #44 (PARPRINT) RUN (SYS)SPOOL
12nov85 16:40:17 #15 (PARPRINT) RUN (SYS)SPOOL
12nov85 17:13:54 #1 (OPER) RUN (SYS)SPOOL
12nov85 17:42:55 #15 (SPOOLRM) RUN (SYS)SPOOL
12nov85 17:58:59 #22 (PARPRINT) RUN (SYS)SPOOL
12nov85 18:55:13 #30 (FBATCH) RUN (SYS)SPOOL
12nov85 19:05:30 #34 (SPOOLRM) RUN (SYS)SPOOL
12nov85 19:23:50 #42 (PARPRINT) RUN (SYS)SPOOL
12nov85 19:35:38 #3 (KSINCLAIR) RUN (SYS)SPOOL
12nov85 19:53:27 #41 (BONDAD) RUN (SYS)SPOOL
12nov85 20:04:02 #75 (TECHSERV) RUN (SYS)SPOOL
12nov85 20:35:23 #69 (OPER) RUN (SYS)SPOOL
12nov85 20:43:04 #44 (NETMID) RUN (SYS)SPOOL
12nov85 20:52:52 #5 (PARPRINT) RUN (SYS)SPOOL
12nov85 21:06:14 #25 (DGRAHAM) RUN (SYS)SPOOL
12nov85 21:16:00 #41 (BONDAD) RUN (SYS)SPOOL
12nov85 21:44:39 #42 (CPAPRINT) RUN (SYS)SPOOL
12nov85 21:50:40 #60 (CSHAW) RUN (SYS)SPOOL
12nov85 21:53:04 #25 (DGRAHAM) RUN (SYS)SPOOL
12nov85 21:59:01 #84 (FBATCH) RUN (SYS)SPOOL
12nov85 22:11:51 #75 (PARPRINT) RUN (SYS)SPOOL
12nov85 22:27:31 #78 (TECHSERV) RUN (SYS)SPOOL
12nov85 22:39:38 #69 (OPER) RUN (SYS)SPOOL
12nov85 23:04:58 #69 (OPER) RUN (SYS)SPOOL
12nov85 23:11:32 #32 (FBATCH) RUN (SYS)SPOOL
12nov85 23:23:18 #30 (WNFE) RUN (SYS)SPOOL
12nov85 23:25:49 #89 (PARPRINT) RUN (SYS)SPOOL
12nov85 23:26:26 #41 (BONDAD) RUN (SYS)SPOOL
13nov85  0:23:42 #1 (OPER) RUN (SYS)SPOOL
13nov85  0:28:38 #1 (OPER) RUN (SYS)SPOOL
13nov85  0:47:10 #1 (OPER) RUN (SYS)SPOOL
13nov85  0:50:28 #70 (PARPRINT) RUN (SYS)SPOOL
13nov85  1:00:25 #1 (OPER) RUN (SYS)SPOOL
13nov85  2:29:27 #82 (CPAPRINT) RUN (SYS)SPOOL
13nov85  3:03:59 #97 (BKRUEGER) RUN (SYS)SPOOL
13nov85  3:17:09 #90 (OPER) RUN (SYS)SPOOL
13nov85  4:02:53 #46 (CPAPRINT) RUN (SYS)SPOOL
13nov85  4:26:56 #21 (BONDAD) RUN (SYS)SPOOL
13nov85  5:03:35 #1 (OPER) RUN (SYS)SPOOL
13nov85  5:14:10 #13 (CPAPRINT) RUN (SYS)SPOOL
13nov85  5:14:18 #1 (OPER) RUN (SYS)SPOOL
13nov85  7:15:39 #1 (OPER) RUN (SYS)SPOOL
14nov85  7:05:45 #14 (FBATCH) RUN (SYS)SPOOL
14nov85  7:36:00 #17 (FBATCH) RUN (SYS)SPOOL
14nov85  8:04:07 #14 (PARPRINT) RUN (SYS)SPOOL
14nov85  8:08:39 #18 (CPAPRINT) RUN (SYS)SPOOL
14nov85  8:50:16 #3 (OPER) RUN (SYS)SPOOL
14nov85  8:51:53 #18 (FBATCH) RUN (SYS)SPOOL
14nov85 14:35:52 #11 (FBATCH) RUN (SYS)SPOOL
14nov85 14:48:14 #13 (PARPRINT) RUN (SYS)SPOOL
14nov85 15:00:03 #1 (FBATCH) RUN (SYS)SPOOL
14nov85 15:04:21 #13 (CPAPRINT) RUN (SYS)SPOOL
14nov85 15:06:59 #15 (CPAPRINT) RUN (SYS)SPOOL
14nov85 15:21:27 #1 (FBATCH) RUN (SYS)SPOOL
14nov85 15:40:16 #15 (FBATCH) RUN (SYS)SPOOL
14nov85 15:59:59 #13 (FBATCH) RUN (SYS)SPOOL
14nov85 16:00:11 #5 (CPAPRINT) RUN (SYS)SPOOL
14nov85 16:17:52 #13 (PARPRINT) RUN (SYS)SPOOL
14nov85 16:20:57 #16 (FBATCH) RUN (SYS)SPOOL
14nov85 16:35:17 #13 (CPAPRINT) RUN (SYS)SPOOL
14nov85 17:13:20 #14 (OPER) RUN (SYS)SPOOL
14nov85 18:18:49 #25 (PARPRINT) RUN (SYS)SPOOL
14nov85 18:45:10 #31 (BKRUEGER) RUN (SYS)SPOOL
14nov85 18:49:38 #25 (CPAPRINT) RUN (SYS)SPOOL
14nov85 19:21:26 #46 (PARPRINT) RUN (SYS)SPOOL
14nov85 19:30:19 #47 (BONDAD) RUN (SYS)SPOOL
14nov85 20:06:45 #30 (NETMID) RUN (SYS)SPOOL
14nov85 20:44:29 #30 (PARPRINT) RUN (SYS)SPOOL
14nov85 20:46:31 #94 (OSERANG) RUN (SYS)SPOOL
14nov85 20:49:00 #94 (OSERANG) RUN (SYS)SPOOL
14nov85 20:54:18 #24 (RAFFO) RUN (SYS)SPOOL
14nov85 20:56:02 #43 (OSERANG) RUN (SYS)SPOOL
14nov85 20:57:53 #43 (OSERANG) RUN (SYS)SPOOL
14nov85 21:51:58 #45 (OPER) RUN (SYS)SPOOL
14nov85 21:54:52 #45 (OPER) RUN (SYS)SPOOL
14nov85 22:04:58 #61 (BONDAD) RUN (SYS)SPOOL
14nov85 22:09:05 #51 (PARPRINT) RUN (SYS)SPOOL
14nov85 23:08:25 #57 (CPAPRINT) RUN (SYS)SPOOL
14nov85 23:12:26 #90 (CPAPRINT) RUN (SYS)SPOOL
14nov85 23:19:26 #106 (PARPRINT) RUN (SYS)SPOOL
14nov85 23:20:17 #90 (CPAPRINT) RUN (SYS)SPOOL
14nov85 23:33:06 #106 (BONDAD) RUN (SYS)SPOOL
14nov85 23:46:10 #87 (CPAPRINT) RUN (SYS)SPOOL
15nov85  0:42:43 #89 (PARPRINT) RUN (SYS)SPOOL
15nov85  1:00:52 #97 (DGRAHAM) RUN (SYS)SPOOL
15nov85  1:14:33 #106 (CPAPRINT) RUN (SYS)SPOOL
15nov85  1:20:03 #45 (OPER) RUN (SYS)SPOOL
15nov85  1:24:35 #92 (FRANKWU) RUN (SYS)SPOOL
15nov85  1:27:12 #92 (FRANKWU) RUN (SYS)SPOOL
15nov85  1:28:48 #92 (FRANKWU) RUN (SYS)SPOOL
15nov85  2:05:47 #38 (PARPRINT) RUN (SYS)SPOOL
15nov85  2:49:55 #115 (CPAPRINT) RUN (SYS)SPOOL
15nov85  3:22:54 #32 (PARPRINT) RUN (SYS)SPOOL
15nov85  4:02:49 #53 (TECHSERV) RUN (SYS)SPOOL
15nov85  4:05:04 #53 (TECHSERV) RUN (SYS)SPOOL
15nov85  4:08:56 #32 (CPAPRINT) RUN (SYS)SPOOL
15nov85  4:10:27 #53 (TECHSERV) RUN (SYS)SPOOL
15nov85  4:31:07 #36 (PARPRINT) RUN (SYS)SPOOL
15nov85  4:44:28 #14 (OPER) RUN (SYS)SPOOL
15nov85  4:45:02 #14 (OPER) RUN (SYS)SPOOL
15nov85  5:16:35 #14 (OPER) RUN (SYS)SPOOL
15nov85  6:22:50 #12 (CPAPRINT) RUN (SYS)SPOOL
15nov85  6:38:11 #29 (TRAINLAB) RUN (SYS)SPOOL
15nov85  6:42:23 #29 (TRAINLAB) RUN (SYS)SPOOL
15nov85  6:44:06 #29 (TRAINLAB) RUN (SYS)SPOOL
15nov85  7:45:19 #29 (PARPRINT) RUN (SYS)SPOOL
15nov85  7:58:50 #17 (CPAPRINT) RUN (SYS)SPOOL
15nov85  8:10:54 #31 (FBATCH) RUN (SYS)SPOOL
15nov85  8:12:35 #32 (OPER) RUN (SYS)SPOOL
15nov85  8:57:06 #29 (PARPRINT) RUN (SYS)SPOOL
15nov85  9:11:00 #29 (FBATCH) RUN (SYS)SPOOL
15nov85 10:43:15 #19 (PARPRINT) RUN (SYS)SPOOL
15nov85 11:26:11 #11 (FBATCH) RUN (SYS)SPOOL
15nov85 11:55:24 #17 (PARPRINT) RUN (SYS)SPOOL
15nov85 13:50:20 #17 (CPAPRINT) RUN (SYS)SPOOL
15nov85 14:12:56 #17 (CPAPRINT) RUN (SYS)SPOOL
15nov85 14:43:38 #14 (OPER) RUN (SYS)SPOOL
15nov85 15:16:15 #18 (PARPRINT) RUN (SYS)SPOOL
15nov85 15:20:15 #19 (FBATCH) RUN (SYS)SPOOL
15nov85 16:39:10 #30 (PARPRINT) RUN (SYS)SPOOL
15nov85 17:15:09 #14 (OPER) RUN (SYS)SPOOL
15nov85 17:57:41 #35 (PARPRINT) RUN (SYS)SPOOL
15nov85 18:00:03 #36 (FBATCH) RUN (SYS)SPOOL
15nov85 18:07:49 #24 (FBATCH) RUN (SYS)SPOOL
15nov85 18:51:25 #23 (SPOOLRM) RUN (SYS)SPOOL
15nov85 19:17:15 #59 (PARPRINT) RUN (SYS)SPOOL
15nov85 19:18:30 #61 (BONDAD) RUN (SYS)SPOOL
15nov85 19:20:04 #62 (TECHSERV) RUN (SYS)SPOOL
15nov85 19:21:36 #62 (TECHSERV) RUN (SYS)SPOOL
15nov85 19:30:28 #44 (CPAPRINT) RUN (SYS)SPOOL
15nov85 20:37:31 #93 (PARPRINT) RUN (SYS)SPOOL
15nov85 21:51:34 #101 (PARPRINT) RUN (SYS)SPOOL
15nov85 23:06:46 #72 (DENCOFF) RUN (SYS)SPOOL
15nov85 23:11:09 #72 (DENCOFF) RUN (SYS)SPOOL
15nov85 23:40:37 #44 (CARL) RUN (SYS)SPOOL
15nov85 23:42:15 #44 (CARL) RUN (SYS)SPOOL
16nov85  0:01:46 #110 (OPER) RUN (SYS)SPOOL
16nov85  0:13:19 #118 (CPAPRINT) RUN (SYS)SPOOL
16nov85  2:18:02 #14 (OPER) RUN (SYS)SPOOL
16nov85  2:18:18 #90 (CSHAW) RUN (SYS)SPOOL
16nov85  2:45:57 #76 (BKRUEGER) RUN (SYS)SPOOL
16nov85  3:26:37 #19 (CPAPRINT) RUN (SYS)SPOOL
16nov85  4:01:25 #14 (OPER) RUN (SYS)SPOOL
16nov85  5:25:03 #30 (CPAPRINT) RUN (SYS)SPOOL
16nov85  5:38:25 #14 (OPER) RUN (SYS)SPOOL
16nov85  6:14:52 #14 (OPER) RUN (SYS)SPOOL
16nov85  6:47:41 #30 (TECHSERV) RUN (SYS)SPOOL
16nov85  7:00:23 #30 (TECHSERV) RUN (SYS)SPOOL
16nov85  7:02:34 #30 (TECHSERV) RUN (SYS)SPOOL
16nov85  8:05:58 #38 (CSHAW) RUN (SYS)SPOOL
16nov85 12:28:07 #29 (CPAPRINT) RUN (SYS)SPOOL
16nov85 13:22:10 #49 (CPAPRINT) RUN (SYS)SPOOL
16nov85 16:23:48 #37 (CPAPRINT) RUN (SYS)SPOOL
16nov85 17:01:00 #26 (OPER) RUN (SYS)SPOOL
16nov85 19:57:33 #40 (CPAPRINT) RUN (SYS)SPOOL
16nov85 21:35:55 #48 (PACTECH) RUN (SYS)SPOOL
16nov85 21:38:43 #48 (PACTECH) RUN (SYS)SPOOL
16nov85 21:42:00 #48 (PACTECH) RUN (SYS)SPOOL
16nov85 22:14:49 #37 (TECHSERV) RUN (SYS)SPOOL
16nov85 22:52:52 #37 (TECHSERV) RUN (SYS)SPOOL
17nov85  0:26:26 #40 (CPAPRINT) RUN (SYS)SPOOL
17nov85  1:06:17 #64 (TECHSERV) RUN (SYS)SPOOL
17nov85  1:08:53 #64 (TECHSERV) RUN (SYS)SPOOL
17nov85  1:11:18 #64 (TECHSERV) RUN (SYS)SPOOL
17nov85  1:11:46 #64 (TECHSERV) RUN (SYS)SPOOL
17nov85  1:12:19 #64 (TECHSERV) RUN (SYS)SPOOL
17nov85  1:27:56 #64 (TECHSERV) RUN (SYS)SPOOL
17nov85  1:30:15 #64 (TECHSERV) RUN (SYS)SPOOL
17nov85  1:54:52 #64 (TECHSERV) RUN (SYS)SPOOL
17nov85  4:39:51 #36 (CPAPRINT) RUN (SYS)SPOOL
17nov85  7:28:20 #47 (CPAPRINT) RUN (SYS)SPOOL
17nov85  7:32:40 #47 (CPAPRINT) RUN (SYS)SPOOL
17nov85  7:43:03 #36 (CPAPRINT) RUN (SYS)SPOOL
17nov85 12:34:32 #14 (OPER) RUN (SYS)SPOOL
17nov85 15:33:13 #36 (CPAPRINT) RUN (SYS)SPOOL
17nov85 17:04:37 #14 (OPER) RUN (SYS)SPOOL
17nov85 20:47:32 #37 (CPAPRINT) RUN (SYS)SPOOL
18nov85  1:53:00 #37 (CPAPRINT) RUN (SYS)SPOOL
18nov85  3:34:36 #40 (CPAPRINT) RUN (SYS)SPOOL
18nov85  6:02:56 #74 (TAOHSIEH) RUN (SYS)SPOOL
18nov85  6:05:09 #26 (TAOHSIEH) RUN (SYS)SPOOL
18nov85  6:05:25 #26 (TAOHSIEH) RUN (SYS)SPOOL
18nov85  6:20:46 #26 (CPAPRINT) RUN (SYS)SPOOL
18nov85  6:44:42 #40 (CPAPRINT) RUN (SYS)SPOOL
18nov85  6:52:04 #40 (CPAPRINT) RUN (SYS)SPOOL
18nov85  7:23:10 #60 (CPAPRINT) RUN (SYS)SPOOL
18nov85  8:10:24 #37 (CPAPRINT) RUN (SYS)SPOOL
18nov85  8:34:12 #37 (FBATCH) RUN (SYS)SPOOL
18nov85  8:58:35 #29 (PARPRINT) RUN (SYS)SPOOL
18nov85 14:20:09 #1 (PARPRINT) RUN (SYS)SPOOL
18nov85 14:23:55 #16 (FBATCH) RUN (SYS)SPOOL
18nov85 15:17:03 #15 (CPAPRINT) RUN (SYS)SPOOL
18nov85 15:38:44 #17 (PARPRINT) RUN (SYS)SPOOL
18nov85 16:14:00 #5 (OPER) RUN (SYS)SPOOL
18nov85 16:57:57 #13 (PARPRINT) RUN (SYS)SPOOL
18nov85 18:22:49 #29 (PARPRINT) RUN (SYS)SPOOL
18nov85 18:32:25 #50 (TECHSERV) RUN (SYS)SPOOL
18nov85 18:32:35 #50 (TECHSERV) RUN (SYS)SPOOL
18nov85 18:49:42 #46 (NETMID) RUN (SYS)SPOOL
18nov85 19:28:14 #52 (TCHOW) RUN (SYS)SPOOL
18nov85 19:29:04 #52 (TCHOW) RUN (SYS)SPOOL
18nov85 19:32:06 #55 (BKRUEGER) RUN (SYS)SPOOL
18nov85 19:35:56 #5 (OPER) RUN (SYS)SPOOL
18nov85 19:40:26 #53 (PARPRINT) RUN (SYS)SPOOL
18nov85 20:22:55 #60 (TRAINLAB) RUN (SYS)SPOOL
18nov85 20:36:48 #60 (PACTECH) RUN (SYS)SPOOL
18nov85 21:54:36 #59 (JWANG) RUN (SYS)SPOOL
18nov85 21:59:18 #59 (JWANG) RUN (SYS)SPOOL
18nov85 21:59:29 #40 (PARPRINT) RUN (SYS)SPOOL
18nov85 22:00:10 #59 (JWANG) RUN (SYS)SPOOL
18nov85 22:02:16 #59 (JWANG) RUN (SYS)SPOOL
18nov85 22:38:16 #59 (CPAPRINT) RUN (SYS)SPOOL
18nov85 23:18:01 #72 (CPAPRINT) RUN (SYS)SPOOL
18nov85 23:45:35 #5 (OPER) RUN (SYS)SPOOL
18nov85 23:47:30 #5 (OPER) RUN (SYS)SPOOL
18nov85 23:57:49 #81 (TRAINLAB) RUN (SYS)SPOOL
19nov85  0:16:31 #5 (OPER) RUN (SYS)SPOOL
19nov85  1:13:05 #42 (NET3) RUN (SYS)SPOOL
19nov85  1:19:26 #5 (OPER) RUN (SYS)SPOOL
19nov85  1:22:02 #5 (OPER) RUN (SYS)SPOOL
19nov85  1:22:23 #42 (NET3) RUN (SYS)SPOOL
19nov85  1:57:22 #5 (OPER) RUN (SYS)SPOOL
19nov85 17:40:04 #5 (OPER) RUN (SYS)SPOOL
19nov85 18:17:59 #41 (SPOOLRM) RUN (SYS)SPOOL
19nov85 18:18:00 #38 (PARPRINT) RUN (SYS)SPOOL
19nov85 19:41:34 #63 (PARPRINT) RUN (SYS)SPOOL
19nov85 20:40:10 #41 (SPOOLRM) RUN (SYS)SPOOL
19nov85 20:58:36 #78 (HSING) RUN (SYS)SPOOL
19nov85 21:12:59 #78 (HSING) RUN (SYS)SPOOL
19nov85 21:49:11 #31 (TECHSERV) RUN (SYS)SPOOL
19nov85 22:03:28 #23 (TECHSERV) RUN (SYS)SPOOL
19nov85 22:04:37 #23 (TECHSERV) RUN (SYS)SPOOL
19nov85 22:07:37 #5 (OPER) RUN (SYS)SPOOL
19nov85 22:07:42 #23 (TECHSERV) RUN (SYS)SPOOL
19nov85 22:52:02 #62 (RWS) RUN (SYS)SPOOL
19nov85 22:52:45 #94 (TECHSERV) RUN (SYS)SPOOL
19nov85 23:22:26 #94 (NETMID) RUN (SYS)SPOOL
19nov85 23:25:36 #41 (RAMDBUG) RUN (SYS)SPOOL
19nov85 23:59:06 #78 (CPAPRINT) RUN (SYS)SPOOL
20nov85  0:03:59 #64 (LSHERMAN) RUN (SYS)SPOOL
20nov85  0:14:43 #88 (CPAPRINT) RUN (SYS)SPOOL
20nov85  2:22:23 #33 (RUDMAN) RUN (SYS)SPOOL
20nov85  2:51:58 #73 (MBERGER) RUN (SYS)SPOOL
20nov85  4:34:31 #13 (OPER) RUN (SYS)SPOOL
20nov85  4:34:47 #43 (CBLACK) RUN (SYS)SPOOL
20nov85  4:40:39 #33 (RUDMAN) RUN (SYS)SPOOL
20nov85  4:46:49 #33 (RUDMAN) RUN (SYS)SPOOL
20nov85  4:56:43 #43 (CBLACK) RUN (SYS)SPOOL
20nov85  5:26:04 #13 (OPER) RUN (SYS)SPOOL
20nov85  6:11:55 #43 (OPER) RUN (SYS)SPOOL
20nov85  6:17:34 #6 (CPAPRINT) RUN (SYS)SPOOL
20nov85  6:30:25 #6 (CPAPRINT) RUN (SYS)SPOOL
20nov85  6:38:30 #6 (CPAPRINT) RUN (SYS)SPOOL
20nov85  6:41:25 #5 (OPER) RUN (SYS)SPOOL
20nov85  6:46:42 #6 (CPAPRINT) RUN (SYS)SPOOL
20nov85  7:00:47 #13 (OPER) RUN (SYS)SPOOL
20nov85  7:02:43 #13 (OPER) RUN (SYS)SPOOL
20nov85  7:02:58 #5 (OPER) RUN (SYS)SPOOL
20nov85  7:20:34 #5 (OPER) RUN (SYS)SPOOL
20nov85  7:57:25 #30 (RAMDBUG) RUN (SYS)SPOOL
20nov85  8:01:28 #5 (OPER) RUN (SYS)SPOOL
20nov85  8:36:17 #3 (CPAPRINT) RUN (SYS)SPOOL
20nov85  9:50:48 #5 (OPER) RUN (SYS)SPOOL
20nov85 10:15:57 #47 (PARPRINT) RUN (SYS)SPOOL
20nov85 10:37:12 #5 (OPER) RUN (SYS)SPOOL
20nov85 11:24:00 #51 (PARPRINT) RUN (SYS)SPOOL
20nov85 11:56:48 #53 (FBATCH) RUN (SYS)SPOOL
20nov85 12:15:09 #36 (PARPRINT) RUN (SYS)SPOOL
20nov85 13:24:38 #30 (PARPRINT) RUN (SYS)SPOOL
20nov85 14:36:27 #36 (PARPRINT) RUN (SYS)SPOOL
20nov85 15:02:20 #41 (CPAPRINT) RUN (SYS)SPOOL
20nov85 15:16:00 #5 (OPER) RUN (SYS)SPOOL
20nov85 15:24:38 #5 (OPER) RUN (SYS)SPOOL
20nov85 15:29:53 #5 (OPER) RUN (SYS)SPOOL
20nov85 15:48:33 #13 (PARPRINT) RUN (SYS)SPOOL
20nov85 15:56:03 #5 (OPER) RUN (SYS)SPOOL
20nov85 15:58:39 #5 (OPER) RUN (SYS)SPOOL
20nov85 16:00:51 #5 (OPER) RUN (SYS)SPOOL
20nov85 16:11:00 #19 (CPAPRINT) RUN (SYS)SPOOL
20nov85 16:41:51 #31 (CPAPRINT) RUN (SYS)SPOOL
20nov85 17:08:54 #5 (OPER) RUN (SYS)SPOOL
20nov85 17:34:06 #38 (FBATCH) RUN (SYS)SPOOL
20nov85 17:48:28 #5 (OPER) RUN (SYS)SPOOL
20nov85 17:51:41 #45 (PARPRINT) RUN (SYS)SPOOL
20nov85 18:06:01 #13 (SPOOLRM) RUN (SYS)SPOOL
20nov85 19:00:28 #5 (OPER) RUN (SYS)SPOOL
20nov85 19:05:20 #5 (OPER) RUN (SYS)SPOOL
20nov85 19:05:32 #38 (SPOOLRM) RUN (SYS)SPOOL
20nov85 19:11:57 #54 (SPOOLRM) RUN (SYS)SPOOL
20nov85 19:13:07 #14 (SPOOLRM) RUN (SYS)SPOOL
20nov85 19:16:16 #55 (TECHSERV) RUN (SYS)SPOOL
20nov85 19:19:14 #32 (PARPRINT) RUN (SYS)SPOOL
20nov85 19:20:11 #14 (SPOOLRM) RUN (SYS)SPOOL
20nov85 19:54:04 #52 (ALANLO) RUN (SYS)SPOOL
20nov85 19:58:05 #60 (OPER) RUN (SYS)SPOOL
20nov85 20:02:13 #73 (RUDMAN) RUN (SYS)SPOOL
20nov85 20:25:47 #74 (RAMDBUG) RUN (SYS)SPOOL
20nov85 20:40:36 #81 (SPOOLRM) RUN (SYS)SPOOL
20nov85 20:43:14 #87 (PARPRINT) RUN (SYS)SPOOL
20nov85 21:03:20 #33 (TWANG) RUN (SYS)SPOOL
20nov85 21:39:55 #73 (TECHSERV) RUN (SYS)SPOOL
20nov85 22:00:43 #74 (RAMDBUG) RUN (SYS)SPOOL
20nov85 22:02:19 #77 (FBATCH) RUN (SYS)SPOOL
20nov85 22:05:38 #33 (TWANG) RUN (SYS)SPOOL
20nov85 22:07:11 #95 (PARPRINT) RUN (SYS)SPOOL
20nov85 22:14:43 #72 (CPAPRINT) RUN (SYS)SPOOL
20nov85 22:17:34 #65 (TECHSERV) RUN (SYS)SPOOL
20nov85 22:24:53 #53 (RAMDBUG) RUN (SYS)SPOOL
21nov85  0:11:15 #3 (CPAPRINT) RUN (SYS)SPOOL
21nov85  0:14:47 #23 (CPAPRINT) RUN (SYS)SPOOL
21nov85  0:45:29 #18 (OPER) RUN (SYS)SPOOL
21nov85  2:32:26 #39 (CPAPRINT) RUN (SYS)SPOOL
21nov85  2:37:39 #32 (CPAPRINT) RUN (SYS)SPOOL
21nov85  2:40:59 #47 (RAMDBUG) RUN (SYS)SPOOL
21nov85  2:51:22 #11 (TRAINLAB) RUN (SYS)SPOOL
21nov85  2:55:38 #11 (TRAINLAB) RUN (SYS)SPOOL
21nov85  3:12:14 #11 (PARPRINT) RUN (SYS)SPOOL
21nov85  3:19:07 #12 (OPER) RUN (SYS)SPOOL
21nov85  3:47:14 #12 (OPER) RUN (SYS)SPOOL
21nov85  4:38:12 #28 (PARPRINT) RUN (SYS)SPOOL
21nov85  5:04:01 #28 (TRAINLAB) RUN (SYS)SPOOL
21nov85  5:29:03 #16 (FBATCH) RUN (SYS)SPOOL
21nov85  5:58:28 #24 (CPAPRINT) RUN (SYS)SPOOL
21nov85  7:45:56 #47 (RAMDBUG) RUN (SYS)SPOOL
21nov85  8:12:37 #34 (CSHAW) RUN (SYS)SPOOL
21nov85  8:17:19 #24 (CPAPRINT) RUN (SYS)SPOOL
21nov85  8:52:17 #32 (CPAPRINT) RUN (SYS)SPOOL
21nov85  9:18:27 #35 (PARPRINT) RUN (SYS)SPOOL
21nov85 10:12:48 #12 (OPER) RUN (SYS)SPOOL
21nov85 10:34:44 #34 (PARPRINT) RUN (SYS)SPOOL
21nov85 11:52:51 #32 (PARPRINT) RUN (SYS)SPOOL
21nov85 12:12:52 #12 (OPER) RUN (SYS)SPOOL
21nov85 14:04:22 #42 (PARPRINT) RUN (SYS)SPOOL
21nov85 14:30:45 #3 (FBATCH) RUN (SYS)SPOOL
21nov85 15:12:52 #3 (PARPRINT) RUN (SYS)SPOOL
21nov85 16:31:26 #11 (SPOOLRM) RUN (SYS)SPOOL
21nov85 16:33:41 #32 (CPAPRINT) RUN (SYS)SPOOL
21nov85 16:36:13 #21 (PARPRINT) RUN (SYS)SPOOL
21nov85 17:01:30 #24 (OPER) RUN (SYS)SPOOL
21nov85 17:57:34 #16 (PARPRINT) RUN (SYS)SPOOL
21nov85 18:10:36 #16 (SPOOLRM) RUN (SYS)SPOOL
21nov85 19:11:40 #49 (TRAINLAB) RUN (SYS)SPOOL
21nov85 19:18:23 #56 (PARPRINT) RUN (SYS)SPOOL
21nov85 19:30:33 #37 (CPAPRINT) RUN (SYS)SPOOL
21nov85 20:09:21 #67 (NETMID) RUN (SYS)SPOOL
21nov85 20:13:26 #51 (TECHSERV) RUN (SYS)SPOOL
21nov85 20:38:42 #68 (PARPRINT) RUN (SYS)SPOOL
21nov85 20:45:22 #16 (ALANLO) RUN (SYS)SPOOL
21nov85 21:02:29 #29 (LSHERMAN) RUN (SYS)SPOOL
21nov85 21:20:09 #14 (RUDMAN) RUN (SYS)SPOOL
21nov85 21:41:34 #83 (NET3) RUN (SYS)SPOOL
21nov85 21:57:22 #22 (TRAINLAB) RUN (SYS)SPOOL
21nov85 22:02:45 #60 (PARPRINT) RUN (SYS)SPOOL
21nov85 22:20:11 #94 (CPAPRINT) RUN (SYS)SPOOL
21nov85 22:47:39 #54 (BONDAD) RUN (SYS)SPOOL
21nov85 23:05:01 #24 (OPER) RUN (SYS)SPOOL
21nov85 23:08:41 #24 (OPER) RUN (SYS)SPOOL
21nov85 23:15:01 #92 (PARPRINT) RUN (SYS)SPOOL
21nov85 23:19:17 #32 (TRAINLAB) RUN (SYS)SPOOL
21nov85 23:22:12 #27 (WWANG) RUN (SYS)SPOOL
22nov85  0:01:53 #101 (CPAPRINT) RUN (SYS)SPOOL
22nov85  0:17:37 #26 (CPAPRINT) RUN (SYS)SPOOL
22nov85  0:24:24 #103 (ALANLO) RUN (SYS)SPOOL
22nov85  0:26:18 #98 (PARPRINT) RUN (SYS)SPOOL
22nov85  0:47:30 #26 (CPAPRINT) RUN (SYS)SPOOL
22nov85  1:01:14 #74 (NTDDOC) RUN (SYS)SPOOL
22nov85  1:11:01 #24 (OPER) RUN (SYS)SPOOL
22nov85  1:26:35 #74 (SPOOLRM) RUN (SYS)SPOOL
22nov85  1:32:08 #24 (OPER) RUN (SYS)SPOOL
22nov85  1:46:19 #27 (WWANG) RUN (SYS)SPOOL
22nov85  2:00:59 #5 (OPER) RUN (SYS)SPOOL
22nov85  2:53:59 #46 (TCHOW) RUN (SYS)SPOOL
22nov85  3:03:49 #14 (PARPRINT) RUN (SYS)SPOOL
22nov85  3:08:28 #40 (TECHSERV) RUN (SYS)SPOOL
22nov85  3:09:53 #44 (RAMDBUG) RUN (SYS)SPOOL
22nov85  3:13:04 #44 (RAMDBUG) RUN (SYS)SPOOL
22nov85  3:19:24 #46 (LSHERMAN) RUN (SYS)SPOOL
22nov85  3:23:48 #46 (LSHERMAN) RUN (SYS)SPOOL
22nov85  3:29:03 #44 (RAMDBUG) RUN (SYS)SPOOL
22nov85  4:00:35 #24 (OPER) RUN (SYS)SPOOL
22nov85  4:19:17 #1 (CPAPRINT) RUN (SYS)SPOOL
22nov85  4:26:43 #41 (PARPRINT) RUN (SYS)SPOOL
22nov85  4:38:58 #24 (OPER) RUN (SYS)SPOOL
22nov85  4:46:09 #26 (CPAPRINT) RUN (SYS)SPOOL
22nov85  5:05:40 #24 (OPER) RUN (SYS)SPOOL
22nov85  5:39:06 #24 (OPER) RUN (SYS)SPOOL
22nov85  5:45:58 #17 (BKRUEGER) RUN (SYS)SPOOL
22nov85  7:59:04 #24 (OPER) RUN (SYS)SPOOL
22nov85  8:12:51 #15 (CPAPRINT) RUN (SYS)SPOOL
22nov85  8:45:57 #1 (PARPRINT) RUN (SYS)SPOOL
22nov85  9:56:13 #18 (PARPRINT) RUN (SYS)SPOOL
22nov85 11:06:41 #26 (PARPRINT) RUN (SYS)SPOOL
22nov85 11:13:17 #24 (OPER) RUN (SYS)SPOOL
22nov85 11:31:17 #38 (CPAPRINT) RUN (SYS)SPOOL
22nov85 12:17:26 #25 (PARPRINT) RUN (SYS)SPOOL
22nov85 12:36:24 #17 (CPAPRINT) RUN (SYS)SPOOL
22nov85 12:52:36 #49 (PARPRINT) RUN (SYS)SPOOL
22nov85 13:08:49 #17 (SPOOLRM) RUN (SYS)SPOOL
22nov85 13:28:41 #24 (OPER) RUN (SYS)SPOOL
22nov85 14:05:31 #44 (PARPRINT) RUN (SYS)SPOOL
22nov85 14:12:46 #25 (SPOOLRM) RUN (SYS)SPOOL
22nov85 14:59:59 #22 (CPAPRINT) RUN (SYS)SPOOL
22nov85 15:18:29 #1 (PARPRINT) RUN (SYS)SPOOL
22nov85 16:20:19 #1 (FBATCH) RUN (SYS)SPOOL
22nov85 16:42:32 #3 (PARPRINT) RUN (SYS)SPOOL
22nov85 17:06:58 #17 (OPER) RUN (SYS)SPOOL
22nov85 17:33:48 #1 (FBATCH) RUN (SYS)SPOOL
22nov85 17:40:04 #3 (SPOOLRM) RUN (SYS)SPOOL
22nov85 17:49:38 #12 (PARPRINT) RUN (SYS)SPOOL
22nov85 17:54:16 #13 (FBATCH) RUN (SYS)SPOOL
22nov85 18:06:55 #13 (PARPRINT) RUN (SYS)SPOOL
22nov85 18:36:19 #17 (OPER) RUN (SYS)SPOOL
22nov85 18:37:14 #13 (PARPRINT) RUN (SYS)SPOOL
22nov85 19:30:45 #31 (PARPRINT) RUN (SYS)SPOOL
22nov85 19:45:44 #36 (NETMID) RUN (SYS)SPOOL
22nov85 19:57:24 #42 (PARPRINT) RUN (SYS)SPOOL
22nov85 20:00:38 #44 (CPAPRINT) RUN (SYS)SPOOL
22nov85 20:00:42 #41 (BKRUEGER) RUN (SYS)SPOOL
22nov85 20:14:06 #35 (NETQC) RUN (SYS)SPOOL
22nov85 20:15:13 #37 (CPAPRINT) RUN (SYS)SPOOL
22nov85 20:45:18 #51 (PARPRINT) RUN (SYS)SPOOL
22nov85 21:15:42 #51 (PARPRINT) RUN (SYS)SPOOL
22nov85 21:55:49 #39 (RAMDBUG) RUN (SYS)SPOOL
22nov85 22:04:31 #17 (PARPRINT) RUN (SYS)SPOOL
22nov85 22:16:04 #51 (OPER) RUN (SYS)SPOOL
22nov85 22:23:45 #51 (OPER) RUN (SYS)SPOOL
22nov85 22:33:58 #60 (PARPRINT) RUN (SYS)SPOOL
22nov85 23:13:01 #65 (SPOOLRM) RUN (SYS)SPOOL
22nov85 23:23:44 #39 (RAMDBUG) RUN (SYS)SPOOL
22nov85 23:28:05 #26 (PARPRINT) RUN (SYS)SPOOL
22nov85 23:41:20 #51 (OPER) RUN (SYS)SPOOL
22nov85 23:52:07 #65 (CPAPRINT) RUN (SYS)SPOOL
22nov85 23:57:42 #65 (PARPRINT) RUN (SYS)SPOOL
23nov85  0:13:57 #65 (CPAPRINT) RUN (SYS)SPOOL
23nov85  0:14:09 #65 (SPOOLRM) RUN (SYS)SPOOL
23nov85  0:35:16 #74 (SPOOLRM) RUN (SYS)SPOOL
23nov85  0:51:38 #69 (PARPRINT) RUN (SYS)SPOOL
23nov85  1:16:22 #14 (RUDMAN) RUN (SYS)SPOOL
23nov85  1:17:16 #14 (RUDMAN) RUN (SYS)SPOOL
23nov85  1:21:06 #66 (PARPRINT) RUN (SYS)SPOOL
+@F