.;this command file creates the PASCAL MACRO FACILITY (PMF)
.;
.;compile the PASCAL modules
.r (pasnew)pascal
Pascal, Version 1B

*/optimize
*pmf
*pmfcmd
*pmfinp
*pmfput
*pmfdef
*pmfexp
*pmfscn
*pmferr
*/exit

EXIT

.;
.;link with utility library
.r link
*pmf/ssave=
*pmf,pmfcmd,pmfinp,pmfput,pmfdef,pmfexp,pmfscn,pmferr
*/s utl
*/go

EXIT

.SEND ZONNIE
TYPE LETTER:
; PCOM v1.52 command processed: 020PCO.LOG = pmfcrt.pco
; Options: DETACH  LOG NOAPPEND SUPERSEDE TIME:60 TRULIMIT:0 
; Job status: completed.
; Output recorded in file 020PCO.LOG.

MAIL WAITING
.LOGOUT
2125.69 tru
terminal time: 0:24:54
