!com/com CMDLIN.SAI
SAIL: CMDLIN.SAI 1
  (KLIB)SAIL.HDR 1
    (SAILIB)SAIL.DEF 1 2
  (KLIB)SYS.REQ 1
    (SAILIB)UUOSYM.DEF 1 2 3 4 5 6 7
  (KLIB)CMDLIN.REQ 1
 2 3


EXIT

!com/com DATE.SAI
SAIL: DATE.SAI 1
  (KLIB)SAIL.HDR 1
    (SAILIB)SAIL.DEF 1 2
  (KLIB)DATE.REQ 1
 2 3 4 5 6 7 8 9 10 11 12 13


EXIT

!com/com LIC.SAI
SAIL: LIC.SAI 1
  (KLIB)SAIL.HDR 1
    (SAILIB)SAIL.DEF 1 2
  (KLIB)UTIL.REQ 1
  (KLIB)SYS.REQ 1
    (SAILIB)UUOSYM.DEF 1 2 3 4 5 6 7
  (KLIB)LIC.REQ 1
 2 3 4 5 6 7 8 9 10 11 12


EXIT

!com/com SYS.SAI
SAIL: SYS.SAI 1
  (KLIB)SAIL.HDR 1
    (SAILIB)SAIL.DEF 1 2
  (KLIB)SYS.REQ 1
    (SAILIB)UUOSYM.DEF 1 2 3 4 5 6 7
  (KLIB)DATE.REQ 1
  (KLIB)TIME.REQ 1
 2 3 4 5 6 7 8 9 10 11 12 13 14 15 16 17


EXIT

!com/com TIME.SAI
SAIL: TIME.SAI 1
  (KLIB)SAIL.HDR 1
    (SAILIB)SAIL.DEF 1 2
  (KLIB)DATE.REQ 1
  (KLIB)TIME.REQ 1
  (KLIB)SYS.REQ 1
    (SAILIB)UUOSYM.DEF 1 2 3 4 5 6 7
 2 3 4 5 6 7 8 9


EXIT

!com/com UTIL.SAI
SAIL: UTIL.SAI 1
  (KLIB)SAIL.HDR 1
    (SAILIB)SAIL.DEF 1 2
  (KLIB)UTIL.REQ 1
  (KLIB)SYS.REQ 1
    (SAILIB)UUOSYM.DEF 1 2 3 4 5 6 7
 2 3 4 5 6 7 8 9 10 11 12 13 14 15 16 17


EXIT

!com/com WLDCRD.SAI
SAIL: WLDCRD.SAI 1
  (KLIB)SAIL.HDR 1
    (SAILIB)SAIL.DEF 1 2
  (KLIB)UTIL.REQ 1
  (KLIB)WLDCRD.REQ 1
  (SAILIB)MFDSCN.REQ 1
 2 3 4 5 6 7
UNDECLARED IDENTIFIER: CVSHORTPPN
WLDCRD, Page 7
00390	         if (PPN _ CvShortPPN
(UFDSpec)) then

^
EXIT

!SEND PEAK
TYPE LETTER:
; PCOM v1.63 - processed: (KLIB)BLD.LOG = (KLIB)BLD.CTL
; Options: DETACH  LOG NOAPPEND SUPERSEDE LICENSE 
; Limits: TIME:60 TRULIMIT:0 
; Status: completed.
; Output recorded in file (KLIB)BLD.LOG.

mail waiting
!LOGOUT
94.49 tru
terminal time: 0:05:04
