me 8 user MAIL: (MAIL)MAILER 
Sun,  5-Nov-89  7:59:59 PST
Frame 8 user MAIL: (MAIL)MAILER 
Frame 9 user PERPOPER: (SYS)REDSAT 
Sun,  5-Nov-89  8:59:59 PST
Frame 8 user MAIL: (MAIL)MAILER 
Sun,  5-Nov-89  9:59:59 PST
Frame 8 user MAIL: (MAIL)MAILER 
Sun,  5-Nov-89 10:59:59 PST
Frame 8 user MAIL: (MAIL)MAILER 
Sun,  5-Nov-89 11:59:59 PST
Frame 8 user MAIL: (MAIL)MAILER 
Sun,  5-Nov-89 12:59:59 PST
Frame 8 user MAIL: (MAIL)MAILER 
Sun,  5-Nov-89 13:59:59 PST
Frame 8 user MAIL: (MAIL)MAILER 
Sun,  5-Nov-89 14:59:59 PST
Frame 8 user MAIL: (MAIL)MAILER 
Sun,  5-Nov-89 15:59:59 PST
Frame 8 user MAIL: (MAIL)MAILER 
Frame 9 user PERPOPER: (SYS)REDSAT 
Sun,  5-Nov-89 16:59:59 PST
Frame 8 user MAIL: (MAIL)MAILER 
Sun,  5-Nov-89 17:59:59 PST
Frame 8 user MAIL: (MAIL)MAILER 
Sun,  5-Nov-89 18:59:59 PST
Frame 8 user MAIL: (MAIL)MAILER 
Sun,  5-Nov-89 19:59:59 PST
Frame 8 user MAIL: (MAIL)MAILER 
Sun,  5-Nov-89 20:59:59 PST
Frame 8 user MAIL: (MAIL)MAILER 
Sun,  5-Nov-89 22:00:00 PST
Frame 9 user MAIL: (MAIL)MAILER 
Sun,  5-Nov-89 22:59:59 PST
Frame 9 user MAIL: (MAIL)MAILER 
Mon,  6-Nov-89  0:00:00 PST
Frame 10 user MAIL: (MAIL)MAILER 
Frame 11 user PERPOPER: (SYS)REDSAT 
Mon,  6-Nov-89  0:06:47 PST system startup
Frame 1 user PJ: (PJ)PAM 
Frame 7 user PERPOPER: (SYS)SYSLOG 
Frame 8 user MAIL: (MAIL)MAILER 
Frame 9 user PERPOPER: (SYS)REDSAT 
Mon,  6-Nov-89  1:00:00 PST
Frame 3 user MAIL: (MAIL)MAILER 
Mon,  6-Nov-89  1:59:59 PST
Frame 3 user MAIL: (MAIL)MAILER 
Mon,  6-Nov-89  3:00:00 PST
Frame 3 user MAIL: (MAIL)MAILER 
Mon,  6-Nov-89  3:59:59 PST
Frame 9 user MAIL: (MAIL)MAILER 
Mon,  6-Nov-89  5:00:00 PST
Frame 9 user MAIL: (MAIL)MAILER 
Mon,  6-Nov-89  6:00:00 PST
Frame 9 user MAIL: (MAIL)MAILER 
Mon,  6-Nov-89  7:00:00 PST
Frame 9 user MAIL: (MAIL)MAILER 
Mon,  6-Nov-89  8:00:00 PST
Frame 9 user MAIL: (MAIL)MAILER 
Frame 10 user PERPOPER: (SYS)REDSAT 
Mon,  6-Nov-89  8:59:59 PST
Frame 10 user MAIL: (MAIL)MAILER 
Mon,  6-Nov-89  9:59:59 PST
Frame 10 user MAIL: (MAIL)MAILER 
Mon,  6-Nov-89 10:59:59 PST
Frame 6 user MAIL: (MAIL)MAILER 
Mon,  6-Nov-89 11:59:59 PST
Frame 12 user MAIL: (MAIL)MAILER 
Mon,  6-Nov-89 13:00:07 PST
Frame 10 user MAIL: (MAIL)MAILER 
Mon,  6-Nov-89 13:59:59 PST
Frame 11 user MAIL: (MAIL)MAILER 
Mon,  6-Nov-89 14:59:59 PST
Frame 10 user MAIL: (MAIL)MAILER 
Mon,  6-Nov-89 15:59:59 PST
Frame 10 user MAIL: (MAIL)MAILER 
Frame 11 user PERPOPER: (SYS)REDSAT 
Mon,  6-Nov-89 17:00:00 PST
Frame 3 user MAIL: (MAIL)MAILER 
Mon,  6-Nov-89 17:31:34 PST notice to quit
Mon,  6-Nov-89 18:06:07 PST system startup
Frame 1 user PJ: (PJ)PAM 
Frame 7 user PERPOPER: (SYS)SYSLOG 
Frame 8 user MAIL: (MAIL)MAILER 
Mon,  6-Nov-89 18:59:59 PST
Frame 13 user MAIL: (MAIL)MAILER 
Mon,  6-Nov-89 19:59:59 PST
Frame 13 user MAIL: (MAIL)MAILER 
Mon,  6-Nov-89 20:59:59 PST
Frame 13 user MAIL: (MAIL)MAILER 
Mon,  6-Nov-89 21:59:59 PST
Frame 13 user MAIL: (MAIL)MAILER 
Mon,  6-Nov-89 22:59:59 PST
Frame 13 user MAIL: (MAIL)MAILER 
Mon,  6-Nov-89 23:59:40 PST notice to quit
Tue,  7-Nov-89  1:45:52 PST system startup
Frame 1 user PJ: (PJ)PAM 
Frame 7 user PERPOPER: (SYS)SYSLOG 
Frame 8 user MAIL: (MAIL)MAILER 
Tue,  7-Nov-89  2:00:00 PST
Frame 3 user MAIL: (MAIL)MAILER 
Tue,  7-Nov-89  3:00:00 PST
Frame 3 user MAIL: (MAIL)MAILER 
Tue,  7-Nov-89  4:00:00 PST
Frame 3 user MAIL: (MAIL)MAILER 
Tue,  7-Nov-89  5:00:00 PST
Frame 3 user MAIL: (MAIL)MAILER 
Tue,  7-Nov-89  6:00:00 PST
Frame 3 user MAIL: (MAIL)MAILER 
Tue,  7-Nov-89  7:00:00 PST
Frame 3 user MAIL: (MAIL)MAILER 
Tue,  7-Nov-89  8:00:00 PST
Frame 3 user MAIL: (MAIL)MAILER 
Frame 6 user PERPOPER: (SYS)REDSAT 
Tue,  7-Nov-89  9:00:00 PST
Frame 3 user MAIL: (MAIL)MAILER 
Tue,  7-Nov-89 10:00:00 PST
Frame 3 user MAIL: (MAIL)MAILER 
Tue,  7-Nov-89 11:00:00 PST
Frame 6 user MAIL: (MAIL)MAILER 
Tue,  7-Nov-89 12:00:00 PST
Frame 3 user MAIL: (MAIL)MAILER 
Tue,  7-Nov-89 13:58:14 PST system startup
Frame 1 user PJ: (PJ)PAM 
Frame 7 user PERPOPER: (SYS)SYSLOG 
Frame 8 user MAIL: (MAIL)MAILER 
Tue,  7-Nov-89 13:59:59 PST
Frame 6 user MAIL: (MAIL)MAILER 
Tue,  7-Nov-89 14:59:59 PST
Frame 3 user MAIL: (MAIL)MAILER 
Tue,  7-Nov-89 15:59:59 PST
Frame 3 user MAIL: (MAIL)MAILER 
Frame 6 user PERPOPER: (SYS)REDSAT 
Tue,  7-Nov-89 16:59:59 PST
Frame 3 user MAIL: (MAIL)MAILER 
Tue,  7-Nov-89 17:59:59 PST
Frame 3 user MAIL: (MAIL)MAILER 
Tue,  7-Nov-89 18:59:59 PST
Frame 3 user MAIL: (MAIL)MAILER 
Tue,  7-Nov-89 19:59:59 PST
Frame 3 user MAIL: (MAIL)MAILER 
Tue,  7-Nov-89 20:59:59 PST
Frame 3 user MAIL: (MAIL)MAILER 
Tue,  7-Nov-89 21:59:59 PST
Frame 3 user MAIL: (MAIL)MAILER 
Tue,  7-Nov-89 22:59:59 PST
Frame 3 user MAIL: (MAIL)MAILER 
Wed,  8-Nov-89  0:00:00 PST
Frame 3 user MAIL: (MAIL)MAILER 
Frame 6 user PERPOPER: (SYS)REDSAT 
Wed,  8-Nov-89  1:00:00 PST
Frame 6 user MAIL: (MAIL)MAILER 
Wed,  8-Nov-89  2:00:00 PST
Frame 3 user MAIL: (MAIL)MAILER 
Wed,  8-Nov-89  3:00:00 PST
Frame 3 user MAIL: (MAIL)MAILER 
Wed,  8-Nov-89  4:00:00 PST
Frame 3 user MAIL: (MAIL)MAILER 
Wed,  8-Nov-89  5:00:00 PST
Frame 3 user MAIL: (MAIL)MAILER 
Wed,  8-Nov-89  6:00:00 PST
Frame 8 user MAIL: (MAIL)MAILER 
Wed,  8-Nov-89  7:00:00 PST
Frame 3 user MAIL: (MAIL)MAILER 
Wed,  8-Nov-89  8:00:00 PST
Frame 3 user MAIL: (MAIL)MAILER 
Frame 8 user PERPOPER: (SYS)REDSAT 
Wed,  8-Nov-89  9:00:00 PST
Frame 3 user MAIL: (MAIL)MAILER 
Wed,  8-Nov-89 10:00:00 PST
Frame 3 user MAIL: (MAIL)MAILER 
Wed,  8-Nov-89 11:00:00 PST
Frame 3 user MAIL: (MAIL)MAILER 
Wed,  8-Nov-89 12:00:00 PST
Frame 8 user MAIL: (MAIL)MAILER 
Wed,  8-Nov-89 13:00:00 PST
Frame 3 user MAIL: (MAIL)MAILER 
Wed,  8-Nov-89 14:00:00 PST
Frame 3 user MAIL: (MAIL)MAILER 
Wed,  8-Nov-89 15:00:00 PST
Frame 3 user MAIL: (MAIL)MAILER 
Wed,  8-Nov-89 16:00:00 PST
Frame 3 user MAIL: (MAIL)MAILER 
Frame 8 user PERPOPER: (SYS)REDSAT 
Wed,  8-Nov-89 17:00:00 PST
Frame 3 user MAIL: (MAIL)MAILER 
Wed,  8-Nov-89 18:00:00 PST
Frame 3 user MAIL: (MAIL)MAILER 
Wed,  8-Nov-89 19:00:00 PST
Frame 3 user MAIL: (MAIL)MAILER 
Wed,  8-Nov-89 20:00:00 PST
Frame 3 user MAIL: (MAIL)MAILER 
Wed,  8-Nov-89 21:00:00 PST
Frame 3 user MAIL: (MAIL)MAILER 
Wed,  8-Nov-89 22:00:00 PST
Frame 3 user MAIL: (MAIL)MAILER 
Wed,  8-Nov-89 23:00:00 PST
Frame 8 user MAIL: (MAIL)MAILER 
Thu,  9-Nov-89  0:00:00 PST
Frame 8 user MAIL: (MAIL)MAILER 
Frame 9 user PERPOPER: (SYS)REDSAT 
Thu,  9-Nov-89  1:00:10 PST
Frame 3 user MAIL: (MAIL)MAILER 
Thu,  9-Nov-89  1:59:59 PST
Frame 3 user MAIL: (MAIL)MAILER 
Thu,  9-Nov-89  2:59:59 PST
Frame 3 user MAIL: (MAIL)MAILER 
Thu,  9-Nov-89  3:59:59 PST
Frame 3 user MAIL: (MAIL)MAILER 
Thu,  9-Nov-89  4:59:59 PST
Frame 3 user MAIL: (MAIL)MAILER 
Thu,  9-Nov-89  5:59:59 PST
Frame 3 user MAIL: (MAIL)MAILER 
Thu,  9-Nov-89  6:59:59 PST
Frame 3 user MAIL: (MAIL)MAILER 
Thu,  9-Nov-89  7:59:59 PST
Frame 3 user MAIL: (MAIL)MAILER 
Frame 8 user PERPOPER: (SYS)REDSAT 
Thu,  9-Nov-89  8:59:59 PST
Frame 3 user MAIL: (MAIL)MAILER 
Thu,  9-Nov-89  9:59:59 PST
Frame 3 user MAIL: (MAIL)MAILER 
Thu,  9-Nov-89 10:59:59 PST
Frame 3 user MAIL: (MAIL)MAILER 
Thu,  9-Nov-89 11:59:59 PST
Frame 3 user MAIL: (MAIL)MAILER 
Thu,  9-Nov-89 12:59:59 PST
Frame 3 user MAIL: (MAIL)MAILER 
Thu,  9-Nov-89 13:59:59 PST
Frame 3 user MAIL: (MAIL)MAILER 
Thu,  9-Nov-89 14:21:36 PST notice to quit
Mon, 13-Nov-89 11:43:37 PST system startup
Frame 1 user PJ: (PJ)PAM 
Frame 7 user PERPOPER: (SYS)SYSLOG 
Frame 8 user MAIL: (MAIL)MAILER 
Mon, 13-Nov-89 12:00:00 PST
Frame 13 user MAIL: (MAIL)MAILER 
Mon, 13-Nov-89 13:00:00 PST
Frame 6 user MAIL: (MAIL)MAILER 
Mon, 13-Nov-89 14:00:00 PST
Frame 13 user MAIL: (MAIL)MAILER 
Mon, 13-Nov-89 15:00:00 PST
Frame 13 user MAIL: (MAIL)MAILER 
Mon, 13-Nov-89 15:16:26 PST notice to quit
Mon, 13-Nov-89 21:29:47 PST system startup
Frame 1 user PJ: (PJ)PAM 
Frame 7 user PERPOPER: (SYS)SYSLOG 
Frame 8 user MAIL: (MAIL)MAILER 
Mon, 13-Nov-89 22:00:00 PST
Frame 3 user MAIL: (MAIL)MAILER 
Mon, 13-Nov-89 23:00:00 PST
Frame 3 user MAIL: (MAIL)MAILER 
Tue, 14-Nov-89  0:00:00 PST
Frame 18 user MAIL: (MAIL)MAILER 
Frame 24 user PERPOPER: (SYS)REDSAT 
Tue, 14-Nov-89  0:41:54 PST notice to quit
Tue, 14-Nov-89  2:25:03 PST system startup
Frame 1 user PJ: (PJ)PAM 
Frame 7 user PERPOPER: (SYS)SYSLOG 
Frame 8 user MAIL: (MAIL)MAILER 
Tue, 14-Nov-89  3:00:00 PST
Frame 10 user MAIL: (MAIL)MAILER 
Tue, 14-Nov-89  4:00:00 PST
Frame 10 user MAIL: (MAIL)MAILER 
Tue, 14-Nov-89  5:00:00 PST
Frame 10 user MAIL: (MAIL)MAILER 
Tue, 14-Nov-89  6:00:00 PST
Frame 11 user MAIL: (MAIL)MAILER 
Tue, 14-Nov-89  7:00:00 PST
Frame 9 user MAIL: (MAIL)MAILER 
Tue, 14-Nov-89  8:00:00 PST
Frame 9 user MAIL: (MAIL)MAILER 
Frame 10 user PERPOPER: (SYS)REDSAT 
Tue, 14-Nov-89  9:00:00 PST
Frame 9 user MAIL: (MAIL)MAILER 
Tue, 14-Nov-89 10:00:00 PST
Frame 3 user MAIL: (MAIL)MAILER 
Tue, 14-Nov-89 11:00:00 PST
Frame 3 user MAIL: (MAIL)MAILER 
Tue, 14-Nov-89 12:00:00 PST
Frame 10 user MAIL: (MAIL)MAILER 
Tue, 14-Nov-89 13:00:00 PST
Frame 10 user MAIL: (MAIL)MAILER 
Tue, 14-Nov-89 14:00:00 PST
Frame 10 user MAIL: (MAIL)MAILER 
Tue, 14-Nov-89 15:00:00 PST
Frame 14 user MAIL: (MAIL)MAILER 
Tue, 14-Nov-89 16:00:00 PST
Frame 10 user MAIL: (MAIL)MAILER 
Frame 11 user PERPOPER: (SYS)REDSAT 
Tue, 14-Nov-89 17:00:00 PST
Frame 11 user MAIL: (MAIL)MAILER 
Tue, 14-Nov-89 18:00:00 PST
Frame 10 user MAIL: (MAIL)MAILER 
Tue, 14-Nov-89 19:00:00 PST
Frame 10 user MAIL: (MAIL)MAILER 
Tue, 14-Nov-89 20:00:00 PST
Frame 10 user MAIL: (MAIL)MAILER 
Tue, 14-Nov-89 21:00:00 PST
Frame 10 user MAIL: (MAIL)MAILER 
Tue, 14-Nov-89 21:06:02 PST notice to quit
Tue, 14-Nov-89 21:41:45 PST system startup
Frame 1 user PJ: (PJ)PAM 
Frame 7 user PERPOPER: (SYS)SYSLOG 
Frame 8 user MAIL: (MAIL)MAILER 
Tue, 14-Nov-89 22:00:00 PST
Frame 3 user MAIL: (MAIL)MAILER 
Tue, 14-Nov-89 22:21:18 PST notice to quit
Tue, 14-Nov-89 23:30:01 PST system startup
Frame 1 user PJ: (PJ)PAM 
Frame 7 user PERPOPER: (SYS)SYSLOG 
Frame 8 user MAIL: (MAIL)MAILER 
Wed, 15-Nov-89  0:00:00 PST
Frame 3 user MAIL: (MAIL)MAILER 
Frame 10 user PERPOPER: (SYS)REDSAT 
Wed, 15-Nov-89  1:00:09 PST
Frame 10 user MAIL: (MAIL)MAILER 
Wed, 15-Nov-89  2:00:00 PST
Frame 10 user MAIL: (MAIL)MAILER 
Wed, 15-Nov-89  2:59:59 PST
Frame 10 user MAIL: (MAIL)MAILER 
Wed, 15-Nov-89  4:00:00 PST
Frame 10 user MAIL: (MAIL)MAILER 
Wed, 15-Nov-89  5:00:00 PST
Frame 10 user MAIL: (MAIL)MAILER 
Wed, 15-Nov-89  6:00:00 PST
Frame 10 user MAIL: (MAIL)MAILER 
Wed, 15-Nov-89  7:00:00 PST
Frame 11 user MAIL: (MAIL)MAILER 
Wed, 15-Nov-89  8:00:00 PST
Frame 9 user MAIL: (MAIL)MAILER 
Frame 10 user PERPOPER: (SYS)REDSAT 
Wed, 15-Nov-89  9:00:00 PST
Frame 9 user MAIL: (MAIL)MAILER 
Wed, 15-Nov-89 10:00:00 PST
Frame 9 user MAIL: (MAIL)MAILER 
Wed, 15-Nov-89 10:59:59 PST
Frame 9 user MAIL: (MAIL)MAILER 
Wed, 15-Nov-89 12:00:00 PST
Frame 9 user MAIL: (MAIL)MAILER 
Wed, 15-Nov-89 13:00:00 PST
Frame 10 user MAIL: (MAIL)MAILER 
Wed, 15-Nov-89 13:59:59 PST
Frame 10 user MAIL: (MAIL)MAILER 
Wed, 15-Nov-89 15:00:00 PST
Frame 10 user MAIL: (MAIL)MAILER 
Wed, 15-Nov-89 15:59:59 PST
Frame 18 user MAIL: (MAIL)MAILER 
Frame 19 user PERPOPER: (SYS)REDSAT 
Wed, 15-Nov-89 17:00:00 PST
Frame 10 user MAIL: (MAIL)MAILER 
Wed, 15-Nov-89 18:00:00 PST
Frame 9 user MAIL: (MAIL)MAILER 
Wed, 15-Nov-89 19:00:00 PST
Frame 9 user MAIL: (MAIL)MAILER 
Wed, 15-Nov-89 20:00:00 PST
Frame 10 user MAIL: (MAIL)MAILER 
Wed, 15-Nov-89 21:00:00 PST
Frame 9 user MAIL: (MAIL)MAILER 
Wed, 15-Nov-89 22:00:00 PST
Frame 9 user MAIL: (MAIL)MAILER 
Wed, 15-Nov-89 23:00:00 PST
Frame 10 user MAIL: (MAIL)MAILER 
Thu, 16-Nov-89  0:00:00 PST
Frame 9 user MAIL: (MAIL)MAILER 
Frame 10 user PERPOPER: (SYS)REDSAT 
Thu, 16-Nov-89  1:00:03 PST
Frame 9 user MAIL: (MAIL)MAILER 
Thu, 16-Nov-89  1:59:59 PST
Frame 9 user MAIL: (MAIL)MAILER 
Thu, 16-Nov-89  2:59:59 PST
Frame 9 user MAIL: (MAIL)MAILER 
Thu, 16-Nov-89  3:59:59 PST
Frame 9 user MAIL: (MAIL)MAILER 
Thu, 16-Nov-89  4:59:59 PST
Frame 9 user MAIL: (MAIL)MAILER 
Thu, 16-Nov-89  6:00:00 PST
Frame 9 user MAIL: (MAIL)MAILER 
Thu, 16-Nov-89  6:59:59 PST
Frame 10 user MAIL: (MAIL)MAILER 
Thu, 16-Nov-89  7:59:59 PST
Frame 9 user MAIL: (MAIL)MAILER 
Frame 10 user PERPOPER: (SYS)REDSAT 
Thu, 16-Nov-89  8:59:59 PST
Frame 10 user MAIL: (MAIL)MAILER 
Thu, 16-Nov-89  9:59:59 PST
Frame 9 user MAIL: (MAIL)MAILER 
Thu, 16-Nov-89 10:59:59 PST
Frame 9 user MAIL: (MAIL)MAILER 
Thu, 16-Nov-89 11:59:59 PST
Frame 9 user MAIL: (MAIL)MAILER 
Thu, 16-Nov-89 13:00:00 PST
Frame 9 user MAIL: (MAIL)MAILER 
Thu, 16-Nov-89 13:59:59 PST
Frame 9 user MAIL: (MAIL)MAILER 
Thu, 16-Nov-89 14:59:59 PST
Frame 9 user MAIL: (MAIL)MAILER 
Thu, 16-Nov-89 15:59:39 PST notice to quit
Thu, 16-Nov-89 18:15:25 PST system startup
Frame 1 user PJ: (PJ)PAM 
Frame 7 user PERPOPER: (SYS)SYSLOG 
Frame 8 user MAIL: (MAIL)MAILER 
Thu, 16-Nov-89 19:00:00 PST
Frame 10 user MAIL: (MAIL)MAILER 
Thu, 16-Nov-89 20:00:00 PST
Frame 10 user MAIL: (MAIL)MAILER 
Thu, 16-Nov-89 20:00:10 PST
?frame 10 user MAIL: MAILER status 3,3 illegal instruction
Thu, 16-Nov-89 21:00:00 PST
Frame 12 user MAIL: (MAIL)MAILER 
Thu, 16-Nov-89 21:59:59 PST
Frame 10 user MAIL: (MAIL)MAILER 
Thu, 16-Nov-89 22:59:59 PST
Frame 10 user MAIL: (MAIL)MAILER 
Thu, 16-Nov-89 23:59:59 PST
Frame 10 user MAIL: (MAIL)MAILER 
Frame 12 user PERPOPER: (SYS)REDSAT 
Fri, 17-Nov-89  1:00:00 PST
Frame 10 user MAIL: (MAIL)MAILER 
Fri, 17-Nov-89  2:00:00 PST
Frame 10 user MAIL: (MAIL)MAILER 
Fri, 17-Nov-89  3:00:00 PST
Frame 10 user MAIL: (MAIL)MAILER 
Fri, 17-Nov-89  4:00:00 PST
Frame 10 user MAIL: (MAIL)MAILER 
Fri, 17-Nov-89  5:00:00 PST
Frame 12 user MAIL: (MAIL)MAILER 
Fri, 17-Nov-89  6:00:00 PST
Frame 15 user MAIL: (MAIL)MAILER 
Fri, 17-Nov-89  7:00:00 PST
Frame 15 user MAIL: (MAIL)MAILER 
Fri, 17-Nov-89  8:00:00 PST
Frame 12 user MAIL: (MAIL)MAILER 
Frame 15 user PERPOPER: (SYS)REDSAT 
Fri, 17-Nov-89  9:00:00 PST
Frame 12 user MAIL: (MAIL)MAILER 
Fri, 17-Nov-89 10:00:00 PST
Frame 10 user MAIL: (MAIL)MAILER 
Fri, 17-Nov-89 11:00:00 PST
Frame 10 user MAIL: (MAIL)MAILER 
Fri, 17-Nov-89 12:00:00 PST
Frame 10 user MAIL: (MAIL)MAILER 
Fri, 17-Nov-89 13:00:00 PST
Frame 10 user MAIL: (MAIL)MAILER 
Fri, 17-Nov-89 14:00:00 PST
Frame 10 user MAIL: (MAIL)MAILER 
Fri, 17-Nov-89 15:00:00 PST
Frame 9 user MAIL: (MAIL)MAILER 
Fri, 17-Nov-89 16:00:00 PST
Frame 9 user MAIL: (MAIL)MAILER 
Frame 10 user PERPOPER: (SYS)REDSAT 
Fri, 17-Nov-89 17:00:00 PST
Frame 9 user MAIL: (MAIL)MAILER 
Fri, 17-Nov-89 18:00:00 PST
Frame 9 user MAIL: (MAIL)MAILER 
Fri, 17-Nov-89 19:00:00 PST
Frame 9 user MAIL: (MAIL)MAILER 
Fri, 17-Nov-89 20:00:00 PST
Frame 9 user MAIL: (MAIL)MAILER 
Fri, 17-Nov-89 21:00:00 PST
Frame 9 user MAIL: (MAIL)MAILER 
Fri, 17-Nov-89 22:00:00 PST
Frame 9 user MAIL: (MAIL)MAILER 
Fri, 17-Nov-89 23:00:00 PST
Frame 9 user MAIL: (MAIL)MAILER 
Sat, 18-Nov-89  0:00:00 PST
Frame 3 user MAIL: (MAIL)MAILER 
Frame 9 user PERPOPER: (SYS)REDSAT 
Sat, 18-Nov-89  1:00:06 PST
Frame 3 user MAIL: (MAIL)MAILER 
Sat, 18-Nov-89  1:59:59 PST
Frame 3 user MAIL: (MAIL)MAILER 
Sat, 18-Nov-89  2:59:59 PST
Frame 3 user MAIL: (MAIL)MAILER 
Sat, 18-Nov-89  3:59:59 PST
Frame 3 user MAIL: (MAIL)MAILER 
Sat, 18-Nov-89  4:59:59 PST
Frame 9 user MAIL: (MAIL)MAILER 
Sat, 18-Nov-89  5:59:59 PST
Frame 12 user MAIL: (MAIL)MAILER 
Sat, 18-Nov-89  6:59:59 PST
Frame 10 user MAIL: (MAIL)MAILER 
Sat, 18-Nov-89  7:59:59 PST
Frame 10 user MAIL: (MAIL)MAILER 
Frame 12 user PERPOPER: (SYS)REDSAT 
Sat, 18-Nov-89  8:59:59 PST
Frame 10 user MAIL: (MAIL)MAILER 
Sat, 18-Nov-89  9:59:59 PST
Frame 10 user MAIL: (MAIL)MAILER 
Sat, 18-Nov-89 10:59:59 PST
Frame 10 user MAIL: (MAIL)MAILER 
Sat, 18-Nov-89 11:59:59 PST
Frame 10 user MAIL: (MAIL)MAILER 
Sat, 18-Nov-89 12:59:59 PST
Frame 10 user MAIL: (MAIL)MAILER 
Sat, 18-Nov-89 13:59:59 PST
Frame 10 user MAIL: (MAIL)MAILER 
Sat, 18-Nov-89 14:59:59 PST
Frame 10 user MAIL: (MAIL)MAILER 
Sat, 18-Nov-89 15:59:59 PST
Frame 10 user MAIL: (MAIL)MAILER 
Frame 13 user PERPOPER: (SYS)REDSAT 
Sat, 18-Nov-89 16:59:59 PST
Frame 10 user MAIL: (MAIL)MAILER 
Sat, 18-Nov-89 17:59:59 PST
Frame 10 user MAIL: (MAIL)MAILER 
Sat, 18-Nov-89 18:59:59 PST
Frame 10 user MAIL: (MAIL)MAILER 
Sat, 18-Nov-89 19:59:59 PST
Frame 10 user MAIL: (MAIL)MAILER 
Sat, 18-Nov-89 20:59:59 PST
Frame 9 user MAIL: (MAIL)MAILER 
Sat, 18-Nov-89 21:59:59 PST
Frame 9 user MAIL: (MAIL)MAILER 
Sat, 18-Nov-89 22:59:59 PST
Frame 9 user MAIL: (MAIL)MAILER 
Sat, 18-Nov-89 23:59:59 PST
Frame 10 user MAIL: (MAIL)MAILER 
Frame 12 user PERPOPER: (SYS)REDSAT 
Sun, 19-Nov-89  1:00:00 PST
Frame 9 user MAIL: (MAIL)MAILER 
Sun, 19-Nov-89  1:59:59 PST
Frame 9 user MAIL: (MAIL)MAILER 
Sun, 19-Nov-89  3:00:00 PST
Frame 9 user MAIL: (MAIL)MAILER 
Sun, 19-Nov-89  4:00:00 PST
Frame 9 user MAIL: (MAIL)MAILER 
Sun, 19-Nov-89  5:00:00 PST
Frame 9 user MAIL: (MAIL)MAILER 
Sun, 19-Nov-89  6:00:00 PST
Frame 9 user MAIL: (MAIL)MAILER 
Sun, 19-Nov-89  6:59:59 PST
Frame 9 user MAIL: (MAIL)MAILER 
Sun, 19-Nov-89  8:00:00 PST
Frame 9 user MAIL: (MAIL)MAILER 
Frame 10 user PERPOPER: (SYS)REDSAT 
Sun, 19-Nov-89  8:59:59 PST
Frame 3 user MAIL: (MAIL)MAILER 
Sun, 19-Nov-89 10:00:00 PST
Frame 9 user MAIL: (MAIL)MAILER 
Sun, 19-Nov-89 11:00:00 PST
Frame 3 user MAIL: (MAIL)MAILER 
Sun, 19-Nov-89 12:00:00 PST
Frame 3 user MAIL: (MAIL)MAILER 
Sun, 19-Nov-89 12:59:59 PST
Frame 9 user MAIL: (MAIL)MAILER 
Sun, 19-Nov-89 14:00:00 PST
Frame 9 user MAIL: (MAIL)MAILER 
Sun, 19-Nov-89 15:00:00 PST
Frame 9 user MAIL: (MAIL)MAILER 
Sun, 19-Nov-89 16:00:00 PST
Frame 9 user MAIL: (MAIL)MAILER 
Frame 10 user PERPOPER: (SYS)REDSAT 
Sun, 19-Nov-89 17:00:00 PST
Frame 9 user MAIL: (MAIL)MAILER 
Sun, 19-Nov-89 18:00:00 PST
Frame 9 user MAIL: (MAIL)MAILER 
Sun, 19-Nov-89 19:00:00 PST
Frame 9 user MAIL: (MAIL)MAILER 
Sun, 19-Nov-89 20:00:00 PST
Frame 9 user MAIL: (MAIL)MAILER 
Sun, 19-Nov-89 21:00:00 PST
Frame 9 user MAIL: (MAIL)MAILER 
Sun, 19-Nov-89 21:59:59 PST
Frame 10 user MAIL: (MAIL)MAILER 
Sun, 19-Nov-89 23:0PST
Frame 9 user MAIL: (MAIL)MAILER 
Mon, 20-Nov-89  0:00:00 PST
Frame 9 user MAIL: (MAIL)MAILER 
Frame 10 user PERPOPER: (SYS)REDSAT 
Mon, 20-Nov-89  1:00:04 PST
Frame 9 user MAIL: (MAIL)MAILER 
Mon, 20-Nov-89  2:00:00 PST
Frame 10 user MAIL: (MAIL)MAILER 
Mon, 20-Nov-89  3:00:00 PST
Frame 9 user MAIL: (MAIL)MAILER 
Mon, 20-Nov-89  4:00:00 PST
Frame 9 user MAIL: (MAIL)MAILER 
Mon, 20-Nov-89  5:00:00 PST
Frame 9 user MAIL: (MAIL)MAILER 
Mon, 20-Nov-89  6:00:00 PST
Frame 9 user MAIL: (MAIL)MAILER 
Mon, 20-Nov-89  7:00:00 PST
Frame 9 user MAIL: (MAIL)MAILER 
Mon, 20-Nov-89  8:00:00 PST
Frame 9 user MAIL: (MAIL)MAILER 
Frame 10 user PERPOPER: (SYS)REDSAT 
Mon, 20-Nov-89  9:00:00 PST
Frame 9 user MAIL: (MAIL)MAILER 
Mon, 20-Nov-89 10:00:00 PST
Frame 9 user MAIL: (MAIL)MAILER 
Mon, 20-Nov-89 11:00:00 PST
Frame 9 user MAIL: (MAIL)MAILER 
Mon, 20-Nov-89 12:00:00 PST
Frame 9 user MAIL: (MAIL)MAILER 
Mon, 20-Nov-89 13:00:00 PST
Frame 9 user MAIL: (MAIL)MAILER 
Mon, 20-Nov-89 14:00:00 PST
Frame 10 user MAIL: (MAIL)MAILER 
Mon, 20-Nov-89 15:00:00 PST
Frame 10 user MAIL: (MAIL)MAILER 
Mon, 20-Nov-89 16:00:00 PST
Frame 9 user MAIL: (MAIL)MAILER 
Frame 10 user PERPOPER: (SYS)REDSAT 
Mon, 20-Nov-89 17:00:00 PST
Frame 9 user MAIL: (MAIL)MAILER 
Mon, 20-Nov-89 18:00:00 PST
Frame 9 user MAIL: (MAIL)MAILER 
Mon, 20-Nov-89 19:00:00 PST
Frame 9 user MAIL: (MAIL)MAILER 
Mon, 20-Nov-89 20:00:00 PST
Frame 9 user MAIL: (MAIL)MAILER 
Mon, 20-Nov-89 21:00:00 PST
Frame 9 user MAIL: (MAIL)MAILER 
Mon, 20-Nov-89 21:59:59 PST
Frame 9 user MAIL: (MAIL)MAILER 
Mon, 20-Nov-89 23:00:00 PST
Frame 10 user MAIL: (MAIL)MAILER 
Tue, 21-Nov-89  0:00:00 PST
Frame 10 user MAIL: (MAIL)MAILER 
Frame 12 user PERPOPER: (SYS)REDSAT 
Tue, 21-Nov-89  0:29:21 PST notice to quit
Tue, 21-Nov-89  2:58:56 PST system startup
Frame 1 user PJ: (PJ)PAM 
Frame 7 user PERPOPER: (SYS)SYSLOG 
Frame 8 user MAIL: (MAIL)MAILER 
Tue, 21-Nov-89  3:00:00 PST
Frame 15 user MAIL: (MAIL)MAILER 
Tue, 21-Nov-89  4:00:00 PST
Frame 3 user MAIL: (MAIL)MAILER 
Tue, 21-Nov-89  5:03:03 PST system startup
Frame 1 user PJ: (PJ)PAM 
Frame 7 user PERPOPER: (SYS)SYSLOG 
Frame 8 user MAIL: (MAIL)MAILER 
Tue, 21-Nov-89  6:00:00 PST
Frame 3 user MAIL: (MAIL)MAILER 
Tue, 21-Nov-89  7:00:00 PST
Frame 3 user MAIL: (MAIL)MAILER 
Wed, 22-Nov-89 19:50:19 PST system startup
Frame 1 user PJ: (PJ)PAM 
Frame 7 user PERPOPER: (SYS)SYSLOG 
Frame 8 user MAIL: (MAIL)MAILER 
Wed,  9-May-90 23:09:05 PDT system startup
Frame 1 user PJ: (PJ)PAM 
Frame 7 user PERPOPER: (SYS)SYSLOG 
Frame 8 user MAIL: (MAIL)MAILER 
Wed,  9-May-90 23:59:59 PDT
Frame 3 user MAIL: (MAIL)MAILER 
Frame 6 user PERPOPER: (SYS)REDSAT 
Thu, 10-May-90  0:59:59 PDT
Frame 8 user MAIL: (MAIL)MAILER 
Thu, 10-May-90  1:59:59 PDT
Frame 3 user MAIL: (MAIL)MAILER 
Thu, 10-May-90  2:59:59 PDT
Frame 3 user MAIL: (MAIL)MAILER 
Thu, 10-May-90  3:59:59 PDT
Frame 3 user MAIL: (MAIL)MAILER 
Thu, 10-May-90  4:59:59 PDT
Frame 3 user MAIL: (MAIL)MAILER 
Thu, 10-May-90  5:59:59 PDT
Frame 3 user MAIL: (MAIL)MAILER 
Thu, 10-May-90  6:59:59 PDT
Frame 3 user MAIL: (MAIL)MAILER 
Thu, 10-May-90  7:59:59 PDT
Frame 6 user MAIL: (MAIL)MAILER 
Frame 8 user PERPOPER: (SYS)REDSAT 
Thu, 10-May-90  8:59:59 PDT
Frame 3 user MAIL: (MAIL)MAILER 
Thu, 10-May-90  9:59:59 PDT
Frame 3 user MAIL: (MAIL)MAILER 
Thu, 10-May-90 10:59:59 PDT
Frame 3 user MAIL: (MAIL)MAILER 
Thu, 10-May-90 11:59:59 PDT
Frame 3 user MAIL: (MAIL)MAILER 
Thu, 10-May-90 12:59:59 PDT
Frame 3 user MAIL: (MAIL)MAILER 
Thu, 10-May-90 13:59:59 PDT
Frame 6 user MAIL: (MAIL)MAILER 
Thu, 10-May-90 14:59:59 PDT
Frame 6 user MAIL: (MAIL)MAILER 
Thu, 10-May-90 15:59:59 PDT
Frame 3 user MAIL: (MAIL)MAILER 
Frame 6 user PERPOPER: (SYS)REDSAT 
Thu, 10-May-90 16:59:59 PDT
Frame 3 user MAIL: (MAIL)MAILER 
Thu, 10-May-90 17:23:01 PDT notice to quit
Wed, 13-Feb-91  4:07:16 PST system startup
Frame 1 user PJ: (PJ)PAM 
Frame 7 user PERPOPER: (SYS)SYSLOG 
Frame 8 user MAIL: (MAIL)MAILER 
Wed, 13-Feb-91  4:09:40 PST notice to quit
Fri, 15-Feb-91 20:24:04 PST system startup
Frame 1 user PJ: (PJ)PAM 
Frame 7 user PERPOPER: (SYS)SYSLOG 
Frame 8 user MAIL: (MAIL)MAILER 
Fri, 15-Feb-91 21:00:00 PST
Frame 3 user MAIL: (MAIL)MAILER 
Fri, 15-Feb-91 22:00:00 PST
Frame 6 user MAIL: (MAIL)MAILER 
Fri, 15-Feb-91 23:00:00 PST
Frame 3 user MAIL: (MAIL)MAILER 
Fri, 15-Feb-91 23:30:00 PST notice to quit
Wed, 20-Feb-91  2:07:44 PST system startup
Frame 1 user PJ: (PJ)PAM 
Frame 7 user PERPOPER: (SYS)SYSLOG 
Frame 8 user MAIL: (MAIL)MAILER 
Wed, 20-Feb-91  2:10:57 PST notice to quit
Wed, 20-Feb-91  2:12:57 PST system startup
Frame 1 user PJ: (PJ)PAM 
Frame 7 user PERPOPER: (SYS)SYSLOG 
Frame 8 user MAIL: (MAIL)MAILER 
Wed, 27-Feb-91  3:06:22 PST system startup
Frame 1 user PJ: (PJ)PAM 
Frame 7 user PERPOPER: (SYS)SYSLOG 
Frame 8 user MAIL: (MAIL)MAILER 
    	VPÝ