TYMSHARE D56-P034/K-16 3-5-82 up 56:43:02! at  9:20:13 on Tue May 15,1984
Null time = 38:12:16, Idle = 67% (Idle time per MIN. = 3%)
58 jobs in use out of 109.  7 detached

Users=57 Det=7 [1,1], Queues: RUN=7 DIO=1 TIO=33 IO=0 SPC=16
Virt. memory used (TPU/TPA): 9539/5755 = 166%

Open disk devices:
390 Disk devices opened

DSKB: 22329 Pages free, 57 users

@D56- 84/05/15 9:26:14
username    job prog   siz uws io mws  act     mc/s  io/s uf/s mf/s  state
OPER        1   CHKPNT 18  18  0  18   18        .0    .0   .0   .0  TI
NETCON      2   MAGNRN 236 135 1  136  136    393.3    .0   .0   .0  TI
PJ          3   PAM    4   4   0  3    3         .0    .0   .0   .0  SL
DBAOPER     4   MAGNRN 317 112 1  113  113       .0    .0   .0   .0  SL
NETDB       5   MAGNRN 243 89  1  90   90        .0    .0   .0   .0  SL
DONAHUE     6   SYSCHK 50  50  0  50   50    2256.8    .0   .0   .0  ML
OES         7   MAGNRN 317 112 1  113  113       .0    .0   .0   .0  SL
NETDB       8   MAGNRN 242 171 1  172  172       .0    .0   .0   .0  TI
DBWNFE      9   MAGNRN 208 148 1  149  149       .0    .0   .0   .0  TI
DBCNFE      10  MAGNRN 236 147 1  148  148    191.8    .0   .0   .0  TI
SRACRT      11  CRTSLV 4   4   0  4    4         .0    .0   .0   .0  SL
DBSNI       12  MAGNRN 210 92  1  93   93        .0    .0   .0   .0  SL
CWACCTG     13  LISTER 12  12  1  13   13        .0    .0   .0   .0  ^C
DBENGA      14  MAGNRN 232 108 1  109  109       .0    .0   .0   .0  TI
DB228       15  MAGNRN 196 138 1  139  139       .0    .0   .0   .0  TI
DBTIO       16  MAGNRN 299 184 1  185  185       .0    .0   .0   .0  SL
SRA         17  FTICP  46  46  1  47   47        .0    .0   .0   .0  SL
MOORING     18  SETE   2   2   0  2    2         .0    .0   .0   .0  ^C
CWACCTG     19  LISTER 12  12  1  13   13    3372.0    .0   .0   .0  TI
DBHANNAH    20  MAGNRN 287 130 1  131  131   1581.5    .0   .0   .0  TI
NETCON      21  MAGNRN 236 40  1  41   41        .0    .0   .0   .0  TI
DBTMP       22  MAGNRN 210 92  1  93   93        .0    .0   .0   .0  TI
OPER        24  OPER   4   4   1  5    5         .0    .0   .0   .0  ^C
INTLACCTG   25  LISTER 12  12  0  12   12        .0    .0   .0   .0  ^C
DB217       26  MAGNRN 208 40  1  41   41        .0    .0   .0   .0  TI
DBTMP       27  MAGNRN 274 182 1  183  183       .0    .0   .0   .0  SL
DBAUDIT     28  MAGNRN 235 149 1  150  150       .0    .0   .0   .0  TI
YOUNGS      29  DIRIT  8   8   0  8    8         .0    .0   .0   .0  ^C
DBMFG       30  MAGNRN 307 172 1  173  173       .0    .0   .0   .0  SL
DBMAN       31  MAGNRN 232 108 1  109  109       .0    .0   .0   .0  TI
DBAMIKE     32  MAGNUM 240 126 1  127  127       .0    .0   .0   .0  TI
DBENG       33  MAGNRN 208 141 1  142  142       .0    .0   .0   .0  TI
NETDB       34  MAGNRN 231 162 1  163  163       .0    .0   .0   .0  TI
DBAMIKE     35  SYSTAT 32  32  0  32   32        .0    .0   .0   .0  ^C
INTLPROGS   36  AUXMOX 16  16  2  18   18    7187.5   2.0   .0   .0  TI
DBHANNAH    37  MAGNRN 266 76  1  77   77  221437.5    .0  5.5  5.5  RN-Q3.1
DBPORTS     38  MAGNRN 202 40  1  41   41    3731.5    .0  4.3  4.3  TI
DBTS        39  MAGNRN 244 172 1  173  173       .0    .0   .0   .0  SL
DBTELCOA    40  MAGNRN 249 160 1  161  161       .0    .0   .0   .0  TI
DBCEO       41  MAGNRN 274 170 1  171  171       .0    .0   .0   .0  SL
DBSNI       42  LISTER 12  12  0  12   12        .0    .0   .0   .0  ^C
JLEUNG      43  OPER   4   4   1  5    5         .0    .0   .0   .0  ^C
DBMFG       44  MAGNRN 394 115 1  116  116       .0    .0   .0   .0  TI
DBTELCOA    45  LISTER 12  12  1  13   13     536.0    .0   .0   .0  TI
DBHANNAH    46  LISTER 12  12  1  13   13    9238.5    .3   .0   .0  TI
DB135       47  MAGNRN 303 184 1  185  185       .0    .0   .0   .0  TI
DBTELCOA    48  MAGNRN 202 57  1  58   58        .0    .0   .0   .0  TI
DBSNI       49  MAGNRN 270 156 1  157  157       .0    .0   .0   .0  TI
DBTELCOA    50  MAGNRN 258 133 1  134  134       .0    .0   .0   .0  SL
DBENFEP     51  MAGNUM 1   1   0  1    1         .0    .0   .0   .0  ^C
NETDB       52  LISTER 12  12  0  12   12        .0    .0   .0   .0  ^C
NETDB       53  EDITOR 24  24  2  26   26        .0    .0   .0   .0  ^C
DBPNETS     54  MAGNRN 300 196 1  197  197       .0    .0   .0   .0  SL
DBCNFEH     55  MAGNRN 246 90  1  91   91   54510.8   2.0 15.3 15.5  TI
NETCON      56  MAGNRN 236 172 1  173  173       .0    .0   .0   .0  TI
LOIS        57  FTICP  46  46  0  46   46    5010.3    .0   .0   .0  RN-Q1.1
DBPORTS     73  MAGNRN 232 39  1  40   40        .0    .0   .0   .0  ^C

57 jobs, 3 active: 2 (0+1+0+1) RN, 0 with MRQ set (0 pages); 0 SW
309440(309447) microcycles/second, 4.3 simio blocks/second
25.0 uws, 25.3 mws faults/second
1.64 mapped, .85 in uwss, .86 in mwss, .03 in active uwss, .03 in active mwss
.86 activated, .00 in-core protected
1489 file pages mapped, sharing factor = 4.88

TYMSHARE D56-P034/K-16 3-5-82 up 59:42:10! at 12:19:21 on Tue May 15,1984
Null time = 38:23:12, Idle = 64% (Idle time per MIN. = 0%)
71 jobs in use out of 109.  8 detached  1 not logged in

Users=70 Det=8 [1,1], Queues: RUN=7 DIO=1 TIO=51 IO=0 SPC=11
Virt. memory used (TPU/TPA): 10878/5755 = 189%

Open disk devices:
412 Disk devices opened

DSKB: 12903 Pages free, 70 users
@D56- 84/05/15 12:20:57
username    job prog   siz uws io mws  act     mc/s  io/s uf/s mf/s  state
OPER        1   CHKPNT 20  20  0  19   19        .0    .0   .0   .0  TI
NETCON      2   MAGNRN 241 122 1  123  123       .0    .0   .0   .0  TI
PJ          3   PAM    4   4   0  3    3         .0    .0   .0   .0  SL
DBAOPER     4   MAGNRN 317 112 1  113  113       .0    .0   .0   .0  SL
NETDB       5   MAGNRN 243 89  1  90   90        .0    .0   .0   .0  SL
DONAHUE     6   SYSCHK 50  50  0  50   50        .0    .0   .0   .0  ^C
OES         7   MAGNRN 317 112 1  113  113       .0    .0   .0   .0  SL
NETDB       8   MAGNRN 270 132 1  133  133       .0    .0   .0   .0  TI
DBWNFE      9   MAGNRN 208 41  1  42   42        .0    .0   .0   .0  TI
DBCNFE      10  MAGNRN 196 146 1  147  147       .0    .0   .0   .0  TI
SRACRT      11  CRTSLV 4   4   0  4    4         .0    .0   .0   .0  SL
INTLACCTG   12  LISTER 12  12  1  13   13        .0    .0   .0   .0  ^C
CWACCTG     13  LISTER 12  12  1  13   13        .0    .0   .0   .0  ^C
DBENFE      14  MAGNRN 363 140 1  141  141  56199.0    .0 15.0 15.0  SW
DBSNI       15  MAGNRN 209 39  1  40   40    5998.5    .0   .0   .0  TI
NETDB       16  MAGNRN 262 144 1  145  145       .0    .0   .0   .0  TI
SRA         17  FTICP  46  46  1  47   47        .0    .0   .0   .0  SL
MOORING     18  SETE   2   2   0  2    2         .0    .0   .0   .0  ^C
INTLACCTG   19  PSP    24  24  0  20   20        .0    .0   .0   .0  ^C
INTLACCTG   20  DIRIT  38  38  0  38   38        .0    .0   .0   .0  ^C
NETCON      21  MAGNRN 236 40  1  41   41        .0    .0   .0   .0  TI
DBPORTSQC   22  MAGNRN 209 40  1  41   41   10192.5    .0   .5   .5  TI
DB136       23  MAGNUM 229 229 1  230  230       .0    .0   .0   .0  TI
OPER        24  RPG    18  18  0  18   18        .0    .0   .0   .0  ^C
DBENFEN     25  MAGNRN 207 39  1  40   40     212.5    .0   .0   .0  TI
TCSUP       26  MAGNRN 236 172 1  173  173    395.5    .0   .0   .0  TI
DB216       27  MAGNRN 240 110 1  111  111       .0    .0   .0   .0  SL
DBAUDIT     28  MAGNRN 232 144 1  145  145       .0    .0   .0   .0  TI
YOUNGS      29  LISTER 12  12  0  12   12        .0    .0   .0   .0  ^C
DBENG       30  MAGNRN 247 157 1  158  158       .0    .0   .0   .0  TI
DBMAN       31  MAGNRN 283 126 1  127  127       .0    .0   .0   .0  SL
DBAMIKE     32  MAGNUM 1   1   0  1    1         .0    .0   .0   .0  ^C
DBPORTS     33  LISTER 12  12  0  12   12        .0    .0   .0   .0  ^C
NETDB       34  MAGNRN 286 188 1  189  189       .0    .0   .0   .0  TI
DBAMIKE     35  GFD    6   6   0  6    6         .0    .0   .0   .0  ^C
DB136       36  MAGNRN 247 146 1  147  147  16175.5   6.0  1.5  2.0  TI
DBBILLING   37  MAGNRN 232 52  1  53   53        .0    .0   .0   .0  SL
INTLACCTG   38  LISTER 12  12  1  13   13        .0    .0   .0   .0  TI
DBTS        39  MAGNRN 208 70  1  71   71        .0    .0   .0   .0  TI
DBTELCOA    40  MAGNRN 249 178 1  179  179       .0    .0   .0   .0  TI
DBCEO       41  MAGNRN 296 171 1  172  172       .0    .0   .0   .0  SL
DBSNI       42  EDITOR 30  30  1  31   31        .0    .0   .0   .0  TI
JLEUNG      43  MAGNUM 229 54  1  55   55        .0    .0   .0   .0  TI
DBOSC       44  MAGNRN 202 41  1  42   42     435.5    .0   .0   .0  TI
DBTELCOA    45  LISTER 12  12  0  12   12        .0    .0   .0   .0  ^C
DBSCHED     46  MAGNRN 201 85  1  86   86        .0    .0   .0   .0  TI
AVINASH     47  LOGINN 8   8   0  8    8         .0    .0   .0   .0  ^C
INTLACCTG   48  TBARN  202 202 4  193  193  87498.0  64.0   .0   .5  SW
DBBILLING   49  MAGNRN 291 133 1  134  134  64476.0   2.0 61.0 66.5  RN-Q3.2
INTLACCTG   50  INBND  44  44  0  44   44        .0    .0   .0   .0  ^C
DBENFEP     51  MAGNUM 1   1   0  1    1         .0    .0   .0   .0  ^C
DB223       52  MAGNRN 203 135 1  136  136   5953.0    .0   .0   .0  TI
DBSJC       53  SYSNO  24  24  0  24   24        .0    .0   .0   .0  ^C
OFARRELL    54  EDITOR 24  24  2  26   26        .0    .0   .0   .0  TI
DBENG       55  MAGNRN 208 139 1  140  140       .0    .0   .0   .0  TI
NETCON      56  MAGNRN 236 40  1  41   41        .0    .0   .0   .0  TI
DIALPC      57  MAGNUM 1   1   0  1    1         .0    .0   .0   .0  ^C
DBTELCOA    58  MAGNUM 229 46  1  47   47     140.5    .0   .0   .0  TI
DBENG       59  MAGNRN 232 56  1  57   57        .0    .0   .0   .0  SL
DB211       60  MAGNRN 231 89  1  90   90        .0    .0   .0   .0  TI
DBRES       61  MAGNRN 208 40  1  41   41        .0    .0   .0   .0  TI
DBENFEB     62  MAGNRN 225 146 1  147  147  29203.0    .0   .5   .5  RN-Q3.3
LOIS        63  FTICP  46  46  0  46   46   28451.0    .0   .0   .0  RN-Q3.1
DBSCHED     64  MAGNRN 232 108 1  109  109    768.0    .0  6.0  6.0  RN
DBRES       65  MAGNRN 208 69  1  70   70     282.0    .0   .0   .0  TI
DB135       66  MAGNUM 226 226 1  227  227  22025.0  14.0   .5   .0  SW
DB134       67  MAGNRN 310 176 1  177  177    804.0    .0   .0   .0  TI
            68         0   0   0  0    0    11902.5    .5  2.0   .0  SW
INTLACCTG   71  BATCH  14  14  0  14   14        .0    .0   .0   .0  ^C
DB214       72  MAGNRN 260 202 1  203  203       .0    .0   .0   .0  SL
DBPORTSQC   76  MAGNUM 1   1   0  1    1         .0    .0   .0   .0  ^C
NETDB       79  MAGNUM 229 104 1  105  105       .0    .0   .0   .0  TI

72 jobs, 8 active: 3 (0+0+0+3) RN, 0 with MRQ set (0 pages); 4 SW
312192(341112) microcycles/second, 86.5 simio blocks/second
87.0 uws, 91.0 mws faults/second
1.93 mapped, .96 in uwss, .96 in mwss, .17 in active uwss, .17 in active mwss
.96 activated, .00 in-core protected
1570 file pages mapped, sharing factor = 6.00

TYMSHARE D56-P034/K-16 3-5-82 up 63:59:39! at 16:36:51 on Tue May 15,1984
Null time = 39:08:09, Idle = 61% (Idle time per MIN. = 89%)
57 jobs in use out of 109.  10 detached

Users=57 Det=10 [1,1], Queues: RUN=1 DIO=0 TIO=44 IO=0 SPC=12
Virt. memory used (TPU/TPA): 9610/5755 = 167%

Open disk devices:
376 Disk devices opened

DSKB: 28075 Pages free, 57 users

@D56- 84/05/15 16:38:07
username    job prog   siz uws io mws  act     mc/s  io/s uf/s mf/s  state
OPER        1   CHKPNT 20  20  0  20   20        .0    .0   .0   .0  TI
NETCON      2   MAGNRN 249 142 1  143  143       .0    .0   .0   .0  TI
PJ          3   PAM    4   4   0  3    3         .0    .0   .0   .0  SL
DBAOPER     4   MAGNRN 317 112 1  113  113       .0    .0   .0   .0  SL
NETDB       5   MAGNRN 243 89  1  90   90        .0    .0   .0   .0  SL
DONAHUE     6   SYSCHK 50  50  0  50   50        .0    .0   .0   .0  ^C
OES         7   MAGNRN 317 112 1  113  113       .0    .0   .0   .0  SL
DBTELCOA    8   MAGNRN 258 152 1  153  153       .0    .0   .0   .0  TI
DBMFG       9   MAGNRN 232 108 1  109  109       .0    .0   .0   .0  TI
DBTELCOA    10  MAGNRN 296 205 1  206  206       .0    .0   .0   .0  SL
SRACRT      11  CRTSLV 4   4   0  4    4         .0    .0   .0   .0  SL
DBPNETS     12  MAGNRN 280 184 1  185  185       .0    .0   .0   .0  SL
CWACCTG     13  LISTER 12  12  1  13   13        .0    .0   .0   .0  ^C
DBTELCOA    14  INIT   36  36  0  36   36        .0    .0   .0   .0  ^C
DBSNI       15  MAGNRN 265 182 1  183  183       .0    .0   .0   .0  SL
NETDB       16  MAGNUM 229 48  1  49   49        .0    .0   .0   .0  TI
SRA         17  FTICP  46  46  1  47   47        .0    .0   .0   .0  SL
MOORING     18  SETE   2   2   0  2    2         .0    .0   .0   .0  ^C
DBENGDB     19  MAGNRN 208 40  1  41   41        .0    .0   .0   .0  TI
DBMFG       20  MAGNRN 337 181 1  182  182       .0    .0   .0   .0  TI
NETCON      21  MAGNRN 237 40  1  41   41        .0    .0   .0   .0  TI
INTLACCTG   22  INBND  44  44  0  35   35        .0    .0   .0   .0  ^C
ATTAM       23  MAGNRN 280 108 1  109  109       .0    .0   .0   .0  SL
OPER        24  TITO   32  32  0  28   28        .0    .0   .0   .0  TI
DBTMP       25  MAGNRN 210 92  1  93   93        .0    .0   .0   .0  TI
TCSUP       26  MAGNRN 236 40  1  41   41        .0    .0   .0   .0  TI
DB135       27  MAGNRN 244 43  1  44   44        .0    .0   .0   .0  TI
DBAUDIT     28  MAGNRN 236 40  1  41   41        .0    .0   .0   .0  TI
YOUNGS      29  LISTER 12  12  0  12   12        .0    .0   .0   .0  ^C
DBENG       30  MAGNUM 1   1   0  1    1         .0    .0   .0   .0  ^C
DBCEO       31  MAGNUM 229 111 1  112  112       .0    .0   .0   .0  TI
DB132       33  MAGNRN 276 137 1  138  138       .0    .0   .0   .0  SL
LOIS        34  FTICP  46  46  0  46   46   51032.0    .0   .0   .0  RN-Q3.1
DBAMIKE     35  MAGNUM 229 86  1  87   87        .0    .0   .0   .0  TI
DBMFG       36  MAGNRN 305 164 1  165  165       .0    .0   .0   .0  SL
DBTS        37  MAGNRN 208 143 1  144  144       .0    .0   .0   .0  TI
HARRISS     38  LISTER 12  12  0  12   12        .0    .0   .0   .0  ^C
DBTELCOA    40  MAGNUM 229 83  1  84   84        .0    .0   .0   .0  TI
DBMFG       41  MAGNRN 313 156 1  157  157       .0    .0   .0   .0  SL
JLEUNG      43  EDITOR 24  24  2  26   26     917.0    .0   .0   .0  TI
DBENFEP     44  MAGNRN 236 164 1  165  165       .0    .0   .0   .0  TI
DBPORTS     45  MAGNRN 235 43  1  44   44        .0    .0   .0   .0  TI
DB228       48  MAGNUM 1   1   0  1    1         .0    .0   .0   .0  ^C
OPER        49  SETE   2   2   0  2    2         .0    .0   .0   .0  ^C
DBENFEP     51  MAGNUM 1   1   0  1    1         .0    .0   .0   .0  ^C
DBPNETS     52  MAGNRN 240 156 1  157  157   3331.0    .0   .0   .0  SW
DBENG       55  MAGNRN 197 115 1  116  116       .0    .0   .0   .0  TI
NETCON      56  MAGNRN 238 40  1  41   41        .0    .0   .0   .0  TI
DB132       57  MAGNRN 203 39  1  40   40        .0    .0   .0   .0  TI
DBCSERV     60  MAGNRN 236 152 1  153  153       .0    .0   .0   .0  TI
DBRES       61  MAGNRN 208 40  1  41   41        .0    .0   .0   .0  TI
DBENGA      62  MAGNRN 208 67  1  68   68        .0    .0   .0   .0  TI
INTLACCTG   63  LISTER 12  12  0  12   12        .0    .0   .0   .0  ^C
DB134       67  MAGNRN 256 149 1  150  150       .0    .0   .0   .0  TI
DB211       68  MAGNRN 236 40  1  41   41        .0    .0   .0   .0  TI
DBENGA      69  MAGNRN 208 40  1  41   41        .0    .0   .0   .0  TI
DB131       70  EMSCOM 26  26  0  26   26        .0    .0   .0   .0  TI
DBRES       73  MAGNRN 209 65  1  66   66        .0    .0   .0   .0  TI

58 jobs, 2 active: 1 (0+0+0+1) RN, 0 with MRQ set (0 pages); 1 SW
42496(55280) microcycles/second, .0 simio blocks/second
.0 uws, .0 mws faults/second
1.70 mapped, .75 in uwss, .75 in mwss, .04 in active uwss, .04 in active mwss
.75 activated, .00 in-core protected
1270 file pages mapped, sharing factor = 6.10

TYMSHARE D56-P034/K-16 3-5-82 up 106:59:18! at 11:36:30 on Thu May 17,1984
Null time = 58:33:55, Idle = 54% (Idle time per MIN. = 0%)
72 jobs in use out of 109.  8 detached

Users=72 Det=8 [1,1], Queues: RUN=3 DIO=4 TIO=50 IO=0 SPC=15
6144 Physical pages available (MONITOR = 389P, User Area = 5755P)
Virt. memory used (TPU/TPA): 12562/5755 = 218%

Open disk devices:
492 Disk devices opened

DSKB: 12013 Pages free, 72 users

@D56- 84/05/17 11:34:31
username    job prog   siz uws io mws  act     mc/s  io/s uf/s mf/s  state
OPER        1   CHKPNT 30  30  0  30   30        .0    .0   .0   .0  TI
NETCON      2   MAGNRN 217 135 1  136  136    310.8    .0   .0   .0  TI
PJ          3   PAM    4   4   0  3    3         .0    .0   .0   .0  SL
DBAOPER     4   MAGNRN 317 133 1  134  134       .0    .0   .0   .0  SL
DBTELCOA    5   MAGNRN 258 174 1  175  175       .0    .0   .0   .0  SL
DONAHUE     6   SYSTAT 32  32  0  32   32        .0    .0   .0   .0  ^C
DBCEO       7   MAGNRN 274 110 1  111  111 173361.0    .0 14.8 14.8  RN-Q3.1
OES         8   MAGNRN 317 112 1  113  113       .0    .0   .0   .0  SL
SRACRT      9   CRTSLV 4   4   0  4    4         .0    .0   .0   .0  SL
NET3        10  DIRIT  26  26  0  26   26        .0    .0   .0   .0  ^C
DBCNFEC     11  MAGNRN 240 70  1  71   71   30446.8    .0 11.8 11.8  SW
DBENFEW     12  MAGNRN 206 40  1  41   41        .0    .0   .0   .0  TI
DB132       13  MAGNRN 202 79  1  80   80     342.8    .0   .0   .0  TI
DBCSERV     14  CMS    1   1   0  1    1         .0    .0   .0   .0  ^C
NETCON      15  MAGNRN 242 122 1  123  123       .0    .0   .0   .0  TI
JLEUNG      16  GFD    6   6   0  6    6         .0    .0   .0   .0  ^C
OPER        17  RPG    18  18  0  18   18        .0    .0   .0   .0  ^C
MOORING     18  LISTER 12  12  0  12   12        .0    .0   .0   .0  ^C
NETDB       19  MAGNRN 243 89  1  90   90        .0    .0   .0   .0  SL
DBCNFE      20  MAGNRN 200 40  1  41   41        .0    .0   .0   .0  TI
NETCON      21  MAGNRN 236 116 1  117  117       .0    .0   .0   .0  TI
DBRES       22  MAGNRN 208 138 1  139  139       .0    .0   .0   .0  TI
DBSCHED     23  INIT   20  20  0  20   20        .0    .0   .0   .0  ^C
DBSNI       24  MAGNRN 287 198 1  199  199        .0   .0   .0  SL
NETDB       26  MAGNRN 249 163 1  164  164       .0    .0   .0   .0  TI
SRA         27  FTICP  46  46  1  47   47        .0    .0   .0   .0  SL
DBAUDIT     28  MAGNRN 248 40  1  41   41        .0    .0   .0   .0  TI
DBRES       29  MAGNRN 292 208 1  209  209       .0    .0   .0   .0  SL
DBITS       31  MAGNRN 221 40  1  41   41        .0    .0   .0   .0  TI
DBWTS       32  MAGNUM 1   1   0  1    1         .0    .0   .0   .0  ^C
DBENGB      34  SYSNO  24  24  0  24   24        .0    .0   .0   .0  ^C
DBWTS       35  MAGNUM 1   1   0  1    1         .0    .0   .0   .0  ^C
DBCNFE      36  MAGNRN 196 40  1  41   41        .0    .0   .0   .0  TI
DBTELCOA    37  MAGNRN 260 194 1  195  195       .0    .0   .0   .0  TI
DBTMP       38  MAGNRN 196 139 1  140  140     70.0    .0   .0   .0  TI
DBTELCOA    39  MAGNRN 256 179 1  180  180       .0    .0   .0   .0  TI
NETDB       40  MAGNRN 274 184 1  185  185       .0    .0   .0   .0  TI
INTLACCTG   41  PSP    24  24  0  24   24        .0    .0   .0   .0  ^C
DBTELCOA    43  MAGNUM 229 84  1  85   85        .0    .0   .0   .0  TI
YOUNGS      44  GFD    6   6   0  6    6         .0    .0   .0   .0  ^C
DBENG       45  MAGNRN 275 161 1  162  162       .0    .0   .0   .0  SL
OFARRELL    46  R3AL1  10  10  0  10   10        .0    .0   .0   .0  ^C
DBSCHED     47  MAGNRN 302 146 1  147  147  50764.8    .0 10.8 10.8  SW
DBENFEP     48  MAGNRN 238 40  1  41   41     301.0    .0   .0   .0  TI
NETCON      49  MAGNRN 239 40  1  41   41        .0    .0   .0   .0  TI
DBMFG       50  MAGNRN 349 190 1  191  191       .0    .0   .0   .0  TI
DIALPC      51  DIRIT  8   8   0  8    8         .0    .0   .0   .0  ^C
DB214       52  MAGNRN 232 142 1  143  143       .0    .0   .0   .0  TI
DBSNI       54  MAGNRN 251 126 1  127  127   1333.0    .0   .0   .0  TI
DBVAL       55  MAGNRN 208 44  1  45   45        .0    .0   .0   .0  TI
DBTELCOA    56  MAGNRN 208 40  1  41   41     362.5    .0   .0   .0  TI
DBCEO       57  MAGNUM 229 40  1  41   41        .0    .0   .0   .0  TI
DBPORTSQC   58  MAGNRN 202 138 1  139  139       .0    .0   .0   .0  TI
DBAMIKE     59  MAGNUM 229 88  1  89   89        .0    .0   .0   .0  TI
INTLACCTG   60  EDITOR 24  24  2  25   25        .0    .0   .0   .0  ^C
DBENGB      61  GFD    6   6   0  6    6         .0    .0   .0   .0  ^C
DBTMP       62  MAGNUM 229 111 1  112  112       .0    .0   .0   .0  TI
DBENG       63  MAGNRN 279 108 1  109  109       .0    .0   .0   .0  SL
DBRES       64  MAGNRN 268 184 1  185  185       .0    .0   .0   .0  SL
TCSUP       65  MAGNRN 201 40  1  41   41        .0    .0   .0   .0  TI
DB215       66  MAGNRN 203 77  1  78   78        .0    .0   .0   .0  TI
DBMFG       67  MAGNRN 208 138 1  139  139       .0    .0   .0   .0  TI
DBMFG       68  MAGNRN 337 212 1  213  213       .0    .0   .0   .0  TI
LOIS        69  FTICP  46  46  0  46   46    9195.3    .0   .0   .0  RN-Q1.1
DBCSERV     70  MAGNRN 238 40  1  41   41     369.0    .0   .0   .0  TI
NETDB       71  NONAME 28  28  0  28   28        .0    .0   .0   .0  ^C
DBTELCOA    72  MAGNRN 271 193 1  194  194   2868.3    .0   .0   .0  TI
DBPNETS     73  MAGNRN 332 203 2  205  205  73172.3   6.0  7.8  8.0  SW
DBWNFE      74  MAGNRN 272 158 1  159  159       .0    .0   .0   .0  SL
DAULTON     77  EDITOR 24  24  2  26   26        .0    .0   .0   .0  ^C
DBSCHED     78  MAGNRN 327 192 1  193  193       .0    .0   .0   .0  SL
DBAMIKE     79  MAGNUM 244 243 1  171  171   6432.8    .0   .3  2.0  SW

72 jobs, 6 active: 2 (0+1+0+1) RN, 0 with MRQ set (0 pages); 4 SW
348480(349330) microcycles/second, 6.0 simio blocks/second
45.3 uws, 47.3 mws faults/second
2.20 mapped, 1.10 in uwss, 1.10 in mwss, .14 in active uwss, .13 in active mwss
1.10 activated, .00 in-core protected
1756 file pages mapped, sharing factor = 5.78
TYMSHARE D56-P034/K-16 3-5-82 up 34:51:21! at 10:59:41 on Mon May 21,1984
Null time = 25:30:04, Idle = 73% (Idle time per MIN. = 8%)
66 jobs in use out of 109.  6 detached

Users=66 Det=6 [1,1], Queues: RUN=3 DIO=3 TIO=44 IO=0 SPC=16
Virt. memory used (TPU/TPA): 11902/5755 = 207%

Open disk devices:
@D56- 84/05/21 11:01:55
username    job prog   siz uws io mws  act     mc/s  io/s uf/s mf/s  state
OPER        1   CHKPNT 14  14  0  13   13        .0    .0   .0   .0  TI
DBAOPER     2   MAGNRN 317 112 1  113  113       .0    .0   .0   .0  SL
PJ          3   PAM    4   4   0  3    3         .0    .0   .0   .0  SL
NETCON      4   MAGNRN 246 39  1  40   40        .0    .0   .0   .0  TI
DBCSERV     5   MAGNRN 238 126 1  127  127       .0    .0   .0   .0  TI
NETCON      6   MAGNRN 241 124 1  125  125       .0    .0   .0   .0  TI
DBENFEB     7   MAGNRN 245 154 1  155  155       .0    .0   .0   .0  TI
NETDB       8   MAGNRN 243 89  1  90   90        .0    .0   .0   .0  SL
DBAMIKE     9   GFD    6   6   0  6    6         .0    .0   .0   .0  ^C
MOORING     10  LISTER 12  12  0  12   12        .0    .0   .0   .0  ^C
OPER        11  WHERE  32  32  0  31   31        .0    .0   .0   .0  ^C
NETCON      12  MAGNRN 238 161 1  162  162       .0    .0   .0   .0  TI
OES         13  MAGNRN 317 112 1  113  113       .0    .0   .0   .0  SL
SRACRT      14  CRTSLV 4   4   0  4    4         .0    .0   .0   .0  SL
DBCNFE      15  MAGNRN 210 84  1  85   85     650.5    .0   .0   .0  TI
DONAHUE     16  SYSCHK 50  50  0  50   50        .0    .0   .0   .0  SL
DBINTRL     17  MAGNRN 209 140 1  141  141    294.5    .0   .0   .0  TI
DBENFEP     18  MAGNUM 1   1   0  1    1         .0    .0   .0   .0  ^C
DBSCHED     19  LISTER 12  12  0  12   12        .0    .0   .0   .0  ^C
DBSCHED     20  LISTER 12  12  0  12   12        .0    .0   .0   .0  ^C
SRA         21  FTICP  46  46  1  47   47        .0    .0   .0   .0  SL
NETDB       22  MAGNRN 223 90  1  91   91        .0    .0   .0   .0  TI
NETCON      23  MAGNRN 201 40  1  41   41        .0    .0   .0   .0  TI
DBMFS       24  MAGNRN 232 89  1  90   90        .0    .0   .0   .0  SL
INTLACCTG   25  EDITOR 24  24  1  25   25        .0    .0   .0   .0  TI
YOUNGS      26  EDITOR 24  24  1  25   25        .0    .0   .0   .0  ^C
INTLACCTG   27  MAGNUM 1   1   0  1    1         .0    .0   .0   .0  ^C
DBSCHED     28  MAGNRN 224 92  1  93   93        .0    .0   .0   .0  TI
DB215       29  MAGNRN 326 141 1  142  142       .0    .0   .0   .0  TI
DBCNFE      30  MAGNRN 237 156 1  157  157       .0    .0   .0   .0  TI
DBTELCOA    31  MAGNRN 278 149 1  150  150       .0    .0   .0   .0  TI
DBENFEW     32  MAGNRN 237 40  1  41   41        .0    .0   .0   .0  TI
DB213       33  MAGNRN 267 147 1  148  148  25774.0   4.0 10.5 12.0  SW
DBENFE      34  MAGNRN 209 40  1  41   41    3713.0    .0   .0   .0  TI
DB212       35  MAGNRN 187 84  0  84   84   81447.5   2.5 52.0 56.5  RN-Q2.4
DBSNI       36  MAGNRN 354 193 1  194  194       .0    .0   .0   .0  TI
DBTELCOA    37  MAGNRN 287 177 1  178  178       .0    .0   .0   .0  SL
DBHANNAH    38  MAGNRN 228 86  1  87   87  107866.0    .0  2.5  2.5  RN-Q2.1
DBCEO       39  MAGNRN 314 171 1  172  172   5913.0    .0   .0   .0  TI
DBPNETS     40  MAGNRN 238 151 1  152  152       .0    .0   .0   .0  TI
DBENGA      41  MAGNRN 244 108 1  109  109       .0    .0   .0   .0  SL
DBPNETS     42  MAGNRN 266 195 1  196  196       .0    .0   .0   .0  SL
DBSNI       43  MAGNRN 232 108 1  109  109       .0    .0   .0   .0  TI
DBENFEW     44  MAGNUM 229 102 1  103  103       .0    .0   .0   .0  TI
DB135       45  MAGNRN 266 164 1  165  165       .0    .0   .0   .0  TI
DBSNI       46  MAGNRN 245 171 1  172  172       .0    .0   .0   .0  SL
NETDB       47  MAGNRN 217 156 1  157  157       .0    .0   .0   .0  TI
DBTIO       48  MAGNRN 205 92  1  93   93        .0    .0   .0   .0  TI
DBOSC       49  MAGNRN 313 175 1  176  176       .0    .0   .0   .0  TI
DBAMIKE     50  SYSTAT 32  32  0  32   32        .0    .0   .0   .0  ^C
DBAUDIT     51  MAGNRN 290 191 1  192  192       .0    .0   .0   .0  SL
DBENFEB     52  MAGNRN 273 162 1  163  163       .0    .0   .0   .0  SL
DBTELCOA    53  MAGNRN 232 108 1  109  109       .0    .0   .0   .0  SL
DBTELCOA    54  MAGNRN 266 189 1  190  190       .0    .0   .0   .0  TI
DBCNFEH     55  MAGNRN 243 151 1  152  152       .0    .0   .0   .0  TI
DBRES       56  MAGNRN 324 208 2  210  210  36414.5    .0  8.0  8.0  RN-Q2.2
DBTELCOA    57  INIT   36  36  0  36   36        .0    .0   .0   .0  ^C
DBENG       58  MAGNRN 208 80  1  81   81     490.5    .0   .0   .0  TI
DBTMP       59  MAGNRN 208 40  1  41   41        .0    .0   .0   .0  TI
LOIS        60  FTICP  46  46  0  46   46   18953.5    .0   .0   .0  RN-Q1.1
DAULTON     63  LISTER 12  12  0  12   12        .0    .0   .0   .0  ^C
DBTS        64  MAGNRN 266 161 1  162  162       .0    .0   .0   .0  SL
DBTELCOA    65  LISTER 12  12  1  13   13   13401.5    .0   .0   .0  RN-Q2.3
JLEUNG      67  MAGNUM 229 83  1  84   84        .0    .0   .0   .0  TI
DBAUDIT     72  MAGNRN 232 166 1  167  167       .0    .0   .0   .0  TI
DBSNI       74  MAGNRN 210 92  1  93   93        .0    .0   .0   .0  TI

TYMSHARE D56-P034/K-16 3-5-82 up 16:33:58 at 18:37:03 on Wed May 23,1984
Null time = 2:56:13, Idle = 17% (Idle time per MIN. = 1%)
36 jobs in use out of 109.  18 detached

Users=36 Det=18 [1,1], Queues: RUN=3 DIO=4 TIO=22 IO=0 SPC=7
Virt. memory used (TPU/TPA): 4520/5755 = 79%

Open disk devices:
@D56- 84/05/23 18:37:53
username    job prog   siz uws io mws  act     mc/s  io/s uf/s mf/s  state
DBCEO       1   MAGNRN 264 173 1  174  174   2365.0    .0   .0   .0  TI
OPER        2   CHKPNT 8   8   0  8    8     1153.3    .3   .0   .0  TI
LOIS        3   FTICP  46  46  0  46   46   12224.0    .0   .0   .0  RN-Q3.1
DBAOPER     4   MAGNRN 317 112 1  113  113       .0    .0   .0   .0  SL
OES         5   MAGNRN 317 165 1  166  166       .0    .0   .0   .0  SL
OPER        6   TITO   32  32  2  27   27   24364.7  57.7   .0   .0  RN-Q3.4
DBCNFE      7   LOGINN 8   8   0  8    8         .0    .0   .0   .0  ^C
DBTELCOA    8   MAGNRN 286 158 1  159  159       .0    .0   .0   .0  SL
NETDB       9   MAGNP1 245 206 1  207  207  36678.7   1.3  2.3  2.3  RN-Q3.2
NETDB       10  MAGNP1 222 131 2  133  133  39521.7    .0   .0   .0  SW
NETDB       11  MAGNP1 214 146 1  147  147  24811.3    .0   .3   .7  RN-Q3.3
DB228       12  MAGNUM 1   1   0  1    1         .0    .0   .0   .0  ^C
DBTS        13  LISTER 12  12  1  13   13        .0    .0   .0   .0  TI
NETDB       14  MAGNRN 189 81  1  82   82   23560.0   4.3  7.3  9.7  RN-Q3.5
DBENFEN     15  LISTER 12  12  0  12   12        .0    .0   .0   .0  ^C
DBBILLING   16  MAGNRN 208 40  1  41   41        .0    .0   .0   .0  TI
DONAHUE     20  SYSTAT 32  32  0  32   32        .0    .0   .0   .0  ^C
DBSCHED     22  SAL    48  48  0  48   48        .0    .0   .0   .0  TI
SRA         24  FTICP  46  46  1  47   47        .0    .0   .0   .0  SL
DBTELCOA    26  MAGNRN 266 169 1  170  170       .0    .0   .0   .0  TI
DB225       27  MAGNRN 209 40  1  41   41     399.3    .0   .0   .0  TI
DBMFG       32  MAGNRN 317 170 1  171  171       .0    .0   .0   .0  SL
DBSCHED     37  SAL    48  48  0  48   48        .0    .0   .0   .0  TI
PJ          40  PAM    4   4   0  3    3         .0    .0   .0   .0  SL
DBWNFE      41  DIRIT  8   8   0  8    8         .0    .0   .0   .0  ^C
JLEUNG      42  MAGNUM 229 52  1  53   53        .0    .0   .0   .0  TI
DBRES       52  INIT   36  36  0  36   36        .0    .0   .0   .0  SL
INTLPROGS   53  MAGNRN 312 194 1  195  195  70150.7   9.3  9.0  9.0  SW
DBOSC       54  MAGNRN 246 85  1  86   86   74026.7    .0  9.3  9.3  SW
DBADOUG     58  SYSTAT 32  32  0  32   32        .0    .0   .0   .0  ^C
DBRES       61  MAGNRN 208 40  1  41   41        .0    .0   .0   .0  TI
DB228       64  MAGNUM 1   1   0  1    1         .0    .0   .0   .0  TI
JLEUNG      68  MAGNUM 229 82  1  83   83        .0    .0   .0   .0  TI
OPER        80  TAPELI 4   4   0  4    4         .0    .0   .0   .0  ^C
DBSCHED     86  SAL    48  48  0  48   48        .0    .0   .0   .0  ^C
HARRISS     87  EDITOR 24  24  2  26   26        .0    .0   .0   .0  TI


36 jobs, 8 active: 5 (0+0+0+5) RN, 0 with MRQ set (0 pages); 3 SW
309418(309255) microcycles/second, 73.0 simio blocks/second
28.3 uws, 31.0 mws faults/second
.82 mapped, .43 in uwss, .44 in mwss, .16 in active uwss, .16 in active mwss
.44 activated, .00 in-core protected
1471 file pages mapped, sharing factor = 2.56
   g[Myª