!;---------------------------------------------------------------------
!;
!;                             Build UNDELE.SAV
!;
!;                (SYS)UNDELE.SAV has protection ALL RUN RUN.
!;                (SYS)UNDELE.SAV should have no license.
!;
!;                (*6NEWS)UNDELE.DOC has protection ALL RD RD.
!;
!;---------------------------------------------------------------------
!
!
!daytime
21-FEB-1984 16:44:57 PST

!delete *.rel

Files "deleted":
UNDELE  REL

!
!load UNDELE
SAIL: UNDELE.SAI 1
  (SAILIB)SAIL.DEF 1 2
 2
  (SAILIB)XTEND.DCL 1 2
  (SAILIB)CVPPN.REQ 1
LOADING
28 PAGES CORE

!save UNDELE
UNDELE SAVED

!
!declare all run run UNDELE.sav


!
!r cksum
INPUT: ^undele.cks
EXISTING FILE - OK?y
INPUT: @undele.fil
INPUT: 

!dir /ext/alph/prot/lic/time/author/words @undele.fil

UNDELE  CTL       2  21-FEB-84 1635    ALL RD  NO       150           (LOIS)
XTEND   DCL       3  31-MAY-82 1739    ALL RD  NO       637           (LOIS)
SAIL    DEF       3  18-MAR-83 1705    ALL RD  NO       756           (LOIS)
UNDELE  DOC       2  21-FEB-84 1558    ALL RD  NO       497           (LOIS)
UNDELE  FIL       2  21-FEB-84 1614    ALL RD  NO        19           (LOIS)
CVPPN   REQ       2   4-FEB-83 1633    ALL RD  NO        33           (LOIS)
CVPPN   SAI       2   4-FEB-83 1541    ALL RD  NO       246           (LOIS)
UNDELE  SAI       9  14-OCT-83 1705    ALL RD  NO      3969           (CARL)

!typ undele.cks
CIGLIJ UNDELE.FIL
YUGHIC UNDELE.DOC
JAXTEQ UNDELE.SAI
DOBVAW SAIL.DEF
PUWSUZ XTEND.DCL
SURPED CVPPN.REQ
RELCET CVPPN.SAI
MOWJUC UNDELE.CTL

!
!r(qasys)fdm


1: O UNDELF.001

NEW FILE, OK? Y

MASTER FILE SIZE:       0

2: R @UNDELE.FIL

      19 WORDS ...UNDELE.FIL
     497 WORDS ...UNDELE.DOC
    3969 WORDS ...UNDELE.SAI
     756 WORDS ...SAIL.DEF  
     637 WORDS ...XTEND.DCL 
      33 WORDS ...CVPPN.REQ 
     246 WORDS ...CVPPN.SAI 
     150 WORDS ...UNDELE.CTL

3: Q

EXIT

!
!daytime
21-FEB-1984 16:47:35 PST

!
!
!;---------------------------------------------------------------------
!SEND LOIS
TYPE LETTER:
; PCOM v1.63 - processed: (MATOKA)UNDELE.LOG = (MATOKA)UNDELE.CTL
; Options: DETACH  LOG NOAPPEND SUPERSEDE LICENSE 
; Limits: TIME:60 TRULIMIT:0 
; Status: completed.
; Output recorded in file (MATOKA)UNDELE.LOG.

mail waiting
!LOGOUT
34.39 tru
terminal time: 0:02:54
