

                          DISK USAGE REPORT
                            Gan Number : 3

Previous Run Date & Time : 16 JAN 86      11:27
Present  Run Date & Time :  3 APR 86      14:50
Old File Date            :  1 JAN 64
File Storage is Shown in Pages

    USER               CURRENT     PREVIOUS    DIFFERENCE   OLD
----------------------------------------------------------------------
CARL                   7129        6109        1020           0
MPL                    6965        6587         378           0
NDT                    5274        5274           0           0
NEWSCAN                3983        3646         337           0
M33                    3567       13831      -10264           0
KL10                   2967        2895          72           0
KDEV2                  2560           0        2560           0
VUE                    2496        2496           0           0
LINK10                 2128        2113          15           0
SAILTEST               2108        2108           0           0
TED                    1994        1994           0           0
SAIL                   1930        1930           0           0
SOCCI                  1769        1769           0           0
DEC                    1648        1652          -4           0
EMACS                  1602        1707        -105           0
KS2020                 1581        1591         -10           0
WRS                    1422        1414           8           0
SYSFIL                 1347        1347           0           0
CB-MAIL                1311        1378         -67           0
SAILIB                 1283        1277           6           0
SPL                    1279        1202          77           0
PUB                    1189        1189           0           0
YEUX                   1128        1128           0           0
PEAK                   1092         649         443           0
MAIL                   1088        1158         -70           0
OSU                    1051        2788       -1737           0
HELGEM                 1017         964          53           0
MYPEAK                  876         876           0           0
IMPORT                  850         850           0           0
PEAK.OLD                815         815           0           0
PEAKX                   814         814           0           0
DEC-CUSPS               801         801           0           0
TOPS10                  744         740           4           0
KDEV3                   716         107         609           0
TODD                    677         738         -61           0
CB-GAMES                655         655           0           0
CB-SAIL                 653         619          34           0
CB-EXE                  626         626           0           0
JMS-INFO                624         860        -236           0
CB-INFO                 612         612           0           0
CB-DECDIR               601         595           6           0
JAIL                    596         596           0           0
XXARC                   550         550           0           0
CB-SAILIB               538         538           0           0
XUEY                    534         534           0           0
CB-DEC                  513         513           0           0
FLETCHERC               507         503           4           0
MWORK                   504         504           0           0
NEWRPG                  453         453           0           0
DOCAIL                  450         450           0           0
XEXEC                   449         449           0           0
TELE                    445         280         165           0
SPPARCH                 400         400           0           0
SYSMAINT                391         391           0           0
JMS-TJB                 390         390           0           0
PASSFRAME               388         388           0           0
SAILFOO                 366         366           0           0
SPPOPER                 365         367          -2           0
UWORK                   361         359           2           0
EYES                    355         355           0           0
NEWFDM                  336         336           0           0
NEWSPL                  328         328           0           0
XAIL                    319         319           0           0
JMS                     302         970        -668           0
PRODUCTLIST             276         276           0           0
LPTSPL                  273         273           0           0
CB-KERMIT               273         273           0           0
COPYPC                  272        ----        ----           0
INFO                    267         208          59           0
UORAIL                  266         266           0           0
DWS                     240         240           0           0
VMAP                    223         223           0           0
LOGGER                  220         227          -7           0
OSMAN                   190        1243       -1053           0
ATPCH                   189         189           0           0
OEIL                    168         168           0           0
NFDM                    164         164           0           0
KLIB                    163         129          34           0
DENCOFF                 161         138          23           0
CMUAIL                  148         148           0           0
CB-MAGNUM               147         147           0           0
KSBACK                  146         639        -493           0
11CURR                  144        ----        ----           0
VU                      144         144           0           0
CB-PARSER               143         143           0           0
JOESMITH                139         138           1           0
NEWINFO                 136         119          17           0
TTR                     133         133           0           0
JMS-CSM                 128         128           0           0
FOO                     111         111           0           0
LRAC                    109         115          -6           0
K.TAPE                  100         100           0           0
FJSAIL                   96          96           0           0
CB-MEMO                  94          94           0           0
PRT                      88          88           0           0
TOPS10-702               78          78           0           0
VIEW                     78          78           0           0
SALLY                    75          75           0           0
CB-SAIL-ARC              74          71           3           0
ZONNIE                   73          73           0           0
MONDOC                   73        1475       -1402           0
CHERIE                   73         219        -146           0
JW.WORK                  70          70           0           0
BIONIC                   69          69           0           0
LPQUE                    64          71          -7           0
WFW                      56          56           0           0
PEAKDOC                  54          54           0           0
K.AUXIO                  51          51           0           0
XCONSULT                 46          46           0           0
TSUCOOP                  42          42           0           0
CSTEMPLATE               34          39          -5           0
TYMGRIPE                 30          30           0           0
GAZEL                    28          28           0           0
PEAK1                    27          27           0           0
DECSCAN                  26        ----        ----           0
CB-SAIL-LIB              25          61         -36           0
MACRO53TST               22          22           0           0
BWORK                    18          18           0           0
K.SLR                    17          17           0           0
K.SAIL                   14          14           0           0
K.LISP                   13          13           0           0
GABRIELG                 12          12           0           0
SAFIYEG                  10          10           0           0
JASONG                    9           9           0           0
YAMM                      7           7           0           0
MACRO53                   6           6           0           0
TOPS10-701                4           4           0           0
TXSSUP                    4         458        -454           0
WFWCUSP                   4           4           0           0
MARYG                     4           4           0           0
NATHANIELG                4           4           0           0
SYSINFO                   3           3           0           0
JUNKMAIL                  2          39         -37           0
SWORK                     2           2           0           0
FOROTS                    2           2           0           0
SYSTECH                   2           2           0           0
703-DECNET                0           0           0           0
703-SMFILE                0           0           0           0
TNXAIL                    0           0           0           0
703-TOPS10                0           0           0           0
TOPS10-DOC                0           0           0           0
NEWTYPE                   0           0           0           0
FOROTSQA                  0           0           0           0
BADFILES                  0         527        -527           0
PSP                       0           0           0           0
ZORK                      0           0           0           0
OSARC                     0       12026      -12026           0
EMSAA.SERVER              0           0           0           0
PERP                      0          29         -29           0
XMAIL                     0           0           0           0
RING                      0           0           0           0
OSP                       0        6333       -6333           0
OSNF                      0         362        -362           0
LPQ                       0         176        -176           0
XBLISS                    0           0           0           0
BLISS36                   0           0           0           0
CB-GALAXY                 0           0           0           0
JMS-KERMIT                0           0           0           0
F10QA                     0           0           0           0
T10AIL                    0           0           0           0
TOPS10-603A               0           0           0           0
EDITOR                    0           0           0           0
F40                       0           0           0           0
OSB                       0        1644       -1644           0
KDEV1                     0           0           0           0
ERNSTD                    0           0           0           0
F10                       0           0           0           0
PEAK.BAK                  0           0           0           0
TYMAIL                    0           0           0           0
PEAK.B2                   0           0           0           0
FORK                      0           0           0           0
MFICHE                    0           0           0           0
703-ANF10                 0           0           0           0
703-TOOLS                 0           0           0           0
----------------------------------------------------------------------
TOTALS                89468      121063      -32037           0
----------------------------------------------------------------------

  