

                          DISK USAGE REPORT
                            Gan Number : 3

Previous Run Date & Time : 10 JUL 87      14:30
Present  Run Date & Time : 10 JUL 87      14:55
Old File Date            :  1 JAN 64
File Storage is Shown in Pages

    USER               CURRENT     PREVIOUS    DIFFERENCE   OLD
----------------------------------------------------------------------
M33                   17857       17857           0           0
CARL                   8891        8891           0           0
OSU                    7201        7201           0           0
MPL                    5941        5941           0           0
NDT                    5322        5322           0           0
EXECX                  5007        5007           0           0
JMS                    4201        4201           0           0
CB-MAIL                2883        2883           0           0
VUE                    2496        2496           0           0
PEAKX                  2367        2367           0           0
SUBMIT                 2215        2215           0           0
MYPEAK                 2155        2155           0           0
SAILTEST               2108        2108           0           0
KL10                   2015        2015           0           0
SAIL                   1968        1968           0           0
OSMAN                  1951        1949           2           0
SPL                    1868        1868           0           0
DENCOFF                1865        1853          12           0
SOCCI                  1763        1763           0           0
SYSFIL                 1606        1606           0           0
EMACS                  1598        1598           0           0
MONDOC                 1570        1570           0           0
SAILIB                 1499        1499           0           0
WRS                    1427        1427           0           0
TSUCOOP                1407        1407           0           0
PEAK                   1323        1323           0           0
MACRO53                1311        1311           0           0
PUB                    1189        1189           0           0
YEUX                   1137        1137           0           0
CB-SAIL                1132        1132           0           0
XEXEC                  1076        1076           0           0
JMS-KERMIT              994         994           0           0
FLETCHERC               952         952           0           0
DEC                     930         930           0           0
JMS-INFO                928         928           0           0
LINK10                  897         897           0           0
IMPORT                  850         850           0           0
SPPOPER                 824         824           0           0
PEAK.OLD                815         815           0           0
DEC-CUSPS               801         801           0           0
703-TOPS10              777         777           0           0
TELE                    771         771           0           0
TODD                    738         738           0           0
MAIL                    674         674           0           0
TOPS10                  632         632           0           0
CB-EXE                  626         626           0           0
CB-INFO                 622         622           0           0
CB-DECDIR               620         620           0           0
SYSMAINT                601         601           0           0
JAIL                    596         596           0           0
HELGEM                  585         585           0           0
CB-GAMES                572         572           0           0
XXARC                   550         550           0           0
CB-SAILIB               538         538           0           0
XUEY                    534         534           0           0
CB-DEC                  513         513           0           0
MWORK                   504         504           0           0
DCOFFEY                 475         475           0           0
TOPS20                  461         461           0           0
NEWRPG                  453         453           0           0
DOCAIL                  450         450           0           0
TXSTEXT                 423         423           0           0
SPPARCH                 395         395           0           0
INFO                    392         392           0           0
JMS-TJB                 390         390           0           0
PASSFRAME               386         386           0           0
SAILFOO                 366         366           0           0
LPTSPL                  362         362           0           0
UWORK                   361         361           0           0
EYES                    355         355           0           0
NEWFDM                  344         344           0           0
NEWSPL                  328         328           0           0
MRC-MM                  322         322           0           0
XAIL                    319         319           0           0
VMAP                    283         283           0           0
PRODUCTLIST             276         276           0           0
CB-KERMIT               273         273           0           0
COPYPC                  272         272           0           0
UORAIL                  266         266           0           0
KLIB                    261         261           0           0
KS2020                  257         257           0           0
DWS                     240         240           0           0
LOGGER                  220         220           0           0
OEIL                    168         168           0           0
NFDM                    164         164           0           0
CMUAIL                  148         148           0           0
CB-MAGNUM               147         147           0           0
VU                      144         144           0           0
CB-PARSER               143         143           0           0
JOESMITH                139         139           0           0
TTR                     136         136           0           0
NEWINFO                 136         136           0           0
JMS-CSM                 128         128           0           0
FOO                     111         111           0           0
LRAC                    109         109           0           0
K.TAPE                  100         100           0           0
FJSAIL                   96          96           0           0
CB-MEMO                  94          94           0           0
PRT                      88          88           0           0
TOPS10-702               78          78           0           0
BIONIC                   78          78           0           0
VIEW                     78          78           0           0
CB-SAIL-ARC              74          74           0           0
ZONNIE                   73          73           0           0
ERNSTD                   72          72           0           0
JW.WORK                  70          70           0           0
LPQUE                    64          64           0           0
OSARC                    56          56           0           0
WFW                      56          56           0           0
PEAKDOC                  54          54           0           0
XCONSULT                 46          46           0           0
K.AUXIO                  44          44           0           0
GLYONS                   37          37           0           0
TXSSUP                   37          37           0           0
CSTEMPLATE               34          34           0           0
TYMGRIPE                 30          30           0           0
MACRO53TST               28          28           0           0
GAZEL                    28          28           0           0
PEAK1                    27          27           0           0
CB-SAIL-LIB              25          25           0           0
KDEV3                    24          24           0           0
KDEV1                    20          20           0           0
BWORK                    18          18           0           0
K.SLR                    17          17           0           0
LWALTON                  16          16           0           0
LAGOLD                   15          15           0           0
OSP                      14          14           0           0
K.SAIL                   14          14           0           0
K.LISP                   13          13           0           0
GABRIELG                 12          12           0           0
SAFIYEG                  10          10           0           0
JASONG                    9           9           0           0
NOT-DENCOFF               7           7           0           0
KAREN                     7           7           0           0
YAMM                      7           7           0           0
TOPS10-701                4           4           0           0
WFWCUSP                   4           4           0           0
MARYG                     4           4           0           0
NATHANIELG                4           4           0           0
BADFILES                  3           3           0           0
SYSINFO                   3           3           0           0
KSBACK                    2           2           0           0
NOT-JMS                   2           2           0           0
JUNKMAIL                  2           2           0           0
NEWSCAN                   2           2           0           0
ZZZ-LAST-DIR              2           2           0           0
SWORK                     2           2           0           0
SALLY                     2           2           0           0
TED                       2           2           0           0
ZORK                      2           2           0           0
FOROTS                    2           2           0           0
DOC2                      2           2           0           0
703-DECNET                0           0           0           0
703-SMFILE                0           0           0           0
TNXAIL                    0           0           0           0
TBAUSPS                   0           0           0           0
LEEBOLTON                 0           0           0           0
AUGMENT                   0           0           0           0
TOPS10-DOC                0           0           0           0
NEWTYPE                   0           0           0           0
FOROTSQA                  0           0           0           0
PASCALDOC                 0           0           0           0
REGIS                     0           0           0           0
GIGI                      0           0           0           0
PSP                       0           0           0           0
RCMTEST                   0           0           0           0
TXSTEST                   0           0           0           0
PASCALX                   0           0           0           0
PASCALIB                  0           0           0           0
ATPCH                     0           0           0           0
EMSAA.SERVER              0           0           0           0
PERP                      0           0           0           0
XMAIL                     0           0           0           0
PASSAV                    0           0           0           0
TXSDOC                    0           0           0           0
OSNF                      0           0           0           0
LPQ                       0           0           0           0
PASGSRC                   0           0           0           0
JW.DSKCLN                 0           0           0           0
XBLISS                    0           0           0           0
BLISS36                   0           0           0           0
11CURR                    0           0           0           0
CB-GALAXY                 0           0           0           0
M33-NOBACKUP              0           0           0           0
COBOL10                   0           0           0           0
F10QA                     0           0           0           0
T10AIL                    0           0           0           0
PASCALQA                  0           0           0           0
TOPS10-603A               0           0           0           0
PASIQA                    0           0           0           0
EDITOR                    0           0           0           0
PASIDOC                   0           0           0           0
TBAFTDEB                  0           0           0           0
PASISRC                   0           0           0           0
PASLIB                    0           0           0           0
PASBLD                    0           0           0           0
SPUNKREV                  0           0           0           0
PASHOW                    0           0           0           0
SPUNKTEST                 0           0           0           0
SPUNKDEV                  0           0           0           0
PASPROC                   0           0           0           0
SPTBAQA                   0           0           0           0
SPTBARK                   0           0           0           0
F40                       0           0           0           0
OSFT                      0           0           0           0
FRENCH                    0           0           0           0
KDEV2                     0           0           0           0
MAILDEV                   0           0           0           0
OSB                       0           0           0           0
MSG10                     0           0           0           0
MSGSLV                    0           0           0           0
MSGDB                     0           0           0           0
CUSP10                    0           0           0           0
PASOLD                    0           0           0           0
PASCOOR                   0           0           0           0
F10                       0           0           0           0
PASULIB                   0           0           0           0
PEAK.BAK                  0           0           0           0
PASXMIT                   0           0           0           0
COBOLQA                   0           0           0           0
PASRELCR                  0           0           0           0
TYMAIL                    0           0           0           0
PEAK.B2                   0           0           0           0
PASNEW                    0           0           0           0
PASQA                     0           0           0           0
FORK                      0           0           0           0
MFICHE                    0           0           0           0
PASDOC                    0           0           0           0
MICROCYCLES               0           0           0           0
XPPTEST                   0           0           0           0
PASSRC                    0           0           0           0
PASGQA                    0           0           0           0
PASGDOC                   0           0           0           0
703-ANF10                 0           0           0           0
ALARMCLOCK                0           0           0           0
703-TOOLS                 0           0           0           0
----------------------------------------------------------------------
TOTALS               127110      127096          14           0
----------------------------------------------------------------------

  