(CARL)ESCTRP.REQ                                              Page 1
Program Listing                 Generated by CRFSYM %3

1	
2	require "  ESCTRP - Escape, Notice-to-quit, Timer trap routines " message;
3	redefine ! = "COMMENT";
4	
5	External boolean
6		NTQ!	! true if notice-to-quit ;	! generally from KSYS ;
7	,	ESC!	! true if ^C or ESC hit ;	! keyboard interrupt ;
8	,	TIM!	! true if timer interrupt ;	! general clock timer ;
9	;
10	
11	External simple procedure EXCIni;	! initialize all interrupts ;
12	External simple procedure EXCDis;	! disable all three interupts ;
13	External simple procedure EscEnb;	! esc   - enable ;
14	External simple procedure EscDis;	! esc   - disable ;
15	External simple procedure NTQEnb;	! ntq   - enable ;
16	External simple procedure NTQDis;	! ntq   - disable ;
17	External simple procedure TIMEnb;	! timer - enable ;
18	External simple procedure TimDis;	! timer - disable ;
19	External simple procedure SetTim( Integer Time,Units );	! set timer ;
20	
21	require "(CARL)ESCTRP" library;
22	
(CARL)ESCTRP.REQ          User defined Symbol Table           Page 2
Cross Reference                 Generated by CRFSYM %3

ESC!                         7
ESCDIS                      14
ESCENB                      13
EXCDIS                      12
EXCINI                      11
NTQ!                         6
NTQDIS                      16
NTQENB                      15
SETTIM                      19
TIM!                         8
TIMDIS                      18
TIME                        19
TIMENB                      17
UNITS                       19
(CARL)ESCTRP.REQ          SAIL Reserved Words                 Page 3
Cross Reference                 Generated by CRFSYM %3

!                            3     6     6     7     7     8     8    11    12
                            13    14    15    16    17    18    19
BOOLEAN                      5
EXTERNAL                     5    11    12    13    14    15    16    17    18
                            19
INTEGER                     19
LIBRARY                     21
MESSAGE                      2
PROCEDURE                   11    12    13    14    15    16    17    18    19
REDEFINE                     3
REQUIRE                      2    21
SIMPLE                      11    12    13    14    15    16    17    18    19
