(HELGEM)HELP.MSG                                              Page 1
Program Listing                 Generated by CRFSYM %3

1	require " SUBMIT  help messages" message;
2	
3	define HlpMsg = { 
4	"
5	           VALID SUBMIT COMMANDS
6	           ---------------------
7	DATES      TAKES A DATE SENTENCE
8	INSERT     INSERT JOB INTO THE JOB QUEUE
9	DISPLAY    DISPLAYS ALL DATES ASSOCIATED WITH DATE SENTENCE
10	EXPRESS    REPHRASES THE DATE SENTENCE
11	TEST       EXECUTES BOTH EXPRESS AND DISPLAY COMMANDS
12	
13	DELETE     DELETES AN EXISTING JOB ENTRY
14	UNDELETE   UN-DELETE A DELETED JOB
15	STATUS     TYPES STATUS OF JOBS BELONGING TO USER
16	LIST       LISTS ALL JOBS FOR THIS USER
17	MODIFY     MODIFY AN EXISTING QUEUE ENTRY
18	VERSION    TYPE VERSION NUMBER
19	QUIT       RETURNS TO EXEC
20	HELP       TYPES THIS MESSAGE 
21	
22	CONTINUE   RESTART A PAUSED OR STOPPED JOB
23	PAUSE      CAUSE A RUNNING JOB TO PAUSE
24	STOP       CAUSE A JOB WHICH IS RUNNING OR PAUSED TO STOP
25	KILL       KILL A RUNNING, PAUSED, OR STOPPED JOB
26	" };
27	
28	define LABELHelp = {
29	"
30	
31	Label     Name of label in command file from which to
32		  restart.  
33		  Maximum length = 6 characters.
34	" };
35	
36	define TIMELIMITHelp = {
37	"
38	
39	Timelimit   Maximum elapsed time for one run.
40	" };
41	
42	define TRULIMITHelp = {
43	"
44	
45	TRULimit	  Maximum TRU's allowed for one run.
46	" };
47	
48	define LOGLIMITHelp = {
49	"
50	
51	LogLimit	  Maximum logfile size in pages.
52	" };
53	
54	define LOGActionHelp = {
55	"
56	LogAction  USE : SPECIFYING WHAT TYPE OF LOGGING ACTION TO BE PERFORMED.
57	
58		   PARAMETERS ARE:
(HELGEM)HELP.MSG                                              Page 1.1
Program Listing                 Generated by CRFSYM %3

59		   NONE      = NO LOG-FILE.
60		   APPEND    = IF A LOG-FILE EXISTS, THEN APPEND NEW TEXT TO IT.
61		   SUPERSEDE = ALWAYS CREATE A NEW LOG-FILE FROM SCRATCH.
62	
63	" };
64	
65	define DISPOSEHelp = {
66	"
67	Dispose     USE : WHAT TO DO WITH THE LOG FILE AFTER EACH RUN.
68	
69		    PARAMETERS ARE:
70		    NONE      = LEAVE IT ALONE.
71		    DELETE    = ALWAYS DELETE UPON NORMAL COMPLETION,
72		                SAVE IF JOB WAS ABORTED.
73		    NOERROR   = DELETE UPON SUCCESSFUL COMPLETION.
74	
75	" };
76	
77	define MAILERHelp = {
78	"
79	Mailer       PARAMETERS ARE:
80		     RPG       = OLD MAIL SYSTEM.
81		     TUMS      = TYMNET UNIVERSAL MAIL SYSTEM.
82	
83	" };
84	
85	define SPOOLHelp = {
86	"
87	
88	Spool	  Not implemented
89	" };
90	
91	define MAILHelp = {
92	"
93	Mail		SENT TO LOGGED-IN-USER WHO SUBMITTED THE JOB.
94			PARAMETERS ARE:
95			  NONE      = NEVER SEND MAIL.
96			  ERROR     = SEND MAIL ON ERROR.
97			  SUCCESS   = SEND MAIL ON SUCCESS.
98			  ALWAYS    = SEND MAIL ALWAYS.
99	
100	" };
101	
102	define RESTARTHelp = {
103	"
104	Restart		HOW OR WHERE TO RESTART.
105	
106			PARAMETERS ARE:
107			  NONE       = NEVER RESTART.
108			  CHECKPOINT = CONTINUE AT LABEL SPECIFIED IN COMMAND FILE.
109			  LABEL      = START AT SPECIFIED LABEL.
110			  CONTINUE   = PICK UP FROM NEXT LINE IN COMMAND FILE.
111			  REPEAT     = PICK UP FROM CURRENT LINE IN COMMAND FILE.
112	
113	
114	" };
115	
116	define UNIQUEHelp = {
(HELGEM)HELP.MSG                                              Page 1.2
Program Listing                 Generated by CRFSYM %3

117	"
118	Unique		  Not implemented
119	" };
120	
121	define PARAMETERSHelp = {
122	"
123	
124	Parameters		  COMMAND LINE FOR JOB PARAMETERS.
125	" };
126	
127	define HELPHelp = {
128	"
129	
130	Help		TYPE 'HELP' OR '?' FOR NAMES OF VALID OPTIONS AND
131			  DISPLAY OF CURRENT OPTION SETTINGS.
132	
133			TYPE 'HELP' OPTION-NAME or
134			     '?' OPTION-NAME FOR MORE HELP.
135	" };
136	
137	define ABORTHelp = {
138	"
139	
140	Abort		  ABORTS THE INSERT ACTION WITH NO CHANGE TO JOB QUEUE.
141	" };
142	
143	define RUNHelp = {
144	"
145	Run		PARAMETERS ARE:
146			  NO         = If specified command file is a program to run.
147			  YES        = If specified command file is a command file.
148	
149	" };
150	
151	define DETACHHelp = {
152	"
153	Detach		PARAMETERS ARE:
154			  NO         = Job will have a port connected to it.
155			  YES        = Job will run detached (no port).
156	
157	" };
158	
159	define HaltHelp = {
160	"
161	Halt		PARAMETERS ARE:
162			  NO         = Job will not restart if it halts.
163			  YES        = Job will restart if it halts.
164	" };
165	
166	define CTYLOGHelp = {
167	"
168	CTYLog		PARAMETERS ARE:
169			  NO         = Job info will not be logged to CTY.
170			  YES        = Job info will be logged to CTY.
171	" };
172	
173	define PRIORITYHelp = {
174	"
(HELGEM)HELP.MSG                                              Page 1.3
Program Listing                 Generated by CRFSYM %3

175	Priority	Scheduling priority (1-9). Default = 0.
176	" };
177	
178	define CCLHelp = {
179	"
180	CCL		PARAMETERS ARE:
181			  NO         = Run job at normal start address.
182			  YES        = Run job at CCL address.
183	" };
184	
185	define TMPNAMEHelp = {
186	"
187	TmpName		TMPCOR file name for programs which are run at CCL address.
188	" };
189	
190	define LOGFILEHelp = {
191	"
192	LogFile		Change the log file name.
193	" };
194	
195	define DatHelp = {
196	"
197	          SOME DATE SENTENCE EXAMPLES
198	          ===========================
199	EVERY DAY.
200	EVERY DAY AT 12:25.
201	EVERY OTHER DAY.
202	EVERY 3RD DAY AT 19:30.
203	EVERY FRIDAY.
204	EVERY WEEKDAY AT 8.
205	EVERY OTHER FRIDAY.
206	THE 23RD DAY OF EVERY MONTH.
207	THE 2ND WEDNESDAY OF EVERY MONTH AT 13:45.
208	
209	NOTE:
210	-  Date sentences are terminated with a <cr>.
211	-  If your date sentence extends past the end of a line,
212	   just keep typing and let it wrap.
213	-  Default run-time is 00:00 (midnight).
214	-  All times are in 24 hour time.
215	" };
216	
217	define DeleteHelp = {
218	"
219	          DELETE COMMAND
220	          ==============
221	- Type the job name in response to the ""JOB NAME"" prompt.
222	- Job name's can be obtained by issuing the command ""LIST"" at the main prompt.
223	- Type <cr> (only) to abort ""DELETE"".
224	
225	" };
226	
227	define ComFilHelp = {
228	"
229		  ENTER NAME OF COMMAND FILE
230	          ==========================
231	- Not available
232	
(HELGEM)HELP.MSG                                              Page 1.4
Program Listing                 Generated by CRFSYM %3

233	" };
234	
235	
236	
(HELGEM)HELP.MSG                                              Page 2
Program Listing                 Generated by CRFSYM %3

237	
238	preload!with
239	"	HELP FOR COMMAND:  DATES
240		-------------------------
241	Use the command 'DATES' to enter your date sentence.
242	After you type the 'DATES' command,  SUBMIT will prompt you for the date 
243	sentence.  The date sentence is ended when you type a <cr>.  SUBMIT will
244	then examine your date sentence for correctness and will complain if it
245	finds an error, at which point you may try again be re-typing 'DATES'.
246	If your date sentence was valid, SUBMIT will return to the SUBMIT prompt,
247	ready for another command.  At this point you may want to use the EXPRESS
248	command to confirm your date sentence, and the DISPLAY command to see if
249	your date sentence will generate the run dates which you require.
250	
251	          SOME DATE SENTENCE EXAMPLES
252	          ===========================
253	EVERY DAY <cr>
254	EVERY DAY AT 12:25 <cr>
255	EVERY OTHER DAY <cr>
256	EVERY 3RD DAY AT 19:30 <cr>
257	EVERY FRIDAY <cr>
258	EVERY WEEKDAY AT 8 <cr>
259	EVERY OTHER FRIDAY <cr>
260	THE 23RD DAY OF EVERY MONTH <cr>
261	THE 2ND WEDNESDAY OF EVERY MONTH AT 13:45 <cr>
262	
263	NOTE:
264	-  Date sentences are terminated with a <cr>.
265	-  If your date sentence extends past the end of a line,
266	   just keep typing and let it wrap.
267	-  Default run-time is 00:00 (midnight).
268	-  All times are in 24 hour time.
269	",
270	"	HELP FOR COMMAND:  INSERT
271		-------------------------
272	After SUBMIT has accepted your date sentence, use the command 'INSERT' to
273	insert your job into the job queue.  You may include your command file name
274	and your log file name on the command line.
275	
276			Examples:
277		INSERT ComFil.Ext LogFile.Ext
278		INSERT (UserName)ComFil.Ext (UserName)LogFil.Ext
279		INSERT (UserName)LogFil.Ext=(UserName)ComFil.Ext
280	
281	
282	If you do not furnish file names then the system will prompt for the name of 
283	your command file, which must currently exist, and the name for your log file.
284	
285	If you type a carriage-return (only) at the command-file prompt, then the
286	insert will be aborted.
287	
288	NOTE:	Default Command file-name extension is '.CTL'.
289	",
290	"	HELP FOR COMMAND:  DISPLAY
291		-------------------------
292	After SUBMIT has accepted your date sentence, use the command 'DISPLAY' to
293	confirm that SUBMIT will generate the run-dates which you require.  Upon
294	entering DISPLAY, Submit will display the dates and times of future runs of
(HELGEM)HELP.MSG                                              Page 2.1
Program Listing                 Generated by CRFSYM %3

295	your job as if the job were in the queue at this instant.
296	",
297	"	HELP FOR COMMAND:  EXPRESS
298		-------------------------
299	After SUBMIT has accepted your date sentence, use the command 'EXPRESS' to
300	get SUBMIT to produce an English sentence to describe what it thinks you
301	wanted when you typed your date sentence.
302	",
303	"	HELP FOR COMMAND:  TEST
304		-------------------------
305	After SUBMIT has accepted your date sentence, use the command 'TEST' to check
306	it.  TEST merely executed EXPRESS and DISPLAY.
307	",
308	"	HELP FOR COMMAND:  DELETE
309		-------------------------
310	Use the command DELETE to remove one of your job from the job queue.  You will 
311	have to furnish the job-name (command-file name) and the sequence number so
312	you may want to issue the command LIST to get these parameters.
313	
314			Examples:
315		DELETE Job-Name Sequence-Number
316		DELETE Sequence-Number
317	
318	If you do not furnish Job-Name and Sequence-number along with the DELETE 
319	command then the system will prompt for them.  
320	
321	If you respond with <cr> (only) at the Job-Name prompt You can still DELETE
322	the job by entering the sequence number at the sequence-number prompt.
323	
324	If you give a valid job name at the Job-Name prompt but give no sequence
325	number at its prompt then every job with that job name wil be deleted.
326	",
327	"	HELP FOR COMMAND:  STATUS
328		-------------------------
329	Use the command STATUS to determine the current status of one of your 
330	previously inserted jobs.
331	",
332	"	HELP FOR COMMAND:  LIST
333		-------------------------
334	Use the command LIST to display information on your jobs which are currently
335	in the queue.  A list of parameters which may be supplied with LIST can
336	be obtained by typing 'HELP LIST'.
337	
338			Examples:
339		LIST
340		LIST ALL
341		LIST USERNAME JOBNAME COMMANDFILE
342		LIST USERNAME  SEQUENCE NEXT TIMELIMIT MAILER
343		LIST JOBNAME NEXT PRIORITY LOGACTION
344	
345	Jobs info is listed in columnar form.  Don't try to list more parameters than 
346	your screen has room for.
347	",
348	"	HELP FOR COMMAND:  MODIFY
349		-------------------------
350	Use the command MODIFY to change the characteristics of your job.  You will 
351	have to furnish the job-name (command-file name) and the sequence number so
352	you may want to issue the command LIST to get these parameters.  You will
(HELGEM)HELP.MSG                                              Page 2.2
Program Listing                 Generated by CRFSYM %3

353	then will get the options prompt at which you may change any parameters which
354	you could normally set during an INSERT.
355	
356			Examples:
357		MODIFY Job-Name Sequence-Number
358		MODIFY Sequence-Number
359	
360	If you do not furnish Job-Name and Sequence-number then the system will prompt
361	for them.
362	
363	If you respond with <cr> (only) at the Job-Name prompt You can still MODIFY
364	the job by entering the sequence number at the sequence-number prompt.
365	
366	If you give a valid job name at the Job-Name prompt but give no sequence
367	number at its prompt then every job with that job name wil be fetched for
368	modification.
369	
370	",
371	"	HELP FOR COMMAND:  VERSION
372		-------------------------
373	Displays the current version of SUBMIT.
374	",
375	"	HELP FOR COMMAND:  QUIT
376		-------------------------
377	The command QUIT causes this SUBMIT session to terminate immediately.
378	",
379	"	HELP FOR COMMAND:  EXIT
380		-------------------------
381	The command EXIT causes this SUBMIT session to terminate immediately.
382	",
383	"	HELP FOR COMMAND:  BYE
384		-------------------------
385	The command BYE causes this SUBMIT session to terminate immediately.
386	",
387	"	HELP FOR COMMAND:  HELP
388		-------------------------
389	Throughout SUBMIT, help can be obtained by typing '?' or 'HELP' at any prompt
390	  for general information.
391	Explanation on a specific command can be obtained by typing:
392				   '?' command-name   or
393				'HELP' command-name.
394	",
395	"	HELP FOR COMMAND:  ?
396		-------------------------
397	Throughout SUBMIT, help can be obtained by typing '?' or 'HELP' at any prompt
398	  for general information.
399	Explanation on a specific command can be obtained by typing:
400				   '?' command-name   or
401				'HELP' command-name.
402	",
403	"	HELP FOR COMMAND:  CODE
404		-------------------------
405	CODE is no longer available.
406	",
407	"	HELP FOR COMMAND:  LOOK
408		-------------------------
409	LOOK will display the date code for the last user-furnished date sentence.
410	", 
(HELGEM)HELP.MSG                                              Page 2.3
Program Listing                 Generated by CRFSYM %3

411	"	HELP FOR COMMAND:  UNDELETE
412		---------------------------
413	Use UNDELETE to un-cancel a cancelled job.
414	
415			Examples:
416		UNDELETE Sequence-Number
417	",
418	"	HELP FOR COMMAND:  SHOW
419		-----------------------
420	Show will retrieve a job from the queue and display information on that job.
421	You will have to furnish the job-name (command-file name) and the sequence 
422	number so you may want to issue the command LIST to get these parameters.
423	
424			Examples:
425		SHOW Job-Name Sequence-Number
426		SHOW Sequence-Number
427	
428	If you do not furnish Job-Name and Sequence-number then the system will prompt
429	for them.
430	
431	If you respond with <cr> (only) at the Job-Name prompt You can still SHOW
432	the job by entering the sequence number at the sequence-number prompt.
433	
434	If you give a valid job name at the Job-Name prompt but give no sequence
435	number at its prompt then every job with that job name wil be displayed.
436	
437	",
438	"	HELP FOR COMMAND:  CANCEL
439		-------------------------
440	Use the command CANCEL to remove one of your job from the job queue.  You will 
441	have to furnish the job-name (command-file name) and the sequence number so
442	you may want to issue the command LIST to get these parameters.
443	
444			Examples:
445		CANCEL Job-Name Sequence-Number
446		CANCEL Sequence-Number
447	
448	If you do not furnish Job-Name and Sequence-number along with the CANCEL 
449	command then the system will prompt for them.  
450	
451	If you respond with <cr> (only) at the Job-Name prompt You can still CANCEL
452	the job by entering the sequence number at the sequence-number prompt.
453	
454	If you give a valid job name at the Job-Name prompt but give no sequence
455	number at its prompt then every job with that job name wil be canceled.
456	",
457	"	HELP FOR COMMAND:  CONTINUE
458		---------------------------
459	CONTINUE will re-start a job whose process state is either STOP or PAUSE.
460	",
461	"	HELP FOR COMMAND:  PAUSE
462		------------------------
463	PAUSE will cause a job whose process state is RUN to finish the current line
464	  and then wait until a STOP, KILL, or CONTINUE command is issued.
465	",
466	"	HELP FOR COMMAND:  STOP
467		-----------------------
468	STOP will cause a job whose process state is RUN to stop immediately and wait
(HELGEM)HELP.MSG                                              Page 2.4
Program Listing                 Generated by CRFSYM %3

469	until a KILL, or CONTINUE command is issued.
470	",
471	"	HELP FOR COMMAND:  KILL
472		-----------------------
473	KILL will terminate any running job without removing the job entry from the 
474	queue.
475	";
476	string array CommandsHelp[ 0:NumCmds - 1 ];
477	
478	
(HELGEM)HELP.MSG          User defined Symbol Table           Page 4
Cross Reference                 Generated by CRFSYM %3

COMMANDSHELP               476
NUMCMDS                    476
(HELGEM)HELP.MSG          MACRO Symbol Table                  Page 5
Cross Reference                 Generated by CRFSYM %3

ABORTHELP                  137
CCLHELP                    178
COMFILHELP                 227
CTYLOGHELP                 166
DATHELP                    195
DELETEHELP                 217
DETACHHELP                 151
DISPOSEHELP                 65
HALTHELP                   159
HELPHELP                   127
HLPMSG                       3
LABELHELP                   28
LOGACTIONHELP               54
LOGFILEHELP                190
LOGLIMITHELP                48
MAILERHELP                  77
MAILHELP                    91
PARAMETERSHELP             121
PRIORITYHELP               173
RESTARTHELP                102
RUNHELP                    143
SPOOLHELP                   85
TIMELIMITHELP               36
TMPNAMEHELP                185
TRULIMITHELP                42
UNIQUEHELP                 116
(HELGEM)HELP.MSG          SAIL Reserved Words                 Page 6
Cross Reference                 Generated by C %3

ARRAY                      476
DEFINE                       3    28    36    42    48    54    65    77    85
                            91   102   116   121   127   137   143   151   159
                           166   173   178   185   190   195   217   227
MESSAGE                      1
PRELOAD!WITH               238
REQUIRE                      1
STRING                     476
   i 	z¤