(CARL)JQUEUE.DEF                                              Page 1
Program Listing                 Generated by CRFSYM %3

1	
2	require "  - Job queue page layout definitions " message;
3	
4	require "{}[]" delimiters;
5	redefine ! = {comment};
6	
7	Define QueueMap  = 1;			! (1) Page # for queue status;
8	Define QueueMsg  = QueueMap + 1;	! (1) Page # for queue messages;
9	Define QueueRun  = QueueMsg + 1;	! (1) Page # for running entries ;
10	Define QueueAct  = QueueRun + 1;	! (2) Page # for active entries;
11	Define QueueData = QueueAct + 2;	! (n) Page # for queue entries;
12	Define QueueFile = {"(SYS)JQUEUE.SYS"};	! Name of file to use;
13	
14	Define E!Length = 64;			! Entry length;
15	Define E!RPPage = 512 div E!Length;	! Records per page;
16	Define E!RunMax = E!RPPage * 1;		! RunMax ;
17	Define E!JobMax = E!RPPage * (QueueData-QueueAct);	! JobMax ;
18	Define E!ActMax = E!RunMax + E!JobMax;	! Run + Job : Max ;
19	
20	!
21	!	+-----------------------+
22	!	|			|
23	!	|	QueueMap	|	(1)  File Page # for queue status
24	!	|			|
25	!	+-----------------------+
26	!	|			|
27	!	|	QueueMsg	|	(1)  File Page # for queue messages
28	!	|			|
29	!	+-----------------------+
30	!	|			|
31	!	|	QueueRun	|	(1)  File Page # for running entries
32	!	|			|
33	!	+-----------------------+
34	!	|			|
35	!	|	QueueAct	|	(2)  File Page # for active entries
36	!	|			|
37	!	+-----------------------+
38	!	|			|
39	!	|			|
40	!	|			|
41	!	+-----------------------+
42	!	|			|
43	!	|	QueueData	|	(n)  File Page # for data start
44	!	|			|
45	!	+-----------------------+
46	!	|			|
47	!	|	   ...		|
48	!	|			|
49	!	+-----------------------+
50	!
51	;
52	
53	
(CARL)JQUEUE.DEF                                              Page 2
Program Listing                 Generated by CRFSYM %3

54	!	Fancy Macro Definitions
55	;
56	
57	redefine !Block(Group, Name, Size) = {
58	    Ifcr Length(Cvps(Size)) = 0 thenc assignc Size = 1; Endc
59	    Define Group}&{Name = Group;
60	    Redefine Group = Group + Size;
61	};
62	
63	define ForDef(Group,NameList) = {
64	    ReDefine Group = 0;
65	    ReDefine ForDefX = {
66		ForLC $Name$_ (}&{NameList}&{)
67		 doC { !Block(Group,$Name$) }
68		 endC
69	    };
70	    ForDefX
71	};
72	
73	
74	define ForDefS(Group,NameList) = {
75	    ReDefine ForDefX = {
76		ReDefine PS}&"Group"[1 for 1]&{$ = 0;
77		ForLC $Name$_ (}&{NameList}&{)
78		 doC { !Block(PS}&"Group"[1 for 1]&{$,$Name$)
79		       Define Group}&{$}&{$Name$ =
80			   (JS$}&{Group lsh 6)
81			    lor PS}&"Group"[1 for 1]&{$}&{$Name$;
82		     }
83		 endC
84	    };
85	    ForDefX
86	};
87	
88	
89	Define !!Ent(nam,siz,pnt,itm) = {
90	    Define P}&{nam (arr)   = { point( siz, (arr),  pnt ) };
91	    Define LP}&{nam (arr)  = { ldb( point( siz, (arr),  pnt ) ) };
92	    Define PP}&{nam (arr)  = { point( siz, (arr[itm]), pnt ) };
93	    Define LPP}&{nam (arr) = { ldb( point( siz, (arr[itm]), pnt ) ) };
94	    Define AP}&{nam (arr)  = { point( siz, memory[(arr)+itm], pnt ) };
95	    Define LAP}&{nam (arr) = { ldb( point( siz, memory[(arr)+itm], pnt ) ) };
96	};
97	Define !!Ento(nam,siz,pnt,itm) = {
98	    Define P}&{nam (arr)      = { point( siz, (arr),  pnt ) };
99	    Define PP}&{nam (arr,off) = { point( siz, (arr[itm+off]), pnt ) };
100	};
101	
102	
(CARL)JQUEUE.DEF                                              Page 3
Program Listing                 Generated by CRFSYM %3

103	
104	!	Feature test flags
105	;
106	
107	Define !Byt(x,y)={( Ifcr length(CVPS(y)) thenc
108		(x) lsh (35-(y)) elsec 1 lsh (35-(x)) endc )};
109	
110	Define E!MinSeq = '1;			! Minimum sequence number ;
111	Define E!MaxSeq = '377777;		! Maximum sequence number ;
112	Define E!ParLength = 80;		! Chars in parameter field ;
113	
114	
115	Define QFet$Debug   = !Bit(0);		! debug code ;
116	Define QFet$RSched  = !Bit(1);		! restart scheduler ;
117	Define QFet$RProc   = !Bit(2);		! restart processor (obsolete) ;
118	Define QFet$RDpy    = !Bit(3);		! restart display ;
119	
120	Define QFet$Inter   = !Bit(6);		! use interlock mechanism ;
121	Define QFet$Signal  = !Bit(7);		! signal scheduler ;
122	Define QFet$Tell    = !Bit(8);		! dump data tables ;
123	
124	Define QFet$Shut    = !Bit(16);		! kill processor ;
125	Define QFet$Logout  = !Bit(17);		! run logout on exit ;
126	
127	!	Bits 18-23 ==			! Sleep time for scheduler ;
128	Define QFet$Pars    = !Bit(27);		! log parameter info ;
129	Define QFet$Items   = !Bit(28);		! log item info ;
130	Define QFet$Subs    = !Bit(29);		! log substitution info ;
131	Define QFet$Strs    = !Bit(30);		! log string,send info ;
132	Define QFet$Cmds    = !Bit(31);		! log command info ;
133	Define QFet$Ports   = !Bit(32);		! log port data ;
134	Define QFet$Files   = !Bit(33);		! log file info ;
135	Define QFet$Jobs    = !Bit(34);		! log job info ;
136	Define QFet$LogAll  = !Bit(35);		! log everything ;
137	
138	
(CARL)JQUEUE.DEF                                              Page 4
Program Listing                 Generated by CRFSYM %3

139	
140	!   Page Format for Queue MAP
141	;
142	
143	Define	Q! = 0, Q!Length = 512, Q!!Version = 0;
144	! -- Queue ;
145		!Block(Q!,Version)		! queue format version ;
146		!Block(Q!,Feature)		! queue features implemented ;
147		!Block(Q!,Type)			! type of queue ;
148		!Block(Q!,Name)			! queue name ;
149		!Block(Q!,Lock)			! lock the entire queue ;
150		!Block(Q!,WLock)		! write lock, ok to read ;
151		!Block(Q!,Open)			! count of users in queue ;
152		!Block(Q!,Next)			! next available seq # ;
153		!Block(Q!,High)			! highest entry in use ;
154		!Block(Q!,Hole)			! first available entry slot ;
155		!Block(Q!,Count)		! total entries in queue ;
156		!Block(Q!,RSlot)		! maximum run slots in queue ;
157		!Block(Q!,ISlot)		! maximum job slots in queue ;
158		!Block(Q!,Request)		! cyclic request number ;
159		!Block(Q!,Extra)		! extra entry word ;
160	! -- Parameter ;
161		!Block(Q!,TruLim)		! default TRU limit (see E!TruLim) ;
162		!Block(Q!,LogLim)		! default log limits (see E!LogLim) ;
163		!Block(Q!,Action)		! default action (see E!Action) ;
164		!Block(Q!,RJobs)		! # running jobs to schedule ;
165		!Block(Q!,IJobs)		! # interactive jobs to schedule ;
166	! -- Operation ;
167		!Block(Q!,Uptime)		! last known system uptime ;
168		!Block(Q!,System)		! system que start UDT ;
169		!Block(Q!,ScheduleUDT)		! scheduler start UDT, frame, extra ;
170		!Block(Q!,Schedule)		! scheduler start UDT, frame, extra ;
171		!Block(Q!,HaveS)		! flag saying we have a scheduler ;
172		!Block(Q!,ProcessUDT)		! processor start UDT ;
173		!Block(Q!,Process)		! processor frame ;
174		!Block(Q!,HaveP)		! flag saying we have a processor ;
175		!Block(Q!,Daytime)		! last UDT scheduler was here ;
176		!Block(Q!,New)			! indicate something changed ;
177		!Block(Q!,Running)		! total running entries/jobs ;
178		!Block(Q!,Active)		! total active entries/jobs ;
179	! -- Per Job ;
180		!Block(Q!,RFrame,E!RunMax)	! current frame for run jobs ;
181		!Block(Q!,IFrame,E!JobMax)	! current frame for each job ;
182		!Block(Q!,Runner,E!RunMax)	! current job status for run jobs ;
183		!Block(Q!,Status,E!JobMax)	! current job status for each job ;
184		!Block(Q!,RunAct,E!RunMax)	! current job action for run jobs ;
185		!Block(Q!,JobAct,E!JobMax)	! current job action for each job ;
186		!Block(Q!,RunRec,E!RunMax)	! record number for each job ;
187		!Block(Q!,JobRec,E!JobMax)	! record number for each job ;
188		!Block(Q!,RunId,E!RunMax)	! universal frame-id for run jobs ;
189		!Block(Q!,JobId,E!JobMax)	! universal frame-id for each job ;
190	! -- ;
191	    ifcr ( Q! > Q!Length )
192	     thenc require "?"&crlf&"?JQUEUE.DEF error: Map size larger than "&
193			    cvs(Q!Length)&" ... = "&cvs(Q!)&crlf
194			    "?    Increase size of map area in queue!!!"& crlf&
195			    crlf message;
196	    endc
(CARL)JQUEUE.DEF                                              Page 4.1
Program Listing                 Generated by CRFSYM %3

197	
(CARL)JQUEUE.DEF                                              Page 5
Program Listing                 Generated by CRFSYM %3

198	
199	Define D! = 0;
200		!Block(D!,Type)			! Type, modifiers, connector ;
201		    ! [3]  M - Multiplier ;
202		    ! [3]  T - Descriptor Type {Month,Nth-day,Specific,Weekday} ;
203		    ! [4]  MM- Month modifier {0 to 11} (invalid 12 thru 15) ;
204		    ! [23] B - Body value {0 to 31} ;
205		    ! [3]  C - Connector {After,Before,And,...,Except,End} ;
206	
207		    !!Ento(Mult,   3, 2, D!Type)	! Mult    ;
208		    !!Ento(Type,   3, 5, D!Type)	! Type    ;
209		    !!Ento(MoMult, 4, 9, D!Type)	! MoMult  ;
210		    !!Ento(Body,  23,32, D!Type)	! Body    ;
211		    !!Ento(Conn,   3,35, D!Type)	! Conn    ;
212	
213	    Comment
214		+------------------------------------+----------------------------+
215		| Mult | Type | MoMult |                Body               | Conn |
216		+------------------------------------+----------------------------+
217	         0    2 3    5 6      9 10                               32 33  35
218	    ;
219	
220		!Block(D!,Daytime)		! Universal daytime ;
221		    ! [36] Date,,Time in universal format ;
222	
223		    !!Ento(Date,  18,17, D!Daytime)	! Date    ;
224		    !!Ento(Time,  18,35, D!Daytime)	! Time    ;
225		    !!Ento(Day,   36,35, D!Daytime)	! Daytime ;
226	
227		!Block(D!,Length)		! Length of descriptor block ;
228	
229	    Comment
230		+------------------------------------+----------------------------+
231		|   Date - days since  Jan 1, 1964   |  Time - fraction of a day  |
232		|   Date - days since  Nov 1, 1858   |  Time - fraction of a day  |
233		+------------------------------------+----------------------------+
234	         0                                 17 18                        35
235	    ;
236	
237	
238	
(CARL)JQUEUE.DEF                                              Page 6
Program Listing                 Generated by CRFSYM %3

239	
240	Define	E! = 0;
241	    !Block(E!,RunTime)			! universal date,,time next run ;
242	    !Block(E!,PPN)			! Gfd (connected) directory ;
243	    !Block(E!,Privs)			! Privilege word ;
244	    !Block(E!,AUN)			! Login directory ;
245	    !Block(E!,Username,2)		! Username ;
246	    !Block(E!,Network)			! Network Node-Port info ;
247	    !Block(E!,Project,3)		! Project Code ;
248	    !Block(E!,License)			! Frame License ;
249	
250	    !Block(E!,CmdFile,5)		! device:(username)file.ext block ;
251		Define F! = 0;			! ** File positions ** ;
252		!Block(F!,Device)		! ** Device name ;
253		!Block(F!,User,2)		! ** Username ;
254		!Block(F!,Name)			! ** File Name ;
255		!Block(F!,Ext)			! ** File Extension ;
256		!!Ent(FErr, 18, 35, E!CmdFile+F!Ext)	! Lookup/Run error code ;
257	
258	    !Block(E!,LogFile,5)		! device:(username)file.ext block ;
259		!!Ent(TmpF, 18, 35, E!LogFile+F!Ext)	! Temp-file error code ;
260	    !Block(E!,RanTime)			! universal date,,time last ran ;
261	    !Block(E!,RecNum)			! record number within file ;
262	    !Block(E!,Label)			! Checkpoint label - for restart ;
263	    !Block(E!,TruLim)			! TRU limit ;
264		Define E!DefTruLim = 0;		! Default TRU to 0 ;
265	
266	    !Block(E!,LogLim)			! Logging limits [bit fields] ;
267		Define E!DefLogLim = (0 lsh 18) lor (60 lsh 0);
268		!!Ent(LogL, 9, 17,E!LogLim)	! [9]  Max logfile size in pages ;
269		!!Ent(TimL,18, 35,E!LogLim)	! [18] Max elapsed time in minutes ;
270		! - Note: 1hr#6bits,1d#11bits,1w#14bits,1m#16bits,6m#18bits ;
271	
272	    !Block(E!,Status)			! Status information [bit fields] ;
273		!!Ent(Stap, 9, 8, E!Status)	! [9]=[3]+[6] Entry+Proc status ;
274		!!Ent(Stat, 3, 2, E!Status)	! [3] Entry Status ;
275		    Fordef(JS$,[Queued,Hold,Sched,Proc,Done,Abort,Cancel])
276	
277		!!Ent(Proc, 6, 8, E!Status)	! [6] Processing status ;
278		    ForDefS(Queued,[Wait,Special,Abort,Crash])
279		    ForDefS(Hold,  [None,User,System,Restart])
280		    ForDefS(Sched, [Wait,Frame])
281		    ForDefS(Proc,  [Run,Pause,Stop,Restart,Cancel])
282		    ForDefS(Done,  [End,Stop,Restart,Error,Lost])
283		    ForDefS(Abort, [Input,Frame,Run,Enter,Update,Append,Error,
284				    Notice,Time,Tru,Zap,Command,Format])
285	
286		!!Ent(DepL, 6,14, E!Status)	! [6] Dependency level {0-63} ;
287		!!Ent(Seq, 18,35, E!Status)	! [18] Sequence number {0-262144} ;
288	
(CARL)JQUEUE.DEF                                              Page 7
Program Listing                 Generated by CRFSYM %3

289	
290	
291	    !Block(E!,Action)			! Action information [bit fields] ;
292	
293		!!Ent(Log,  2, 1, E!Action)	! [2] Logging action ;
294		    ForDef(JL$,[None,Append,Supersede,Spool])
295		!!Ent(Disp, 3, 4, E!Action)	! [3] Log file dispition ;
296		    ForDef(JD$,[None,Delete,Error])
297		!!Ent(Spl,  2, 6, E!Action)	! [2] Spool action  **Future** ;
298		    ForDef(JS$,[None,LogFile,ErrorFile,All])
299		!!Ent(Mail, 2, 8, E!Action)	! [2] Mailer action ;
300		    ForDef(JM$,[None,Success,Error,Always])
301		!!Ent(MPrg, 2,10, E!Action)	! [2] Mailer ;
302		    ForDef(JP$,[RPG,TUMS,ONTYME,SPECIAL])
303		!!Ent(Restart,3,13,E!Action)	! [3] Restart action ;
304		    ForDef(JR$,[None,Start,CHKPNT,Label,Continue,Repeat])
305		!!Ent(Uniq, 2,15, E!Action)	! [2] Unique login ;
306		    ForDef(JU$,[None,User,Path,Job])
307	! ** Gap 16-17 ;
308		!!Ent(JPri, 4,21, E!Action)	! [4] Job request priority ;
309		Define JP$Min = 0, JP$Max = (2^4)-1, JP$Def = 5, JP$Sys = 10;
310		!	Minimum     Maximum           Default     System    ;
311		Define JP$Run = JP$Min-1;	! Pointer to active running jobs ;
312	! ** Gap 22-30 ;
313		!!Ent(CCLF, 1,31, E!Action)	! [1] CCL: use start adr + 1 ;
314		!!Ent(HaltF,1,32, E!Action)	! [1] Halt: not allowed to halt ;
315		!!Ent(CtyF, 1,33, E!Action)	! [1] Cty: log events to cty/opr ;
316		!!Ent(RunF, 1,34, E!Action)	! [1] Run: not a command file ;
317		!!Ent(DetF, 1,35, E!Action)	! [1] Det: no PTY-pair requested ;
318	
319	Define E!DefAction = !Byt(JL$None,1)  lor !Byt(JD$None,4) lor
320			     !Byt(JS$None,6)  lor !Byt(JM$Always,8) lor
321			     !Byt(JP$RPG,10)  lor !Byt(JR$None,13) lor
322			     !Byt(JU$None,15) lor !Byt(JP$Min,21) lor
323			     !Byt(0,32)       lor !Byt(0,33) lor
324			     !Byt(0,34)       lor !Byt(0,35);
325	
326	    !Block(E!,Parameters,(E!ParLength div 5))	! Pars {0-80 chars} ;
327	    !Block(E!,Descriptor)		! First Descriptior item pair ;
328	
329	Define E!MaxItem = ( E!Length - E!Descriptor ) div D!Length ;
330	
(CARL)JQUEUE.DEF          User defined Symbol Table           Page 8
Cross Reference                 Generated by CRFSYM %3

!!ENT                      256   259   268   269   273   274   277   286   287
                           293   295   297   299   301   303   305   308   313
                           314   315   316   317
!!ENTO                     207   208   209   210   211   223   224   225
!BIT                       115   116   117   118   120   121   122   124   125
                           128   129   130   131   132   133   134   135   136
!BLOCK                      78   145   146   147   148   149   150   151   152
                           153   154   155   156   157   158   159   161   162
                           163   164   165   167   168   169   170   171   172
                           173   174   175   176   177   178   180   181   182
                           183   184   185   186   187   188   189   200   220
                           227   241   242   243   244   245   246   247   248
                           250   252   253   254   255   258   260   261   262
                           263   266   272   291   326   327
$                           76    78
$NAME$                      66    77    78
ABORT                      275   278   283
ACTION                     163   291
ACTIVE                     178
ALWAYS                     300
APPEND                     283   294
ARR                         90
AUN                        244
BODY                       210
CANCEL                     275   281
CCLF                       313
CHKPNT                     304
CMDFILE                    250
COMMAND                    284
CONN                       211
COUNT                      155
CRASH                      278
CTYF                       315
D!                         200   220   227
D!DAYTIME                  223   224   225
D!LENGTH                   329
D!TYPE                     207   208   209   210   211
DATE                       223
DAY                        225
DAYTIME                    175   220
DEPL                       286
DESCRIPTOR                 327
DETF                       317
DEVICE                     252
DISP                       295
E!                         241   242   243   244   245   246   247   248   250
                           258   260   261   262   263   266   272   291   326
                           327
E!ACTION                   293   295   297   299   301   303   305   308   313
                           314   315   316   317
E!CMDFILE                  256
E!DESCRIPTOR               329
E!JOBMAX                   181   183   185   187   189
E!LOGFILE                  259
E!LOGLIM                   268   269
E!PARLENGTH                326
E!RUNMAX                   180   182   184   186   188
(CARL)JQUEUE.DEF          User defined Symbol Table           Page 9
Cross Reference                 Generated by CRFSYM %3

E!STATUS                   273   274   277   286   287
ENTER                      283
ERROR                      282   283   296   300
ERRORFILE                  298
EXT                        255
EXTRA                      159
F!                         252   253   254   255
F!EXT                      256   259
FEATURE                    146
FERR                       256
FORDEF                     275   294   296   298   300   302   304   306
FORDEFS                    278   279   280   281   282   283
FORDEFX                     70    85
FORMAT                     284
FRAME                      280   283
HALTF                      314
HAVEP                      174
HAVES                 171
HIGH                       153
HOLD                       275   279
HOLE                       154
IFRAME                     181
IJOBS                      165
INPUT                      283
ISLOT                      157
JD$                        296
JL$                        294
JL$NONE                    319
JM$                        300
JOB                        306
JOBACT                     185
JOBID                      189
JOBREC                     187
JP$                        302
JPRI                       308
JR$                        304
JS$                         80   275   298
JU$                        306
LICENSE                    248
LOCK                       149
LOG                        293
LOGFILE                    258   298
LOGL                       268
LOGLIM                     162   266
LOST                       282
MAIL                       299
MOMULT                     209
MPRG                       301
MULT                       207
NAME                       148   254
NAMELIST                    77
NETWORK                    246
NONE                       279   294   296   298   300   304   306
NOTICE                     284
ONTYME                     302
OPEN                       151
P                           90    98
(CARL)JQUEUE.DEF          User defined Symbol Table           Page 10
Cross Reference                 Generated by CRFSYM %3

PARAMETERS                 326
PATH                       306
PAUSE                      281
POINT                       90    91    92    93    94    95    98    99
PPN                        242
PRIVS                      243
PROC                       275   277   281
PROCESS                    173
PROCESSUDT                 172
PROJECT                    247
PS                          76    78    81
Q!                         145   146   147   148   149   150   151   152   153
                           154   155   156   157   158   159   161   162   163
                           164   165   167   168   169   170   171   172   173
                           174   175   176   177   178   180   181   182   183
                           184   185   186   187   188   189
QUEUED                     275   278
RANTIME                    260
RECNUM                     261
REPEAT                     304
REQUEST                    158
RESTART                    279   281   282   303
RFRAME                     180
RJOBS                      164
RPG                        302
RSLOT                      156
RUN                        281   283
RUNACT                     184
RUNF                       316
RUNID                      188
RUNNER                     182
RUNNING                    177
RUNREC                     186
RUNTIME                    241
SCHED                      275   280
SCHEDULE                   170
SCHEDULEUDT                169
SEQ                        287
SPECIAL                    278   302
SPL                        297
SPOOL                      294
STAP                       273
START                      304
STAT                       274
STATUS                     183   272
STOP                       281   282
SUCCESS                    300
SUPERSEDE                  294
SYSTEM                     168   279
TIME                       224   284
TIML                       269
TMPF                       259
TRU                        284
TRULIM                     161   263
TUMS                       302
TYPE                       147   200   208
UNIQ                       305
(CARL)JQUEUE.DEF          User defined Symbol Table           Page 11
Cross Reference                 Generated by CRFSYM %3

UPDATE                     283
UPTIME                     167
USER                       253   279   306
USERNAME                   245
WAIT                       278   280
WLOCK                      150
ZAP                        284
(CARL)JQUEUE.DEF          MACRO Symbol Table                  Page 12
Cross Reference                 Generated by CRFSYM %3

!!ENT                       89
!!ENTO                      97
!BLOCK                      57    67
!BYT                       107   319   319   320   320   321   321   322   322
                           323   323   324   324
$                           79    81
$NAME$                      67    79    81
AP                          94
ARR                         90    91    91    92    92    93    93    94    94
                            95    95    98    98    99    99
D!                         199
E!                         240
E!ACTMAX                    18
E!DEFACTION                319
E!DEFLOGLIM                267
E!DEFTRULIM                264
E!JOBMAX                    17    18
E!LENGTH                    14    15   329
E!MAXITEM                  329
E!MAXSEQ                   111
E!MINSEQ                   110
E!PARLENGTH                112
E!RPPAGE                    15    16    17
E!RUNMAX                    16    18
F!                         251
FORDEF                      63
FORDEFS                     74
FORDEFX                     65    75
GROUP                       57    59    59    60    60    63    64    67    74
                            79    80
ITM                         89    92    93    94    95    97    99
JD$NONE                    319
JM$ALWAYS                  320
JP$DEF                     309
JP$MAX                     309
JP$MIN                     309   311   322
JP$RPG                     321
JP$RUN                     311
JP$SYS                     309
JR$NONE                    321
JS$NONE                    320
JU$NONE                    322
LAP                         95
LP                          91
LPP                         93
NAM                         89    90    91    92    93    94    95    97    98
                            99
NAME                        57    59
NAMELIST                    63    66    74
OFF                         99    99
PNT                         89    90    91    92    93    94    95    97    98
                            99
PP                          92    99
Q!                         143
Q!!VERSION                 143
Q!LENGTH                   143
QFET$CMDS                  132
(CARL)JQUEUE.DEF          MACRO Symbol Table                  Page 13
Cross Reference                 Generated by CRFSYM %3

QFET$DEBUG                 115
QFET$FILES                 134
QFET$INTER                 120
QFET$ITEMS                 129
QFET$JOBS                  135
QFET$LOGALL                136
QFET$LOGOUT                125
QFET$PARS                  128
QFET$PORTS                 133
QFET$RDPY                  118
QFET$RPROC                 117
QFET$RSCHED                116
QFET$SHUT                  124
QFET$SIGNAL                121
QFET$STRS                  131
QFET$SUBS                  130
QFET$TELL                  122
QUEUEACT                    10    11    17
QUEUEDATA                   11    17
QUEUEFILE                   12
QUEUEMAP                     7     8
QUEUEMSG                     8     9
QUEUERUN                     9    10
SIZ                         89    90    91    92    93    94    95    97    98
                            99
SIZE                        57    58    58    60
X                          107   108   108
Y                          107   107   108
(CARL)JQUEUE.DEF          SAIL Reserved Words                 Page 14
Cross Reference                 Generated by CRFSYM %3

!                            5     7     8     9    10    11    12    14    15
                            16    17    18    20    54   104   110   111   112
                           115   116   117   118   120   121   122   124   125
                           127   128   129   130   131   132   133   134   135
                           136   140   144   145   146   147   148   149   150
                           151   152   153   154   155   156   157   158   159
                           160   161   162   163   164   165   166   167   168
                           169   170   171   172   173   174   175   176   177
                           178   179   180   181   182   183   184   185   186
                           187   188   189   190   200   201   202   203   204
                           205   207   208   209   210   211   220   221   223
                           224   225   227   241   242   243   244   245   246
                           247   248   250   251   252   253   254   255   256
                           258   259   260   261   262   263   264   266   268
                           269   270   272   273   274   277   286   287   291
                           293   295   297   299   301   303   305   307   308
                           310   311   312   313   314   315   316   317   326
                           327
ALL                        298
ASSIGNC                     58
COMMENT                    213   229
CONTINUE                   304
CVPS                        58   107
DEFINE                       7     8     9    10    11    12    14    15    16
                            17    18    59    63    74    79    89    90    91
                            92    93    94    95    97    98    99   107   110
                           111   112   115   116   117   118   120   121   122
                           124   125   128   129   130   131   132   133   134
                           135   136   143   199   240   251   264   267   309
                           311   319   329
DELETE                     296
DELIMITERS                   4
DIV                         15   326   329
DOC                         67    78
DONE                       275   282
ELSEC                      108
END                        282
ENDC                        58    68    83   108   196
FOR                         76    78    81
FORLC                       66    77
IFCR                        58   107
LABEL                      262   304
LDB                         91    93    95
LENGTH                      58   107   227
LOR                         81   267   319   319   320   320   321   321   322
                           322   323   323   324
LSH                         80   108   108   267   267
MEMORY                      94    95
MESSAGE                      2
NEW                        176
NEXT                       152
REDEFINE                     5    57    60    64    65    75    76
REQUIRE                      2     4
THENC                       58   107
VERSION                    145
s@$›