(SAILIB)SAIL.DEF                                              Page 1
Program Listing                 Generated by CRFSYM %3

1	require "{}[]" delimiters;
2	define	#ctrl(c) = {(((c) land '37)&null)}
3	,	#nul = {(0&null)} ,	#soh = {(1&null)}
4	,	#stx = {(2&null)} ,	#etx = {(3&null)}
5	,	#eot = {(4&null)} ,	#enq = {(5&null)}
6	,	#ack = {(6&null)} ,	#bel = {(7&null)}
7	,	#bs = {('10&null)} ,	#ht = {('11&null)}
8	,	#lf = {('12&null)} ,	#vt = {('13&null)}
9	,	#ff = {('14&null)} ,	#cr = {('15&null)}
10	,	#so = {('16&null)} ,	#si = {('17&null)}
11	,	#dle = {('20&null)} ,	#dc1 = {('21&null)}
12	,	#dc2 = {('22&null)} ,	#dc3 = {('23&null)}
13	,	#dc4 = {('24&null)} ,	#nak = {('25&null)}
14	,	#syn = {('26&null)} ,	#etb = {('27&null)}
15	,	#can = {('30&null)} ,	#em = {('31&null)}
16	,	#sub = {('32&null)} ,	#esc = {('33&null)}
17	,	#fs = {('34&null)} ,	#gs = {('35&null)}
18	,	#rs = {('36&null)} ,	#us = {('37&null)}
19	,	#sp = {('40&null)}
20	,	#del = {('177&null)}
21	,	crlf = {('15&'12)}
22	
23	,	! = {comment}
24	,	upto = {step 1 until}
25	,	downto = {step -1 until}
26	
27	,	repeats(foo) = {(foo)-1 step -1 until 0}
28	,	auxcli(port,e,funct) = {auxclr(port,memory[e],funct)}
29	,	!lh(i) = {((I) lsh -18)}
30	,	!hl(i) = {((I) lsh 18)}
31	,	!rh(i) = {((I) land '777777)}
32	,	!hr(i) = {((I) land '777777)}
33	,	!xwd(l,r) = {(((L) lsh 18) lor ((R) land '777777))}
34	,	!Bit(BitNumber)={(1 lsh (35-(bitNumber)))}
35	,	begin!code={start!code define p='17,sp='16;}
36	;
37	
(SAILIB)SAIL.DEF                                              Page 2
Program Listing                 Generated by CRFSYM %3

38	define	!name!Module(name)={
39		assignc name=scanc(cvps(name),null,null,"IK");
40		(IFCR equ("PROCES", cvps(name)) or equ("RECORD", cvps(name))
41		  THENC "(SYS)" & cvps(name)
42		  ELSEC IFCR equ("GOGTAB", cvps(name))	THENC } &
43	IFCR COMPILER!VERSION LSH -18='102400 THENC {"(FTSYS)GOGTAB"} 
44					      ELSEC {"(SYS)GOGTAB"} ENDC & {
45		    ELSEC "(SAILIB)" &
46			ifcr equ("MATH",   cvps(name))	thenc "DMATH" endc
47			ifcr equ("MAPPING",cvps(name))	thenc "MPLIB" endc
48			ifcr equ("SEARCH", cvps(name))	thenc "SERCH" endc
49			ifcr equ("EXTEND", cvps(name))	thenc "XTEND" endc
50			ifcr equ("BRKFNS", cvps(name))	thenc "BKFNS" endc
51			ifcr equ("STRINGS",cvps(name))	thenc "STRNG" endc
52			ifcr equ("RANDIO", cvps(name))	thenc "RNDIO" endc
53			ifcr equ("SOUNDEX",cvps(name))	thenc "SOUDX" endc
54			ifcr equ("SAVELOW",cvps(name))	thenc "SVLOW" endc
55			ifcr equ("APPEND",cvps(name))	thenc "APEND" endc
56			ifcr equ("PORTPRINT",cvps(name))thenc "PORT"  endc
57			ifcr equ("ALL",cvps(name))	thenc "LBALL" endc
58	
59			ifcr equ("ASSERT", cvps(name))	thenc "ASSERT" endc
60			ifcr equ("TYMGET", cvps(name))	thenc "TYMGET" endc
61			ifcr equ("TYMCAL", cvps(name))	thenc "TYMCAL" endc
62			ifcr equ("TYMIO",  cvps(name))	thenc "TYMIO"  endc
63			ifcr equ("TYMINT", cvps(name))	thenc "TYMINT" endc
64		ENDC ENDC)}
65	
66	,	!get!Definitions(nam)={
67			assignc nam="!name!Module(" & cvps(nam) & ")";
68			require nam & ".DEF" source!file}
69	
70	,	!get!Declarations(nam)={
71			assignc nam="!name!Module(" & cvps(nam) & ")"
72			,	nam=nam & ".DCL";
73			require cvps(nam) source!file}
74	
75	,	!get!Module(nam)=
76		IFCR compiler!version lsh -18 = '102300
77			THENC { assignc nam="!name!Module(" & cvps(nam) & ")";
78				require nam & ".REL" library;
79				assignc nam=nam & ".DCL";
80				require cvps(nam) source!file}
81			ELSEC IFCR compiler!version lsh -18 = '102400
82			    THENC { IFCR declaration($$want$$sailib)=0
83				 THENC define $$want$$sailib=true;
84					IFCR compiler!switch("H")
85					 THENC	require "(SAILIB)HLIBA" library;
86					 ELSEC	require "(SAILIB)LLIBA" library;
87				ENDC	ENDC}
88			    ELSEC { IFCR declaration($$want$$sailib)=0
89				 THENC define $$want$$sailib=true;
90					IFCR compiler!switch("H")
91					 THENC	require "(SAILIB)HLIBA2" library;
92					 ELSEC	require "(SAILIB)LLIBA2" library;
93				ENDC	ENDC}
94			    ENDC & { assignc nam="!name!Module(" &cvps(nam)& ")"
95				,	nam=nam & ".DCL";
(SAILIB)SAIL.DEF                                              Page 2.1
Program Listing                 Generated by CRFSYM %3

96				require cvps(nam) source!file}
97			ENDC
98	;
99	
100	let	r!p = record!pointer
101	,	null!r = null!record
102	,	a!c = any!class
103	,	point = bbpp
104	;
105	
106	external integer !skip!
107	;
(SAILIB)SAIL.DEF          User defined Symbol Table           Page 3
Cross Reference                 Generated by CRFSYM %3

!GET!DECLARATIONS           70
!GET!DEFINITIONS            66
!GET!MODULE                 75
!SKIP!                     106
$$WANT$$SAILIB              82    88
A!C                        102
COMPILER!SWITCH             84    90
COMPILER!VERSION            43    76    81
EQU                         40    40    42    46    47    48    49    50    51
                            52    53    54    55    56    57    59    60    61
                            62    63
NAM                         66    67    67    68    70    71    71    72    72
                            73    75    77    77    78    79    79    80    94
                            94    95    95    96
NAME                        40    40    41    42    46    47    48    49    50
                            51    52    53    54    55    56    57    59    60
                            61    62    63
NULL!R                     101
POINT                      103
R!P                        100
SCANC                       39
(SAILIB)SAIL.DEF          MACRO Symbol Table                  Page 4
Cross Reference                 Generated by CRFSYM %3

!NAME!MODULE                38
#ACK                         6
#BEL                         6
#BS                          7
#CAN                        15
#CR                          9
#CTRL                        2
#DC1                        11
#DC2                        12
#DC3                        12
#DC4                        13
#DEL                        20
#DLE                        11
#EM                         15
#ENQ                         5
#EOT                         5
#ESC                        16
#ETB                        14
#ETX                         4
#FF                          9
#FS                         17
#GS                         17
#HT                          7
#LF                          8
#NAK                        13
#NUL                         3
#RS                         18
#SI                         10
#SO                         10
#SOH                         3
#SP                         19
#STX                         4
#SUB                        16
#SYN                        14
#US                         18
#VT                          8
$$WANT$$SAILIB              83    89
C                            2     2
CRLF                        21
NAME                        38    39    39
(SAILIB)SAIL.DEF          SAIL Reserved Words                 Page 5
Cross Reference                 Generated by CRFSYM %3

!                           23
ANY!CLASS                  102
ASSIGNC                     39    67    71    77    79    94
BBPP                       103
CVPS                        39    40    40    41    42    46    47    48    49
                            50    51    52    53    54    55    56    57    59
                            60    61    62    63    67    71    73    77    80
                            94    96
DECLARATION                 82    88
DEFINE                       2    38    83    89
DELIMITERS                   1
ELSEC                       42    44    45    81    86    88    92
ENDC                        44    46    47    48    49    50    51    52    53
                            54    55    56    57    59    60    61    62    63
                            64    64    87    87    93    93    94    97
EXTERNAL                   106
IFCR                        40    42    43    46    47    48    49    50    51
                            52    53    54    55    56    57    59    60    61
                            62    63    76    81    82    84    88    90
INTEGER                    106
LAND                         2
LET                        100
LIBRARY                     78    85    86    91    92
LSH                         43    76    81
NULL                         2     3     3     4     4     5     5     6     6
                             7     7     8     8     9     9    10    10    11
                            11    12    12    13    13    14    14    15    15
                            16    16    17    17    18    18    19    20    39
                            39
NULL!RECORD                101
OR                          40
RECORD!POINTER             100
REQUIRE                      1    68    73    78    80    85    86    91    92
                            96
SOURCE!FILE                 68    73    80    96
THENC                       41    42    43    46    47    48    49    50    51
                            52    53    54    55    56    57    59    60    61
                            62    63    77    82    83    85    89    91
TRUE                        83    89
