.copy (pasbld)INSTRS.MAC,INSTRS.MAC

.copy (pasbld)SFAKKI.MAC,SFAKKI.MAC

.copy (pasbld)RPARKI.MAC,RPARKI.MAC

.copy (pasbld)EXCTKI.MAC,EXCTKI.MAC

.copy (pasbld)RAMSKI.MAC,RAMSKI.MAC

.copy (pasbld)OSCAKI.MAC,OSCAKI.MAC

.copy (pasbld)RFIDKI.MAC,RFIDKI.MAC

.copy (pasbld)RERRKI.MAC,RERRKI.MAC

.copy (pasbld)RMATKI.MAC,RMATKI.MAC

.copy (pasbld)IOFKKI.MAC,IOFKKI.MAC

.copy (pasbld)PPPNKI.MAC,PPPNKI.MAC

.copy (pasbld)DCODKI.MAC,DCODKI.MAC

.copy (pasbld)BUF0KI.MAC,BUF0KI.MAC

.copy (pasbld)PDISKI.MAC,PDISKI.MAC

.copy (pasbld)TNIOKI.MAC,TNIOKI.MAC

.copy (pasbld)IOERKI.MAC,IOERKI.MAC

.copy (pasbld)IOCFKI.MAC,IOCFKI.MAC

.copy (pasbld)IOCRKI.MAC,IOCRKI.MAC

.copy (pasbld)IONTKI.MAC,IONTKI.MAC

.copy (pasbld)IOCNKI.MAC,IOCNKI.MAC

.copy (pasbld)IOFLKI.MAC,IOFLKI.MAC

.copy (pasbld)RSETKI.MAC,RSETKI.MAC

.copy (pasbld)RSTRKI.MAC,RSTRKI.MAC

.copy (pasbld)RCNVKI.MAC,RCNVKI.MAC

.copy (pasbld)MFITKI.MAC,MFITKI.MAC

.copy (pasbld)NFITKI.MAC,NFITKI.MAC

.copy (pasbld)MODFKI.MAC,MODFKI.MAC

.copy (pasbld)DSUPKI.MAC,DSUPKI.MAC

.copy (pasbld)RENVKI.MAC,RENVKI.MAC

.copy (pasbld)PASMON.MAC,PASMON.MAC

.copy (pasbld)DEBBOL.PAS,DEBBOL.PAS

.copy (pasbld)DEBPRT.PAS,DEBPRT.PAS

.copy (pasbld)DEBSYM.PAS,DEBSYM.PAS

.copy (pasbld)DEBSCP.PAS,DEBSCP.PAS

.copy (pasbld)DEBDMP.PAS,DEBDMP.PAS

.copy (pasbld)DASMKI.MAC,DASMKI.MAC

.copy (pasbld)DEBREF.PAS,DEBREF.PAS

.copy (pasbld)DEBBRK.PAS,DEBBRK.PAS

.copy (pasbld)DEBLEX.PAS,DEBLEX.PAS

.copy (pasbld)DEBIO.PAS,DEBIO.PAS

.copy (pasbld)DEBUG.PAS,DEBUG.PAS

.copy (pasbld)DEBMON.MAC,DEBMON.MAC

.copy (pasbld)RMONKI.MAC,RMONKI.MAC

.copy (pasbld)SOVFAK.MAC,SOVFAK.MAC

.copy (pasbld)RTPSAR.MAC,RTPSAR.MAC

.copy (pasbld)EXCEPT.MAC,EXCEPT.MAC

.copy (pasbld)RTAMSG.MAC,RTAMSG.MAC

.copy (pasbld)ONESCA.MAC,ONESCA.MAC

.copy (pasbld)RTPFID.MAC,RTPFID.MAC

.copy (pasbld)RTERRS.MAC,RTERRS.MAC

.copy (pasbld)RTMATH.MAC,RTMATH.MAC

.copy (pasbld)IOFAKE.MAC,IOFAKE.MAC

.copy (pasbld)PASPPN.MAC,PASPPN.MAC

.copy (pasbld)DECODE.MAC,DECODE.MAC

.copy (pasbld)BUF0.MAC,BUF0.MAC

.copy (pasbld)PASDIS.MAC,PASDIS.MAC

.copy (pasbld)TENIO.MAC,TENIO.MAC

.copy (pasbld)IOERRO.MAC,IOERRO.MAC

.copy (pasbld)IOCHFK.MAC,IOCHFK.MAC

.copy (pasbld)IOCHAR.MAC,IOCHAR.MAC

.copy (pasbld)IONTXT.MAC,IONTXT.MAC

.copy (pasbld)IOCNNL.MAC,IOCNNL.MAC

.copy (pasbld)IOFILE.MAC,IOFILE.MAC

.copy (pasbld)RTSETS.MAC,RTSETS.MAC

.copy (pasbld)RTSTRS.MAC,RTSTRS.MAC

.copy (pasbld)RTCNV.MAC,RTCNV.MAC

.copy (pasbld)MMQFIT.MAC,MMQFIT.MAC

.copy (pasbld)NCQFIT.MAC,NCQFIT.MAC

.copy (pasbld)MMMODF.MAC,MMMODF.MAC

.copy (pasbld)DBSUP.MAC,DBSUP.MAC

.copy (pasbld)RTENV.MAC,RTENV.MAC

.copy (pasbld)DEBASM.MAC,DEBASM.MAC

.copy (pasbld)RTMON.MAC,RTMON.MAC

.copy (pasbld)FOO.COM,FOO.COM

.copy (pasbld)PT001Z.COM,PT001Z.COM

.copy (pasbld)LT001Y.CMD,LT001Y.CMD

.copy (pasbld)PT001Y.COM,PT001Y.COM

.copy (pasbld)LT001X.CMD,LT001X.CMD

.copy (pasbld)PT003Z.COM,PT003Z.COM

.copy (pasbld)PT0030.COM,PT0030.COM

.copy (pasbld)PT006Z.COM,PT006Z.COM

.copy (pasbld)PT0060.COM,PT0060.COM

.copy (pasbld)CT0080.CMD,CT0080.CMD

.copy (pasbld)PT0080.COM,PT0080.COM

.copy (pasbld)LT0080.COM,LT0080.COM

.copy (pasbld)BT008O.COM,BT008O.COM

.copy (pasbld)DT0080.COM,DT0080.COM

.copy (pasbld)BT0080.COM,BT0080.COM

.copy (pasbld)DT008O.COM,DT008O.COM

.copy (pasbld)DT008W.COM,DT008W.COM

.copy (pasbld)DT008I.COM,DT008I.COM

.copy (pasbld)BT008W.COM,BT008W.COM

.copy (pasbld)BT008I.COM,BT008I.COM

.copy (pasbld)PT008Z.COM,PT008Z.COM

.copy (pasbld)PT0010.COM,PT0010.COM

.copy (pasbld)LT001Z.CMD,LT001Z.CMD

.copy (pasbld)CT0010.CMD,CT0010.CMD

.copy (pasbld)RDIPAS.CMD,RDIPAS.CMD

.copy (pasbld)OKIMAC.CMD,OKIMAC.CMD

.copy (pasbld)OKLMAC.CMD,OKLMAC.CMD

.copy (pasbld)RDNPAS.CMD,RDNPAS.CMD

.copy (pasbld)PASFDM.CMD,PASFDM.CMD

.copy (pasbld)NLBUNV.CMD,NLBUNV.CMD

.copy (pasbld)NLBMAC.CMD,NLBMAC.CMD

.copy (pasbld)NLBPAS.CMD,NLBPAS.CMD

.copy (pasbld)ILBUNV.CMD,ILBUNV.CMD

.copy (pasbld)ILBPAS.CMD,ILBPAS.CMD

.copy (pasbld)ILBMAC.CMD,ILBMAC.CMD

.copy (pasbld)ODMLNK.COM,ODMLNK.COM

.copy (pasbld)ODMPAS.COM,ODMPAS.COM

.copy (pasbld)OKLBLD.COM,OKLBLD.COM

.copy (pasbld)NKICRT.COM,NKICRT.COM

.copy (pasbld)OKIBLD.COM,OKIBLD.COM

.copy (pasbld)NKLCRT.COM,NKLCRT.COM

.copy (pasbld)IKICRT.COM,IKICRT.COM

.copy (pasbld)IKLCRT.COM,IKLCRT.COM

.copy (pasbld)RKICRT.COM,RKICRT.COM

.copy (pasbld)OKIMAC.COM,OKIMAC.COM

.copy (pasbld)OKLMAC.COM,OKLMAC.COM

.copy (pasbld)CMLADD.COM,CMLADD.COM

.copy (pasbld)ODMCRT.COM,ODMCRT.COM

.copy (pasbld)CMLCRT.COM,CMLCRT.COM

.copy (pasbld)ODMMMD.COM,ODMMMD.COM

.copy (pasbld)RDNLIB.COM,RDNLIB.COM

.copy (pasbld)RDILIB.COM,RDILIB.COM

.copy (pasbld)PAILIB.COM,PAILIB.COM

.copy (pasbld)PASLIB.COM,PASLIB.COM

.copy (pasbld)OKILSD.COM,OKILSD.COM

.copy (pasbld)OKLLSD.COM,OKLLSD.COM

.copy (pasbld)RKLCRT.COM,RKLCRT.COM

.copy (pasbld)PMFFDM.CMD,PMFFDM.CMD

.copy (pasbld)KLCRT.COM,KLCRT.COM

.copy (pasbld)PMFCRT.COM,PMFCRT.COM

.copy (pasbld)KICRT.COM,KICRT.COM

.copy (pasbld)PASCRT.COM,PASCRT.COM

.copy (pasbld)NLBCRT.COM,NLBCRT.COM

.copy (pasbld)ILBCRT.COM,ILBCRT.COM

.copy (pasbld)RDNCRT.COM,RDNCRT.COM

.copy (pasbld)ODMMAC.COM,ODMMAC.COM

.copy (pasbld)ODMMAC.CMD,ODMMAC.CMD

.copy (pasbld)ODMBLD.COM,ODMBLD.COM

.copy (pasbld)ODMLSD.COM,ODMLSD.COM

.copy (pasbld)ODMS.CMD,ODMS.CMD

.copy (pasbld)MDLPRO.CMD,MDLPRO.CMD

.copy (pasbld)GETPAS.COM,GETPAS.COM

.copy (pasbld)PASTST.COM,PASTST.COM

.copy (pasbld)BLDVAX.CMD,BLDVAX.CMD

.copy (pasbld)CMLREL.CMD,CMLREL.CMD

.copy (pasbld)PS1DOC.,PS1DOC.

.copy (pasbld)ODMSYS.,ODMSYS.

.copy (pasbld)RD2SYS.,RD2SYS.

.copy (pasbld)PASSYS.,PASSYS.

.copy (pasbld)KLRES.,KLRES.

.copy (pasbld)KIRES.,KIRES.

.copy (pasbld)PASBAS.,PASBAS.

.copy (pasbld)NLBSYS.,NLBSYS.

.copy (pasbld)CMLSYS.,CMLSYS.

.copy (pasbld)ILBSYS.,ILBSYS.

.copy (pasbld)PS2RES.,PS2RES.

.copy (pasbld)PASRES.,PASRES.

.copy (pasbld)PASCAL.BLD,PASCAL.BLD

.copy (pasbld)PASOPD.PAS,PASOPD.PAS

.copy (pasbld)PASCMD.PAS,PASCMD.PAS

.copy (pasbld)PASCAL.PAS,PASCAL.PAS

.copy (pasbld)M68GEN.PAS,M68GEN.PAS

.copy (pasbld)PASCAL.INC,PASCAL.INC

.copy (pasbld)PASOPD.TYP,PASOPD.TYP

.copy (pasbld)M68EMT.PAS,M68EMT.PAS

.copy (pasbld)RTSMKI.UNV,RTSMKI.UNV

.copy (pasbld)PASSYM.UNV,PASSYM.UNV

.copy (pasbld)RTSYM.UNV,RTSYM.UNV

.copy (pasbld)P10TAL.PAS,P10TAL.PAS

.copy (pasbld)PAS.CMD,PAS.CMD

.copy (pasbld)VAXIO.INC,VAXIO.INC

.copy (pasbld)VAXMAC.INC,VAXMAC.INC

.copy (pasbld)VAXCMP.INC,VAXCMP.INC

.copy (pasbld)VAXDEB.INC,VAXDEB.INC

.copy (pasbld)VAXCSP.INC,VAXCSP.INC

.copy (pasbld)P10PRM.PAS,P10PRM.PAS

.copy (pasbld)P10ALC.PAS,P10ALC.PAS

.copy (pasbld)Q10JMP.PAS,Q10JMP.PAS

.copy (pasbld)Q10DIE.MAC,Q10DIE.MAC

.copy (pasbld)PASCMD.INC,PASCMD.INC

.copy (pasbld)PASCMD.TYP,PASCMD.TYP

.copy (pasbld)FIOUTL.MAC,FIOUTL.MAC

.copy (pasbld)FILUTL.INC,FILUTL.INC

.copy (pasbld)DELREN.PAS,DELREN.PAS

.copy (pasbld)Q10CGU.INC,Q10CGU.INC

.copy (pasbld)PTMPRM.INC,PTMPRM.INC

.copy (pasbld)PTMTAL.INC,PTMTAL.INC

.copy (pasbld)PTMALC.INC,PTMALC.INC

.copy (pasbld)PA5DMP.INC,PA5DMP.INC

.copy (pasbld)DELREN.INC,DELREN.INC

.copy (pasbld)RTGOTO.MAC,RTGOTO.MAC

.copy (pasbld)MMFAKE.MAC,MMFAKE.MAC

.copy (pasbld)RUNBOO.INC,RUNBOO.INC

.copy (pasbld)Q10ERR.PAS,Q10ERR.PAS

.copy (pasbld)VAXUTL.INC,VAXUTL.INC

.copy (pasbld)VAXOPC.INC,VAXOPC.INC

.copy (pasbld)VAXCLL.INC,VAXCLL.INC

.copy (pasbld)VAXSET.INC,VAXSET.INC

.copy (pasbld)Q10CG.TYP,Q10CG.TYP

.copy (pasbld)Q10CGU.PAS,Q10CGU.PAS

.copy (pasbld)VAXREL.INC,VAXREL.INC

.copy (pasbld)VAXDEB.PAS,VAXDEB.PAS

.copy (pasbld)VAXUTL.PAS,VAXUTL.PAS

.copy (pasbld)VAXSTR.INC,VAXSTR.INC

.copy (pasbld)VAXCLL.PAS,VAXCLL.PAS

.copy (pasbld)VAXEXP.INC,VAXEXP.INC

.copy (pasbld)VAXCGU.INC,VAXCGU.INC

.copy (pasbld)VAXCGU.PAS,VAXCGU.PAS

.copy (pasbld)VAXCMP.PAS,VAXCMP.PAS

.copy (pasbld)VAXMAC.PAS,VAXMAC.PAS

.copy (pasbld)VAXSET.PAS,VAXSET.PAS

.copy (pasbld)VAXIO.PAS,VAXIO.PAS

.copy (pasbld)OVOPDF.MAC,OVOPDF.MAC

.copy (pasbld)PA5DMP.PAS,PA5DMP.PAS

.copy (pasbld)PASNEW.MAC,PASNEW.MAC

.copy (pasbld)DUMPIO.MAC,DUMPIO.MAC

.copy (pasbld)PTMTAL.HDR,PTMTAL.HDR

.copy (pasbld)PTMALC.HDR,PTMALC.HDR

.copy (pasbld)PTMPRM.HDR,PTMPRM.HDR

.copy (pasbld)VAXSTR.PAS,VAXSTR.PAS

.copy (pasbld)VAXIMD.PAS,VAXIMD.PAS

.copy (pasbld)KICDIF.INC,KICDIF.INC

.copy (pasbld)KIDEBG.TYP,KIDEBG.TYP

.copy (pasbld)DMON.MAC,DMON.MAC

.copy (pasbld)KIRTSM.MAC,KIRTSM.MAC

.copy (pasbld)KIOPDF.MAC,KIOPDF.MAC

.copy (pasbld)KIIOSM.MAC,KIIOSM.MAC

.copy (pasbld)KIDBSU.MAC,KIDBSU.MAC

.copy (pasbld)KISTSM.MAC,KISTSM.MAC

.copy (pasbld)KIPASD.MAC,KIPASD.MAC

.copy (pasbld)KIIOCH.MAC,KIIOCH.MAC

.copy (pasbld)KITENI.MAC,KITENI.MAC

.copy (pasbld)KIRTMO.MAC,KIRTMO.MAC

.copy (pasbld)KIIOFI.MAC,KIIOFI.MAC

.copy (pasbld)KISOVF.MAC,KISOVF.MAC

.copy (pasbld)KIONES.MAC,KIONES.MAC

.copy (pasbld)KIDMON.MAC,KIDMON.MAC

.copy (pasbld)KIIOER.MAC,KIIOER.MAC

.copy (pasbld)KIIOFK.MAC,KIIOFK.MAC

.copy (pasbld)KIDECO.MAC,KIDECO.MAC

.copy (pasbld)KIMMQF.MAC,KIMMQF.MAC

.copy (pasbld)KIIOCN.MAC,KIIOCN.MAC

.copy (pasbld)KIRTGO.MAC,KIRTGO.MAC

.copy (pasbld)KIRTMA.MAC,KIRTMA.MAC

.copy (pasbld)KIIONT.MAC,KIIONT.MAC

.copy (pasbld)KIRTPS.MAC,KIRTPS.MAC

.copy (pasbld)KIRTSE.MAC,KIRTSE.MAC

.copy (pasbld)KIRTST.MAC,KIRTST.MAC

.copy (pasbld)KIMMFA.MAC,KIMMFA.MAC

.copy (pasbld)KIMMMO.MAC,KIMMMO.MAC

.copy (pasbld)KIRTCN.MAC,KIRTCN.MAC

.copy (pasbld)KIPPPN.MAC,KIPPPN.MAC

.copy (pasbld)KIRTER.MAC,KIRTER.MAC

.copy (pasbld)KIDEBA.MAC,KIDEBA.MAC

.copy (pasbld)KIIOFA.MAC,KIIOFA.MAC

.copy (pasbld)OVIOPD.MAC,OVIOPD.MAC

.copy (pasbld)OVIRTS.MAC,OVIRTS.MAC

.copy (pasbld)MIDSEG.MAC,MIDSEG.MAC

.copy (pasbld)MIOVLM.MAC,MIOVLM.MAC

.copy (pasbld)KIINFP.MAC,KIINFP.MAC

.copy (pasbld)OVRTSM.MAC,OVRTSM.MAC

.copy (pasbld)VAXEXP.PAS,VAXEXP.PAS

.copy (pasbld)VAXGEN.INC,VAXGEN.INC

.copy (pasbld)VAXCG.TYP,VAXCG.TYP

.copy (pasbld)VAXGEN.PAS,VAXGEN.PAS

.copy (pasbld)VAXREL.PAS,VAXREL.PAS

.copy (pasbld)VAXCSP.PAS,VAXCSP.PAS

.copy (pasbld)M68OPT.INC,M68OPT.INC

.copy (pasbld)M68CLL.INC,M68CLL.INC

.copy (pasbld)M68IO.INC,M68IO.INC

.copy (pasbld)M68REL.INC,M68REL.INC

.copy (pasbld)M68EMU.INC,M68EMU.INC

.copy (pasbld)M68GEN.INC,M68GEN.INC

.copy (pasbld)M68EXP.INC,M68EXP.INC

.copy (pasbld)M68CMP.INC,M68CMP.INC

.copy (pasbld)M68STR.INC,M68STR.INC

.copy (pasbld)M68SET.INC,M68SET.INC

.copy (pasbld)M68DMP.PAS,M68DMP.PAS

.copy (pasbld)M68CGU.INC,M68CGU.INC

.copy (pasbld)M68UTL.INC,M68UTL.INC

.copy (pasbld)M68PHO.INC,M68PHO.INC

.copy (pasbld)M68EMT.INC,M68EMT.INC

.copy (pasbld)M68MAC.INC,M68MAC.INC

.copy (pasbld)M68UTL.PAS,M68UTL.PAS

.copy (pasbld)M68PHO.PAS,M68PHO.PAS

.copy (pasbld)M68EXP.PAS,M68EXP.PAS

.copy (pasbld)M68MAC.PAS,M68MAC.PAS

.copy (pasbld)M68CGU.PAS,M68CGU.PAS

.copy (pasbld)M68STR.PAS,M68STR.PAS

.copy (pasbld)M68IO.PAS,M68IO.PAS

.copy (pasbld)M68CLL.PAS,M68CLL.PAS

.copy (pasbld)M68OPT.PAS,M68OPT.PAS

.copy (pasbld)M68SET.PAS,M68SET.PAS

.copy (pasbld)M68REL.PAS,M68REL.PAS

.copy (pasbld)M68CMP.PAS,M68CMP.PAS

.copy (pasbld)M68EMU.PAS,M68EMU.PAS

.copy (pasbld)M68IMD.PAS,M68IMD.PAS

.copy (pasbld)M68CG.TYP,M68CG.TYP

.copy (pasbld)NLBFDM.CMD,NLBFDM.CMD

.copy (pasbld)ODMFDM.CMD,ODMFDM.CMD

.copy (pasbld)ILBFDM.CMD,ILBFDM.CMD

.copy (pasbld)CMLFDM.CMD,CMLFDM.CMD

.copy (pasbld)HIHEAP.MAC,HIHEAP.MAC

.copy (pasbld)Q10GEN.PAS,Q10GEN.PAS

.copy (pasbld)PASANL.PAS,PASANL.PAS

.copy (pasbld)PS2NEG.,PS2NEG.

.copy (pasbld)QUERY.INC,QUERY.INC

.copy (pasbld)DTIMEI.INC,DTIMEI.INC

.copy (pasbld)AUTORU.MAC,AUTORU.MAC

? AUTORU.MAC (0) file was not found
.copy (pasbld)PASDIR.TYP,PASDIR.TYP

.copy (pasbld)LOOKUP.DOC,LOOKUP.DOC

.copy (pasbld)QUERY.DOC,QUERY.DOC

.copy (pasbld)FILUTL.BNF,FILUTL.BNF

.copy (pasbld)IDTIME.TYP,IDTIME.TYP

.copy (pasbld)DTIME.TXT,DTIME.TXT

.copy (pasbld)JOBNUM.MAC,JOBNUM.MAC

.copy (pasbld)DIRLOK.MAC,DIRLOK.MAC

.copy (pasbld)RUN.MAC,RUN.MAC

? RUN.MAC (0) file was not found
.copy (pasbld)DTIME.MAC,DTIME.MAC

.copy (pasbld)PRGDIR.MAC,PRGDIR.MAC

.copy (pasbld)MMMFLS.MAC,MMMFLS.MAC

.copy (pasbld)BLOKIO.MAC,BLOKIO.MAC

.copy (pasbld)DIRATR.HDR,DIRATR.HDR

.copy (pasbld)DCEXT.HDR,DCEXT.HDR

.copy (pasbld)NST1.HDR,NST1.HDR

.copy (pasbld)ECEXT.HDR,ECEXT.HDR

.copy (pasbld)DCDTIM.HDR,DCDTIM.HDR

.copy (pasbld)ECDTIM.HDR,ECDTIM.HDR

.copy (pasbld)ECDCTI.HDR,ECDCTI.HDR

.copy (pasbld)ECDCDA.HDR,ECDCDA.HDR

.copy (pasbld)ECTIME.HDR,ECTIME.HDR

.copy (pasbld)DCTIME.HDR,DCTIME.HDR

.copy (pasbld)NSD1.HDR,NSD1.HDR

.copy (pasbld)NSD2.HDR,NSD2.HDR

.copy (pasbld)ECDATE.HDR,ECDATE.HDR

.copy (pasbld)DCDATE.HDR,DCDATE.HDR

.copy (pasbld)DAYOFW.HDR,DAYOFW.HDR

.copy (pasbld)DCMONT.HDR,DCMONT.HDR

.copy (pasbld)CHARS2.HDR,CHARS2.HDR

.copy (pasbld)CVBINS.HDR,CVBINS.HDR

.copy (pasbld)ECDAYS.HDR,ECDAYS.HDR

.copy (pasbld)DCDAYS.HDR,DCDAYS.HDR

.copy (pasbld)DCSECS.HDR,DCSECS.HDR

.copy (pasbld)ECSECS.HDR,ECSECS.HDR

.copy (pasbld)CMDSKI.HDR,CMDSKI.HDR

.copy (pasbld)CMDEOL.HDR,CMDEOL.HDR

.copy (pasbld)CMDTOK.HDR,CMDTOK.HDR

.copy (pasbld)CMDCHE.HDR,CMDCHE.HDR

.copy (pasbld)CMDNUM.HDR,CMDNUM.HDR

.copy (pasbld)CMDLOO.HDR,CMDLOO.HDR

.copy (pasbld)CMDSTR.HDR,CMDSTR.HDR

.copy (pasbld)CMDFIL.HDR,CMDFIL.HDR

.copy (pasbld)CMDDQS.HDR,CMDDQS.HDR

.copy (pasbld)CMDQUE.HDR,CMDQUE.HDR

.copy (pasbld)CMDGET.HDR,CMDGET.HDR

.copy (pasbld)CMDDIS.HDR,CMDDIS.HDR

.copy (pasbld)RUN.DOC,RUN.DOC

? RUN.DOC (0) file was not found
.copy (pasbld)PASDIR.TXT,PASDIR.TXT

.copy (pasbld)INFPAC.TXT,INFPAC.TXT

.copy (pasbld)DIRATR.DOC,DIRATR.DOC

.copy (pasbld)ECEXT.DOC,ECEXT.DOC

.copy (pasbld)DCEXT.DOC,DCEXT.DOC

.copy (pasbld)NST1.DOC,NST1.DOC

.copy (pasbld)ECDTIM.DOC,ECDTIM.DOC

.copy (pasbld)DCDTIM.DOC,DCDTIM.DOC

.copy (pasbld)ECDCTI.DOC,ECDCTI.DOC

.copy (pasbld)ECDCDA.DOC,ECDCDA.DOC

.copy (pasbld)NSD1.DOC,NSD1.DOC

.copy (pasbld)ECTIME.DOC,ECTIME.DOC

.copy (pasbld)DCTIME.DOC,DCTIME.DOC

.copy (pasbld)NSD2.DOC,NSD2.DOC

.copy (pasbld)ECDATE.DOC,ECDATE.DOC

.copy (pasbld)DCDATE.DOC,DCDATE.DOC

.copy (pasbld)DCMONT.DOC,DCMONT.DOC

.copy (pasbld)DAYOFW.DOC,DAYOFW.DOC

.copy (pasbld)CHARS2.DOC,CHARS2.DOC

.copy (pasbld)DCDAYS.DOC,DCDAYS.DOC

.copy (pasbld)CVBINS.DOC,CVBINS.DOC

.copy (pasbld)ECDAYS.DOC,ECDAYS.DOC

.copy (pasbld)ECSECS.DOC,ECSECS.DOC

.copy (pasbld)DCSECS.DOC,DCSECS.DOC

.copy (pasbld)DAYTIM.MAC,DAYTIM.MAC

.copy (pasbld)DOUUO.MAC,DOUUO.MAC

.copy (pasbld)DIRLKI.MAC,DIRLKI.MAC

.copy (pasbld)MFLSKI.MAC,MFLSKI.MAC

.copy (pasbld)BLIOKI.MAC,BLIOKI.MAC

.copy (pasbld)LOOKUP.PAS,LOOKUP.PAS

.copy (pasbld)QUERY.PAS,QUERY.PAS

.copy (pasbld)FILUTL.PAS,FILUTL.PAS

.copy (pasbld)PASDIR.PAS,PASDIR.PAS

.copy (pasbld)DIRATR.PAS,DIRATR.PAS

.copy (pasbld)ECEXT.PAS,ECEXT.PAS

.copy (pasbld)DCEXT.PAS,DCEXT.PAS

.copy (pasbld)NST1.PAS,NST1.PAS

.copy (pasbld)DCDTIM.PAS,DCDTIM.PAS

.copy (pasbld)ECDTIM.PAS,ECDTIM.PAS

.copy (pasbld)ECDCTI.PAS,ECDCTI.PAS

.copy (pasbld)ECTSDA.PAS,ECTSDA.PAS

.copy (pasbld)ECDCDA.PAS,ECDCDA.PAS

.copy (pasbld)ECTIME.PAS,ECTIME.PAS

.copy (pasbld)DCTIME.PAS,DCTIME.PAS

.copy (pasbld)NSD1.PAS,NSD1.PAS

.copy (pasbld)NSD2.PAS,NSD2.PAS

.copy (pasbld)DCDATE.PAS,DCDATE.PAS

.copy (pasbld)ECDATE.PAS,ECDATE.PAS

.copy (pasbld)DAYOFW.PAS,DAYOFW.PAS

.copy (pasbld)DCMONT.PAS,DCMONT.PAS

.copy (pasbld)CHARS2.PAS,CHARS2.PAS

.copy (pasbld)DCDAYS.PAS,DCDAYS.PAS

.copy (pasbld)CVBINS.PAS,CVBINS.PAS

.copy (pasbld)ECDAYS.PAS,ECDAYS.PAS

.copy (pasbld)DCSECS.PAS,DCSECS.PAS

.copy (pasbld)ECSECS.PAS,ECSECS.PAS

.copy (pasbld)CMDUTL.PAS,CMDUTL.PAS

.copy (pasbld)TEMPFI.PAS,TEMPFI.PAS

.copy (pasbld)TMP.,TMP.

.copy (pasbld)TMPSYS.,TMPSYS.

.copy (pasbld)RUN.INC,RUN.INC

? RUN.INC (0) file was not found
.copy (pasbld)PRGDIR.INC,PRGDIR.INC

.copy (pasbld)FIO.PAS,FIO.PAS

.copy (pasbld)P10DEB.INC,P10DEB.INC

.copy (pasbld)PASVAL.INC,PASVAL.INC

.copy (pasbld)PASREF.INC,PASREF.INC

.copy (pasbld)PASCMP.INC,PASCMP.INC

.copy (pasbld)PASSFC.INC,PASSFC.INC

.copy (pasbld)PASTSM.INC,PASTSM.INC

.copy (pasbld)PASLEX.INC,PASLEX.INC

.copy (pasbld)PASSET.INC,PASSET.INC

.copy (pasbld)PASCGR.INC,PASCGR.INC

.copy (pasbld)VERSIO.INC,VERSIO.INC

.copy (pasbld)MMMSYM.PAS,MMMSYM.PAS

.copy (pasbld)P10CLL.INC,P10CLL.INC

.copy (pasbld)PASGLB.INC,PASGLB.INC

.copy (pasbld)PASERR.INC,PASERR.INC

.copy (pasbld)PASXRF.TYP,PASXRF.TYP

.copy (pasbld)PASSMO.INC,PASSMO.INC

.copy (pasbld)Q10CLL.INC,Q10CLL.INC

.copy (pasbld)P10CSP.INC,P10CSP.INC

.copy (pasbld)PASBLK.INC,PASBLK.INC

.copy (pasbld)Q10CMP.INC,Q10CMP.INC

.copy (pasbld)PASJMP.INC,PASJMP.INC

.copy (pasbld)PTMSEL.INC,PTMSEL.INC

.copy (pasbld)PA2XRF.INC,PA2XRF.INC

.copy (pasbld)PA1XRF.INC,PA1XRF.INC

.copy (pasbld)PASMAP.INC,PASMAP.INC

.copy (pasbld)P10CMP.INC,P10CMP.INC

.copy (pasbld)P10REL.INC,P10REL.INC

.copy (pasbld)PA1FLD.INC,PA1FLD.INC

.copy (pasbld)PA2FLD.INC,PA2FLD.INC

.copy (pasbld)PASOPT.INC,PASOPT.INC

.copy (pasbld)PASBOD.INC,PASBOD.INC

.copy (pasbld)PASANL.INC,PASANL.INC

.copy (pasbld)TMPCOR.INC,TMPCOR.INC

.copy (pasbld)MMTCOR.INC,MMTCOR.INC

.copy (pasbld)PASS3.INC,PASS3.INC

.copy (pasbld)Q10DSC.INC,Q10DSC.INC

.copy (pasbld)PASPT.TYP,PASPT.TYP

.copy (pasbld)PASSYM.MAC,PASSYM.MAC

.copy (pasbld)PTMGEN.INC,PTMGEN.INC

.copy (pasbld)PASGLB.PAS,PASGLB.PAS

.copy (pasbld)DTIME.TYP,DTIME.TYP

.copy (pasbld)DTIME.INC,DTIME.INC

.copy (pasbld)RTMTH.MAC,RTMTH.MAC

.copy (pasbld)OVLDEF.TYP,OVLDEF.TYP

.copy (pasbld)OVLDEF.INC,OVLDEF.INC

.copy (pasbld)MMDEBM.PAS,MMDEBM.PAS

.copy (pasbld)DEBASM.INC,DEBASM.INC

.copy (pasbld)DEBUG.INC,DEBUG.INC

.copy (pasbld)DEBSYM.INC,DEBSYM.INC

.copy (pasbld)DEBSCP.INC,DEBSCP.INC

.copy (pasbld)DEBDMP.INC,DEBDMP.INC
y (pasbld)OPDEFS.MAC,OPDEFS.MAC

.copy (pasbld)DEBREL.TYP,DEBREL.TYP

.copy (pasbld)DEBBRK.INC,DEBBRK.INC

.copy (pasbld)DEBLIB.INC,DEBLIB.INC

.copy (pasbld)PASTAL.NOT,PASTAL.NOT

.copy (pasbld)CMDUTL.INC,CMDUTL.INC

.copy (pasbld)MMSRL.TYP,MMSRL.TYP

.copy (pasbld)Q10EXP.INC,Q10EXP.INC

.copy (pasbld)PASBNF.BNF,PASBNF.BNF

.copy (pasbld)PASRW.INC,PASRW.INC

.copy (pasbld)PTMIMD.TYP,PTMIMD.TYP

.copy (pasbld)PASINI.INC,PASINI.INC

.copy (pasbld)PASSPF.TYP,PASSPF.TYP

.copy (pasbld)PASSPF.NAM,PASSPF.NAM

.copy (pasbld)COROUT.INC,COROUT.INC

.copy (pasbld)Q10SET.INC,Q10SET.INC

.copy (pasbld)PASOPN.INC,PASOPN.INC

.copy (pasbld)PASRDR.INC,PASRDR.INC

.copy (pasbld)PASOPN.PAS,PASOPN.PAS

.copy (pasbld)PASEMU.TYP,PASEMU.TYP

.copy (pasbld)PASSET.TYP,PASSET.TYP

.copy (pasbld)PASBNF.NAM,PASBNF.NAM

.copy (pasbld)PASOPT.TYP,PASOPT.TYP

.copy (pasbld)PASTAL.PRM,PASTAL.PRM

.copy (pasbld)PASTAL.INI,PASTAL.INI

.copy (pasbld)PASTAL.INC,PASTAL.INC

.copy (pasbld)LOOKUP.TYP,LOOKUP.TYP

.copy (pasbld)CMDUTL.TYP,CMDUTL.TYP

.copy (pasbld)INFPAC.INC,INFPAC.INC

.copy (pasbld)PASUTL.INC,PASUTL.INC

.copy (pasbld)PASALC.INI,PASALC.INI

.copy (pasbld)PASALC.INC,PASALC.INC

.copy (pasbld)PASALC.PRM,PASALC.PRM

.copy (pasbld)PASMTH.PAS,PASMTH.PAS

.copy (pasbld)PASMTH.INC,PASMTH.INC

.copy (pasbld)TMPNAM.INC,TMPNAM.INC

.copy (pasbld)PASIFU.TYP,PASIFU.TYP

.copy (pasbld)FIO.TYP,FIO.TYP

.copy (pasbld)PASIFU.INC,PASIFU.INC

.copy (pasbld)PASESU.INC,PASESU.INC

.copy (pasbld)PASEMU.INC,PASEMU.INC

.copy (pasbld)PASDAT.INC,PASDAT.INC

.copy (pasbld)PASASM.INC,PASASM.INC

.copy (pasbld)PTMIMD.INC,PTMIMD.INC

.copy (pasbld)P10IMD.PAS,P10IMD.PAS

.copy (pasbld)P10DEB.TYP,P10DEB.TYP

.copy (pasbld)PASIFU.PAS,PASIFU.PAS

.copy (pasbld)PASESU.PAS,PASESU.PAS

.copy (pasbld)Q10DSC.TYP,Q10DSC.TYP

.copy (pasbld)PA2FLD.PAS,PA2FLD.PAS

.copy (pasbld)PA1FLD.PAS,PA1FLD.PAS

.copy (pasbld)PASCFM.TYP,PASCFM.TYP

.copy (pasbld)PASTSM.PAS,PASTSM.PAS

.copy (pasbld)PASMAP.PAS,PASMAP.PAS

.copy (pasbld)PA2DMP.INC,PA2DMP.INC

.copy (pasbld)PA1DMP.INC,PA1DMP.INC

.copy (pasbld)MMMPUB.PAS,MMMPUB.PAS

.copy (pasbld)ODMS.MDL,ODMS.MDL

.copy (pasbld)MMDBPR.TYP,MMDBPR.TYP

.copy (pasbld)PASADR.TYP,PASADR.TYP

.copy (pasbld)PASIST.TYP,PASIST.TYP

.copy (pasbld)PASJMP.PAS,PASJMP.PAS

.copy (pasbld)PASSW.INC,PASSW.INC

.copy (pasbld)PASCFM.INC,PASCFM.INC

.copy (pasbld)PASSW.PAS,PASSW.PAS

.copy (pasbld)Q10CMP.PAS,Q10CMP.PAS

.copy (pasbld)P10CGU.INC,P10CGU.INC

.copy (pasbld)P10MAC.INC,P10MAC.INC

.copy (pasbld)P10DSC.INC,P10DSC.INC

.copy (pasbld)P10CMP.PAS,P10CMP.PAS

.copy (pasbld)Q10CLL.PAS,Q10CLL.PAS

.copy (pasbld)COROUT.MAC,COROUT.MAC

.copy (pasbld)JOBNUM.INC,JOBNUM.INC

.copy (pasbld)PASCV.PAS,PASCV.PAS

.copy (pasbld)PASCV.INC,PASCV.INC

.copy (pasbld)PASDMP.PAS,PASDMP.PAS

.copy (pasbld)PASDMP.INC,PASDMP.INC

.copy (pasbld)P10CLL.PAS,P10CLL.PAS

.copy (pasbld)PASALC.PAS,PASALC.PAS

.copy (pasbld)PASAST.PAS,PASAST.PAS

.copy (pasbld)PASESM.INC,PASESM.INC

.copy (pasbld)PASESM.PAS,PASESM.PAS

.copy (pasbld)IOSYM.MAC,IOSYM.MAC

.copy (pasbld)P10EXP.INC,P10EXP.INC

.copy (pasbld)DEBST.TYP,DEBST.TYP

.copy (pasbld)DEBIO.INC,DEBIO.INC

.copy (pasbld)DEBBOL.INC,DEBBOL.INC

.copy (pasbld)PASTAL.PAS,PASTAL.PAS

.copy (pasbld)STSYM.MAC,STSYM.MAC

.copy (pasbld)PASASM.MAC,PASASM.MAC

.copy (pasbld)DEBPRT.INC,DEBPRT.INC

.copy (pasbld)DEBREF.INC,DEBREF.INC

.copy (pasbld)PASEMU.PAS,PASEMU.PAS

.copy (pasbld)PASBOD.PAS,PASBOD.PAS

.copy (pasbld)DEBLEX.INC,DEBLEX.INC

.copy (pasbld)PASIF.TYP,PASIF.TYP

.copy (pasbld)DEBUG.TYP,DEBUG.TYP

.copy (pasbld)MMSSYM.TYP,MMSSYM.TYP

.copy (pasbld)MMSMDL.TYP,MMSMDL.TYP

.copy (pasbld)ODMSRT.SEX,ODMSRT.SEX

.copy (pasbld)P10GEN.INC,P10GEN.INC

.copy (pasbld)Q10GEN.INC,Q10GEN.INC

.copy (pasbld)PASSMO.PAS,PASSMO.PAS

.copy (pasbld)PTMCON.INC,PTMCON.INC

.copy (pasbld)PASLOG.INC,PASLOG.INC

.copy (pasbld)PASERR.TYP,PASERR.TYP

.copy (pasbld)PASERR.TXT,PASERR.TXT

.copy (pasbld)PASERR.TAB,PASERR.TAB

.copy (pasbld)PASBNF.TAB,PASBNF.TAB

.copy (pasbld)PASBNF.SYM,PASBNF.SYM

.copy (pasbld)PASBNF.SEM,PASBNF.SEM

.copy (pasbld)PASBNF.LST,PASBNF.LST

.copy (pasbld)CMLIIN.,CMLIIN.

.copy (pasbld)PASSYM.LIS,PASSYM.LIS

.copy (pasbld)TMPCOR.MAC,TMPCOR.MAC

.copy (pasbld)SETVER.PAS,SETVER.PAS

.copy (pasbld)PASUTL.PAS,PASUTL.PAS

.copy (pasbld)PASCMP.PAS,PASCMP.PAS

.copy (pasbld)PASREF.PAS,PASREF.PAS

.copy (pasbld)PASSFC.PAS,PASSFC.PAS

.copy (pasbld)PA1DMP.PAS,PA1DMP.PAS

.copy (pasbld)PA1XRF.PAS,PA1XRF.PAS

.copy (pasbld)PASCGR.PAS,PASCGR.PAS

.copy (pasbld)PA2XRF.PAS,PA2XRF.PAS

.copy (pasbld)P10SEL.PAS,P10SEL.PAS

.copy (pasbld)PA2DMP.PAS,PA2DMP.PAS

.copy (pasbld)P10DEB.PAS,P10DEB.PAS

.copy (pasbld)P10CSP.PAS,P10CSP.PAS

.copy (pasbld)PASVAL.PAS,PASVAL.PAS

.copy (pasbld)PASSET.PAS,PASSET.PAS

.copy (pasbld)VERSIO.PAS,VERSIO.PAS

.copy (pasbld)PASCFM.PAS,PASCFM.PAS

.copy (pasbld)PASCFM.HDR,PASCFM.HDR

.copy (pasbld)PASBOD.HDR,PASBOD.HDR

.copy (pasbld)PASESM.HDR,PASESM.HDR

.copy (pasbld)PASEMU.HDR,PASEMU.HDR

.copy (pasbld)PASALC.HDR,PASALC.HDR

.copy (pasbld)PASFLD.PAS,PASFLD.PAS

.copy (pasbld)PASESU.HDR,PASESU.HDR

.copy (pasbld)PASTAL.HDR,PASTAL.HDR

.copy (pasbld)PASIFU.HDR,PASIFU.HDR

.copy (pasbld)PASMTH.HDR,PASMTH.HDR

.copy (pasbld)PASLEX.PAS,PASLEX.PAS

.copy (pasbld)PASBLK.PAS,PASBLK.PAS

.copy (pasbld)PASRDR.PAS,PASRDR.PAS

.copy (pasbld)PASS2.PAS,PASS2.PAS

.copy (pasbld)PASS3.PAS,PASS3.PAS

.copy (pasbld)PASSDM.PAS,PASSDM.PAS

.copy (pasbld)PASS4.PAS,PASS4.PAS

.copy (pasbld)PASLOG.PAS,PASLOG.PAS

.copy (pasbld)PASERR.PAS,PASERR.PAS

.copy (pasbld)PASFIL.INC,PASFIL.INC

.copy (pasbld)PASIST.INC,PASIST.INC

.copy (pasbld)PASOPD.INC,PASOPD.INC

.copy (pasbld)FIO.INC,FIO.INC

.copy (pasbld)NLBSRC.,NLBSRC.

.copy (pasbld)NLBUNV.,NLBUNV.

.copy (pasbld)NLBINC.,NLBINC.

.copy (pasbld)NLBSIN.,NLBSIN.

.copy (pasbld)NLBIIN.,NLBIIN.

.copy (pasbld)DEBREF.HDR,DEBREF.HDR

.copy (pasbld)DEBBRK.HDR,DEBBRK.HDR

.copy (pasbld)DEBIO.HDR,DEBIO.HDR

.copy (pasbld)DEBLEX.HDR,DEBLEX.HDR

.copy (pasbld)DEBUG.HDR,DEBUG.HDR

.copy (pasbld)DEBPRT.HDR,DEBPRT.HDR

.copy (pasbld)DEBSYM.HDR,DEBSYM.HDR

.copy (pasbld)DEBSCP.HDR,DEBSCP.HDR

.copy (pasbld)DEBDMP.HDR,DEBDMP.HDR

.copy (pasbld)DEBBOL.HDR,DEBBOL.HDR

.copy (pasbld)NLBCOM.,NLBCOM.

.copy (pasbld)IOSYM.UNV,IOSYM.UNV

.copy (pasbld)STSYM.UNV,STSYM.UNV

.copy (pasbld)OPDEFS.UNV,OPDEFS.UNV

.copy (pasbld)FMATH.UNV,FMATH.UNV

.copy (pasbld)RTSYM.MAC,RTSYM.MAC

.copy (pasbld)ODMSIN.,ODMSIN.

.copy (pasbld)ODMIIN.,ODMIIN.

.copy (pasbld)ODMCOM.,ODMCOM.

.copy (pasbld)MMDBOP.PAS,MMDBOP.PAS

.copy (pasbld)MMBLDS.PAS,MMBLDS.PAS

.copy (pasbld)MMDBPR.PAS,MMDBPR.PAS

.copy (pasbld)MMPRNT.PAS,MMPRNT.PAS

.copy (pasbld)MDLPRO.PAS,MDLPRO.PAS

.copy (pasbld)RENAME.MAC,RENAME.MAC

.copy (pasbld)MMTCOR.MAC,MMTCOR.MAC

.copy (pasbld)MMOVLM.MAC,MMOVLM.MAC

.copy (pasbld)MMDSEG.MAC,MMDSEG.MAC

.copy (pasbld)INFPAC.MAC,INFPAC.MAC

.copy (pasbld)ODMS.SRL,ODMS.SRL

.copy (pasbld)ODMS.MDO,ODMS.MDO

.copy (pasbld)MDLPRO.SRL,MDLPRO.SRL

.copy (pasbld)CMLINC.,CMLINC.

.copy (pasbld)CMLSIN.,CMLSIN.

.copy (pasbld)PASOPT.PAS,PASOPT.PAS

.copy (pasbld)MMPACK.PAS,MMPACK.PAS

.copy (pasbld)PASLOG.TYP,PASLOG.TYP

.copy (pasbld)PASS1.PAS,PASS1.PAS

.copy (pasbld)PASDAT.PAS,PASDAT.PAS

.copy (pasbld)P10CG.TYP,P10CG.TYP

.copy (pasbld)P10CGU.PAS,P10CGU.PAS

.copy (pasbld)P10OPC.INC,P10OPC.INC

.copy (pasbld)P10REL.PAS,P10REL.PAS

.copy (pasbld)P10MAC.PAS,P10MAC.PAS

.copy (pasbld)P10GEN.PAS,P10GEN.PAS

.copy (pasbld)P10EXP.PAS,P10EXP.PAS

.copy (pasbld)P10DSC.PAS,P10DSC.PAS

.copy (pasbld)Q10EXP.PAS,Q10EXP.PAS

.copy (pasbld)Q10SET.PAS,Q10SET.PAS

.copy (pasbld)ILBUNV.,ILBUNV.

.copy (pasbld)ILBSRC.,ILBSRC.

.copy (pasbld)ILBINC.,ILBINC.

.copy (pasbld)ILBNLB.,ILBNLB.

.copy (pasbld)ILBCOM.,ILBCOM.

.copy (pasbld)RTSMKI.MAC,RTSMKI.MAC

.copy (pasbld)IOSMKI.MAC,IOSMKI.MAC

.copy (pasbld)OPDFKI.MAC,OPDFKI.MAC

.copy (pasbld)STSMKI.MAC,STSMKI.MAC

.copy (pasbld)Q10DSC.PAS,Q10DSC.PAS

.copy (pasbld)IOSMKI.UNV,IOSMKI.UNV

.copy (pasbld)STSMKI.UNV,STSMKI.UNV

.copy (pasbld)OPDFKI.UNV,OPDFKI.UNV

.copy (pasbld)CMLRES.,CMLRES.

.copy (pasbld)MMMDLS.PAS,MMMDLS.PAS

.copy (pasbld)MMMDLP.PAS,MMMDLP.PAS

.copy (pasbld)MMODMS.PAS,MMODMS.PAS

.copy (pasbld)ODMINC.,ODMINC.

.copy (pasbld)OVLMKI.MAC,OVLMKI.MAC

.copy (pasbld)INFPKI.MAC,INFPKI.MAC

.copy (pasbld)LSDINS.MAC,LSDINS.MAC

.copy (pasbld)MMBLDP.PAS,MMBLDP.PAS

.copy (pasbld)ODMRES.,ODMRES.

.copy (pasbld)PKIINI.PAS,PKIINI.PAS

.copy (pasbld)PASINI.PAS,PASINI.PAS

.copy (pasbld)PKICAL.BLD,PKICAL.BLD

.copy (pasbld)CMLADD.,CMLADD.

.copy (pasbld)CMLSRC.,CMLSRC.

.copy (pasbld)ODMS.MOD,ODMS.MOD

.copy (pasbld)MKIDLS.PAS,MKIDLS.PAS

.copy (pasbld)ODMSRC.,ODMSRC.

.SEND ZONNIE
TYPE LETTER:
; PCOM v1.52 command processed: foo.log = foo.com
; Options: DETACH  LOG NOAPPEND SUPERSEDE TIME:60 TRULIMIT:0 
; Job status: completed.
; Output recorded in file foo.log.

MAIL WAITING
.LOGOUT
1359.66 tru
terminal time: 0:27:59
{2.$”