
: 
: 
: 
: 
COPY STARTING

(CUSP10:32)CUSP10.DIR COPIED TO (CUSP10:14)CUSP10.DIR

279 (321) CHARS. TRANSMITTED

: 
COPY STARTING

(CUSP10:32)CUSP10.DIR COPIED TO (CUSP10:17)CUSP10.DIR

279 (321) CHARS. TRANSMITTED

: 
CIRCUIT ZAPPED - ABORTING,  SYSTEM 23

: 
CIRCUIT ZAPPED - ABORTING,  SYSTEM 26

: 
CIRCUIT ZAPPED - ABORTING,  SYSTEM 30

: 
CIRCUIT ZAPPED - ABORTING,  SYSTEM 33

: 
CIRCUIT ZAPPED - ABORTING,  SYSTEM 38

: 
SYSTEM UNAVAILABLE
: 
CIRCUIT ZAPPED - ABORTING,  SYSTEM 74

: 
CIRCUIT ZAPPED - ABORTING,  SYSTEM 25

: 
CIRCUIT ZAPPED - ABORTING,  SYSTEM 31

: 
CIRCUIT ZAPPED - ABORTING,  SYSTEM 34

: 
CIRCUIT ZAPPED - ABORTING,  SYSTEM 37

: 
CIRCUIT ZAPPED - ABORTING,  SYSTEM 54

: 
CIRCUIT ZAPPED - ABORTING,  SYSTEM 56

: 