!load @fdm.cmd
SAIL: FDMSUB.SAI 1  FDM File Utility Subroutines 
  MYSAIL.DEF 1  Macro and ##Symbol definitions for easy use 
  FDMDEF.DEF 1  FDM Utility Parameter Definitions  
  (SAILIB)UUOSYM.DEF 1 2 3 4 5 6 7
  (SAILIB)MFDSCN.REQ 1
  (SAILIB)PRICHK.REQ 1
  BRKINI.REQ 1  Break Table variables and initialization 
  CMDSCN.REQ 1  Partial command line scanning routines 
  CVFNAM.REQ 1  File specification muncher routine 
  DAYTIM.REQ 1  General Date and Time subroutine library
  MEMCHK.REQ 1  Memory checksum routine 
  VMCOPY.REQ 1  Virtual Memory copy subroutine 
 2 3 4 5 6 7 8 9 10 11 12 13 14 15 16 17 18 19 20 21 22 23 24 25 26 27 28 29 30 31 32
VMCOPY.SAI 1 2
  MYSAIL.DEF 1  Macro and ##Symbol definitions for easy use 
  MEMCHK.REQ 1  Memory checksum routine 
  (SAILIB)UUOSYM.DEF 1 2 3 4 5 6 7
 3 4 5 6 7 8 9
DAYTIM.SAI 1
  MYSAIL.DEF 1  Macro and ##Symbol definitions for easy use 
 2 3 4 5 6 7 8 9 10 11
 
	LOADER -> LINK version 6
LINK:	Loading
%LNKFLE	LOOKUP error (0) file was not found DSK:BRKINI.REL[3,700243]
[	Please retype the incorrect parts of the file specification]
*
EXIT

!SEND CARL
TYPE LETTER:
; PCOM v1.63 - processed: (NEWFDM)001PCO.LOG = (NEWFDM)FDM.CTL
; Options: DETACH  LOG NOAPPEND SUPERSEDE LICENSE 
; Limits: TIME:60 TRULIMIT:0 
; Status: completed.
; Output recorded in file (NEWFDM)001PCO.LOG.

mail waiting
!LOGOUT
50.58 tru
terminal time: 0:01:36
