!;----------------------------------------------------------------
!;	control file to build INITIA
!;----------------------------------------------------------------
!;
!;	Use regular versions of MACRO & LOADER.  Assemble, link & 
!;	load, and save INITIA.SAV:
!ctest setproc

!load /com initia.mac /save:initia
MACRO: INITIA
License required: OP SY ST JL
LOADING
4 PAGES CORE
INITIA SAVED

!;
!;	Get checksum and version number:
!r cksum
INPUT: initia.sav
WICKEL INITIA.SAV
INPUT: 

!get initia
INITIA setup

!ver
INITIA 23
!;
!;	Delete unneeded file:
!delete initia.rel


!;
!;	Give executable program file proper license and protection:
!r setlic

FILE NAME: initia.sav,op sy st jl

EXIT

!
!decl all run run
FILE(S): initia.sav


!;
!;
!;	To install:
!;	Save last version of executable as INITIA.BAK, then
!;	rename new version to SYS directory, thereby 
!;	preserving established license and protection:
!;		delete (sys) initia.bak
!;		ren (sys) initia.sav, (sys) initia.bak
!;		ren initia.sav, (sys) initia.sav
!;		dir (sys) initia.sav/lic/prot
!;
!;
!SEND TSUCOOP
TYPE LETTER:
; PCOM v1.63 - processed: (TSUCOOP)INITIA.LOG = (TSUCOOP)INITIA.CTL
; Options: DETACH  LOG NOAPPEND SUPERSEDE LICENSE 
; Limits: TIME:60 TRULIMIT:0 
; Status: completed.
; Output recorded in file (TSUCOOP)INITIA.LOG.

mail waiting
!LOGOUT
10.65 tru
terminal time: 0:00:34
