!rdist (tsucoop)*.*/host:74,38/check/verbose
Master host: 32
(TSUCOOP     :  32) ACCESS.MSG     2 15-Jan-88 16:31 DEDLOH  ALL  RD  RD
(TSUCOOP     :  32) GFDF.145      15 22-May-87 15:18 LUSDOW  ALL  RD  NO
(TSUCOOP     :  32) GFDF.146      15 26-May-87 15:11 VIXHUN  ALL  RD  NO
(TSUCOOP     :  32) RPG.MAC       45 18-Mar-87 15:45 ZICHUR  ALL  RD  NO
(TSUCOOP     :  32) RPGMAI.MAC    13 18-Mar-87 11:35 ZIKGOC  ALL  RD  NO
(TSUCOOP     :  32) RPG.SHR       14 29-May-87 18:54 TONRUP  ALL RUN RUN   2000
(TSUCOOP     :  32) RPG.FIL        2 26-May-87 16:43 LIQFAC  ALL  RD  NO
(TSUCOOP     :  32) RPG.LOG        2 29-May-87 18:50 GUVBEH  ALL  RD  NO
(TSUCOOP     :  32) RPG.CTL        2 29-May-87 18:50 LIXJEG  ALL  RD  NO
(TSUCOOP     :  32) LOGINN.LOG     2 29-May-87 19:27 WAQNID  ALL  RD  NO
(TSUCOOP     :  32) LOGINN.BAK     2 29-May-87 19:18 BOVROZ  ALL  RD  NO
(TSUCOOP     :  32) LOGINN.FIL     2 29-May-87 19:20 PAXPEJ  ALL  RD  NO
(TSUCOOP     :  32) LOGINN.MAC    28 29-May-87 19:22 DOYSUN  ALL  RD  NO
(TSUCOOP     :  32) LOGINN.CKS     2 29-May-87 19:28 KOGMOM  ALL  RD  NO
(TSUCOOP     :  32) LOGINN.CTL     2 29-May-87 19:27 LIPFEN  ALL  RD  NO
(TSUCOOP     :  32) LOGINN.SHR     5 29-May-87 19:28 FUDLIX  ALL RUN RUN 147000
(TSUCOOP     :  32) BACCTG.DOC     7 11-Nov-82 09:50 ZEZNIY  ALL  RD  NO
(TSUCOOP     :  32) RPG.INI        2 20-Apr-87 15:25 NAKTIP  ALL  RD  NO
(TSUCOOP     :  32) BNOT           7 14-Jun-84 15:12 SUWRIJ  ALL  RD  NO
(TSUCOOP     :  32) SESS1.DOC      2 24-Apr-85 05:30 GASMOL  ALL  RD  NO
(TSUCOOP     :  32) CMD.MAC       33 25-Apr-85 12:01 HAQCUV  ALL  RD  NO
(TSUCOOP     :  32) LISTEF.162    53 19-Mar-87 10:40 SEPNEM  ALL  RD  NO
(TSUCOOP     :  32) TIE.SIM       21 20-Mar-87 14:40 TUTBEN  ALL  RD  NO
(TSUCOOP     :  32) TIE.REL        6 20-Mar-87 14:57 VIYLUQ  ALL  RD  NO
(TSUCOOP     :  32) GFDF.X45      35 11-Mar-87 16:06 YOMVEM  ALL  RD  NO
(TSUCOOP     :  32) IO             2 18-Mar-87 11:37 FALGOM  ALL  RD  NO
(TSUCOOP     :  32) RF.CMD         2 18-Mar-87 11:37 YUWWEG  ALL  RD  NO
(TSUCOOP     :  32) RF.MAC         8 18-Mar-87 11:37 WOGDIF  ALL  RD  NO
(TSUCOOP     :  32) VAR.MAC        4 18-Mar-87 11:37 HEVXAG  ALL  RD  NO
(TSUCOOP     :  32) HACKUF.152    18 19-Jun-85 14:27 TUCCUZ  ALL  RD  NO
(TSUCOOP     :  32) FILCF2.316    28 25-Jun-85 17:30 SAYDEG  ALL  RD  NO
(TSUCOOP     :  32) LDCP2A.001    35 28-Aug-85 13:08 TAPNOG  ALL  RD  NO
(TSUCOOP     :  32) INFO0A.001   173 05-Sep-85 14:52 HECHAV  ALL  RD  NO
(TSUCOOP     :  32) RELOAF.012     4 05-Sep-85 14:56 CUCSOQ  ALL  RD  NO
(TSUCOOP     :  32) FTYPEF.105    10 19-Mar-75 17:00 MIVLEB  ALL  RD  NO
(TSUCOOP     :  32) MICROF.001    53 19-Mar-75 17:00 PIMGAY  ALL  RD  NO
(TSUCOOP     :  32) MICROF.200    45 19-Mar-75 17:00 RUTZIL  ALL  RD  NO
(TSUCOOP     :  32) TAPLIF.100     9 19-Mar-75 17:00 MUKKUP  ALL  RD  NO
(TSUCOOP     :  32) TELCRF.SWM    49 29-Dec-86 13:40 RIRDUH  ALL  RD  NO
(TSUCOOP     :  32) CHKPNF.304    25 22-May-87 15:00 XIQPUF  ALL  RD  NO
(TSUCOOP     :  32) CHNREC.HDR     2 05-May-83 12:25 QELREL  ALL  RD  NO
(TSUCOOP     :  32) CHNREC.SAI     4 05-May-83 12:25 RIQFED  ALL  RD  NO
(TSUCOOP     :  32) UUOSYM.SAI     9 23-Jun-83 08:26 PUSVEN  ALL  RD  NO
(TSUCOOP     :  32) ONESEG.MAC     2 29-Mar-85 15:01 VOLJIR  ALL  RD  NO
(TSUCOOP     :  32) SETEF.011      4 19-Mar-87 13:11 HETBIC  ALL  RD  NO
(TSUCOOP     :  32) TODAY2.LOG     6 19-Mar-87 13:07 REWSOW  ALL  RD  NO
(TSUCOOP     :  32) TIEMAC.MAC     9 20-Mar-87 14:40 YUFQUF  ALL  RD  NO
(TSUCOOP     :  32) TIEMAC.REL     3 20-Mar-87 14:56 XUBNEZ  ALL  RD  NO
(TSUCOOP     :  32) CHKPNF.303    25 05-Jun-86 17:00 DESXAX  ALL  RD  NO
(TSUCOOP     :  32) BACKUF.152   176 19-Jun-85 14:27 MOWROM  ALL  RD  NO
(TSUCOOP     :  32) ERRCHF.012    40 05-Sep-85 14:53 VAMSEH  ALL  RD  NO
(TSUCOOP     :  32) TELDDT.SAV    55 25-Oct-87 09:16 SAVFEQ  ALL  RD  NO
(TSUCOOP     :  32) TELECF.223   123 25-Oct-87 09:12 NAJBON  ALL  RD  NO
(TSUCOOP     :  32) TELECF.222   123 19-Mar-75 17:00 LUMPIR  ALL  RD  NO
(TSUCOOP     :  32) TSUCOO.RCF     2 01-Feb-88 15:00 XODDIK  ALL  RD  NO
(TSUCOOP     :  32) TSUCOO.LOG     1 26-Apr-89 16:32 ZURBAV  ALL  RD  NO
(TSUCOOP     :  32) RPGINI.MAC     7 18-Mar-87 11:35 VIHKUN  ALL  RD  NO
(TSUCOOP     :  32) RPGALL.CTL     2 26-May-87 16:33 DAJCEN  ALL  RD  NO
(TSUCOOP     :  32) RPGINI.CTL     2 29-Apr-86 11:29 PEJZOQ  ALL  RD  NO
(TSUCOOP     :  32) UNDONE.MEM     2 09-May-86 17:16 DIBZUW  ALL  RD  NO
(TSUCOOP     :  32) FLDCID.RPT   275 15-May-86 13:45 LOVDAZ  ALL  RD  NO
(TSUCOOP     :  32) FLDCOS.RPT   293 15-May-86 13:51 GOGHON  ALL  RD  NO
(TSUCOOP     :  32) TAKEIF.470    88 19-Mar-75 17:00 NUYCUK  ALL  RD  NO
(TSUCOOP     :  32) COMMAN.DOC     3 02-Apr-85 11:08 VASVEV  ALL  RD  NO
(TSUCOOP     :  32) LODSAV.BLI     5 29-Mar-85 15:01 JORQAL  ALL  RD  NO
(TSUCOOP     :  32) CHR.MAC        2 25-Apr-85 12:01 DINZAY  ALL  RD  NO
(TSUCOOP     :  32) UUO.MAC       20 25-Apr-85 12:01 NUQWAL  ALL  RD  NO
(TSUCOOP     :  32) CKSUMF.603    24 19-Mar-87 13:09 BAHQEG  ALL  RD  NO
(TSUCOOP     :  32) DIRITF.332    23 19-Mar-87 13:09 PASWEJ  ALL  RD  NO
(TSUCOOP     :  32) TAKEIF.047   109 23-Mar-87 13:05 MIXYEB  ALL  RD  NO
(TSUCOOP     :  32) TITOF.164    134 19-Mar-87 13:12 LOFHUF  ALL  RD  NO
(TSUCOOP     :  32) EDITOF.360   173 06-May-87 16:05 TARRAQ  ALL  RD  NO
(TSUCOOP     :  32) TF.CMD         2 18-Mar-87 11:37 FULQIL  ALL  RD  NO
(TSUCOOP     :  32) TF.MAC         8 18-Mar-87 11:37 WITZUL  ALL  RD  NO
(TSUCOOP     :  32) W              2 18-Mar-87 11:37 ZETDOB  ALL  RD  NO
(TSUCOOP     :  32) TITOF.163    339 27-Jun-85 16:06 NUSNOD  ALL  RD  NO
(TSUCOOP     :  32) DIRITF.331    35 11-Mar-87 15:49 DIXTAT  ALL  RD  NO
(TSUCOOP     :  32) MSTRL0.DOC     2 27-Jun-85 15:29 FUMGAF  ALL  RD  NO
(TSUCOOP     :  32) OPRTL1.DOC     2 08-Aug-85 16:13 SOGJAG  ALL  RD  NO
(TSUCOOP     :  32) LP20FF.010    12 26-Aug-85 10:09 TAPCOP  ALL  RD  NO
(TSUCOOP     :  32) NODLOF.016    33 05-Sep-85 14:56 YACQIS  ALL  RD  NO
(TSUCOOP     :  32) CRASH.M       47 25-Oct-87 08:30 QAQDAQ  ALL  RD  NO
(TSUCOOP     :  32) COSTF.202      4 19-Mar-75 17:00 QILKAC  ALL  RD  NO
(TSUCOOP     :  32) BCHARF.025    23 19-Mar-75 17:00 ROWFEQ  ALL  RD  NO
(TSUCOOP     :  32) BCHARF.240    23 19-Mar-75 17:00 MUCVUP  ALL  RD  NO
(TSUCOOP     :  32) L1600F.001     4 19-Mar-75 17:00 BEKNOT  ALL  RD  NO
(TSUCOOP     :  32) L1600F.100     4 19-Mar-75 17:00 JIZJIS  ALL  RD  NO
(TSUCOOP     :  32) MAGCOF.417   163 19-Mar-75 17:00 DOTGIQ  ALL  RD  NO
(TSUCOOP     :  32) MAGCOF.500   199 19-Mar-75 17:00 PAHHOG  ALL  RD  NO
(TSUCOOP     :  32) SPECXF.100    17 19-Mar-75 17:00 KALLUJ  ALL  RD  NO
(TSUCOOP     :  32) SPECXF.200    17 19-Mar-75 17:00 TEFPUB  ALL  RD  NO
(TSUCOOP     :  32) UPDLUF.100     2 19-Mar-75 17:00 RABHIX  ALL  RD  NO
(TSUCOOP     :  32) UPDLUF.113    61 19-Mar-75 17:00 NEZGEQ  ALL  RD  NO
(TSUCOOP     :  32) UPDLUF.127    62 19-Mar-75 17:00 FERNUW  ALL  RD  NO
(TSUCOOP     :  32) QA38.CMD      17 28-Oct-76 09:55 ZEWKIN  ALL  RD  NO
(TSUCOOP     :  32) INITIF.017    11 29-May-87 10:36 FOKBIM  ALL  RD  NO
(TSUCOOP     :  32) RPGF.155      83 29-May-87 18:39 VODZEJ  ALL  RD  NO
(TSUCOOP     :  32) RPGTRW.155    79 26-May-87 16:50 BEGPOR  ALL  RD  NO
(TSUCOOP     :  32) INITIF.023    14 29-May-87 18:36 WANBAC  ALL  RD  NO
(TSUCOOP     :  32) RPGF.156      79 29-May-87 18:58 VIBYIW  ALL  RD  NO
(TSUCOOP     :  32) FIND.DOC       3 22-Mar-83 14:47 DIXDAL  ALL  RD  NO
(TSUCOOP     :  32) FIND.V15      11 29-Mar-83 10:31 BOMJUJ  ALL  RD  NO
(TSUCOOP     :  32) PEAK.INI       2 09-Mar-87 10:21 TOJDIR  ALL  RD  NO
(TSUCOOP     :  32) FIND.REL      15 26-Sep-85 18:08 ZEMYEV  ALL  RD  NO
(TSUCOOP     :  32) FIND.HLP       3 25-May-84 08:41 BOVVIG  ALL  RD  NO
(TSUCOOP     :  32) FIND.SAI      12 29-Mar-83 13:09 TESTUX  ALL  RD  NO
(TSUCOOP     :  32) FIND.V14      11 24-Mar-83 12:00 BEGCUR  ALL  RD  NO
(TSUCOOP     :  32) INFOR0.DOC     3 09-May-86 17:15 SAPLOW  ALL  RD  NO
(TSUCOOP     :  32) OPRTL2.MEM     2 09-May-86 17:17 KOCZAN  ALL  RD  NO
(TSUCOOP     :  32) OPRTL2.DOC     2 09-May-86 17:17 CEFNAN  ALL  RD  NO
(TSUCOOP     :  32) ACCTN0.DOC     2 09-May-86 17:18 WOWKEJ  ALL  RD  NO
(TSUCOOP     :  32) INITIF.O17    10 19-Mar-75 17:00 FUMGIH  ALL  RD  NO
(TSUCOOP     :  32) TAP.MAC       63 25-Apr-85 12:01 SIKNUW  ALL  RD  NO
(TSUCOOP     :  32) TAP.160       61 25-Apr-85 12:01 GAHLAS  ALL  RD  NO
(TSUCOOP     :  32) TAP.161       62 25-Apr-85 12:01 CIZZUD  ALL  RD  NO
(TSUCOOP     :  32) TAP.162       63 25-Apr-85 12:01 ZEYHEC  ALL  RD  NO
(TSUCOOP     :  32) TAP.DIF        2 25-Apr-85 12:01 WEDQUC  ALL  RD  NO
(TSUCOOP     :  32) FDM.INF        2 20-Dec-77 13:28 HEMKUR  ALL  RD  NO
(TSUCOOP     :  32) PIPF.200      95 19-Mar-87 13:11 SUJJUV  ALL  RD  NO
(TSUCOOP     :  32) 900631.CMD     2 20-Mar-87 14:40 DUKWIW  ALL  RD  NO
(TSUCOOP     :  32) FDM.SAV       21 20-Mar-87 17:31 XOSHAB  ALL  RD  NO
(TSUCOOP     :  32) FDM.DOC        4 03-Apr-87 14:07 WUXWET  ALL  RD  NO
(TSUCOOP     :  32) PIPF.X00      95 11-Mar-87 16:18 WIFGET  ALL  RD  NO
(TSUCOOP     :  32) DI             2 18-Mar-87 11:37 TERMAN  ALL  RD  NO
(TSUCOOP     :  32) ERG            2 18-Mar-87 11:37 TIKVUW  ALL  RD  NO
(TSUCOOP     :  32) ERN            2 18-Mar-87 11:37 YAZDUB  ALL  RD  NO
(TSUCOOP     :  32) SPOR.TTY       2 18-Mar-87 11:37 LUTHUB  ALL  RD  NO
(TSUCOOP     :  32) TEL.CMD        2 18-Mar-87 11:37 JOKHOS  ALL  RD  NO
(TSUCOOP     :  32) TELECO.BLD     2 18-Mar-87 11:37 GOLCAJ  ALL  RD  NO
(TSUCOOP     :  32) TELECO.CKS     2 18-Mar-87 11:37 LUTPAF  ALL  RD  NO
(TSUCOOP     :  32) TELECO.CMD     2 18-Mar-87 11:37 QEWGER  ALL  RD  NO
(TSUCOOP     :  32) TELECO.DOC    12 18-Mar-87 11:37 LAQQOZ  ALL  RD  NO
(TSUCOOP     :  32) TELECO.FIL     2 18-Mar-87 11:37 ROGKUF  ALL  RD  NO
(TSUCOOP     :  32) TELECO.INF    17 18-Mar-87 11:37 CAKSEP  ALL  RD  NO
(TSUCOOP     :  32) TELECO.MAC    32 18-Mar-87 11:37 DUHRUB  ALL  RD  NO
(TSUCOOP     :  32) TELECO.RNO    16 18-Mar-87 11:37 JUKKIW  ALL  RD  NO
(TSUCOOP     :  32) TELECO.PCO     2 18-Mar-87 11:37 NEFTEP  ALL  RD  NO
(TSUCOOP     :  32) TELECO.DIF     2 18-Mar-87 11:37 DOJGAV  ALL  RD  NO
(TSUCOOP     :  32) SETOPF.200    60 28-Jun-85 10:14 CUWMIP  ALL  RD  NO
(TSUCOOP     :  32) LDCPL1.DOC     2 20-Jun-85 14:14 JACTEL  ALL  RD  NO
(TSUCOOP     :  32) KSFEFF.010     8 20-Jun-85 11:28 XIQDEG  ALL  RD  NO
(TSUCOOP     :  32) FTALOF.030    12 25-Jun-85 17:17 ZISJOZ  ALL  RD  NO
(TSUCOOP     :  32) KSFEFF.020    14 28-Aug-85 13:09 LODFUJ  ALL  RD  NO
(TSUCOOP     :  32) OPRT1T.001    46 07-Aug-85 12:33 LIPCOP  ALL  RD  NO
(TSUCOOP     :  32) TEL.SAV       55 25-Oct-87 22:04 VIKKUG  ALL  RD  NO
(TSUCOOP     :  32) X.LOG          3 25-Oct-87 11:52 YEXCUN  ALL  RD  NO
(TSUCOOP     :  32) X.BAK          4 25-Oct-87 11:45 DIXJUF  ALL  RD  NO
(TSUCOOP     :  32) TELECO.FDM   123 23-Dec-86 12:29 NAJBON  ALL  RD  NO
(TSUCOOP     :  32) TELECO.S23    38 07-Mar-86 21:07 CACSEX  ALL  RD  NO
(TSUCOOP     :  32) TELECO.D23     2 07-Mar-86 20:46 DOJGAV  ALL  RD  NO
(TSUCOOP     :  32) TELECO.L23     2 07-Mar-86 20:46 NEFTEP  ALL  RD  NO
(TSUCOOP     :  32) TELECO.223    32 15-Oct-85 12:11 DUHRUB  ALL  RD  NO
(TSUCOOP     :  32) OSNF.DIR       1 03-Feb-88 09:15 VAVVAV  ALL  RD  NO
(TSUCOOP     :  32) TAPSLF.100    45 19-Mar-75 17:00 FOVQES  ALL  RD  NO
(TSUCOOP     :  32) TAPSLF.101    50 19-Mar-75 17:00 MABNAH  ALL  RD  NO
(TSUCOOP     :  32) TAPSLF.102    67 19-Mar-75 17:00 NIJXUM  ALL  RD  NO
(TSUCOOP     :  32) GFD.INF        2 18-Mar-87 15:50 FUFTUX  ALL  RD  NO
(TSUCOOP     :  32) GFD.MAC       12 22-May-87 15:20 LEFHOQ  ALL  RD  NO
(TSUCOOP     :  32) GFD.SAV        3 22-May-87 16:27 HADBOR  ALL  RD  NO
(TSUCOOP     :  32) GFD.CTL        2 22-May-87 16:24 ZASYAV  ALL  RD  NO
(TSUCOOP     :  32) GFD.LOG        2 22-May-87 16:27 XERCEB  ALL  RD  NO
(TSUCOOP     :  32) BACKUP.DOC     2 19-Apr-85 11:30 FEXSAF  ALL  RD  NO
(TSUCOOP     :  32) SWITCH.INI     2 20-Apr-87 15:30 LOYHAH  ALL  RD  NO
(TSUCOOP     :  32) MINUTE.PUB     2 11-Nov-82 14:02 NUYWED  ALL  RD  NO
(TSUCOOP     :  32) INFOR1.MEM     4 09-May-86 17:15 DECKAM  ALL  RD  NO
(TSUCOOP     :  32) LDCPL2.DOC     2 09-May-86 17:16 SEQSAQ  ALL  RD  NO
(TSUCOOP     :  32) BACKUP.FRM     5 10-Jun-86 12:53 QETVOF  ALL  RD  NO
(TSUCOOP     :  32) SAIL.DEF       3 03-Aug-83 07:48 DOBVAW  ALL  RD  NO
(TSUCOOP     :  32) SETLIC.MAC     5 14-Mar-85 11:50 MAKVAB  ALL  RD  NO
(TSUCOOP     :  32) SETLIC.SAV     2 19-Oct-78 17:06 CIVWON  ALL  RD  NO
(TSUCOOP     :  32) SETLIC.006     5 12-Mar-87 21:12 RUJKAP  ALL  RD  NO
(TSUCOOP     :  32) CRSHID.45     73 14-Mar-85 12:26 DEDYAW  ALL  RD  NO
(TSUCOOP     :  32) COM.MAC        2 25-Apr-85 12:01 KECJIG  ALL  RD  NO
(TSUCOOP     :  32) UUOFLG.MAC     2 25-Apr-85 12:01 FOCSEP  ALL  RD  NO
(TSUCOOP     :  32) COM.161        2 25-Apr-85 12:01 WUXMET  ALL  RD  NO
(TSUCOOP     :  32) COM.162        2 25-Apr-85 12:01 NEWFIZ  ALL  RD  NO
(TSUCOOP     :  32) COM.DIF        2 25-Apr-85 12:01 REJBEV  ALL  RD  NO
(TSUCOOP     :  32) COPYCF.006     4 19-Mar-87 13:09 GOGTEL  ALL  RD  NO
(TSUCOOP     :  32) FILES.DOC      7 20-Mar-87 13:24 NESNIR  ALL  RD  NO
(TSUCOOP     :  32) 59143.TXT      2 20-Mar-87 14:40 GOXRUY  ALL  RD  NO
(TSUCOOP     :  32) TODAY.LOG      2 20-Mar-87 15:06 XODBIP  ALL  RD  NO
(TSUCOOP     :  32) SWITCH.BAK     2 20-Apr-87 15:28 PUPDAD  ALL  RD  NO
(TSUCOOP     :  32) DSKIO.CMD      2 18-Mar-87 11:37 CUNBAM  ALL  RD  NO
(TSUCOOP     :  32) DSKIO.MAC     11 18-Mar-87 11:37 WEFVOH  ALL  RD  NO
(TSUCOOP     :  32) TIMER          2 18-Mar-87 11:37 WOCVOY  ALL  RD  NO
(TSUCOOP     :  32) TRANS.CMD      2 18-Mar-87 11:37 KAHMIL  ALL  RD  NO
(TSUCOOP     :  32) TRANS.MAC      7 18-Mar-87 11:37 WIDQEQ  ALL  RD  NO
(TSUCOOP     :  32) MONPR1.DOC     2 24-Jun-85 13:58 QUMTUS  ALL  RD  NO
(TSUCOOP     :  32) DSKTA1.DOC     3 14-Jun-85 12:18 GAMGIL  ALL  RD  NO
(TSUCOOP     :  32) MAGRIF.060     4 25-Jun-85 17:16 POSKUY  ALL  RD  NO
(TSUCOOP     :  32) OPPSF.040      7 28-Jun-85 10:14 ZOZFEX  ALL  RD  NO
(TSUCOOP     :  32) ACCT0A.001    25 27-Jun-85 16:10 DITKOC  ALL  RD  NO
(TSUCOOP     :  32) SESS0A.001    67 27-Jun-85 17:47 JOZFON  ALL  RD  NO
(TSUCOOP     :  32) MAGWRF.010    11 26-Aug-85 10:08 WIVSIV  ALL  RD  NO
(TSUCOOP     :  32) OPRT2T.001    27 29-Aug-85 12:10 WUFSIJ  ALL  RD  NO
(TSUCOOP     :  32) Y.BAK          3 25-Oct-87 12:28 YAHXUL  ALL  RD  NO
(TSUCOOP     :  32) CONFF.FDM     13 19-Mar-75 17:00 BOXSUJ  ALL  RD  NO
(TSUCOOP     :  32) TENINF.200   128 19-Mar-75 17:00 DUCJIY  ALL  RD  NO
(TSUCOOP     :  32) TENINF.300   136 19-Mar-75 17:00 PEKCIT  ALL  RD  NO
(TSUCOOP     :  32) UPDATF.100     7 19-Mar-75 17:00 LUDJEZ  ALL  RD  NO
(TSUCOOP     :  32) UPDATF.101     9 19-Mar-75 17:00 FEFXEX  ALL  RD  NO
(TSUCOOP     :  32) MAIL           1 09-Mar-87 14:23 VAVVAV  ALL  RD  NO
(TSUCOOP     :  32) INITIA.M25    12 21-May-87 17:00 JIHBIF  ALL  RD  NO
(TSUCOOP     :  32) INITIA.M23    11 29-May-87 11:12 BIXFIC  ALL  RD  NO
(TSUCOOP     :  32) INITIA.LOG     2 29-May-87 18:33 COLGEK  ALL  RD  NO
(TSUCOOP     :  32) INITIA.CTL     2 29-May-87 18:29 JORKEB  ALL  RD  NO
(TSUCOOP     :  32) INITIA.SAV     3 29-May-87 18:34 WICKEL  ALL RUN RUN 145000
(TSUCOOP     :  32) MAGNUM.DI5     2 04-Mar-85 11:47 VUXMIP   CP  NO  NO
(TSUCOOP     :  32) MAGNUM.DI1     2 04-Mar-85 12:23 GABBAW  ALL  RD  NO
(TSUCOOP     :  32) MAGNUM.DOC     7 14-Jun-84 15:12 SUWRIJ  ALL  RD  NO
(TSUCOOP     :  32) BATCON.DOC    10 11-Nov-82 09:48 GEKJAL  ALL  RD  NO
(TSUCOOP     :  32) CMDPRO.SAI     3 05-May-83 12:26 ZAKCEN  ALL  RD  NO
(TSUCOOP     :  32) CMDPRO.HDR     2 05-May-83 12:25 WECXIF  ALL  RD  NO
(TSUCOOP     :  32) PASCA3.DIR     5 09-May-86 15:52 XOQGET  ALL  RD  NO
(TSUCOOP     :  32) MONPR2.MEM     2 09-May-86 17:17 SUYVUB  ALL  RD  NO
(TSUCOOP     :  32) LOGOUF.471    18 22-May-87 09:29 VUPXIG  ALL  RD  NO
(TSUCOOP     :  32) LOGOUT.MAC    16 12-May-86 11:09 TULGEN  ALL  RD  NO
(TSUCOOP     :  32) LOGOUT.SHR     4 22-May-87 17:16 NIWSEG  ALL  RD  NO
(TSUCOOP     :  32) LOGOUT.LOG     2 22-May-87 17:15 PEJLUH  ALL  RD  NO
(TSUCOOP     :  32) LOGOUT.CTL     2 22-May-87 17:15 HIRJIR  ALL  RD  NO
(TSUCOOP     :  32) LOGOUF.472    19 26-May-87 15:12 KOHGEQ  ALL  RD  NO
(TSUCOOP     :  32) DSKCLF.360    30 10-Jun-82 07:54 BAXCUF  ALL  RD  NO
(TSUCOOP     :  32) MAIL.FWD       2 09-Mar-87 01:37 COVBEQ  ALL  RD  NO
(TSUCOOP     :  32) LOADER.MAC    98 29-Mar-85 15:01 RAYLET  ALL  RD  NO
(TSUCOOP     :  32) LOGOUF.X71    18 11-Mar-87 16:18 LUBLES  ALL  RD  NO
(TSUCOOP     :  32) LOADER.COM     2 29-Mar-85 15:01 DOKMIV  ALL  RD  NO
(TSUCOOP     :  32) LOADER.HOW     2 29-Mar-85 15:01 KEDBEY  ALL  RD  NO
(TSUCOOP     :  32) LOADER.FIL     2 29-Mar-85 15:01 MAMBOS  ALL  RD  NO
(TSUCOOP     :  32) LOADER.CKS     2 29-Mar-85 15:01 YUVHUG  ALL  RD  NO
(TSUCOOP     :  32) LOADER.SAV    13 12-Mar-81 19:03 YENVUN  ALL  RD  NO
(TSUCOOP     :  32) SETE.MAC       4 14-Mar-85 11:50 ZOFDAL  ALL  RD  NO
(TSUCOOP     :  32) SETE.SAV       2 04-Jun-82 13:21 KUDXAT  ALL  RD  NO
(TSUCOOP     :  32) SESSI0.DOC     2 27-Jun-85 17:44 PABBEP  ALL  RD  NO
(TSUCOOP     :  32) FLAGS          2 18-Mar-87 11:37 SASPEZ  ALL  RD  NO
(TSUCOOP     :  32) LNKMSG         2 18-Mar-87 11:37 FOGFEX  ALL  RD  NO
(TSUCOOP     :  32) MASTER.CMD     2 18-Mar-87 11:37 NOMJEK  ALL  RD  NO
(TSUCOOP     :  32) MASTER.MAC     7 18-Mar-87 11:37 ZISSOH  ALL  RD  NO
(TSUCOOP     :  32) REGS           2 18-Mar-87 11:37 HUYNUZ  ALL  RD  NO
(TSUCOOP     :  32) SLAVE.CMD      2 18-Mar-87 11:37 NAXFUH  ALL  RD  NO
(TSUCOOP     :  32) SLAVE.MAC      7 18-Mar-87 11:37 CATJUH  ALL  RD  NO
(TSUCOOP     :  32) TPARAM         5 18-Mar-87 11:37 FOKZAZ  ALL  RD  NO
(TSUCOOP     :  32) TELE.DOC       2 18-Mar-87 11:37 YUMLUK  ALL  RD  NO
(TSUCOOP     :  32) DSKCLF.036    36 19-Mar-87 13:10 YINGIG  ALL  RD  NO
(TSUCOOP     :  32) 62546.TXT      2 20-Mar-87 14:40 BOFGET  ALL  RD  NO
(TSUCOOP     :  32) 900309.CMD     2 20-Mar-87 14:40 YUSDUR  ALL  RD  NO
(TSUCOOP     :  32) 900309.TXT     2 20-Mar-87 14:40 BUYLEQ  ALL  RD  NO
(TSUCOOP     :  32) UNDELF.020    41 25-Jun-85 17:31 LERLIV  ALL  RD  NO
(TSUCOOP:  32) ASPF.060      48 27-Jun-85 15:29 FOCQIV  ALL  RD  NO
(TSUCOOP     :  32) DSKTA2.DOC     2 27-Jun-85 14:51 XERBEZ  ALL  RD  NO
(TSUCOOP     :  32) DSKT2A.001   386 27-Jun-85 16:05 MAMFOH  ALL  RD  NO
(TSUCOOP     :  32) FILO0A.001   197 27-Jun-85 17:18 MARVAC  ALL  RD  NO
(TSUCOOP     :  32) MSTR0A.001    66 28-Jun-85 10:13 TEKRUX  ALL  RD  NO
(TSUCOOP     :  32) OPRT1A.001   138 08-Aug-85 16:17 SACYUK  ALL  RD  NO
(TSUCOOP     :  32) LDCP2T.001     7 26-Aug-85 10:11 YEFBOS  ALL  RD  NO
(TSUCOOP     :  32) INFO0T.001    27 28-Aug-85 11:01 ZAPHIR  ALL  RD  NO
(TSUCOOP     :  32) TEL0.LOG       3 25-Oct-87 12:32 YIKRUN  ALL  RD  NO
(TSUCOOP     :  32) TELDIE.SAV    56 25-Oct-87 09:53 WOYSEF  ALL  RD  NO
(TSUCOOP     :  32) TEL0.CMD       2 25-Oct-87 09:14 LUTTAH  ALL  RD  NO
(TSUCOOP     :  32) TDSF.000      20 19-Mar-75 17:00 TASMIC  ALL  RD  NO
(TSUCOOP     :  32) MAGTAF.100    23 19-Mar-75 17:00 ZANWAH  ALL  RD  NO
(TSUCOOP     :  32) SPOOLF.403   166 19-Mar-75 17:00 YONLUN  ALL  RD  NO
(TSUCOOP     :  32) SPOOLF.404   167 19-Mar-75 17:00 BOWKIT  ALL  RD  NO
(TSUCOOP     :  32) SPAC76.FDM  1244 19-Mar-75 17:00 TEHSAZ  ALL  RD  NO
(TSUCOOP     :  32) SYSTAF.616   134 05-Sep-85 14:52 JOQXUP  ALL  RD  NO
(TSUCOOP     :  32) LOGINF.673    33 29-May-87 19:18 MINLOR  ALL  RD  NO
(TSUCOOP     :  32) RPGUNV.MAC     4 18-Mar-87 11:35 FIHDEW  ALL  RD  NO
(TSUCOOP     :  32) RPGUNV.UNV     2 29-May-87 18:50 FEFHOR  ALL  RD  NO
(TSUCOOP     :  32) LOGINF.701    33 29-May-87 19:31 GUCKOW  ALL  RD  NO
(TSUCOOP     :  32) DIRIT.INI      2 18-Mar-87 10:09 VECJAD  ALL  RD  NO
(TSUCOOP     :  32) TBAF.981      30 02-May-86 08:59 LOMHUW  ALL  RD  NO
(TSUCOOP     :  32) FILOP0.DOC     3 09-May-86 17:17 KOWJEC  ALL  RD  NO
(TSUCOOP     :  32) BIO.NEW        3 25-Oct-87 11:43 SURDIG  ALL  RD  NO
(TSUCOOP     :  32) BIO.MAC        3 18-Mar-87 11:37 POSVEX  ALL  RD  NO
(TSUCOOP     :  32) LOGINF.X73    33 11-Mar-87 16:21 HUWBUV  ALL  RD  NO
(TSUCOOP     :  32) XTEND.DCL      3 21-Jan-83 05:49 PUWSUZ  ALL  RD  NO
(TSUCOOP     :  32) GETVER.MAC     3 25-Apr-85 12:01 FEMTEZ  ALL  RD  NO
(TSUCOOP     :  32) TITO.SAV      18 08-Apr-85 14:33 GEQQEG  ALL  RD  NO
(TSUCOOP     :  32) TITO.DOC      21 21-Aug-81 15:30 SANYIN  ALL  RD  NO
(TSUCOOP     :  32) ASM.CMD        2 18-Mar-87 11:37 HOPLUB  ALL  RD  NO
(TSUCOOP     :  32) BIO.CMD        2 18-Mar-87 11:37 DIZMIL  ALL  RD  NO
(TSUCOOP     :  32) TEL1.CMD       2 18-Mar-87 11:37 PINPEK  ALL  RD  NO
(TSUCOOP     :  32) TITO.INF       2 25-Apr-85 12:01 GIFSUZ  ALL  RD  NO
(TSUCOOP     :  32) OPERF.016      7 19-Mar-87 13:11 BASNEK  ALL  RD  NO
(TSUCOOP     :  32) TITO.CKS       2 19-Mar-87 12:44 RUSMEW  ALL  RD  NO
(TSUCOOP     :  32) TITO.CTL       2 19-Mar-87 12:47 VUFTAD  ALL  RD  NO
(TSUCOOP     :  32) TITO.LOG       2 19-Mar-87 12:50 BEYGEC  ALL  RD  NO
(TSUCOOP     :  32) TITO.CMD       2 19-Mar-87 12:51 DEWPUN  ALL  RD  NO
(TSUCOOP     :  32) TRWFLS.CKS     2 19-Mar-87 13:06 KUNYAR  ALL  RD  NO
(TSUCOOP     :  32) 64700.TXT      2 20-Mar-87 14:40 KUHZAP  ALL  RD  NO
(TSUCOOP     :  32) TRWFLS.DOC     7 20-Mar-87 15:17 TUYMIS  ALL  RD  NO
(TSUCOOP     :  32) BOOTSF.169    71 24-Jun-85 16:14 REVJIW  ALL  RD  NO
(TSUCOOP     :  32) BOTLOF.200     7 25-Jun-85 17:16 HUSWUG  ALL  RD  NO
(TSUCOOP     :  32) BOOTSF.010     2 24-Jun-85 16:15 QAGREL  ALL  RD  NO
(TSUCOOP     :  32) OPRT2A.001    36 05-Sep-85 14:56 LIKKEW  ALL  RD  NO
(TSUCOOP     :  32) ASMC.LOG       3 25-Oct-87 08:11 BAZFON  ALL  RD  NO
(TSUCOOP     :  32) ASMC.BAK       2 25-Oct-87 08:10 HIJXUS  ALL  RD  NO
(TSUCOOP     :  32) ASMC.CTL       2 25-Oct-87 08:10 QOJWIX  ALL  RD  NO
(TSUCOOP     :  32) ASMC.CMD       2 23-Dec-86 12:32 HABLAD  ALL  RD  NO
(TSUCOOP     :  32) NONAMF.035    22 19-Mar-75 17:00 NILFUB  ALL  RD  NO
(TSUCOOP     :  32) NONAMF.036    22 19-Mar-75 17:00 HOHLIF  ALL  RD  NO
(TSUCOOP     :  32) RPGF1.126     74 19-Mar-75 17:00 KERBEJ  ALL  RD  NO
301 files on master system.
Slave hosts: 74,38
Checking host 74
(TSUCOOP     :  74) GFDF.145      15 22-May-87 15:18 -- current
(TSUCOOP     :  74) GFDF.146      15 26-May-87 15:11 -- current
(TSUCOOP     :  74) RPG.MAC       45 18-Mar-87 15:45 -- current
(TSUCOOP     :  74) RPGMAI.MAC    13 18-Mar-87 11:35 -- current
(TSUCOOP     :  74) RPG.SHR       14 29-May-87 18:54 -- current
(TSUCOOP     :  74) RPG.FIL        2 26-May-87 16:43 -- current
(TSUCOOP     :  74) RPG.LOG        2 29-May-87 18:50 -- current
(TSUCOOP     :  74) RPG.CTL        2 29-May-87 18:50 -- current
(TSUCOOP     :  74) LOGINN.LOG     2 29-May-87 19:27 -- current
(TSUCOOP     :  74) LOGINN.BAK     2 29-May-87 19:18 -- current
(TSUCOOP     :  74) LOGINN.FIL     2 29-May-87 19:20 -- current
(TSUCOOP     :  74) LOGINN.MAC    28 29-May-87 19:22 -- current
(TSUCOOP     :  74) LOGINN.CKS     2 29-May-87 19:28 -- current
(TSUCOOP     :  74) LOGINN.CTL     2 29-May-87 19:27 -- current
(TSUCOOP     :  74) LOGINN.SHR     5 29-May-87 19:28 -- current
(TSUCOOP     :  74) BACCTG.DOC     7 11-Nov-82 09:50 -- current
(TSUCOOP     :  74) RPG.INI        2 20-Apr-87 15:25 -- current
(TSUCOOP     :  74) BNOT           7 14-Jun-84 15:12 -- current
(TSUCOOP     :  74) SESS1.DOC      2 24-Apr-85 05:30 -- current
(TSUCOOP     :  74) CMD.MAC       33 25-Apr-85 12:01 -- current
(TSUCOOP     :  74) LISTEF.162    53 19-Mar-87 10:40 -- current
(TSUCOOP     :  74) TIE.SIM       21 20-Mar-87 14:40 -- current
(TSUCOOP     :  74) TIE.REL        6 20-Mar-87 14:57 -- current
(TSUCOOP     :  74) GFDF.X45      35 11-Mar-87 16:06 -- current
(TSUCOOP     :  74) IO             2 18-Mar-87 11:37 -- current
(TSUCOOP     :  74) RF.CMD         2 18-Mar-87 11:37 -- current
(TSUCOOP     :  74) RF.MAC         8 18-Mar-87 11:37 -- current
(TSUCOOP     :  74) VAR.MAC        4 18-Mar-87 11:37 -- current
(TSUCOOP     :  74) HACKUF.152    18 19-Jun-85 14:27 -- current
(TSUCOOP     :  74) FILCF2.316    28 25-Jun-85 17:30 -- current
(TSUCOOP     :  74) LDCP2A.001    35 28-Aug-85 13:08 -- current
(TSUCOOP     :  74) INFO0A.001   173 05-Sep-85 14:52 -- current
(TSUCOOP     :  74) RELOAF.012     4 05-Sep-85 14:56 -- current
(TSUCOOP     :  74) TELCRF.SWM    49 29-Dec-86 13:40 -- bad checksum CIPQIC
                           should be 29-Dec-86 13:40 RIRDUH  ALL  RD  NO
(TSUCOOP     :  74) FTYPEF.105    10 19-Mar-75 17:00 -- current
(TSUCOOP     :  74) MICROF.001    53 19-Mar-75 17:00 -- current
(TSUCOOP     :  74) MICROF.200    45 19-Mar-75 17:00 -- current
(TSUCOOP     :  74) TAPLIF.100     9 19-Mar-75 17:00 -- current
(TSUCOOP     :  74) ACCESS.MSG     2 04-Jan-89 16:13 -- bad checksum LUCLUL
                           should be 15-Jan-88 16:31 DEDLOH  ALL  RD  RD
(TSUCOOP     :  74) CHKPNF.304    25 22-May-87 15:00 -- current
(TSUCOOP     :  74) CHNREC.HDR     2 05-May-83 12:25 -- current
(TSUCOOP     :  74) CHNREC.SAI     4 05-May-83 12:25 -- current
(TSUCOOP     :  74) UUOSYM.SAI     9 23-Jun-83 08:26 -- current
(TSUCOOP     :  74) ONESEG.MAC     2 29-Mar-85 15:01 -- current
(TSUCOOP     :  74) SETEF.011      4 19-Mar-87 13:11 -- current
(TSUCOOP     :  74) TODAY2.LOG     6 19-Mar-87 13:07 -- current
(TSUCOOP     :  74) TIEMAC.MAC     9 20-Mar-87 14:40 -- current
(TSUCOOP     :  74) TIEMAC.REL     3 20-Mar-87 14:56 -- current
(TSUCOOP     :  74) CHKPNF.303    25 05-Jun-86 17:00 -- current
(TSUCOOP     :  74) BACKUF.152   176 19-Jun-85 14:27 -- current
(TSUCOOP     :  74) ERRCHF.012    40 05-Sep-85 14:53 -- current
(TSUCOOP     :  74) TELDDT.SAV    55 25-Oct-87 09:16 -- current
(TSUCOOP     :  74) TELECF.223   123 25-Oct-87 09:12 -- current
(TSUCOOP     :  74) TELECF.222   123 19-Mar-75 17:00 -- current
(TSUCOOP     :  74) TSUCOO.RCF     2 01-Feb-88 15:00 -- current
(TSUCOOP     :  74) RPGINI.MAC     7 18-Mar-87 11:35 -- current
(TSUCOOP     :  74) RPGALL.CTL     2 26-May-87 16:33 -- current
(TSUCOOP     :  74) RPGINI.CTL     2 29-Apr-86 11:29 -- current
(TSUCOOP     :  74) UNDONE.MEM     2 09-May-86 17:16 -- current
(TSUCOOP     :  74) FLDCID.RPT   275 15-May-86 13:45 -- current
(TSUCOOP     :  74) FLDCOS.RPT   293 15-May-86 13:51 -- current
(TSUCOOP     :  74) TAKEIF.470    88 19-Mar-75 17:00 -- current
(TSUCOOP     :  74) COMMAN.DOC     3 02-Apr-85 11:08 -- current
(TSUCOOP     :  74) LODSAV.BLI     5 29-Mar-85 15:01 -- current
(TSUCOOP     :  74) CHR.MAC        2 25-Apr-85 12:01 -- current
(TSUCOOP     :  74) UUO.MAC       20 25-Apr-85 12:01 -- current
(TSUCOOP     :  74) CKSUMF.603    24 19-Mar-87 13:09 -- current
(TSUCOOP     :  74) DIRITF.332    23 19-Mar-87 13:09 -- current
(TSUCOOP     :  74) TAKEIF.047   109 23-Mar-87 13:05 -- current
(TSUCOOP     :  74) TITOF.164    134 19-Mar-87 13:12 -- current
(TSUCOOP     :  74) EDITOF.360   173 06-May-87 16:05 -- current
(TSUCOOP     :  74) TF.CMD         2 18-Mar-87 11:37 -- current
(TSUCOOP     :  74) TF.MAC         8 18-Mar-87 11:37 -- current
(TSUCOOP     :  74) W              2 18-Mar-87 11:37 -- current
(TSUCOOP     :  74) TITOF.163    339 27-Jun-85 16:06 -- current
(TSUCOOP     :  74) DIRITF.331    35 11-Mar-87 15:49 -- current
(TSUCOOP     :  74) MSTRL0.DOC     2 27-Jun-85 15:29 -- current
(TSUCOOP     :  74) OPRTL1.DOC     2 08-Aug-85 16:13 -- current
(TSUCOOP     :  74) LP20FF.010    12 26-Aug-85 10:09 -- current
(TSUCOOP     :  74) NODLOF.016    33 05-Sep-85 14:56 -- current
(TSUCOOP     :  74) CRASH.M       47 25-Oct-87 08:30 -- current
(TSUCOOP     :  74) COSTF.202      4 19-Mar-75 17:00 -- current
(TSUCOOP     :  74) BCHARF.025    23 19-Mar-75 17:00 -- current
(TSUCOOP     :  74) BCHARF.240    23 19-Mar-75 17:00 -- current
(TSUCOOP     :  74) L1600F.001     4 19-Mar-75 17:00 -- current
(TSUCOOP     :  74) L1600F.100     4 19-Mar-75 17:00 -- current
(TSUCOOP     :  74) MAGCOF.417   163 19-Mar-75 17:00 -- current
(TSUCOOP     :  74) MAGCOF.500   199 19-Mar-75 17:00 -- current
(TSUCOOP     :  74) SPECXF.100    17 19-Mar-75 17:00 -- current
(TSUCOOP     :  74) SPECXF.200    17 19-Mar-75 17:00 -- current
(TSUCOOP     :  74) UPDLUF.100     2 19-Mar-75 17:00 -- current
(TSUCOOP     :  74) UPDLUF.113    61 19-Mar-75 17:00 -- current
(TSUCOOP     :  74) UPDLUF.127    62 19-Mar-75 17:00 -- current
(TSUCOOP     :  74) QA38.CMD      17 28-Oct-76 09:55 -- current
(TSUCOOP     :  74) INITIF.017    11 29-May-87 10:36 -- current
(TSUCOOP     :  74) RPGF.155      83 29-May-87 18:39 -- current
(TSUCOOP     :  74) RPGTRW.155    79 26-May-87 16:50 -- current
(TSUCOOP     :  74) INITIF.023    14 29-May-87 18:36 -- current
(TSUCOOP     :  74) RPGF.156      79 29-May-87 18:58 -- current
(TSUCOOP     :  74) FIND.DOC       3 22-Mar-83 14:47 -- current
(TSUCOOP     :  74) FIND.V15      11 29-Mar-83 10:31 -- current
(TSUCOOP     :  74) PEAK.INI       2 09-Mar-87 10:21 -- current
(TSUCOOP     :  74) FIND.REL      15 26-Sep-85 18:08 -- current
(TSUCOOP     :  74) FIND.HLP       3 25-May-84 08:41 -- current
(TSUCOOP     :  74) FIND.SAI      12 29-Mar-83 13:09 -- current
(TSUCOOP     :  74) FIND.V14      11 24-Mar-83 12:00 -- current
(TSUCOOP     :  74) INFOR0.DOC     3 09-May-86 17:15 -- current
(TSUCOOP     :  74) OPRTL2.MEM     2 09-May-86 17:17 -- current
(TSUCOOP     :  74) OPRTL2.DOC     2 09-May-86 17:17 -- current
(TSUCOOP     :  74) ACCTN0.DOC     2 09-May-86 17:18 -- current
(TSUCOOP     :  74) INITIF.O17    10 19-Mar-75 17:00 -- current
(TSUCOOP     :  74) TAP.MAC       63 25-Apr-85 12:01 -- current
(TSUCOOP     :  74) TAP.160       61 25-Apr-85 12:01 -- current
(TSUCOOP     :  74) TAP.161       62 25-Apr-85 12:01 -- current
(TSUCOOP     :  74) TAP.162       63 25-Apr-85 12:01 -- current
(TSUCOOP     :  74) TAP.DIF        2 25-Apr-85 12:01 -- current
(TSUCOOP     :  74) FDM.INF        2 20-Dec-77 13:28 -- current
(TSUCOOP     :  74) PIPF.200      95 19-Mar-87 13:11 -- current
(TSUCOOP     :  74) 900631.CMD     2 20-Mar-87 14:40 -- current
(TSUCOOP     :  74) FDM.SAV       21 20-Mar-87 17:31 -- current
(TSUCOOP     :  74) FDM.DOC        4 03-Apr-87 14:07 -- current
(TSUCOOP     :  74) PIPF.X00      95 11-Mar-87 16:18 -- current
(TSUCOOP     :  74) DI             2 18-Mar-87 11:37 -- current
(TSUCOOP     :  74) ERG            2 18-Mar-87 11:37 -- current
(TSUCOOP     :  74) ERN            2 18-Mar-87 11:37 -- current
(TSUCOOP     :  74) SPOR.TTY       2 18-Mar-87 11:37 -- current
(TSUCOOP     :  74) TEL.CMD        2 18-Mar-87 11:37 -- current
(TSUCOOP     :  74) TELECO.BLD     2 18-Mar-87 11:37 -- current
(TSUCOOP     :  74) TELECO.CKS     2 18-Mar-87 11:37 -- current
(TSUCOOP     :  74) TELECO.CMD     2 18-Mar-87 11:37 -- current
(TSUCOOP     :  74) TELECO.DOC    12 18-Mar-87 11:37 -- current
(TSUCOOP     :  74) TELECO.FIL     2 18-Mar-87 11:37 -- current
(TSUCOOP     :  74) TELECO.INF    17 18-Mar-87 11:37 -- current
(TSUCOOP     :  74) TELECO.MAC    32 18-Mar-87 11:37 -- current
(TSUCOOP     :  74) TELECO.RNO    16 18-Mar-87 11:37 -- current
(TSUCOOP     :  74) TELECO.PCO     2 18-Mar-87 11:37 -- current
(TSUCOOP     :  74) TELECO.DIF     2 18-Mar-87 11:37 -- current
(TSUCOOP     :  74) SETOPF.200    60 28-Jun-85 10:14 -- current
(TSUCOOP     :  74) LDCPL1.DOC     2 20-Jun-85 14:14 -- current
(TSUCOOP     :  74) KSFEFF.010     8 20-Jun-85 11:28 -- current
(TSUCOOP     :  74) FTALOF.030    12 25-Jun-85 17:17 -- current
(TSUCOOP     :  74) KSFEFF.020    14 28-Aug-85 13:09 -- current
(TSUCOOP     :  74) OPRT1T.001    46 07-Aug-85 12:33 -- current
(TSUCOOP     :  74) TEL.SAV       55 25-Oct-87 22:04 -- current
(TSUCOOP     :  74) X.LOG          3 25-Oct-87 11:52 -- current
(TSUCOOP     :  74) X.BAK          4 25-Oct-87 11:45 -- current
(TSUCOOP     :  74) TELECO.FDM   123 23-Dec-86 12:29 -- current
(TSUCOOP     :  74) TELECO.S23    38 07-Mar-86 21:07 -- current
(TSUCOOP     :  74) TELECO.D23     2 07-Mar-86 20:46 -- current
(TSUCOOP     :  74) TELECO.L23     2 07-Mar-86 20:46 -- current
(TSUCOOP     :  74) TELECO.223    32 15-Oct-85 12:11 -- current
(TSUCOOP     :  74) OSNF.DIR       1 03-Feb-88 09:15 -- current
(TSUCOOP     :  74) TAPSLF.100    45 19-Mar-75 17:00 -- current
(TSUCOOP     :  74) TAPSLF.101    50 19-Mar-75 17:00 -- current
(TSUCOOP     :  74) TAPSLF.102    67 19-Mar-75 17:00 -- current
(TSUCOOP     :  74) GFD.INF        2 18-Mar-87 15:50 -- current
(TSUCOOP     :  74) GFD.MAC       12 22-May-87 15:20 -- current
(TSUCOOP     :  74) GFD.SAV        3 22-May-87 16:27 -- current
(TSUCOOP     :  74) GFD.CTL        2 22-May-87 16:24 -- current
(TSUCOOP     :  74) GFD.LOG        2 22-May-87 16:27 -- current
(TSUCOOP     :  74) BACKUP.DOC     2 19-Apr-85 11:30 -- current
(TSUCOOP     :  74) SWITCH.INI     2 20-Apr-87 15:30 -- current
(TSUCOOP     :  74) MINUTE.PUB     2 11-Nov-82 14:02 -- current
(TSUCOOP     :  74) INFOR1.MEM     4 09-May-86 17:15 -- current
(TSUCOOP     :  74) LDCPL2.DOC     2 09-May-86 17:16 -- current
(TSUCOOP     :  74) BACKUP.FRM     5 10-Jun-86 12:53 -- current
(TSUCOOP     :  74) SAIL.DEF       3 03-Aug-83 07:48 -- current
(TSUCOOP     :  74) SETLIC.MAC     5 14-Mar-85 11:50 -- current
(TSUCOOP     :  74) SETLIC.SAV     2 19-Oct-78 17:06 -- current
(TSUCOOP     :  74) SETLIC.006     5 12-Mar-87 21:12 -- current
(TSUCOOP     :  74) CRSHID.45     73 14-Mar-85 12:26 -- current
(TSUCOOP     :  74) COM.MAC        2 25-Apr-85 12:01 -- current
(TSUCOOP     :  74) UUOFLG.MAC     2 25-Apr-85 12:01 -- current
(TSUCOOP     :  74) COM.161        2 25-Apr-85 12:01 -- current
(TSUCOOP     :  74) COM.162        2 25-Apr-85 12:01 -- current
(TSUCOOP     :  74) COM.DIF        2 25-Apr-85 12:01 -- current
(TSUCOOP     :  74) COPYCF.006     4 19-Mar-87 13:09 -- current
(TSUCOOP     :  74) FILES.DOC      7 20-Mar-87 13:24 -- current
(TSUCOOP     :  74) 59143.TXT      2 20-Mar-87 14:40 -- current
(TSUCOOP     :  74) TODAY.LOG      2 20-Mar-87 15:06 -- current
(TSUCOOP     :  74) SWITCH.BAK     2 20-Apr-87 15:28 -- current
(TSUCOOP     :  74) DSKIO.CMD      2 18-Mar-87 11:37 -- current
(TSUCOOP     :  74) DSKIO.MAC     11 18-Mar-87 11:37 -- current
(TSUCOOP     :  74) TIMER          2 18-Mar-87 11:37 -- current
(TSUCOOP     :  74) TRANS.CMD      2 18-Mar-87 11:37 -- current
(TSUCOOP     :  74) TRANS.MAC      7 18-Mar-87 11:37 -- current
(TSUCOOP     :  74) MONPR1.DOC     2 24-Jun-85 13:58 -- current
(TSUCOOP     :  74) DSKTA1.DOC     3 14-Jun-85 12:18 -- current
(TSUCOOP     :  74) MAGRIF.060     4 25-Jun-85 17:16 -- current
(TSUCOOP     :  74) OPPSF.040      7 28-Jun-85 10:14 -- current
(TSUCOOP     :  74) ACCT0A.001    25 27-Jun-85 16:10 -- current
(TSUCOOP     :  74) SESS0A.001    67 27-Jun-85 17:47 -- current
(TSUCOOP     :  74) MAGWRF.010    11 26-Aug-85 10:08 -- current
(TSUCOOP     :  74) OPRT2T.001    27 29-Aug-85 12:10 -- current
(TSUCOOP     :  74) Y.BAK          3 25-Oct-87 12:28 -- current
(TSUCOOP     :  74) CONFF.FDM     13 19-Mar-75 17:00 -- current
(TSUCOOP     :  74) TENINF.200   128 19-Mar-75 17:00 -- current
(TSUCOOP     :  74) TENINF.300   136 19-Mar-75 17:00 -- current
(TSUCOOP     :  74) UPDATF.100     7 19-Mar-75 17:00 -- current
(TSUCOOP     :  74) UPDATF.101     9 19-Mar-75 17:00 -- current
(TSUCOOP     :  74) MAIL           1 09-Mar-87 14:23 -- current
(TSUCOOP     :  74) INITIA.M25    12 21-May-87 17:00 -- current
(TSUCOOP     :  74) INITIA.M23    11 29-May-87 11:12 -- current
(TSUCOOP     :  74) INITIA.LOG     2 29-May-87 18:33 -- current
(TSUCOOP     :  74) INITIA.CTL     2 29-May-87 18:29 -- current
(TSUCOOP     :  74) INITIA.SAV     3 29-May-87 18:34 -- current
(TSUCOOP     :  74) MAGNUM.DI5     2 04-Mar-85 11:47 -- current
(TSUCOOP     :  74) MAGNUM.DI1     2 04-Mar-85 12:23 -- current
(TSUCOOP     :  74) MAGNUM.DOC     7 14-Jun-84 15:12 -- current
(TSUCOOP     :  74) BATCON.DOC    10 11-Nov-82 09:48 -- current
(TSUCOOP     :  74) CMDPRO.SAI     3 05-May-83 12:26 -- current
(TSUCOOP     :  74) CMDPRO.HDR     2 05-May-83 12:25 -- current
(TSUCOOP     :  74) PASCA3.DIR     5 09-May-86 15:52 -- current
(TSUCOOP     :  74) MONPR2.MEM     2 09-May-86 17:17 -- current
(TSUCOOP     :  74) LOGOUF.471    18 22-May-87 09:29 -- current
(TSUCOOP     :  74) LOGOUT.MAC    16 12-May-86 11:09 -- current
(TSUCOOP     :  74) LOGOUT.SHR     4 22-May-87 17:16 -- current
(TSUCOOP     :  74) LOGOUT.LOG     2 22-May-87 17:15 -- current
(TSUCOOP     :  74) LOGOUT.CTL     2 22-May-87 17:15 -- current
(TSUCOOP     :  74) LOGOUF.472    19 26-May-87 15:12 -- current
(TSUCOOP     :  74) DSKCLF.360    30 10-Jun-82 07:54 -- current
(TSUCOOP     :  74) MAIL.FWD       2 09-Mar-87 01:37 -- current
(TSUCOOP     :  74) LOADER.MAC    98 29-Mar-85 15:01 -- current
(TSUCOOP     :  74) LOGOUF.X71    18 11-Mar-87 16:18 -- current
(TSUCOOP     :  74) LOADER.COM     2 29-Mar-85 15:01 -- current
(TSUCOOP     :  74) LOADER.HOW     2 29-Mar-85 15:01 -- current
(TSUCOOP     :  74) LOADER.FIL     2 29-Mar-85 15:01 -- current
(TSUCOOP     :  74) LOADER.CKS     2 29-Mar-85 15:01 -- current
(TSUCOOP     :  74) LOADER.SAV    13 12-Mar-81 19:03 -- current
(TSUCOOP     :  74) SETE.MAC       4 14-Mar-85 11:50 -- current
(TSUCOOP     :  74) SETE.SAV       2 04-Jun-82 13:21 -- current
(TSUCOOP     :  74) SESSI0.DOC     2 27-Jun-85 17:44 -- current
(TSUCOOP     :  74) FLAGS          2 18-Mar-87 11:37 -- current
(TSUCOOP     :  74) LNKMSG         2 18-Mar-87 11:37 -- current
(TSUCOOP     :  74) MASTER.CMD     2 18-Mar-87 11:37 -- current
(TSUCOOP     :  74) MASTER.MAC     7 18-Mar-87 11:37 -- current
(TSUCOOP     :  74) REGS           2 18-Mar-87 11:37 -- current
(TSUCOOP     :  74) SLAVE.CMD      2 18-Mar-87 11:37 -- current
(TSUCOOP     :  74) SLAVE.MAC      7 18-Mar-87 11:37 -- current
(TSUCOOP     :  74) TPARAM         5 18-Mar-87 11:37 -- current
(TSUCOOP     :  74) TELE.DOC       2 18-Mar-87 11:37 -- current
(TSUCOOP     :  74) DSKCLF.036    36 19-Mar-87 13:10 -- current
(TSUCOOP     :  74) 62546.TXT      2 20-Mar-87 14:40 -- current
(TSUCOOP     :  74) 900309.CMD     2 20-Mar-87 14:40 -- current
(TSUCOOP     :  74) 900309.TXT     2 20-Mar-87 14:40 -- current
(TSUCOOP     :  74) UNDELF.020    41 25-Jun-85 17:31 -- current
(TSUCOOP     :  74) ASPF.060      48 27-Jun-85 15:29 -- current
(TSUCOOP     :  74) DSKTA2.DOC     2 27-Jun-85 14:51 -- current
(TSUCOOP     :  74) DSKT2A.001   386 27-Jun-85 16:05 -- current
(TSUCOOP     :  74) FILO0A.001   197 27-Jun-85 17:18 -- current
(TSUCOOP     :  74) MSTR0A.001    66 28-Jun-85 10:13 -- current
(TSUCOOP     :  74) OPRT1A.001   138 08-Aug-85 16:17 -- current
(TSUCOOP     :  74) LDCP2T.001     7 26-Aug-85 10:11 -- current
(TSUCOOP     :  74) INFO0T.001    27 28-Aug-85 11:01 -- current
(TSUCOOP     :  74) TEL0.LOG       3 25-Oct-87 12:32 -- current
(TSUCOOP     :  74) TELDIE.SAV    56 25-Oct-87 09:53 -- current
(TSUCOOP     :  74) TEL0.CMD       2 25-Oct-87 09:14 -- current
(TSUCOOP     :  74) TDSF.000      20 19-Mar-75 17:00 -- current
(TSUCOOP     :  74) MAGTAF.100    23 19-Mar-75 17:00 -- current
(TSUCOOP     :  74) SPOOLF.403   166 19-Mar-75 17:00 -- current
(TSUCOOP     :  74) SPOOLF.404   167 19-Mar-75 17:00 -- current
(TSUCOOP     :  74) SPAC76.FDM  1244 19-Mar-75 17:00 -- current
(TSUCOOP     :  74) LOGINF.673    33 29-May-87 19:18 -- current
(TSUCOOP     :  74) RPGUNV.MAC     4 18-Mar-87 11:35 -- current
(TSUCOOP     :  74) RPGUNV.UNV     2 29-May-87 18:50 -- current
(TSUCOOP     :  74) LOGINF.701    33 29-May-87 19:31 -- current
(TSUCOOP     :  74) DIRIT.INI      2 18-Mar-87 10:09 -- current
(TSUCOOP     :  74) TBAF.981      30 02-May-86 08:59 -- current
(TSUCOOP     :  74) FILOP0.DOC     3 09-May-86 17:17 -- current
(TSUCOOP     :  74) BIO.NEW        3 25-Oct-87 11:43 -- current
(TSUCOOP     :  74) BIO.MAC        3 18-Mar-87 11:37 -- current
(TSUCOOP     :  74) LOGINF.X73    33 11-Mar-87 16:21 -- current
(TSUCOOP     :  74) XTEND.DCL      3 21-Jan-83 05:49 -- current
(TSUCOOP     :  74) GETVER.MAC     3 25-Apr-85 12:01 -- current
(TSUCOOP     :  74) TITO.SAV      18 08-Apr-85 14:33 -- current
(TSUCOOP     :  74) TITO.DOC      21 21-Aug-81 15:30 -- current
(TSUCOOP     :  74) ASM.CMD        2 18-Mar-87 11:37 -- current
(TSUCOOP     :  74) BIO.CMD        2 18-Mar-87 11:37 -- current
(TSUCOOP     :  74) TEL1.CMD       2 18-Mar-87 11:37 -- current
(TSUCOOP     :  74) TITO.INF       2 25-Apr-85 12:01 -- current
(TSUCOOP     :  74) OPERF.016      7 19-Mar-87 13:11 -- current
(TSUCOOP     :  74) TITO.CKS       2 19-Mar-87 12:44 -- current
(TSUCOOP     :  74) TITO.CTL       2 19-Mar-87 12:47 -- current
(TSUCOOP     :  74) TITO.LOG       2 19-Mar-87 12:50 -- current
(TSUCOOP     :  74) TITO.CMD       2 19-Mar-87 12:51 -- current
(TSUCOOP     :  74) TRWFLS.CKS     2 19-Mar-87 13:06 -- current
(TSUCOOP     :  74) 64700.TXT      2 20-Mar-87 14:40 -- current
(TSUCOOP     :  74) TRWFLS.DOC     7 20-Mar-87 15:17 -- current
(TSUCOOP     :  74) BOOTSF.169    71 24-Jun-85 16:14 -- current
(TSUCOOP     :  74) BOTLOF.200     7 25-Jun-85 17:16 -- current
(TSUCOOP     :  74) BOOTSF.010     2 24-Jun-85 16:15 -- current
(TSUCOOP     :  74) OPRT2A.001    36 05-Sep-85 14:56 -- current
(TSUCOOP     :  74) ASMC.LOG       3 25-Oct-87 08:11 -- current
(TSUCOOP     :  74) ASMC.BAK       2 25-Oct-87 08:10 -- current
(TSUCOOP     :  74) ASMC.CTL       2 25-Oct-87 08:10 -- current
(TSUCOOP     :  74) ASMC.CMD       2 23-Dec-86 12:32 -- current
(TSUCOOP     :  74) NONAMF.035    22 19-Mar-75 17:00 -- current
(TSUCOOP     :  74) NONAMF.036    22 19-Mar-75 17:00 -- current
(TSUCOOP     :  74) RPGF1.126     74 19-Mar-75 17:00 -- current
(TSUCOOP     :  74) SYSTAF.616                       -- missing on slave
(TSUCOOP     :  74) TSUCOO.LOG                       -- missing on slave
Checking host 38
(TSUCOOP     :  38) SESS1.DOC      2 24-Apr-85 05:30 -- current
(TSUCOOP     :  38) CMD.MAC       33 25-Apr-85 12:01 -- current
(TSUCOOP     :  38) LISTEF.162    53 19-Mar-87 10:40 -- current
(TSUCOOP     :  38) GFDF.145      15 05-Jun-86 17:00 -- current
(TSUCOOP     :  38) TIE.SIM       21 20-Mar-87 14:40 -- current
(TSUCOOP     :  38) TIE.REL        6 20-Mar-87 14:57 -- current
(TSUCOOP     :  38) RPG.INI        2 20-Apr-87 15:25 -- current
(TSUCOOP     :  38) ACCESS.MSG     2 29-Jan-88 17:43 -- protection ALL  RD  NO
                           should be 15-Jan-88 16:31 DEDLOH  ALL  RD  RD
(TSUCOOP     :  38) UUOSYM.SAI     9 23-Jun-83 08:26 -- current
(TSUCOOP     :  38) ONESEG.MAC     2 29-Mar-85 15:01 -- current
(TSUCOOP     :  38) JOBSTT.MAC     8 18-Sep-85 16:27 -- extra not on master
(TSUCOOP     :  38) SSHELP.MAC     5 18-Sep-85 16:28 -- extra not on master
(TSUCOOP     :  38) SSPRAM.MAC     6 18-Sep-85 16:27 -- extra not on master
(TSUCOOP     :  38) UDBLOK.MAC     3 18-Sep-85 16:28 -- extra not on master
(TSUCOOP     :  38) SETEF.011      4 19-Mar-87 13:11 -- current
(TSUCOOP     :  38) TODAY2.LOG     6 19-Mar-87 13:07 -- current
(TSUCOOP     :  38) TIEMAC.MAC     9 20-Mar-87 14:40 -- current
(TSUCOOP     :  38) TIEMAC.REL     3 20-Mar-87 14:56 -- current
(TSUCOOP     :  38) COMMAN.DOC     3 02-Apr-85 11:08 -- current
(TSUCOOP     :  38) LODSAV.BLI     5 29-Mar-85 15:01 -- current
(TSUCOOP     :  38) SSCAN.MAC      6 18-Sep-85 16:28 -- extra not on master
(TSUCOOP     :  38) SYSCOM.MAC    11 18-Sep-85 16:27 -- extra not on master
(TSUCOOP     :  38) CHR.MAC        2 25-Apr-85 12:01 -- current
(TSUCOOP     :  38) UUO.MAC       20 25-Apr-85 12:01 -- current
(TSUCOOP     :  38) CKSUMF.603    24 19-Mar-87 13:09 -- current
(TSUCOOP     :  38) DIRITF.332    23 19-Mar-87 13:09 -- current
(TSUCOOP     :  38) TAKEIF.047   109 23-Mar-87 13:05 -- current
(TSUCOOP     :  38) TITOF.164    134 19-Mar-87 13:12 -- current
(TSUCOOP     :  38) EDITOF.360   173 06-May-87 16:05 -- current
(TSUCOOP     :  38) PEAK.INI       2 09-Mar-87 10:21 -- current
(TSUCOOP     :  38) SSDISK.MAC    17 18-Sep-85 16:28 -- extra not on master
(TSUCOOP     :  38) TAP.MAC       63 25-Apr-85 12:01 -- current
(TSUCOOP     :  38) TAP.160       61 25-Apr-85 12:01 -- current
(TSUCOOP     :  38) TAP.161       62 25-Apr-85 12:01 -- current
(TSUCOOP     :  38) TAP.162       63 25-Apr-85 12:01 -- current
(TSUCOOP     :  38) TAP.DIF        2 25-Apr-85 12:01 -- current
(TSUCOOP     :  38) FDM.INF        2 20-Dec-77 13:28 -- current
(TSUCOOP     :  38) INITIF.017    11 05-Jun-86 17:00 -- current
(TSUCOOP     :  38) PIPF.200      95 19-Mar-87 13:11 -- current
(TSUCOOP     :  38) RPGF.155      83 05-Jun-86 17:00 -- current
(TSUCOOP     :  38) 900631.CMD     2 20-Mar-87 14:40 -- current
(TSUCOOP     :  38) FDM.SAV       21 20-Mar-87 17:31 -- current
(TSUCOOP     :  38) FDM.DOC        4 03-Apr-87 14:07 -- current
(TSUCOOP     :  38) SAIL.DEF       3 03-Aug-83 07:48 -- current
(TSUCOOP     :  38) SETLIC.MAC     5 14-Mar-85 11:50 -- current
(TSUCOOP     :  38) SETLIC.SAV     2 19-Oct-78 17:06 -- current
(TSUCOOP     :  38) SETLIC.006     5 12-Mar-87 21:12 -- current
(TSUCOOP     :  38) CRSHID.45     73 14-Mar-85 12:26 -- current
(TSUCOOP     :  38) SSDSPL.MAC    13 18-Sep-85 16:28 -- extra not on master
(TSUCOOP     :  38) SSIO.MAC      16 18-Sep-85 18:10 -- extra not on master
(TSUCOOP     :  38) SYST.DOC       2 18-Sep-85 12:59 -- extra not on master
(TSUCOOP     :  38) COM.MAC        2 25-Apr-85 12:01 -- current
(TSUCOOP     :  38) UUOFLG.MAC     2 25-Apr-85 12:01 -- current
(TSUCOOP     :  38) COM.161        2 25-Apr-85 12:01 -- current
(TSUCOOP     :  38) COM.162        2 25-Apr-85 12:01 -- current
(TSUCOOP     :  38) COM.DIF        2 25-Apr-85 12:01 -- current
(TSUCOOP     :  38) COPYCF.006     4 19-Mar-87 13:09 -- current
(TSUCOOP     :  38) FILES.DOC      7 20-Mar-87 13:24 -- current
(TSUCOOP     :  38) 59143.TXT      2 20-Mar-87 14:40 -- current
(TSUCOOP     :  38) TODAY.LOG      2 20-Mar-87 15:06 -- current
(TSUCOOP     :  38) SWITCH.BAK     2 20-Apr-87 15:28 -- current
(TSUCOOP     :  38) SWITCH.INI     2 20-Apr-87 15:30 -- current
(TSUCOOP     :  38) MAIL.FWD       2 09-Mar-87 01:37 -- current
(TSUCOOP     :  38) LOADER.MAC    98 29-Mar-85 15:01 -- current
(TSUCOOP     :  38) LOADER.COM     2 29-Mar-85 15:01 -- current
(TSUCOOP     :  38) LOADER.HOW     2 29-Mar-85 15:01 -- current
(TSUCOOP     :  38) LOADER.FIL     2 29-Mar-85 15:01 -- current
(TSUCOOP     :  38) LOADER.CKS     2 29-Mar-85 15:01 -- current
(TSUCOOP     :  38) LOADER.SAV    13 12-Mar-81 19:03 -- current
(TSUCOOP     :  38) SETE.MAC       4 14-Mar-85 11:50 -- current
(TSUCOOP     :  38) SETE.SAV       2 04-Jun-82 13:21 -- current
(TSUCOOP     :  38) DDBLOK.MAC     3 18-Sep-85 16:28 -- extra not on master
(TSUCOOP     :  38) HEADER.MAC     2 18-Sep-85 16:27 -- extra not on master
(TSUCOOP     :  38) SYSTAT.CMD     2 18-Sep-85 12:59 -- extra not on master
(TSUCOOP     :  38) SYSTAT.CKS     2 18-Sep-85 18:20 -- extra not on master
(TSUCOOP     :  38) SYSTAT.DIF     5 18-Sep-85 18:19 -- extra not on master
(TSUCOOP     :  38) SYSTAT.DOC    11 18-Sep-85 12:59 -- extra not on master
(TSUCOOP     :  38) SYSTAT.FIL     2 18-Sep-85 12:59 -- extra not on master
(TSUCOOP     :  38) SYSTAT.MAC    14 18-Sep-85 16:28 -- extra not on master
(TSUCOOP     :  38) SYSTAT.PUB     8 18-Sep-85 12:59 -- extra not on master
(TSUCOOP     :  38) DSKCLF.036    36 19-Mar-87 13:10 -- current
(TSUCOOP     :  38) LOGOUF.471    18 05-Jun-86 17:00 -- current
(TSUCOOP     :  38) SYSTAF.617   101 19-Mar-87 13:11 -- extra not on master
(TSUCOOP     :  38) 62546.TXT      2 20-Mar-87 14:40 -- current
(TSUCOOP     :  38) 900309.CMD     2 20-Mar-87 14:40 -- current
(TSUCOOP     :  38) 900309.TXT     2 20-Mar-87 14:40 -- current
(TSUCOOP     :  38) XTEND.DCL      3 21-Jan-83 05:49 -- current
(TSUCOOP     :  38) SSLOW.MAC      5 18-Sep-85 16:28 -- extra not on master
(TSUCOOP     :  38) GETVER.MAC     3 25-Apr-85 12:01 -- current
(TSUCOOP     :  38) TITO.SAV      18 08-Apr-85 14:33 -- current
(TSUCOOP     :  38) TITO.DOC      21 21-Aug-81 15:30 -- current
(TSUCOOP     :  38) BIO.MAC        3 18-Mar-87 11:37 -- current
(TSUCOOP     :  38) TITO.INF       2 25-Apr-85 12:01 -- current
(TSUCOOP     :  38) DIRIT.INI      2 18-Mar-87 10:09 -- current
(TSUCOOP     :  38) LOGINF.673    33 05-Jun-86 17:00 -- current
(TSUCOOP     :  38) OPERF.016      7 19-Mar-87 13:11 -- current
(TSUCOOP     :  38) TITO.CKS       2 19-Mar-87 12:44 -- current
(TSUCOOP     :  38) TITO.CTL       2 19-Mar-87 12:47 -- current
(TSUCOOP     :  38) TITO.LOG       2 19-Mar-87 12:50 -- current
(TSUCOOP     :  38) TITO.CMD       2 19-Mar-87 12:51 -- current
(TSUCOOP     :  38) TRWFLS.CKS     2 19-Mar-87 13:06 -- current
(TSUCOOP     :  38) 64700.TXT      2 20-Mar-87 14:40 -- current
(TSUCOOP     :  38) TRWFLS.DOC     7 20-Mar-87 15:17 -- current
(TSUCOOP     :  38) RPGF1.126                        -- missing on slave
(TSUCOOP     :  38) NONAMF.036                       -- missing on slave
(TSUCOOP     :  38) NONAMF.035                       -- missing on slave
(TSUCOOP     :  38) ASMC.CMD                         -- missing on slave
(TSUCOOP     :  38) ASMC.CTL                         -- missing on slave
(TSUCOOP     :  38) ASMC.BAK                         -- missing on slave
(TSUCOOP     :  38) ASMC.LOG                         -- missing on slave
(TSUCOOP     :  38) OPRT2A.001                       -- missing on slave
(TSUCOOP     :  38) BOOTSF.010                       -- missing on slave
(TSUCOOP     :  38) BOTLOF.200                       -- missing on slave
(TSUCOOP     :  38) BOOTSF.169                       -- missing on slave
(TSUCOOP     :  38) TEL1.CMD                         -- missing on slave
(TSUCOOP     :  38) BIO.CMD                          -- missing on slave
(TSUCOOP     :  38) ASM.CMD                          -- missing on slave
(TSUCOOP     :  38) LOGINF.X73                       -- missing on slave
(TSUCOOP     :  38) BIO.NEW                          -- missing on slave
(TSUCOOP     :  38) FILOP0.DOC                       -- missing on slave
(TSUCOOP     :  38) TBAF.981                         -- missing on slave
(TSUCOOP     :  38) LOGINF.701                       -- missing on slave
(TSUCOOP     :  38) RPGUNV.UNV                       -- missing on slave
(TSUCOOP     :  38) RPGUNV.MAC                       -- missing on slave
(TSUCOOP     :  38) SYSTAF.616                       -- missing on slave
(TSUCOOP     :  38) SPAC76.FDM                       -- missing on slave
(TSUCOOP     :  38) SPOOLF.404                       -- missing on slave
(TSUCOOP     :  38) SPOOLF.403                       -- missing on slave
(TSUCOOP     :  38) MAGTAF.100                       -- missing on slave
(TSUCOOP     :  38) TDSF.000                         -- missing on slave
(TSUCOOP     :  38) TEL0.CMD                         -- missing on slave
(TSUCOOP     :  38) TELDIE.SAV                       -- missing on slave
(TSUCOOP     :  38) TEL0.LOG                         -- missing on slave
(TSUCOOP     :  38) INFO0T.001                       -- missing on slave
(TSUCOOP     :  38) LDCP2T.001                       -- missing on slave
(TSUCOOP     :  38) OPRT1A.001                       -- missing on slave
(TSUCOOP     :  38) MSTR0A.001                       -- missing on slave
(TSUCOOP     :  38) FILO0A.001                       -- missing on slave
(TSUCOOP     :  38) DSKT2A.001                       -- missing on slave
(TSUCOOP     :  38) DSKTA2.DOC                       -- missing on slave
(TSUCOOP     :  38) ASPF.060                         -- missing on slave
(TSUCOOP     :  38) UNDELF.020                       -- missing on slave
(TSUCOOP     :  38) TELE.DOC                         -- missing on slave
(TSUCOOP     :  38) TPARAM                           -- missing on slave
(TSUCOOP     :  38) SLAVE.MAC                        -- missing on slave
(TSUCOOP     :  38) SLAVE.CMD                        -- missing on slave
(TSUCOOP     :  38) REGS                             -- missing on slave
(TSUCOOP     :  38) MASTER.MAC                       -- missing on slave
(TSUCOOP     :  38) MASTER.CMD                       -- missing on slave
(TSUCOOP     :  38) LNKMSG                           -- missing on slave
(TSUCOOP     :  38) FLAGS                            -- missing on slave
(TSUCOOP     :  38) SESSI0.DOC                       -- missing on slave
(TSUCOOP     :  38) LOGOUF.X71                       -- missing on slave
(TSUCOOP     :  38) DSKCLF.360                       -- missing on slave
(TSUCOOP     :  38) LOGOUF.472                       -- missing on slave
(TSUCOOP     :  38) LOGOUT.CTL                       -- missing on slave
(TSUCOOP     :  38) LOGOUT.LOG                       -- missing on slave
(TSUCOOP     :  38) LOGOUT.SHR                       -- missing on slave
(TSUCOOP     :  38) LOGOUT.MAC                       -- missing on slave
(TSUCOOP     :  38) MONPR2.MEM                       -- missing on slave
(TSUCOOP     :  38) PASCA3.DIR                       -- missing on slave
(TSUCOOP     :  38) CMDPRO.HDR                       -- missing on slave
(TSUCOOP     :  38) CMDPRO.SAI                       -- missing on slave
(TSUCOOP     :  38) BATCON.DOC                       -- missing on slave
(TSUCOOP     :  38) MAGNUM.DOC                       -- missing on slave
(TSUCOOP     :  38) MAGNUM.DI1                       -- missing on slave
(TSUCOOP     :  38) MAGNUM.DI5                       -- missing on slave
(TSUCOOP     :  38) INITIA.SAV                       -- missing on slave
(TSUCOOP     :  38) INITIA.CTL                       -- missing on slave
(TSUCOOP     :  38) INITIA.LOG                       -- missing on slave
(TSUCOOP     :  38) INITIA.M23                       -- missing on slave
(TSUCOOP     :  38) INITIA.M25                       -- missing on slave
(TSUCOOP     :  38) MAIL                             -- missing on slave
(TSUCOOP     :  38) UPDATF.101                       -- missing on slave
(TSUCOOP     :  38) UPDATF.100                       -- missing on slave
(TSUCOOP     :  38) TENINF.300                       -- missing on slave
(TSUCOOP     :  38) TENINF.200                       -- missing on slave
(TSUCOOP     :  38) CONFF.FDM                        -- missing on slave
(TSUCOOP     :  38) Y.BAK                            -- missing on slave
(TSUCOOP     :  38) OPRT2T.001                       -- missing on slave
(TSUCOOP     :  38) MAGWRF.010                       -- missing on slave
(TSUCOOP     :  38) SESS0A.001                       -- missing on slave
(TSUCOOP     :  38) ACCT0A.001                       -- missing on slave
(TSUCOOP     :  38) OPPSF.040                        -- missing on slave
(TSUCOOP     :  38) MAGRIF.060                       -- missing on slave
(TSUCOOP     :  38) DSKTA1.DOC                       -- missing on slave
(TSUCOOP     :  38) MONPR1.DOC                       -- missing on slave
(TSUCOOP     :  38) TRANS.MAC                        -- missing on slave
(TSUCOOP     :  38) TRANS.CMD                        -- missing on slave
(TSUCOOP     :  38) TIMER                            -- missing on slave
(TSUCOOP     :  38) DSKIO.MAC                        -- missing on slave
(TSUCOOP     :  38) DSKIO.CMD                        -- missing on slave
(TSUCOOP     :  38) BACKUP.FRM                       -- missing on slave
(TSUCOOP     :  38) LDCPL2.DOC                       -- missing on slave
(TSUCOOP     :  38) INFOR1.MEM                       -- missing on slave
(TSUCOOP     :  38) MINUTE.PUB                       -- missing on slave
(TSUCOOP     :  38) BACKUP.DOC                       -- missing on slave
(TSUCOOP     :  38) GFD.LOG                          -- missing on slave
(TSUCOOP     :  38) GFD.CTL                          -- missing on slave
(TSUCOOP     :  38) GFD.SAV                          -- missing on slave
(TSUCOOP     :  38) GFD.MAC                          -- missing on slave
(TSUCOOP     :  38) GFD.INF                          -- missing on slave
(TSUCOOP     :  38) TAPSLF.102                       -- missing on slave
(TSUCOOP     :  38) TAPSLF.101                       -- missing on slave
(TSUCOOP     :  38) TAPSLF.100                       -- missing on slave
(TSUCOOP     :  38) OSNF.DIR                         -- missing on slave
(TSUCOOP     :  38) TELECO.223                       -- missing on slave
(TSUCOOP     :  38) TELECO.L23                       -- missing on slave
(TSUCOOP     :  38) TELECO.D23                       -- missing on slave
(TSUCOOP     :  38) TELECO.S23                       -- missing on slave
(TSUCOOP     :  38) TELECO.FDM                       -- missing on slave
(TSUCOOP     :  38) X.BAK                            -- missing on slave
(TSUCOOP     :  38) X.LOG                            -- missing on slave
(TSUCOOP     :  38) TEL.SAV                          -- missing on slave
(TSUCOOP     :  38) OPRT1T.001                       -- missing on slave
(TSUCOOP     :  38) KSFEFF.020                       -- missing on slave
(TSUCOOP     :  38) FTALOF.030                       -- missing on slave
(TSUCOOP     :  38) KSFEFF.010                       -- missing on slave
(TSUCOOP     :  38) LDCPL1.DOC                       -- missing on slave
(TSUCOOP     :  38) SETOPF.200                       -- missing on slave
(TSUCOOP     :  38) TELECO.DIF                       -- missing on slave
(TSUCOOP     :  38) TELECO.PCO                       -- missing on slave
(TSUCOOP     :  38) TELECO.RNO                       -- missing on slave
(TSUCOOP     :  38) TELECO.MAC                       -- missing on slave
(TSUCOOP     :  38) TELECO.INF                       -- missing on slave
(TSUCOOP     :  38) TELECO.FIL                       -- missing on slave
(TSUCOOP     :  38) TELECO.DOC                       -- missing on slave
(TSUCOOP     :  38) TELECO.CMD                       -- missing on slave
(TSUCOOP     :  38) TELECO.CKS                       -- missing on slave
(TSUCOOP     :  38) TELECO.BLD                       -- missing on slave
(TSUCOOP     :  38) TEL.CMD                          -- missing on slave
(TSUCOOP     :  38) SPOR.TTY                         -- missing on slave
(TSUCOOP     :  38) ERN                              -- missing on slave
(TSUCOOP     :  38) ERG                              -- missing on slave
(TSUCOOP     :  38) DI                               -- missing on slave
(TSUCOOP     :  38) PIPF.X00                         -- missing on slave
(TSUCOOP     :  38) INITIF.O17                       -- missing on slave
(TSUCOOP     :  38) ACCTN0.DOC                       -- missing on slave
(TSUCOOP     :  38) OPRTL2.DOC                       -- missing on slave
(TSUCOOP     :  38) OPRTL2.MEM                       -- missing on slave
(TSUCOOP     :  38) INFOR0.DOC                       -- missing on slave
(TSUCOOP     :  38) FIND.V14                         -- missing on slave
(TSUCOOP     :  38) FIND.SAI                         -- missing on slave
(TSUCOOP     :  38) FIND.HLP                         -- missing on slave
(TSUCOOP     :  38) FIND.REL                         -- missing on slave
(TSUCOOP     :  38) FIND.V15                         -- missing on slave
(TSUCOOP     :  38) FIND.DOC                         -- missing on slave
(TSUCOOP     :  38) RPGF.156                         -- missing on slave
(TSUCOOP     :  38) INITIF.023                       -- missing on slave
(TSUCOOP     :  38) RPGTRW.155                       -- missing on slave
(TSUCOOP     :  38) QA38.CMD                         -- missing on slave
(TSUCOOP     :  38) UPDLUF.127                       -- missing on slave
(TSUCOOP     :  38) UPDLUF.113                       -- missing on slave
(TSUCOOP     :  38) UPDLUF.100                       -- missing on slave
(TSUCOOP     :  38) SPECXF.200                       -- missing on slave
(TSUCOOP     :  38) SPECXF.100                       -- missing on slave
(TSUCOOP     :  38) MAGCOF.500                       -- missing on slave
(TSUCOOP     :  38) MAGCOF.417                       -- missing on slave
(TSUCOOP     :  38) L1600F.100                       -- missing on slave
(TSUCOOP     :  38) L1600F.001                       -- missing on slave
(TSUCOOP     :  38) BCHARF.240                       -- missing on slave
(TSUCOOP     :  38) BCHARF.025                       -- missing on slave
(TSUCOOP     :  38) COSTF.202                        -- missing on slave
(TSUCOOP     :  38) CRASH.M                          -- missing on slave
(TSUCOOP     :  38) NODLOF.016                       -- missing on slave
(TSUCOOP     :  38) LP20FF.010                       -- missing on slave
(TSUCOOP     :  38) OPRTL1.DOC                       -- missing on slave
(TSUCOOP     :  38) MSTRL0.DOC                       -- missing on slave
(TSUCOOP     :  38) DIRITF.331                       -- missing on slave
(TSUCOOP     :  38) TITOF.163                        -- missing on slave
(TSUCOOP     :  38) W                                -- missing on slave
(TSUCOOP     :  38) TF.MAC                           -- missing on slave
(TSUCOOP     :  38) TF.CMD                           -- missing on slave
(TSUCOOP     :  38) TAKEIF.470                       -- missing on slave
(TSUCOOP     :  38) FLDCOS.RPT                       -- missing on slave
(TSUCOOP     :  38) FLDCID.RPT                       -- missing on slave
(TSUCOOP     :  38) UNDONE.MEM                       -- missing on slave
(TSUCOOP     :  38) RPGINI.CTL                       -- missing on slave
(TSUCOOP     :  38) RPGALL.CTL                       -- missing on slave
(TSUCOOP     :  38) RPGINI.MAC                       -- missing on slave
(TSUCOOP     :  38) TSUCOO.LOG                       -- missing on slave
(TSUCOOP     :  38) TSUCOO.RCF                       -- missing on slave
(TSUCOOP     :  38) TELECF.222                       -- missing on slave
(TSUCOOP     :  38) TELECF.223                       -- missing on slave
(TSUCOOP     :  38) TELDDT.SAV                       -- missing on slave
(TSUCOOP     :  38) ERRCHF.012                       -- missing on slave
(TSUCOOP     :  38) BACKUF.152                       -- missing on slave
(TSUCOOP     :  38) CHKPNF.303                       -- missing on slave
(TSUCOOP     :  38) CHNREC.SAI                       -- missing on slave
(TSUCOOP     :  38) CHNREC.HDR                       -- missing on slave
(TSUCOOP     :  38) CHKPNF.304                       -- missing on slave
(TSUCOOP     :  38) TELCRF.SWM                       -- missing on slave
(TSUCOOP     :  38) TAPLIF.100                       -- missing on slave
(TSUCOOP     :  38) MICROF.200                       -- missing on slave
(TSUCOOP     :  38) MICROF.001                       -- missing on slave
(TSUCOOP     :  38) FTYPEF.105                       -- missing on slave
(TSUCOOP     :  38) RELOAF.012                       -- missing on slave
(TSUCOOP     :  38) INFO0A.001                       -- missing on slave
(TSUCOOP     :  38) LDCP2A.001                       -- missing on slave
(TSUCOOP     :  38) FILCF2.316                       -- missing on slave
(TSUCOOP     :  38) HACKUF.152                       -- missing on slave
(TSUCOOP     :  38) VAR.MAC                          -- missing on slave
(TSUCOOP     :  38) RF.MAC                           -- missing on slave
(TSUCOOP     :  38) RF.CMD                           -- missing on slave
(TSUCOOP     :  38) IO                               -- missing on slave
(TSUCOOP     :  38) GFDF.X45                         -- missing on slave
(TSUCOOP     :  38) BNOT                             -- missing on slave
(TSUCOOP     :  38) BACCTG.DOC                       -- missing on slave
(TSUCOOP     :  38) LOGINN.SHR                       -- missing on slave
(TSUCOOP     :  38) LOGINN.CTL                       -- missing on slave
(TSUCOOP     :  38) LOGINN.CKS                       -- missing on slave
(TSUCOOP     :  38) LOGINN.MAC                       -- missing on slave
(TSUCOOP     :  38) LOGINN.FIL                       -- missing on slave
(TSUCOOP     :  38) LOGINN.BAK                       -- missing on slave
(TSUCOOP     :  38) LOGINN.LOG                       -- missing on slave
(TSUCOOP     :  38) RPG.CTL                          -- missing on slave
(TSUCOOP     :  38) RPG.LOG                          -- missing on slave
(TSUCOOP     :  38) RPG.FIL                          -- missing on slave
(TSUCOOP     :  38) RPG.SHR                          -- missing on slave
(TSUCOOP     :  38) RPGMAI.MAC                       -- missing on slave
(TSUCOOP     :  38) RPG.MAC                          -- missing on slave
(TSUCOOP     :  38) GFDF.146                         -- missing on slave

End of SAIL execution
!LOGOUT
609.15 tru
terminal time: 0:09:09
	 