
OPENING CIRCUIT TO 31

PROCESSING FILE DEFS.TBA

NEW FILE

CLOSING CIRCUIT TO 31

OPENING CIRCUIT TO 32

PROCESSING FILE DEFS.TBA

NEW FILE

CLOSING CIRCUIT TO 32

OPENING CIRCUIT TO 33

PROCESSING FILE DEFS.TBA

OLD FILE

CLOSING CIRCUIT TO 33

OPENING CIRCUIT TO 34

PROCESSING FILE DEFS.TBA

NEW FILE

CLOSING CIRCUIT TO 34

OPENING CIRCUIT TO 35

PROCESSING FILE DEFS.TBA

NEW FILE

CLOSING CIRCUIT TO 35

OPENING CIRCUIT TO 36

PROCESSING FILE DEFS.TBA

NEW FILE

CLOSING CIRCUIT TO 36

OPENING CIRCUIT TO 38

PROCESSING FILE DEFS.TBA

NEW FILE
