.DCOM DCMMD1.LOG=DCMMD.CTL/TIME:0/NOMAIL
[PCOM in frame 11]
.DCOM DCMMD2.LOG=DCMMD.CTL/TIME:0/NOMAIL
[PCOM in frame 13]
.DCOM DCMMD3.LOG=DCMMD.CTL/TIME:0/NOMAIL
[PCOM in frame 17]
.DCOM HUMP1.LOG=HUMP1.CTL/TIME:0/NOMAIL
[PCOM in frame 8]
.DCOM HUMP2.LOG=HUMP2.CTL/TIME:0/NOMAIL
[PCOM in frame 21]
.RUN RUNNER
Number of frames: 3
Load: XCORE

End of SAIL execution
.SYSTAT

TYMSHARE X32-P035/E-1 3-2-89 at  3:10:31 on Wed Feb 27,1991
25 jobs in use out of 49.  16 detached

JOB  TYMNET    PORT  PROG  PAGES  STATE     TRU  CONNECT USER NAME
 2  DETACHED        CHKPNT   6    TI       2.49  0:00:05 OPER +$
 3  DETACHED        CRSHID  50    SL       6.29  0:00:08 OPER +
 4  DETACHED        CRON    42    SL       6.01  0:00:13 PERPOPER +
 5  DETACHED        XEXEC  110    SL      22.36  0:00:45 PERPOPER +$
 6  DETACHED        EXECX  162    SL      26.00  0:00:00 PERPOPER +$
 7  DETACHED        SYSLOG  36    SL      13.08  0:00:00 PERPOPER
 8  DETACHED        PCOM    79    SL       4.92  0:00:00 DIAG10F +$
 9  DETACHED        PCOM    79    SL       6.67  0:00:00 DIAG10F +$
10* X14-base   #203 SYSTAT  32    RN      17.39  0:03:26 DIAG10F +$
11  DETACHED        PCOM    79    SL       6.51  0:00:00 DIAG10F +$
12  X14-base   #205 DCMMD  510    RN    1093.71  0:03:25 DIAG10F +
13  DETACHED        PCOM    79    SL       6.50  0:00:00 DIAG10F +$
14  DETACHED        PCOM    79    SL       6.08  0:00:00 DIAG10F +$
15  X14-base   #207 DCMMD  510    RN     562.74  0:02:46 DIAG10F +
16  X14-base   #211 RONLY  256    RN    1826.67  0:02:46 DIAG10F +
17  DETACHED        PCOM    79    SL       6.02  0:00:00 DIAG10F +$
18  X14-base   #213 DCMMD  510    RN     349.05  0:02:04 DIAG10F +
19  X14-base   #201 HUMP1  180    RN     154.96  0:01:22 DIAG10F +
20  Solar-2466 #177 TITO    32    RN      14.33  0:01:17 OPER +
21  DETACHED        PCOM    79    SL       4.89  0:00:00 DIAG10F +$
22  X14-base   #215 HUMP2  196    RN      53.53  0:00:40 DIAG10F +
23  DETACHED        XCORE   42    RN      22.40  0:00:00 DIAG10F +
24  DETACHED        XCORE   98    RN      19.28  0:00:00 DIAG10F +
25  DETACHED        XCORE   98    RN      19.31  0:00:00 DIAG10F +
+ means TYMSHARE inhouse user
$ means RUN ONLY program

Users=25 Det=16 [24,17], Queues: RUN=11 DIO=0 TIO=1 IO=0 SPC=13

.DIRECT *.LOG/YESTERDAY

NO FILES SATISFYING REQUEST

.LOGOUT
[inferiors will be disowned]
28.28 tru
terminal time: 0:05:11
