[ --same-- ]

NEWUSER             NEWUSER        [1,14460]       16Jul85 
NEWUSER             NEWUSER        [1,14377]       30May85 na
00900               00900          [1,3006]         4Jun81 ih
CNFE2               CNFE2          [40,14021]       4Dec84 
SYSTEST             SYSTEST        [1,3037]        10Jun81 
TCHOW               TCHOW          [1,14576]       23Jul85 
00918               00918          [44,3025]        4Jun81 ih
CONSAT              CONSAT         [11334,174126]   7Oct83 
SCOFIELDJ           SCOFIELDJ      [40,14302]       4Apr85 
CNFE1               CNFE1          [40,14020]       4Dec84 
00917               00917          [1,3024]         4Jun81 ih
CYRANE              CYRANE         [40,5323]       15Dec83 
90925               90925          [1,3753]        20Jul82 ih
00904               00904          [1,2414]         4Jun81 
NETCON              NETCON         [21477,175306]  22Jan81 
JSTEIN              JSTEIN         [143,13644]     27Jul84 so
REDIRECT            REDIRECT       [1,5101]        20Jul83 
REDI                REDI           [1,5172]         8Sep83 
GLENN               GLENN          [1,5223]        20Sep83 so
00910               00910          [1,2416]         4Jun81 
BCHEN               BCHEN          [1,4322]         8Nov82 
ODDJOB              ODDJOB         [1,5313]         4Nov85 
GUISINGERB          GUISINGERB     [40,14303]       4Apr85 
HOUSTON             HOUSTON        [40,14015]       4Dec84 
00922               00922          [1,3031]         4Jun81 ih
INTLTECH            INTLTECH       [1,14655]       27Sep85 
TST5                TST5           [1,5144]        25Aug83 so
RLARSON             RLARSON        [1,2512]        27Jan81 
ABCDEF              ABCDEF         [1,5356]         4Feb84 
00919               00919          [1,3026]         4Jun81 ih
00924               00924          [1,2417]         4Jun81 
00911               00911          [1,3016]         4Jun81 ih
00923               00923          [1,3032]         4Jun81 ih
COLEMANR            COLEMANR       [40,5322]       15Dec83 
ZUCKER              ZUCKER         [10,125]        14Apr80 ih
00925               00925          [1,2420]        29Sep82 ih
00906               00906          [1,2415]         4Jun81 
PARKHURST           PARKHURST      [1,3236]        23Nov81 
00913               00913          [1,3020]         4Jun81 ih
00908               00908          [1,3014]         4Jun81 ih
LINDLEY             LINDLEY        [50527,402041]  15Jul85 
RED1                RED1           [1,5160]         2Sep83 ih
MG                  MG             [1,5226]        22Sep83 
BARNES              BARNES         [40,5276]       21Oct83 
FDESK/G             FDESK/G        [40,5411]       15Mar84 ih
TYLER               TYLER          [25,2506]       22Jan81 
SHARON              SHARON         [40,5456]       30Apr84 
STAGE               STAGE          [223,5205]      12Sep83 
HARRISC             HARRISC        [40,14017]       4Dec84 
MOSS                MOSS           [40,5271]       21Oct83 
CUPPLES             CUPPLES        [40,14016]       4Dec84 
00909               00909          [1,3015]         4Jun81 ih
BTI2699             BTI2699        [142,16116]      2Jul86 
NTSASY2             NTSASY2        [40,14776]      28Oct85 
00916               00916          [1,3023]         4Jun81 ih
00902               00902          [1,3010]         4Jun81 ih
LVDIAS              LVDIAS         [50527,402013]  15Jul85 
00914               00914          [1,3021]         4Jun81 ih
NTSASY1             NTSASY1        [40,14775]      28Oct85 
JDOSKOW             JDOSKOW        [1,16453]       30Jul87 so
00915               00915          [1,3022]         4Jun81 ih
NTSASY3             NTSASY3        [40,14777]      28Oct85 
NET3TEST            NET3TEST       [1,5301]        25Oct83 ih
900925              900925         [1,3754]        20Jul82 ih
00920               00920          [1,3027]         4Jun81 ih
SETZER              SETZER         [40,5032]       30Apr84 
JC                  JC             [1,5227]        22Sep83 ih
DANA                DANA           [40,5457]       30Apr84 
NTSASY4             NTSASY4        [40,15000]      28Oct85 
USER2               USER2          [625,14425]     20Jun85 
BTI2697             BTI2697        [142,16115]      2Jul86 
NETPAT              NETPAT         [1,2511]        24Jan81 
USER1               USER1          [624,14424]     20Jun85 
00901               00901          [1,3007]         4Jun81 ih

[ --same--: 74 hits ]
[ MASTER ]

.                   KLUTE          [1,4431]        16Feb84 
123123              ##TOM2762      [1,4330]        16Nov82 
924                 9924           [1,4262]         1Oct82 ih
ABCDEF              ABCDEF         [1,5356]         4Feb84 
ABCDEFG             CHENC          [1050,16642]    26Mar87 
ACCOUNTING          RAMOPER        [45,3063]       24Jul81 ih
AGAIN               HILLIARDG      [40,5145]       19Mar84 
ALLYN S             AMORRISS       [11334,456123]  27May86 
ALLYN S             MORRISS        [153,4560]      26May83 
ANYTHING            MWALTERS       [221,3472]      24Mar82 
BARN                HOME           [214,5103]      21Jul83 
BARN                RECON          [1,4516]        11May83 
BARNES              BARNES         [40,5276]       21Oct83 
BEVERLY             JOREN          [143,4435]       4May83 
BEVERLY             TSDSYMPOSIUM   [142,14445]      1Jul85 
BOB                 TLWEB          [17,3222]       20Sep83 
BODY                XOM            [1,3613]        19May82 so
BONANZA             TSDBIGBOOM     [142,14444]      1Jul85 
BOSTON              PRIVATEI       [34,2676]        9Apr81 so tl
BOZO                MURPHYD        [40,3340]       12Jan82 so
BOZO                NCA.E1         [4,4037]         7Aug85 
CARAVAN             PPD            [17,2576]       19Mar81 
CHAPLIN             PHILJ          [1036,16237]    21Jul86 as au
CHARLES             JD             [11334,16556]    5Feb87 
COCONUT             TSDBAHI        [143,13651]      3Aug84 
CODE                MORSEP         [1,2531]        23Feb81 
CUPERTINO           X25.00906      [1,15662]       27Feb86 
CUPPLES             CUPPLES        [40,14016]       4Dec84 
DANA                DANA           [40,5457]       30Apr84 
DEFUNCT             KSINCLAIR      [11334,422622]  29May87 
DEMO                CRTDEMO        [143,14255]     28Feb85 
DEMO                JERICSON       [11334,24553]    4Jan85 
DEUCE               MARCG          [1,14311]       16Apr85 ih
DICK                TRAIN          [34,2756]        6May81 
DOLLAR              FRANKWU        [11334,430565]  18Jul86 
DOLPHIN             JON            [11334,16551]    5Feb87 
DUMMY               IRC            [1,14641]       5Nov107 
EAT SHIT            MDH            [40,4007]       24Aug82 
ELVES               LAMBERT        [1,14246]       19Feb85 
ELVES               SCHIL          [1,14247]       19Feb85 
ELVES               SELTZER        [11334,116222]  19Feb85 
FALLOUT             SWEDEL         [11334,301603]  30Sep85 
FLASH               SPRINGOBD      [40,14356]       6Sep85 
FORWARD             TTSISIS        [1,3274]        21Dec81 
FUN                 SRACPD         [1,33151]       22Jul82 
GARY                TECH           [34,2755]        6May81 
GENIUS              STOY           [1036,16547]     4Feb87 so as
GLENN               GLENN          [1,5223]        20Sep83 so
GO AWAY             JMS            [3,431116]      14Mar86 so
GOOD DAY            RICHTENG       [11334,435741]  18Mar85 so na
GOOD LUCK           DLASATER       [11334,267137]   2Nov83 as
HOBBIT              PEGGYH         [11334,73232]   14Mar85 
HOUSTON             HOUSTON        [40,14015]       4Dec84 
IDIOT               BRUCEG         [1,5171]        25Oct83 
IDIOTS              GORDON         [23707,126022]  28Mar86 
INVISIBLE           TRANS          [14,2314]       14Aug80 tl
J                   NAN            [206,5044]       9Nov83 so ih
KK                  NNANC          [144,4442]       2Jan90 
LINDLEY             LINDLEY        [50527,402041]  15Jul85 
MAGIC               MIKETEST       [1,4360]        18Jan83 
MANUEL              MMERCADO       [1041,16320]    22Aug86 
MCWILLIAMS          MARKM          [40,5455]       30Apr84 
MESSAGE             EPASCAL        [24261,302256]  22May80 
MESSAGE             OSIRIS2        [12,153]        22May80 
MESSAGE             OUTDIAL        [24261,311005]  22May80 
MG                  MG             [1,5226]        22Sep83 
MIKE                WALTERS        [1,124]         11Sep83 
MOSS                MOSS           [40,5271]       21Oct83 
NANCY               NNB2           [203,5010]      5Nov107 
NETWORK             JEANGUY        [221,3103]      12Aug81 
NEW USER            JUDYKATO       [11334,16717]    8May87 
NEW USER            TBYRNE         [11334,16377]   15Sep86 
NEW USER            VAYSBURD       [11334,16405]   15Sep86 
NEW YEAR            EST            [1041,30]       13Jan87 
NEWUSER             NEWUSER        [1,14460]       16Jul85 
NEWUSER             NEWUSER        [1,14377]       30May85 na
NORMAL              MARUB          [1,14236]        7Feb85 
OLIVIA              TC1            [14,14366]      29May85 
OLIVIA              TC2            [14,14367]      29May85 
OLIVIA              TC3            [14,14370]      29May85 
OPERATE             BAILEYH        [1,2307]        11Aug80 
OPERATE             VALOPER        [1,4167]        29Sep82 
PACKET              N6IGF          [113,15166]     17Mar86 ih
PARISH              LNAKPIL        [34,3271]       31Aug83 
PARKHURST           PARKHURST      [1,3236]        23Nov81 
PASS                TYMES          [1,24]          18Apr80 so
PATIENCE            0501           [4,32]          26Feb79 
PATIENCE            0502           [4,33]          26Feb79 
PATIENCE            0503           [4,34]          26Feb79 
PATIENCE            0504           [4,35]          26Feb79 
PATIENCE            0505           [4,36]          26Feb79 
PATIENCE            1              [14,2273]        4Jul80 
PATIENCE            10             [14,224]         4Jul80 
PATIENCE            100            [14,373]         4Jul80 
PATIENCE            1000           [14,1273]        4Jul80 
PATIENCE            1001           [14,1274]        4Jul80 
PATIENCE            1003           [14,1276]        4Jul80 
PATIENCE            1004           [14,1277]        4Jul80 
PATIENCE            1005           [14,1300]        4Jul80 
PATIENCE            1006           [14,1301]        4Jul80 
PATIENCE            1007           [14,1302]        4Jul80 
PATIENCE            101            [14,374]         4Jul80 
PATIENCE            1010           [14,1303]        4Jul80 
PATIENCE            1011           [14,1304]        4Jul80 
PATIENCE            1013           [14,1306]        4Jul80 
PATIENCE            1014           [14,1307]        4Jul80 
PATIENCE            1015           [14,1310]        4Jul80 
PATIENCE            1016           [14,1311]        4Jul80 
PATIENCE            1017           [14,1312]        4Jul80 
PATIENCE            102            [14,375]         4Jul80 
PATIENCE            1020           [14,1313]        4Jul80 
PATIENCE            1021           [14,1314]        4Jul80 
PATIENCE            1023           [14,1316]        4Jul80 
PATIENCE            1024           [14,1317]        4Jul80 
PATIENCE            1025           [14,1320]        4Jul80 
PATIENCE            1026           [14,1321]        4Jul80 
PATIENCE            1027           [14,1322]        4Jul80 
PATIENCE            103            [14,376]         4Jul80 
PATIENCE            1030           [14,1323]        4Jul80 
PATIENCE            1031           [14,1324]        4Jul80 
PATIENCE            1033           [14,1326]        4Jul80 
PATIENCE            1034           [14,1327]        4Jul80 
PATIENCE            1035           [14,1330]        4Jul80 
PATIENCE            1036           [14,1331]        4Jul80 
PATIENCE            1037           [14,1332]        4Jul80 
PATIENCE            104            [14,377]         4Jul80 
PATIENCE            1040           [14,1333]        4Jul80 
PATIENCE            1041           [14,1334]        4Jul80 
PATIENCE            1043           [14,1336]        4Jul80 
PATIENCE            1044           [14,1337]        4Jul80 
PATIENCE            1045           [14,1340]        4Jul80 
PATIENCE            1046           [14,1341]        4Jul80 
PATIENCE            1047           [14,1342]        4Jul80 
PATIENCE            105            [14,400]         4Jul80 
PATIENCE            1050           [14,1343]        4Jul80 
PATIENCE            1051           [14,1344]        4Jul80 
PATIENCE            1053           [14,1346]        4Jul80 
PATIENCE            1054           [14,1347]        4Jul80 
PATIENCE            1055           [14,1350]        4Jul80 
PATIENCE            1056           [14,1351]        4Jul80 
PATIENCE            1057           [14,1352]        4Jul80 
PATIENCE            106            [14,401]         4Jul80 
PATIENCE            1060           [14,1353]        4Jul80 
PATIENCE            1061           [14,1354]        4Jul80 
PATIENCE            1063           [14,1356]        4Jul80 
PATIENCE            1064           [14,1357]        4Jul80 
PATIENCE            1065           [14,1360]        4Jul80 
PATIENCE            1066           [14,1361]        4Jul80 
PATIENCE            1067           [14,1362]        4Jul80 
PATIENCE            107            [14,402]         4Jul80 
PATIENCE            1070           [14,1363]        4Jul80 
PATIENCE            1071           [14,1364]        4Jul80 
PATIENCE            1073           [14,1366]        4Jul80 
PATIENCE            1074           [14,1367]        4Jul80 
PATIENCE            1075           [14,1370]        4Jul80 
PATIENCE            1076           [14,1371]        4Jul80 
PATIENCE            1077           [14,1372]        4Jul80 
PATIENCE            110            [14,403]         4Jul80 
PATIENCE            1100           [14,1373]        4Jul80 
PATIENCE            1102           [14,1375]        4Jul80 
PATIENCE            1103           [14,1376]        4Jul80 
PATIENCE            1104           [14,1377]        4Jul80 
PATIENCE            1105           [14,1400]        4Jul80 
PATIENCE            1106           [14,1401]        4Jul80 
PATIENCE            1107           [14,1402]        4Jul80 
PATIENCE            1110           [14,1403]        4Jul80 
PATIENCE            1112           [14,1405]        4Jul80 
PATIENCE            1113           [14,1406]        4Jul80 
PATIENCE            1114           [14,1407]        4Jul80 
PATIENCE            1115           [14,1410]        4Jul80 
PATIENCE            1116           [14,1411]        4Jul80 
PATIENCE            1117           [14,1412]        4Jul80 
PATIENCE            1120           [14,1413]        4Jul80 
PATIENCE            1122           [14,1415]        4Jul80 
PATIENCE            1123           [14,1416]        4Jul80 
PATIENCE            1124           [14,1417]        4Jul80 
PATIENCE            1125           [14,1420]        4Jul80 
PATIENCE            1126           [14,1421]        4Jul80 
PATIENCE            1127           [14,1422]        4Jul80 
PATIENCE            1130           [14,1423]        4Jul80 
PATIENCE            1132           [14,1425]        4Jul80 
PATIENCE            1133           [14,1426]        4Jul80 
PATIENCE            1134           [14,1427]        4Jul80 
PATIENCE            1135           [14,1430]        4Jul80 
PATIENCE            1136           [14,1431]        4Jul80 
PATIENCE            1137           [14,1432]        4Jul80 
PATIENCE            1140           [14,1433]        4Jul80 
PATIENCE            1142           [14,1435]        4Jul80 
PATIENCE            1143           [14,1436]        4Jul80 
PATIENCE            1144           [14,1437]        4Jul80 
PATIENCE            1145           [14,1440]        4Jul80 
PATIENCE            1146           [14,1441]        4Jul80 
PATIENCE            1147           [14,1442]        4Jul80 
PATIENCE            1150           [14,1443]        4Jul80 
PATIENCE            1152           [14,1445]        4Jul80 
PATIENCE            1153           [14,1446]        4Jul80 
PATIENCE            1154           [14,1447]        4Jul80 
PATIENCE            1155           [14,1450]        4Jul80 
PATIENCE            1156           [14,1451]        4Jul80 
PATIENCE            1157           [14,1452]        4Jul80 
PATIENCE            1160           [14,1453]        4Jul80 
PATIENCE            1162           [14,1455]        4Jul80 
PATIENCE            1163           [14,1456]        4Jul80 
PATIENCE            1164           [14,1457]        4Jul80 
PATIENCE            1165           [14,1460]        4Jul80 
PATIENCE            1166           [14,1461]        4Jul80 
PATIENCE            1167           [14,1462]        4Jul80 
PATIENCE            1170           [14,1463]        4Jul80 
PATIENCE            1172           [14,1465]        4Jul80 
PATIENCE            1173           [14,1466]        4Jul80 
PATIENCE            1174           [14,1467]        4Jul80 
PATIENCE            1175           [14,1470]        4Jul80 
PATIENCE            1176           [14,1471]        4Jul80 
PATIENCE            1177           [14,1472]        4Jul80 
PATIENCE            12             [14,305]         4Jul80 
PATIENCE            120            [14,413]         4Jul80 
PATIENCE            1201           [14,1474]        4Jul80 
PATIENCE            1202           [14,1475]        4Jul80 
PATIENCE            1203           [14,1476]        4Jul80 
PATIENCE            1204           [14,1477]        4Jul80 
PATIENCE            1205           [14,1500]        4Jul80 
PATIENCE            1206           [14,1501]        4Jul80 
PATIENCE            1207           [14,1502]        4Jul80 
PATIENCE            121            [14,414]         4Jul80 
PATIENCE            1211      [14,1504]        4Jul80 
PATIENCE            1212           [14,1505]        4Jul80 
PATIENCE            1213           [14,1506]        4Jul80 
PATIENCE            1214           [14,1507]        4Jul80 
PATIENCE            1215           [14,1510]        4Jul80 
PATIENCE            1216           [14,1511]        4Jul80 
PATIENCE            1217           [14,1512]        4Jul80 
PATIENCE            122            [14,415]         4Jul80 
PATIENCE            1221           [14,1514]        4Jul80 
PATIENCE            1222           [14,1515]        4Jul80 
PATIENCE            1223           [14,1516]        4Jul80 
PATIENCE            1224           [14,1517]        4Jul80 
PATIENCE            1225           [14,1520]        4Jul80 
PATIENCE            1226           [14,1521]        4Jul80 
PATIENCE            1227           [14,1522]        4Jul80 
PATIENCE            123            [14,416]         4Jul80 
PATIENCE            1231           [14,1524]        4Jul80 
PATIENCE            1232           [14,1525]        4Jul80 
PATIENCE            1233           [14,1526]        4Jul80 
PATIENCE            1234           [14,1527]        4Jul80 
PATIENCE            1235           [14,1530]        4Jul80 
PATIENCE            1236           [14,1531]        4Jul80 
PATIENCE            124            [14,417]         4Jul80 
PATIENCE            1241           [14,1534]        4Jul80 
PATIENCE            1242           [14,1535]        4Jul80 
PATIENCE            1243           [14,1536]        4Jul80 
PATIENCE            1244           [14,1537]        4Jul80 
PATIENCE            1245           [14,1540]        4Jul80 
PATIENCE            1246           [14,1541]        4Jul80 
PATIENCE            1247           [14,1542]        4Jul80 
PATIENCE            125            [14,420]         4Jul80 
PATIENCE            1251           [14,1544]        4Jul80 
PATIENCE            1252           [14,1545]        4Jul80 
PATIENCE            1253           [14,1546]        4Jul80 
PATIENCE            1254           [14,1547]        4Jul80 
PATIENCE            1255           [14,1550]        4Jul80 
PATIENCE            1256           [14,1551]        4Jul80 
PATIENCE            1257           [14,1552]        4Jul80 
PATIENCE            126            [14,421]         4Jul80 
PATIENCE            1261           [14,1554]        4Jul80 
PATIENCE            1262           [14,1555]        4Jul80 
PATIENCE            1263           [14,1556]        4Jul80 
PATIENCE            1264           [14,1557]        4Jul80 
PATIENCE            1265           [14,1560]        4Jul80 
PATIENCE            1266           [14,1561]        4Jul80 
PATIENCE            1267           [14,1562]        4Jul80 
PATIENCE            127            [14,422]         4Jul80 
PATIENCE            1271           [14,1564]        4Jul80 
PATIENCE            1272           [14,1565]        4Jul80 
PATIENCE            1273           [14,1566]        4Jul80 
PATIENCE            1274           [14,1567]        4Jul80 
PATIENCE            1275           [14,1570]        4Jul80 
PATIENCE            1276           [14,1571]        4Jul80 
PATIENCE            1277           [14,1572]        4Jul80 
PATIENCE            13             [14,306]         4Jul80 
PATIENCE            130            [14,423]         4Jul80 
PATIENCE            1300           [14,1573]        4Jul80 
PATIENCE            1301           [14,1574]        4Jul80 
PATIENCE            1302           [14,1575]        4Jul80 
PATIENCE            1303           [14,1576]        4Jul80 
PATIENCE            1304           [14,1577]        4Jul80 
PATIENCE            1305           [14,1600]        4Jul80 
PATIENCE            1306           [14,1601]        4Jul80 
PATIENCE            1307           [14,1602]        4Jul80 
PATIENCE            131            [14,424]         4Jul80 
PATIENCE            1310           [14,1603]        4Jul80 
PATIENCE            1311           [14,1604]        4Jul80 
PATIENCE            1312           [14,1605]        4Jul80 
PATIENCE            1313           [14,1606]        4Jul80 
PATIENCE            1314           [14,1607]        4Jul80 
PATIENCE            1315           [14,1610]        4Jul80 
PATIENCE            1316           [14,1611]        4Jul80 
PATIENCE            1317           [14,1612]        4Jul80 
PATIENCE            132            [14,425]         4Jul80 
PATIENCE            1320           [14,1613]        4Jul80 
PATIENCE            1321           [14,1614]        4Jul80 
PATIENCE            1322           [14,1615]        4Jul80 
PATIENCE            1323           [14,1616]        4Jul80 
PATIENCE            1324           [14,1617]        4Jul80 
PATIENCE            1325           [14,1620]        4Jul80 
PATIENCE            1326           [14,1621]        4Jul80 
PATIENCE            1327           [14,1622]        4Jul80 
PATIENCE            133            [14,426]         4Jul80 
PATIENCE            1330           [14,1623]        4Jul80 
PATIENCE            1331           [14,1624]        4Jul80 
PATIENCE            1332           [14,1625]        4Jul80 
PATIENCE            1333           [14,1626]        4Jul80 
PATIENCE            1334           [14,1627]        4Jul80 
PATIENCE            1335           [14,1630]        4Jul80 
PATIENCE            1336           [14,1631]        4Jul80 
PATIENCE            1337           [14,1632]        4Jul80 
PATIENCE            134            [14,427]         4Jul80 
PATIENCE            1340           [14,1633]        4Jul80 
PATIENCE            1341           [14,1634]        4Jul80 
PATIENCE            1342           [14,1635]        4Jul80 
PATIENCE            1343           [14,1636]        4Jul80 
PATIENCE            1344           [14,1637]        4Jul80 
PATIENCE            1345           [14,1640]        4Jul80 
PATIENCE            1346           [14,1641]        4Jul80 
PATIENCE            1347           [14,1642]        4Jul80 
PATIENCE            135            [14,430]         4Jul80 
PATIENCE            1350           [14,1643]        4Jul80 
PATIENCE            1351           [14,1644]        4Jul80 
PATIENCE            1352           [14,1645]        4Jul80 
PATIENCE            1353           [14,1646]        4Jul80 
PATIENCE            1354           [14,1647]        4Jul80 
PATIENCE            1355           [14,1650]        4Jul80 
PATIENCE            1356           [14,1651]        4Jul80 
PATIENCE            1357           [14,1652]        4Jul80 
PATIENCE            136            [14,431]         4Jul80 
PATIENCE            1360           [14,1653]        4Jul80 
PATIENCE            1361           [14,1654]        4Jul80 
PATIENCE            1362           [14,1655]        4Jul80 
PATIENCE            1363           [14,1656]        4Jul80 
PATIENCE            1364           [14,1657]        4Jul80 
PATIENCE            1365           [14,1660]        4Jul80 
PATIENCE            1366           [14,1661]        4Jul80 
PATIENCE            1367           [14,1662]        4Jul80 
PATIENCE            137            [14,432]         4Jul80 
PATIENCE            1370           [14,1663]        4Jul80 
PATIENCE            1371           [14,1664]        4Jul80 
PATIENCE            1372           [14,1665]        4Jul80 
PATIENCE            1373           [14,1666]        4Jul80 
PATIENCE            1374           [14,1667]        4Jul80 
PATIENCE            1375           [14,1670]        4Jul80 
PATIENCE            1376           [14,1671]        4Jul80 
PATIENCE            1377           [14,1672]        4Jul80 
PATIENCE            14             [14,307]         4Jul80 
PATIENCE            140            [14,433]         4Jul80 
PATIENCE            1400           [14,1673]        4Jul80 
PATIENCE            1401           [14,1674]        4Jul80 
PATIENCE            1402           [14,1675]        4Jul80 
PATIENCE            1403           [14,1676]        4Jul80 
PATIENCE            1404           [14,1677]        4Jul80 
PATIENCE            1405           [14,1700]        4Jul80 
PATIENCE            1407           [14,1702]        4Jul80 
PATIENCE            141            [14,434]         4Jul80 
PATIENCE            1410           [14,1703]        4Jul80 
PATIENCE            1411           [14,1704]        4Jul80 
PATIENCE            1412           [14,1705]        4Jul80 
PATIENCE            1413           [14,1706]        4Jul80 
PATIENCE            1414           [14,1707]        4Jul80 
PATIENCE            1415           [14,1710]        4Jul80 
PATIENCE            1417           [14,1712]        4Jul80 
PATIENCE            142            [14,435]         4Jul80 
PATIENCE            1420           [14,1713]        4Jul80 
PATIENCE            1421           [14,1714]        4Jul80 
PATIENCE            1422           [14,1715]        4Jul80 
PATIENCE            1423           [14,1716]        4Jul80 
PATIENCE            1424           [14,1717]        4Jul80 
PATIENCE            1425           [14,1720]        4Jul80 
PATIENCE            1427           [14,1722]        4Jul80 
PATIENCE            143            [14,436]         4Jul80 
PATIENCE            1430           [14,1723]        4Jul80 
PATIENCE            1431           [14,1724]        4Jul80 
PATIENCE            1432           [14,1725]        4Jul80 
PATIENCE            1433           [14,1726]        4Jul80 
PATIENCE            1434           [14,1727]        4Jul80 
PATIENCE            1435           [14,1730]        4Jul80 
PATIENCE            1437           [14,1732]        4Jul80 
PATIENCE            144            [14,437]         4Jul80 
PATIENCE            1440           [14,1733]        4Jul80 
PATIENCE            1441           [14,1734]        4Jul80 
PATIENCE            1442           [14,1735]        4Jul80 
PATIENCE            1443           [14,1736]        4Jul80 
PATIENCE            1444           [14,1737]        4Jul80 
PATIENCE            1445           [14,1740]        4Jul80 
PATIENCE            1447           [14,1742]        4Jul80 
PATIENCE            145            [14,440]         4Jul80 
PATIENCE            1450           [14,1743]        4Jul80 
PATIENCE            1451           [14,1744]        4Jul80 
PATIENCE            1452           [14,1745]        4Jul80 
PATIENCE            1453           [14,1746]        4Jul80 
PATIENCE            1454           [14,1747]        4Jul80 
PATIENCE            1455           [14,1750]        4Jul80 
PATIENCE            1457           [14,1752]        4Jul80 
PATIENCE            146            [14,441]         4Jul80 
PATIENCE            1460           [14,1753]        4Jul80 
PATIENCE            1461           [14,1754]        4Jul80 
PATIENCE            1462           [14,1755]        4Jul80 
PATIENCE            1463           [14,1756]        4Jul80 
PATIENCE            1464           [14,1757]        4Jul80 
PATIENCE            1465           [14,1760]        4Jul80 
PATIENCE            1467           [14,1762]        4Jul80 
PATIENCE            147            [14,442]         4Jul80 
PATIENCE            1470           [14,1763]        4Jul80 
PATIENCE            1471           [14,1764]        4Jul80 
PATIENCE            1472           [14,1765]        4Jul80 
PATIENCE            1473           [14,1766]        4Jul80 
PATIENCE            1474           [14,1767]        4Jul80 
PATIENCE            1475           [14,1770]        4Jul80 
PATIENCE            1477           [14,1772]        4Jul80 
PATIENCE            15             [14,310]         4Jul80 
PATIENCE            150            [14,443]         4Jul80 
PATIENCE            1500           [14,1773]        4Jul80 
PATIENCE            1501           [14,1774]        4Jul80 
PATIENCE            1502           [14,1775]        4Jul80 
PATIENCE            1503           [14,1776]        4Jul80 
PATIENCE            1504           [14,1777]        4Jul80 
PATIENCE            1506           [14,2001]        4Jul80 
PATIENCE            1507           [14,2002]        4Jul80 
PATIENCE            151            [14,444]         4Jul80 
PATIENCE            1510           [14,2003]        4Jul80 
PATIENCE            1511           [14,2004]        4Jul80 
PATIENCE            1512           [14,2005]        4Jul80 
PATIENCE            1513           [14,2006]        4Jul80 
PATIENCE            1514           [14,2007]        4Jul80 
PATIENCE            1516           [14,2011]        4Jul80 
PATIENCE            1517           [14,2012]        4Jul80 
PATIENCE            152            [14,445]         4Jul80 
PATIENCE            1520           [14,2013]        4Jul80 
PATIENCE            1521           [14,2014]        4Jul80 
PATIENCE            1522           [14,2015]        4Jul80 
PATIENCE            1523           [14,2016]        4Jul80 
PATIENCE            1524           [14,2017]        4Jul80 
PATIENCE            1526           [14,2021]        4Jul80 
PATIENCE            1527           [14,2022]        4Jul80 
PATIENCE            153            [14,446]         4Jul80 
PATIENCE            1530           [14,2023]        4Jul80 
PATIENCE            1531           [14,2024]        4Jul80 
PATIENCE            1532           [14,2025]        4Jul80 
PATIENCE            1533           [14,2026]        4Jul80 
PATIENCE            1534           [14,2027]        4Jul80 
PATIENCE            1536           [14,2031]        4Jul80 
PATIENCE            1537           [14,2032]        4Jul80 
PATIENCE            154            [14,447]         4Jul80 
PATIENCE            1540           [14,2033]        4Jul80 
PATIENCE            1541           [14,2034]        4Jul80 
PATIENCE            1542           [14,2035]        4Jul80 
PATIENCE            1543           [14,2036]        4Jul80 
PATIENCE            1544           [14,2037]        4Jul80 
PATIENCE            1546           [14,2041]        4Jul80 
PATIENCE            1547           [14,2042]        4Jul80 
PATIENCE            155            [14,450]         4Jul80 
PATIENCE            1550           [14,2043]        4Jul80 
PATIENCE            1551           [14,2044]        4Jul80 
PATIENCE            1552           [14,2045]        4Jul80 
PATIENCE            1553           [14,2046]        4Jul80 
PATIENCE            1554           [14,2047]        4Jul80 
PATIENCE            1556           [14,2051]        4Jul80 
PATIENCE            1557           [14,2052]        4Jul80 
PATIENCE            156            [14,451]         4Jul80 
PATIENCE            1560           [14,2053]        4Jul80 
PATIENCE            1561           [14,2054]        4Jul80 
PATIENCE            1562           [14,2055]        4Jul80 
PATIENCE            1563           [14,2056]        4Jul80 
PATIENCE            1564           [14,2057]        4Jul80 
PATIENCE            1566           [14,2061]        4Jul80 
PATIENCE            1567           [14,2062]        4Jul80 
PATIENCE            157            [14,452]         4Jul80 
PATIENCE            1570           [14,2063]        4Jul80 
PATIENCE            1571           [14,2064]        4Jul80 
PATIENCE            1572           [14,2065]        4Jul80 
PATIENCE            1573           [14,2066]        4Jul80 
PATIENCE            1574           [14,2067]        4Jul80 
PATIENCE            1576           [14,2071]        4Jul80 
PATIENCE            1577           [14,2072]        4Jul80 
PATIENCE            16             [14,311]         4Jul80 
PATIENCE            160            [14,453]         4Jul80 
PATIENCE            1600           [14,2073]        4Jul80 
PATIENCE            1601           [14,2074]        4Jul80 
PATIENCE            1602           [14,2075]        4Jul80 
PATIENCE            1603           [14,2076]        4Jul80 
PATIENCE            1605           [14,2100]        4Jul80 
PATIENCE            1606           [14,2101]        4Jul80 
PATIENCE            1607           [14,2102]        4Jul80 
PATIENCE            161            [14,454]         4Jul80 
PATIENCE            1610           [14,2103]        4Jul80 
PATIENCE            1611           [14,2104]        4Jul80 
PATIENCE            1612           [14,2105]        4Jul80 
PATIENCE            1613           [14,2106]        4Jul80 
PATIENCE            1615           [14,2110]        4Jul80 
PATIENCE            1616           [14,2111]        4Jul80 
PATIENCE            1617           [14,2112]        4Jul80 
PATIENCE            162            [14,455]         4Jul80 
PATIENCE            1620           [14,2113]        4Jul80 
PATIENCE            1621           [14,2114]        4Jul80 
PATIENCE            1622           [14,2115]        4Jul80 
PATIENCE            1623           [14,2116]        4Jul80 
PATIENCE            1625           [14,2120]        4Jul80 
PATIENCE            1626           [14,2121]        4Jul80 
PATIENCE            1627           [14,2122]        4Jul80 
PATIENCE            163            [14,456]         4Jul80 
PATIENCE            1630           [14,2123]        4Jul80 
PATIENCE            1631           [14,2124]        4Jul80 
PATIENCE            1632           [14,2125]        4Jul80 
PATIENCE            1633           [14,2126]        4Jul80 
PATIENCE            1635           [14,2130]        4Jul80 
PATIENCE            1636           [14,2131]        4Jul80 
PATIENCE            1637           [14,2132]        4Jul80 
PATIENCE            164            [14,457]         4Jul80 
PATIENCE            1640           [14,2133]        4Jul80 
PATIENCE            1641           [14,2134]        4Jul80 
PATIENCE            1642           [14,2135]        4Jul80 
PATIENCE            1643           [14,2136]        4Jul80 
PATIENCE            1645           [14,2140]        4Jul80 
PATIENCE            1646           [14,2141]        4Jul80 
PATIENCE            1647           [14,2142]        4Jul80 
PATIENCE            165            [14,460]         4Jul80 
PATIENCE            1650           [14,2143]        4Jul80 
PATIENCE            1651           [14,2144]        4Jul80 
PATIENCE            1652           [14,2145]        4Jul80 
PATIENCE            1653           [14,2146]        4Jul80 
PATIENCE            1655           [14,2150]        4Jul80 
PATIENCE            1656           [14,2151]        4Jul80 
PATIENCE            1657           [14,2152]        4Jul80 
PATIENCE            166            [14,461]         4Jul80 
PATIENCE            1660           [14,2153]        4Jul80 
PATIENCE            1661           [14,2154]        4Jul80 
PATIENCE            1662           [14,2155]        4Jul80 
PATIENCE            1663           [14,2156]        4Jul80 
PATIENCE            1665           [14,2160]        4Jul80 
PATIENCE            1666           [14,2161]        4Jul80 
PATIENCE            1667           [14,2162]        4Jul80 
PATIENCE            167            [14,462]         4Jul80 
PATIENCE            1670           [14,2163]        4Jul80 
PATIENCE            1671           [14,2164]        4Jul80 
PATIENCE            1672           [14,2165]        4Jul80 
PATIENCE            1673           [14,2166]        4Jul80 
PATIENCE            1675           [14,2170]        4Jul80 
PATIENCE            1676           [14,2171]        4Jul80 
PATIENCE            1677           [14,2172]        4Jul80 
PATIENCE            17             [14,312]         4Jul80 
PATIENCE            170            [14,463]         4Jul80 
PATIENCE            1700           [14,2173]        4Jul80 
PATIENCE            1701           [14,2174]        4Jul80 
PATIENCE            1702           [14,2175]        4Jul80 
PATIENCE            1704           [14,2177]        4Jul80 
PATIENCE            1705           [14,2200]        4Jul80 
PATIENCE            1706           [14,2201]        4Jul80 
PATIENCE            1707           [14,2202]        4Jul80 
PATIENCE            171            [14,464]         4Jul80 
PATIENCE            1710           [14,2203]        4Jul80 
PATIENCE            1711           [14,2204]        4Jul80 
PATIENCE            1712           [14,2205]        4Jul80 
PATIENCE            1714           [14,2207]        4Jul80 
PATIENCE            1715           [14,2210]        4Jul80 
PATIENCE            1716           [14,2211]        4Jul80 
PATIENCE            1717           [14,2212]        4Jul80 
PATIENCE            172            [14,465]         4Jul80 
PATIENCE            1720           [14,2213]        4Jul80 
PATIENCE            1721           [14,2214]        4Jul80 
PATIENCE            1722           [14,2215]        4Jul80 
PATIENCE            1724           [14,2217]        4Jul80 
PATIENCE            1725           [14,2220]        4Jul80 
PATIENCE            1726           [14,2221]        4Jul80 
PATIENCE            1727           [14,2222]        4Jul80 
PATIENCE            173            [14,466]         4Jul80 
PATIENCE            1730           [14,2223]        4Jul80 
PATIENCE            1731           [14,2224]        4Jul80 
PATIENCE            1732           [14,2225]        4Jul80 
PATIENCE            1734           [14,2227]        4Jul80 
PATIENCE            1735           [14,2230]        4Jul80 
PATIENCE            1736           [14,2231]        4Jul80 
PATIENCE            1737           [14,2232]        4Jul80 
PATIENCE            174            [14,467]         4Jul80 
PATIENCE            1740           [14,2233]        4Jul80 
PATIENCE            1741           [14,2234]        4Jul80 
PATIENCE            1742           [14,2235]        4Jul80 
PATIENCE            1744           [14,2237]        4Jul80 
PATIENCE            1745           [14,2240]        4Jul80 
PATIENCE            1746           [14,2241]        4Jul80 
PATIENCE            1747           [14,2242]        4Jul80 
PATIENCE            175            [14,470]         4Jul80 
PATIENCE            1750           [14,2243]        4Jul80 
PATIENCE            1751           [14,2244]        4Jul80 
PATIENCE            1752           [14,2245]        4Jul80 
PATIENCE            1754           [14,2247]        4Jul80 
PATIENCE            1755           [14,2250]        4Jul80 
PATIENCE            1756           [14,2251]        4Jul80 
PATIENCE            1757           [14,2252]        4Jul80 
PATIENCE            176            [14,471]         4Jul80 
PATIENCE            1760           [14,2253]        4Jul80 
PATIENCE            1761           [14,2254]        4Jul80 
PATIENCE            1762           [14,2255]        4Jul80 
PATIENCE            1764           [14,2257]        4Jul80 
PATIENCE            1765           [14,2260]        4Jul80 
PATIENCE            1766           [14,2261]        4Jul80 
PATIENCE            1767           [14,2262]        4Jul80 
PATIENCE            177            [14,472]         4Jul80 
PATIENCE            1770           [14,2263]        4Jul80 
PATIENCE            1771           [14,2264]        4Jul80 
PATIENCE            1772           [14,2265]        4Jul80 
PATIENCE            1774           [14,2267]        4Jul80 
PATIENCE            1775           [14,2270]        4Jul80 
PATIENCE            1776           [14,2271]        4Jul80 
PATIENCE            1777           [14,2272]        4Jul80 
PATIENCE            21             [14,314]         4Jul80 
PATIENCE            210            [14,503]         4Jul80 
PATIENCE            211            [14,504]         4Jul80 
PATIENCE            212            [14,505]         4Jul80 
PATIENCE            213            [14,506]         4Jul80 
PATIENCE            214            [14,507]         4Jul80 
PATIENCE            215            [14,510]         4Jul80 
PATIENCE            216            [14,511]         4Jul80 
PATIENCE            217            [14,512]         4Jul80 
PATIENCE            22             [14,315]         4Jul80 
PATIENCE            220            [14,513]         4Jul80 
PATIENCE            221            [14,514]         4Jul80 
PATIENCE            222            [14,515]         4Jul80 
PATIENCE            223            [14,516]         4Jul80 
PATIENCE            224            [14,517]         4Jul80 
PATIENCE            225            [14,520]         4Jul80 
PATIENCE            226            [14,521]         4Jul80 
PATIENCE            227            [14,522]         4Jul80 
PATIENCE            23             [14,316]         4Jul80 
PATIENCE            230            [14,523]         4Jul80 
PATIENCE            231            [14,524]         4Jul80 
PATIENCE            232            [14,525]         4Jul80 
PATIENCE            234            [14,527]         4Jul80 
PATIENCE            235            [14,530]         4Jul80 
PATIENCE            236            [14,531]         4Jul80 
PATIENCE            237            [14,532]         4Jul80 
PATIENCE            24             [14,317]         4Jul80 
PATIENCE            240            [14,533]         4Jul80 
PATIENCE            241            [14,534]         4Jul80 
PATIENCE            242            [14,535]         4Jul80 
PATIENCE            243            [14,536]         4Jul80 
PATIENCE            244            [14,537]         4Jul80 
PATIENCE            245            [14,540]         4Jul80 
PATIENCE            246            [14,541]         4Jul80 
PATIENCE            247            [14,542]         4Jul80 
PATIENCE            25             [14,320]         4Jul80 
PATIENCE            250            [14,543]         4Jul80 
PATIENCE            251            [14,544]         4Jul80 
PATIENCE            252            [14,545]         4Jul80 
PATIENCE            253            [14,546]         4Jul80 
PATIENCE            254            [14,547]         4Jul80 
PATIENCE            255            [14,550]         4Jul80 
PATIENCE            256            [14,551]         4Jul80 
PATIENCE            257            [14,552]         4Jul80 
PATIENCE            26             [14,321]         4Jul80 
PATIENCE            260            [14,553]         4Jul80 
PATIENCE            261            [14,554]         4Jul80 
PATIENCE            262            [14,555]         4Jul80 
PATIENCE            263            [14,556]         4Jul80 
PATIENCE            264            [14,557]         4Jul80 
PATIENCE            265            [14,560]         4Jul80 
PATIENCE            266            [14,561]         4Jul80 
PATIENCE            267            [14,562]         4Jul80 
PATIENCE            27             [14,322]         4Jul80 
PATIENCE            270            [14,563]         4Jul80 
PATIENCE            271            [14,564]         4Jul80 
PATIENCE            273            [14,566]         4Jul80 
PATIENCE            274            [14,567]         4Jul80 
PATIENCE            275            [14,570]         4Jul80 
PATIENCE            276            [14,571]         4Jul80 
PATIENCE            277            [14,572]         4Jul80 
PATIENCE            3              [14,2275]        4Jul80 
PATIENCE            30             [14,323]         4Jul80 
PATIENCE            300            [14,573]         4Jul80 
PATIENCE            301            [14,574]         4Jul80 
PATIENCE            302            [14,575]         4Jul80 
PATIENCE            303            [14,576]         4Jul80 
PATIENCE            304            [14,577]         4Jul80 
PATIENCE            305            [14,600]         4Jul80 
PATIENCE            306            [14,601]         4Jul80 
PATIENCE            307            [14,602]         4Jul80 
PATIENCE            31             [14,324]         4Jul80 
PATIENCE            310            [14,603]         4Jul80 
PATIENCE            311            [14,604]         4Jul80 
PATIENCE            312            [14,605]         4Jul80 
PATIENCE            313            [14,606]         4Jul80 
PATIENCE            314            [14,607]         4Jul80 
PATIENCE            315            [14,610]         4Jul80 
PATIENCE            316            [14,611]         4Jul80 
PATIENCE            317            [14,612]         4Jul80 
PATIENCE            32             [14,325]         4Jul80 
PATIENCE            320            [14,613]         4Jul80 
PATIENCE            321            [14,614]         4Jul80 
PATIENCE            322            [14,615]         4Jul80 
PATIENCE            323            [14,616]         4Jul80 
PATIENCE            324            [14,617]         4Jul80 
PATIENCE            325            [14,620]         4Jul80 
PATIENCE            326            [14,621]         4Jul80 
PATIENCE            327            [14,622]         4Jul80 
PATIENCE            33             [14,326]         4Jul80 
PATIENCE            330            [14,623]         4Jul80 
PATIENCE            331            [14,624]         4Jul80 
PATIENCE            332            [14,625]         4Jul80 
PATIENCE            333            [14,626]         4Jul80 
PATIENCE            334            [14,627]         4Jul80 
PATIENCE            335            [14,630]         4Jul80 
PATIENCE            336            [14,631]         4Jul80 
PATIENCE            337            [14,632]         4Jul80 
PATIENCE            34             [14,327]         4Jul80 
PATIENCE            340            [14,633]         4Jul80 
PATIENCE            341            [14,634]         4Jul80 
PATIENCE            342            [14,635]         4Jul80 
PATIENCE            343            [14,636]         4Jul80 
PATIENCE            344            [14,637]         4Jul80 
PATIENCE            345            [14,640]         4Jul80 
PATIENCE            346            [14,641]         4Jul80 
PATIENCE            347            [14,642]         4Jul80 
PATIENCE            35             [14,330]         4Jul80 
PATIENCE            350            [14,643]         4Jul80 
PATIENCE            351            [14,644]         4Jul80 
PATIENCE            352            [14,645]         4Jul80 
PATIENCE            353            [14,646]         4Jul80 
PATIENCE            354            [14,647]         4Jul80 
PATIENCE            355            [14,650]         4Jul80 
PATIENCE            356            [14,651]         4Jul80 
PATIENCE            357            [14,652]         4Jul80 
PATIENCE            36             [14,331]         4Jul80 
PATIENCE            37             [14,332]         4Jul80 
PATIENCE            370            [14,663]         4Jul80 
PATIENCE            371            [14,664]         4Jul80 
PATIENCE            372            [14,665]         4Jul80 
PATIENCE            373            [14,666]         4Jul80 
PATIENCE            374            [14,667]         4Jul80 
PATIENCE            375            [14,670]         4Jul80 
PATIENCE            376            [14,671]         4Jul80 
PATIENCE            377            [14,672]         4Jul80 
PATIENCE            4              [14,2276]        4Jul80 
PATIENCE            40             [14,333]         4Jul80 
PATIENCE            400            [14,673]         4Jul80 
PATIENCE            401            [14,674]         4Jul80 
PATIENCE            402            [14,675]         4Jul80 
PATIENCE            403            [14,676]         4Jul80 
PATIENCE            404            [14,677]         4Jul80 
PATIENCE            405            [14,700]         4Jul80 
PATIENCE            406            [14,701]         4Jul80 
PATIENCE            407            [14,702]         4Jul80 
PATIENCE            41             [14,334]         4Jul80 
PATIENCE            410            [14,703]         4Jul80 
PATIENCE            411            [14,704]         4Jul80 
PATIENCE            412            [14,705]         4Jul80 
PATIENCE            413            [14,706]         4Jul80 
PATIENCE            414            [14,707]         4Jul80 
PATIENCE            415            [14,710]         4Jul80 
PATIENCE            416            [14,711]         4Jul80 
PATIENCE            417            [14,712]         4Jul80 
PATIENCE            42             [14,335]         4Jul80 
PATIENCE            420            [14,713]         4Jul80 
PATIENCE            421            [14,714]         4Jul80 
PATIENCE            422            [14,715]         4Jul80 
PATIENCE            423            [14,716]         4Jul80 
PATIENCE            424            [14,717]         4Jul80 
PATIENCE            425            [14,720]         4Jul80 
PATIENCE            426            [14,721]         4Jul80 
PATIENCE            427            [14,722]         4Jul80 
PATIENCE            43             [14,336]         4Jul80 
PATIENCE            430            [14,723]         4Jul80 
PATIENCE            431            [14,724]         4Jul80 
PATIENCE            432            [14,725]         4Jul80 
PATIENCE            433            [14,726]         4Jul80 
PATIENCE            434            [14,727]         4Jul80 
PATIENCE            435            [14,730]         4Jul80 
PATIENCE            436            [14,731]         4Jul80 
PATIENCE            437            [14,732]         4Jul80 
PATIENCE            44             [14,337]         4Jul80 
PATIENCE            440            [14,733]         4Jul80 
PATIENCE            441            [14,734]         4Jul80 
PATIENCE            442            [14,735]         4Jul80 
PATIENCE            443            [14,736]         4Jul80 
PATIENCE            444            [14,737]         4Jul80 
PATIENCE            445            [14,740]         4Jul80 
PATIENCE            446            [14,741]         4Jul80 
PATIENCE            447            [14,742]         4Jul80 
PATIENCE            45             [14,340]         4Jul80 
PATIENCE            46             [14,341]         4Jul80 
PATIENCE            460            [14,753]         4Jul80 
PATIENCE            461            [14,754]         4Jul80 
PATIENCE            462            [14,755]         4Jul80 
PATIENCE            463            [14,756]         4Jul80 
PATIENCE            464            [14,757]         4Jul80 
PATIENCE            465            [14,760]         4Jul80 
PATIENCE            466            [14,761]         4Jul80 
PATIENCE            467            [14,762]         4Jul80 
PATIENCE            47             [14,342]         4Jul80 
PATIENCE            470            [14,763]         4Jul80 
PATIENCE            471            [14,764]         4Jul80 
PATIENCE            472            [14,765]         4Jul80 
PATIENCE            473            [14,766]         4Jul80 
PATIENCE            474            [14,767]         4Jul80 
PATIENCE            475            [14,770]         4Jul80 
PATIENCE            476            [14,771]         4Jul80 
PATIENCE            477            [14,772]         4Jul80 
PATIENCE            5              [14,2277]        4Jul80 
PATIENCE            50             [14,343]         4Jul80 
PATIENCE            501            [14,774]         4Jul80 
PATIENCE            502            [14,775]         4Jul80 
PATIENCE            503            [14,776]         4Jul80 
PATIENCE            504            [14,777]         4Jul80 
PATIENCE            505            [14,1000]        4Jul80 
PATIENCE            506            [14,1001]        4Jul80 
PATIENCE            507            [14,1002]        4Jul80 
PATIENCE            51             [14,344]         4Jul80 
PATIENCE            510            [14,1003]        4Jul80 
PATIENCE            511            [14,1004]        4Jul80 
PATIENCE            512            [14,1005]        4Jul80 
PATIENCE            513            [14,1006]        4Jul80 
PATIENCE            514            [14,1007]        4Jul80 
PATIENCE            515            [14,1010]        4Jul80 
PATIENCE            516            [14,1011]        4Jul80 
PATIENCE            517            [14,1012]        4Jul80 
PATIENCE            52             [14,345]         4Jul80 
PATIENCE            520            [14,1013]        4Jul80 
PATIENCE            521            [14,1014]        4Jul80 
PATIENCE            522            [14,1015]        4Jul80 
PATIENCE            523            [14,1016]        4Jul80 
PATIENCE            524            [14,1017]        4Jul80 
PATIENCE            525            [14,1020]        4Jul80 
PATIENCE            526            [14,1021]        4Jul80 
PATIENCE            527            [14,1022]        4Jul80 
PATIENCE            53             [14,346]         4Jul80 
PATIENCE            530            [14,1023]        4Jul80 
PATIENCE            531            [14,1024]        4Jul80 
PATIENCE            532            [14,1025]        4Jul80 
PATIENCE            533            [14,1026]        4Jul80 
PATIENCE            534            [14,1027]        4Jul80 
PATIENCE            535            [14,1030]        4Jul80 
PATIENCE            536            [14,1031]        4Jul80 
PATIENCE            537            [14,1032]        4Jul80 
PATIENCE            55             [14,350]         4Jul80 
PATIENCE            550            [14,1043]        4Jul80 
PATIENCE            551            [14,1044]        4Jul80 
PATIENCE            552            [14,1045]        4Jul80 
PATIENCE            553            [14,1046]        4Jul80 
PATIENCE            554            [14,1047]        4Jul80 
PATIENCE            555            [14,1050]        4Jul80 
PATIENCE            556            [14,1051]        4Jul80 
PATIENCE            557            [14,1052]        4Jul80 
PATIENCE            56             [14,351]         4Jul80 
PATIENCE            560            [14,1053]        4Jul80 
PATIENCE            561            [14,1054]        4Jul80 
PATIENCE            562            [14,1055]        4Jul80 
PATIENCE            563            [14,1056]        4Jul80 
PATIENCE            564            [14,1057]        4Jul80 
PATIENCE            565            [14,1060]        4Jul80 
PATIENCE            566            [14,1061]        4Jul80 
PATIENCE            567            [14,1062]        4Jul80 
PATIENCE            57             [14,352]         4Jul80 
PATIENCE            570            [14,1063]        4Jul80 
PATIENCE            571            [14,1064]        4Jul80 
PATIENCE            572            [14,1065]        4Jul80 
PATIENCE            573            [14,1066]        4Jul80 
PATIENCE            574            [14,1067]        4Jul80 
PATIENCE            575            [14,1070]        4Jul80 
PATIENCE            576            [14,1071]        4Jul80 
PATIENCE            577            [14,1072]        4Jul80 
PATIENCE            6              [14,2300]        4Jul80 
PATIENCE            60             [14,353]         4Jul80 
PATIENCE            600            [14,1073]        4Jul80 
PATIENCE            601            [14,1074]        4Jul80 
PATIENCE            602            [14,1075]        4Jul80 
PATIENCE            603            [14,1076]        4Jul80 
PATIENCE            604            [14,1077]        4Jul80 
PATIENCE            605            [14,1100]        4Jul80 
PATIENCE            606            [14,1101]        4Jul80 
PATIENCE            607            [14,1102]        4Jul80 
PATIENCE            61             [14,354]         4Jul80 
PATIENCE            610            [14,1103]        4Jul80 
PATIENCE            611            [14,1104]        4Jul80 
PATIENCE            612            [14,1105]        4Jul80 
PATIENCE            613            [14,1106]        4Jul80 
PATIENCE            614            [14,1107]        4Jul80 
PATIENCE            615            [14,1110]        4Jul80 
PATIENCE            616            [14,1111]        4Jul80 
PATIENCE            617            [14,1112]        4Jul80 
PATIENCE            62             [14,355]         4Jul80 
PATIENCE            620            [14,1113]        4Jul80 
PATIENCE            621            [14,1114]        4Jul80 
PATIENCE            622            [14,1115]        4Jul80 
PATIENCE            623            [14,1116]        4Jul80 
PATIENCE            624            [14,1117]        4Jul80 
PATIENCE            625            [14,1120]        4Jul80 
PATIENCE            626            [14,1121]        4Jul80 
PATIENCE            627            [14,1122]        4Jul80 
PATIENCE            64             [14,357]         4Jul80 
PATIENCE            640            [14,1133]        4Jul80 
PATIENCE            641            [14,1134]        4Jul80 
PATIENCE            642            [14,1135]        4Jul80 
PATIENCE            643            [14,1136]        4Jul80 
PATIENCE            644            [14,1137]        4Jul80 
PATIENCE            645            [14,1140]        4Jul80 
PATIENCE            646            [14,1141]        4Jul80 
PATIENCE            647            [14,1142]        4Jul80 
PATIENCE            65             [14,360]         4Jul80 
PATIENCE            650            [14,1143]        4Jul80 
PATIENCE            651            [14,1144]        4Jul80 
PATIENCE            652            [14,1145]        4Jul80 
PATIENCE            653            [14,1146]        4Jul80 
PATIENCE            654            [14,1147]        4Jul80 
PATIENCE            655            [14,1150]        4Jul80 
PATIENCE            656            [14,1151]        4Jul80 
PATIENCE            657            [14,1152]        4Jul80 
PATIENCE            66             [14,361]         4Jul80 
PATIENCE            660            [14,1153]        4Jul80 
PATIENCE            661            [14,1154]        4Jul80 
PATIENCE            662            [14,1155]        4Jul80 
PATIENCE            663            [14,1156]        4Jul80 
PATIENCE            664            [14,1157]        4Jul80 
PATIENCE            665            [14,1160]        4Jul80 
PATIENCE            666            [14,1161]        4Jul80 
PATIENCE            667            [14,1162]        4Jul80 
PATIENCE            67             [14,362]         4Jul80 
PATIENCE            670            [14,1163]        4Jul80 
PATIENCE            671            [14,1164]        4Jul80 
PATIENCE            672            [14,1165]        4Jul80 
PATIENCE            674            [14,1167]        4Jul80 
PATIENCE            675            [14,1170]        4Jul80 
PATIENCE            676            [14,1171]        4Jul80 
PATIENCE            677            [14,1172]        4Jul80 
PATIENCE            7              [14,2301]        4Jul80 
PATIENCE            70             [14,363]         4Jul80 
PATIENCE            700            [14,1173]        4Jul80 
PATIENCE            701            [14,1174]        4Jul80 
PATIENCE            702            [14,1175]        4Jul80 
PATIENCE            703            [14,1176]        4Jul80 
PATIENCE            704            [14,1177]        4Jul80 
PATIENCE            705            [14,1200]        4Jul80 
PATIENCE            706            [14,1201]        4Jul80 
PATIENCE            707            [14,1202]        4Jul80 
PATIENCE            71             [14,364]         4Jul80 
PATIENCE            710            [14,1203]        4Jul80 
PATIENCE            711            [14,1204]        4Jul80 
PATIENCE            712            [14,1205]        4Jul80 
PATIENCE            713            [14,1206]        4Jul80 
PATIENCE            714            [14,1207]        4Jul80 
PATIENCE            715            [14,1210]        4Jul80 
PATIENCE            716            [14,1211]        4Jul80 
PATIENCE            717            [14,1212]        4Jul80 
PATIENCE            73             [14,366]         4Jul80 
PATIENCE            730            [14,1223]        4Jul80 
PATIENCE            731            [14,1224]        4Jul80 
PATIENCE            732            [14,1225]        4Jul80 
PATIENCE            733            [14,1226]        4Jul80 
PATIENCE            734            [14,1227]        4Jul80 
PATIENCE            735            [14,1230]        4Jul80 
PATIENCE            736            [14,1231]        4Jul80 
PATIENCE            737            [14,1232]        4Jul80 
PATIENCE            74             [14,367]         4Jul80 
PATIENCE            740            [14,1233]        4Jul80 
PATIENCE            741            [14,1234]        4Jul80 
PATIENCE            742            [14,1235]        4Jul80 
PATIENCE            743            [14,1236]        4Jul80 
PATIENCE            744            [14,1237]        4Jul80 
PATIENCE            745            [14,1240]        4Jul80 
PATIENCE            746            [14,1241]        4Jul80 
PATIENCE            747            [14,1242]        4Jul80 
PATIENCE            75             [14,370]         4Jul80 
PATIENCE            750            [14,1243]        4Jul80 
PATIENCE            751            [14,1244]        4Jul80 
PATIENCE            752            [14,1245]        4Jul80 
PATIENCE            753            [14,1246]        4Jul80 
PATIENCE            754            [14,1247]        4Jul80 
PATIENCE            755            [14,1250]        4Jul80 
PATIENCE            756            [14,1251]        4Jul80 
PATIENCE            757            [14,1252]        4Jul80 
PATIENCE            76             [14,371]         4Jul80 
PATIENCE            760            [14,1253]        4Jul80 
PATIENCE            761            [14,1254]        4Jul80 
PATIENCE            762            [14,1255]        4Jul80 
PATIENCE            763            [14,1256]        4Jul80 
PATIENCE            764            [14,1257]        4Jul80 
PATIENCE            765            [14,1260]        4Jul80 
PATIENCE            766            [14,1261]        4Jul80 
PATIENCE            767            [14,1262]        4Jul80 
PATIENCE            77             [14,372]         4Jul80 
PATIENCE            770            [14,1263]        4Jul80 
PATIENCE            771            [14,1264]        4Jul80 
PATIENCE            772            [14,1265]        4Jul80 
PATIENCE            773            [14,1266]        4Jul80 
PATIENCE            774            [14,1267]        4Jul80 
PATIENCE            775            [14,1270]        4Jul80 
PATIENCE            776            [14,1271]        4Jul80 
PATIENCE            777            [14,1272]        4Jul80 
PATIENCE            DLOAD          [4,156]          5Jun80 
PATIENCE            GATEWAY        [1,3]            5Jan79 
PATIENCE            SHAMAN         [1,5466]        10May84 
PERSIMMON           JSOUNG         [11334,406302]  17Jul86 
PHOENIX             CWAT           [46,3116]       10Sep81 
PHOENIX             DLHARTH        [46,3117]       10Sep81 
PHOENIX             DLJ            [46,3124]       10Sep81 
PHOENIX             HLEWIS         [46,3123]       10Sep81 
PHOENIX             JAX            [46,3120]       10Sep81 
PHOENIX             ROY            [46,3121]       10Sep81 
POLAND              MJASTRZ        [11334,136345]   2Dec82 so
PORTLAND            MDCSC.SUPPORT  [11334,16703]   14Jul87 
PRIVATE             IANIERI        [40,5057]        7Jul83 
PRIVATE             Q0LAB          [16,2701]       15Apr81 
PRIVATE             Q2LAB          [16,2703]       15Apr81 
PRIVATE             Q3LAB          [16,2704]       15Apr81 
PRIVATE             Q4LAB          [16,2705]       15Apr81 
PRIVATE             Q5LAB          [16,2706]       15Apr81 
PRIVATE             Q6LAB          [16,2707]       15Apr81 
PRIVATE             Q7LAB          [16,2710]       15Apr81 
PRIVATE             Q8LAB          [16,2711]       15Apr81 
PRIVATE             QBLAB          [16,2714]       15Apr81 
PRIVATE             QCLAB          [16,2715]       15Apr81 
PRIVATE             QDLAB          [16,2716]       15Apr81 
PRIVATE             QELAB          [16,2717]       15Apr81 
PRIVATE             QFLAB          [16,2720]       15Apr81 
PRIVATE             RCHRISTMAN     [17,3220]        3Oct81 
PRIVILEGE           NETPRIV        [1,4420]         2Feb83 
PROFESSIONAL        SRACRT         [7,100]         18Mar80 
REALITY             MDCSC.ENG      [11334,16704]    8Jun87 
REALITY             REALITY##      [113,14415]     17Jun85 so ih
RESPONSE            VOICE          [73,3373]       23Feb82 so tl
RICHARD             RHO            [1,14266]       19Mar85 
ROBERT              WESTRUPC       [40,5363]       14Feb84 
ROCKVILLE           TSDMATHBOX     [142,14405]      3Jun85 ih
SAN JOSE            GBLOOD         [1,4474]        11Apr83 so
SECRET              JHELLENTHAL    [1041,16313]    20Aug86 
SERGE               LANCIEN        [221,4374]      31Jan83 
SETZER              SETZER         [40,5032]       30Apr84 
SHARON              SHARON         [40,5456]       30Apr84 
SMILEY              BWISEMAN       [1041,16515]    19Dec86 
STAGE               STAGE          [223,5205]      12Sep83 
STAR WARS           DANIELSR       [1,142734]      27Jul87 so
STEFFEN             TSDPLAYS       [143,13653]      3Aug84 
SYS                 NCA            [1,5177]        12Sep83 ih
SYSTEM 39           ABCDTCATTEST   [11447,357477]   6Mar86 
SYSTEM 39           GDELSAD        [11334,477450]   6Mar86 
SYSTEM 39           ISIS           [11334,201464]   6Mar86 
SYSTEM 39           JCLMIN         [11447,271412]   6Mar86 
SYSTEM 39           NETMID         [11334,165105]   6Mar86 
SYSTEM 39           SSEREP         [1,320663]       6Mar86 
SYSTEST             SYSTEST        [1,3037]        10Jun81 
T1783               DERNST         [11334,57510]   24Mar83 so as
T1783               ERNST          [4,14565]       19Jul85 
TEMP                SNILLUKA       [1,14344]        7May85 
TERMINAL            SYSTEM         [4,4462]        24Mar83 
TEST                01080          [34,2747]        6May81 ih
TEST                01080HQ        [34,3704]       19Jun82 ih
TEST                01081HQ        [34,3705]       19Jun82 ih
TEST                01082          [34,2751]        6May81 ih
TEST                01082HQ        [34,3706]       19Jun82 ih
TEST                01083          [34,2752]        6May81 ih
TEST                01083HQ        [34,3707]       19Jun82 ih
TEST                01084          [34,2753]        6May81 ih
TEST                01084HQ        [34,3710]       19Jun82 ih
TEST                01085          [34,2754]        6May81 ih
TEST                01085HQ        [34,3711]       19Jun82 ih
TEST                01086          [34,3674]       19Jun82 ih
TEST                01086HQ        [34,3712]       19Jun82 ih
TEST                BOFAX          [1,4013]         8Sep82 
TEST                TESTGATE       [1,3305]         5Dec81 ih
TEST 1              RICKTEST       [1036,16311]    20Aug86 so tl ih
TESTING             LONGUSERNAMETES[4,14774]       26Oct85 
TESTING             TTSCHECK       [1,2573]        10Mar81 
TEXAS               JOHNSONM       [40,5046]        3Jul85 
THE BEST            WRFS           [21476,125050]  25Jun87 
THREE               TEST3          [40,14455]      12Jul85 
TYLER               TYLER          [25,2506]       22Jan81 
TYMSHARE            SLLDCAIN       [50527,401772]  13Aug80 
USER1               USER1          [624,14424]     20Jun85 
VIENNA              BILLMILLER     [34,3267]       18Nov81 
VIENNA              DONJ           [34,3266]       18Nov81 
VIENNA              EASTLINE       [34,3270]       18Nov81 
VIENNA              ESERV1         [34,3257]       18Nov81 
VIENNA              ESERV2         [34,3260]       18Nov81 
VIENNA              ESERV3         [34,3261]       18Nov81 
VIENNA              ESERV4         [34,3262]       18Nov81 
VIENNA              ESERV5         [34,3263]       18Nov81 
VIENNA              ESERV6         [1,3273]        19Nov81 
VIENNA              MMARBURGER     [34,3264]       18Nov81 
VIENNA              STUTZMANC      [34,3265]       18Nov81 
WELCOME             AACYTROL       [33,2652]       24Mar81 
WELCOME             ABCYTROL       [33,2653]       24Mar81 
WELCOME             AID.FT         [33,2761]        3Jun81 
WELCOME             APMDB          [56,3571]       26Apr82 
WELCOME             CHUNGLAM       [21477,211606]   1May84 
WELCOME             CLARIDGE       [34,3775]       14Mar85 so
WELCOME             CPELLEY        [33,2663]       24Mar81 
WELCOME             CUPOPS         [26,2513]       28Jan74 
WELCOME             DEMO           [47,3311]        8Dec81 so
WELCOME             DHALL          [1,131]         29Apr80 
WELCOME             ECMB           [34,3302]        2Dec81 so tl
WELCOME             ELFBACKUP      [233,14447]      3Jul85 
WELCOME             FLATTP         [56,3574]       26Apr82 
WELCOME             FSIEGEL        [7,314234]      26May82 
WELCOME             GEORGEC        [33,3304]        4Dec81 
WELCOME             GERARD         [1,14625]       20Aug85 so
WELCOME             GIFFORD        [1,15060]       24Dec85 
WELCOME             GIGO           [113,4417]       2Feb83 
WELCOME             GODFREY        [33,2661]       24Mar81 
WELCOME             HSYANG         [1,15061]       24Dec85 
WELCOME             IRP.DEV        [17,2340]       22Aug80 
WELCOME             JLADEN         [11334,271163]   1Sep83 
WELCOME             JRINDE         [1,2]            5Jan79 so
WELCOME             KANNER         [4,13726]        3Oct84 
WELCOME             KLEIN.M        [33,2671]       24Mar81 
WELCOME             LAURAV         [1,5266]        19Oct83 
WELCOME             LTYMES         [11334,126407]  26Aug81 so
WELCOME             MARIONM        [33,2664]       24Mar81 
WELCOME             MFUNT          [33,2655]       24Mar81 
WELCOME             NETELF         [1,13631]       13Jul84 
WELCOME             NETEVOP        [1,14653]       19Nov85 
WELCOME             NETNTCN        [1,13632]       13Jul84 
WELCOME             NETQA          [16,2311]       11Aug80 
WELCOME             OLDNETEVOP     [1,116]         23Jan85 
WELCOME             PROBE          [1,12]           7Sep84 
WELCOME             RANGEL         [113,4370]      25Mar83 
WELCOME             SEAMAN         [113,3627]      26May82 
WELCOME             STANTON        [1,4425]        15Feb83 
WELCOME             TEST3270       [1,2571]         7Mar81 
WELCOME             TMCSBACKUP     [233,16445]     20Oct86 
WELCOME             TPUT164        [40,13701]       4Sep84 ih
WELCOME             TPUT166        [40,13702]       4Sep84 ih
WELCOME             TPUT168        [40,13703]       4Sep84 ih
WELCOME             TQCNTRL        [11011,356653]  26Apr82 
WELCOME             TRAINDOC       [33,2662]       24Mar81 
WELCOME             TSENG          [7,327650]      26May82 
WELCOME             TSNNET         [34,3223]        7Oct81 so tl
WELCOME             W29SVC         [33,2670]       24Mar81 
WELCOME             OSNEW         [113,3726]      30Jun82 
WHITMAN             TSDINNO        [143,13657]      9Aug84 
WONDERFUL           TLEE           [1041,5232]      3Nov86 
XXXXXX              X75.77778888.99[1,16611]       11Mar87 
XXXXXXX             TAHILL         [4,4437]        19Feb83 so

[ MASTER: 1136 hits ]
[ top 50 ]

909	PATIENCE
49	WELCOME
15	TEST
15	PRIVATE
11	VIENNA
6	SYSTEM 39
6	PHOENIX
3	OLIVIA
3	NEW USER
3	MESSAGE
3	ELVES
2	TESTING
2	T1783
2	REALITY
2	OPERATE
2	NEWUSER
2	DEMO
2	BOZO
2	BEVERLY
2	BARN
2	ALLYN S
1	CUPPLES
1	MOSS
1	HARRISC
1	STAGE
1	SHARON
1	TYLER
1	FDESK/G
1	BARNES
1	MG
1	RED1
1	LINDLEY
1	00908
1	00913
1	PARKHURST
1	00906
1	00925
1	ZUCKER
1	COLEMANR
1	00923
1	00911
1	00924
1	00919
1	ABCDEF
1	RLARSON
1	TST5
1	INTLTECH
1	00922
1	HOUSTON
1	GUISINGERB

[ 1072 total ]
0<e6