

                          DISK USAGE REPORT
                               All Gans

Previous Run Date & Time : 26 DEC 86      07:52
Present  Run Date & Time :  7 JAN 87      16:06
Old File Date            :  1 JAN 64
File Storage is Shown in Pages

    USER               CURRENT     PREVIOUS    DIFFERENCE   OLD
----------------------------------------------------------------------
BUBBNET               37274       37040         234           0
SOURCE                34493       34486           7           0
BETATEST              34040       37456       -3416           0
TIIDEV                22253       26572       -4319           0
SYS                   20399       34431      -14032           0
CCDR                  14667       14667           0           0
WRS                   11050       11397        -347           0
SSBACKUP              10486       10486           0           0
OPER                  10232        2242        7990           0
RGFOX                  9703        9329         374           0
TIICODE                9648       13438       -3790           0
NTS                    9638        9638           0           0
GAZEL                  9491        9370         121           0
OSIRIS                 9328       14292       -4964           0
NDEVHSBC               9324        9294          30           0
CCDA                   9255        9261          -6           0
ISIS2                  9210        9211          -1           0
CMTI                   9132        8701         431           0
WWANG                  8938        8990         -52           0
SNADEV                 8848        8756          92           0
BSCDEV                 8770        8770           0           0
BILLING10              8628       19263      -10635           0
OSERANG                8491        8397          94           0
CRASH                  8481           0        8481           0
DNDSPEC                8476        8121         355           0
SDLCDEV                8335        8337          -2           0
HOLD                   8142        2226        5916           0
OUTDIAL                8047        8047           0           0
DERNST                 7244        6953         291           0
MXP                    7045        7045           0           0
MIDBAK                 6993        7209        -216           0
CURR11                 6938        6938           0           0
RROUSSELLE             6612        4288        2324           0
JORTIZ                 6611        6611           0           0
KOPFJ                  6575        6560          15           0
MATS.P2                6533        6200         333           0
CSHAW                  6365        5692         673           0
ALIN                   6183        4397        1786           0
JLADEN                 6147        5108        1039           0
SPNODE                 6116        6109           7           0
UPL                    6040        6040           0           0
ERDEI                  5695        5695           0           0
NTDOPS                 5500        5500           0           0
ASYNC                  5475        5467           8           0
DCHANG                 5399        5252         147           0
BASELINE               5363        5362           1           0
PCHU                   5318        3313        2005           0
NETMID                 5112        5104           8           0
ONTYMELI               4961        4961           0           0
SASPX24C               4830        4749          81           0
BONDAD                 4812        4134         678           0
ROLAND                 4774        4223         551           0
SMITHDE                4703        4688          15           0
FTMAGNUM               4687        4687           0           0
ANEWMAN                4596        4556          40           0
XPCDEV                 4462        4112         350           0
QALIBSYM               4364        4364           0           0
SLLDCAIN               4332        4332           0           0
MICROLIB               4291        4291           0           0
ERICV                  4215        4652        -437           0
EBS                    4165        3935         230           0
RWS                    4164        4313        -149           0
SNADOC                 4156        4095          61           0
COLLECTR               4130        4130           0           0
RUDMAN                 4060        4060           0           0
MBERGER                4029        4245        -216           0
MAGNUM                 4011        4011           0           0
MARSPL                 3993        3993           0           0
NCHANG                 3979        3979           0           0
OSIRIS1                3899        3899           0           0
USEVAL                 3866        3866           0           0
VIPMAG                 3864        3802          62           0
TAOHSIEH               3857        3857           0           0
ENGR                   3728        3728           0           0
CASVIP                 3702        3702           0           0
BKRUEGER               3662        3710         -48           0
AKSELROD               3619        3601          18           0
ISISPCM                3567        3567           0           0
ONTYMEDOC              3521        3521           0           0
OLD11                  3507        3507           0           0
JSOUNG                 3449        2415        1034           0
ASYNCBAK               3421        3421           0           0
FRANKWU                3398        3392           6           0
DIAGLIB                3394        3394           0           0
SALTYRON               3365        3435         -70           0
VALNETCODE             3340        3340           0           0
EPASCAL                3336        3336           0           0
COMSTOCK               3248        3249          -1           0
MCPDEV                 3237        2818         419           0
CHANGC                 3230        3133          97           0
JONAS                  3209        3209           0           0
WEUSKE                 3119        3119           0           0
CRAY                   3107        3160         -53           0
SWEDEL                 3010        3692        -682           0
SLOTDUMP               2921        2921           0           0
TWANG                  2914        2914           0           0
DER-FAI                2911        2911           0           0
NETCON                 2901        2901           0           0
ISIS                   2873        2873           0           0
MATUCHAD               2798        2775          23           0
M33                    2755        2756          -1           0
NEW11                  2709        2709           0           0
ICARELEASE             2679        2676           3           0
CCHIANG                2652        2652           0           0
ATFCDR                 2604        2468         136           0
CMF                    2599        2599           0           0
ASYNCTEST              2573        2493          80           0
RICHTENG               2520        3079        -559           0
LNOTARY                2492        2492           0           0
UTIL                   2457        2456           1           0
SPOOL                  2420        1353        1067           0
DAVARJ                 2352        2352           0           0
ICATLX                 2347        2347           0           0
SHSU                   2333        2227         106           0
FTSYS                  2318        2318           0           0
SYNCMAG                2297        1103        1194           0
SBALDWIN               2294        2294           0           0
LLIU                   2262        2261           1           0
ATFMOV                 2257        2257           0           0
MENUDEV                2256        1796         460           0
COONS                  2209        2209           0           0
ACHIPPA                2208        1818         390           0
SANDYMF                2194        2181          13           0
CARL                   2184        2184           0           0
PEGGYH                 2142        2142           0           0
SCHRAMM                2079        2079           0           0
MATSTATS               2075        2075           0           0
MICRODOC               2053        2053           0           0
TTMSISIS2              2053        2053           0           0
BECHLYT                1983        1966          17           0
HSING                  1961        1384         577           0
*6NEWS                 1934        1934           0           0
ALANLO                 1843        1843           0           0
UN1                    1825        1457         368           0
PJ                     1710        1710           0           0
EPASCAL1               1707        1707           0           0
SWONG                  1704        1704           0           0
ISISDOC                1703        1639          64           0
SSEREP                 1702        1702           0           0
RMURPHY                1695        1688           7           0
BBUNYAN                1676        3989       -2313           0
VMBDEV                 1676        1676           0           0
ARCHIVES               1621        1621           0           0
CONSAT                 1604        1604           0           0
LMAURER                1594        1478         116           0
JSTIER                 1590        1423         167           0
NSDADM                 1566        1564           2           0
NAD                    1562        1562           0           0
JSALISBURY             1559        1559           0           0
LOADII                 1535        1535           0           0
DTAI                   1528        1523           5           0
SEDP                   1519        1519           0           0
RKHUANG                1516        1516           0           0
NET3                   1446        1446           0           0
CCHANG                 1435        1435           0           0
MICROTST               1422        1422           0           0
DLASATER               1421        1282         139           0
LDIAS                  1410        1406           4           0
HRIVERS                1396        1102         294           0
PMANLEY                1374        1366           8           0
FELDMAN                1351        1351           0           0
P1024C                 1344        1344           0           0
ASYNCDEV               1327        1327           0           0
DRISCOLL               1284        1271          13           0
RONGCHU                1277        1217          60           0
TUMS                   1276        1276           0           0
TMCSSOURCE             1269         887         382           0
ENGFIRM                1262        1262           0           0
BARTLETW               1251        1227          24           0
JKATO                  1220        1127          93           0
NTRDEV                 1188        1188           0           0
SPEX                   1166        1166           0           0
TBATLIB                1163        1163           0           0
DGRAHAM                1153        1006         147           0
JERICSON               1150        1724        -574           0
HVBURTON               1147        1147           0           0
NTDPIR                 1119        1119           0           0
DEVEREUX               1117        1117           0           0
DIAGQA                 1114        1114           0           0
BETATESTINT            1093        1093           0           0
NDT                    1078        1078           0           0
X25DOC                 1078        1078           0           0
MPL                    1054        1049           5           0
PERSTATS               1052        1052           0           0
WRFS                   1003        1003           0           0
DIAGDOC                 985         985           0           0
GHBARLOW                970         970           0           0
CHANG                   964         964           0           0
SUPDEV                  963         963           0           0
EBUELL                  948        1217        -269           0
CMHDEV                  939         939           0           0
FBATCH                  939         939           0           0
CE1000.DOC              937         937           0           0
UTSDEV                  929         820         109           0
WNFE                    928         928           0           0
SRATECH                 926         926           0           0
RMARSH                  912         893          19           0
CC                      903         903           0           0
DBLISS                  894         894           0           0
UPTGROVE                888        1066        -178           0
CBLACK                  880         880           0           0
SSSPOOL                 879         879           0           0
ACTRTY                  874        1152        -278           0
NSDBKUP                 855       14116      -13261           0
MSHEN                   852         852           0           0
KENNEDY                 850         850           0           0
MIKERUDE                819         819           0           0
32BIT                   814         814           0           0
KHASLAVS                808         808           0           0
HOLCOMBK                797         797           0           0
MAIL                    791         789           2           0
SPL                     790         790           0           0
DWALPOLE                783         783           0           0
ATCHISON                772         772           0           0
*1BATCH                 770         751          19           0
BURRIESCIN              752         742          10           0
PNETS                   747         747           0           0
PEAK                    738         738           0           0
SAILIB                  735         735           0           0
EDIMAINT                729         719          10           0
PATROL                  702           0         702           0
BMCDEV                  693         693           0           0
XEXEC                   691         691           0           0
11CURR                  674         674           0           0
ACHAO                   671         671           0           0
MIKEMO                  660         858        -198           0
SHARMA                  653         653           0           0
SPPARCH                 635         635           0           0
MEADOR                  611         611           0           0
MDCFSC                  606         606           0           0
TIGERDEV                602         602           0           0
SPUNKDOC                590         590           0           0
DNDUTIL                 573         573           0           0
TOOLS11                 563         563           0           0
ATFBLD                  558        8076       -7518           0
JWILLOTT                535         535           0           0
UIS                     530         530           0           0
GAMES                   523         523           0           0
LINDLEY                 522         522           0           0
RAFFO                   521         845        -324           0
ABURUMUH                518         505          13           0
CPAPRINT                512         512           0           0
IRONHAT                 510         510           0           0
USMATS                  502         502           0           0
SYSNEWS                 499         499           0           0
SSPERP                  498         498           0           0
RBROWN                  490         803        -313           0
APSSUP                  488         488           0           0
ATFADM                  486         482           4           0
SOURCEINT               484         484           0           0
SRAUTIL                 481         481           0           0
QASYS                   480         480           0           0
ISEAVER                 466         466           0           0
NETVALCODE              466           0         466           0
MFERRARI                459         459           0           0
SSPRINT                 453         453           0           0
OUTDIAL2                445         441           4           0
ONTYMPROD               438         438           0           0
COPYPC                  434         434           0           0
SPPOPER                 429         429           0           0
SELTZER                 429         429           0           0
ALONG                   428         428           0           0
MJASTRZ                 422         427          -5           0
JMS                     418         414           4           0
STIMACM                 416         416           0           0
NTD001                  409         409           0           0
YOUNAN                  398         390           8           0
UAS                     398         398           0           0
MICRO                   390         390           0           0
J.BURKE                 390         390           0           0
SSRSCS                  388         388           0           0
CARHART                 386         349          37           0
NSDLIB                  386         386           0           0
BOBJ                    385         385           0           0
PHO                     385         385           0           0
SCOHEN                  380         376           4           0
KSINCLAIR               379    274         105           0
ATFSTO                  378         378           0           0
JWANG                   343         343           0           0
TIIPERF                 331         331           0           0
SHAH                    326         326           0           0
HUEYMA                  326        2669       -2343           0
PROMDOCS                326         326           0           0
NSDSINS                 314           0         314           0
FTTBA                   312         312           0           0
KRUMVP                  299         299           0           0
RAMDBUG                 296         296           0           0
ELFDEV                  285         285           0           0
VALDEV                  282         282           0           0
KALENDA                 281         288          -7           0
SUBMIT                  267         267           0           0
SHWONG                  264         264           0           0
SRAFRCST                264         264           0           0
FREMWRN                 263         263           0           0
EDWALL                  262         262           0           0
TSIDOC                  251         251           0           0
INFO                    240         240           0           0
SSVALSUP                238         238           0           0
CUPCWRN                 238         238           0           0
SRA                     223         223           0           0
STDMUX                  222         222           0           0
TBAUSPS                 219         219           0           0
CUD10                   215         215           0           0
TXSDOC                  199         199           0           0
DRUPE                   199         199           0           0
ALEXTING                194         194           0           0
PUB                     193         193           0           0
OSMAN                   192         193          -1           0
PWSLIB                  191         191           0           0
HENGST                  188         188           0           0
RODRIG                  186         186           0           0
GOLOBIC                 181         181           0           0
GDELSAD                 181         181           0           0
*1KEN                   175         175           0           0
ISISLIB                 172         172           0           0
JOHNSONL                172         172           0           0
TYMNET                  169         169           0           0
SSINSTALL               167         167           0           0
ABCDTCATTEST            164         164           0           0
NSDBINS                 162         152          10           0
LVDIAS                  159         159           0           0
PBERGERON               154         154           0           0
DENCOFF                 152         152           0           0
DANIELSR                139         139           0           0
QMADM                   139         139           0           0
SRKING                  139         139           0           0
SYSDOC                  133         133           0           0
SRAFDM                  129         129           0           0
BAIGENT                 124         124           0           0
SSUTIL                  124         124           0           0
SSDEV                   123         123           0           0
SRAVAL                  111         111           0           0
JHULTMAN                110         114          -4           0
JUNEHO                  109         109           0           0
GORDON                  108         113          -5           0
WNFETECH                 97        ----        ----           0
HENTRICH                 96          96           0           0
HARTSOE                  96          96           0           0
MELCRUTS                 96          96           0           0
BRING                    95          95           0           0
LTYMES                   93          93           0           0
MONDOC                   84          84           0           0
JCCHEN                   82         121         -39           0
XPPTEST                  81          81           0           0
FRICKEL                  77          77           0           0
BRUCES                   73         108         -35           0
SDYER                    73          73           0           0
KAVERMAN                 68          68           0           0
QMPOLLER                 65          65           0           0
MMCDONALD                64          64           0           0
AVINASH                  55          55           0           0
SPOOLRM                  51          51           0           0
MDSACCT                  48          48           0           0
ATFTDR                   47          47           0           0
JENNYS                   47          47           0           0
KDAWSON                  46          46           0           0
RICHARDSON               41          41           0           0
KJJ                      39          39           0           0
JJOELS                   38          38           0           0
VALIDATE                 37          37           0           0
BASELINEINT              37          37           0           0
ASHTONB                  36          13          23           0
NORTHRIP                 35          35           0           0
DNDNAC                   35          35           0           0
TTSTEST                  35          35           0           0
DRAWSON                  31          31           0           0
AFD                      31          31           0           0
2311DOC                  29          29           0           0
DONAHUE                  27          27           0           0
SYSMAINT                 27          27           0           0
MAINTMATS                26          26           0           0
TYMGRIPE                 25          25           0           0
SAILTEST                 21          21           0           0
DIAG10C                  20          20           0           0
BRETTF                   15          15           0           0
HELGEM                   14          14           0           0
GCONE                    11          11           0           0
SRAMOV                   11          11           0           0
SRARPTS                  10          10           0           0
MLEWIS                    8           8           0           0
NETVALDEV                 8           8           0           0
JHSU                      8           8           0           0
SRA1                      6           6           0           0
SSPAMBIN                  6           6           0           0
OSU                       6           6           0           0
MARGALIT                  4           0           4           0
SRACPD                    4           4           0           0
ACT10                     3           3           0           0
PSBROWN                   3           3           0           0
FTSYSDOC                  3           3           0           0
CUPCOPS                   3           2           1           0
SRAINV                    3           3           0           0
SBRADLEY                  3           3           0           0
NANCYH                    3           3           0           0
TPARHAM                   3           3           0           0
KS2020                    2           2           0           0
FLETCHERC                 2           2           0           0
HULLR                     2           2           0           0
GUINASSO                  2           2           0           0
CCDI                      2           2           0           0
CRUISING                  2           2           0           0
LCHAMP                    2           2           0           0
AMYLEE                    2           2           0           0
JHSIEH                    2           2           0           0
JCLMIN                    2           2           0           0
NTDPLAN                   0           0           0           0
NTDBSC                    0           0           0           0
1213MGR                   0           0           0           0
SCHEN                     0           0           0           0
SSJREP                    0           0           0           0
CHINJEFF                  0           0           0           0
NSDSINSINT                0           0           0           0
FIRMDOC                   0           0           0           0
KERDBG                    0           0           0           0
WITTECHI                  0           0           0           0
NDCDEV                    0           0           0           0
NSDBINSINT                0           0           0           0
QUEST                     0           0           0           0
OTUTILITY                 0           0           0           0
FTCCGATE                  0           0           0           0
NCOM                      0           0           0           0
NTDTIME                   0           0           0           0
VAYSBURD                  0           0           0           0
CHUNGLAM                  0           0           0           0
MELE                      0           0           0           0
BLGBASE                   0           0           0           0
E.CHEN                    0           0           0           0
TBYRNE                    0           0           0           0
DIST10F1                  0           0           0           0
IBISDOC                   0           0           0           0
DIST10E1                  0           0           0           0
TRUCONTROL                0           0           0           0
YEUX                      0           0           0           0
DIST10D1                  0           0           0           0
VUE                       0           0           0           0
TTSLOG                    0           0           0           0
NSC                       0           0           0           0
ATSOURCE                  0           0           0           0
PAKTOR                    0           0           0           0
PLMARS                    0           0           0           0
SPOOLING                  0           0           0           0
ICATEST                   0           0           0           0
KL10                      0           0           0           0
LVX25                     0           0           0           0
LISAMAINT                 0           0           0           0
RAILDEMO                  0           0           0           0
RAM                       0           0           0           0
TSUCOOP                   0           0           0           0
TYMTOPS                   0           0           0           0
TYMRES                    0           0           0           0
GARCIAA                   0           0           0           0
MORANCPA                  0           0           0           0
BAILEYH                   0           0           0           0
NTD-SECURITY              0           0           0           0
PERPOPER                  0           0           0           0
FSCCUP                    0           0           0           0
NADMRES                   0           0           0           0
CHERIE                    0           0           0           0
TOPS                      0           0           0           0
JPRYOR                    0           0           0           0
ELFCODE                   0           0           0           0
BMAINT                    0           0           0           0
NEMSOURCE                 0           0           0           0
MARSISIS2                 0           0           0           0
TMCS12                    0           0           0           0
SRAFT                     0           0           0           0
OSNF                      0           0           0           0
UFD                       0           0           0           0
JOHNSON                   0           0           0           0
TXSSUP                    0           0           0           0
FTCCATE                   0           0           0           0
NTDSEC                    0           0           0           0
MOSSERJ                   0           0           0           0
NTDSRS                    0           0           0           0
JDOSKOW                   0           0           0           0
NTDSPEX                   0           0           0           0
KRIVANEC                  0           0           0           0
ATFLIB                    0           0           0           0
VALDBUG                   0           0           0           0
ATFOUT                    0           0           0           0
EASTECH                   0           0           0           0
TK.UDB                    0           0           0           0
ACTGTYMA                  0           0           0           0
ALFENN                    0           0           0           0
DVIERA                    0           0           0           0
CTDEVFACT                 0           0           0           0
SUPDOC                    0           0           0           0
TK.EDB                    0           0           0           0
DHSU                      0           0           0           0
HQTECH1                   0           0           0           0
SPUNKTEST                 0           0           0           0
SVEGARD                   0           0           0           0
SRASO                     0           0           0           0
SPUNKDEV                  0           0           0           0
SWRAY                     0           0           0           0
DIST24C                   0           0           0           0
BILLROD                   0           0           0           0
TK.MDB                    0           0           0           0
ALANK                     0           0           0           0
TMCSDEV                   0           0           0           0
DIST128A                  0           0           0           0
NSOADM                    0           0           0           0
MAINTDIAG                 0           0           0           0
SRABAK                    0           0           0           0
OASYS                     0           0           0           0
GRNSTEIN                  0           0           0           0
VALADM                    0           0           0           0
ALCPL                     0           0           0           0
AMORRISS                  0           0           0           0
DIST60B                   0           0           0           0
MAGVIP                    0           0           0           0
TMCBKPDEV                 0           0           0           0
JLIOU1                    0           0           0           0
WHITEHUR                  0           0           0           0
TMDMDEV                   0           0           0           0
DIST189A                  0           0           0           0
----------------------------------------------------------------------
TOTALS               904916      932242      -27423           0
----------------------------------------------------------------------

!@ ù