!findit
Find file: *.doc,*.mem,*.hlp,*.inf,*.  *.nfo,*.ins,*.man
(MYPEAK)PEAK.MEM             2  06-Apr-83  12:29  ALL  RD  NO
(NEWSCAN)SCAN.DOC           32  05-Jan-82  08:16  ALL  RD  RD
(NEWSCAN)SCAN.MAN           65  25-Nov-81  04:42  ALL  RD  NO
(NEWSCAN)WILD.DOC           12  10-Feb-82  03:16  ALL  RD  RD
(NEWSCAN)DIR.MEM             3  29-Jul-82  20:03  ALL  RD  NO
(VIVIAN)DUSAGE.DOC           4  29-Feb-84  10:57  ALL  RD  NO
(VIVIAN)XCO.DOC              4  17-Feb-84  09:43  ALL  RD  NO
(VIVIAN)MFDSCN.DOC           5  29-Feb-84  11:00  ALL  RD  NO
(LINK10)UUOSYM.DOC           3  06-Feb-85  06:47  ALL  RD  RD
(LINK10)LINK.DOC             5  06-Feb-85  06:39  ALL  RD  RD
(LINK10)JOBDAT.DOC           2  06-Feb-85  04:13  ALL  RD  RD
(LINK10)MACTEN.DOC           3  06-Feb-85  00:17  ALL  RD  RD
(OSMAN)MONTAP.MEM            2  26-Jun-84  16:32  ALL  RD  NO
(OSMAN)TUMS.DOC             11  04-Mar-85  12:34  ALL  RD  NO
(OSMAN)TUMS.MEM              5  18-Jun-85  12:38  ALL  RD  NO
(OSMAN)SYSTEM.MEM            3  15-Oct-84  12:45  ALL  RD  NO
(OSMAN)MEMO.MEM              2  02-Jan-86  10:52  ALL  RD  NO
(OSMAN)NODANA.DOC            3  18-Sep-85  12:20  ALL  RD  NO
(OSMAN)STOPCD.MEM            7  09-Sep-85  18:54  ALL  RD  NO
(TED)SED.DOC                32  22-May-85  15:57  ALL  RD  RD
(TED)SED.MAN                16  22-May-85  16:00  ALL  RD  RD
(TED)TECO.MEM                2  01-May-85  21:52  ALL  RD  RD
(TED)TECO.INF                2  10-Jan-86  17:44  ALL  RD  NO
(CB-DECDIR)FORTRA.DOC       32  06-May-85  06:57  ALL  RD  NO
(OSB)P034.MEM               65  09-Jul-84  16:48  ALL  RD  NO
(OSB)P034N.MEM              13  13-Jul-84  01:53  ALL  RD  NO
(OSB)P034N.DOC               5  20-Jul-84  02:36  ALL  RD  NO
(PUB)JOURNA.INF              2  08-Nov-79  23:39  ALL  RD  NO
(PUB)PUBDOC.DOC             86  31-Mar-79  03:36  ALL  RD  RD
(PUB)PUB.DOC                59  11-May-79  17:06  ALL  RD  NO
(PUB)TYMPUB.DOC              3  16-Dec-81  00:48  ALL  RD  RD
(TODD)END379.DOC             3  04-Oct-79  13:50  ALL  RD  NO
(TODD)END478.DOC             2  15-Jan-80  11:48  ALL  RD  NO
(TODD)ROYAL2.DOC             3  07-Oct-80  14:15  ALL  RD  NO
(TODD)END480.DOC             2  14-Jan-81  14:10  ALL  RD  NO
(TODD)OBJ.DOC                2  15-Apr-82  05:01  ALL  RD  NO
(TODD)END479.DOC             2  16-Jul-80  11:45  ALL  RD  NO
(TODD)CODPRB.DOC             2  17-Aug-81  13:39  ALL  RD  NO
(TODD)APL.DOC                2  19-Jul-79  15:06  ALL  RD  NO
(TODD)BSPBKP.DOC             2  01-Aug-79  12:51  ALL  RD  NO
(TODD)T1.DOC                 3  21-Dec-79  15:07  ALL  RD  NO
(TODD)2Q79.DOC               2  04-Oct-79  13:41  ALL  RD  NO
(TODD)DSKCLR.DOC             2  17-Apr-80  09:32  ALL  RD  NO
(TODD)F22STA.MEM             2  02-Dec-82  13:27  ALL  RD  NO
(TODD)MCYCLE.DOC             4  27-Dec-79  07:47  ALL  RD  NO
(TODD)BLKBAL.DOC             2  25-Mar-81  16:09  ALL  RD  NO
(TODD)CRSNOT.DOC             8  26-Aug-82  17:00  ALL  RD  NO
(TODD)OPRDSK.DOC             3  18-Mar-81  16:53  ALL  RD  NO
(TODD)END280.DOC             2  16-Jul-80  11:53  ALL  RD  NO
(TODD)END181.DOC             2  14-Apr-81  19:27  ALL  RD  NO
(TODD)NET.DOC                3  06-Jul-82  00:46  ALL  RD  NO
(TODD)PTY.DOC                4  29-Oct-80  22:16  ALL  RD  NO
(TODD)END380.DOC             2  17-Nov-80  16:24  ALL  RD  NO
(SYSNEWS)MTCOPY.DOC          3  16-Apr-76  14:35  ALL  RD  RD
(SYSNEWS)PIP.INF             3  10-Nov-81  15:14  ALL  RD  RD
(SYSNEWS)RPG.INF             7  19-Nov-81  17:05  ALL  RD  RD
(SYSNEWS)VUE.DOC            64  12-Jan-83  13:17  ALL  RD  RD
(SYSNEWS)230COP.INF          8  20-Nov-74  16:01  ALL  RD  RD
(SYSNEWS)XFORM.INF           2  20-Jul-76  08:15  ALL  RD  RD
(SYSNEWS)BATCH.DOC           3  21-Aug-80  13:37  ALL  RD  RD
(SYSNEWS)MON.INF            22  08-Oct-81  10:09  ALL  RD  RD
(SYSNEWS)MAGTAB.DOC          3  19-Oct-81  15:07  ALL  RD  RD
(SYSNEWS)XBASIC.INF          2  10-Nov-81  14:24  ALL  RD  RD
(SYSNEWS)ASP.DOC             5  21-Aug-80  13:49  ALL  RD  RD
(SYSNEWS)ASP.INF             2  17-Jul-81  15:56  ALL  RD  RD
(SYSNEWS)FSHSPL.DOC         18  21-Aug-81  15:13  ALL  RD  RD
(SYSNEWS)TAKEIT.DOC         29  20-Oct-81  09:51  ALL  RD  RD
(SYSNEWS)SPOOL.DOC           9  12-Jan-83  17:03  ALL  RD  RD
(SYSNEWS)620KTP.INF          3  29-Oct-73  16:01  ALL  RD  RD
(SYSNEWS)MAGCON.DOC         16  03-Jun-77  16:38  ALL  RD  RD
(SYSNEWS)MAGCON.INF          3  20-Oct-81  11:03  ALL  RD  RD
(SYSNEWS)OPER.DOC            2  28-Jan-83  14:54  ALL  RD  RD
(SYSNEWS)FLAGOF.INF          2  09-Sep-74  17:01  ALL  RD  RD
(SYSNEWS)BACKUP.DOC         19  01-Feb-77  18:49  ALL  RD  RD
(SYSNEWS)PRTAID.DOC          3  20-Oct-81  14:07  ALL  RD  RD
(SYSNEWS)PUB.DOC            62  24-Sep-81  10:30  ALL  RD  RD
(SYSNEWS)COST.INF            2  09-Oct-73  17:01  ALL  RD  RD
(SYSNEWS)ERRCHK.INF          5  02-Jan-64  12:47  ALL  RD  RD
(SYSNEWS)1CLEAR.DOC          2  21-Aug-81  15:05  ALL  RD  RD
(SYSNEWS)TITO.INF            3  21-Aug-81  15:21  ALL  RD  RD
(SYSNEWS)TITO.DOC           21  21-Aug-81  15:30  ALL  RD  RD
(SYSNEWS)USAGE.DOC           3  20-Oct-81  16:26  ALL  RD  RD
(SYSNEWS)CLRALC.DOC          3  30-Oct-81  11:42  ALL  RD  RD
(SYSNEWS)DIRIT.DOC           2  30-Oct-81  13:58  ALL  RD  RD
(SYSNEWS)TC.DOC              3  10-Nov-81  15:22  ALL  RD  RD
(SYSNEWS)SYSTEC.INF          5  09-Dec-81  15:14  ALL  RD  RD
(SYSNEWS)DOCFIL.DOC          3  09-Dec-81  16:21  ALL  RD  RD
(QABUILDOSC)NEWSYS.MEM       2  27-Apr-79  15:22  ALL  RD  NO
(UPL)RCM.DOC                 3  20-Jan-77  15:57  ALL  RD  RD
(UPL)SCHANL.DOC              6  09-Jan-81  15:21  ALL  RD  RD
(UPL)VALID.DOC               9  02-Nov-76  21:12  ALL  RD  NO
(UPL)AUXLB7.DOC              4  26-Oct-78  16:28  ALL  RD  RD
(UPL)XLIB10.DOC              3  25-Aug-80  15:24  ALL  RD  RD
(UPL)UPANAL.DOC              6  26-Nov-79  09:27  ALL  RD  NO
(UPL)031INF.DOC              8  18-Nov-76  21:51  ALL  RD  NO
(UPL)BLKIO.INF               7  08-Dec-76  08:11  ALL  RD  NO
(UPL)NRBINP.INF              2  05-May-76  09:27  ALL  RD  RD
(UPL)PASCAL.INF              3  11-Oct-78  09:17  ALL  RD  RD
(UPL)PASCAL.MAN             35  15-Dec-78  15:39  ALL  RD  RD
(UPL)FTX22.DOC               7  19-Oct-75  21:13  ALL  RD  RD
(UPL)RTYCHG.INS              2  13-Jan-75  15:42  ALL  RD  RD
(UPL)PJC40.DOC               3  21-Dec-79  09:55  ALL  RD  RD
(UPL)PAGEIO.DOC              3  01-Sep-80  22:51  ALL  RD  RD
(UPL)DATSCN.INF              6  09-Sep-74  21:47  ALL  RD  RD
(UPL)LOADMP.DOC              7  09-Jan-81  15:15  ALL  RD  RD
(UPL)UFDLIB.DOC              4  25-Aug-80  15:14  ALL  RD  RD
(UPL)STREAM.DOC              6  27-Oct-76  12:36  ALL  RD  NO
(UPL)FAILSA.INF              3  03-Dec-76  14:32  ALL  RD  NO
(UPL)AUXLIB.DOC              3  25-Aug-80  15:53  ALL  RD  RD
(UPL)GUIDE.DOC               4  02-Nov-76  21:12  ALL  RD  NO
(UPL)REMIND.DOC              8  22-Sep-75  10:39  ALL  RD  RD
(SOCCI)ASP3.DOC              2  25-Apr-80  16:42  ALL  RD  NO
(SOCCI)F3TITO.MEM            3  27-Oct-80  16:12  ALL  RD  NO
(SOCCI)HISEG.MEM             4  05-Aug-77  07:11  ALL  RD  NO
(SOCCI)ERRORS.MEM            2  15-Aug-77  15:52  ALL  RD  NO
(SOCCI)IN1Q79.MEM            2  02-May-79  10:40  ALL  RD  NO
(SOCCI)ASP4.DOC              3  12-May-80  17:07  ALL  RD  NO
(SOCCI)PERF.MEM             16  02-Dec-80  18:01  ALL  RD  NO
(SOCCI)4MEG.MEM              6  14-Jul-81  15:49  ALL  RD  NO
(SOCCI)VSPACE.MEM            4  17-Apr-77  14:16  ALL  RD  NO
(SOCCI)KLPLAN.MEM            6  12-Apr-78  13:21  ALL  RD  NO
(SOCCI)IN3Q78.MEM            2  01-Nov-78  16:20  ALL  RD  NO
(SOCCI)IN2Q79.MEM            2  06-Sep-79  16:48  ALL  RD  NO
(SOCCI)MEMO.MEM              2  06-Sep-79  17:05  ALL  RD  NO
(SOCCI)ASP5.DOC              2  20-May-80  19:42  ALL  RD  NO
(SOCCI)PETE.MEM              5  26-Jan-81  14:29  ALL  RD  NO
(SOCCI)TSTSUP.MEM            2  16-Jan-81  11:47  ALL  RD  NO
(SOCCI)IN4Q78.MEM            2  26-Feb-79  16:32  ALL  RD  NO
(SOCCI)SLIGOS.MEM            4  10-Apr-81  10:43  ALL  RD  NO
(SOCCI)ASP6.DOC              2  15-Jun-81  15:16  ALL  RD  NO
(SOCCI)VMOVPG.MEM           10  14-Jul-81  15:48  ALL  RD  NO
(SOCCI)S13Q78.MEM            2  30-May-78  16:55  ALL  RD  NO
(SOCCI)FET.INF               3  15-Jan-79  11:51  ALL  RD  NO
(SOCCI)MONSIZ.MEM            2  27-Mar-79  15:58  ALL  RD  NO
(SOCCI)S23Q78.MEM            3  10-Jul-78  16:49  ALL  RD  NO
(SOCCI)WR1Q79.MEM            2  27-Apr-79  14:56  ALL  RD  NO
(SOCCI)GUY.MEM               5  29-May-79  16:59  ALL  RD  NO
(SOCCI)FASCLN.MEM            4  29-Mar-80  16:24  ALL  RD  NO
(SOCCI)RUNFDT.MEM            3  24-Nov-80  14:41  ALL  RD  NO
(SOCCI)SLIPRB.MEM            6  06-Mar-81  16:45  ALL  RD  NO
(SOCCI)BIOBUF.MEM            4  08-May-81  13:52  ALL  RD  NO
(SOCCI)FSHTAP.MEM            3  09-Nov-77  07:38  ALL  RD  NO
(SOCCI)CRSLUK.MEM            7  24-Nov-80  14:13  ALL  RD  NO
(SLIAPLQA)MASTER.DOC         2  23-Feb-81  08:44  ALL  RD  RD
(FTSYS)TAPE.DOC              2  01-Sep-81  14:49  ALL  RD  NO
(PARTY)PARTY.MEM             2  28-Apr-83  09:24  ALL  RD  NO
(TSUCOOP)FIND.DOC            3  22-Mar-83  14:47  ALL  RD  NO
(TSUCOOP)BACKUP.DOC          2  19-Apr-85  11:30  ALL  RD  NO
(TOOLS11)EDIT.DOC            3  21-Aug-80  09:24  ALL  RD  NO
(SSSPOOL)TITO.INF            2  18-Nov-82  01:44  ALL  RD  NO
(SSSPOOL)TITO.MEM           21  19-Jan-81  16:00  ALL  RD  NO
(SYSFIL)FT2SYS.MEM           2  02-Dec-83  14:23  ALL  RD  NO
(PASSFRAME)PASSWO.DOC        4  16-Oct-85  13:35  ALL  RD  NO
(PASSFRAME)PASSWO.MEM        3  16-Oct-85  13:35  ALL  RD  NO
(PASSFRAME)PASPEC.DOC        4  15-Feb-83  19:19  ALL  RD  NO
(PASSFRAME)FRMRUN.DOC        9  07-Apr-83  17:53  ALL  RD  NO
(PEAK.OLD)PEAK.MEM           2  06-Apr-83  12:29  ALL  RD  NO
(CB-SAIL)MDSTXT.INF          2  28-Oct-82  21:43  ALL  RD  NO
(CB-SAIL)FICHE.DOC           3  12-Dec-82  00:07  ALL  RD  NO
(NOBACKUP)COEES.MEM          2  05-Oct-82  10:58  ALL  RD  NO
(NOBACKUP)QUOTES.MEM         2  17-Sep-82  10:07  ALL  RD  NO
(CHERIE)CHERIE.NFO           2  03-Feb-86  03:47  ALL  RD  NO
(CHERIE)USEFUL.NFO           2  25-Jan-86  15:34  ALL  RD  NO
(CHERIE)RECIPE.NFO           2  03-Feb-86  03:29  ALL  RD  NO
(SSINSTALL)LOGINN.INF        3  21-Feb-84  10:07  ALL  RD  NO
(SSINSTALL)PASSWO.MEM        3  18-Jan-84  10:47  ALL  RD  NO
(SSINSTALL)OPER.MEM          5  20-Jul-84  02:24  ALL  RD  NO
(SSINSTALL)UNDELE.DOC        2  21-Feb-84  15:58  ALL  RD  NO
(SSINSTALL)PAKCOP.INF        2  01-Mar-84  10:08  ALL  RD  NO
(NDT)PUBFIX.MEM              2  31-Mar-79  03:57  ALL  RD  NO
(NDT)NEWSAI.DOC              9  24-Nov-80  16:23  ALL  RD  NO
(NDT)SS.DOC                  2  10-Dec-80  22:54  ALL  RD  NO
(NDT)SL.DOC                  2  13-Apr-81  14:15  ALL  RD  NO
(NDT)SQUASH.DOC              2  25-Jan-83  17:08  ALL  RD  NO
(NDT)COMMUN.DOC              2  24-Sep-79  14:28  ALL  RD  NO
(NDT)FIND10.DOC              3  23-May-80  18:59  ALL  RD  NO
(NDT)NEWTAB.DOC              4  23-Dec-80  06:09  ALL  RD  NO
(NDT)BAIL.DOC                4  03-May-81  06:48  ALL  RD  NO
(NDT)GOGTAB.DOC              4  10-Sep-81  17:53  ALL  RD  NO
(NDT)FSHSPL.DOC              2  16-Aug-79  20:14  ALL  RD  NO
(NDT)STORE.MEM               3  01-Oct-79  10:58  ALL  RD  NO
(NDT)EXIST.MEM               2  20-May-80  16:01  ALL  RD  NO
(NDT)STRING.MEM              5  10-Dec-80  22:54  ALL  RD  NO
(NDT)CABNET.DOC              4  14-Jan-82  06:56  ALL  RD  NO
(NDT)PAGEIO.DOC              3  30-Dec-77  17:34  ALL  RD  NO
(NDT)RTRAN.DOC               2  28-Feb-80  15:00  ALL  RD  NO
(NDT)MAPPAG.DOC              6  23-Mar-78  19:24  ALL  RD  RD
(NDT)SDEF.DOC                2  27-Aug-80  15:25  ALL  RD  NO
(NDT)BAILMX.DOC              4  26-Oct-77  17:11  ALL  RD  NO
(NDT)TUT3.DOC               16  16-Jul-81  15:17  ALL  RD  NO
(NDT)BAISYM.DOC              2  23-Aug-78  18:02  ALL  RD  NO
(NDT)PROCES.DOC              2  02-Nov-79  10:18  ALL  RD  NO
(NDT)LISTER.MEM              2  24-Nov-80  15:43  ALL  RD  NO
(NDT)REPCNT.MEM              4  17-Feb-81  17:06  ALL  RD  NO
(NDT)DIRALL.DOC              2  24-Sep-79  14:09  ALL  RD  NO
(NDT)STKOP.INS               2  04-Oct-79  16:02  ALL  RD  NO
(NDT)AST.DOC                 2  02-Dec-82  15:49  ALL  RD  NO
(NDT)RAID.DOC                2  12-Feb-82  23:48  ALL  RD  NO
(NDT)MU327E.DOC              2  29-May-82  06:13  ALL  RD  NO
(NDT)TELCHK.DOC              2  17-Jul-82  22:50  ALL  RD  NO
(NDT)HPCOM.DOC               2  16-Aug-82  16:18  ALL  RD  NO
(DOCAIL)NEWSAI.DOC           5  29-Jun-80  03:09  ALL  RD  NO
(DOCAIL)BAIL.DOC            24  23-Sep-77  17:48  ALL  RD  NO
(DOCAIL)SAIIRP.DOC           2  20-May-80  21:12  ALL  RD  NO
(DOCAIL)TITL.DOC             2  23-Sep-77  17:48  ALL  RD  NO
(DOCAIL)TUT3.DOC            16  14-Aug-80  20:30  ALL  RD  NO
(DOCAIL)TUTOR.DOC           16  23-Sep-77  17:47  ALL  RD  NO
(KL10)APT10.DOC              3  20-Jan-86  12:29  ALL  RD  NO
(KL10)KLDCP1.DOC            28  15-Jan-86  23:20  ALL  RD  NO
(KL10)DCTRL.DOC              3  30-May-80  16:26  ALL  RD  NO
(KL10)F3.MEM                 9  01-Oct-81  12:48  ALL  RD  NO
(WRS)PERFOR.MEM              2  03-Apr-80  17:22  ALL  RD  NO
(WRS)PASSWO.DOC              3  26-Dec-82  23:06  ALL  RD  NO
(WRS)TUMS.DOC               24  09-Sep-85  16:49  ALL  RD  NO
(WRS)FRMRUN.DOC              4  14-Jan-83  01:53  ALL  RD  NO
(QASYS)ARC.INF               2  10-Oct-75  10:02  ALL  RD  RD
(QASYS)1UUO.INS              2  05-Jul-78  11:42  ALL  RD  RD
(QASYS)FDM.INF               2  10-Oct-75  10:07  ALL  RD  RD
(QASYS)FDM.DOC               4  05-Feb-85  16:24  ALL  RD  NO
(DERNST)KMC.DOC              3  01-Apr-82  11:11  ALL  RD  NO
(DERNST)BASCFG.DOC           9  01-Apr-82  11:05  ALL  RD  NO
(DERNST)NODLOG.DOC           5  01-Apr-82  11:04  ALL  RD  NO
(DERNST)KMCDOC.DOC           3  01-Apr-82  11:11  ALL  RD  NO
(DERNST)SATCFG.DOC           9  01-Apr-82  11:05  ALL  RD  NO
(CSTEMPLATE)CSTSRC.DOC       6  06-Nov-83  15:40  ALL  RD  NO
(CSTEMPLATE)CMDSCN.DOC       3  29-Aug-83  20:14  ALL  RD  NO
(BADFILES)SYSTAT.DOC        11  28-Mar-83  12:22  ALL  NO  NO
(DEC-CUSPS)HELPER.DOC        4  09-Feb-82  00:13  ALL  RD  RD
(DEC-CUSPS)SCAN.DOC         32  05-Jan-82  08:16  ALL  RD  RD
(DEC-CUSPS)TECO24.DOC        6  31-Jan-79  05:40  ALL  RD  NO
(DEC-CUSPS)LOGIN.DOC        28  12-Jan-84  01:35  ALL  RD  RD
(DEC-CUSPS)HELP.DOC          5  25-Feb-81  01:23  ALL  RD  RD
(DEC-CUSPS)WILD.DOC         12  10-Feb-82  03:16  ALL  RD  RD
(DEC-CUSPS)BACKUP.DOC       20  24-Jun-82  04:09  ALL  RD  NO
(DEC-CUSPS)INITIA.DOC        3  24-Apr-83  21:32  ALL  RD  RD
(DEC-CUSPS)INITIA.MEM        5  14-Nov-82  18:15  ALL  RD  RD
(UTIL)MAGCON.DOC            19  01-Jul-81  16:57   RD  RD  RD
(UTIL)AUXMAP.INF             2  05-Sep-78  02:37  ALL  RD  NO
(UTIL)FSHTAP.MAN             2  31-Jan-78  09:20  ALL  RD  NO
(EMACS)TEC124.DOC            7  30-Jul-78  23:10  ALL  RD  RD
(EMACS)ATSIGN.NFO           18  27-Dec-79  20:54  ALL  RD  NO
(EMACS)TECOX.DOC            18  21-Jun-79  15:35  ALL  RD  RD
(EMACS)TECNEW.DOC            6  23-Apr-81  18:58  ALL  RD  RD
(EMACS)TECO.DOC             21  23-Apr-81  18:58  ALL  RD  RD
(OSNF)CENTER.DOC             2  19-Jul-84  02:39  ALL  RD  NO
(OSNF)P034.MEM              65  09-Jul-84  16:48  ALL  RD  NO
(OSNF)MONBLD.DOC             2  21-Feb-84  12:18  ALL  RD  NO
(OSNF)P034N.DOC              5  20-Jul-84  02:36  ALL  RD  NO
(OSNF)P034N.MEM             13  13-Jul-84  01:53  ALL  RD  NO
(SAILTEST)CLASS.DOC          3  03-Mar-80  17:50  ALL  RD  NO
(SAILTEST)ABBREV.DOC         4  10-Mar-80  15:47  ALL  RD  NO
(SPL)ACCESS.DOC              2  08-Jul-80  18:24  ALL  RD  RD
(SPL)DIABLO.DOC              5  13-Oct-81  16:57  ALL  RD  RD
(SPL)COPY.DOC                3  21-Apr-83  23:25  ALL  RD  RD
(SPL)TELCHK.DOC              2  17-Jul-82  22:50  ALL  RD  RD
(SPL)SUBR.DOC                5  16-Sep-82  19:44  ALL  RD  RD
(SPL)MAIL9.MEM               2  11-Aug-82  14:10  ALL  RD  RD
(SPL)VAT.MEM                 2  10-Feb-83  00:55  ALL  RD  RD
(SPL)DOC.MEM                 2  21-Jun-84  13:46  ALL  RD  RD
(SPL)SYSTEM.MEM              2  06-Jun-85  15:30  ALL  RD  RD
(SPL)LUK.DOC                 2  11-May-81  19:13  ALL  RD  RD
(SPL)FIND.DOC                3  22-Mar-83  14:56  ALL  RD  RD
(SPL)TTY.MEM                 2  02-Nov-83  17:42  ALL  RD  RD
(SPL)SYSNO.NFO               8  12-Mar-86  12:12  ALL  RD  RD
(SPL)PASS.MEM                2  30-Jul-82  10:35  ALL  RD  RD
(SPL)SNARF.DOC               2  09-Dec-83  22:35  ALL  RD  RD
(SPL)TURNUP.DOC              3  06-Dec-84  08:14  ALL  RD  RD
(SPL)LINKER.MEM              2  17-Sep-80  15:28  ALL  RD  RD
(SPL)FICHE.DOC               3  12-Dec-82  00:07  ALL  RD  RD
(SPL)MAIL.MEM                2  06-Oct-81  09:01  ALL  RD  RD
(SPL)GENINF.MEM              4  25-Feb-83  08:14  ALL  RD  RD
(SPL)MAKLIB.DOC              6  18-Apr-85  02:21  ALL  RD  RD
(SPL)PRUNE.DOC               5  07-Jul-80  14:38  ALL  RD  RD
(SPL)DIRIT.MEM               2  19-Jan-83  13:46  ALL  RD  RD
(SPL)MONNOT.DOC             12  11-Feb-83  09:03  ALL  RD  RD
(SPL)CTEST.MEM               2  21-Jun-84  12:07  ALL  RD  RD
(SPL)GLOB.DOC                5  18-Apr-85  09:01  ALL  RD  RD
(QABUILDM33)MNP034.INF       2  09-Mar-81  10:47  ALL  RD  NO
(QABUILDM33)D07011.INF       2  09-Mar-81  10:44  ALL  RD  NO
(SLISYS)FRMOP.MEM            2  03-Jul-81  10:42  ALL  RD  NO
(SLISYS)PATCH.MEM            2  29-Jul-81  01:28  ALL  RD  NO
(SLISYS)P034.MEM             3  30-Sep-82  03:55  ALL  RD  NO
(SLISYS)VISIT.MEM            2  05-Feb-82  10:30  ALL  RD  RD
(SLISYS)DISK90.MEM           2  02-Dec-81  10:06  ALL  RD  NO
(SLISYS)DISK.MEM             2  02-Dec-81  09:50  ALL  RD  NO
(SLISYS)DSK90.MEM            2  02-Dec-81  10:07  ALL  RD  RD
(CARL)INFO.INF               3  23-Jan-86  15:30  ALL ALL ALL
(CARL)XEXEC.INF              3  23-Jan-86  16:22  ALL  RD  NO
(CARL)P034.MEM              73  26-Jul-85  22:37  ALL  RD  NO
(CARL)UNDELE.DOC             2  21-Feb-84  15:14  ALL  RD  NO
(CARL)CHERIE.NFO             -Feb-86  03:47  ALL  RD  NO
(PEAKDOC)NEWPEA.DOC          2  31-May-83  20:24  ALL  RD  NO
(PEAKDOC)PEAK.MEM            2  06-Apr-83  12:29  ALL  RD  NO
(TOPS10)UCODE.DOC            2  28-Jan-85  01:35  ALL  RD  NO
(TOPS10)FILEX.DOC            5  08-Mar-79  08:17  ALL  RD  NO
(TOPS10)MONMAK.MEM          11  19-Jan-82  21:15  ALL  RD  NO
(TOPS10)SETTTY.DOC          10  11-Mar-86  07:58  ALL  RD  NO
(TOPS10)BOOT2.DOC            5  04-Jan-84  22:48  ALL  RD  NO
(TOPS10)BOOT2.MEM            6  11-Jul-83  00:38  ALL  RD  NO
(TOPS10)BOOT3.DOC            3  31-Jan-85  18:55  ALL  RD  NO
(SYSMAINT)PROG.MEM           2  23-May-85  15:52  ALL  RD  NO
(CB-MEMO)DIST20.MEM          8  03-Dec-82  20:46  ALL  RD  NO
(CB-MEMO)TIME.MEM            2  07-Dec-81  19:53  ALL  RD  NO
(CB-MEMO)TTRSPC.MEM          3  01-Apr-83  16:50  ALL  RD  NO
(CB-MEMO)BLISS3.MEM          3  01-May-83  16:12  ALL  RD  NO
(JMS-INFO)HUMOR.NFO          6  30-Dec-85  12:29  ALL  RD  NO
(JMS-INFO)INFO.NFO           2  30-Dec-85  12:30  ALL  RD  RD
(JMS-INFO)MYUFD.NFO          3  25-Jul-85  13:55  ALL  RD  RD
(OSU)LOGINN.INF              3  22-Mar-85  14:59  ALL  RD  NO
(OSU)LOGINN.MEM              2  27-Feb-84  16:47  ALL  RD  NO
(OSU)INFO.NFO                5  22-May-80  15:58  ALL  RD  NO
(OSU)ONCALL.MEM              3  06-Jun-85  17:21  ALL ALL ALL
(OSU)CHKPNT.INF              2  26-Feb-81  17:39  ALL  RD  NO
(OSU)TAKEIT.INF              2  07-May-85  15:45  ALL  RD  NO
(OSU)TAKEIT.MEM              2  05-May-81  21:56  ALL  RD  NO
(OSU)TAKEIT.DOC             29  24-Feb-81  13:00  ALL  RD  RD
(OSU)HOTMO.MEM               2  31-May-84  17:12  ALL  RD  NO
(OSU)GFD.INF                 2  19-Oct-82  07:39  ALL  RD  NO
(OSU)COLD.DOC                3  25-Jun-84  12:35  ALL  RD  NO
(OSU)CRSTAB.INF              2  07-Mar-85  14:15  ALL ALL ALL
(OSU)INFRED.NFO              2  23-Feb-79  14:25  ALL  RD  RD
(MONDOC)INDIR.MEM            4  02-Jan-64  08:20  ALL  RD  NO
(MONDOC)FYSH.INF             3  02-Jan-64  14:47  ALL  RD  NO
(MONDOC)CHANEL.MEM           2  15-Oct-76  12:41  ALL  RD  NO
(MONDOC)RUB.DOC              2  21-Sep-78  15:53  ALL  RD  NO
(MONDOC)PIP.DOC              2  17-Nov-78  17:25  ALL  RD  NO
(MONDOC)STFILE.NFO           3  02-Feb-79  15:25  ALL  RD  RD
(MONDOC)RIBVAL.NFO           2  05-Feb-79  17:17  ALL  RD  RD
(MONDOC)EDITOR.NFO           2  05-Mar-79  17:09  ALL  RD  RD
(MONDOC)PATLOG.DOC           2  26-Apr-79  18:12  ALL  RD  NO
(MONDOC)DDBPTR.NFO           4  29-Oct-79  18:14  ALL  RD  RD
(MONDOC)FRMOP.DOC           18  07-Mar-80  11:19  ALL  RD  NO
(MONDOC)BADRIB.MEM           5  13-May-81  17:16  ALL  RD  NO
(MONDOC)DEVFLO.NFO           3  23-Apr-79  14:33  ALL  RD  RD
(MONDOC)MONINF.NFO           7  11-Mar-85  01:14  ALL  RD  RD
(MONDOC)SCNSER.NFO           3  12-Apr-85  17:55  ALL  RD  RD
(MONDOC)OPERN.DOC            5  20-Jul-84  02:24  ALL  RD  NO
(MONDOC)ONCE.NFO             8  14-Jan-86  18:07  ALL  RD  RD
(MONDOC)P033.MEM            44  27-Jun-79  14:10  ALL  RD  NO
(MONDOC)P033.DOC             4  06-Oct-77  11:42  ALL  RD  NO
(MONDOC)P033.INF             5  12-Sep-77  09:51  ALL  RD  NO
(MONDOC)P034P.DOC            2  12-Sep-85  19:37  ALL  RD  NO
(MONDOC)P034P.MEM           11  09-Sep-85  14:10  ALL  RD  NO
(MONDOC)ONCE.MEM             3  07-Jan-86  18:02  ALL  RD  NO
(MONDOC)MONDOC.NFO           4  10-Mar-86  15:42  ALL  RD  RD
(MONDOC)FILMEM.MEM           3  14-Oct-75  14:41  ALL  RD  NO
(MONDOC)FILSPC.MEM           4  15-Oct-76  12:37  ALL  RD  NO
(MONDOC)VALID.DOC            9  26-Jan-77  11:28  ALL  RD  NO
(MONDOC)CALI63.DOC           2  03-Jun-77  10:43  ALL  RD  NO
(MONDOC)CACHE.DOC            2  14-Sep-78  20:40  ALL  RD  NO
(MONDOC)ECHO.DOC             3  19-Sep-78  10:32  ALL  RD  NO
(MONDOC)PMAST.NFO           71  17-Nov-78  14:12  ALL  RD  RD
(MONDOC)MODIFY.MEM           3  27-Dec-79  16:28  ALL  RD  NO
(MONDOC)DDT.DOC              3  05-Feb-80  17:56  ALL  RD  NO
(MONDOC)C33P33.MEM           3  20-Feb-80  19:04  ALL  RD  NO
(MONDOC)PCB.DOC              2  05-Mar-80  13:56  ALL  RD  NO
(MONDOC)PHILOS.NFO          14  15-May-80  12:32  ALL  RD  RD
(MONDOC)ICP.DOC              4  20-Sep-78  18:29  ALL  RD  RD
(MONDOC)MEMFIL.DOC           2  16-Jul-80  13:05  ALL  RD  NO
(MONDOC)PATMON.MEM           2  01-Oct-82  14:07  ALL  RD  NO
(MONDOC)ADDPAK.DOC           3  31-May-83  10:20  ALL  RD  NO
(MONDOC)FRMDDT.DOC           2  09-Nov-83  09:58  ALL  RD  NO
(MONDOC)PROJ.NFO             5  10-Mar-85  04:49  ALL  RD  RD
(MONDOC)P034J.DOC            2  27-Mar-81  15:18  ALL  RD  NO
(MONDOC)CMD702.NFO          11  14-Mar-85  18:21  ALL  RD  RD
(MONDOC)OPCODE.NFO           2  03-Jun-85  18:14  ALL  RD  RD
(MONDOC)SA10.NFO             2  10-Dec-85  17:40  ALL  RD  NO
(MONDOC)HARDWR.NFO           3  10-Dec-85  17:47  ALL  RD  RD
(MONDOC)P034.NFO             2  14-Jan-86  19:03  ALL  RD  RD
(MONDOC)PMAST.DOC            3  15-Jan-86  01:14  ALL  RD  NO
(MONDOC)DDT.NFO              2  15-Jan-86  01:24  ALL  RD  RD
(MONDOC)DISKS.NFO          117  18-Feb-86  17:40  ALL  RD  RD
(MONDOC)PDLANL.MEM           3  02-Jan-64  08:17  ALL  RD  NO
(MONDOC)PID.MEM              6  10-Oct-78  10:08  ALL  RD  NO
(MONDOC)FSHSPL.NFO           2  17-Nov-78  18:40  ALL  RD  RD
(MONDOC)ALP.DOC              5  06-Mar-79  11:48  ALL  RD  NO
(MONDOC)ALP.NFO              2  02-Mar-79  19:34  ALL  RD  RD
(MONDOC)UUOFRM.MEM           2  18-Apr-79  12:06  ALL  RD  NO
(MONDOC)AUXIO.DOC            3  23-Apr-79  17:48  ALL  RD  NO
(MONDOC)SYMTAB.MEM           2  09-May-79  15:16  ALL  RD  NO
(MONDOC)XFRRAT.MEM           5  30-May-79  11:37  ALL  RD  NO
(MONDOC)GFDACC.NFO           2  10-Sep-79  11:08  ALL  RD  RD
(MONDOC)ASP.DOC              5  21-Nov-79  16:10  ALL  RD  NO
(MONDOC)INTERN.MEM           2  16-Jul-80  13:15  ALL  RD  NO
(MONDOC)DO.DOC               2  30-Apr-80  09:57  ALL  RD  NO
(MONDOC)FSHSPL.MEM          18  12-Jan-82  09:30  ALL  RD  NO
(MONDOC)POLICY.MEM           2  30-Jul-80  18:55  ALL  RD  NO
(MONDOC)P034K.MEM           11  10-Dec-81  19:03  ALL  RD  NO
(MONDOC)PDP.NFO              2  06-Jun-85  16:25  ALL  RD  RD
(MONDOC)P034K.DOC            3  24-Apr-84  09:29  ALL  RD  NO
(MONDOC)JOBDAT.NFO           8  23-Jan-86  17:31  ALL  RD  RD
(MONDOC)BASEH.DOC            3  23-Jan-86  18:59  ALL  RD  NO
(MONDOC)HOM.DOC              5  24-Jan-86  13:46  ALL  RD  NO
(MONDOC)RIB.DOC              4  18-Feb-86  13:55  ALL  RD  NO
(MONDOC)ASSLOA.MEM           3  02-Jan-64  08:10  ALL  RD  NO
(MONDOC)SLEEP.MEM            3  02-Jan-64  07:35  ALL  RD  NO
(MONDOC)INTR.MEM             3  02-Jan-64  08:38  ALL  RD  NO
(MONDOC)SYMLOK.INF           3  02-Nov-76  15:27  ALL  RD  NO
(MONDOC)PROJEC.DOC           4  09-Dec-76  15:45  ALL  RD  NO
(MONDOC)QUEUES.DOC           2  05-Jun-78  18:55  ALL  RD  NO
(MONDOC)FILESP.DOC           2  23-Feb-79  14:43  ALL  RD  NO
(MONDOC)DUL.DOC              2  08-May-79  12:17  ALL  RD  NO
(MONDOC)MACRO.NFO            2  28-Mar-80  22:32  ALL  RD  RD
(MONDOC)UUOT10.NFO           5  05-Apr-85  16:13  ALL  RD  RD
(MONDOC)P034L.MEM           12  08-May-84  18:22  ALL  RD  NO
(MONDOC)P034L.DOC            4  01-Apr-83  14:13  ALL  RD  NO
(MONDOC)ROYAL.NFO            2  23-Jan-86  14:19  ALL  RD  RD
(MONDOC)TOPS10.NFO           2  03-Feb-86  16:44  ALL  RD  RD
(MONDOC)SWEET.INF            3  02-Jan-64  14:23  ALL  RD  NO
(MONDOC)BIO10.MEM            5  02-Jan-64  07:32  ALL  RD  NO
(MONDOC)FILES.MEM            3  15-Oct-76  12:28  ALL  RD  NO
(MONDOC)GFD.MEM              4  08-Sep-78  19:08  ALL  RD  NO
(MONDOC)ADRBRK.DOC           2  22-Sep-78  17:27  ALL  RD  NO
(MONDOC)UUOCON.NFO           2  22-Dec-78  11:22  ALL  RD  RD
(MONDOC)IOIMPM.NFO           2  26-Jan-79  09:33  ALL  RD  RD
(MONDOC)CRASUM.NFO           2  30-Apr-79  15:27  ALL  RD  RD
(MONDOC)ARCHIV.NFO           2  02-Jul-79  15:48  ALL  RD  RD
(MONDOC)LANG.NFO             2  28-Feb-80  17:03  ALL  RD  RD
(MONDOC)SIMUPD.NFO           4  21-Apr-80  10:34  ALL  RD  RD
(MONDOC)CRSNOT.MEM           9  27-Aug-82  17:01  ALL  RD  NO
(MONDOC)TRUFRM.DOC           3  22-Oct-82  17:23  ALL  RD  NO
(MONDOC)TYMSHR.NFO           2  10-Feb-83  13:31  ALL  RD  RD
(MONDOC)MINUTE.MEM           5  26-Sep-84  02:38  ALL  RD  NO
(MONDOC)TYMCOM.NFO           3  11-Mar-85  02:08  ALL  RD  RD
(MONDOC)CRSHID.DOC           4  12-Mar-85  18:22  ALL  RD  NO
(MONDOC)UTIL.NFO             7  12-Mar-85  20:06  ALL  RD  RD
(MONDOC)ERSATZ.DOC           2  22-Feb-85  17:22  ALL  RD  NO
(MONDOC)ERSATZ.NFO           3  17-Apr-85  13:35  ALL  RD  RD
(MONDOC)OPERK.DOC            5  06-Jan-82  13:02  ALL  RD  NO
(MONDOC)KS2020.NFO           2  13-Jan-86  17:27  ALL  RD  RD
(MONDOC)MONHST.NFO           2  14-Jan-86  19:04  ALL  RD  NO
(MONDOC)RIBDAT.NFO          11  23-Jan-86  17:34  ALL  RD  NO
(MONDOC)UFD.DOC              2  24-Jan-86  18:05  ALL  RD  NO
(MONDOC)SUDS.MEM             2  02-Jan-64  07:36  ALL  RD  NO
(MONDOC)FILNAM.MEM           2  04-Jun-75  10:58  ALL  RD  NO
(MONDOC)P031.DOC            10  26-Jan-77  13:50  ALL  RD  NO
(MONDOC)LICENS.INF           2  23-Aug-77  14:42  ALL  RD  NO
(MONDOC)MAIL.DOC             2  18-Oct-78  13:18  ALL  RD  NO
(MONDOC)SAFETY.NFO           2  27-Feb-79  14:06  ALL  RD  RD
(MONDOC)STREAM.DOC          10  02-Jul-79  15:41  ALL  RD  NO
(MONDOC)IDEAS.NFO            4  13-Sep-79  15:47  ALL  RD  RD
(MONDOC)USER.NFO             2  31-Dec-79  00:21  ALL  RD  RD
(MONDOC)FASCLN.NFO           4  29-Mar-80  16:24  ALL  RD  RD
(MONDOC)IF.NFO               2  02-Jan-81  13:46  ALL  RD  RD
(MONDOC)LICENS.NFO           2  05-Mar-84  18:52  ALL  RD  RD
(MONDOC)INITIA.DOC           3  10-Mar-85  17:08  ALL  RD  NO
(MONDOC)P034N.MEM           13  13-Jul-84  01:53  ALL  RD  NO
(MONDOC)L21.MEM              4  24-Apr-84  10:01  ALL  RD  NO
(MONDOC)P034G.MEM            3  01-Oct-80  14:47  ALL  RD  NO
(MONDOC)P034G.DOC            2  25-Sep-80  16:08  ALL  RD  NO
(MONDOC)P034N.DOC            4  20-Jul-84  02:36  ALL  RD  NO
(MONDOC)FILSYS.NFO           4  23-Mar-84  13:37  ALL  RD  RD
(MONDOC)NETTTY.NFO           4  15-Jan-86  16:48  ALL  RD  RD
(MONDOC)UNHAP.MEM            3  02-Jan-64  08:23  ALL  RD  NO
(MONDOC)ERRCHK.INF           6  02-Jan-64  11:59  ALL  RD  NO
(MONDOC)BIO.MEM              4  02-Jan-64  07:30  ALL  RD  NO
(MONDOC)PAGE.MEM             4  15-Oct-76  10:15  ALL  RD  NO
(MONDOC)DSKCLN.DOC           5  09-Feb-77  11:37  ALL  RD  NO
(MONDOC)XCHRG5.MEM           4  24-Apr-78  13:48  ALL  RD  NO
(MONDOC)BALLL.DOC            4  19-Sep-78  10:34  ALL  RD  NO
(MONDOC)P33SEG.INF           7  05-Oct-77  17:02  ALL  RD  RD
(MONDOC)NMAST.NFO           22  17-Nov-78  17:39  ALL  RD  RD
(MONDOC)EDIT10.NFO           4  11-Jan-79  18:34  ALL  RD  RD
(MONDOC)CRALOG.MEM           3  30-Apr-79  15:33  ALL  RD  NO
(MONDOC)MONNAM.MEM           2  27-Dec-79  17:11  ALL  RD  NO
(MONDOC)PTY.DOC              4  25-Nov-80  16:01  ALL  RD  NO
(MONDOC)FSHTAP.MAN           2  17-Mar-81  13:32  ALL  RD  NO
(MONDOC)DSKCLN.NFO           2  22-Mar-84  13:42  ALL  RD  RD
(MONDOC)MODULE.DOC           2  06-Jul-84  02:15  ALL  RD  NO
(MONDOC)SCHED.NFO            6  10-Mar-85  18:39  ALL  RD  RD
(MONDOC)CRSTAB.NFO           2  03-May-85  04:42  ALL  RD  RD
(MONDOC)TIPS.NFO             9  07-Jun-85  15:23  ALL  RD  RD
(MONDOC)STOPCD.NFO           5  16-Sep-85  18:52  ALL  RD  RD
(MONDOC)NMAST.DOC            2  15-Jan-86  01:06  ALL  RD  NO
(MONDOC)BASES.DOC            3  07-Feb-86  18:39  ALL  RD  NO
(DIAG10)CRSNOT.MEM           9  14-May-79  15:26  ALL  RD  RD
(MAGNUM)MAGNUM.INF          11  18-May-82  08:59  ALL  RD  RD
(OSP)P034P.MEM              11  09-Sep-85  14:10  ALL  RD  NO
(OSP)P034P.DOC               2  12-Sep-85  19:37  ALL  RD  NO
(OSP)STOPCD.MEM              7  09-Sep-85  18:54  ALL  RD  NO
(*6NEWS)SUPREM.INF           6  16-Mar-82  17:47  ALL  RD  RD
(*6NEWS)POLLER.DOC           5  16-Mar-82  17:37  ALL  RD  RD
(*6NEWS)EDITOR.INF          15  16-Mar-82  17:23  ALL  RD  RD
(*6NEWS)SI8080.DOC          18  16-Mar-82  17:44  ALL  RD  RD
(*6NEWS)CAF8.DOC            13  16-Mar-82  17:19  ALL  RD  RD
(*6NEWS)CAPACE.DOC          14  16-Mar-82  17:20  ALL  RD  RD
(*6NEWS)DECMAC.DOC          29  16-Mar-82  17:23  ALL  RD  RD
(*6NEWS)FX4CNV.DOC          10  16-Mar-82  17:35  ALL  RD  RD
(*6NEWS)F40.INF              3  08-Oct-81  17:26  ALL  RD  RD
(*6NEWS)LNEDIT.DOC           2  16-Mar-82  17:35  ALL  RD  RD
(*6NEWS)X22HST.DOC         120  16-Mar-82  17:59  ALL  RD  RD
(*6NEWS)X22RPT.DOC          34  16-Mar-82  18:01  ALL  RD  RD
(*6NEWS)COPYPC.DOC           2  05-Feb-85  15:33  ALL  RD  RD
(*6NEWS)BUBNET.DOC           2  17-Mar-86  13:45  ALL  RD  RD
(*6NEWS)DDT.INF              2  16-Mar-82  17:23  ALL  RD  RD
(*6NEWS)SIMPL.INF            7  16-Mar-82  17:46  ALL  RD  RD
(*6NEWS)CAZ80.DOC           15  16-Mar-82  17:21  ALL  RD  RD
(*6NEWS)CA6502.DOC          15  16-Mar-82  17:14  ALL  RD  RD
(*6NEWS)CA8048.DOC          18  16-Mar-82  17:18  ALL  RD  RD
(*6NEWS)CLMICR.DOC          17  16-Mar-82  17:22  ALL  RD  RD
(*6NEWS)UUOSYM.DOC           8  16-Mar-82  17:54  ALL  RD  RD
(*6NEWS)VALID.DOC            9  16-Mar-82  17:54  ALL  RD  RD
(*6NEWS)TBASUP.DOC          55  16-Mar-82  17:50  ALL  RD  RD
(*6NEWS)PUNCH.DOC            3  16-Mar-82  17:37  ALL  RD  RD
(*6NEWS)BAIL.DOC            18  16-Mar-82  17:10  ALL  RD  RD
(*6NEWS)COMPAC.INF           7  16-Mar-82  17:23  ALL  RD  RD
(*6NEWS)IOCS.INF             3  16-Mar-82  17:35  ALL  RD  RD
(*6NEWS)CA6800.DOC          14  16-Mar-82  17:14  ALL  RD  RD
(*6NEWS)CA8085.DOC          20  16-Mar-82  17:18  ALL  RD  RD
(*6NEWS)JOBDAT.DOC           5  16-Mar-82  17:35  ALL  RD  RD
(*6NEWS)RUNOFF.DOC          18  16-Mar-82  17:39  ALL  RD  RD
(*6NEWS)BIONIC.DOC           2  16-Mar-82  17:10  ALL  RD  RD
(*6NEWS)RAID.DOC            28  16-Mar-82  17:37  ALL  RD  RD
(*6NEWS)SPOOL.DOC           12  16-Mar-82  17:47  ALL  RD  RD
(*6NEWS)TRUCTL.DOC           4  16-Mar-82  17:53  ALL  RD  RD
(*6NEWS)LINK.DOC             9  16-Mar-82  17:35  ALL  RD  RD
(*6NEWS)MACRO.INF            2  16-Mar-82  17:35  ALL  RD  RD
(*6NEWS)PROJEC.DOC           4  16-Mar-82  17:37  ALL  RD  RD
(*6NEWS)SPELL.DOC           12  16-Mar-82  17:46  ALL  RD  RD
(*6NEWS)TBA.DOC            178  16-Mar-82  17:48  ALL  RD  RD
(*6NEWS)TBA.INF             10  16-Mar-82  17:50  ALL  RD  RD
(*6NEWS)CA4040.DOC          14  16-Mar-82  17:13  ALL  RD  RD
(*6NEWS)CA1000.DOC          14  16-Mar-82  17:10  ALL  RD  RD
(*6NEWS)SMERGE.DOC           4  16-Mar-82  17:46  ALL  RD  RD
(*6NEWS)TELECO.DOC          18  17-Mar-86  13:45  ALL  RD  RD
(*6NEWS)PCOM.DOC            10  11-Mar-83  21:11  ALL  RD  RD
(*6NEWS)GFD.INF              2  16-Mar-82  17:35  ALL  RD  RD
(*6NEWS)MICRO.DOC           20  16-Mar-82  17:36  ALL  RD  RD
(*6NEWS)SI8048.DOC          24  16-Mar-82  17:44  ALL  RD  RD
(*6NEWS)CAPPS8.DOC          15  16-Mar-82  17:21  ALL  RD  RD
(*6NEWS)CA2000.DOC          17  16-Mar-82  17:12  ALL  RD  RD
(*6NEWS)F10.INF              4  16-Mar-82  17:24  ALL  RD  RD
(*6NEWS)SAIL.INF            20  16-Mar-82  17:42  ALL  RD  RD
(*6NEWS)X22.DOC            355  16-Mar-82  17:54  ALL  RD  RD
(*6NEWS)X22.INF             24  16-Mar-82  17:58  ALL  RD  RD
(*6NEWS)SAIL.DOC           223  16-Mar-82  17:39  ALL  RD  RD
(*6NEWS)CA8008.DOC          20  16-Mar-82  17:17  ALL  RD  RD
(*6NEWS)UNDELE.DOC           2  21-Feb-86  10:46  ALL  RD  RD
(*6NEWS)SYSTAT.INF           7  16-Mar-82  17:48  ALL  RD  RD
(*6NEWS)PROFIL.DOC           4  16-Mar-82  17:37  ALL  RD  RD
(*6NEWS)SI8085.DOC          18  16-Mar-82  17:45  ALL  RD  RD
(*6NEWS)SI6800.DOC          23  16-Mar-82  17:43  ALL  RD  RD
(*6NEWS)FORLIB.DOC          13  16-Mar-82  17:34  ALL  RD  RD
(*6NEWS)UPI.DOC             35  16-Mar-82  17:53  ALL  RD  RD
(*6NEWS)NONAME.DOC           3  16-Mar-82  17:36  ALL  RD  RD
(*6NEWS)SPICE.INF            3  16-Mar-82  17:47  ALL  RD  RD
(*6NEWS)SPICE.INS            2  16-Mar-82  17:47  ALL  RD  RD
(*6NEWS)TAPE.INF             5  16-Mar-82  17:48  ALL  RD  RD
(*6NEWS)LOADER.INF           5  16-Mar-82  17:35  ALL  RD  RD
(*6NEWS)TAPE.DOC             8  16-Mar-82  17:48  ALL  RD  RD
(*6NEWS)CKSUM.INF            3  16-Mar-82  17:22  ALL  RD  RD
(*6NEWS)REMIND.DOC           8  16-Mar-82  17:39  ALL  RD  RD
(*6NEWS)USAGE.INF            3  04-Aug-76  13:49  ALL  RD  RD
(*6NEWS)SI1000.DOC          12  16-Mar-82  17:43  ALL  RD  RD
(*6NEWS)CA9900.DOC          13  16-Mar-82  17:19  ALL  RD  RD
(*6NEWS)CA1802.DOC          13  16-Mar-82  17:11  ALL  RD  RD
(*6NEWS)MACTEN.DOC           6  16-Mar-82  17:36  ALL  RD  RD
(*6NEWS)REDUCE.DOC          45  16-Mar-82  17:38  ALL  RD  RD
(*6NEWS)PJCPKG.INF           2  16-Mar-82  17:37  ALL  RD  RD
(*6NEWS)CA68K.DOC           37  16-Mar-82  17:15  ALL  RD  RD
(SALTYRON)GOALS.MAN          2  12-Jan-76  13:44  ALL  RD  NO
(SALTYRON)ACT1.INS           2  30-Nov-76  16:59  ALL  RD  NO
(SALTYRON)ONTYME.DOC         3  21-Feb-85  16:34  ALL  RD  NO
(SALTYRON)ACT2.INS           2  30-Nov-76  16:59  ALL  RD  NO
(SALTYRON)ARC.INF            2  10-Oct-75  10:02  ALL  RD  NO
(SALTYRON)FDM.INF            2  10-Oct-75  10:07  ALL  RD  NO
(SALTYRON)ACT.INS            2  30-Nov-76  16:59  ALL  RD  NO
(SALTYRON)CIAO.DOC           5  19-Nov-82  10:20  ALL  RD  NO
(SAILIB)SAVLOW.DOC           3  04-Aug-80  19:08  ALL  RD  NO
(SAILIB)WARP.DOC             2  15-Jun-84  23:02  ALL  RD  NO
(SAILIB)EXTEND.DOC           7  06-Jul-78  09:02   RD  RD  RD
(SAILIB)OSTRNG.DOC           5  11-Jan-79  19:37  ALL  RD  NO
(SAILIB)REDUFD.DOC           2  04-Feb-82  22:43  ALL  RD  NO
(SAILIB)MAKDCL.DOC           2  07-Oct-83  21:23  ALL  RD  RD
(SAILIB)SAILIB.DOC           7  27-Jun-78  19:14  ALL  RD  NO
(SAILIB)MFDSCN.DOC           5  12-Sep-85  13:54  ALL  RD  NO
(SAILIB)MAPLIB.DOC           7  17-Feb-84  13:34  ALL  RD  NO
(SAILIB)FTSAIL.DOC           3  12-Mar-80  17:39  ALL  RD  NO
(SAILIB)ATFILE.DOC           2  08-Oct-82  20:48  ALL  RD  RD
(SAILIB)RANDIO.DOC           2  21-Mar-79  22:39  ALL  RD  NO
(SAILIB)SAIL.DOC            14  19-Oct-81  10:50  ALL  RD  RD
(SAILIB)ASK.DOC              2  29-Oct-82  18:48  ALL  RD  NO
(SAILIB)STRNGS.DOC           6  17-May-79  19:23  ALL  RD  NO
(SAILIB)MAPRD.MEM            3  03-Mar-82  14:25  ALL  RD  RD
(SAILIB)FRMRUN.DOC           6  27-Apr-83  19:18  ALL  RD  RD
(SAILIB)BRKFNS.DOC           2  12-Jan-79  16:51  ALL  RD  NO
(SAILIB)LBALL.INF            3  28-Dec-81  13:49  ALL  RD  RD
(M33)SPT.MEM                 6  31-May-77  11:20  ALL  RD  NO
(M33)MONSYM.DOC              2  01-Aug-79  15:12  ALL  RD  NO
(M33)TAPES.MEM               3  13-Jun-80  18:19  ALL  RD  NO
(M33)MONED1.DOC              3  02-Oct-80  18:24  ALL  RD  NO
(M33)MONPRB.MEM              3  21-Nov-80  13:47  ALL  RD  NO
(M33)KEY620.DOC              2  16-Feb-82  16:24  ALL  RD  NO
(M33)MONXMT.MEM              2  16-Feb-82  17:24  ALL  RD  NO
(M33)RPG.INF                 3  19-Oct-82  07:54  ALL  RD  NO
(M33)OPERN.DOC               5  18-Dec-81  20:21  ALL  RD  NO
(M33)MONWSH.NFO              3  10-Mar-86  17:17  ALL  RD  NO
(M33)XMIT.MEM                3  01-Mar-84  15:09  ALL  RD  NO
(M33)PATMON.MEM              2  01-Mar-84  15:09  ALL  RD  NO
(M33)DDT.INF                 2  16-Mar-82  17:23  ALL  RD  NO
(M33)BOOT.NFO                5  13-Jan-86  17:42  ALL  RD  NO
(M33)FTALOD.DOC              4  20-Jan-86  22:04  ALL  RD  NO
(M33)VSPACE.MEM              4  17-Apr-77  14:16  ALL  RD  NO
(M33)F3OPR.DOC               3  01-Oct-82  10:44  ALL  RD  NO
(M33)CHARGI.MEM              3  11-Jul-78  15:13  ALL  RD  NO
(M33)UPGRAD.DOC              2  17-Jan-79  16:38  ALL  RD  NO
(M33)KSCOP.DOC               2  02-Nov-79  12:06  ALL  RD  NO
(M33)VMOVPG.MEM             10  14-Jul-81  15:48  ALL  RD  NO
(M33)BOOTS.INF               2  21-Jan-86  15:15  ALL  RD  NO
(M33)SIMUPD.MEM              4  25-May-77  14:15  ALL  RD  NO
(M33)DR11C.DOC               2  19-Oct-79  10:55  ALL  RD  NO
(M33)MONED.DOC               2  06-Oct-80  23:41  ALL  RD  NO
(M33)CTYSIM.DOC              3  14-Oct-83  11:35  ALL  RD  NO
(M33)TYPOUT.MEM              3  23-Aug-85  12:06  ALL  RD  NO
(M33)BOTLOD.INF              2  17-Feb-86  16:08  ALL  RD  NO
(M33)PCBIO.INF               2  13-Dec-79  13:13  ALL  RD  NO
(M33)PAKCOP.NFO              9  13-Jan-86  17:54  ALL  RD  NO
(M33)BITS.MEM                3  12-May-77  15:33  ALL  RD  NO
(M33)RELMON.MEM              3  24-Apr-79  12:30  ALL  RD  NO
(M33)BOOT10.DOC              3  20-Jan-86  22:04  ALL  RD  NO
(M33)KMC.DOC                 2  17-Jun-80  14:35  ALL  RD  NO
(M33)TRUINT.MEM              4  22-Jul-84  21:58  ALL  RD  NO
(M33)DIF.MEM                 3  29-Dec-81  12:26  ALL  RD  NO
(M33)FSHMON.MEM              2  26-Jan-82  14:02  ALL  RD  NO
(M33)ALR620.DOC              2  23-Apr-82  13:05  ALL  RD  RD
(M33)MONBUG.NFO              2  10-Mar-86  17:08  ALL  RD  NO
(M33)FETTBL.DOC              5  11-Mar-86  18:42  ALL  RD  NO
(M33)P034.MEM               80  14-Mar-86  20:42  ALL  RD  NO
(M33)MSGS.MEM                3  28-May-85  23:55  ALL  RD  NO
(SAILFOO)SAILI2.INS          2  07-Feb-83  16:27   RD  RD  NO
(IWU)NODLOD.MEM              2  16-Mar-82  12:12  ALL  RD  NO
(PEAKX)PEAK.MEM              2  06-Apr-83  12:29  ALL  RD  NO
(NEWINFO)INFO.INF            2  02-Mar-84  19:54  ALL  RD  NO
(NEWINFO)INFO.NFO            2  23-Jan-86  18:55  ALL  RD  NO
(K.AUXIO)MHX.DOC             2  13-Apr-84  08:02  ALL  RD  NO
(ATPCH)SOUPR.DOC             6  30-Apr-85  07:17  ALL  RD  NO
(ATPCH)INSTAL.DOC           29  30-Apr-85  08:05  ALL  RD  NO
(CB-INFO)TRMOP.DOC           3  05-Feb-81  23:42  ALL  RD  NO
(CB-INFO)UUOSYM.DOC          9  25-Jul-80  06:27  ALL  RD  NO
(CB-INFO)OEDIVX.NFO          4  12-Nov-85  03:44  ALL ALL ALL
(CB-INFO)MFDSCN.DOC          5  30-Mar-83  00:40  ALL  RD  NO
(CB-INFO)DECUS2.MEM         12  07-Dec-82  16:39  ALL  RD  NO
(CB-INFO)BAT20.DOC          10  01-Oct-82  22:29  ALL  RD  NO
(CB-INFO)DATES.INF           2  07-Dec-81  23:30  ALL  RD  NO
(CB-INFO)RUNOFF.DOC         58  14-Feb-81  18:45  ALL  RD  NO
(CB-INFO)SUBR.NFO            5  25-May-85  19:29  ALL ALL ALL
(CB-INFO)SPPARC.MEM          2  19-May-82  18:57  ALL  RD  NO
(CB-INFO)BIRTH.INF           2  22-Dec-83  16:51  ALL  RD  NO
(CB-INFO)UNIX.DOC           18  24-Jul-80  08:58  ALL  RD  NO
(CB-INFO)MEMDFS.DOC          3  05-Mar-81  23:22  ALL  RD  NO
(CB-INFO)CARL.INF            3  07-Dec-81  23:30  ALL  RD  NO
(CB-INFO)REFORM.DOC          3  28-May-85  00:28  ALL  RD  NO
(CB-INFO)MYINFO.NFO          2  23-Jan-86  16:54  ALL  RD  NO
(CB-INFO)CMDSCN.DOC          3  10-Apr-83  02:14  ALL  RD  NO
(CB-INFO)BENCH.DOC           7  29-Jan-81  20:48  ALL  RD  NO
(CB-INFO)BENCH.NFO           6  27-May-85  16:56  ALL ALL ALL
(CB-INFO)ALGOR.NFO           3  31-May-85  22:59  ALL ALL ALL
(CB-INFO)CENTRX.NFO          2  13-Nov-85  17:02  ALL ALL ALL
(SYS)CSMP.INS                3  01-Jan-64  16:01  ALL  RD  RD
(SYS)SFDHLP.INF              6  08-Jul-76  15:00  ALL  RD  RD
(SYS)DRILL.INF               2  22-Nov-76  11:12  ALL  RD  RD
(SYS)COMPAC.INF             13  22-Jan-82  16:51  ALL  RD  RD
(SYS)SFEHLP.INF              6  11-Apr-78  09:26  ALL  RD  RD
(SYS)REPMAN.MEM             34  10-Oct-79  09:36  ALL  RD  RD
(SYS)ZDRILL.INF              2  01-Jan-64  16:01  ALL  RD  RD
(SYS)NONAME.INF              3  04-Sep-79  10:45  ALL  RD  RD
(SYS)ISORT.MEM               7  17-Aug-78  13:38  ALL  RD  RD
(SYS)NEW114.MEM            107  10-Oct-79  09:14  ALL  RD  RD
(WFW)SAILIB.DOC              7  22-Feb-77  10:06   RD  NO  NO
(IMPORT)SCOOP.DOC           10  10-Nov-83  17:24  ALL  RD  RD
(IMPORT)DRT5.DOC            14  06-Nov-78  02:10  ALL  RD  NO
(IMPORT)B.INF                2  22-Jan-82  09:30  ALL  RD  RD
(IMPORT)MAKVFU.DOC           4  02-Sep-81  04:44  ALL  RD  NO
(IMPORT)MKL2A.DOC            4  20-Oct-82  02:00  ALL  RD  NO
(IMPORT)BIGCAL.DOC           8  22-Jan-82  14:57  ALL  RD  RD
(IMPORT)BIGCAL.INF           2  07-Dec-81  23:30  ALL  RD  RD
(IMPORT)MAKLIB.MAN          17  20-Oct-82  09:07  ALL  RD  NO
(IMPORT)LINKUP.MEM          10  08-Nov-79  00:25  ALL ALL  NO
(JBENNETT)STREAM.DOC        10  17-Jan-78  13:11  ALL  RD  NO
(KS2020)20PASS.MEM           2  24-Feb-81  14:51  ALL  RD  NO
(KS2020)KMC.DOC              3  13-Oct-80  18:09  ALL  RD  NO
(KS2020)KSBT.MEM             2  16-Sep-82  11:31  ALL  RD  NO
(KS2020)WKFILS.DOC           2  01-Oct-80  09:01  ALL  RD  NO
(KS2020)20UCOD.MEM           2  23-Sep-80  14:32  ALL  RD  NO
(KS2020)KMCBLD.MEM           2  11-Sep-80  11:02  ALL  RD  NO
(KS2020)LVALID.DOC           4  11-Sep-80  11:05  ALL  RD  NO
(KS2020)FILES.DOC            2  23-Sep-80  14:26  ALL  RD  NO
(KS2020)20FILE.MEM           3  02-Apr-85  15:58  ALL  RD  NO
(KS2020)KSBCFG.MEM           5  02-Apr-85  16:36  ALL  RD  NO
(KS2020)DR.MAN              43  19-Sep-80  18:03  ALL  RD  NO
(KS2020)20FILE.DOC           2  19-Sep-80  12:33  ALL  RD  NO
(KS2020)KSREF.MEM          140  07-Dec-78  13:17  ALL  RD  NO
(KS2020)KSFICH.DOC           2  24-Feb-81  14:55  ALL  RD  NO
(KS2020)KMCDOC.DOC           3  19-Sep-80  16:16  ALL  RD  NO
(KS2020)DISK.DOC             3  17-Jan-80  13:02  ALL  RD  NO
(TBATLIB)SORT.MEM            5  23-Jul-81  16:44  ALL  RD  NO
(TBATLIB)INFO.MEM            2  10-Aug-81  17:10  ALL  RD  RD
(TBATLIB)XBASIC.MEM          5  23-Jul-81  16:45  ALL  RD  NO
(TBATLIB)USRLIB.MEM         13  23-Jul-81  17:11  ALL  RD  NO
(TBATLIB)TBA.INF            30  10-Aug-81  17:11  ALL  RD  RD
(TBATLIB)TCA.MEM            11  23-Jul-81  16:44  ALL  RD  NO
(TBATLIB)X22.MEM             4  23-Jul-81  16:45  ALL  RD  NO
(TBATLIB)MANUAL.MEM        178  10-Aug-81  17:11  ALL  RD  RD
(TBATLIB)PROFIL.MEM         12  10-Aug-81  17:11  ALL  RD  RD
(TBATLIB)TLIB.MEM           24  23-Jul-81  16:30  ALL  RD  NO
(TBATLIB)TQTBA.MEM           6  23-Jul-81  16:45  ALL  RD  NO
(VUE)VUE.INF                 5  09-Feb-82  18:54  ALL  RD  NO
(NEWFDM)VMCOPY.INF           3  17-Apr-84  17:49  ALL  RD  NO
(JW.DSKCLN)DSKCLN.DOC        5  09-Feb-77  11:37  ALL  RD  NO
(JW.DSKCLN)VER41.MEM         3  18-Jul-84  20:20  ALL  RD  NO
(DEC)UUOSYM.DOC              3  25-Jan-84  06:46  ALL  RD  RD
(DEC)FILCOM.DOC              5  10-Jan-86  18:09  ALL  RD  NO
(DEC)FILCOM.INF              2  13-Jan-86  12:48  ALL  RD  NO
(DEC)UFDSET.DOC              4  07-Feb-84  19:34  ALL  RD  RD
(DEC)FILCOX.DOC              3  03-Jun-85  11:59  ALL  RD  RD
(DEC)MACTEN.DOC              3  30-Jan-84  00:16  ALL  RD  RD
(JMS)TELECO.DOC             18  16-Mar-82  17:51  ALL  RD  NO
(LINDLEY)ONTYME.INS          5  15-Jun-84  15:04  ALL  RD  NO
(FTMAGNUM)MAGNUM.INF         9  23-Nov-82  09:07  ALL  RD  RD
(SAIL)FTSAIL.INS             2  14-Feb-78  03:04  ALL  RD  NO
(SAIL)SAIL.INS               2  07-Apr-78  16:02  ALL  RD  NO
(MPL)SCRIPT.MEM              2  24-Nov-80  17:21  ALL  RD  RD
(MPL)TATTLE.MEM              2  13-Apr-82  14:37  ALL  RD  RD
(MPL)RPG.INF                 3  19-Oct-82  07:54  ALL  RD  RD
(MPL)CLASS.MEM               2  30-Jul-81  12:40  ALL  RD  RD
(MPL)HACK.MEM                2  21-Jan-82  17:41  ALL  RD  RD
(MPL)MONXMT.MEM              2  23-Mar-83  09:02  ALL  RD  RD
(MPL)SETOP.MEM               2  22-Aug-83  17:39  ALL  RD  NO
(MPL)INFO.DOC                2  17-Jan-80  20:01  ALL  RD  NO
(MPL)ND421.MEM               2  22-May-84  15:48  ALL  RD  NO
(MPL)NODLOD.MEM              2  23-May-84  08:19  ALL  RD  RD
(MPL)FSHFMT.INF              2  02-Jan-64  15:09  ALL  RD  RD
(MPL)ALLMAL.INF              2  18-Jan-80  13:28  ALL  RD  RD
(MPL)TYPE.MEM                2  20-Mar-82  03:19  ALL  RD  RD
(MPL)TYPE.DOC               15  07-May-80  08:49  ALL  RD  RD
(MPL)HARDWR.MEM              2  04-Jun-82  17:30  ALL  RD  RD
(MPL)ITSR.MEM                3  18-May-82  14:10  ALL  RD  RD
(MPL)MFICHE.MEM              3  22-Oct-82  09:26  ALL  RD  RD
(MPL)MONBD.MEM               2  22-Apr-82  09:46  ALL  RD  RD
(MPL)REBLD.MEM               2  26-Jan-83  08:39  ALL  RD  RD
(MPL)ADDPAK.DOC              3  31-May-83  10:21  ALL  RD  NO
(MPL)KSBT.MEM                2  19-Dec-83  16:02  ALL  RD  NO
(MPL)ICP.DOC                 4  16-Oct-81  12:18  ALL  RD  NO
(MPL)SYS.MEM                 2  23-Apr-84  10:35  ALL  RD  RD
(MPL)MONTAP.MEM              2  26-Jun-84  16:32  ALL  RD  RD
(MPL)YAMM.MEM                3  29-Jun-84  09:49  ALL  RD  NO
(MPL)DDT.MEM                27  21-Jan-83  03:40  ALL  RD  RD
(MPL)LINK.MEM                2  20-Nov-79  11:15  ALL  RD  RD
(MPL)ZAP.INF                 2  31-Jan-80  14:07  ALL  RD  RD
(MPL)UNDEL.DOC               2  23-Jun-81  11:08  ALL  RD  RD
(MPL)FILE.MEM                2  22-Oct-82  09:21  ALL  RD  RD
(MPL)PARIS.MEM               2  29-Jan-82  12:02  ALL  RD  RD
(MPL)PJ.MEM                  2  29-Jun-82  15:47  ALL  RD  RD
(MPL)SCREAM.MEM              2  20-Jul-83  16:24  ALL  RD  NO
(MPL)ND1051.MEM              2  21-May-84  17:28  ALL  RD  NO
(MPL)SSCAN.DOC               6  09-Aug-82  12:13  ALL  RD  NO
(MPL)F3OPR.MEM               4  15-Feb-83  12:21  ALL  RD  RD
(MPL)SPOOL.MEM               5  16-Jul-85  17:06  ALL  RD  NO
(MPL)PCOM.DOC               10  01-Jun-83  17:31  ALL  RD  RD
(MPL)OPER.MEM                2  20-Jul-83  16:59  ALL  RD  RD
(MPL)PCOM.INF                7  11-Aug-83  17:21  ALL  RD  RD
(MPL)NODLOG.DOC              9  07-Dec-83  16:29  ALL  RD  NO
(MPL)MODEM.MEM               2  15-Jun-84  16:14  ALL  RD  NO
(MPL)HOTMO.MEM               2  31-May-84  17:12  ALL  RD  NO
(MPL)FTSAIL.MEM              2  06-Mar-84  11:15  ALL  RD  NO
(MPL)MPLSPL.NFO              5  14-Jan-86  18:28  ALL  RD  NO
(MPL)KAFIX.MEM               2  13-Dec-80  11:36  ALL  RD  RD
(MPL)UTIL.MEM                2  26-Jul-82  11:20  ALL  RD  RD
(MPL)MKSBLD.MEM              3  17-Jun-83  10:14  ALL  RD  NO
(MPL)NODELD.MEM              3  08-Jun-84  08:11  ALL  RD  NO
(MPL)KSINS.MEM               2  25-Jun-84  09:57  ALL  RD  NO
(MPL)MHX.DOC                 2  24-Jun-79  16:11  ALL  RD  NO
(MPL)LOADER.INF              2  23-Mar-76  17:31  ALL  RD  RD
(MPL)PAKSIM.DOC              2  26-Jun-79  10:29  ALL  RD  RD
(MPL)SNOOPY.INF              2  01-Jul-80  15:10  ALL  RD  RD
(MPL)STREAM.MEM              3  22-Apr-82  21:40  ALL  RD  RD
(MPL)WLD7A.DOC              11  14-Feb-79  04:37  ALL  RD  RD
(MPL)SPLINT.MEM              4  21-Mar-83  12:27  ALL  RD  RD
(MPL)MAIL.INF                2  23-Mar-79  11:26  ALL  RD  NO
(MPL)KSSITE.MEM              2  12-Jun-84  12:35  ALL  RD  NO
(MPL)PAKCOP.INF              2  25-Sep-85  18:42  ALL  RD  RD
(MPL)FILDDT.DOC              2  30-Nov-85  19:28  ALL  RD  RD
(MPL)FSHTAP.MAN              2  23-Jan-78  13:04  ALL  RD  RD
(MPL)EDIT10.INF              3  02-Jan-64  07:29  ALL  RD  RD
(MPL)TC.INF                  2  17-Oct-78  14:27  ALL  RD  RD
(MPL)PRUNE.DOC               5  18-Oct-79  18:31  ALL  RD  RD
(MPL)DIRIT.INF               2  26-Sep-79  12:57  ALL  RD  RD
(MPL)PHOTO.DOC               2  21-Sep-81  18:46  ALL  RD  RD
(MPL)CLRALC.DOC              3  29-Oct-82  16:52  ALL  RD  RD
(MPL)ADDNOD.MEM              2  30-Apr-82  14:03  ALL  RD  RD
(MPL)SUPPOR.MEM              3  02-Jul-84  13:32  ALL  RD  NO
(MPL)CONTAC.MEM              2  02-Jul-84  13:51  ALL  RD  RD
(MPL)BASES.MEM               2  13-Dec-82  12:21  ALL  RD  RD
(MPL)EDIT10.DOC              2  17-Jan-80  20:05  ALL  RD  NO
(MPL)ACTSUM.DOC              3  27-Jun-79  16:24  ALL  RD  NO
(MPL)F3MAN.DOC               6  23-May-84  09:15  ALL  RD  NO
(MPL)DOC.MEM                 3  02-Jul-84  13:11  ALL  RD  RD
(MPL)CSCAN.DOC               6  08-Sep-82  14:06  ALL  RD  NO
(MPL)LOADII.MEM              2  02-Jul-84  12:49  ALL  RD  NO
(MPL)RPG.NFO                 9  08-Jan-86  14:58  ALL  RD  RD
(FJSAIL)GOGTAB.DOC           4  02-Mar-78  17:01  ALL  RD  NO
(SPPOPER)SPLFIX.MEM          2  09-Mar-83  16:05  ALL  RD  NO
(XEXEC)PERFOR.MEM            2  03-Apr-80  17:22  ALL  RD  NO
(XEXEC)FCAT.DOC              2  28-Oct-85  21:21  ALL  RD  NO
(XEXEC)INFO.NFO              2  13-Nov-85  13:17  ALL  RD  NO
(XEXEC)USERS.NFO             3  14-Nov-85  10:02  ALL  RD  NO
(XEXEC)DUL.DOC               2  24-Jun-85  13:02  ALL  RD  NO
(XEXEC)UPDATE.DOC            2  24-Jun-85  13:02  ALL  RD  NO
(XEXEC)SCREF.DOC             2  09-Apr-80  03:08  ALL  RD  NO
(XEXEC)BS.DOC                2  24-Jun-85  13:23  ALL  RD  NO
(XEXEC)WHEREI.DOC            2  24-Jun-85  13:02  ALL  RD  NO
(XEXEC)FILES.NFO             2  13-Nov-85  14:30  ALL ALL ALL
(XEXEC)SENDMA.DOC            2  07-May-84  00:29  ALL  RD  NO
(XEXEC)RECORD.DOC           53  09-Jun-80  16:16  ALL  RD  NO
(INFO)INFO.DOC               6  14-Jan-86  17:53  ALL  RD  RD
(INFO)COMAND.NFO             5  21-Jan-86  12:50  ALL  RD  RD
(INFO)MPL.NFO                4  22-Jan-86  14:53  ALL  RD  RD
(INFO)FTSYS.NFO              2  22-Jan-86  14:57  ALL  RD  RD
(INFO)XEXEC.NFO              2  22-Jan-86  14:59  ALL  RD  RD
(INFO)GENRAL.NFO             2  22-Jan-86  15:37  ALL  RD  RD
(INFO)INFO.NFO               2  23-Jan-86  18:55  ALL  RD  RD
(INFO)COMAND.DOC            10  12-Mar-86  12:27  ALL  RD  RD
(INFO)CENTER.DOC             2  14-Jan-86  17:05  ALL  RD  RD
(INFO)UPL.NFO                4  22-Jan-86  14:54  ALL  RD  RD
(INFO)PROGRM.NFO             2  22-Jan-86  15:01  ALL  RD  RD
(INFO)M33.NFO                2  22-Jan-86  16:59  ALL  RD  RD
(INFO)CUSPS.NFO              2  11-Sep-85  16:08  ALL  RD  RD
(INFO)INFO33.NFO             2  17-Jan-80  20:02  ALL  RD  RD
(INFO)SUPORT.NFO             2  23-Jan-86  17:41  ALL  RD  RD
(INFO)INFO33.DOC             2  17-Jan-80  20:02  ALL  RD  RD
(INFO)NTD.DOC                4  13-Jan-86  17:14  ALL  RD  RD
(INFO)SYS1.NFO               6  22-Jan-86  14:52  ALL  RD  RD
(INFO)XDS940.DOC             5  23-Jan-86  18:52  ALL  RD  RD
(INFO)SYS2.NFO               5  22-Jan-86  14:51  ALL  RD  RD
(INFO)GAMES.NFO              2  22-Jan-86  14:58  ALL  RD  RD
(INFO)MAIL.DOC               2  23-Jan-86  19:09  ALL  RD  RD
(INFO)TYMNET.NFO             4  19-Feb-86  12:49  ALL  RD  RD
(INFO)SPL.NFO                2  22-Jan-86  14:52  ALL  RD  RD
(KSBACK)KMC.DOC              3  24-Feb-81  14:55  ALL  RD  NO
(KSBACK)20PASS.MEM           2  24-Feb-81  14:51  ALL  RD  NO
(KSBACK)20UTIL.MEM           2  24-Feb-81  14:51  ALL  RD  NO
(KSBACK)EDITOR.INF          15  20-Nov-80  13:20  ALL  RD  NO
(KSBACK)KSBT.MEM             2  16-Sep-82  11:31  ALL  RD  NO
(KSBACK)WKFILS.DOC           2  24-Feb-81  14:55  ALL  RD  NO
(KSBACK)20UCOD.MEM           2  24-Feb-81  14:55  ALL  RD  NO
(KSBACK)KMCBLD.MEM           2  24-Feb-81  14:53  ALL  RD  NO
(KSBACK)TAKEIT.DOC          29  20-Nov-80  13:52  ALL  RD  NO
(KSBACK)20VALI.DOC           4  24-Feb-81  14:53  ALL  RD  NO
(KSBACK)TIO.DOC              7  20-Nov-80  13:53  ALL  RD  NO
(KSBACK)OPER.MEM             2  20-Nov-80  13:47  ALL  RD  NO
(KSBACK)MAGCON.INF           5  20-Nov-80  13:45  ALL  RD  NO
(KSBACK)MAGCON.DOC          16  20-Nov-80  13:45  ALL  RD  NO
(KSBACK)DDTMAK.DOC           2  20-Nov-80  13:14  ALL  RD  NO
(KSBACK)FILES.DOC            2  24-Feb-81  14:55  ALL  RD  NO
(KSBACK)BOOTKS.MEM           3  11-Dec-85  17:21  ALL  RD  NO
(KSBACK)BOOTM.DOC            2  03-Apr-85  23:06  ALL  RD  NO
(KSBACK)20FILE.MEM           3  02-Apr-85  15:58  ALL  RD  NO
(KSBACK)DR.MAN              43  24-Feb-81  14:54  ALL  RD  NO
(KSBACK)20FILE.DOC           2  24-Feb-81  14:53  ALL  RD  NO
(KSBACK)LOGOUT.INF           3  20-Nov-80  13:34  ALL  RD  NO
(KSBACK)LOADER.INF           4  20-Nov-80  13:31  ALL  RD  NO
(KSBACK)KSFICH.DOC           2  24-Feb-81  14:55  ALL  RD  NO
(KSBACK)KMCDOC.DOC           3  24-Feb-81  14:54  ALL  RD  NO
(KSBACK)DISK.DOC             3  24-Feb-81  14:41  ALL  RD  NO
(YEUX)BLISS.DOC              6  27-Oct-81  06:57  ALL  RD  NO
(YEUX)VUE.INF                7  10-Feb-83  04:18  ALL  RD  NO
(YEUX)VUELST.INF            10  17-Dec-82  01:04  ALL  RD  NO
(YEUX)VUE.DOC               64  11-Dec-81  09:43  ALL  RD  NO
(YEUX)BLILIB.DOC            18  27-Oct-81  06:57  ALL  RD  NO
(PEAK)PHONES.MEM             2  17-Feb-84  15:14  ALL  RD  NO
(XXARC)DDT.DOC               4  28-Oct-82  23:28  ALL  RD  NO
(XXARC)CREF.DOC             13  26-Jan-82  06:00  ALL  RD  RD
(XXARC)PIP33C.DOC           18  26-Jan-82  07:02  ALL  RD  RD
(XXARC)COMPIL.DOC           10  26-Jan-82  03:24  ALL  RD  RD
(CTMKTG1)SETTER.DOC          4  15-Mar-84  11:25  ALL  RD  NO
(NEWRPG)RPG.INF              3  08-Feb-82  17:31  ALL  RD  NO
(FLETCHERC)ANSWER.MEM        2  22-Oct-85  15:38  ALL  RD  NO
(FLETCHERC)EXTENS.MEM        2  30-Dec-85  09:32  ALL  RD  NO
(FLETCHERC)PHONE.MEM         3  17-Jul-85  10:18  ALL  RD  NO
(FLETCHERC)BEEP.MEM          2  14-Nov-84  15:03  ALL  RD  NO
(MOSSERJ)INTERV.MEM          3  25-Jun-84  10:12  ALL  RD  NO
(HELGEM)DATE.DOC             3  22-Apr-85  14:59  ALL  RD  NO
(HELGEM)DATIM.DOC            2  31-Jan-86  09:45  ALL  RD  NO
(HELGEM)MILE.DOC             2  14-Jan-86  10:28  ALL  RD  NO
(HELGEM)TURNUP.DOC           3  10-Jan-84  20:05  ALL  RD  NO
(NFDM)VMCOPY.INF             3  17-Apr-84  17:49  ALL  RD  NO
(NFDM)FDM.INF                2  08-Mar-85  03:04  ALL ALL ALL
(ANEWMAN)CALNDR.DOC          3  09-Aug-83  18:15  ALL  RD  NO
(SPPARCH)ADDPAK.DOC          3  31-May-83  10:09  ALL  RD  NO
(SPPARCH)SUPER.DOC           4  21-Mar-84  14:08  ALL  RD  NO
(SPPARCH)UNDELE.DOC          2  21-Feb-84  15:58  ALL  RD  NO
(SPPARCH)SWEET.INF           3  29-Nov-83  15:58  ALL  RD  NO
(SPPARCH)P7.DOC              5  20-Oct-83  20:53  ALL  RD  NO
(SPPARCH)NWID.MEM            3  06-Mar-84  16:46  ALL  RD  NO
Find file: 

End of SAIL execution
!exi
   @A/