!luk 
File mask(s): *.doc,*.inf,*.mem,*.txt,*.pub,*.rno,*.man,*.hlp,*.ins

(CSHAW)  PROPRI.DOC, LU1SUM.DOC, PSM.DOC, ISRM02.DOC, MS0586.RNO, SDLC79.RNO, SN
A0A5.RNO, SHAW19.RNO, SNA0AC.RNO, S3274.DOC, STDDFS.PUB, NSCSSS.DOC, NSC02.PUB, 
NSC02.DOC, OBJ862.DOC, OBC862.DOC, XNASGN.DOC, MS0686.RNO, LU1RPT.PUB, MDPLN1.PU
B, MDPLN1.DOC, LU1RPT.DOC, SDLC7A.RNO, SNA0A6.RNO, SNA0AD.RNO, SNA377.DOC, SNANS
M.DOC, NSCWBS.DOC, NSCWBS.PUB, SNDIAL.PUB, SNDIAL.DOC, SNAXNA.PUB, SNAXNA.DOC, S
HAW14.RNO, BUBSNA.DOC, ACTIVY.RNO, SNA0A0.RNO, OBJ863.DOC, SDLC7B.RNO, SNA0A7.RN
O, MS0786.RNO, OFTIN.DOC, SNADLC.DOC, SVCGED.DOC, QLCERS.DOC, SNASGN.DOC, MS0186
.RNO, SHAW15.RNO, PDPUSE.DOC, SNA0A1.RNO, XNAERS.DOC, SDLC7C.RNO, SNA0A8.RNO, HE
LP.DOC, 525WBS.DOC, 525GED.DOC, 525PJR.DOC, Y86Q1.DOC, MS0286.RNO, SHAW16.RNO, M
S1985.RNO, SNA0A2.RNO, SDLC7D.RNO, SNA0A9.RNO, LU1STY.DOC, SCS327.DOC, IBMDEV.DO
C, SNAIIX.DOC, JKKGED.DOC, LU1WBS.PUB, LU1WBS.DOC, JTESTP.DOC, MS0386.RNO, SHAW1
7.RNO, SNA0A3.RNO, SDLC7E.RNO, SNA0AA.RNO, QLCTST.DOC, 525SUM.DOC, SNANSC.DOC, M
S0486.RNO, SHAW18.RNO, SNA0A4.RNO, SDLC7F.RNO, SNA0AB.RNO
(SNADEV)  SU1019.RNO, VHRWBS.DOC, SNALIB.DOC, SNAVTI.DOC, HDPGED.DOC, SNAMCA.DOC
, CMHGID.DOC, SVTSUM.DOC, SNAART.RNO, SNAPDS.DOC, TSTPLN.DOC, PRINT.DOC, VHPGID.
DOC, VHRSUM.DOC, SVCGED.DOC, SVCWBS.DOC, CU3274.DOC, CU8100.DOC, VTIPRJ.MEM, VTI
WBS.DOC, SNASGN.DOC, SNACRM.DOC, TPROC.DOC, SNAGID.DOC, SCRASH.DOC, RESOUR.DOC, 
SNAFUN.DOC, PROJCT.DOC, 525WBS.DOC, 525GED.DOC, CMHWBS.DOC, VHRGID.DOC, BETA.RNO
, SU0117.RNO, SNAIIX.DOC, SNAHDP.INF, SNADDT.DOC, VHPWBS.DOC, VHPGED.DOC, SNAERS
.DOC, CONCAT.DOC, SVHPLN.DOC, SVHERS.DOC, 525SUM.DOC, SVTWBS.DOC, CMHSUM.DOC, VT
ISUM.DOC, VTIGED.DOC
(ENGFIRM)  MCODE.DOC, CPUTST.DOC, ROMIO.DOC, README.DOC, S18.DOC
(DIAGDOC)  DSYN2B.DOC, DMAC05.DOC, DCPU03.DOC, DXPI01.DOC, DSYA05.DOC, DREL01.DO
C, DCOR01.DOC, DINT01.DOC, DSIO01.DOC, DMAC06.DOC, DCPU31.DOC, DTAP01.DOC, DMSC0
3.DOC, DMSC04.DOC, DMEM01.DOC, DMEM02.DOC, DSYN03.DOC, DTAP1A.DOC, DMEM03.DOC, D
CPU02.DOC, DMAC04.DOC, DISK03.DOC
(HSING)  STDDFS.PUB, SPOOL.DOC, SPELL.DOC, MODDFS.PUB, SNAIMS.DOC, SNAIMS.MEM, S
NAIMS.PUB, CLKINT.DOC, REVW84.DOC, TTE102.DOC, TTE102.PUB, REVW85.DOC, REVW85.PU
B
(WWANG)  LUB2NA.MEM, RUDMAN.MEM, NETCON.MEM, CLASS.MEM, MIKE4.MEM, BASE06.MEM, E
USKE.MEM, BASE15.MEM, X25.MEM, AGUA.MEM, DSTEIN.MEM, DAVID.MEM, 940NET.MEM, VISA
.MEM, LUB3NA.MEM, MIKE.MEM, CBUILD.MEM, WANG.DOC, BASE07.MEM, PI1903.MEM, BASE16
.MEM, BBQ.MEM, BRUCE.MEM, PARIS.MEM, LUB4NA.MEM, BASE01.MEM, SIMON.MEM, LETTER.I
NS, BASE08.MEM, BASE10.MEM, BASE17.MEM, NANCY.MEM, STEVE.MEM, UNIX.MEM, BASE02.M
EM, DAVID1.MEM, BASE09.MEM, BASE11.MEM, PAULA.MEM, BASE03.MEM, MUD.INF, MIKE1.ME
M, ACCT.MEM, BASE12.MEM, JMS1.MEM, DAVID2.MEM, MUD.DOC, GAZEL.MEM, NTVAL1.MEM, P
ARIS1.MEM, TNSC.MEM, BASE04.MEM, MIKE2.MEM, BANSOR.DOC, BASE13.MEM, JMS2.MEM, DI
SC.INF, NESBIT.MEM, ISIS.MEM, CANNIN.MEM, OLIVET.MEM, WRS.MEM, JONAS.MEM, NTVAL2
.MEM, XPC1.MEM, DAVID3.MEM, LUB1NA.MEM, PARIS2.MEM, BASE05.MEM, MIKE3.MEM, WALKE
R.MEM, NATHN1.MEM, STEIN.MEM, JSTEIN.MEM, BASE14.MEM, MARY.MEM, VIDA.MEM, XPC2.M
EM, NET940.DOC, NET940.PUB, NET940.MEM, NSR503.MEM, SHICK.MEM, NETVAL.MEM, PEREZ
.MEM, XPC.MEM, HOST.DOC
(PCHU)  BAN803.DOC, SLSYNC.DOC, THOST.DOC, THOST.PUB, STDDFS.PUB, BSCIMS.PUB, BE
RGID.PUB, NSR795.DOC, BANDOC.DOC, SWBGED.PUB, INST.HLP, BERRCV.DOC, BAN603.DOC, 
BSCPTP.DOC, SUPLOG.DOC, BSCPTP.PUB, BERGED.PUB, BERGED.DOC, B7MSG.DOC, B7MSG.PUB
, HBACK.DOC, HBACK.PUB, BERPTP.PUB, BERPTP.DOC, PBTGEN.DOC, SWBGID.PUB, BAN900.D
OC, SUPLOG.PUB
(NTDDOC)  HD202S.DOC, MPVGID.PUB, PADUSR.DOC, NDGED.DOC, PRODID.DOC, BOM.DOC, AC
OUNT.DOC, CSERSX.DOC, MPVGED.PUB, PTIGED.DOC, SPGED.DOC, CUGXOM.DOC, PDGEN.DOC, 
TIMOUT.DOC, MICROS.DOC
(ATFMOV)  XCLASS.DOC, COPY.TXT, PROBE.DOC, DOTEXT.TXT, PEAK.TXT
(MCPDEV)  STDDFS.PUB, MCPGED.DOC, MCPGED.PUB, KANJI.DOC, JTAN10.DOC
(DIAGLIB)  DREL01.PUB, DMAC06.PUB, DCPU31.PUB, DMEM02.DOC, DMEM03.PUB
(PEGGYH)  PASLIB.INF, BAN.DOC
(XPCDEV)  XPCPAD.DOC, XFCBIT.DOC, STDDFS.PUB, NSRVTO.DOC, XPC.PUB, XPC.DOC, XPC0
02.DOC, XPCDOS.DOC, XPCART.DOC, XPCSGN.DOC, XNSIMS.DOC, XPCRM.PUB, XPCRM.DOC, BA
NBLK.DOC
(NDEVHSBC)  ONTYME.DOC, BANH01.DOC, REPLY.DOC, 3270TY.DOC, BANDOC.DOC, BOM.DOC, 
MDTBOM.DOC, BAN601.DOC, PTIGED.DOC, BAN602.DOC, BAN100.DOC, BANSOR.DOC, BANT01.D
OC, BAN900.DOC, 3270X.DOC, NAD.INF, 3270.DOC, BAN802.DOC, B7MSG.DOC, BAN605.DOC
(SDLCDEV)  SU1019.RNO, SDLC02.RNO, SDLC02.MEM, SDLC12.RNO, SDLC03.RNO, RELS01.DO
C, QLCSGN.DOC, DLCSGN.DOC, SDLCP0.RNO, SDLC04.RNO, SDLC04.MEM, QLCGID.DOC, PRINT
.DOC, QLCFUN.DOC, S113.DOC, DLCGID.DOC, SVCGED.DOC, SVCWBS.DOC, SDLCP1.RNO, CU32
74.DOC, CU8100.DOC, RELEAS.DOC, DLCIMS.DOC, QLCERS.DOC, ERSDLC.DOC, DLCIIX.DOC, 
TPROC.DOC, SCRASH.DOC, RESOUR.DOC, PROJCT.DOC, DLCDDT.DOC, S1209.RNO, BETA.RNO, 
SU0117.RNO, QLCGED.DOC, QLCWBS.DOC, SDLC01.RNO, EXTDDT.DOC, CONCAT.DOC, QLCTST.D
OC, SDLC01.MEM, Q202.DOC
(EBUELL)  ESCAL.DOC, DESCAL.DOC, GATES.DOC
(SHWONG)  TRACE.MEM, TESTPL.DOC, OCT85.DOC, FEB6.DOC, JAN85.DOC, NCODE.DOC, MAR8
5.DOC, STATUS.DOC, AUGT85.DOC, ALBERT.DOC, RESIGN.DOC, JUNE85.DOC, NOTICE.DOC, D
EC85.DOC, JAN86.DOC, AUG6.DOC, MBOARD.DOC, NOV5.DOC, JAN3.DOC, JOHN.DOC, VCP1.DO
C, NOTE.DOC, FEB85.DOC, GED.MEM, RELEAS.DOC, NODE14.MEM, BUG.DOC, DLOAD.MEM, BLO
CK.DOC, DEC2.DOC, SEP10.DOC, OCT.DOC, NOV6.DOC, IMP.DOC, IMP.MEM, APR85.DOC, REV
IEW.DOC, FEB86.DOC, JUL85.DOC, AUG85.DOC, SEPT85.DOC, RESET.DOC, COMMEN.DOC, PAC
KET.DOC, STAT2.DOC, JULY85.DOC, SCHED.DOC, NOV85.DOC, VACATI.DOC
(ALANLO)  JCMM3.PUB, STDDFS.PUB, JCMM4.PUB, LETTER.DOC, M1.DOC, LETTER.PUB, IPR.
DOC, IPR.PUB, M1.PUB, PEAK.TXT, M2.DOC, COURSE.MAN, SIMCPU.DOC, SIMCPU.PUB, MTSI
.PUB, IPRTTL.DOC, M2.PUB, README.DOC, OS.DOC, IPRTTL.PUB, OS.PUB, REVIEW.TXT, NE
WCPU.DOC, M3.PUB, M3.DOC, NEWCPU.PUB, MODDFS.PUB, M4.DOC, M4.PUB, JCMM1.PUB, AIR
FR.DOC, AIRFR.PUB, JCMM2.PUB
(ISIS)  CONF02.DOC, TCODE.DOC, VIRTER.DOC, NCR.DOC, RELEAS.DOC, NIB.DOC, NAX.DOC
, NONAME.TXT, DLRCHK.DOC, T.INF
(ISISDOC)  TBASE.PUB, TBASE.DOC, STDDFS.PUB, NET1.PUB, NET1.DOC, NCPROT.DOC, ACC
T2.DOC, ACCT2.PUB, ISIS2.DOC, ISIS2.PUB, ACT80.PUB, ACT80.DOC, ACOUNT.PUB, ACOUN
T.DOC, AUTOFD.PUB, AUTOFD.DOC, ENGINE.PUB, TMS.DOC, TMS.PUB, ARCHIV.PUB, ENGINE.
DOC, LOADNO.DOC, DEVICE.DOC, PUB.DOC, DEVICE.PUB, TYMNET.DOC, TOOLS.DOC, TOOLS.P
UB, CIRCUI.PUB, CIRCUI.DOC
(PMANLEY)  REVCC1.PUB, X50809.PUB, OFFCC.PUB, OFFTG.PUB, RFP6.PUB, X50514.PUB, X
50613.PUB, X50201.PUB, ESS3.PUB, REMDIA.MEM, VUE.HLP, DXPI01.DOC, DSYA05.DOC, DR
EL01.PUB, X60709.DOC, X60709.PUB, STDDFS.PUB, X50729.PUB, AD8506.PUB, DSSGED.PUB
, REVJD1.PUB, OFFJD.PUB, RFPS.PUB, RFP7.PUB, X50310.PUB, X50121.PUB, DNOTE2.PUB,
 X60217.PUB, ESS4.DOC, ESS4.PUB, TSIOLD.PUB, X60415.PUB, X60415.DOC, X60712.DOC,
 X60712.PUB, X60721.DOC, X60721.PUB, X51031.PUB, OFFTL2.PUB, OFFJS.PUB, OFFFW.PU
B, X50606.PUB, AD8408.PUB, REVFW1.DOC, REVFW1.PUB, X60220.PUB, X60227.DOC, X6022
7.PUB, ESS5.DOC, ESS5.PUB, DXPI.MAN, DXPIXX.DOC, DXPI.DOC, DXPI.PUB, X51209.PUB,
 X60812.DOC, X60812.PUB, X50814.PUB, REVJDA.PUB, OFFCF.PUB, OFFUB.PUB, OFFRV2.PU
B, X50411.PUB, X50328.PUB, X50312.PUB, AD6.PUB, AD0520.PUB, AD0923.PUB, DISK3B.P
UB, NOTE.MEM, OFFKS.DOC, OFFKS.PUB, X60219.PUB, X60228.DOC, X60228.PUB, ESS6.PUB
, ESS6.DOC, X60507.DOC, X60507.PUB, BANDOC.DOC, X50725.PUB, X51123.PUB, REVPM3.P
UB, OFFTG2.PUB, RFP3.PUB, X50511.PUB, X50610.PUB, X50412.PUB, AD0521.PUB, SUPER.
PUB, AD8601.PUB, AD8601.DOC, ESS7.PUB, ESS7.DOC, DSYN03.PUB, X60805.DOC, X60805.
PUB, AD8608.DOC, AD8608.PUB, OFFCH.PUB, REVPM4.PUB, OFFTL.PUB, RFP4.PUB, X50512.
PUB, X50620.PUB, X50413.PUB, ENGINT.DOC, AD0810.PUB, REMOTE.MEM, ENGINT.PUB, STA
NDR.PUB, STANDD.PUB, ESS8.PUB, ESS8.DOC, X51010.PUB, OFFMM.PUB, OFFRV.PUB, RFP5.
PUB, X51017.PUB, X50513.PUB, X50619.PUB, X50612.PUB, X50709.PUB, X50414.PUB, X50
405.PUB, TSIDO.PUB
(RICHTENG)  FCAT.DOC, MAXNOD.MEM, CRASH3.DOC, TPFIX.DOC, PERS.DOC, REL.MEM, CRAS
H4.DOC, CRASH.DOC, AR.MEM, PATCH0.DOC, AR0786.DOC, ERRLOG.DOC, REVIEW.DOC, NDESC
.MEM, NDESC.DOC, CRASH1.DOC, NETX.DOC, CRASH2.DOC, PXPROP.DOC, TPINST.DOC
(KALENDA)  AIR.MEM, FIRE.MEM, NSR.DOC
(CHANGC)  LOADII.DOC, MERLIN.DOC, MACGID.DOC, STDDFS.PUB, BAN.DOC, MAC.PUB, MAC.
DOC, DIAG.DOC, DIAG.PUB, TSIDO.DOC, TSIDO.PUB
(ASYNC)  CSHIST.DOC, HD202S.DOC, STDDFS.PUB, PADUSR.DOC, CSERS.DOC, CSERS.PUB, P
ADGEN.DOC, SPGED.DOC, CS0401.DOC
(MEADOR)  COUNTL.TXT, SCREEN.INF, SCREEN.DOC, BILL1.TXT, LAB4.TXT, DIRHSH.TXT, I
NDENT.TXT, SORTSC.TXT, DIRPBR.TXT, XRF1.TXT, CO1.TXT, LISTOU.TXT, XRF2.TXT, LAB1
.TXT, CRYPTO.TXT, CO2.TXT, DIRRWR.TXT, SECRET.TXT
(RMARSH)  RM.MEM
(SUPDEV)  FCAT.DOC, CIRCLN.DOC, BANDOC.DOC, SUPGEN.DOC, LLEVEL.DOC, SUPNOD.DOC, 
ERRLOG.DOC, GRAB.DOC, BANSOR.DOC, NDESC.DOC, TPINST.DOC
(BMCDEV)  ERCMC.DOC, BPROM.DOC, SIOASM.DOC, IMS73B.DOC, GIDSIO.DOC
(CBLACK)  GOALS.TXT, CH150K.TXT, CH3XXK.TXT, COPY.TXT, STATUS.DOC, STATUS.PUB, C
H20K.TXT, MEMO.PUB, FENN.DOC, FENN.PUB, CH30K.TXT, CH100K.TXT, REVIEW.TXT, MODDF
S.PUB, CSUM18.PUB, CSUM18.DOC, CH50K.TXT, CH0XXK.TXT, CH300K.TXT, CEDAR.TXT, CH1
XXK.TXT, CH2XXK.TXT, CH1MEG.TXT
(MXP)  SCHEDL.INF, BOOT.DOC, BOOT.PUB, ENGMSG.DOC, MXPFAL.DOC, STDDFS.PUB, LNK68
K.DOC, MXPGID.PUB, MXPIMS.PUB, XPICON.INF, MAKESR.DOC, BPROM.DOC, MXPERS.PUB, MX
PERS.DOC, XPISPE.DOC, ASM68K.DOC, DISPAT.PUB, BUG003.MEM, COPYRT.TXT, MXP.INF, M
XPTST.PUB, MULTI.INF, KDIO.DOC, MXPIMS.DOC
(DER-FAI)  GENERA.DOC, LECTUR.DOC, GLOSSA.DOC, NCBGID.DOC, COMPIL.DOC, NCBGED.DO
C
(MIKERUDE)  AF.DOC
(BUBBNET)  BB2541.DOC, GATESL.INF, BB2352.DOC, BB2163.DOC, BB2111.DOC, BB2575.DO
C, BB2154.DOC, BB2103.DOC, BB2112.DOC, BB2047.DOC, BB2362.DOC, BBMUX.INF, BB2657
.DOC, BB2164.DOC, BB2263.DOC, BB2130.DOC, BB2104.DOC, BB2363.DOC, BB2041.DOC, BU
BCDM.DOC, BB2525.DOC, BB2165.DOC, BUBSUP.DOC, BB2265.DOC, BB2060.DOC, BB2105.DOC
, T2GATE.INF, BB2150.DOC, BB2042.DOC, BB2157.DOC, BB2160.DOC, BB2671.DOC, BB2007
.DOC, BB2043.DOC, BB2152.DOC, SUPDED.DOC, BB2071.DOC, BB2026.DOC, BB2044.DOC, BB
2357.DOC, BB2036.DOC, BB2153.DOC, PJRNOD.INF, BB2113.DOC, BB2066.DOC, BB2606.DOC
, BB2114.DOC, BB2051.DOC, BB2760.DOC, BB2166.DOC, BB2106.DOC, PROJCT.INF, BUBDOC
.DOC, BB2070.DOC, BB2617.DOC, BB2052.DOC, BB2520.DOC, BB2151.DOC, BBDOC.DOC, BB2
107.DOC, BB2116.DOC, BB2161.DOC, BB2540.DOC, BB2547.DOC, BB2351.DOC, BB2531.DOC,
 BB2162.DOC, BB2101.DOC, BB2110.DOC, BB2027.DOC, BB2360.DOC, BB2522.DOC, BB2054.
DOC, GATEWY.INF, BB2274.DOC, BB2067.DOC, ALPHA.INF, BB2612.DOC, WNFE.MEM, BB2516
.DOC
(HUEYMA)  OPLERS.DOC, STATUS.RNO, STATUS.MEM, OPLGED.DOC, ALMSR.DOC, ALMSD.DOC, 
ALMSAM.DOC, LOGMSG.DOC, SRIGID.DOC, SRIIMS.DOC, SAMPLE.TXT, ALMGID.DOC, INSTAL.D
OC, TDRGID.DOC, TDRIMS.DOC, CIAO.DOC, SRIGED.DOC, OPLGID.DOC, OPLIMS.DOC, ALM.ME
M, LOGDO.DOC
(KSINCLAIR)  STDDFS.PUB, TYMREF.PUB, MODDFS.PUB, MFILE.MEM
(ACHAO)  SDLC.MEM, QLCSGN.DOC, CMHERS.PUB, DLCSGN.DOC, MOMRPT.MEM, DLCIMS.DOC, D
LCIMS.PUB, REVIEW.DOC, MODDFS.PUB, S1209.MEM, S1209.RNO, SDLCMR.MEM, ND4000.MEM
(CMTI)  PUBKAT.INS, PATCH.MEM, STDDFS.PUB, CMTERM.PUB, PUBFHT.INS, MODDFS.PUB, T
DEF.PUB, CMTGID.PUB
(BKRUEGER)  HASP.DOC, PR2215.PUB, PR2215.DOC, STDDFS.PUB, DDCCLS.MEM, DDCCLS.DOC
, DDCCLS.RNO, LETTER.DOC, LETTER.PUB, BANDOC.DOC, SYSGEN.DOC, 2780.DOC, COMBAT.D
OC, BANSOR.DOC, DU1101.TXT, USER.DOC, GATES.DOC, PR2222.PUB, PR2222.DOC
(SNADOC)  SNALIB.DOC, SNAVTI.DOC, HDPGED.DOC, SNAMCA.DOC, CMHGID.DOC, QLCSGN.DOC
, TSTPLN.DOC, VHPGID.DOC, DLCSGN.DOC, QLCGID.DOC, QLCFUN.DOC, CMHERS.DOC, CMHERS
.PUB, INDEX.DOC, SVCGED.DOC, VTIGED.DOC, SNASGN.DOC, DLCGID.DOC, DLCIMS.DOC, QLC
ERS.DOC, DLCIMS.PUB, XNAERS.DOC, SNAGID.DOC, SNAFUN.DOC, PROJCT.DOC, 525GED.DOC,
 VHRGID.DOC, ERSDLC.DOC, DLCIIX.DOC, SNAIMS.PUB, SNAIMS.DOC, MODDFS.PUB, SNAIIX.
DOC, SNADDT.DOC, VHPGED.DOC, SNAERS.DOC, QLCGED.DOC, FULWBS.DOC, SVHPLN.DOC, SVH
ERS.DOC, QLCTST.DOC
(SANDYMF)  BUBOFF.INF, BINDER.MEM, SANDY.DOC, BHUGS.MEM, GATEWY.INF, BUBBLN.DOC,
 MAINT.DOC, FILES.INF, PATD.MEM, SLMREV.PUB, SLMREV.DOC, VOYLE.DOC, STANDD.PUB, 
PLOT.DOC, EMSBUB.MEM, PJRNOD.INF, SYTPLT.DOC
(DNDUTIL)  SYSDOC.INF, EDITOR.DOC, CPPRO.DOC, COPY.INF, F40F10.DOC, UNDER.INF, T
AUX.INF, CANNAD.DOC, NCR.INF, STDDFS.DOC, STDDFS.PUB, LOOK.DOC, RESPON.DOC, BULB
RD.INF, PROBE.DOC, RAID.MAN, RAID.INF, STADDR.DOC, AUTOFD.DOC, SPELL.INF, XTAB.D
OC, DUMP.DOC, MUX.DOC, MUX.PUB, FINE.INF, GFD.INF, BITCNT.INF, ERRLOG.DOC, PUB.I
NF, CIAO.DOC, CIAO.INF, MANAGE.PUB, MANAGE.DOC, PUB.PUB, BIO.DOC, NMIG.DOC
(AKSELROD)  CLASS.MEM, SNAVTI.PUB, VTIERS.PUB, CMHGID.DOC, MICROA.MEM, CLIFF.MEM
, PERMIT.DOC, MODDFS.PUB, CMHATP.PUB, CMHATP.DOC, CMHATP.TXT, SNAVTI.DOC, VHRATP
.PUB, VHRATP.DOC, VHRATP.TXT
(ALEXTING)  PIPE.DOC
(BBUNYAN)  XRAY2.MEM, ONTODX.DOC, FTRANS.MEM, NEW.TXT, NHTEST.TXT, BISERS.MEM, M
EM16.MEM, M20507.TXT, PROBE.DOC, XRAY.MEM, NODES.TXT, ELF.DOC, NETVAL.DOC, NSR.D
OC, ISISMS.DOC, TMCS.DOC, SKILLS.TXT, ONTM.MEM, STUFF.TXT, NNEW.TXT, NEW2.TXT, N
OTES.TXT, RAM.DOC, MP.MEM, PDRIS.MEM, BUSERS.MEM, WEUSKE.MEM
(RGFOX)  ISRS.DOC, ONTYME.DOC, TSIGED.DOC, TSIGED.PUB, TTY.DOC, BANDOC.DOC, MGID
.DOC, MGID.PUB, ICEGED.PUB, MODDFS.PUB, TSIGID.DOC, TSIGID.PUB, TSIPRN.DOC, MAC.
PUB, MAC.DOC, NOTES.DOC, NOTES.PUB, ISIS.INF, ISIS.PUB, LCORE.DOC, IMBASE.DOC, I
MBASE.PUB
(JERICSON)  MS.DOC, UOM.DOC, C.DOC, BANDOC.DOC, BANNER.DOC, BANSOR.DOC
(WEUSKE)  ST0685.TXT, PMEMO.TXT, TSRDO.PUB, ST1085.TXT, STMMYY.TXT, TEXTFM.DOC, 
FDM.INF, ST0285.TXT, ST0985.TXT, JCC.TXT, TEXTFM.TXT, WJE.TXT, ST0385.TXT, BSC.D
OC, WRS.TXT, DWL.TXT, ST0485.TXT, TYH.TXT, GMT.TXT, ST0585.TXT, RESET.DOC, JOK.T
XT
(DLASATER)  LOADII.DOC, LOADAC.DOC, MERLIN.DOC, MULTI.DOC, MULTI.PUB, 4MEG.PUB, 
STDDFS.PUB, TSAT.DOC, OUTDIL.PUB, OUTDIL.DOC, MXPDO.DOC, MXPDO.PUB, ISISTM.PUB, 
ANAL.PUB, ANAL.DOC, HPIB.DOC, BERGED.DOC, BERGED.PUB, ERIC.DOC, ANSI.PUB, ANSI.D
OC, CONIMP.DOC, CONIMP.PUB
(DRISCOLL)  MDSCH.PUB, MLP.PUB, MLP.DOC, STDDFS.PUB, XNAVH.PUB, XNAVH.DOC, SNAVT
.PUB, SNAVT.DOC, MEMO.RNO, MCAUTO.RNO, SNDIAL.PUB, SNDIAL.DOC, XPCTAB.DOC, MCPPL
N.PUB, FG.PUB, FG.DOC, SNANP.PUB, SNANP.DOC, DLCFDX.PUB, DLCFDX.DOC, SN0186.MEM,
 XCOM.PUB, XCOM.DOC, BASE.DOC, SNASCS.PUB, SNASCS.DOC, SNALOG.PUB, SNALOG.DOC, S
TANDD.PUB, XNANM.PUB, XNANM.MEM, XNANM.DOC, MDPLN.PUB, MDPLN.DOC, SNACUS.RNO, BS
0186.RNO, BS0186.MEM, SP0186.RNO, SP0186.MEM, DLC21.PUB, DLC21.DOC
(SPIESP)  NTRGEN.DOC, REL.MEM, HSA.INF, NTRGID.DOC, NTRERS.DOC, NTRATP.DOC, BANS
OR.DOC, DISCLA.DOC
(LLIU)  PVC.DOC, ITA2.DOC, XVAD.DOC, BAUD75.DOC, MDGED.DOC, BCKSM.DOC, TXCALL.DO
C, TYMTEX.DOC, MDHOST.DOC, RMODE.DOC, VUEINI.DOC, BOPT.DOC, TABLES.DOC, GREEN.DO
C, PLIDO.DOC, SPEED.DOC, BANDOC.DOC, TLXCON.DOC, ISISMS.DOC, SADP.DOC, TLXG01.DO
C, MHEADA.DOC, TID34.DOC, MDDO2.DOC, TKSPEC.DOC, RESUME.DOC, BASE.DOC, SPGED.DOC
, SCRAC.DOC, PHONE.DOC, TLXG02.DOC, CS0401.DOC, REVIEW.DOC, LIZA.DOC, SPSIGS.DOC
, BANSOR.DOC, MHEAD.DOC, NSRS.DOC, BASELI.DOC, TLXIIX.DOC, BRSPEC.DOC, MDDO.DOC,
 RS.DOC, MICROS.DOC, MICROS.PUB, BB2540.DOC
(DAVARJ)  DMAC05.PUB, DMAC05.DOC, STATUS.TXT, SCHMEM.MAN, DMEM02.DOC, REMOTE.MEM
, SYSINS.MEM
(ALIN)  TESTPL.DOC, TIIW26.MEM, NCTOOL.DOC, ALBERT.DOC, STKMA.MEM, RELEAS.DOC, R
EXMIT.DOC, TEST.TXT, NOSEG.MEM, XCPAP.DOC
(WSEE)  ENGPM.DOC, DMEM01.DOC
(RROUSSELLE)  PBT06.MAN, STDDFS.PUB, BETARE.DOC, BAN804.DOC, EDF.MEM, EDF.DOC, R
OUM.INF, CMTEST.DOC, ST277.DOC, PBHGEN.PUB, UG3270.DOC, MD2770.DOC, BANDOC.DOC, 
MDTBOM.DOC, 3270TY.DOC, PBT09.DOC, PBT09.PUB, 327TYM.DOC, BSCEST.DOC, BSCEST.PUB
, PBH10.DOC, PBTBOM.DOC, PBTBOM.PUB, PBH10.PUB, BASELI.DOC, BANSOR.DOC, JTESTP.D
OC, AIRDOA.DOC, AIRDOA.PUB, SNANSC.DOC, BAN604.DOC, 3270X.DOC, PBHBOM.DOC, PBHBO
M.PUB, AIRDOP.DOC, AIRDOP.PUB
(JJOELS)  PRODID.DOC, TYMDB.DOC
(ERICV)  CONDIS.DOC, T2CHAR.DOC, ENGASY.DOC, T2FUNC.DOC, FUNC.DOC, GETDMP.DOC, S
TDDFS.PUB, REBLD.DOC, NODREP.DOC, T2GAED.PUB, T2GAED.DOC, T2GAER.PUB, T2GAER.DOC
, RESMES.MEM, CHNPRG.DOC, CONTBL.DOC, DOCLST.DOC, TGUIDE.DOC, WORK.DOC, CAR.DOC,
 BANDOC.DOC, ISISMS.DOC, DSCHAR.DOC, IHSAGI.DOC, IHSAGI.PUB, SUP14.MEM, EVCRSH.D
OC, FPANEL.DOC, UTLCMT.DOC, ASYCIR.DOC, T2CNTR.DOC, T2GADO.DOC, T2GADO.PUB, SWIT
CH.DOC, CONFIG.DOC, HOSTAT.DOC, DTMMSG.DOC, PVCNFO.MEM, DOCREQ.DOC, T2GAID.DOC, 
T2GAID.PUB, STOBJ.TXT, IIXGWY.DOC, CRANAL.DOC, CRANAL.PUB, TIIMSG.DOC, RESPTM.DO
C, IHSADO.PUB, IHSADO.DOC, IHSAGE.DOC, TATATA.PUB, TATATA.DOC, IHSAGE.PUB, ISDIA
G.DOC, STRENV.TXT, BOTREC.DOC, STRGID.PUB
(ASYNCTEST)  BB2071.DOC, BB2540.DOC
(ATFSTO)  CO0000.DOC
(ANEWMAN)  STDDFS.DOC, STDDFS.PUB, X400.PUB, GEN.TXT, X400.DOC
(SYNCMAG)  ONTYME.DOC
(SEDP)  R1.PUB, R1.DOC, STACK.DOC, STANDD.PUB
(BONDAD)  VUE.HLP, SNALIB.DOC, S0116.RNO, FULWB2.DOC, D0207.RNO, S0224.RNO, S030
5.RNO, CC0325.RNO, S0404.RNO, S410A.RNO, S0422.MEM, S0422.RNO, S0530.RNO, S0530.
MEM, S0602.MEM, S0602.RNO, ONTYME.DOC, EVL2ND.MEM, EVL2ND.RNO, OBJ3RD.RNO, OBJ3R
D.MEM, S0710.RNO, S0710.MEM, Q0721.MEM, Q0721.RNO, QLCSGN.DOC, D1216.RNO, STDDFS
.PUB, Q0121.RNO, S0225.RNO, S0306.RNO, S0315.RNO, S049A.RNO, S0414.RNO, M0710.ME
M, S0718.MEM, S0718.RNO, R0721.MEM, S0801.MEM, S0801.RNO, QLCGID.DOC, S1216.RNO,
 CMHERS.DOC, S0102.RNO, SESC.RNO, S0316.RNO, S0325.RNO, S049B.RNO, S0424.RNO, S0
424.MEM, S0514.MEM, S0514.RNO, CMHERS.PUB, S0604.RNO, S0604.MEM, S113.DOC, S0723
A.MEM, S0723A.RNO, Q0805.RNO, S0121.RNO, SREL.RNO, S0227.RNO, BANDOC.DOC, S035A.
RNO, S0310.RNO, S0317.RNO, D0327.RNO, S049C.RNO, S0416.RNO, S422A.MEM, S422A.RNO
, S0506.RNO, S0506.MEM, QLCERS.PUB, S0731.RNO, S0731.MEM, R0813.MEM, R0813.RNO, 
Q0806.RNO, S1202.RNO, S1209.RNO, ERR2.DOC, SNAVHR.DOC, QLLCLS.DOC, CMHWBS.DOC, M
ODDFS.PUB, D0303.RNO, S0311.RNO, S0320.RNO, S0327.RNO, S0408.RNO, S0410.RNO, S04
17.RNO, S0507.MEM, S0507.RNO, S0516.RNO, S0516.MEM, D0616.RNO, D0616.MEM, 061686
.MEM, REVIEW.MEM, REVIEW.RNO, D0715.MEM, D0715.RNO, S0723.RNO, S0723.MEM, QLLCLS
.PUB, BETA.INF, S1212.RNO, CMHTST.DOC, CMHTST.PUB, S0114.RNO, SNAERS.DOC, FULWBS
.DOC, S0213.RNO, SNSR.RNO, SSET.RNO, S0312.RNO, S316A.RNO, S0319.RNO, D0403.RNO,
 S0409.RNO, S0418.RNO, S0418.MEM, S424A.RNO, S424A.MEM, S0501.RNO, S0501.MEM, QA
LPHA.PUB, MDPLN.DOC, S0319.MEM, S0625.RNO, S0625.MEM, D0626.RNO, D0626.MEM, S072
4.RNO, S0724.MEM, D0815.RNO, D0815.MEM, B1216.RNO, ERROR.DOC, CMHSUM.DOC, FULWB1
.DOC, S424B.RNO, S424B.MEM, S0428.RNO, S0428.MEM, S0430.RNO, S0430.MEM, S0502.ME
M, S0502.RNO, Q202.PUB, S0610.RNO, S0610.MEM, S0626.MEM, S0626.RNO, R0627.RNO, Q
202.DEST.DOC, S0718A.RNO, S0718A.MEM, S0725.MEM, S0725.RNO
(JLADEN)  TYMFIL.DOC, STAR.MEM, XLNGTH.TXT, RDREGS.TXT, SEC.DOC, IXCROP.TXT, SEC
.PUB, DISPLY.MEM, HSTD.TXT, TPUT05.MEM, APPNDF.MEM, WSZMDN.TXT, XRYKD.TXT, XNID.
TXT, TPUT14.MEM, BPQB.MEM, MCHECK.TXT, TESTPL.DOC, LOOP.MEM, MNCGID.PUB, XNDSTR.
TXT, MNCGID.TXT, AA2741.MEM, DBCMD.MEM, SEDP.MEM, BUFZA3.MEM, NSR658.MEM, ATF.ME
M, STDDFS.PUB, BP.MEM, AGETCH.TXT, HOSTN.TXT, DCCMD.TXT, IIXYAK.TXT, SWIIIX.TXT,
 ND.TXT, COMTBL.MEM, TPUT06.MEM, ATTL02.TXT, RSTSTR.TXT, XRSKD.TXT, INIT.DOC, TP
UT15.MEM, TIINC.DOC, TIINC.PUB, TIINC.MEM, TIINC.TXT, NSP.MEM, PSEUD2.TXT, PSEUD
2.MEM, BUFZAP.MEM, DRCMD.MEM, NS.TXT, RD8002.TXT, TPUT07.MEM, CODING.MEM, NCS0ND
.TXT, ZAPHRD.TXT, WORK.MEM, ZAPWR.MEM, SUPCOM.DOC, MXPGID.PUB, MXPGID.TXT, MXPGI
D.MEM, PID.TXT, PSEUDO.MEM, BB2741.MEM, BCMG.TXT, PSEUD3.MEM, MEMO.MEM, HMICRO.T
XT, AS.MEM, BANDOC.DOC, CIRCUT.MEM, TCHAR.TXT, ASC.TXT, IIXXRY.TXT, IIXDAT.TXT, 
NHOSTS.TXT, DFXCM.TXT, NEWVU.MEM, CHKMAC.TXT, PVXDTB.TXT, UNDOC.TXT, DISPI.MEM, 
TPUT08.MEM, SILUAL.TXT, SUBNET.TXT, TPUT10.MEM, SYNC.TXT, CKOVLD.TXT, MXPSUP.TXT
, HS.TXT, SUPTRA.TXT, ND0001.MEM, MNCGED.PUB, MNCGED.MEM, CBLACK.MEM, MNCGED.TXT
, PK6C63.MEM, MNCEST.MEM, TIIW22.MEM, TII512.MEM, MNCMET.MEM, TMPRPT.MEM, SIOSPD
.TXT, XCODE.TXT, G250MZ.TXT, TMCXRY.PUB, TMCXRY.MEM, INTCHN.TXT, XNEIGB.TXT, XRY
TMC.PUB, SNFIX.TXT, SHARE.TXT, CUTBL.TXT, XHELP.TXT, THRPUT.MEM, TPUT02.MEM, ZAP
PER.MEM, SUPENG.MEM, PAGECH.MEM, TPUT09.MEM, SYLXRS.TXT, CHECK.TXT, ATTNID.TXT, 
ATTA4.TXT, TPUT11.MEM, SP.MEM, VACATN.MEM, PROCED.MEM, FILES.MEM, NCMXPS.PUB, NC
MXPS.MEM, NCMXPS.TXT, SWITCH.MEM, INITM.TXT, CC2741.MEM, BERTSD.PUB, BERTHA.PUB,
 CBCLR.TXT, XRYNTC.PUB, XRYNTC.DOC, TIIW23.MEM, BANSOR.DOC, TCHARL.TXT, TELEX.TX
T, CKHOST.TXT, G02MIN.TXT, CRSH6C.TXT, TPUT03.MEM, TPUT6B.MEM, SYLUAL.TXT, WSIZ.
TXT, VERCOM.TXT, ATTLIN.TXT, TPUT12.MEM, SVC05.TXT, LINKER.TXT, ROUTIN.TXT, DR.M
EM, XRAY05.PUB, QE.MEM, NONAME.TXT, LEAVE.MEM, NSR721.MEM, ISIS.MEM, TIIW24.MEM,
 PROTCL.DOC, IXXG.TXT, CCT.TXT, TPUT04.MEM, CIRCUI.DOC, ATLN8.TXT, TPUT13.MEM, X
RESET.MEM, RESET.MEM, MODULE.TXT, XRESET.DOC, ESTPRT.TXT, XRAYSD.PUB, MNCGE2.MEM
, HSTGED.PUB, HSTGED.TXT, DD2741.MEM, BUFZA2.MEM, ISCS03.MEM, SR.TXT, AGETCR.TXT
(NTDOPS)  SKRCON.DOC, NEIGH.DOC, SIOT.DOC
(JKATO)  TST.INS, BASE.MEM
(TIIPERF)  NDPROC.DOC
(SHSU)  CONDIS.DOC, DBG.TXT, GID.DOC, CUR.TXT, V11TST.DOC, SUB.TXT, V11RPT.DOC, 
REG.TXT, CAL.TXT, CUR1.TXT, REVIEW.DOC, NCDBG.MEM, NCDBG.DOC, NCDBG.PUB, NCDBG.T
XT, ROUTIN.TXT, CUR2.TXT, MODULE.TXT, CUR3.TXT, XRAYSD.PUB
(SWEDEL)  STDDFS.PUB, OUT.DOC, OUTGED.DOC, CONIMS.DOC, PLIGED.DOC, BASE.DOC
(ISIS2)  MERLIN.DOC, TPUT14.DOC, IPI.INF, IPI.DOC, REL700.DOC, NUCIO.MEM, NUCIO.
RNO, PRINT.MEM, FILE.DOC, REL702.DOC, PAT700.DOC, IHALT.DOC, EBUG01.INF, REL703.
DOC, PAT702.DOC, FRONT.DOC, TPUT.DOC, BM03.DOC, ISIS.INF, ISIS.PUB, ISIS.DOC, IR
INGF.DOC
(LTYMES)  PB.DOC
(FELDMAN)  TABLE.DOC, NXTFST.DOC, WILD.DOC, KERMIT.DOC, KERMIT.HLP
(MATUCHAD)  DEAN4.MEM, DEAN5.MEM, ATFREC.DOC, DEAN1.MEM, DEAN2.MEM, DEAN3.MEM, R
ON.MEM
(JSALISBURY)  DXPIQA.PUB, TSI.DOC, TSI.PUB, TSIMAP.DOC, STDDFS.PUB, DXPI.MAN, EB
US.MEM, XBUG.DOC, UPDATE.DOC, MODDFS.PUB, CLOCK.TXT, EAGLE.DOC
(CURR11)  SATSPC.RNO, SATTST.RNO, SATBLD.RNO, LTCTST.RNO, NTDRV.RNO, DCP.MEM, KS
BCFG.RNO, DCP.PUB, NODLOG.DOC
(MELCRUTS)  STAUG.PUB, STAUG.DOC, STSEPT.DOC, STSEPT.PUB, STNOV.DOC, STNOV.PUB, 
STOCT.DOC, STOCT.PUB, M3.PUB, STJUNE.DOC, STJUNE.PUB, STDEC.PUB, STDEC.DOC, REVI
EW.TXT, TSICRA.TXT
(GDELSAD)  REPORT.INF, STDDFS.PUB, A.INF, TMCS11.PUB, TMCS11.DOC
(MFERRARI)  INFO.DOC, OVCODE.DOC, PDP10.DOC, ADDLOG.DOC, STATUS.DOC, REL.MEM, SL
OT.DOC, REL.DOC, DOWNLD.DOC, STEPBY.DOC, DOC.DOC, WORK.DOC, RELS.MEM, ACOUNT.MEM
, BANNER.DOC, ERRLOG.DOC, ACCT.MEM, RELU.MEM, DOC1.DOC, PREAMB.MEM, ROM.MEM, INI
TA.DOC, PRBCMD.DOC, HOWTO.DOC
(ATFADM)  ATFUSR.INF
(ASYNCDEV)  CH4800.TXT, STDDFS.PUB
(TIICODE)  REBILD.MEM, BB2262.DOC, 56KB.MEM, STDDFS.PUB, CRASH.MEM, ACTDO.PUB, A
CTDO.DOC, ACTDO.TXT, XRAY.DOC, DLOAD.DOC, DLOAD.PUB, FILES.DOC, T2PROT.MEM, TSN.
DOC
(CCDA)  FCAT.PUB, GOMES.MEM
(MBERGER)  PASS1.DOC, ONTYME.DOC, ISRM.PUB, QQISRM.PUB, PASS2.DOC, PASS3.DOC, NO
TICE.PUB, RSTASK.DOC, ISRM1.MEM
(HENTRICH)  ASTRO.HLP
(MENUDEV)  STDDFS.PUB, MS.DOC, RUNOFF.DOC, DIALNE.PUB, DIALNE.DOC, DIALOG.DOC, M
SVGED.DOC
(CCHIANG)  STDDFS.PUB, CMTMIC.DOC, SYSREQ.DOC, MIC.DOC, CRM4.DOC
(HOLCOMBK)  4DLET.MEM, SKYGED.DOC, SKYGED.PUB, STDDFS.PUB, CIPHER.DOC, FORMS.MEM
(AMORRISS)  PRODID.DOC, PROJEC.PUB, PROJEC.DOC
(ROLAND)  TYMPO.DOC, TECREF.DOC, PRPINF.DOC, 370C.DOC, RUNOFF.DOC, T2GATE.INF, D
LCIMS.DOC, CIAO.DOC
(ATFCDR)  CO0000.DOC
(CMHDEV)  CMHSGN.PUB, CMHS01.MEM
(BSCDEV)  BXDCRM.DOC, BSCMLV.DOC, VMBGID.RNO, VMBGID.DOC, ARSCRM.DOC, GEDML.DOC,
 BVTERS.DOC, DOSMLI.DOC, HT2780.DOC, VMBERS.RNO, VMBERS.DOC, IMS278.DOC, STAT.DO
C, DDCGID.DOC, DDCGID.RNO, BVTGED.DOC, BXDGED.DOC, BXDWBS.DOC, VMBATP.DOC, VMBAT
P.RNO, VMBGED.DOC, BSCATP.DOC, BVTGEE.DOC, ANDERS.DOC, XPTGED.DOC, GIDML.DOC, DD
CATP.DOC, DDCATP.RNO, DDCGED.DOC, DDCGED.RNO, BSCPDS.DOC, BXDPAB.DOC, CONCAT.DOC
(JONAS)  MISC.INF, SORT.INF, TRACE.INF, ASCII.INF, TAPE1.DOC, TAPE1.PUB, SUP.DOC
, BOOT.INF, SUP.INS, MACIII.MEM, PROBE.INF, HOLD.PUB, TAPE2.DOC, LOAD.INF, GATE.
INF, TAPE3.PUB, TAPE3.DOC, ERLOG.INF, PSW.INF, NEIGH.DOC, DISKIO.DOC, HOST.INF, 
MUD.INF, ISIS.INF, DISC.INF, BETA.DOC, TYMNET.DOC, SUPDSK.INF, TPUT.DOC, XRAY05.
DOC, NEWKER.INF, SPAM.DOC, ORDER.INF, SLSIO.DOC
(NEW11)  DCP.DOC, DCP.PUB, RSXNDL.DOC
(OSERANG)  HEADPB.DOC, ER2LOG.DOC, PIERRE.DOC, SNET.DOC, SEC.DOC, KERUSR.DOC, AC
CTNW.DOC, KULBRG.DOC, SRFPLN.DOC, SPRPER.DOC, NASREN.DOC, XTKGED.DOC, TPGEN.PUB,
 TPGEN.DOC, MSC.DOC, WISH.DOC, DISKS.DOC, SUPPRJ.DOC, LNKCST.DOC, PCAD.DOC, NETS
TA.PUB, NETSTA.DOC, SPRPRF.DOC, RELPRC.DOC, SREFB3.DOC, MC3TRC.DOC, STDDFS.PUB, 
LAVRDA.DOC, NODOOP.DOC, COUGAR.DOC, INSURE.DOC, ADDRES.DOC, APP1.DOC, SIMFOR.DOC
, LINKLV.DOC, SKRCON.DOC, SUPDEV.DOC, CRASH.DOC, SUPCOM.DOC, PSWDCH.DOC, TRGPRO.
DOC, REMTTY.DOC, RNGCOP.DOC, ERRMSG.DOC, BOOK85.DOC, MAC2T3.DOC, REGREF.DOC, REL
414.MEM, WORK.DOC, BUBSUP.DOC, DKBOOT.DOC, APP2.DOC, NETV.DOC, ENCR.DOC, RELEAS.
DOC, TIME.DOC, DEVHLB.DOC, SUPSLV.DOC, SPIIIZ.DOC, SUPSPR.DOC, BANDOC.DOC, BOOK8
6.DOC, TPLOAD.DOC, MOM2.DOC, SUPGEN.DOC, 2NETA.DOC, REGION.DOC, DDTTRP.DOC, SUPG
EN.PUB, SYSGEN.DOC, ACCT.DOC, NODSUP.DOC, MARTIN.DOC, LISTS.DOC, SREFAE.DOC, SUP
DED.DOC, NEWKER.DOC, SUPCMD.DOC, SUP410.DOC, KENTP.DOC, SUP982.DOC, ANADAT.DOC, 
MSCEXE.DOC, PRPB07.DOC, PRPC06.DOC, MSCERR.DOC, WM.DOC, XRAYSC.DOC, SIOT.DOC, IR
CROT.PUB, SREFA1.DOC, DLOCK.DOC, XTKPRO.PUB, SPRLST.DOC, UPDCTL.DOC, BANSOR.DOC,
 COMICS.DOC, CKDMA.DOC, PAP.DOC, TASC.DOC, KDIS.DOC, DIVHSH.DOC, RVIEW2.DOC, CHP
ERF.DOC, SUPCR2.DOC, MOM4.DOC, SREFA2.DOC, SPRTST.DOC, SUPCST.DOC, REL420.DOC, R
EL420.MEM, MOM.DOC, RVIEW3.DOC, SREFB2.DOC, STEVEN.DOC, TKOFIX.DOC, SREFC3.DOC, 
PR2244.DOC, NET940.DOC, NET940.PUB, OMAR.DOC, SREF2E.DOC, SUPSPR.PUB, MOM3.DOC, 
IRCROT.DOC, XTKPRO.DOC, RELU.MEM
(KOPFJ)  PERFOR.PUB, PERFOR.DOC, VLFSPC.PUB, VLFSPC.DOC, STDDFS.PUB, SERVE.PUB, 
SERVE.DOC, TARTEO.PUB, SGDO.PUB, NET2.PUB, NET2.DOC, PCOL.PUB, PCOL.DOC, SGGED.P
UB, NET3DO.PUB, MAP.PUB, RLESPK.PUB, PROJEC.PUB, PROJEC.DOC, NET3.DOC, NET3.PUB,
 INCGID.PUB, TIIDO.PUB, DUB2.DOC, NCARCH.DOC, NCARCH.PUB, ACT2IO.PUB, DUB3.DOC, 
DUBLIN.DOC, EBUSIM.PUB, INCDO.PUB, ISISVM.PUB, ISISVM.DOC, SYTPLT.DOC, PACKET.DO
C, PACKET.PUB, SGGID.PUB, STYLE.DOC, STYLE.PUB, EBUSER.PUB, INCGED.PUB
(DCHANG)  NETCON.MEM, TARGET.MEM, AGUA.MEM, NIKKI.MEM, MACEK.MEM, MULTI.MEM, MRU
DE.MEM, EUSKE.MEM, BJ2144.MEM, KRUMV2.MEM, MORRIS.MEM, PATH.MEM, PATCH.MEM, SOLE
Y.MEM, GOMES1.MEM, MAC2.MEM, TAN.MEM, ROTATE.DOC, SPR1.DOC, TSTSUP.MEM, PJ.MEM, 
SHINDE.MEM, MEETIN.MEM, LANE.MEM, PEREZ.MEM, TRIPLE.MEM, STEPHE.MEM, PROBE.MEM, 
KRUMVI.MEM, SPR2.DOC, BEV.MEM, MURTAU.MEM, 14BIT.MEM, ROMOLO.MEM, NET940.MEM, RE
LEAS.MEM, FLEX.MEM, YFILE.MEM, PERE1.MEM, SALTYR.MEM, SPR3.DOC, EUSKE1.MEM, TOPI
CS.MEM, ACCT.MEM, WORLD.MEM, ZISA.MEM, SWITCH.MEM, ENGINE.MEM, SOLEY1.MEM, SPR4.
DOC, LLEVEL.DOC, PROCED.MEM, HONGSE.MEM, PROCEE.MEM, CANNIN.MEM, OLIVET.MEM, BAS
ELI.MEM, GOMES.MEM, CAZAU.MEM, PEREZ1.MEM, SOLEY2.MEM, CANNI2.MEM, SUPREL.MEM, S
UPPOR.DOC, SUPREL.DOC, WOOD.MEM, 14BIT1.MEM, OLIVE2.MEM, MAC3TR.MEM, NETCO1.MEM,
 KRUMV1.MEM
(SMURRAY)  PATCH.DOC, SCANEX.DOC, ERRMSG.DOC, NOTE.DOC, REL2.DOC, GSHTRK.DOC, MU
DFIX.DOC
(NCHANG)  ONTYME.DOC, STDDFS.PUB, TSTPLN.DOC, TSTPLN.PUB, MXPERS.PUB
(X25DOC)  SIOINS.DOC, XDBG.DOC, REL11.DOC, HOPORT.DOC, HOBASE.DOC, X2.DOC, MLPGE
D.DOC, PREFIX.DOC, LINKST.DOC, PVC.DOC, RELEAB.DOC, X25BRK.DOC, EIU.DOC, PATCH.D
OC, IIX.DOC, PAK.DOC, X3.DOC, BUFFER.DOC, X2OLD.DOC, RX2.DOC, APPEAL.DOC, XOMPVC
.DOC, XOMNC.HLP, DIRECT.DOC, XSIO.DOC, SIO.DOC, TRAPAC.DOC, XCINF.DOC, X25DV8.DO
C, HOCOST.DOC, TNI.DOC, FAST.DOC, XLINK.DOC, CRLF.DOC, TGUIDE.DOC, PRJCOD.DOC, I
NDEX.DOC, LOGTHR.DOC, MICROA.DOC, FTEST.MEM, FTEST.RNO, MEMO.RNO, STPQTP.DOC, X3
2IMS.DOC, RCHGED.DOC, TCLASS.DOC, KDDX25.DOC, XPAT.DOC, FRAME.DOC, XADR.DOC, X21
BIS.DOC, BUFUSE.DOC, UNDEF.DOC, RELEAS.DOC, FG.DOC, SHUT.DOC, PROJEC.DOC, FSTSEL
.DOC, PASINV.DOC, ELF.INF, TCLASS.PUB, XADR.PUB, ITTINQ.DOC, CCITT8.DOC, FML.DOC
, XOM.DOC, DNICN.DOC, FACILI.DOC, TPAD.DOC, CHRON.DOC, HSTCST.DOC, TUR.DOC, CUG.
DOC, QAT.DOC, DIR.DOC, RVCHG.DOC, CUGMAP.DOC, REVIEW.DOC, TRWPRO.DOC, ZAPPER.DOC
, BELLRE.DOC, HOSTSH.DOC, XOM.PUB, XOM.HLP, TYMX75.DOC, ITTANS.DOC, GET.DOC, DEF
ALT.DOC, DSP.DOC, FLOW.DOC, TPUT.DOC, CALLID.DOC, ONADR.DOC, X3IMS.DOC, NETADR.D
OC, CUGOLD.DOC, CUGXOM.DOC, TYMX75.PUB, FASTER.DOC, X32GED.DOC, RSC.DOC, PSS.DOC
, CRSTOP.DOC, XGUIDE.DOC, UTILIT.DOC, RESET.DOC, RPOA.DOC, TRGPF.DOC, CLDMAP.DOC
, X25COD.DOC, MID.DOC, PVCINT.DOC, HMCS.PUB
(GAZEL)  SATSPC.DOC, SATSPC.RNO, TYMMD.MEM, SATSPC.PUB, MSPRIC.TXT, TYM2.TXT, ER
2LOG.DOC, SUPERF.DOC, REBILD.MEM, NETWCT.MEM, BFLTMR.MEM, PSRFIX.MEM, DAVIDC.MEM
, MICNOD.DOC, NODE.DOC, NODE.PUB, ASYNC.DOC, GLSSRY.DOC, UUN.DOC, PATH.MEM, MIKE
C.MEM, TONYW.MEM, MPVC01.MEM, TII005.TXT, PRJBP.DOC, SUP5.MEM, IS507.MEM, UCROBT
.MEM, NEWBTA.MEM, MNUSRV.MEM, GENNOD.DOC, GENNOD.PUB, KH1156.MEM, XRAYNS.MEM, KM
ART.MEM, SNETS.DOC, SNETS.MEM, MEMO.TXT, NEW504.MEM, RNSMER.MEM, HKSHBK.MEM, RLS
504.MEM, DEL504.MEM, SC577.MEM, SMAVI.MEM, GENCMD.DOC, TAIPEI.MEM, XXX.TXT, MAIN
T.TXT, MEETG.TXT, HSTDWN.MEM, PRTYCT.MEM, MPVC.MEM, CPUTIL.MEM, ERRAND.MEM, MBOA
RD.DOC, PRICE.TXT, JUN82.DOC, JUN82.PUB, REVW83.TXT, REBLD1.DOC, MEMCFG.TXT, SUP
1.MEM, SIOBRS.MEM, TMPRPT.MEM, ISUPCN.MEM, TRCSTP.MEM, TEXT.TXT, X25NC.PUB, X25N
C.DOC, X25NC.TXT, TITLE.PUB, MAY82.DOC, MAY82.PUB, DIAG.TXT, SMCMD.MEM, SOLOCS.D
OC, HSBC1.MEM, SUP2.MEM, IRCROT.MEM, DUPONT.MEM, BB2044.DOC, JONAS.MEM, SATCFG.D
OC, RESET.MEM, CHUNG.MEM, TYM1.MEM, TEST.TXT, BKPRSR.MEM, TRWPAT.MEM, HSTGED.PUB
, HSTGED.TXT, XRAYSD.PUB
(2311DOC)  DPIMS.PUB, DPIMS.MEM, IOX.DOC, R1.DOC, R1.PUB, MOSMEM.DOC, SYSREF.DOC
, DPERS.PUB, STDDFS.PUB, LNK68K.PUB, LNK68K.DOC, ASYNC.DOC, MATY.PUB, MATY.DOC, 
UICINI.DOC, STDDFS.DOC, CESPEC.DOC, LAPGED.DOC, SCANS.DOC, VUEINI.DOC, CEGID.DOC
, DPIOER.PUB, SYNC.DOC, CHDIAG.PUB, CHDIAG.DOC, DPIOER.DOC, STRATX.PUB, SYSSUM.D
OC, ASM68K.HLP, ASM68K.PUB, ASM68K.DOC, COM.DOC, RAYK.PUB, DAVES.PUB, DAVES.DOC,
 RAYK.DOC, ARDIS.DOC, ARDIS.PUB, MAC.DOC, JUST.PUB, DPOIMS.PUB, STRATE.PUB, STRA
TE.DOC, MAC234.DOC, DPOERS.PUB, DPOERS.MEM
(SPNODE)  BB2676.DOC, BB2677.DOC, BB2700.DOC
(NAD)  REPORT.INF, PRBERS.INF, SCPIMS.INF, A.INF, A.PUB, STDDFS.PUB, NTCDDT.PUB,
 NTCDDT.INF, SCPERS.INF, NADUPD.RNO, STDDF2.PUB, XRYOPR.DOC, XRYOPR.INF, XRYOPR.
PUB, NADUPD.MEM, SCPBUG.INF, MADADD.RNO, NTCXRY.PUB, XRYNTC.DOC, XRYNTC.PUB, PRB
IMS.INF, PRBPTL.INF
(TOOLS11)  PRTRPT.TXT, DATBAS.TXT, TTYRPT.TXT
(UTSDEV)  UTSNCP.DOC, STDDFS.PUB, UOM.DOC, UTSIMS.DOC, MDPUDO.DOC, UTSPFM.DOC, U
TSERS.DOC, UTSERS.PUB, UTSGED.DOC, BANSOR.DOC, UVHSGN.DOC, MDPGED.DOC, SOFGED.DO
C
(MALUBINA)  ISRS.DOC, REFMAN.DOC, REF3.DOC, REF10.DOC, XCLASS.DOC, REF18.DOC, RE
F11.DOC, HKROPE.DOC, DOCTWO.DOC, REF6.DOC, CONOUT.DOC, WP370.DOC, SYCQA.TXT, COR
E.DOC, GLOSS.DOC, DOCTHR.DOC, APPNDX.DOC, ENSYC.TXT, TYMPUB.DOC, TYMPUB.PUB, TEP
UBS.DOC, TEPUBS.PUB, REF1.DOC, CUGXOM.DOC, SCHED.DOC, PLAN.DOC, TYMSAT.DOC, REF2
.DOC, DOCONE.DOC
(ALONG)  XPI.DOC, SEMI.TXT, MEMO.TXT, PSM1.TXT, MXP.DOC
(SCHEN)  STDDFS.PUB, ELF.INF, CUGXOM.DOC, CUGXOM.PUB, NONAME.TXT
(BECHLYT)  HSBC.MEM, EDF.DOC, MDTBOM.DOC, SAR.DOC, PTIGED.DOC, TUR.DOC, PHI01.ME
M, SCR.DOC, OUTLIN.DOC, PHIGED.DOC
(PNETS)  TESOFT.DOC, TEXREF.DOC, MICRON.DOC, MICSAT.INF, TINPRI.DOC, TEBBUP.DOC,
 TEMINS.DOC, TEAPSS.DOC, TEIMXP.DOC, MICRUP.DOC, TEATC.DOC, MODEM.DOC, NETSUP.DO
C, SUPORT.DOC, TEQUIP.DOC, MAINT.DOC, PRIOLD.DOC, X25SD.DOC, CODE.DOC, TUSPRI.DO
C, TEMICR.DOC, APSS.DOC, X25CAP.DOC, TEPUBS.DOC, TOVER.MEM, MASTER.DOC, DISC.DOC
, PQF.DOC, TENGIN.DOC, PRICER.INF, SECUR.DOC, INSOFT.DOC, TPUT.DOC, TEMINI.DOC, 
ANCIL.DOC, X25RD2.DOC
(MICROTST)  TSIMAP.DOC, TSIMAL.PUB, README.DOC, TSICIO.DOC, TSICIO.PUB
(EPASCAL1)  NEWBUF.RNO, NUCIO.RNO, NUCIO.MEM, PRINT.MEM, NFRONT.RNO, NUCDOC.RNO,
 NUCLUS.RNO, NUCLUS.MEM
(TIIDEV)  FIL.TXT, REBILD.MEM, BNDWTH.MEM, CMDUSR.DOC, XRY505.DOC, TYMFIL.DOC, T
ESTPL.DOC, GLSSRY.PUB, GLSSRY.DOC, 56KB.MEM, ALIN1.DOC, SAMPLE.TXT, CRASH.MEM, L
EPHST.DOC, LOGON.DOC, PRODID.DOC, BOARDS.DOC, ARING.DOC, ARCHIT.DOC, DOCLST.DOC,
 XRYSEC.DOC, XRAY.PUB, ACTDO.PUB, ACTDO.DOC, ACTDO.TXT, DLOAD.DOC, DLOAD.PUB, TI
IDOC.MEM, MBOARD.DOC, STRTST.DOC, XRAY04.DOC, GRUB.DOC, FILES.DOC, XPASS.MEM, EX
PNDL.DOC, NCDBG.TXT, NCDBG.DOC, WM.DOC, XRAY05.DOC, TSN.DOC, GRAB.DOC, MODLST.DO
C, TELEX.DOC, SOLOCS.DOC, ROUTIN.TXT, XRAY05.PUB, XPASS2.MEM, STDDFS.PUB, TIINC.
PUB, TIINC.TXT, CONSAT.DOC, ASYNC.DOC, TIINC.DOC, MODULE.MEM, CBCMD.MEM, NDPROC.
DOC, TASC.DOC, MODULE.TXT, XRAYSD.PUB
(CCHANG)  STDDFS.PUB, MEMO.DOC, SFTP.DOC, BANDOC.DOC, BETA.MEM
(COMSTOCK)  CTUGED.PUB, CTUGED.DOC, MENUS.DOC, HDLC.DOC, DIAG.DOC
(MICROLIB)  ESTD18.DOC, README.DOC, S18.DOC
(MSHEN)  GATRAC.DOC, RVW.DOC, LODSAV.DOC, BANSOR.DOC, ROLLBK.DOC
(RONGCHU)  AFRPT.PUB, AFRPT.DOC, SAMPLE.PUB
(FRANKWU)  SMEMO1.PUB, SIODO.PUB, STDDFS.PUB, SIOGED.PUB, RFW1.DOC, RFW1.PUB, ME
MO.DOC, DIAGQA.PUB, SMEMO.PUB, OSTDFS.PUB, MEMO1.DOC, SIOGID.PUB, TSITSK.DOC, TS
ITSK.PUB
(CHANG)  SDLCP.DOC, X25.DOC, APP6.DOC, TLXDOC.DOC, SHIND.DOC, RISE.DOC, DCF.DOC,
 PROJNE.DOC, PROJDO.MEM, APSSDE.MEM, SDLC.DOC, APP7.DOC, TELTEX.DOC, PSWTHU.DOC,
 STDDFS.DOC, DU.DOC, PROJ.MEM, STDDFS.PUB, ATERMP.DOC, ACOM.DOC, X780P.DOC, TDFD
OC.DOC, APP8.DOC, APP1.DOC, DSUB.DOC, MENU.DOC, SQU.DOC, TLXMET.DOC, PIR.DOC, PA
SCAL.DOC, ENGIN.DOC, ACK.DOC, MEMO.DOC, HEAD.PUB, SUZY2.DOC, LANREP.DOC, X21BIS.
DOC, ATERM.DOC, X780.DOC, APP2.DOC, TAS822.DOC, TKSPEC.DOC, MUX.DOC, NNP.DOC, PA
T.DOC, NETMAN.DOC, CEDES.DOC, KEN.MEM, CSERS.DOC, CSERS.PUB, APP3.DOC, SYSGEN.DO
C, SUPOV.DOC, CUG.DOC, NNPCOM.DOC, ARRCOM.DOC, APSS.DOC, ALMREL.MEM, APP4.DOC, S
QUIRT.DOC, TELEX.DOC, ALS.DOC, EVE.DOC, DIALOG.DOC, CUGCOM.DOC, X25VC.DOC, X25P.
DOC, APP5.DOC, VRU.DOC, LUDCHA.DOC, CHA.DOC, MSGSW.DOC
(TWANG)  CMHSGN.DOC, SPOOL.DOC
(VALNETCODE)  VN2006.DOC, VN2007.DOC, VN2012.DOC
(EBS)  CHESS.INF, PDPROP.RNO, JRNPRP.RNO, ENGWRD.PUB, 4THC64.MEM, 4THC21.DOC, 4T
HC64.INF, 4THR20.PUB, 4THR20.INF, 4THC64.PUB, SJZWIL.PUB, SJZTRT.PUB, LAPTL.PUB,
 TSI.PUB, DESIGN.RNO, RVUE82.RNO, DISSAT.RNO, SCHEDL.INF, RVU683.RNO, UICINI.DOC
, UICINI.INF, UICINI.PUB, XPISCH.INF, 4THC31.DOC, 4THR21.PUB, MEETS.MEM, STDDFS.
PUB, LASER.MEM, STATUS.PUB, OBJCTV.PUB, 4THTST.PUB, 4THTST.DOC, SELDO.PUB, I4THW
D.PUB, WORK.RNO, GAN.INF, MILSTN.INF, 4THR13.DOC, 4THR13.PUB, MEMO.PUB, MEMO.DOC
, SEASON.INF, META.DOC, BIOPLT.DOC, RESUME.RNO, DOCDIR.INF, LUD.INF, 4THFEA.MEM,
 4THRVU.DOC, 4THRVU.PUB, CTUGED.DOC, CTUGED.PUB, NIBSUB.DOC, NIBSUB.PUB, ARTCL1.
PUB, ARTCL1.DOC, TRGSRF.PUB, TRGSRF.DOC, OFTIN.INF, REVIEW.RNO, RVUECM.RNO, SR10
82.INF, TURTLE.DOC, TURTLE.PUB, FILES.INF, HELP.INF, ENGINE.PUB, ASTRO.HLP, HEAD
ER.RNO, SR1182.INF, SYSFIL.INF, 4TH123.DOC, SJZPOR.DOC, SJZPOR.PUB, FORTH.DOC, E
NG4TH.DOC, CMDSCN.INF, DSWIL.DOC, DSWIL.PUB, SJZTRT.DOC
(NETDVDOC)  SYS27.DOC, MAINTN.DOC, TOM.DOC, ENGMPB.DOC, ONTODX.DOC, TYMPO.DOC, R
AMRD5.DOC, ELFOD3.DOC, HASCPX.DOC, SUPCPX.DOC, PROCPX.DOC, SDLCPX.DOC, CMFCPX.DO
C, UOM.DOC, PIR.DOC, XPC010.DOC, I32RDT.DOC, ENGMPD.DOC, IMS278.DOC, ELFCPX.DOC,
 ISICPX.DOC, SYNDD2.DOC, SITPRE.DOC, DOC.DOC, LBOOT.DOC, BPROM.DOC, NETVAL.DOC, 
TELECO.DOC, ELF.DOC, SYCENH.DOC, MAINT.DOC, NEWFFF.DOC, NEMERS.DOC, PRBCDX.DOC, 
X25SD.DOC, I32CPX.DOC, NTDABS.DOC, CJMSFI.DOC, UTSERS.DOC, PROJQF.MEM, OSIRIS.DO
C, TMCS.DOC, OSIRIS.MEM, MEMORY.DOC, SYNASY.DOC, MAC.DOC, NTVDOG.DOC, PRBRD.DOC,
 BOOT06.DOC, SDLCER.DOC, I32RDH.DOC, RAMOD5.DOC, NETCPX.DOC, RAMCPX.DOC, CMTRDX.
DOC, X25CAP.DOC, TYMCOM.DOC, R.DOC, XOMUG.DOC, NEWFAM.DOC, PRBBD1.DOC, XNCODP.DO
C, XNCADP.DOC, BOOT07.DOC, CPUDD2.DOC, TPUT.DOC, ENGCPX.DOC, XRAY05.DOC, NEWSYS.
DOC, OUTDIA.DOC, RAMMEM.DOC, NTVERS.DOC, EMEM.DOC, ENGMPA.DOC, X25RD2.DOC, INTDB
U.DOC, SNACPX.DOC, TYCCPX.DOC
(NETMID)  PVC.DOC, TYMINF.DOC, PVCCMP.DOC, MEMO.MEM, ZAPPER.DOC, PVCINT.DOC
(NTRDEV)  NT0622.MEM, NT0622.RNO, PR0782.MEM, NT0811.MEM, NTRPAB.DOC, NTRSGN.DOC
, NTRGID.DOC, PR1082.RNO, PR1082.MEM, NT1118.RNO, NT1118.MEM, NTRCRM.DOC, NTRTA1
.DOC, STDDFS.PUB, NTRERS.DOC, PR0982.RNO, PR0982.MEM, PR0183.RNO, PR0183.MEM, NT
RPLN.DOC, NTRPLN.PUB, NTROSI.RNO, PR0283.RNO, PR0283.MEM, NTRGED.DOC, RESRCE.RNO
, NT1006.RNO, NT1006.MEM, PR1213.RNO, PR1213.MEM, PR0383.RNO, PR0383.MEM, PR0682
.MEM, NT1008.RNO, NT1008.MEM, NTRPDS.DOC
(DERNST)  KMC.DOC, MSPRIC.TXT, JMCK.DOC, JMCK.PUB, SECGED.DOC, TIIUP.DOC, PERF.T
XT, CP11.DOC, PROJ.DOC, PROJ.PUB, PDP11.DOC, PDP11.PUB, STATUS.DOC, IW.MEM, IW.R
NO, KSHU.RNO, KSHU.MEM, BASCFG.DOC, DCPPRB.MEM, BASCFG.MEM, JUL82.PUB, AUG82.PUB
, MEMO.PUB, MEMO.DOC, REVTMP.RNO, RCHGED.DOC, BASCFG.RNO, PIR001.DOC, NOV82.PUB,
 ROMPAD.TXT, CUGCHK.DOC, XXX.DOC, NEW84.DOC, SUPMSG.DOC, LOGIN.DOC, NODLOG.DOC, 
TII.DOC, TII.PUB, JUN82.PUB, PRICE.TXT, OCT82.PUB, TOEMS.PUB, CENNET.DOC, CENNET
.PUB, LISTS.DOC, CLASSG.DOC, CUG.DOC, REVIEW.DOC, ITEN.DOC, TOEMS.DOC, DIAG.TXT,
 X25PAD.TXT, BILL.DOC, REV83.MEM, REV83.RNO, ICCF.DOC, MCI.TXT, KMCDOC.DOC, NETM
GR.RNO, SATCFG.DOC, SATCFG.RNO, SATCFG.MEM, NETMGR.PUB, NETMGR.DOC, SEP82.PUB, D
YBASE.TXT, DEC82.PUB, FALCFG.DOC, FALCFG.PUB, SCY.MEM, SCY.RNO, CUGADM.DOC, REPA
T.RNO, REPAT.MEM, TODO.DOC
(ATCHISON)  INFO.PUB, PHBD.PUB, FONELS.PUB, HTINX.PUB, MLPGED.DOC, HTINX.DOC, PH
BD.DOC, MLIGED.DOC, FONELS.DOC, BPATCH.MEM, RAMRD5.DOC, PQMEMO.PUB, SUP.PUB, PQ1
220.PUB, PQ0221.PUB, PQ0320.PUB, PRE1.PUB, CONSAT.DOC, SUP.DOC, PQ1220.DOC, PRE1
.DOC, PQMEMO.DOC, PQ0221.DOC, PQ0320.DOC, ACCT2.DOC, INDEX.PUB, DOCLST.PUB, OFIL
ES.PUB, PQ.PUB, PIR.PUB, DSTLST.PUB, DSTLST.DOC, DJSUP.DOC, PASCAL.DOC, OFILES.D
OC, INDEX.DOC, DOCLST.DOC, RCHGED.DOC, PRODID.DOC, PIR.DOC, BRELZ.MEM, NSDPID.DO
C, CCLST.PUB, CONTS.PUB, PBORDS.PUB, HTMEMO.PUB, DATFL.PUB, INX2.PUB, RRSUP.DOC,
 CONTS.DOC, CCLST.DOC, DATFL.DOC, INX2.DOC, PBORDS.DOC, HTMEMO.DOC, CUGCHK.DOC, 
ACOUNT.DOC, PHBH.PUB, HTFLS.PUB, INFO2.PUB, PRDID.PUB, PQ1025.DOC, INFO2.DOC, PH
BH.DOC, HTFLS.DOC, CUG.DOC, PRDID.DOC, PQ0627.DOC, RAMCPX.DOC, FRMS.PUB, PQ0117.
PUB, INPUT.PUB, FRMS.DOC, PQ0117.DOC, INPUT.DOC, TRPG1.PUB, HTEX.PUB, RAJA02.PUB
, CUGADM.PUB, PQ0424.PUB, FONEIN.PUB, NODECO.DOC, ATYMCO.DOC, CHSUP.DOC, TRPG1.D
OC, MSGSW.DOC, PQ1117.DOC, HTEX.DOC, RAJA02.DOC, CUGADM.DOC, MUX227.DOC, PQ0424.
DOC, BMODIF.MEM
(RWS)  MUX401.INF, MUX401.PUB, MUX401.DOC, MBASE.INF, RSTSK0.DOC, MDFSTB.DOC, RE
SINT.DOC, EXEC.DOC, FRAGA.DOC, FGTASK.DOC, MBASE.DOC, IPI.DOC, STDDFS.PUB, GSB.D
OC, EVTMOD.DOC, TOTASK.DOC, FRAGB.DOC, PSEUD2.MEM, MBSOLD.DOC, MBAS1.DOC, WQDTSK
.DOC, PSEUDO.MEM, MBAS2.DOC, SRDON.DOC, EBUS.INF, CHNL1.DOC, CPBTOR.DOC, RSTASK.
DOC, DFT.DOC, MBAS3.DOC, CHUNK.MEM, MUX.DOC, HALT.DOC, DFWRDT.DOC, GBPTSK.DOC, I
RTRDN.DOC, FWARD.DOC, IOPTSK.DOC, EVTRAC.DOC, ITDTSK.DOC, MUX400.PUB, MUX400.DOC
, EBUSBG.INF, SYS26.INF, SRDTSK.DOC, MEMALL.DOC
(DGRAHAM)  AVE.DOC, COPY.TXT, DPKUUN.DOC, INDEX.DOC, CUDUSE.DOC, MEMO.MEM, SHUT.
DOC, X25IMS.DOC, TRWPRO.DOC
(JSTIER)  WST323.MEM, 1129.MEM, 1131.MEM, DANUP3.MEM, WST530.MEM, WNFE1.MEM, SYS
36.MEM, LD3639.MEM, WST414.MEM, WST504.MEM, DANUP4.MEM, SOLEY.MEM, NSRPID.DOC, D
ANUP.MEM, APRIL.MEM, SUPLOD.DOC, BOBFUT.MEM, NSRINF.MEM, MUX.DOC, MARCH.MEM, PEA
K.HLP, SUEPAL.MEM, JULY.MEM, 114445.MEM, SUPSTA.MEM, SRSSTA.MEM, WST131.MEM, 112
6.MEM, WAGNER.MEM, WNFE.MEM, WST615.MEM, SOLEY1.MEM, DAVES.MEM, BANNER.MEM, 1073
.MEM, SUSIE.MEM, WST420.MEM, DANUP1.MEM, WST427.MEM, MAY.MEM, 2646.MEM, 1119.MEM
, DANUP2.MEM, 1130.MEM, WST511.MEM, WST608.MEM, JUNE.MEM
(DRAWSON)  ICOM2.MEM, PSEUD2.MEM, PSEUDO.MEM
(SMITHDE)  SRD.DOC, 8048.INS, 8048.PUB, PROPRI.INF, TTSOFT.PUB, IALGED.PUB, MUX.
PUB, LEM.PUB, MUXGED.PUB, KBD.DOC, DSAGED.PUB, MXPGED.DOC, MXPGED.PUB, ISISFU.DO
C, ISISFU.PUB, ICMGED.PUB, SEXI.HLP, SEXI.DOC, SUN.DOC, SUN.PUB
(STIMACM)  ISUP12.MEM, NP0383.RNO, NETAPP.RNO, STATUS.RNO, PASLIB.INF, CMF.MEM, 
CMF.INF, UNIX.MEM, PEAK.HLP, FDM.HLP, ISUP08.MEM, REPRT1.DOC, ISUP09.MEM, ISUP11
.RNO, PU1282.RNO, NP0283.RNO, REPRT2.DOC
(UPTGROVE)  VUE.HLP, CRASHC.INF, UG3270.DOC
(MJASTRZ)  UTSSGN.RNO, PETITI.RNO, SAMPLE.TXT, CMTUER.RNO, CMTUER.DOC, PODATK.RN
O, RELEAS.TXT, JULA2.RNO
(MICRODOC)  CE1000.PUB, SRFERS.PUB, EXPUGL.DOC, MSCREF.DOC, MSCDOC.DOC, CE1000.D
OC, LAPUD.DOC, LAPTL.DOC, MPMP.PUB, MPMP.DOC, EXPUGL.PUB, LAPUD.PUB, LAPTL.PUB, 
CPTL.PUB, CPTL.DOC, SELDO.PUB, STDDFS.PUB, SEREFL.DOC, CPSRF.DOC, SEREFL.PUB, CP
SRF.PUB, EXPUG1.DOC, CPSIO.PUB, META.PUB, META.DOC, LAPUDL.DOC, MACUD.DOC, MACTL
.DOC, LAPTLL.DOC, LAPUDL.PUB, MACUD.PUB, LAPTLL.PUB, MACTL.PUB, SEREF1.DOC, SESU
M.MEM, SESUM.DOC, SESUM.PUB, CPSRFL.DOC, CPSRFL.PUB, BM02B.PUB, MODDFS.PUB, MACU
DL.DOC, MPSRF.DOC, MACTLL.DOC, SESUML.PUB, MACUDL.PUB, MACTLL.PUB, MPSRF.PUB, SE
SUML.DOC, TSITIL.PUB, EXPUG.DOC, EXPUG.PUB, SESUM1.DOC, TSIBUL.DOC, TSIBUL.PUB, 
HMEGED.PUB, SEREF.DOC, MPSRFL.DOC, SEREF.PUB, MPSRFL.PUB, SESUM2.DOC
(JSOUNG)  NETCON.DOC, INVSTA.DOC, STDDFS.PUB, GENNIB.DOC, LOGMEN.DOC, 3270TY.DOC
, BOM.DOC, BAN100.DOC, TRANS.DOC, TRANS.PUB, CRM4.DOC
(NTD001)  D1.RNO, D2.MEM
(KSHU)  EXAMPL.MEM, EXAMPL.RNO, ATCBET.MEM, EAP160.MEM, ATCABC.MEM, MEMOXX.PUB, 
KSC1.PUB, EAP161.MEM, MEMO.MEM, ATCH.MEM, REVU84.DOC, IPYR.MEM, OSI1.TXT, OSI1.M
EM, OSI1.RNO
(RAFFO)  DO.DOC, PCOM.DOC
(COONS)  DPGID.PUB, DPGID.DOC, IO.DOC, SE.DOC, IOX.DOC, IO.PUB, 2311GL.DOC, 2311
GL.PUB, VACAT.MEM, CONSOL.DOC, OPJ.PUB, CHKPT1.DOC, CHKPT1.PUB, DPIO.DOC, DPIO.P
UB, DETCH.DOC, DETCH.PUB, SKYGED.DOC, SKYGED.PUB, STDDFS.PUB, ASYNC.DOC, V.PUB, 
V.DOC, SCHEDL.INF, MTOSJ.PUB, META.DOC, META.PUB, CP.PUB, CP.DOC, OSP.DOC, OSP.P
UB, BRI.DOC, BRI.PUB, IOSGED.PUB, SIO.INF, SELGED.DOC, SELGED.PUB, MEMO.PUB, MAT
T.DOC, SYNC.DOC, DB.DOC, CHDIAG.PUB, GED.DOC, GED.PUB, EMS.INF, BERMAN.PUB, BERM
AN.DOC, SEREF2.DOC, SEREF2.PUB, SYNC.PUB, BRIWS.PUB, BRIWS.DOC, SLTGED.PUB, MTEC
J.DOC, MTECJ.PUB, REVIEW.RNO, CLOCK.DOC, CLOCK.PUB, 68KOS.DOC, 68KOS.PUB, JUST.D
OC, PARTY.DOC, FIELDS.PUB, CMP.DOC, CMP.PUB, DPDVSY.DOC, DPDVSY.PUB, MAIL.DOC, R
FPF1.MEM, LGRSUM.PUB, SIOGID.PUB, CPIA.DOC, CPIA.PUB, SEREF.DOC, SEREF.PUB
(LMAURER)  MLIGED.DOC, SR0185.RNO, SR0185.MEM, DDCMP.MEM, DDCSUM.RNO, DDCSUM.MEM
, MS0685.MEM, NJEPLN.DOC, NJEPLN.PUB, CMTUPL.PUB, CMTUPL.DOC, MS0586.MEM, MS0586
.RNO, NHSAER.DOC, SR0285.RNO, SR0285.MEM, MS0785.MEM, STDDFS.PUB, MS0686.MEM, MS
0686.RNO, SR0385.RNO, SR0385.MEM, DDCGID.DOC, DDCGID.RNO, MS0885.MEM, MS1085.MEM
, NTRPLN.PUB, MS0786.MEM, MS0786.RNO, VMBATP.RNO, SR0485.RNO, SR0485.MEM, MS0985
.MEM, MS1185.MEM, MS1185.RNO, MS0186.MEM, MS0186.RNO, PR1184.RNO, BSCPRJ.RNO, BS
CPRJ.MEM, VMBTST.RNO, VMBTST.MEM, BIUNIT.RNO, BIUNIT.MEM, SR0585.MEM, MS1285.MEM
, MS1285.RNO, MS0286.MEM, MS0286.RNO, DDCWBS.DOC, DDCGED.DOC, DDCGED.RNO, UTSATP
.DOC, UTSATP.MEM, UTSATP.RNO, MS0386.MEM, MS0386.RNO, MISSIO.MEM, MDPWBS.DOC, MS
0486.MEM, MS0486.RNO
(VMBDEV)  EXAMPL.TXT, CONCEP.TXT
(CONSAT)  STDDFS.PUB
(TAOHSIEH)  HDLCER.PUB, STDDFS.PUB, HDLCME.PUB, HDLCME.DOC, PEAK.TXT, PCB254.INF
, NONAME.TXT, EBUSER.PUB
(CRAY)  BOARDS.DOC, STAT.DOC, ERLOG.INF, SPAM.DOC
(SCOHEN)  FORMUL.TXT, SHEL.TXT, BOOKS.TXT, COUGAR.INF, CALEN.TXT, SITT.TXT
212 directories searched.
End of SAIL execution
!exi
    S%
