aa4re-1  Gilroy, CA 
ad8i  Circleville, OH   (145.01 / 14.109 GateWay) 
ad8y  Ann Arbor, MI 
ae5v  Monroe LA
ag9v  Green Bay, WI 
ai0z  Roland, IA    
ai2q  Freeport, NY    (145.01 / 221.05 GateWay)   
ai5r  Memphis TN    
ai6i  Hemet, CA
aj6f-1  Torrance, CA
ak3p  Hummelstown, PA    
dl1wx  Langenfeld, West Germany  (VHF / 14.107 GateWay)
jg3gxo  Kyoto 	  (UHF / 14.105 GateWay) 
jn1akc-1  Tokyo
jr1ede  Tokyo 	  (UHF / 14.105 GateWay) 
k0boy  Omaha NE
k0guz  Rifle, CO    
k0hoa  Colorado Springs, CO  (145.01 / 14.107 GateWay) 
k0kby  Miami, FL    (VHF / 14.109 GateWay)   
k0otz  Scottsdale AZ
k0pfx  St. Louis MO 
k0sir  Rochester, MN
k0taj  McCook, NE   
k0tiv  Carbondale, CO    
k0vld  Loveland, CO 
k1bc  Lexington, MA 
k1bog  Attleboro, MA
k1ce  West Hartford CT   
k1evu  Westbrook ME 
k1mea  Easthampton MA    
k1mon  Scarborough ME    
k1ugm  Wakefield, MA    (145.01 / 221.11 GateWay) 
k2aaa-4  Montauk, NY    (145.07 / 221.11 GateWay) 
k2apl-4  Briarwood NY    
k3gys  Atco, NJ
k3iha  Bargaintown NJ    
k3mc  Pittsburgh, PA
k3pgb  Roslyn, PA   
k3rli  Wilkes Barre, PA  
k3vpz Granite, MD    (145.01 / 14.109 GateWay)    
k4aho Orlando, FL    (145.01  / 145.05 GateWay)   
k4bft Huntsville, AL
k4eid Knoxville, TN   (145.01 / 14.111 GateWay)   
k4gbb  Cedar Cove FL
k4ict  Macon, GA    
k4iww  Raleigh NC   
k4mjm  Pikeville, TN
k4ngc  Woodbridge, VA   (145.01 / 145.05 GateWay) 
k4nta  Stuart, FL   (145.01 / 145.03 GateWay)
k4ozm  Orlando, FL  
k4ozs  Ocala, FL    
k4tku-1  Miami, FL   (145.01 / 14.111 GateWay)    
k4zle  Cincinatti, OH    
k5sbu  Corpus Christi TX 
k6rd  Los Angeles, CA    
k7buc  Pheonix, AZ   (145.110 / 14.103 GateWay)   
k7ifg  Portland OR  
k7pyk  Scottsdale, AZ   (VHF / 14.109 GateWay)    
k8nld  Fraser, MI   
k9awx  Chicago, IL  
k9cw  Urbana, IL    
k9hho  Goodfield IL 
k9ja  Urbana, IL    
k9kyk  Hillsboro IL 
ka1jjm  Agawam MA   
ka1mgo-1  Salem, NH 
ka1sy  Terra Alta, WV    
ka1zt-1  Big Pine Key, FL
ka2bhb  Rochester NY
ka2bqe  Indian Hills, NJ 
ka2vty  Elba, NY    
ka3ogg  Ellicott City MD 
ka3orw  Pittsburgh PA    
ka3t  Mt. Airy MD   
ka4ovx  Conyers, GA 
ka4yea  Anderson SC 
ka5bem-1  Albuquerque NM 
ka5kth  Clear Lake TX    
ka5pfb  Lake Charles, LA 
ka6iqa  San Diego, CA    
ka7rma-1  Boise ID  
ka7vee  Everett, WA   (145.01 / 145.09 GateWay)   
ka7vkb  Tacoma WA   
ka8cdm  Martin's Ferry OH
ka8pog  Pinconning, MI   
ka8z  Canton OH
ka9lqm  Evansville, IN    (145.01 / 145.09 GateWay)    
kb1bd  Plainsboro, NJ    
kb1bh  North Billerica MA
kb3my  Silver Spring, MD   (145.01 / 14.107 GateWay)   
kb3ud  East Bangor, PA    (145.01 / 145.05 GateWay)    
kb4fo  Fort Lauderdale FL
kb4fsk-2 Opp, AL    
kb5pm-1  Austin TX  
kb6irs  Soquel, CA  
kb7tv  Boynton Beach, FL 
kb8ci  Cleveland, OH   (VHF / 14.107 GateWay)
kb8mh  Fort Wayne, IN    
kb8nh  Fort Wayne IN
kb9jd  Terre Haute IN    
kc0oj  Battle Creek, IA  
kc0qj  Walsenburg, CO    (145.01 / 14.107 GateWay)
kc2eq  Elmira NY    
kc2ph  Cooperstown NY    
kc2tn  Atco, NJ     (145.01 / 14.109 GateWay)
kc3bq  Skaneateles, NY   
kc4oi  Powell, TN   (145.01 / 147.48 GateWay)
kc4yp  oldsboro, NC 
kc5jh  N. Little Rock, AR
kc7cg  Tucson AZ    
kc8jn  Wintersville, OH  
kc8tw  Fairfield, OH
kd0di  Durango, CO    (145.01 / 145.05 GateWay)   
kd1r-1  Milton, VT  
kd4eq-1 Panama City, FL  
kd4ps  Trenton IL   
kd5sl  Baton Rouge LA    
kd6sq  Rancho Cucamonga, CA  (145.01 / 14.109 GateWay) 
kd6th-1  Wyckoff, NJ
kd7pk  Las Vegas NV 
kd7xg-1  Riverside, CA   
kd9lp-1  Peru, IN    (145.01 / 145.09 GateWay)    
kd9pu  Cincinnati, OH    (145.01 / 144.95 GateWay)
ke0kx-1  Grand Junction CO    
ke3z Middletown, CT 
ke6bx  Hollister, CA   (145.01 / 145.09 GateWay)  
ke6lt  Boulder, CO  
ke7cz  Dewey, AZ   (HF/VHF GateWay)
ke7om  North Bend, WA   (145.01 / 14.111 GateWay) 
ke8dn  Mason MI
kf4ef  Charlestown SC    
kf4nb  Lexington, KY
kf4wq-2  Lumberton NC    
kf5iz  Jackson MS   
kf5se  Palestine TX 
kf5tl  Maritime Mobile   
kh6gpi  Manoa, Oahu HI   
kh6wy  Miliani, HI  
ki0q  Ames, IA 	   (145.01 / 14.109 GateWay) 
ki4xo  Marietta, GA   (145.01 / 14.109 GateWay)   
kj8c-1  Holland, MI 
kj9l  Skokie, IL    
kk4l  Mineral Spring, NC 
kl7gng  Fairbanks AK
kl7iej  Kenai AK    
kl7ila  Palmer AK   
kl7jfu  Palmer AK   
km0m  Independance, IA   
km9d-1  Delphi, IN  
kn5d  Albuquerque, NM   (145.01 / 14.109 GateWay) 
kr5s  Sedona, AZ   (145.01 / 14.109 GateWay) 
la3t-1  Tromsoe, Norway   (VHF / 14.107 GateWay)  
la6oca-1  Skien, Norway   (145.225 / 14.107 GateWay)   
la6tba  Oslo, Norway
la6ww  Oslo, Norway   (145.225 / 433.650 GateWay) 
lu1bym-1  Banning, CA    
n0an  McCallsburg, IA    (145.01 / 14.109 GateWay)
n0dot  Junction City KS  
n0hme  Ft. Madison IA    
n1ahh  Bangor, ME   
n1akr-3  Cumberland Ctr ME    
n1bck  Baldwinsville NY  
n1bgg  Charlestown MA    
n1cui  Ridgefield CT
n1dkf  Cranston, RI (145.07 / 221.11 GateWay)
n1dl  Huntington, NY
n1drk-1  Salem, NH  
n2auk-1  Howard Beach NY 
n2ayy-1  S. Glens Falls, NY  (145.01 / 145.05 GateWay) 
n2dme  Sacramento, CA    
n2epo  Churchville, NY   
n2ezg  Alpine NY    
n2mh-4  New York City, NY  (145.01 / 441.000 GateWay)  
n2wx-1  Palm Bay, FL
n3acl  Red Hill, PA 
n3aia  Schaumburg IL
n3chx  Royersford, PA    
n3ere-15  Laporte PA
n4chv Sunnyvale, CA 
n4hap  Sarasota FL  
n4hmd  Shalimar FL  
n4ipy  Floral City FL    
n4nbx  Mount Carmel TN   
n4qq  Silver Spring, MD   (145.03 / 145.05 GateWay)    
n4xg  Hayes, VA
n4xi  Evansville, IN
n5bsl  Bastrop, LA  
n5dwu  Ellisville, MS    
n5edh  Camp Verde, AZ   (VHF / 14.107 GateWay)    
n5hyh  San Antonio, TX   
n5icc  Las Cruces NM
n5jzt  Roff OK 
n5ll  San Antonio TX
n5wx-1  Tulsa OK    
n6bgw-9  Los Angeles, CA 
n6cus-1  Hacienda Heights, CA 
n6dam Oakland, CA   
n6hav  Fresno, CA   
n6iiu-1  Palo Alto, CA   
n6iya  Felton, CA   (145.09 / 441.50 GateWay)
n6luc-1  Camarillo, CA   
n6mvs  San Bernardino, CA
n7eqn  Redwood City, CA (SKYWARN)  
n7fya  Tacoma WA    
n7hfz  Deer Park WA 
n7hhu  Yakima WA    
n8acv  Dayton, OH   
n8bma  Detroit, MI   (145 / 220 GateWay)
n8bvx  Grand Rapids, MI  
n8et  Findlay OH    
n8fis-1  Fremont OH 
n8fjb  Harpers Ferry, WV 
n8nn  Dayton OH
n9bac  Fort Wayne, IN    
na2b  Massena NY    
ne1u  Danbury CT    
nf0n  Souix City, NE
ni5c  Hardy AR 
nk6k-2  Redondo Beach, CA
nk8t  Loveland OH   
nm8x  Sarnia, ON    
nn2z-1  Eatontown, NJ    
nv6z  Saratoga, CA  
sm4kcj  Karlstad, Sweden 
ti2alg  San Jose, Costa Rica (145.01 / 14.107 GateWay) 
ve2aed  Montreal QE 
ve3euk  Kitchener, ON   (145.01 / 145.09 GateWay) 
ve3fjb-1  Orillia, ON    
ve3gyq  London, ON   (145.01 / 14.109 GateWay)    
ve3koi  Milton, ON  
ve3nuu  Toronto ON  
ve3pak-1  Ottawa, ON
ve3xpr  Brantford ON
ve4afo  Selkirk, MB   (145.01 / 14.109 GateWay)   
ve4pkt  Winnipeg MB 
ve7cfl  Vancouver, BC    
ve7cpt  Burnaby BC  
ve7kit  Vancouver, BC    
ve7tom  Richmond BC 
vk2aqc  Sydney 
vk2xy  Sydney AUSTRALIA  
vk2xyr  Sydney 
vk4bbs  Eight Mile Plains Australia (QLD
w0lhs  West Fargo ND
w0puf  Rapid City, SD    (145.01 / 14.107 GateWay)
w0rli  Santa Cruz, CA    (145.09 / 144.91 / 223.58 / 14.109 GateWay)  
w1aw-4  Newington, CT (ARRL headquarters)    
w1fji  Scottsdale, AZ    (145.11 / 145.15 GateWay)
w1goh  Brookline, MA
w1hab  Boulder, CO    (145.01 / 14.109 GateWay)   
w1ow  Norfolk MA    
w1pw  Windham, NH   
w1zhc  Mattapoisett, MA    (145.01 / 221.11 GateWay)   
w2hpm  L.I, NY 
w2icz  Buffalo NY   
w2jup-4  Farmingville, NY   (145.01 / 220 GateWay)
w2vy-1  Union, NJ    (145.01 / 145.05 GateWay)    
w2xo  Pittsburgh PA 
w3gws  York PA 
w3iwi  Clarksville, MD   
w3tmz  Mount Airy, MD    
w3vc  Pittsburg, PA 
w3vpr  Annapolis, MD
w3zh  Annapolis MD  
w4ap  Montgomery AL 
w4dph Clearwater, FL
w4hhy  Nashville, TN
w4kau  Cohutta, GA  
w5ddl  Layfayette, LA    
w5ero  San Antonio, TX   (VHF / 14.107 GateWay)   
w5huq  Jacksonville FL   
w5xo  Gause, TX    (VHF / 14.109 GateWay)    
w6cus-1  Richmond, CA   (145.09 / 7.093 GateWay)  
w6ixu  Arroyo Grande, CA 
w6pw-3  San Francisco, CA
w6tj  Riverside, CA 
w7lho  Sante Fe NM  
w8cqk  Columbus OH  
w8cqk  Columbus, OH 
w8grg  Shaker Heights, OH
w8kox  Southfield, MI    
w8qls  Delaware OH  
w9lzq-1  Onalaska, WI    
w9wi-1  Madison, WI    (147.555 / 446.5 GateWay)  
w9zbd  Rhinelander, WI    (145.01 / 7.093 GateWay)
w9zrx  Westfield, IN    (145.01 / 14.109 GateWay) 
w9ztk  Mendota, IL  
wa0cju-1  Waseca MN 
wa0cqg  Apple Valley, MN 
wa0jfs-1  Des Moines, IA 
wa0pxw  Hastings NE 
wa0rgv  Cedar Falls, IA  
wa0rjt  Cedar Rapids, IA 
wa1cwg  South Dartmouth MA    
wa1fhb  Marlow, NH  
wa1lrl  Brighton, MI    (VHF / 14.109 GateWay)    
wa1ojb-1  Bowdoin ME
wa1raj  Acton, MA    (145.09 / 221.11 GateWay)    
wa1wlv-1  Lawrence, MA    (145.01 / 14.109 GateWay)    
wa2exe-1  Woodside NY    
wa2ftc-1  Newington, CT    (145.01 / 14.107 GateWay)   
wa2mzf  Massena NY  
wa2rkn-2  Hyde Park, NY  
wa2sna-1  Hawthorne, NJ  
wa2yvl-4  Freeport ME    
wa3dqi  Berwick PA  
wa3pxx  Wheaton, MD 
wa3uat  Washington PA    
wa4ewv Houston, TX   (145.01 / 14.107 GateWay)    
wa4kxv  Virginia Beach VA
wa4lpd-1  Raleigh, NC    
wa4ong  Richmond, VA
wa4rts  Lynchburg VA
wa4szk  Florence, SC   (145.01 / 14.109 GateWay)  
wa4tfz-2  Charlottesville, VA 
wa4vmv  Altanta, GA 
wa4zlw  Boca Raton FL    
wa5dvv  Gulfport, MS   (145.09 / 14.109 GateWay)  
wa5dvv-1  Gulfport, MS   (145.01 / 145.09 GateWay)
wa5jxy-1  El Paso TX
wa5mwd  Garland, TX 
wa5olt  Rockport TX 
wa5qzs  College Station TX    
wa5rax  Bessemer, AL
wa5vdm  Sulphur, LA 
wa6erb  Lakewood, CO   (145.01 / 145.05 GateWay)  
wa6nwe-1  North Highland, CA  
wa6rdh  Dixon, CA   
wa6ybt  Harrisburg PA    
wa6yhj-1  Livermore CA   
wa6yhj-1  Livermore, CA  
wa7hra  Yuma, AZ (off the air until 11/87)   
wa7mbl  Logan, UT   
wa7ntf  Spanaway WA 
wa7sso  State College, PA
wa7tju-1  Cheyenne WY    
wa8erq  Blanchester, OH  
wa8hgl  Fayetteville NC  
wa8ure  Grand Rapids, MI 
wa8uso  Ravenswood WV    
wa8yvr  Bloomington IN   
wa9dzs  Vernon Hills, IL 
wa9kec  N. Prairie, WI    (145.01 / 145.09 GateWay)    
wa9uxp  Valparaiso, IN   
wb0aex  Olathe KS   
wb0blv  Colorado Springs, CO  
wb0gdb  Woodbury, MN
wb0qiy  Fremont, NE 
wb0qiz  Independence MO  
wb0qmr  Silverthorne CO  
wb0vhw  Devils Lake ND   
wb1dsw  E. Kingston, NH    (145.05 / 14.109 GateWay)   
wb1dzk-4  Dudley, MA
wb2ars  Albuquerque NM   
wb2drd  Egg Harbor City NJ    
wb2gwd  Readington, NJ   
wb2hbz-1  Kinnelon NJ    
wb2mnf  Medford, NJ 
wb2qja-1  White Plains NY
wb2rvw  Trenton NJ  
wb2rvx  Pennsauken, NJ   
wb2zdh  Union, NJ   
wb3afl-1  Greensburg PA  
wb3efg  Baltimore (ne) MD
wb3eyb  Harrisburg, PA   
wb3ffv  Middle River MD  
wb4apr Annapolis, MD    (145.05 / HF GateWay)
wb4bmc Orange Park, FL   
wb4bsg Cleveland, TN
wb4hyp  Oviedo (orlando) FL   
wb4yjc  Martinsville, VA 
wb4zkx-1  Huntsville, AL 
wb4znw  Moultrie, GA
wb5aaa  Breaux Bridge LA 
wb5aoh-9  Ft. Gibson OK  
wb5bbw  Houston, TX 
wb5bze  New Orleans, LA   (145.01 / 145.03 GateWay)    
wb5mpu  Lake Keystone, OK  (145.01 / 14.107 GateWay)   
wb5sxk  Vicksburg, MS    
wb6aie  Fresno, CA  (reported to be off the air)  
wb6asr  San Jose, CA
wb6cfo-1  Livermore, CA  
wb6kaj-1  Brea, CA   (145.01 / 14.109 GateWay)    
wb6kqy  Pomona, CA  
wb6ral  San Jose, CA
wb6ymh-2 Palos Verde, CA 
wb7bni  Pheonix, AZ 
wb7box-1  Jackson TN
wb7dch  Enumclaw, WA   (145.01 / 14.109 GateWay)  
wb7qkp-1  Nuevo, CA 
wb7qwg  Indianapolis, IN 
wb7tls  Tucson AZ   
wb7trx  Salt Lake City UT
wb8lvp  Poland, OH  
wb8wga  Gahanna, OH 
wb9anq  Enon, OH    
wb9cne  Indianapolis, IN 
wb9mjn  Naperville, IL   
wb9own  Franklin, WI    (145.01 / 14.107 GateWay) 
wb9tpg  Versailles KY    
wb9unp  Anderson, IN
wd0gnk  Rochester MN
wd0heb  Rochester, MN    
wd4bav Chesterfield, VA  
wd4brf Stuart, FL   
wd4cpf Huntsville, AL    
wd4epk-1  Gainesville FL 
wd4hxg  Sterling VA 
wd4kav  Port St. Lucie, FL    
wd4lyv  Sycamore, GA   (145.01 / 7.093 GateWay)   
wd4miz  Virginia Beach, VA    
wd4ncn  Reidsville, NC   
wd4nkz  Venice FL   
wd4oqc  Cleveland, TN    
wd4skq  Woodbridge, VA   
wd5b  Little Rock, AR   (145.01 / 14.109 GateWay) 
wd6bfc  Redding, CA 
wd6cih  Anaheim, CA 
wd6cmu Richmond, CA 
wd8mik  Kingwood WV 
wd9dhi  Cedarburg, WI    (145.09 / 14.109 GateWay)
wd9dou  Northlake IL
wl7ait  Little Falls MN  
ws5a  Roswell NM    
wu4w  Wimauma, FL   
wx4s  Johnson City, TN   
yb9zw  Mataran, Indonesia
zf1gc  Grand Cayman 
    