
 
 
 
 
 
 
 
 
 
 
 
 
 
 
 
 
 
 
 
 
 
 
 
 
 
                     S U M M A R Y     R E P O R T
 
RFC REPEATER CONTROL SYSTEM                       REPORT: Oct  5, 1987
 
               START DATE............ APR 27, 1987 .....
               FINISH DATE........... AUG 25, 1988 .....
               CUTOFF DATE........... OCT  4, 1987 .....
               CALENDAR DAYS.........   487 DAYS   .....
               WORKING DAYS..........   338 DAYS   .....
               DURATION DAYS.........   711 DAYS   .....
               TOTAL RESOURCE HOURS..     0 HOURS  .....
               TOTAL RESOURCE COST..$         0.00 .....
               TOTAL FIXED COST.....$     23650.00 .....
               TOTAL COST...........$     23650.00 .....
 

 
 
 
                                          Y E A R L Y     B A R     C H A R T
                              FROM APR 27, 1987 TO AUG 25, 1988 - SORTED BY EST           
 RFC REPEATER CONTROL SYSTEM                     CUTOFF: OCT  4, 1987                            REPORT: Oct  5, 1987
 
 DEPT:                                                                                      1987
 
  O P E R A T I O N                    DEPT   SCH    TOTAL      JAN FEB MAR  APR MAY JUN  JUL AUG  SEP OCT NOV  DEC   
 NUMBER DESCRIPTION                    CODE   DUR    FLOAT       112  12  123 122 112  122 122 1123 122 112  123 122  
                                                                5296296329630630741851852963073074174185296296307418  
  F 110 SCHEMATICS REV 1               WWP    105      0        .   .   .    .  XXXXXXXXXXXXXXXXXXXXXX .   .    .    
 *  112 WIRE WRAP REV 1                WWP      5      0        .   .   .    .   .   .    .   .    .   X   .    .    
    125 DESIGN POWER SUPPLY                    15     30        .   .   .    .   .   .    .   .    .   XXXX------    
 *  210 BOOTSTRAP                      WRS      5      0        .   .   .    .   .   .    .   .    .   X   .    .    
    310 SELECT PARTS                   JWK     15     84        .   .   .    .   .   .    .   .    .   XXXX--------- 
    510 PURCHASE TEST BED              WWP      5     45        .   .   .    .   .   .    .   .    .   X----------   
    512 PURCHASE PAL PROGRAMMER        WWP      5     45        .   .   .    .   .   .    .   .    .   X----------   
    514 PURCHASE EPROM PROGRAMMER      WWP      5     45        .   .   .    .   .   .    .   .    .   X----------   
    610 PC BIDS - REV 1                KH      10     89        .   .   .    .   .   .    .   .    .   XXX---------- 
 *  114 DEBUG REV 1                    WWP     15      0        .   .   .    .   .   .    .   .    .   .XXXX    .    
    320 MECHANICAL DRAWINGS            JWK      5     84        .   .   .    .   .   .    .   .    .   .  XX-------- 
    120 DESIGN EXPANSION BUS           WWP      5     10        .   .   .    .   .   .    .   .    .   .   XX-- .    
 *  220 KERNEL AND REV 1 DRIVERS       WRS     25      0        .   .   .    .   .   .    .   .    .   .   XXXXXX    
    330 MECHANICAL PROTOTYPE RUN       JWK     20     84        .   .   .    .   .   .    .   .    .   .   XXXXX---- 
    525 TEST BED FIXTURES              WWP     10     10        .   .   .    .   .   .    .   .    .   .   .XXX--    
    350 MECHANICAL 1ST RUN                     20    115        .   .   .    .   .   .    .   .    .   .   .   XXXXX 
 *  130 SCHEMATICS REV 2               WWP      5      0        .   .   .    .   .   .    .   .    .   .   .    XX   
    520 TEST BED DRIVERS               WRS     15      5        .   .   .    .   .   .    .   .    .   .   .    XXXX 
 *  132 WIRE WRAP REV 2                WWP      5      0        .   .   .    .   .   .    .   .    .   .   .    .XX  
 *  134 DEBUG REV 2                    WWP     10      0        .   .   .    .   .   .    .   .    .   .   .    . XX 
 

 
 
 
                                          Y E A R L Y     B A R     C H A R T
                              FROM APR 27, 1987 TO AUG 25, 1988 - SORTED BY EST           
 RFC REPEATER CONTROL SYSTEM                     CUTOFF: OCT  4, 1987                            REPORT: Oct  5, 1987
 
 DEPT:                                                                                      1988
 
  O P E R A T I O N                    DEPT   SCH    TOTAL      JAN FEB  MAR APR MAY  JUN JUL AUG  SEP OCT  NOV DEC   
 NUMBER DESCRIPTION                    CODE   DUR    FLOAT       112  122 122 112  123 122 112  122 112 1123 122 112  
                                                                4185185297418418529630630741851852952963074174185296  
    310 SELECT PARTS                   JWK     15     84        -------- .   .   .    .   .   .    .   .    .   .    
    610 PC BIDS - REV 1                KH      10     89        -------- .   .   .    .   .   .    .   .    .   .    
    320 MECHANICAL DRAWINGS            JWK      5     84        ---------.   .   .    .   .   .    .   .    .   .    
    330 MECHANICAL PROTOTYPE RUN       JWK     20     84        -------------.   .    .   .   .    .   .    .   .    
    350 MECHANICAL 1ST RUN                     20    115        ------------------------  .   .    .   .    .   .    
    520 TEST BED DRIVERS               WRS     15      5        -   .    .   .   .    .   .   .    .   .    .   .    
 *  134 DEBUG REV 2                    WWP     10      0        X   .    .   .   .    .   .   .    .   .    .   .    
 *  230 REV 2 DRIVERS                  WRS      5      0        .X  .    .   .   .    .   .   .    .   .    .   .    
 *  140 SCHEMATICS FOR PC LAYOUT       WWP      5      0        . X .    .   .   .    .   .   .    .   .    .   .    
    270 BASIC SOFTWARE                 WRS     25      5        . XXXXXX-.   .   .    .   .   .    .   .    .   .    
 *  180 DESIGN PHONE PATCH             WWP     15      0        .  XXX   .   .   .    .   .   .    .   .    .   .    
    612 PC LAYOUT AND 1ST RUN - REV 2  KH      25     24        .  XXXXXX----.   .    .   .   .    .   .    .   .    
 *  182 WIRE WRAP PHONE PATCH          WWP      5      0        .   . XX .   .   .    .   .   .    .   .    .   .    
 *  184 DEBUG PHONE PATCH              WWP      5      0        .   .  XX.   .   .    .   .   .    .   .    .   .    
 *  240 COMPLETE SOFTWARE              WRS     50      0        .   .   XXXXXXXXXXX   .   .   .    .   .    .   .    
    460 HARDWARE DOCUMENTATION         WWP     20    105        .   .   XXXXX--------------------- .   .    .   .    
    670 ASSEMBLE ALPHA RUN             WWP     10     24        .   .   XXX----  .    .   .   .    .   .    .   .    
    910 FCC RFI TESTING                        10    105        .   .    .XXX--------------------- .   .    .   .    
 *  970 DAYTON                                  5      0        .   .    .   . X .    .   .   .    .   .    .   .    
    420 PRELIMINARY MANUAL                     30      5        .   .    .   .   .XXXXXXX-.   .    .   .    .   .    
 *  530 BETA TEST BED                  WRS     15      0        .   .    .   .   .XXXX.   .   .    .   .    .   .    
    920 ORDER VOCABULARY                       30     35        .   .    .   .   .XXXXXXX-------   .   .    .   .    
 *  540 PRODUCTION TEST BED            WRS     15      0        .   .    .   .   .   XXXX .   .    .   .    .   .    
    680 ASSEMBLE BETA RUN              KH      10     10        .   .    .   .   .   XXX--.   .    .   .    .   .    
    430 USER MANUAL                            30     15        .   .    .   .   .    . XXXXXXX--- .   .    .   .    
 *  450 TEST BED DOCUMENTATION         WRS     15      0        .   .    .   .   .    . XXXX  .    .   .    .   .    
    980 BETA TEST                              40      5        .   .    .   .   .    . XXXXXXXXX- .   .    .   .    
 *  440 REFERENCE MANUAL               WRS     30      0        .   .    .   .   .    .   .XXXXXXX .   .    .   .    
    690 ASSEMBLE PRODUCT               KH      10     20        .   .    .   .   .    .   .XXX---- .   .    .   .    
 *  990 SHIP PRODUCT                            1      0        .   .    .   .   .    .   .   .  X .   .    .   .    
 

                                         C  A  L  E  N  D  A  R         R  E  P  O  R  T
                                        FROM APR 27, 1987 TO AUG 25, 1988 - SORTED BY EST            
 RFC REPEATER CONTROL SYSTEM                          CUTOFF: OCT  4, 1987                                   REPORT: Oct  5, 1987
 --------------------------------------------------------------------------------------------------------------------------------
 O P E R A T I O N                     DEPT PLN REM SCH  PCT WORK   RES      DISTR       EARLIEST           LATEST        FLOAT
 NUMBER DESCRIPTION                    CODE DUR DUR DUR  COM WEEK  HOURS     COSTS    START   FINISH    START   FINISH  TOTL FREE
 --------------------------------------------------------------------------------------------------------------------------------
  F 110 SCHEMATICS REV 1               WWP   20   0 105  100%   5     0        0.00  27APR87* 23SEP87* 27APR87* 23SEP87*   0    0
 *  112 WIRE WRAP REV 1                WWP    5   5   5    0%   5     0      250.00   5OCT87   9OCT87   5OCT87   9OCT87    0    0
    125 DESIGN POWER SUPPLY                  15  15  15    0%   5     0        0.00   5OCT87  27OCT87  18NOV87   9DEC87   30   30
 *  210 BOOTSTRAP                      WRS    5   5   5    0%   5     0        0.00   5OCT87   9OCT87   5OCT87   9OCT87    0    0
    310 SELECT PARTS                   JWK   15  15  15    0%   5     0      100.00   5OCT87  27OCT87   5FEB88  26FEB88   84    0
    510 PURCHASE TEST BED              WWP    5   5   5    0%   5     0     1500.00   5OCT87   9OCT87  10DEC87  16DEC87   45   40
    512 PURCHASE PAL PROGRAMMER        WWP    5   5   5    0%   5     0      500.00   5OCT87   9OCT87  10DEC87  16DEC87   45   40
    514 PURCHASE EPROM PROGRAMMER      WWP    5   5   5    0%   5     0      500.00   5OCT87   9OCT87  10DEC87  16DEC87   45   40
    610 PC BIDS - REV 1                KH    10  10  10    0%   5     0        0.00   5OCT87  19OCT87  12FEB88  26FEB88   89   65
 *  114 DEBUG REV 1                    WWP   15  15  15    0%   5     0        0.00  13OCT87   3NOV87  13OCT87   3NOV87    0    0
    320 MECHANICAL DRAWINGS            JWK    5   5   5    0%   5     0        0.00  28OCT87   3NOV87  29FEB88   4MAR88   84    0
    120 DESIGN EXPANSION BUS           WWP    5   5   5    0%   5     0        0.00   4NOV87  10NOV87  18NOV87  24NOV87   10    0
 *  220 KERNEL AND REV 1 DRIVERS       WRS   25  25  25    0%   5     0        0.00   4NOV87   9DEC87   4NOV87   9DEC87    0    0
    330 MECHANICAL PROTOTYPE RUN       JWK   20  20  20    0%   5     0      500.00   4NOV87   2DEC87   7MAR88   1APR88   84    0
    525 TEST BED FIXTURES              WWP   10  10  10    0%   5     0      250.00  11NOV87  24NOV87  25NOV87   9DEC87   10   10
    350 MECHANICAL 1ST RUN                   20  20  20    0%   5     0     1000.00   3DEC87  31DEC87  17MAY88  14JUN88  115  105
 *  130 SCHEMATICS REV 2               WWP    5   5   5    0%   5     0        0.00  10DEC87  16DEC87  10DEC87  16DEC87    0    0
    520 TEST BED DRIVERS               WRS   15  15  15    0%   5     0        0.00  10DEC87  31DEC87  17DEC87   8JAN88    5    5
 *  132 WIRE WRAP REV 2                WWP    5   5   5    0%   5     0       25.00  17DEC87  23DEC87  17DEC87  23DEC87    0    0
 *  134 DEBUG REV 2                    WWP   10  10  10    0%   5     0        0.00  24DEC87   8JAN88  24DEC87   8JAN88    0    0
 *  230 REV 2 DRIVERS                  WRS    5   5   5    0%   5     0        0.00  11JAN88  15JAN88  11JAN88  15JAN88    0    0
 *  140 SCHEMATICS FOR PC LAYOUT       WWP    5   5   5    0%   5     0        0.00  18JAN88  22JAN88  18JAN88  22JAN88    0    0
    270 BASIC SOFTWARE                 WRS   25  25  25    0%   5     0        0.00  18JAN88  22FEB88  25JAN88  29FEB88    5    5
 *  180 DESIGN PHONE PATCH             WWP   15  15  15    0%   5     0        0.00  25JAN88  12FEB88  25JAN88  12FEB88    0    0
    612 PC LAYOUT AND 1ST RUN - REV 2  KH    25  25  25    0%   5     0     5000.00  25JAN88  29FEB88  29FEB88   1APR88   24    0
 *  182 WIRE WRAP PHONE PATCH          WWP    5   5   5    0%   5     0       25.00  16FEB88  22FEB88  16FEB88  22FEB88    0    0
 *  184 DEBUG PHONE PATCH              WWP    5   5   5    0%   5     0        0.00  23FEB88  29FEB88  23FEB88  29FEB88    0    0
 *  240 COMPLETE SOFTWARE              WRS   50  50  50    0%   5     0        0.00   1MAR88   9MAY88   1MAR88   9MAY88    0    0
    460 HARDWARE DOCUMENTATION         WWP   20  20  20    0%   5     0        0.00   1MAR88  28MAR88  28JUL88  24AUG88  105  105
    670 ASSEMBLE ALPHA RUN             WWP   10  10  10    0%   5     0     1750.00   1MAR88  14MAR88   4APR88  15APR88   24    0
    910 FCC RFI TESTING                      10  10  10    0%   5     0        0.00  15MAR88  28MAR88  11AUG88  24AUG88  105  105
 *  970 DAYTON                                5   5   5    0%   5     0     1000.00  18APR88* 22APR88* 18APR88* 22APR88*   0    0
    420 PRELIMINARY MANUAL                   30  30  30    0%   5     0        0.00  10MAY88  21JUN88  17MAY88  28JUN88    5    0
 *  530 BETA TEST BED                  WRS   15  15  15    0%   5     0        0.00  10MAY88  31MAY88  10MAY88  31MAY88    0    0
    920 ORDER VOCABULARY                     30  30  30    0%   5     0      750.00  10MAY88  21JUN88  29JUN88  10AUG88   35   15
 *  540 PRODUCTION TEST BED            WRS   15  15  15    0%   5     0        0.00   1JUN88  21JUN88   1JUN88  21JUN88    0    0
    680 ASSEMBLE BETA RUN              KH    10  10  10    0%   5     0     3500.00   1JUN88  14JUN88  15JUN88  28JUN88   10    5
    430 USER MANUAL                          30  30  30    0%   5     0        0.00  22JUN88   3AUG88  14JUL88  24AUG88   15   15
 *  450 TEST BED DOCUMENTATION         WRS   15  15  15    0%   5     0        0.00  22JUN88  13JUL88  22JUN88  13JUL88    0    0
    980 BETA TEST                            40  40  40    0%   5     0        0.00  22JUN88  17AUG88  29JUN88  24AUG88    5    5
 *  440 REFERENCE MANUAL               WRS   30  30  30    0%   5     0        0.00  14JUL88  24AUG88  14JUL88  24AUG88    0    0
    690 ASSEMBLE PRODUCT               KH    10  10  10    0%   5     0     7000.00  14JUL88  27JUL88  11AUG88  24AUG88   20   20
 *  990 SHIP PRODUCT                          1   1   1    0%   5     0        0.00  25AUG88  25AUG88  25AUG88  25AUG88    0    0
 
                                                                      0    23650.00
  