.R(XEXEC)MINIT

.TRSTAT
% Can't read (TYMNET)NODES.MAP
[Reading (BILLING10)090184.SAT]
[Reading (BILLING10)090284.SAT]
[Reading (BILLING10)090384.SAT]
[Reading (BILLING10)090484.SAT]
[Reading (BILLING10)090584.SAT]
[Reading (BILLING10)090684.SAT]
[Reading (BILLING10)090784.SAT]
[Reading (BILLING10)090884.SAT]
[Reading (BILLING10)090984.SAT]
% Can't find 091084.SAT
[Reading (BILLING10)091184.SAT]
[Reading (BILLING10)091284.SAT]
[Reading (BILLING10)091384.SAT]
[Reading (BILLING10)091484.SAT]
[Reading (BILLING10)091584.SAT]
[Reading (BILLING10)091684.SAT]
[Reading (BILLING10)091784.SAT]
[Reading (BILLING10)091884.SAT]
[Reading (BILLING10)091984.SAT]
[Reading (BILLING10)092084.SAT]
[Reading (BILLING10)092184.SAT]
[Reading (UN1)092284.SAT]
[Reading (UN1)092384.SAT]
[Reading (UN1)092484.SAT]
% Can't find 092584.SAT
% Can't find 092684.SAT
% Can't find 092784.SAT
% Can't find 092884.SAT
% Can't find 092984.SAT
Generating output...

End of SAIL execution
.SORT TRSTAT.DAT=TRSTAT.DAT/REV
SORTED 182 RECORDS

.R TELECOPY

: REPLACE

: NO UPDATE

: (WRS:22)TRSTAT.DAT,(WRS:39)TRSTAT.22

COPY STARTING

(WRS:22)TRSTAT.DAT COPIED TO (WRS:39)TRSTAT.22

5670 (3076) CHARS. TRANSMITTED

: QUIT

.SEND WRS
TYPE LETTER:
; PCOM v1.52 command processed: TRSTAT.LOG = trstat.CTL
; Options: DETACH  LOG NOAPPEND SUPERSEDE TIME:60 TRULIMIT:0 
; Job status: completed.
; Output recorded in file TRSTAT.LOG.

MAIL WAITING
.LOGOUT
7361.90 tru
terminal time: 1:45:56
