.R(XEXEC)MINIT

.USSTAT
% Can't read (TYMNET)NODES.MAP
[Reading (BILLING10)090184.SAT]
[Reading (BILLING10)090284.SAT]
[Reading (BILLING10)090384.SAT]
[Reading (BILLING10)090484.SAT]
[Reading (BILLING10)090584.SAT]
[Reading (BILLING10)090684.SAT]
[Reading (BILLING10)090784.SAT]
[Reading (BILLING10)090884.SAT]
[Reading (BILLING10)090984.SAT]
% Can't find 091084.SAT
[Reading (BILLING10)091184.SAT]
[Reading (BILLING10)091284.SAT]
[Reading (BILLING10)091384.SAT]
[Reading (BILLING10)091484.SAT]
[Reading (BILLING10)091584.SAT]
[Reading (BILLING10)091684.SAT]
[Reading (BILLING10)091784.SAT]
[Reading (BILLING10)091884.SAT]
[Reading (BILLING10)091984.SAT]
[Reading (BILLING10)092084.SAT]
[Reading (BILLING10)092184.SAT]
[Reading (UN1)092284.SAT]
[Reading (UN1)092384.SAT]
[Reading (UN1)092484.SAT]
% Can't find 092584.SAT
% Can't find 092684.SAT
% Can't find 092784.SAT
% Can't find 092884.SAT
% Can't find 092984.SAT
Generating output...

End of SAIL execution
.SORT USSTAT.DAT=USSTAT.DAT/REV
SORTED 197 RECORDS

.R TELECOPY

: REPLACE

: NO UPDATE

: (WRS:22)USSTAT.DAT,(WRS:39)USSTAT.22

COPY STARTING

(WRS:22)USSTAT.DAT COPIED TO (WRS:39)USSTAT.22

8807 (4864) CHARS. TRANSMITTED

: QUIT

.SEND WRS
TYPE LETTER:
; PCOM v1.52 command processed: USSTAT.LOG = usstat.CTL
; Options: DETACH  LOG NOAPPEND SUPERSEDE TIME:60 TRULIMIT:0 
; Job status: completed.
; Output recorded in file USSTAT.LOG.

MAIL WAITING
.LOGOUT
6938.41 tru
terminal time: 1:45:45
