*** CONNECTED to W6IXU VIA W6AMT,W6AMT-1 [06/01/86  16:47:25]
WB6RFW logged onto W6IXU mailbox on Sunday 01-Jun-86 at 5:20 PM

Mailbox commands: List, Read, Send, Directory, Call, Usage, Quit, Help
Command?> READ DIGILIST

*** Message from WB6WNC to DIGILIST entered Saturday 29-Mar-86 at 8:35 PM
*** Subject: MAR24.01L - Digilist Page 1 - 145.01 Frequency List
    24 Mar 86                  Pathfinder (c)                      Page #1

       Original version by WA6NHC - Multifile version created by WB6WNC

                           145.01 Digipeater List

                       * = moving to 145.05 at any time
                       # = mailbox system on line

        Site         Call              Hgt                Coverage
      Location       Sign     Freq     ASL  Notes           Area
    ----------------------------------------------------------------------
    Tiger Mt.      WN7ANK-5  145.01    3004'      Seattle area
    Enumclaw       WB7DCH-0  145.01           #   14.103 W0RLI gateway
    Olympia        WB7TGF-1  145.01    500'
    Mica Peak       N7BI -4  145.01    5500'      Spokane
    Mt. Livingston  W7XI -1  145.01    1800'      Portland
                    K7IFG-0  145.01    700'
    Prairie Peak   KS7Y  -1  145.01    3200'      Eugene
    Otter Crest    ??#???-#  145.01    1060'      Cent Ore Coast (Newport)
    Roxy Anne      WB7SZM-1  145.01    3600'      Southern Oregon
    Hornbrook      WB7AWO-1  145.01    3800'      Yreka/Southern Oregon
    Fallbrook       W6SDP-0  145.01    3600'      Northern CA/So. Oregon
    Shasta Bally   WA6YNG-1  145.01    9000'  *   Sou. Ore. to Sacto Vall.
    Mt. St. John    W6AMT-7  145.01    8000'      Sac Val to Mt. Ashland
    Angwin          N6IJP-1  145.xx    2000'      N Bay, scans .01,3,5,7,9
    Yountville     KA6IDT-1  145.xx    1000'      N Bay, scans .01,3,5,7,9
    Cedar City     WA7GTU-1  145.01               Southern Utah
    Stockton        N6FZP-0  145.01    low    #   soon .09
    Crystal Peak    W6AMT-0  145.01    3600'      SF Bay Area/San Joaq Val
    Mt. Oso        WD6EJF-1  145.01    3500'      Central Valley
    Williams Hill   W6AMT-1  145.01    2800'      Salinas Vall./Cent Coast
    Clovis         WA6OSA-2  145.01           #   Fresno area
    Blue Ridge     WA6YLB-0  145.01    5700'  *   San Joaquin Valley
    Arroyo Grande   W6IXU-0  145.01     200'  #   South Central Coast
    Kingman AZ     KB7AG -0  145.01               Western Arizona
    Mt. Potosi      K7WS -1  145.01    8512'      Las Vegas/So. Nevada
                   WA7HXO-3  145.01    6000'      Las Vegas/So. Nevada
    Angel Peak      K7WS -2  145.01    8500'      Southern Nevada
    Santa Ynez      W6AMT-2  145.01    4000'      South Central Coast
    Painted Cave   KA6SOX-1  145.01    3200'      Arroyo Grande/San Diego
    Mt. KTOT       AA6TN -1  145.01    8600'      LA/Big Bear Mt.
    Los Angeles     N6GPP-1  145.01      dualport 146.145/745
    Fullerton      WA6VSE-0  145.01    300'       LA/San Bernardino/SD
    Palos Verdes    W6AMT-3  145.01    1500'      Los Angeles/San Diego
                   NK6K  -1  145.01    1500'      Los Angeles/San Diego
    Sierra Peak     N6BMO-1  145.01    2400'      Los Angeles/San Diego
    San Diego      WB6HHV-1  145.01    500'       San Diego (soon higher)
    (Torrey Pines) KA6IQA-1  145.01
                   KA6IQA-0  145.01           #   San Diego
    San Miguel Mt   W6AMT-4  145.01    2565'      Los Angeles/San Diego
*** End of message from WB6WNC via W6AMT-1 W6AMT
------------------

*** Message from WB6WNC to DIGILIST entered Sunday 30-Mar-86 at 1:38 AM
*** Subject: MAR24.01M - Digilist Page 2 - 145.01 Matrix List
    24 Mar 86                  Pathfinder (c)                      Page #2

       Original version by WA6NHC - Multifile version created by WB6WNC

                           145.01 Digipeater Matrix

                       WWW   K WW W  KW  W WWW K W  KA W N WKK
                       NBBNWKS BBWAWNABNWDWAAAWBKAKWAANAWKNBAAW
                       7777777 77666667666666667777666666666666
                       ADTBXIY SASYAIIGFAEAORYIAWHWASTGVAKBHIIA
                       NCGIIF  ZWDNMJDTZMJMSWLXGSXSMONPSM MHQQM
                       KHF  G  MOPGTPTUPTFTANBU  O TX PET OVAAT
                       ||||||||||||||||||||||||||||||||||||||||
                       5014101 11017111001120000132211103111104
              WN7ANK-5 +XX.....................................
              WB7DCH-0 X+......................................
              WB7TGF-1 X.+..X..................................
               N7BI -4 ...+....................................
               W7XI -1 ....+XX.................................
               K7IFG-0 ..X.X+..................................
              KS7Y  -1 ....X.+X................................
         (Otter Crest) ......X+................................
              WB7SZM-1 ........+X.XX...........................
              WB7AWO-1 ........X+XXX...........................
               W6SDP-0 .........X+XX...........................
              WA6YNG-1 ........XXX+X...........................
               W6AMT-7 ........XXXX+XX..XX.....................
               N6IJP-1 ............X+X..X......................
              KA6IDT-1 ............XX+..X......................
              WA7GTU-1 ...............+.........XX.............
               N6FZP-0 ................+.......................
               W6AMT-0 ............XXX..+XX.XX.................
              WD6EJF-1 ............X....X+....X................
               W6AMT-1 .................X.+.XXX....X...........
              WA6OSA-2 ....................+.X.................
              WA6RWN-0 .................X.X.+X.................
              WA6YLB-0 .................XXXXX+.................
               W6IXU-0 ...................X...+....XX..........
              KB7AG -0 ........................+XX.............
               K7WS -1 ...............X........X+XX..X.........
              WA7HXO-3 ...............X........XX+...X.........
               K7WS -2 .........................X.+............
               W6AMT-2 ...................X...X....+X.X.XX.X..X
              KA6SOX-1 .......................X....X+...XX.X..X
              AA6TN -1 .........................XX...+..X.X....
               N6GPP-1 ............................X..+.XXX...X
              WA6VSE-0 ................................+X.X.X..
               W6AMT-3 ............................XXXXX+XXX..X
              NK6K  -1 ............................XX.X.X+.X...
               N6BMO-1 ..............................XXXX.+...X
              WB6HHV-1 ............................XX...XX.+.XX
              KA6IQA-1 ................................X....+XX
              KA6IQA-0 ....................................XX+X
               W6AMT-4 ............................XX.X.X.XXXX+
*** End of message from WB6WNC via W6AMT-1 W6AMT
------------------

*** Message from WB6WNC to DIGILIST entered Sunday 30-Mar-86 at 1:44 AM
*** Subject: MAR24.03 - Digilist Page 3 - 145.03 Frequency/Matrix List
    24 Mar 86                  Pathfinder (c)                      Page #3

       Original version by WA6NHC - Multifile version created by WB6WNC

                           145.03 Digipeater List

                       @ = capable of remotely changing frequency

        Site         Call              Hgt                Coverage
      Location       Sign     Freq     ASL  Notes           Area
    ----------------------------------------------------------------------
    Rattlesnake Mt.WB7CNJ-2  145.03    3600'      Yakima area
    Angwin          N6IJP-1  145.xx    2000'      N Bay, scans .01,3,5,7,9
    Yountville     KA6IDT-1  145.xx    1000'      N Bay, scans .01,3,5,7,9
    Grass Valley   WB6EVQ-2  145.03               Sacramento Valley
    SF VA Hospital  W6PW -1  145.03    400'       Central SF Bay/W. Marin
    Tracy           W6OA -1  145.03    1800'      Sacto/San Joaquin Valley
    Melcher Hill   WA6FSP-1  145.03    1000'      S San Francsco Bay Area
    Sunnyvale       N6KMO-0  145.03    low        South SF Bay Area
                    W6BCY-0  145.03    low        South SF Bay Area
    Comex Pk.      WB6LPZ-1  145.03    3500'      South SF Bay Area
    Saratoga        N6JOA-0  145.03    600'       Sacto Valley/SF Bay area
    Morgan Hill     G8HJD-0  145.03    600'       San Jose/Hollister
    Fremont Peak    N6DBT-2  145.03    3400'      S SF Bay/Salinas/Monter
    Castle Rock    WB6EVQ-1  145.03    2800'      Santa Cruz/Monterey
    Mt. Bullion     W6BXN-0  145.03    4300'  @   Sacramento Val/SJ Valley
    Coalinga        W6ZFN-1  145.03    3500'      South San Joaquin Vall.
    Santa Barbara   K6TZ -1  145.03    400'       Santa Barbara/San Diego
    Red Mt.        WA6ZSN-1  145.03               Ventura


                           145.03 Digipeater Matrix

                  W     K  W        W        W           W           W
                  B  N  A  B  W  W  A  N  W  B  N  G  N  B  W  W  K  A
                  7  6  6  6  6  6  6  6  6  6  6  8  6  6  6  6  6  6
                  C  I  I  E  P  O  F  K  B  L  J  H  D  E  B  Z  T  Z
                  N  J  D  V  W  A  S  M  C  P  O  J  B  V  X  F  Z  S
                  J  P  T  Q        P  O  Y  Z  A  D  T  Q  N  N     N
                  |  |  |  |  |  |  |  |  |  |  |  |  |  |  |  |  |  |
                  2  1  1  2  1  1  1  0  0  1  0  0  2  1  0  1  1  1
        WB7CNJ-2  +  .  .  .  .  .  .  .  .  .  .  .  .  .  .  .  .  .
         N6IJP-1  .  +  X  .  .  .  .  .  .  X  X  .  .  X  X  .  .  .
        KA6IDT-1  .  X  +  .  X  .  .  .  .  X  .  .  .  .  .  .  .  .
        WB6EVQ-2  .  .  .  +  .  X  .  .  .  .  .  .  .  .  .  .  .  .
         W6PW -1  .  .  X  .  +  X  X  X  .  X  .  .  X  .  .  .  .  .
         W6OA -1  .  .  .  X  X  +  .  .  .  X  .  .  .  .  X  .  .  .
        WA6FSP-1  .  .  .  .  X  .  +  .  .  X  .  X  X  .  .  .  .  .
         N6KMO-0  .  .  .  .  X  .  .  +  X  X  X  .  X  X  .  .  .  .
         W6BCY-0  .  .  .  .  .  .  .  X  +  X  .  .  .  X  .  .  .  .
        WB6LPZ-1  .  X  X  .  X  X  X  X  X  +  X  X  X  X  X  .  .  .
         N6JOA-0  .  X  .  .  .  .  .  X  .  X  +  X  X  X  .  .  .  .
         G8HJD-0  .  .  .  .  .  .  X  .  .  X  X  +  X  X  .  .  .  .
         N6DBT-2  .  .  .  .  X  .  X  X  .  X  X  X  +  X  X  .  .  .
        WB6EVQ-1  .  X  .  .  .  .  .  X  X  X  X  X  X  +  .  .  .  .
         W6BXN-0  .  X  .  .  .  X  .  .  .  X  .  .  X  .  +  X  .  .
         W6ZFN-1  .  .  .  .  .  .  .  .  .  .  .  .  .  .  X  +  .  .
         K6TZ -1  .  .  .  .  .  .  .  .  .  .  .  .  .  .  .  .  +  X
        WA6ZSN-1  .  .  .  .  .  .  .  .  .  .  .  .  .  .  .  .  X  +
*** End of message from WB6WNC via W6AMT-1 W6AMT
------------------

*** Message from WB6WNC to DIGILIST entered Sunday 30-Mar-86 at 1:48 AM
*** Subject: MAR24.05 - Digilist Page 4 - 145.05 Frequency/Matrix List
    24 Mar 86                  Pathfinder (c)                      Page #4

       Original version by WA6NHC - Multifile version created by WB6WNC

                           145.05 Digipeater List

                       # = mailbox system on line

        Site         Call              Hgt                Coverage
      Location       Sign     Freq     ASL  Notes           Area
    ----------------------------------------------------------------------
    Angwin          N6IJP-1  145.xx    2000'      N Bay, scans .01,3,5,7,9
    Yountville     KA6IDT-1  145.xx    1000'      N Bay, scans .01,3,5,7,9
    Mt. Vaca        W6AK -1  145.05    2840'      Fresno/Redding/SF Bay
    Novato          W6SG -1  145.05    200'       Hamilton AFB
    Twain Harte     W6FGC-2  145.05           #   Sonora/Central Valley
    Confidence      W6FGC-1  145.05    4200'      Central Valley
    Mt. Hamilton    K6GZK-1  145.05    2600'      SF Bay Area/Hollister
                   KA6UJF-0  145.05               SF Bay Area/Central Val.
    Mt. Toro        N6BMB-1  145.05    3600'      Santa Cruz/King City
    Bald Mt.       WB6AIE-1  145.05    5300'      San Joaquin Valley 
    Fresno         WB6AIE-0  145.05           #   Fresno area 
    Frazier Mt.    KB6C  -1  145.05    8013'      S. SJ Val/LA/SD/desert
    La Cumbre Pk.   K6TZ -2  145.05    4000'      Santa Barbara/Ventura
    Chatsworth     WB6EGR-0  145.05               Simi Valley
    Riverside       W6TJ -1  145.05    900'       Riverside
    Mt. Palomar     W6NWG-0  145.05    5600' (Shielded to N.) SD .03 soon
    Escondido       N6ATQ-1  145.05    1600'      


                           145.05 Digipeater Matrix

                         K              K     W  W  K     W         
                   N  W  A  W  W  W  K  A  N  B  B  B  K  B  W  W  N
                   6  6  6  6  6  6  6  6  6  6  6  6  6  6  6  6  6
                   I  A  I  S  F  F  G  U  B  A  A  C  T  E  T  N  A
                   J  K  D  G  G  G  Z  J  M  I  I     Z  G  J  W  T
                   P     T     C  C  K  F  B  E  E        R     G  Q
                   |  |  |  |  |  |  |  |  |  |  |  |  |  |  |  |  |
                   1  1  1  1  2  1  1  0  1  1  0  1  2  0  1  0  1
          N6IJP-1  +  X  X  .  .  .  .  .  .  .  .  .  .  .  .  .  .
         KA6IDT-1  X  .  +  .  .  .  .  .  .  .  .  .  .  .  .  .  .
          W6AK -1  X  +  .  X  .  X  .  .  .  X  .  .  .  .  .  .  .
          W6SG -1  .  X  .  +  .  .  X  .  .  .  .  .  .  .  .  .  .
          W6FGC-2  .  .  .  .  +  X  .  X  .  .  .  .  .  .  .  .  .
          W6FGC-1  .  X  .  .  X  +  .  X  .  .  .  .  .  .  .  .  .
          K6GZK-1  .  .  .  X  .  .  +  X  X  .  .  .  .  .  .  .  .
         KA6UJF-0  .  .  .  .  X  X  X  +  X  .  .  .  .  .  .  .  .
          N6BMB-1  .  .  .  .  .  .  X  X  +  X  .  .  .  .  .  .  .
         WB6AIE-1  .  X  .  .  .  .  .  .  X  +  X  X  .  .  .  .  .
         WB6AIE-0  .  .  .  .  .  .  .  .  .  X  +  .  .  .  .  .  .
         KB6C  -1  .  .  .  .  .  .  .  .  .  X  .  +  X  X  .  .  X
          K6TZ -2  .  .  .  .  .  .  .  .  .  .  .  X  +  .  .  .  .
         WB6EGR-0  .  .  .  .  .  .  .  .  .  .  .  X  .  +  .  .  .
          W6TJ -1  .  .  .  .  .  .  .  .  .  .  .  .  .  .  +  .  .
          W6NWG-0  .  .  .  .  .  .  .  .  .  .  .  .  .  .  .  +  X
          N6ATQ-1  .  .  .  .  .  .  .  .  .  .  .  X  .  .  .  X  +
*** End of message from WB6WNC via W6AMT-1 W6AMT
------------------

*** Message from WB6WNC to DIGILIST entered Sunday 30-Mar-86 at 2:39 AM
*** Subject: MAR24.07 - Digilist Page 5 - 145.07 Frequency/Matrix List
    24 Mar 86                  Pathfinder (c)                      Page #5

       Original version by WA6NHC - Multifile version created by WB6WNC

                           145.07 Digipeater List

                       * = moving to 145.05 at any time
                       # = mailbox system on line
                       @ = capable of remotely changing frequency

        Site         Call              Hgt                Coverage
      Location       Sign     Freq     ASL  Notes           Area
    ----------------------------------------------------------------------
    Angwin          N6IJP-1  145.xx    2000'      N Bay, scans .01,3,5,7,9
    Yountville     KA6IDT-1  145.xx    1000'      N Bay, scans .01,3,5,7,9
    Mt. Tamalpais  KB6HZN-0  145.07    800'   #   UNIX system testing
    Saratoga       NV6Z  -1  145.07    low        South SF Bay Area
    Black Mt.       N6IIU-1  145.07    2400'  #@  W0RLI mbx in Palo Alto
    Morgan Hill     W3VS -0  145.07    600'       San Jose/Hollister


                           145.07 Digipeater Matrix

                                        K  K  N      
                                     N  A  B  V  N  W
                                     6  6  6  6  6  3
                                     I  I  H  Z  I  V
                                     J  D  Z     I  S
                                     P  T  N     U   
                                     |  |  |  |  |  |
                                     1  1  0  1  1  0
                            N6IJP-1  +  X  .  .  X  .
                           KA6IDT-1  X  +  .  .  X  .
                           KB6HZN-0  .  .  +  .  .  .
                           NV6Z  -1  .  .  .  +  .  .
                            N6IIU-1  X  X  .  .  +  X
                            W3VS -0  .  .  .  .  X  +
*** End of message from WB6WNC via W6AMT-1 W6AMT
------------------

*** Message from WB6WNC to DIGILIST entered Sunday 30-Mar-86 at 2:43 AM
*** Subject: MAR24.09 - Digilist Page 6 - 145.09 Frequency/Matrix List
    24 Mar 86                  Pathfinder (c)                      Page #6

       Original version by WA6NHC - Multifile version created by WB6WNC

                           145.09 Digipeater List

                       # = mailbox system on line

        Site         Call              Hgt                Coverage
      Location       Sign     Freq     ASL  Notes           Area
    ----------------------------------------------------------------------
    Angwin          N6IJP-1  145.xx    2000'      N Bay, scans .01,3,5,7,9
    Yountville     KA6IDT-1  145.xx    1000'      N Bay, scans .01,3,5,7,9
    Rough & Ready  WB5OYP-1  145.09    2500'      Sacramento Valley
    No. Highlands  WA6NWE-0  145.09    low    #   Sacramento area
                   WA6NWE-1  145.09               unknown
    Richmond       NI6A  -1  145.09    low    #   7.093 MHz W0RLI gateway
    Berkeley       WD6CMU-1  145.09    1275'      SF Bay area
    Oakland         K6VCO-2  145.09    700'       San Francisco Bay Area
    Portola Valley  N6IIU-0  145.09    low        SF Bay/Concord/Fairfield
    Sunnyvale       K6LLK-0  145.09    low        S SF Bay Area/Peninsula
    Santa Clara    WD6EDY-0  145.09    low    #   Santa Clara Valley
    Morgan Hill    WB6ZVW-1  145.09    70'        S. Santa Clara Valley
    Gilroy         AA4RE -1  145.09    low    #   South San Jose/Gilroy
    Castle RockN6GGA-1  145.09    3200'      Santa Cruz/Monterey
    Monterey        K6LY -0  145.09    low        Naval Postgrad School


                           145.09 Digipeater Matrix

                            K  W  W  W  N  W           W  W  A    
                         N  A  B  A  A  I  D  K  N  K  D  B  A  N  K
                         6  6  5  6  6  6  6  6  6  6  6  6  6  6  6
                         I  I  O  N  N  A  C  V  I  L  E  Z  R  G  L
                         J  D  Y  W  W     M  C  I  L  D  V  E  G  Y
                         P  T  P  E  E     U  O  U  K  Y  W     A  
                         |  |  |  |  |  |  |  |  |  |  |  |  |  |  |
                         1  1  1  0  1  1  1  2  0  0  0  1  1  1  0
                N6IJP-1  +  .  X  X  .  X  X  .  X  .  .  .  .  X  .
               KA6IDT-1  .  +  .  .  .  .  .  .  .  .  .  .  .  .  .
               WB5OYP-1  X  .  +  X  .  .  X  .  .  .  .  .  .  .  .
               WA6NWE-0  X  .  X  +  .  .  .  .  .  .  .  .  .  .  .
               WA6NWE-1  .  .  .  .  +  .  .  .  .  .  .  .  .  .  .
               NI6A  -1  X  .  .  .  .  +  X  .  .  .  .  .  .  X  .
               WD6CMU-1  X  .  X  .  .  X  +  X  X  X  X  X  .  X  X
                K6VCO-2  .  .  .  .  .  .  X  +  .  .  .  .  .  .  .
                N6IIU-0  X  .  .  .  .  .  X  .  +  .  .  .  .  .  .
                K6LLK-0  .  .  .  .  .  .  X  .  .  +  .  .  .  X  .
               WD6EDY-0  .  .  .  .  .  .  X  .  .  .  +  .  .  .  .
               WB6ZVW-1  .  .  .  .  .  .  X  .  .  .  .  +  X  X  .
               AA4RE -1  .  .  .  .  .  .  .  .  .  .  .  X  +  .  .
                N6GGA-1  X  .  .  .  .  X  X  .  .  X  .  X  .  +  X
                K6LY -0  .  .  .  .  .  .  X  .  .  .  .  .  .  X  +
*** End of message from WB6WNC via W6AMT-1 W6AMT
------------------

*** Message from WB6WNC to DIGILIST entered Sunday 30-Mar-86 at 2:47 AM
*** Subject: MAR24.MSC - Digilist Page 7 - Misc Frequency List
    24 Mar 86                  Pathfinder (c)                      Page #7

       Original version by WA6NHC - Multifile version created by WB6WNC

                           Misc Digipeater List

                       # = mailbox system on line

        Site         Call              Hgt                Coverage
      Location       Sign     Freq     ASL  Notes           Area
    ----------------------------------------------------------------------
    Black Mt.      KA6NAN-1  146.58    2400'      San Francisco Bay Area
    Los Angeles    WB5EKU-2  145.36    dualport   Simi, San Fern Val, SD
                  (WB5EKU-12 220.95   9.6 K Baud  Simi, San Fern Val, SD)
                   WB6YMH-2  145.36           #   Los Angeles/San Diego
                    N6BGW-0  146.145/.745     #   Los Angeles
                   WA6OZJ-0  145.36               Los Angeles Basin
                    N6GPP-1  146.145/745 dualport 145.01
                    N6CXB-1  146.145/745      #   11 meg database
    Sierra Peak    WB6KAJ-2  145.36    2400'      Los Angeles/San Diego
    Cucamonga      KD6SQ -0  145.36           #   14.103 gateway
                   WB6HHV-2  144.76           #   San Diego (RCP/M)
                   WA2QMI-0  144.76           #   San Diego (RCP/M)
                   W6SE  -0  145.36               San Diego (Encinitas)
                   W6MNO -0  145.36               San Diego
    (Mt. Otay)     W6OGC -0  144.76               San Diego/Los Angeles 


    There   is  no  matrix  for  this  section  since  there  is   minimal 
    interconnection between digipeaters.


    Please note:

    If  you  want to offer information on corrections,  additions  or  any 
    other information pertinent you may send it to:


    Rick Bates, WA6NHC                   Please  SEND ME  INFORMATION THAT
    345 South McDowell Blvd.             YOU HAVE  GATHERED SO IT  MAY  BE
    Suite 219                            SHARED.  KNOWLEDGE IS OF NO VALUE
    Petaluma CA 94952-3507               UNLESS IT IS SHARED.   Thank you.


         PATHFINDER  is copyright (if you can copy right,  its yours)  and 
    may  be  duplicated as needed for any non-commercial usage as long  as 
    the original source (WA6NHC) is mentioned.   PLEASE pass it around.  I 
    try to be accurate,  but no liability is assumed.   What I put out  is 
    what I get in from you (similar to GIGO).
*** End of message from WB6WNC via W6AMT-1 W6AMT
------------------
  -5è