!dir (PERPOPER)/tot

CAN NOT READ DIRECTORY FOR THIS PROJECT-PROGRAMMER
!dir (PJ)/tot

TOTAL PAGES 54 FILES 13

!dir (PPN1976)/tot
NO USER NAMED: PPN1976
!dir (PROD)/tot

CAN NOT READ DIRECTORY FOR THIS PROJECT-PROGRAMMER
!dir (PRODBILL)/tot

CAN NOT READ DIRECTORY FOR THIS PROJECT-PROGRAMMER
!dir (PRODUCTLIST)/tot

TOTAL PAGES 276 FILES 20

!dir (PRT)/tot

TOTAL PAGES 88 FILES 13

!dir (PUB)/tot

TOTAL PAGES 1193 FILES 42

!dir (QABUILDM33)/tot

TOTAL PAGES 10 FILES 5

!dir (QABUILDOSC)/tot

TOTAL PAGES 45 FILES 14

!dir (QALIBSYM)/tot

TOTAL PAGES 2712 FILES 32

!dir (QASYS)/tot

TOTAL PAGES 691 FILES 52

!dir (RAFFOR)/tot
NO USER NAMED: RAFFOR
!dir (REGION03)/tot
NO USER NAMED: REGION03
!dir (RFORKISH)/tot
NO USER NAMED: RFORKISH
!dir (RODRIGUESP)/tot

CAN NOT READ DIRECTORY FOR THIS PROJECT-PROGRAMMER
!dir (ROLANDK)/tot
NO USER NAMED: ROLANDK
!dir (ROY)/tot
NO USER NAMED: ROY
!dir (ROYALR)/tot
NO USER NAMED: ROYALR
!dir (RSTEVENS)/tot

TOTAL PAGES 53 FILES 8

!dir (RUSSELLB)/tot

TOTAL PAGES 453 FILES 82

!dir (RVIVIER)/tot

TOTAL PAGES 24 FILES 7

!dir (SAIL)/tot

TOTAL PAGES 1930 FILES 154

!dir (SAILFOO)/tot

TOTAL PAGES 366 FILES 13

!dir (SAILIB)/tot

TOTAL PAGES 1303 FILES 254

!dir (SAILTEST)/tot

TOTAL PAGES 2111 FILES 118

!dir (SAL)/tot

TOTAL PAGES 32 FILES 1

!dir (SALTYRON)/tot

TOTAL PAGES 1720 FILES 251

!dir (SBILL2)/tot

TOTAL PAGES 1 FILES 1

!dir (SBILL3)/tot
NO USER NAMED: SBILL3
!dir (SCAPIK)/tot

TOTAL PAGES 18 FILES 9

!dir (SHUANG)/tot
NO USER NAMED: SHUANG
!dir (SLG)/tot

TOTAL PAGES 335 FILES 23

!dir (SLIAPL10)/tot

TOTAL PAGES 242 FILES 20

!dir (SLIAPLQA)/tot

TOTAL PAGES 185 FILES 12

!dir (SLIOPER)/tot

CAN NOT READ DIRECTORY FOR THIS PROJECT-PROGRAMMER
!dir (SLISYS)/tot

TOTAL PAGES 595 FILES 72

!dir (SMALLEY)/tot
NO USER NAMED: SMALLEY
!dir (SMITHDE)/tot
NO USER NAMED: SMITHDE
!dir (SNARL)/tot

TOTAL PAGES 1450 FILES 155

!dir (SOCCI)/tot

TOTAL PAGES 2001 FILES 352

!dir (SOLON)/tot
NO USER NAMED: SOLON
!dir (SP.BANK)/tot
NO USER NAMED: SP.BANK
!dir (SP1)/tot
NO USER NAMED: SP1
!dir (SP10)/tot
NO USER NAMED: SP10
!dir (SP2)/tot
NO USER NAMED: SP2
!dir (SP3)/tot
NO USER NAMED: SP3
!dir (SP4)/tot
NO USER NAMED: SP4
!dir (SP5)/tot
NO USER NAMED: SP5
!dir (SP6)/tot
NO USER NAMED: SP6
!dir (SP8)/tot
NO USER NAMED: SP8
!dir (SP9)/tot
NO USER NAMED: SP9
!dir (SPEX)/tot
NO USER NAMED: SPEX
!dir (SPINALE)/tot

CAN NOT READ DIRECTORY FOR THIS PROJECT-PROGRAMMER
!dir (SPL)/tot

TOTAL PAGES 958 FILES 132

!dir (SPOOL)/tot

TOTAL PAGES 223 FILES 38

!dir (SPOOLING)/tot
NO USER NAMED: SPOOLING
!dir (SPOOLRM)/tot
NO USER NAMED: SPOOLRM
!dir (SPPARCH)/tot

TOTAL PAGES 0 FILES 0

!dir (SPPOPER)/tot

TOTAL PAGES 304 FILES 35

!dir (SPUNKDOC)/tot

CAN NOT READ DIRECTORY FOR THIS PROJECT-PROGRAMMER
!dir (SRA)/tot

TOTAL PAGES 149 FILES 26

!dir (SRA1)/tot

CAN NOT READ DIRECTORY FOR THIS PROJECT-PROGRAMMER
!dir (SRACRT)/tot

TOTAL PAGES 166 FILES 11

!dir (SRAFRCST)/tot

CAN NOT READ DIRECTORY FOR THIS PROJECT-PROGRAMMER
!dir (SRAFT)/tot

TOTAL PAGES 112 FILES 8

!dir (SRAMOV)/tot

TOTAL PAGES 11 FILES 1

!dir (SRARPTS)/tot

CAN NOT READ DIRECTORY FOR THIS PROJECT-PROGRAMMER
!dir (SRASO)/tot

CAN NOT READ DIRECTORY FOR THIS PROJECT-PROGRAMMER
!dir (SRATECH)/tot

TOTAL PAGES 38 FILES 4

!dir (SRAUTIL)/tot

TOTAL PAGES 261 FILES 22

!dir (SSBACKUP)/tot

TOTAL PAGES 0 FILES 0

!dir (SSEEHAFER)/tot

TOTAL PAGES 2 FILES 1

!dir (SSEREP)/tot

TOTAL PAGES 3 FILES 1

!dir (SSINSTALL)/tot

TOTAL PAGES 5471 FILES 57

!dir (SSPAMBIN)/tot
NO USER NAMED: SSPAMBIN
!dir (SSPERP)/tot

TOTAL PAGES 490 FILES 24

!dir (SSPRINT)/tot

TOTAL PAGES 1391 FILES 6

!dir (SSSPOOL)/tot

TOTAL PAGES 1396 FILES 23

!dir (SSVALSUP)/tot

TOTAL PAGES 32 FILES 1

!dir (STAMMERS)/tot

TOTAL PAGES 113 FILES 15

!dir (SUTTOND)/tot

TOTAL PAGES 183 FILES 18

!dir (SWARBRICKJ)/tot
NO USER NAMED: SWARBRICKJ
!dir (SYS)/tot

TOTAL PAGES 17405 FILES 870

!dir (SYSADM20)/tot

TOTAL PAGES 193 FILES 9

!dir (SYSADM21)/tot

TOTAL PAGES 14 FILES 3

!dir (SYSBACKUP)/tot

TOTAL PAGES 5 FILES 2

!dir (SYSFIL)/tot

TOTAL PAGES 1209 FILES 53

!dir (SYSINST)/tot

TOTAL PAGES 311 FILES 3

!dir (SYSMAINT)/tot

TOTAL PAGES 0 FILES 0

!dir (SYSNEWS)/tot

TOTAL PAGES 391 FILES 41

!dir (SYSTECH)/tot

TOTAL PAGES 0 FILES 0

!dir (TADDEO)/tot

TOTAL PAGES 56 FILES 20

!dir (TBATLIB)/tot

TOTAL PAGES 885 FILES 61

!dir (TC)/tot
NO USER NAMED: TC
!dir (TCOLD)/tot

CAN NOT READ DIRECTORY FOR THIS PROJECT-PROGRAMMER
!dir (TELE)/tot

TOTAL PAGES 159 FILES 4

!dir (TEM)/tot

TOTAL PAGES 43 FILES 3

!dir (TESTING)/tot

TOTAL PAGES 2 FILES 1

!dir (THSTECH)/tot
NO USER NAMED: THSTECH
!dir (TIIDEV)/tot

TOTAL PAGES 30 FILES 3

!dir (TJB)/tot

TOTAL PAGES 458 FILES 59

!dir (TNXAIL)/tot

TOTAL PAGES 587 FILES 67

!dir (TODD)/tot

TOTAL PAGES 738 FILES 157

!dir (TOKPRINT)/tot
NO USER NAMED: TOKPRINT
!dir (TOMASIR)/tot
NO USER NAMED: TOMASIR
!dir (TOOLS11)/tot

TOTAL PAGES 373 FILES 35

!dir (TOPS10)/tot

TOTAL PAGES 0 FILES 0

!dir (TRUCONTROL)/tot

CAN NOT READ DIRECTORY FOR THIS PROJECT-PROGRAMMER
!dir (TSUCOOP)/tot

TOTAL PAGES 3381 FILES 185

!dir (TTR)/tot

TOTAL PAGES 127 FILES 28

!dir (TYMGRIPE)/tot

TOTAL PAGES 30 FILES 7

!dir (TYMNET)/tot

TOTAL PAGES 50 FILES 3

!dir (UAS)/tot

TOTAL PAGES 477 FILES 9

!dir (UFD)/tot

TOTAL PAGES 1731 FILES 251

!dir (UIMREG)/tot
NO USER NAMED: UIMREG
!dir (UIS)/tot

CAN NOT READ DIRECTORY FOR THIS PROJECT-PROGRAMMER
!dir (UN1)/tot

TOTAL PAGES 3980 FILES 79

!dir (UORAIL)/tot

TOTAL PAGES 266 FILES 60

!dir (UPL)/tot

TOTAL PAGES 5257 FILES 325

!dir (USEVAL)/tot

CAN NOT READ DIRECTORY FOR THIS PROJECT-PROGRAMMER
!dir (UTIL)/tot

TOTAL PAGES 479 FILES 71

!dir (VALDEV)/tot

TOTAL PAGES 18 FILES 1

!dir (VALIDATE)/tot

TOTAL PAGES 0 FILES 0

!dir (VGOPER)/tot

TOTAL PAGES 0 FILES 0

!dir (VIEW)/tot

TOTAL PAGES 78 FILES 14

!dir (VIVIAN)/tot

TOTAL PAGES 872 FILES 135

!dir (VMAP)/tot

TOTAL PAGES 215 FILES 43

!dir (VU)/tot

TOTAL PAGES 144 FILES 43

!dir (VUE)/tot

TOTAL PAGES 2362 FILES 188

!dir (WECOPROD)/tot
NO USER NAMED: WECOPROD
!dir (WESTRN29)/tot
NO USER NAMED: WESTRN29
!dir (WFW)/tot

TOTAL PAGES 63 FILES 17

!dir (WFWCUSP)/tot

TOTAL PAGES 4 FILES 1

!dir (WGDAV)/tot
NO USER NAMED: WGDAV
!dir (WILKES)/tot

TOTAL PAGES 171 FILES 36

!dir (WRS)/tot

TOTAL PAGES 3914 FILES 757

!dir (X25DEV)/tot
NO USER NAMED: X25DEV
!dir (XAIL)/tot

TOTAL PAGES 319 FILES 50

!dir (XBLISS)/tot

TOTAL PAGES 0 FILES 0

!dir (XCONSULT)/tot

TOTAL PAGES 46 FILES 8

!dir (XEXEC)/tot

TOTAL PAGES 540 FILES 131

!dir (XMAGNUM)/tot

TOTAL PAGES 0 FILES 0

!dir (XMAIL)/tot

TOTAL PAGES 0 FILES 0

!dir (XUEY)/tot

TOTAL PAGES 545 FILES 89

!dir (XXARC)/tot

TOTAL PAGES 550 FILES 39

!dir (YAMM)/tot

TOTAL PAGES 4 FILES 2

!dir (YEUX)/tot

TOTAL PAGES 1119 FILES 134

!dir (ZONNIE)/tot

TOTAL PAGES 197 FILES 48

!dir (ZORK)/tot

TOTAL PAGES 395 FILES 101

!LOGOUT
239.63 tru
terminal time: 0:36:12
