.:LOGFILE FNDALL.LOG
:DEFINE $SUBSTITUTION=$TRUE
  ;Control file to compare X32 directories with X17 and X14
.RUN (XEXEC)MINIT

.GFD NOT-JMS
(NOT-JMS)=[3,31116]    (JMS)=[3,431116]

.  ;Copy previous day's run
.:SILENCE
  ;Micronet stuff is on X14 and not on X17
.RDIST CURR11.RDS=(CURR11)*.*/HOST:32/MASTER:14/CHECK/RETRIES:1
Master host: 14

?unable to build circuit to JMS:14
?host unavailable
Creaux failed to JMS:14
R(SPL)FINDIT##
Findit: circuit zapped
0 files on master system.
Slave hosts: 32
Checking host 32
(CURR11      :  32) ND6760.BND    25 09-Sep-86 09:19 -- missing on master
(CURR11      :  32) RU6760.OBJ     2 08-Sep-86 16:20 -- missing on master
(CURR11      :  32) RU6760.MAC     2 02-Jun-87 17:36 -- missing on master
(CURR11      :  32) MP2346.MAP    18 24-Apr-87 15:06 -- missing on master
(CURR11      :  32) SV6657.IMG    26 08-Sep-86 17:41 -- missing on master
(CURR11      :  32) LK0115.CMD     2 15-Jul-86 15:40 -- missing on master
(CURR11      :  32) MC0115.CMD     2 15-Jul-86 15:40 -- missing on master
(CURR11      :  32) ONCE.MAC       4 02-Jun-87 18:11 -- missing on master
(CURR11      :  32) LNKG.MAC      23 02-Jun-87 18:42 -- missing on master
(CURR11      :  32) LNK2.MAC       8 02-Jun-87 18:33 -- missing on master
(CURR11      :  32) CRCBYT.MAC     2 02-Jun-87 18:43 -- missing on master
(CURR11      :  32) AUTO6.MAC      6 02-Jun-87 18:05 -- missing on master
(CURR11      :  32) XDT.MAC       47 02-Jun-87 17:25 -- missing on master
(CURR11      :  32) LINBPR.MAC     2 02-Jun-87 18:43 -- missing on master
(CURR11      :  32) DUPPR.MAC      2 02-Jun-87 18:51 -- missing on master
(CURR11      :  32) SATSPC.RNO     9 23-Mar-82 16:54 -- missing on master
(CURR11      :  32) SATTST.RNO     6 23-Mar-82 16:55 -- missing on master
(CURR11      :  32) AUTO13.MAC     3 02-Jun-87 16:36 -- missing on master
(CURR11      :  32) RELESE.LOG     6 26-Oct-81 19:37 -- missing on master
(CURR11      :  32) SATSPC.MEM    10 26-Oct-81 19:35 -- missing on master
(CURR11      :  32) SATTST.MEM     7 26-Oct-81 19:35 -- missing on master
(CURR11      :  32) X25Q.MAC      14 02-Jun-87 17:10 -- missing on master
(CURR11      :  32) CHECKT.FMT     4 30-Mar-82 17:45 -- missing on master
(CURR11      :  32) SCRIPT.MAC     8 02-Jun-87 18:46 -- missing on master
(CURR11      :  32) CMDTYM.MAC     6 02-Jun-87 17:22 -- missing on master
(CURR11      :  32) LINB.MAC       6 02-Jun-87 18:10 -- missing on master
(CURR11      :  32) TY9301.MAC     9 02-Jun-87 18:46 -- missing on master
(CURR11      :  32) EXEC.MAC       9 02-Jun-87 16:49 -- missing on master
(CURR11      :  32) RELESE.930     2 26-Oct-81 19:21 -- missing on master
(CURR11      :  32) LKHPK1.MAC    28 02-Jun-87 17:50 -- missing on master
(CURR11      :  32) LNKHB.MAC     18 02-Jun-87 17:54 -- missing on master
(CURR11      :  32) AUTOY.MAC      6 18-Mar-82 15:33 -- missing on master
(CURR11      :  32) CGSCO5.MAC     3 02-Jun-87 16:19 -- missing on master
(CURR11      :  32) RULAB.MAC      3 02-Jun-87 16:21 -- missing on master
(CURR11      :  32) CG4036.MAC     2 02-Jun-87 16:22 -- missing on master
(CURR11      :  32) CG2353.MAC     2 02-Jun-87 16:31 -- missing on master
(CURR11      :  32) LNKIA.MAC     36 02-Jun-87 16:56 -- missing on master
(CURR11      :  32) CMDX28.MAC    21 02-Jun-87 17:05 -- missing on master
(CURR11      :  32) CG6511.MAC     2 02-Jun-87 17:21 -- missing on master
(CURR11      :  32) CG3575.MAC     2 02-Jun-87 17:21 -- missing on master
(CURR11      :  32) LNKEB1.MAC    25 02-Jun-87 17:23 -- missing on master
(CURR11      :  32) CX6533.MAC     2 02-Jun-87 17:29 -- missing on master
(CURR11      :  32) RU2370.MAC     2 02-Jun-87 17:32 -- missing on master
(CURR11      :  32) RU3450.MAC     2 02-Jun-87 17:33 -- missing on master
(CURR11      :  32) RU4474.MAC     2 02-Jun-87 17:35 -- missing on master
(CURR11      :  32) ONCROM.MAC     7 02-Jun-87 17:35 -- missing on master
(CURR11      :  32) CG2396.MAC     2 02-Jun-87 17:39 -- missing on master
(CURR11      :  32) CG545D.MAC     2 02-Jun-87 17:39 -- missing on master
(CURR11      :  32) CG522B.MAC     2 02-Jun-87 17:48 -- missing on master
(CURR11      :  32) RU2352.MAC     2 02-Jun-87 18:07 -- missing on master
(CURR11      :  32) RU2377.MAC     2 02-Jun-87 18:07 -- missing on master
(CURR11      :  32) CG2344.MAC     2 02-Jun-87 18:13 -- missing on master
(CURR11      :  32) RUSRI2.MAC     2 02-Jun-87 18:19 -- missing on master
(CURR11      :  32) LKITPC.MAC    11 02-Jun-87 18:19 -- missing on master
(CURR11      :  32) RU2343.MAC     2 02-Jun-87 18:20 -- missing on master
(CURR11      :  32) DCP86.MAC     20 02-Jun-87 18:29 -- missing on master
(CURR11      :  32) KMCKOD.MAC    10 02-Jun-87 18:38 -- missing on master
(CURR11      :  32) RU522A.MAC     2 02-Jun-87 18:48 -- missing on master
(CURR11      :  32) CG674A.MAC     2 02-Jun-87 18:49 -- missing on master
(CURR11      :  32) MC641A.CMD     2 22-Mar-82 18:54 -- missing on master
(CURR11      :  32) RU421.MAC      2 29-Mar-82 16:13 -- missing on master
(CURR11      :  32) CG701.MAC      2 29-Mar-82 16:10 -- missing on master
(CURR11      :  32) MACLIS.CMD     2 29-Mar-82 15:55 -- missing on master
(CURR11      :  32) MACLH1.CMD     2 22-Mar-82 18:47 -- missing on master
(CURR11      :  32) RU554.MAC      2 29-Mar-82 15:53 -- missing on master
(CURR11      :  32) MC522.CMD      2 22-Mar-82 18:47 -- missing on master
(CURR11      :  32) SATMAC.CMD     2 29-Mar-82 15:42 -- missing on master
(CURR11      :  32) RESTCF.CMD     2 24-Mar-82 10:30 -- missing on master
(CURR11      :  32) RPG.INI        2 13-Apr-82 10:02 -- missing on master
(CURR11      :  32) CG555C.MAC     2 22-Mar-82 18:08 -- missing on master
(CURR11      :  32) LK641A.CMD     2 22-Mar-82 18:53 -- missing on master
(CURR11      :  32) CG555.MAC      2 13-May-82 11:38 -- missing on master
(CURR11      :  32) RU54.MAC       2 20-May-82 17:34 -- missing on master
(CURR11      :  32) CG350.MAC      2 22-Mar-83 15:52 -- missing on master
(CURR11      :  32) CG177.MAC      2 30-Aug-83 17:24 -- missing on master
(CURR11      :  32) LK566B.CMD     2 22-Mar-82 18:50 -- missing on master
(CURR11      :  32) MC566B.CMD     2 22-Mar-82 18:50 -- missing on master
(CURR11      :  32) LK377B.CMD     2 05-Apr-82 11:28 -- missing on master
(CURR11      :  32) MC377B.CMD     2 05-Apr-82 11:28 -- missing on master
(CURR11      :  32) MC2345.CMD     2 04-Oct-82 15:50 -- missing on master
(CURR11      :  32) LK2345.CMD     2 04-Oct-82 17:30 -- missing on master
(CURR11      :  32) ND2343.CMD     2 16-Mar-83 09:25 -- missing on master
(CURR11      :  32) RU167.MAC      2 24-May-84 15:07 -- missing on master
(CURR11      :  32) LK522.CMD      2 18-Aug-83 11:11 -- missing on master
(CURR11      :  32) MC556.CMD      2 21-Jun-82 14:36 -- missing on master
(CURR11      :  32) RU662.MAC      2 01-Sep-82 16:53 -- missing on master
(CURR11      :  32) LK556.CMD      2 14-Sep-82 12:07 -- missing on master
(CURR11      :  32) CG64.MAC       2 17-Aug-83 14:14 -- missing on master
(CURR11      :  32) MAIN.VUE       2 28-Aug-87 10:11 -- missing on master
(CURR11      :  32) CGX.MAC        3 15-Apr-86 16:09 -- missing on master
(CURR11      :  32) MC2354.CMD     2 04-Sep-84 10:01 -- missing on master
(CURR11      :  32) LK2397.CMD     2 07-Sep-85 13:59 -- missing on master
(CURR11      :  32) LK2354.CMD     2 07-Sep-85 14:00 -- missing on master
(CURR11      :  32) MCCARL.CMD     2 09-Jun-86 20:02 -- missing on master
(CURR11      :  32) MC2397.CMD     2 13-May-85 15:35 -- missing on master
(CURR11      :  32) EXEC.OBJ       3 08-Sep-86 11:08 -- missing on master
(CURR11      :  32) CMDTYM.OBJ     3 08-Sep-86 11:13 -- missing on master
(CURR11      :  32) CMDX28.OBJ     6 08-Sep-86 11:14 -- missing on master
(CURR11      :  32) CMDSST.OBJ     2 08-Sep-86 11:16 -- missing on master
(CURR11      :  32) TRMPST.OBJ     2 08-Sep-86 11:29 -- missing on master
(CURR11      :  32) NODLOD.SAV    26 17-Mar-82 15:05 -- missing on master
(CURR11      :  32) ABC.NIC        1 18-Mar-82 16:26 -- missing on master
(CURR11      :  32) LOAD11.SAV    26 30-Mar-82 14:27 -- missing on master
(CURR11      :  32) MP2770.MAP    21 10-Nov-86 14:35 -- missing on master
(CURR11      :  32) LK2346.CMD     2 15-Jul-86 15:40 -- missing on master
(CURR11      :  32) MC2346.CMD     2 15-Jul-86 15:44 -- missing on master
(CURR11      :  32) CG0115.MAC     2 02-Jun-87 16:59 -- missing on master
(CURR11      :  32) CG0115.OBJ    11 08-Sep-86 14:37 -- missing on master
(CURR11      :  32) XLTCAL.MAC     6 02-Jun-87 18:42 -- missing on master
(CURR11      :  32) XLTBCD.MAC     6 02-Jun-87 18:42 -- missing on master
(CURR11      :  32) AUTO7.MAC      7 02-Jun-87 18:01 -- missing on master
(CURR11      :  32) SATBLD.RNO     5 23-Mar-82 16:55 -- missing on master
(CURR11      :  32) LINC.MAC       7 02-Jun-87 16:32 -- missing on master
(CURR11      :  32) ZAPBUF.MAC     2 02-Jun-87 18:44 -- missing on master
(CURR11      :  32) FUNCSP.DOC     2 26-Oct-81 19:45 -- missing on master
(CURR11      :  32) EDIT.DOC       3 26-Oct-81 19:43 -- missing on master
(CURR11      :  32) NOEIS.MAC      2 02-Jun-87 18:45 -- missing on master
(CURR11      :  32) LNKHPR.MAC     5 02-Jun-87 18:18 -- missing on master
(CURR11      :  32) BDV.MAC       11 02-Jun-87 17:18 -- missing on master
(CURR11      :  32) LKBDUV.MAC     8 02-Jun-87 18:37 -- missing on master
(CURR11      :  32) STATUS.MAC    12 02-Jun-87 16:50 -- missing on master
(CURR11      :  32) XBDV.MAC       2 02-Jun-87 18:46 -- missing on master
(CURR11      :  32) DPVPR.MAC      2 02-Jun-87 18:52 -- missing on master
(CURR11      :  32) LNKHC.MAC     19 26-Oct-81 19:22 -- missing on master
(CURR11      :  32) LKHPK2.MAC    28 02-Jun-87 17:58 -- missing on master
(CURR11      :  32) TYMA.MAC       4 02-Jun-87 16:46 -- missing on master
(CURR11      :  32) TERMIN.LOG     2 30-May-84 11:13 -- missing on master
(CURR11      :  32) V2353.MAC      2 02-Jun-87 16:22 -- missing on master
(CURR11      :  32) LKIPK1.MAC    28 02-Jun-87 16:29 -- missing on master
(CURR11      :  32) CG5270.MAC     2 02-Jun-87 17:20 -- missing on master
(CURR11      :  32) RX6533.MAC     2 02-Jun-87 17:32 -- missing on master
(CURR11      :  32) RU4036.MAC     2 02-Jun-87 17:32 -- missing on master
(CURR11      :  32) RU3575.MAC     2 02-Jun-87 17:34 -- missing on master
(CURR11      :  32) RU6511.MAC     2 02-Jun-87 17:34 -- missing on master
(CURR11      :  32) MC4272.MAC     2 02-Jun-87 17:35 -- missing on master
(CURR11      :  32) CG2397.MAC     2 02-Jun-87 17:36 -- missing on master
(CURR11      :  32) RU2396.MAC     2 02-Jun-87 17:39 -- missing on master
(CURR11      :  32) RU545D.MAC     2 02-Jun-87 17:39 -- missing on master
(CURR11      :  32) LNKIB.MAC     22 02-Jun-87 17:45 -- missing on master
(CURR11      :  32) RU2353.MAC     2 02-Jun-87 17:48 -- missing on master
(CURR11      :  32) CG2345.MAC     2 02-Jun-87 18:19 -- missing on master
(CURR11      :  32) RU2344.MAC     2 02-Jun-87 18:20 -- missing on master
(CURR11      :  32) DMYTRM.MAC     2 02-Jun-87 18:20 -- missing on master
(CURR11      :  32) XPLIST.MAC    15 02-Jun-87 18:22 -- missing on master
(CURR11      :  32) DPVBOT.MAC    13 02-Jun-87 18:26 -- missing on master
(CURR11      :  32) MAC86.MAC      6 02-Jun-87 18:28 -- missing on master
(CURR11      :  32) KMCMAC.MAC     6 02-Jun-87 18:39 -- missing on master
(CURR11      :  32) RU674A.MAC     2 02-Jun-87 18:47 -- missing on master
(CURR11      :  32) RU522B.MAC     2 02-Jun-87 18:48 -- missing on master
(CURR11      :  32) CG641A.MAC     2 02-Jun-87 18:50 -- missing on master
(CURR11      :  32) CG103A.MAC     2 02-Jun-87 18:52 -- missing on master
(CURR11      :  32) MC732A.CMD     2 29-Mar-82 16:25 -- missing on master
(CURR11      :  32) MC1421.CMD     2 29-Mar-82 16:24 -- missing on master
(CURR11      :  32) LK732A.CMD     2 29-Mar-82 16:21 -- missing on master
(CURR11      :  32) SATSUM.CMD     2 29-Mar-82 16:19 -- missing on master
(CURR11      :  32) MC641B.CMD     2 22-Mar-82 18:53 -- missing on master
(CURR11      :  32) MC674.CMD      2 29-Mar-82 16:18 -- missing on master
(CURR11      :  32) LK674.CMD      2 29-Mar-82 16:17 -- missing on master
(CURR11      :  32) LK1421.CMD     2 29-Mar-82 16:14 -- missing on master
(CURR11      :  32) MC1662.CMD     2 29-Mar-82 16:13 -- missing on master
(CURR11      :  32) LK514.CMD      2 29-Mar-82 16:13 -- missing on master
(CURR11      :  32) MC514.CMD      2 29-Mar-82 16:12 -- missing on master
(CURR11      :  32) LK1662.CMD     2 26-May-82 10:27 -- missing on master
(CURR11      :  32) RU701.MAC      2 29-Mar-82 16:07 -- missing on master
(CURR11      :  32) LK676A.CMD     2 29-Mar-82 15:58 -- missing on master
(CURR11      :  32) MC676A.CMD     2 29-Mar-82 15:58 -- missing on master
(CURR11      :  32) MACLH2.CMD     2 22-Mar-82 18:47 -- missing on master
(CURR11      :  32) RU555.MAC      2 29-Mar-82 15:52 -- missing on master
(CURR11      :  32) MC470B.CMD     2 29-Mar-82 15:50 -- missing on master
(CURR11      :  32) MC557.CMD      2 22-Mar-82 18:46 -- missing on master
(CURR11      :  32) LK557.CMD      2 22-Mar-82 18:45 -- missing on master
(CURR11      :  32) RU555C.MAC     2 22-Mar-82 18:17 -- missing on master
(CURR11      :  32) MC377.CMD      2 07-May-82 10:17 -- missing on master
(CURR11      :  32) LK377.CMD      2 01-Feb-83 11:01 -- missing on master
(CURR11      :  32) LK641B.CMD     2 22-Mar-82 18:53 -- missing on master
(CURR11      :  32) LK470B.CMD     2 28-Apr-82 14:23 -- missing on master
(CURR11      :  32) MC467X.CMD     2 29-Jun-82 15:43 -- missing on master
(CURR11      :  32) MC764.CMD      2 01-Sep-82 16:49 -- missing on master
(CURR11      :  32) RU350.MAC      2 21-Oct-82 09:45 -- missing on master
(CURR11      :  32) LK467X.CMD     2 22-Mar-82 18:13 -- missing on master
(CURR11      :  32) MC210.CMD      2 14-Jul-83 17:28 -- missing on master
(CURR11      :  32) CG377B.MAC     2 23-Apr-82 15:51 -- missing on master
(CURR11      :  32) LK467.CMD      2 22-Mar-82 18:13 -- missing on master
(CURR11      :  32) MC467.CMD      2 22-Mar-82 18:13 -- missing on master
(CURR11      :  32) LK66.CMD       2 22-Mar-82 18:45 -- missing on master
(CURR11      :  32) MC66.CMD       2 22-Mar-82 18:46 -- missing on master
(CURR11      :  32) LK566.CMD      2 22-Mar-82 18:50 -- missing on master
(CURR11      :  32) MC566.CMD      2 22-Mar-82 18:53 -- missing on master
(CURR11      :  32) MC377X.CMD     2 05-Apr-82 11:32 -- missing on master
(CURR11      :  32) MC376D.CMD     2 21-Jul-82 20:35 -- missing on master
(CURR11      :  32) LK376D.CMD     2 21-Jul-82 20:40 -- missing on master
(CURR11      :  32) MC375S.CMD     2 08-Oct-82 17:06 -- missing on master
(CURR11      :  32) LK375S.CMD     2 08-Oct-82 17:07 -- missing on master
(CURR11      :  32) STATUS.OOB     4 24-May-84 13:08 -- missing on master
(CURR11      :  32) CG522.MAC      2 25-May-84 17:22 -- missing on master
(CURR11      :  32) MC167T.CMD     2 18-Aug-82 11:00 -- missing on master
(CURR11      :  32) LK4272.CMD     2 23-Aug-85 10:12 -- missing on master
(CURR11      :  32) LKIPK1.REL    27 30-Oct-85 16:54 -- missing on master
(CURR11      :  32) NEWLNK.LOG     5 30-Dec-85 15:31 -- missing on master
(CURR11      :  32) MACOBJ.CMD     2 18-Jul-86 10:29 -- missing on master
(CURR11      :  32) MC2355.CMD     2 06-Dec-84 09:56 -- missing on master
(CURR11      :  32) LK2355.CMD     2 22-Feb-85 12:47 -- missing on master
(CURR11      :  32) TRMST.OBJ      8 08-Sep-86 11:19 -- missing on master
(CURR11      :  32) AUTO7.OBJ      3 08-Sep-86 11:31 -- missing on master
(CURR11      :  32) LK2770.CMD     2 15-Jul-86 15:41 -- missing on master
(CURR11      :  32) MC2770.CMD     2 15-Jul-86 15:42 -- missing on master
(CURR11      :  32) ND0115.BND    24 09-Sep-86 09:20 -- missing on master
(CURR11      :  32) CG2346.MAC     2 02-Jun-87 16:59 -- missing on master
(CURR11      :  32) CG2346.OBJ    10 24-Apr-87 14:46 -- missing on master
(CURR11      :  32) SV6760.IMG    28 08-Sep-86 17:47 -- missing on master
(CURR11      :  32) MP6657.MAP    20 08-Sep-86 17:41 -- missing on master
(CURR11      :  32) RU0115.OBJ     2 08-Sep-86 14:38 -- missing on master
(CURR11      :  32) XLTEBC.MAC     6 02-Jun-87 18:41 -- missing on master
(CURR11      :  32) TYMB.MAC       2 02-Jun-87 18:31 -- missing on master
(CURR11      :  32) LINDPR.MAC     3 02-Jun-87 18:43 -- missing on master
(CURR11      :  32) LIND.MAC      12 02-Jun-87 18:52 -- missing on master
(CURR11      :  32) 3XDTPR.MAC     2 02-Jun-87 18:11 -- missing on master
(CURR11      :  32) CFGBAS.MEM     8 26-Oct-81 19:45 -- missing on master
(CURR11      :  32) GBSPEC.DOC     2 26-Oct-81 19:45 -- missing on master
(CURR11      :  32) LPA.MAC        5 02-Jun-87 18:12 -- missing on master
(CURR11      :  32) LTCTST.RNO     2 23-Mar-82 17:12 -- missing on master
(CURR11      :  32) LTCTST.MEM     2 26-Oct-81 19:43 -- missing on master
(CURR11      :  32) LTCTST.DOC     2 26-Oct-81 19:43 -- missing on master
(CURR11      :  32) BASCFG.MEM    10 08-Dec-82 11:49 -- missing on master
(CURR11      :  32) ARCTAP.DOC     2 26-Oct-81 19:41 -- missing on master
(CURR11      :  32) XB.MAC         3 02-Jun-87 18:45 -- missing on master
(CURR11      :  32) XPEND.MAC     13 26-Oct-81 19:40 -- missing on master
(CURR11      :  32) PKT1.MAC      10 02-Jun-87 16:44 -- missing on master
(CURR11      :  32) LKBDUP.MAC     8 02-Jun-87 18:40 -- missing on master
(CURR11      :  32) BASCFG.RNO     9 29-Nov-84 14:52 -- missing on master
(CURR11      :  32) BASCFG.DOC     9 03-Sep-82 09:19 -- missing on master
(CURR11      :  32) PKT1DB.MAC    10 02-Jun-87 16:54 -- missing on master
(CURR11      :  32) LKHPK3.MAC    12 02-Jun-87 18:02 -- missing on master
(CURR11      :  32) TRMP.MAC       9 02-Jun-87 16:43 -- missing on master
(CURR11      :  32) LNKBPR.MAC     3 02-Jun-87 18:52 -- missing on master
(CURR11      :  32) LNKB.MAC       8 02-Jun-87 18:36 -- missing on master
(CURR11      :  32) LNKF1.MAC      5 02-Jun-87 17:37 -- missing on master
(CURR11      :  32) XP.MAC        15 02-Jun-87 17:01 -sing on master
(CURR11      :  32) CMDS.MAC      10 02-Jun-87 17:37 -- missing on master
(CURR11      :  32) LOAD.MAC       7 02-Jun-87 17:53 -- missing on master
(CURR11      :  32) LNKIPR.MAC     5 02-Jun-87 17:42 -- missing on master
(CURR11      :  32) LNKI.MAC       8 26-Oct-81 19:23 -- missing on master
(CURR11      :  32) COMMON.MAC    55 02-Jun-87 16:23 -- missing on master
(CURR11      :  32) GENNOD.SAV    25 13-May-81 13:55 -- missing on master
(CURR11      :  32) GENNOD.SAI    16 13-May-81 13:54 -- missing on master
(CURR11      :  32) GENNOD.REL    19 24-Apr-81 15:19 -- missing on master
(CURR11      :  32) GENNOD.DOC     5 01-Apr-81 14:28 -- missing on master
(CURR11      :  32) GENNOD.V10    12 09-Mar-81 13:54 -- missing on master
(CURR11      :  32) GENSAT.SAI     5 02-Feb-81 15:44 -- missing on master
(CURR11      :  32) CG3203.MAC     2 02-Jun-87 16:23 -- missing on master
(CURR11      :  32) LKIPK2.MAC    40 02-Jun-87 16:33 -- missing on master
(CURR11      :  32) PADMGR.MAC    18 02-Jun-87 16:47 -- missing on master
(CURR11      :  32) CG3212.MAC     2 02-Jun-87 16:55 -- missing on master
(CURR11      :  32) DPVMXV.MAC    13 02-Jun-87 17:16 -- missing on master
(CURR11      :  32) CG5557.MAC     2 02-Jun-87 17:21 -- missing on master
(CURR11      :  32) CG4650.MAC     2 02-Jun-87 17:21 -- missing on master
(CURR11      :  32) CG4272.MAC     2 02-Jun-87 17:21 -- missing on master
(CURR11      :  32) CG6745.MAC     2 02-Jun-87 17:25 -- missing on master
(CURR11      :  32) CG5271.MAC     2 02-Jun-87 17:25 -- missing on master
(CURR11      :  32) CG5514.MAC     2 02-Jun-87 17:25 -- missing on master
(CURR11      :  32) CG3273.MAC     2 02-Jun-87 17:25 -- missing on master
(CURR11      :  32) RU5270.MAC     2 02-Jun-87 17:33 -- missing on master
(CURR11      :  32) CG2355.MAC     2 02-Jun-87 17:37 -- missing on master
(CURR11      :  32) ERRROM.MAC     6 02-Jun-87 17:40 -- missing on master
(CURR11      :  32) CG375S.MAC     2 02-Jun-87 18:19 -- missing on master
(CURR11      :  32) RU2345.MAC     2 02-Jun-87 18:19 -- missing on master
(CURR11      :  32) CG167T.MAC     2 02-Jun-87 18:25 -- missing on master
(CURR11      :  32) DCP11.MAC     14 02-Jun-87 18:26 -- missing on master
(CURR11      :  32) CG376D.MAC     2 02-Jun-87 18:27 -- missing on master
(CURR11      :  32) CG470B.MAC     2 02-Jun-87 18:34 -- missing on master
(CURR11      :  32) CG1421.MAC     2 02-Jun-87 18:47 -- missing on master
(CURR11      :  32) RU641A.MAC     2 02-Jun-87 18:49 -- missing on master
(CURR11      :  32) CG641B.MAC     2 02-Jun-87 18:49 -- missing on master
(CURR11      :  32) PKT1Q.MAC     10 02-Jun-87 18:50 -- missing on master
(CURR11      :  32) CG732A.MAC     2 02-Jun-87 17:13 -- missing on master
(CURR11      :  32) MC641.CMD      2 29-Mar-82 16:22 -- missing on master
(CURR11      :  32) CG1662.MAC     2 29-Mar-82 16:14 -- missing on master
(CURR11      :  32) MC1663.CMD     2 23-Mar-82 17:23 -- missing on master
(CURR11      :  32) MC76.CMD       2 22-Mar-82 18:53 -- missing on master
(CURR11      :  32) LK76.CMD       2 22-Mar-82 18:32 -- missing on master
(CURR11      :  32) LK1663.CMD     2 23-Mar-82 17:24 -- missing on master
(CURR11      :  32) MC470.CMD      2 29-Mar-82 16:11 -- missing on master
(CURR11      :  32) MACLH3.CMD     2 22-Mar-82 18:48 -- missing on master
(CURR11      :  32) LK641.CMD      2 29-Mar-82 15:28 -- missing on master
(CURR11      :  32) RU522.MAC      2 29-Mar-82 15:51 -- missing on master
(CURR11      :  32) LK470.CMD      2 24-Feb-82 20:35 -- missing on master
(CURR11      :  32) LK1440.CMD     2 22-Mar-82 18:45 -- missing on master
(CURR11      :  32) MC1440.CMD     2 22-Mar-82 18:45 -- missing on master
(CURR11      :  32) MC103X.CMD     2 29-Mar-82 15:30 -- missing on master
(CURR11      :  32) LK103X.CMD     2 29-Mar-82 15:30 -- missing on master
(CURR11      :  32) CG514.MAC      2 30-Mar-82 17:29 -- missing on master
(CURR11      :  32) MC515.CMD      2 29-Mar-82 15:37 -- missing on master
(CURR11      :  32) CG377.MAC      2 23-Nov-83 11:38 -- missing on master
(CURR11      :  32) MNOD.LRC       6 28-Apr-82 17:49 -- missing on master
(CURR11      :  32) LK515.CMD      2 29-Mar-82 15:37 -- missing on master
(CURR11      :  32) CG467X.MAC     2 29-Jun-82 16:28 -- missing on master
(CURR11      :  32) CG557.MAC      2 30-Mar-82 16:41 -- missing on master
(CURR11      :  32) CG764.MAC      2 06-Jan-83 09:29 -- missing on master
(CURR11      :  32) CG674.MAC      2 29-Mar-82 15:32 -- missing on master
(CURR11      :  32) CG210.MAC      2 17-Aug-83 13:48 -- missing on master
(CURR11      :  32) RU377B.MAC     2 23-Apr-82 15:51 -- missing on master
(CURR11      :  32) LK67.CMD       2 22-Mar-82 18:51 -- missing on master
(CURR11      :  32) MC67.CMD       2 22-Mar-82 18:51 -- missing on master
(CURR11      :  32) LK397B.CMD     2 17-May-82 11:42 -- missing on master
(CURR11      :  32) LKIPK2.BAK    39 04-Nov-85 13:31 -- missing on master
(CURR11      :  32) CG3203.BAK     2 16-Jul-86 18:01 -- missing on master
(CURR11      :  32) LK6657.CMD     2 15-Jul-86 15:42 -- missing on master
(CURR11      :  32) MC6657.CMD     2 15-Jul-86 15:42 -- missing on master
(CURR11      :  32) CG2770.MAC     2 02-Jun-87 16:22 -- missing on master
(CURR11      :  32) SV665A        27 24-Jul-86 20:53 -- missing on master
(CURR11      :  32) CG2770.NBJ    12 10-Nov-86 14:32 -- missing on master
(CURR11      :  32) RU2346.OBJ     2 24-Apr-87 14:46 -- missing on master
(CURR11      :  32) 4XDTPR.MAC     2 02-Jun-87 18:44 -- missing on master
(CURR11      :  32) LKGQAL.MAC    14 02-Jun-87 18:44 -- missing on master
(CURR11      :  32) BUGPR.MAC      2 02-Jun-87 18:44 -- missing on master
(CURR11      :  32) GBFUNC.DOC     4 26-Oct-81 19:45 -- missing on master
(CURR11      :  32) CMDT.MAC       4 02-Jun-87 18:44 -- missing on master
(CURR11      :  32) NTDRV.DOC      9 26-Oct-81 19:43 -- missing on master
(CURR11      :  32) NTDRV.RNO      9 23-Mar-82 17:11 -- missing on master
(CURR11      :  32) NTDRV.MEM      8 26-Oct-81 19:42 -- missing on master
(CURR11      :  32) NEXMGR.RNO    16 26-Oct-81 19:41 -- missing on master
(CURR11      :  32) NEXMGR.MEM    19 26-Oct-81 19:41 -- missing on master
(CURR11      :  32) BUG.MAC        2 02-Jun-87 18:45 -- missing on master
(CURR11      :  32) LKHPKP.MAC     4 26-Oct-81 19:40 -- missing on master
(CURR11      :  32) SUBNET.MAC     2 26-Oct-81 19:40 -- missing on master
(CURR11      :  32) NODLOG.DOC     7 18-Jul-86 15:24 -- missing on master
(CURR11      :  32) CMDSAT.MAC     4 02-Jun-87 17:44 -- missing on master
(CURR11      :  32) CFGLST.DIR     2 26-Oct-81 19:31 -- missing on master
(CURR11      :  32) END.MAC        2 02-Jun-87 18:03 -- missing on master
(CURR11      :  32) PKT2.MAC      20 02-Jun-87 16:36 -- missing on master
(CURR11      :  32) PKT2DB.MAC    18 02-Jun-87 16:54 -- missing on master
(CURR11      :  32) XRAY.DOC      19 26-Oct-81 19:28 -- missing on master
(CURR11      :  32) LNKF2.MAC      6 02-Jun-87 18:09 -- missing on master
(CURR11      :  32) LNKC.MAC      10 02-Jun-87 17:40 -- missing on master
(CURR11      :  32) LKIDPV.MAC     8 26-Oct-81 19:23 -- missing on master
(CURR11      :  32) TEMP.MAC       2 29-Aug-81 11:48 -- missing on master
(CURR11      :  32) GENCMD.SAI     4 03-Mar-81 11:13 -- missing on master
(CURR11      :  32) JWRTAP.TAP     2 10-Feb-81 13:32 -- missing on master
(CURR11      :  32) LKBDPV.MAC     8 02-Jun-87 18:40 -- missing on master
(CURR11      :  32) TRM.MAC       42 02-Jun-87 16:38 -- missing on master
(CURR11      :  32) CGSCO1.MAC     3 02-Jun-87 16:42 -- missing on master
(CURR11      :  32) RU3212.MAC     2 02-Jun-87 16:55 -- missing on master
(CURR11      :  32) CG3213.MAC     2 02-Jun-87 16:55 -- missing on master
(CURR11      :  32) CG0277.MAC     2 02-Jun-87 17:05 -- missing on master
(CURR11      :  32) CMDT28.MAC     5 02-Jun-87 17:12 -- missing on master
(CURR11      :  32) CG2356.MAC     2 02-Jun-87 17:13 -- missing on master
(CURR11      :  32) SCCHPR.MAC     2 02-Jun-87 17:13 -- missing on master
(CURR11      :  32) X28PR.MAC      2 02-Jun-87 17:32 -- missing on master
(CURR11      :  32) RU4650.MAC     2 02-Jun-87 17:33 -- missing on master
(CURR11      :  32) RU3273.MAC     2 02-Jun-87 17:34 -- missing on master
(CURR11      :  32) RU6745.MAC     2 02-Jun-87 17:34 -- missing on master
(CURR11      :  32) RU5557.MAC     2 02-Jun-87 17:35 -- missing on master
(CURR11      :  32) RU5271.MAC     2 02-Jun-87 17:35 -- missing on master
(CURR11      :  32) RU5514.MAC     2 02-Jun-87 17:35 -- missing on master
(CURR11      :  32) RU4272.MAC     2 02-Jun-87 17:35 -- missing on master
(CURR11      :  32) RU2355.MAC     2 02-Jun-87 17:39 -- missing on master
(CURR11      :  32) CG2347.MAC     2 02-Jun-87 17:53 -- missing on master
(CURR11      :  32) CG376S.MAC     2 02-Jun-87 18:15 -- missing on master
(CURR11      :  32) RU375S.MAC     2 02-Jun-87 18:19 -- missing on master
(CURR11      :  32) CG2340.MAC     2 02-Jun-87 18:20 -- missing on master
(CURR11      :  32) RU167T.MAC     2 02-Jun-87 18:25 -- missing on master
(CURR11      :  32) RU376D.MAC     2 02-Jun-87 18:27 -- missing on master
(CURR11      :  32) COMOBS.MAC     5 02-Jun-87 18:29 -- missing on master
(CURR11      :  32) DCPX.MAC       5 02-Jun-87 18:31 -- missing on master
(CURR11      :  32) RU732A.MAC     2 02-Jun-87 18:47 -- missing on master
(CURR11      :  32) RU1421.MAC     2 02-Jun-87 18:47 -- missing on master
(CURR11      :  32) CG1440.MAC     2 02-Jun-87 18:49 -- missing on master
(CURR11      :  32) RU641B.MAC     2 02-Jun-87 18:49 -- missing on master
(CURR11      :  32) RU470B.MAC     2 02-Jun-87 18:50 -- missing on master
(CURR11      :  32) MC642.CMD      2 23-Mar-82 17:01 -- missing on master
(CURR11      :  32) MC1376.CMD     2 29-Mar-82 16:21 -- missing on master
(CURR11      :  32) RU674.MAC      2 29-Mar-82 16:18 -- missing on master
(CURR11      :  32) CG1663.MAC     2 23-Mar-82 17:22 -- missing on master
(CURR11      :  32) RU1662.MAC     2 29-Mar-82 16:14 -- missing on master
(CURR11      :  32) RU514.MAC      2 29-Mar-82 16:10 -- missing on master
(CURR11      :  32) LK1376.CMD     2 29-Mar-82 15:19 -- missing on master
(CURR11      :  32) MC543.CMD      2 29-Mar-82 15:59 -- missing on master
(CURR11      :  32) MC676.CMD      2 29-Mar-82 15:56 -- missing on master
(CURR11      :  32) CG76.MAC       2 22-Mar-82 18:27 -- missing on master
(CURR11      :  32) RU557.MAC      2 29-Mar-82 15:52 -- missing on master
(CURR11      :  32) MC552.CMD      2 04-Nov-83 17:19 -- missing on master
(CURR11      :  32) LK1441.CMD     2 22-Mar-82 18:45 -- missing on master
(CURR11      :  32) MC1441.CMD     2 22-Mar-82 18:45 -- missing on master
(CURR11      :  32) RESTLN.CMD     2 24-Mar-82 13:18 -- missing on master
(CURR11      :  32) DCP.MEM       10 30-Mar-82 17:50 -- missing on master
(CURR11      :  32) MC397X.CMD     2 23-Mar-82 15:17 -- missing on master
(CURR11      :  32) LK397X.CMD     2 23-Mar-82 15:19 -- missing on master
(CURR11      :  32) LK397.CMD      2 17-May-82 11:06 -- missing on master
(CURR11      :  32) RU377.MAC      2 01-Feb-83 11:17 -- missing on master
(CURR11      :  32) CG470.MAC      2 18-May-82 15:53 -- missing on master
(CURR11      :  32) CG641.MAC      2 29-Mar-82 15:25 -- missing on master
(CURR11      :  32) CG515.MAC      2 07-Apr-82 11:11 -- missing on master
(CURR11      :  32) LK103Y.CMD     2 29-Mar-82 15:29 -- missing on master
(CURR11      :  32) MC103Y.CMD     2 29-Mar-82 15:29 -- missing on master
(CURR11      :  32) CG103X.MAC     2 29-Mar-82 15:30 -- missing on master
(CURR11      :  32) LK545A.CMD     2 26-Jan-83 10:30 -- missing on master
(CURR11      :  32) MC104.CMD      2 21-Mar-83 12:06 -- missing on master
(CURR11      :  32) RU210.MAC      2 11-Aug-83 14:16 -- missing on master
(CURR11      :  32) RU370.MAC      2 06-Oct-83 09:36 -- missing on master
(CURR11      :  32) LK732.CMD      2 10-Feb-84 16:13 -- missing on master
(CURR11      :  32) CG396.MAC      2 29-Nov-85 16:09 -- missing on master
(CURR11      :  32) LK67D.CMD      2 22-Mar-82 18:51 -- missing on master
(CURR11      :  32) MC67D.CMD      2 22-Mar-82 18:51 -- missing on master
(CURR11      :  32) MC2341.CMD     2 24-Sep-82 10:01 -- missing on master
(CURR11      :  32) LK2341.CMD     2 29-Aug-86 11:46 -- missing on master
(CURR11      :  32) XXXCFG.CMD     2 26-May-84 16:55 -- missing on master
(CURR11      :  32) XXXLST.CMD     2 07-Jun-84 13:16 -- missing on master
(CURR11      :  32) 065TEL.BAK     2 28-Aug-87 10:10 -- missing on master
(CURR11      :  32) CG6657.OBJ    13 08-Sep-86 16:10 -- missing on master
(CURR11      :  32) MP6760.MAP    21 08-Sep-86 17:47 -- missing on master
(CURR11      :  32) CG6657.MAC     2 02-Jun-87 16:20 -- missing on master
(CURR11      :  32) RU2770.NBJ     2 10-Nov-86 14:35 -- missing on master
(CURR11      :  32) SV0115.IMG    26 08-Sep-86 17:58 -- missing on master
(CURR11      :  32) XLTCRS.MAC     6 02-Jun-87 18:41 -- missing on master
(CURR11      :  32) LNKD.MAC      15 02-Jun-87 18:13 -- missing on master
(CURR11      :  32) CRCTAB.MAC     2 02-Jun-87 18:43 -- missing on master
(CURR11      :  32) NOZAP.MAC      2 02-Jun-87 18:44 -- missing on master
(CURR11      :  32) BASEPR.MAC     2 02-Jun-87 18:51 -- missing on master
(CURR11      :  32) MNODE.DOC      2 26-Oct-81 19:46 -- missing on master
(CURR11      :  32) NEXV43.DOC     2 26-Oct-81 19:45 -- missing on master
(CURR11      :  32) PKT3.MAC      10 02-Jun-87 18:44 -- missing on master
(CURR11      :  32) RMTLOD.DOC     2 26-Oct-81 19:43 -- missing on master
(CURR11      :  32) LKEPKT.MAC    31 02-Jun-87 17:07 -- missing on master
(CURR11      :  32) DBUGPR.MAC     2 02-Jun-87 18:51 -- missing on master
(CURR11      :  32) ROUTE.MAC      4 02-Jun-87 17:43 -- missing on master
(CURR11      :  32) LNKIS.MAC      9 26-Oct-81 19:27 -- missing on master
(CURR11      :  32) LNKBS.MAC      9 02-Jun-87 18:34 -- missing on master
(CURR11      :  32) XMXV.MAC       2 02-Jun-87 18:52 -- missing on master
(CURR11      :  32) MXV.MAC       12 02-Jun-87 17:17 -- missing on master
(CURR11      :  32) LINF.MAC       6 02-Jun-87 17:47 -- missing on master
(CURR11      :  32) ND2770.BND    22 14-Apr-86 23:28 -- missing on master
(CURR11      :  32) RU2770.MAC     2 02-Jun-87 17:05 -- missing on master
(CURR11      :  32) CG6533.MAC     2 02-Jun-87 16:21 -- missing on master
(CURR11      :  32) CG4600.MAC     2 02-Jun-87 16:21 -- missing on master
(CURR11      :  32) CG7703.MAC     3 02-Jun-87 16:23 -- missing on master
(CURR11      :  32) CG2341.MAC     2 02-Jun-87 16:31 -- missing on master
(CURR11      :  32) RUSCOT.MAC     2 02-Jun-87 16:42 -- missing on master
(CURR11      :  32) CGSCO2.MAC     3 02-Jun-87 16:42 -- missing on master
(CURR11      :  32) TEST69.MAC     2 02-Jun-87 16:44 -- missing on master
(CURR11      :  32) RU3213.MAC     2 02-Jun-87 16:55 -- missing on master
(CURR11      :  32) RU0277.MAC     2 02-Jun-87 17:05 -- missing on master
(CURR11      :  32) RU2356.MAC     2 02-Jun-87 17:13 -- missing on master
(CURR11      :  32) LNKEB.MAC     37 02-Jun-87 17:13 -- missing on master
(CURR11      :  32) ATCPR.MAC      2 02-Jun-87 17:16 -- missing on master
(CURR11      :  32) CG2413.MAC     2 02-Jun-87 17:25 -- missing on master
(CURR11      :  32) CG554A.MAC     2 02-Jun-87 17:32 -- missing on master
(CURR11      :  32) NOLNKI.MAC     2 02-Jun-87 17:36 -- missing on master
(CURR11      :  32) CG545A.MAC     2 02-Jun-87 17:39 -- missing on master
(CURR11      :  32) CG2350.MAC     2 02-Jun-87 17:41 -- missing on master
(CURR11      :  32) LNKF3.MAC      5 02-Jun-87 18:09 -- missing on master
(CURR11      :  32) TSSCBZ.MAC     2 02-Jun-87 18:11 -- missing on master
(CURR11      :  32) CG1200.MAC     2 02-Jun-87 18:13 -- missing on master
(CURR11      :  32) RU376S.MAC     2 02-Jun-87 18:19 -- missing on master
(CURR11      :  32) RU2347.MAC     2 02-Jun-87 18:19 -- missing on master
(CURR11      :  32) RU2340.MAC     2 02-Jun-87 18:20 -- missing on master
(CURR11      :  32) 5XDTPR.MAC     2 02-Jun-87 18:25 -- missing on master
(CURR11      :  32) RU1440.MAC     2 02-Jun-87 18:49 -- missing on master
(CURR11      :  32) CG1441.MAC     2 02-Jun-87 18:49 -- missing on master
(CURR11      :  32) CG1376.MAC     2 02-Jun-87 18:50 -- missing on master
(CURR11      :  32) CG103Y.MAC     2 02-Jun-87 18:52 -- missing on master
(CURR11      :  32) MC364.CMD      2 29-Mar-82 16:19 -- missing on master
(CURR11      :  32) LK364.CMD      2 29-Mar-82 16:19 -- missing on master
(CURR11      :  32) RU1663.MAC     2 23-Mar-82 17:22 -- missing on master
(CURR11      :  32) RU76.MAC       2 22-Mar-82 18:52 -- missing on master
(CURR11      :  32) CHKSUM.CMD     2 30-Mar-82 17:46 -- missing on master
(CURR11      :  32) MC751.CMD      2 23-Mar-82 18:03 -- missing on master
(CURR11      :  32) LK751.CMD      2 23-Mar-82 18:03 -- missing on master
(CURR11      :  32) RU641.MAC      2 29-Mar-82 15:28 -- missing on master
(CURR11      :  32) RU470.MAC      2 29-Mar-82 15:51 -- missing on master
(CURR11      :  32) MC1030.CMD     2 29-Mar-82 15:49 -- missing on master
(CURR11      :  32) LK1030.CMD     2 29-Mar-82 15:48 -- missing on master
(CURR11      :  32) MC625.CMD      2 29-Mar-82 11:30 -- missing on master
(CURR11      :  32) MC213.CMD      2 29-Mar-82 11:30 -- missing on master
(CURR11      :  32) LK625.CMD      2 29-Mar-82 11:33 -- missing on master
(CURR11      :  32) LK213.CMD      2 29-Mar-82 11:37 -- missing on master
(CURR11      :  32) RU515.MAC      2 07-Apr-82 11:35 -- missing on master
(CURR11      :  32) CG397X.MAC     2 23-Mar-82 15:34 -- missing on master
(CURR11      :  32) CG397.MAC      2 17-May-82 11:05 -- missing on master
(CURR11      :  32) LK397D.CMD     2 22-Mar-82 17:43 -- missing on master
(CURR11      :  32) ASMTMP.CMD     2 25-Mar-82 22:31 -- missing on master
(CURR11      :  32) MC553.CMD      2 22-Mar-82 18:40 -- missing on master
(CURR11      :  32) LK553.CMD      2 22-Mar-82 18:32 -- missing on master
(CURR11      :  32) TLM.BOX        3 22-Feb-83 11:43 -- missing on master
(CURR11      :  32) LK377T.CMD     2 23-Feb-83 12:59 -- missing on master
(CURR11      :  32) LK54B.CMD      2 20-May-82 17:38 -- missing on master
(CURR11      :  32) CG54A.MAC      3 20-May-82 17:39 -- missing on master
(CURR11      :  32) MC54B.CMD      2 20-May-82 18:02 -- missing on master
(CURR11      :  32) CG642.MAC      2 20-Oct-83 17:12 -- missing on master
(CURR11      :  32) RU396.MAC      2 29-Nov-85 16:08 -- missing on master

;;OPR: - System X32 will leave timesharing in 5 minutes /CW

;;OPR: - System going down for emergency maint.
(CURR11      :  32) LKSRI1.CMD     2 22-Mar-82 18:50 -- missing on master
(CURR11      :  32) MCSRI1.CMD     2 22-Mar-82 18:51 -- missing on master
(CURR11      :  32) MC2342.CMD     2 24-Sep-82 10:31 -- missing on master
(CURR11      :  32) MC2351.CMD     2 20-May-83 11:40 -- missing on master
(CURR11      :  32) LD2342.CMD     2 08-Nov-83 17:26 -- missing on master
(CURR11      :  32) LK2342.CMD     2 05-Aug-86 15:40 -- missing on master
(CURR11      :  32) MACLST.CMD     2 07-Jun-84 13:06 -- missing on master
(CURR11      :  32) LK132.CMD      2 08-Dec-82 17:21 -- missing on master
(CURR11      :  32) MC3717.CMD     2 11-Jun-85 16:40 -- missing on master
(CURR11      :  32) CG676.MAC      2 13-Aug-82 16:19 -- missing on master
(CURR11      :  32) MCCEC1.CMD     2 05-Dec-83 12:14 -- missing on master
(CURR11      :  32) LKCEC1.CMD     2 26-Mar-84 12:11 -- missing on master
(CURR11      :  32) CG212.MAC      2 09-Dec-83 09:23 -- missing on master
(CURR11      :  32) CG104.MAC      2 24-Jun-85 16:15 -- missing on master
(CURR11      :  32) MC5274.CMD     2 03-Sep-85 15:50 -- missing on master
(CURR11      :  32) LK5274.CMD     2 03-Sep-85 15:51 -- missing on master
(CURR11      :  32) MC377T.CMD     2 19-Mar-75 17:00 -- missing on master
(CURR11      :  32) DIR            1 12-Jun-86 14:44 -- missing on master
(CURR11      :  32) LK2351.CMD     2 24-May-84 15:36 -- missing on master
(CURR11      :  32) TRMFST.OBJ     4 08-Sep-86 11:23 -- missing on master
(CURR11      :  32) TRMTST.OBJ     3 08-Sep-86 11:27 -- missing on master
(CURR11      :  32) ND6657.BND    24 09-Sep-86 09:19 -- missing on master
(CURR11      :  32) RU6657.OBJ     2 08-Sep-86 16:13 -- missing on master
(CURR11      :  32) LK6760.CMD     2 15-Jul-86 15:40 -- missing on master
(CURR11      :  32) MC6760.CMD     2 15-Jul-86 15:40 -- missing on master
(CURR11      :  32) SV2346.IMG    19 24-Apr-87 15:06 -- missing on master
(CURR11      :  32) PKT3D.MAC      2 02-Jun-87 18:51 -- missing on master
(CURR11      :  32) LNKRSP.MAC     3 02-Jun-87 18:42 -- missing on master
(CURR11      :  32) LIND1.MAC      8 02-Jun-87 18:43 -- missing on master
(CURR11      :  32) CRCBIT.MAC     2 02-Jun-87 18:43 -- missing on master
(CURR11      :  32) TPCPR.MAC      2 02-Jun-87 18:52 -- missing on master
(CURR11      :  32) KSBCFG.RNO     4 23-Mar-82 17:03 -- missing on master
(CURR11      :  32) AUTO45.MAC     3 02-Jun-87 18:04 -- missing on master
(CURR11      :  32) KSBCFG.MEM     5 26-Oct-81 19:43 -- missing on master
(CURR11      :  32) PROBLM.DOC     3 26-Oct-81 19:41 -- missing on master
(CURR11      :  32) KMCDDT.MAC    10 02-Jun-87 18:45 -- missing on master
(CURR11      :  32) LNKFLG.MAC     3 02-Jun-87 18:32 -- missing on master
(CURR11      :  32) LK167.XDT      2 26-Oct-81 19:38 -- missing on master
(CURR11      :  32) DCPINI.MAC     3 02-Jun-87 18:45 -- missing on master
(CURR11      :  32) MAIL.BOX       2 23-Mar-82 17:35 -- missing on master
(CURR11      :  32) LNKE.MAC      25 02-Jun-87 18:15 -- missing on master
(CURR11      :  32) LODDUM.MAC     2 02-Jun-87 18:38 -- missing on master
(CURR11      :  32) LKBDCP.MAC    11 02-Jun-87 18:23 -- missing on master
(CURR11      :  32) JUNK.MAC       6 29-Aug-81 11:20 -- missing on master
(CURR11      :  32) GENBAS.SAV    22 15-May-81 12:26 -- missing on master
(CURR11      :  32) GENBAS.REL    17 15-May-81 12:25 -- missing on master
(CURR11      :  32) GENBAS.SAI    12 15-May-81 12:25 -- missing on master
(CURR11      :  32) 3              6 08-May-81 08:01 -- missing on master
(CURR11      :  32) ALLLNK.39C     2 19-Apr-82 10:18 -- missing on master
(CURR11      :  32) ALLLNK.CMD     2 08-Sep-86 10:37 -- missing on master
(CURR11      :  32) RU7703.MAC     2 02-Jun-87 16:22 -- missing on master
(CURR11      :  32) LING.MAC       7 02-Jun-87 16:28 -- missing on master
(CURR11      :  32) SCCPR.MAC      2 02-Jun-87 16:29 -- missing on master
(CURR11      :  32) CGSCO3.MAC     3 02-Jun-87 16:42 -- missing on master
(CURR11      :  32) CG5303.MAC     2 02-Jun-87 16:43 -- missing on master
(CURR11      :  32) AUTO11.MAC     8 02-Jun-87 16:46 -- missing on master
(CURR11      :  32) CGSRI1.MAC     2 02-Jun-87 16:53 -- missing on master
(CURR11      :  32) RUOLAB.MAC     4 02-Jun-87 17:03 -- missing on master
(CURR11      :  32) ATCRPR.MAC     2 02-Jun-87 17:07 -- missing on master
(CURR11      :  32) CG2342.MAC     2 02-Jun-87 17:13 -- missing on master
(CURR11      :  32) CG5274.MAC     2 02-Jun-87 17:20 -- missing on master
(CURR11      :  32) CG5733.MAC     2 02-Jun-87 17:20 -- missing on master
(CURR11      :  32) CG6534.MAC     2 02-Jun-87 17:20 -- missing on master
(CURR11      :  32) CG3717.MAC     2 02-Jun-87 17:21 -- missing on master
(CURR11      :  32) CG3357.MAC     2 02-Jun-87 17:22 -- missing on master
(CURR11      :  32) RU4600.MAC     2 02-Jun-87 17:34 -- missing on master
(CURR11      :  32) RU2413.MAC     2 02-Jun-87 17:34 -- missing on master
(CURR11      :  32) CG545B.MAC     2 02-Jun-87 17:39 -- missing on master
(CURR11      :  32) RU545A.MAC     2 02-Jun-87 17:39 -- missing on master
(CURR11      :  32) RU2350.MAC     2 02-Jun-87 17:42 -- missing on master
(CURR11      :  32) RU2341.MAC     2 02-Jun-87 17:45 -- missing on master
(CURR11      :  32) CGCEC1.MAC     3 02-Jun-87 17:48 -- missing on master
(CURR11      :  32) CG2351.MAC     2 02-Jun-87 17:49 -- missing on master
(CURR11      :  32) ROMPR.MAC      2 02-Jun-87 18:03 -- missing on master
(CURR11      :  32) RDXTAP.MAC     2 02-Jun-87 18:08 -- missing on master
(CURR11      :  32) RU1200.MAC     2 02-Jun-87 18:13 -- missing on master
(CURR11      :  32) CG1030.MAC     2 02-Jun-87 18:25 -- missing on master
(CURR11      :  32) MPX.MAC        4 02-Jun-87 18:28 -- missing on master
(CURR11      :  32) KMCSUB.MAC     8 02-Jun-87 18:38 -- missing on master
(CURR11      :  32) RU1376.MAC     2 02-Jun-87 18:47 -- missing on master
(CURR11      :  32) RU1441.MAC     2 02-Jun-87 18:49 -- missing on master
(CURR11      :  32) RU732.MAC      2 29-Mar-82 16:25 -- missing on master
(CURR11      :  32) MC167.CMD      2 24-Mar-82 18:15 -- missing on master
(CURR11      :  32) RU642.MAC      2 23-Mar-82 17:01 -- missing on master
(CURR11      :  32) MC421.CMD      2 29-Mar-82 16:14 -- missing on master
(CURR11      :  32) LK421.CMD      2 29-Mar-82 16:13 -- missing on master
(CURR11      :  32) RU676.MAC      2 29-Mar-82 15:57 -- missing on master
(CURR11      :  32) RU552.MAC      2 29-Mar-82 15:51 -- missing on master
(CURR11      :  32) MC522A.CMD     2 22-Mar-82 18:40 -- missing on master
(CURR11      :  32) LK522A.CMD     2 10-May-82 17:06 -- missing on master
(CURR11      :  32) RU397X.MAC     2 23-Mar-82 14:32 -- missing on master
(CURR11      :  32) RU397.MAC      2 09-Jun-82 14:16 -- missing on master
(CURR11      :  32) LK555P.CMD     2 22-Mar-82 18:21 -- missing on master
(CURR11      :  32) MC555P.CMD     2 22-Mar-82 18:21 -- missing on master
(CURR11      :  32) CG364.MAC      2 11-Jun-82 09:24 -- missing on master
(CURR11      :  32) MC554.CMD      2 15-Dec-82 14:37 -- missing on master
(CURR11      :  32) CG377T.MAC     2 23-Feb-83 12:56 -- missing on master
(CURR11      :  32) MC54.CMD       2 20-May-82 17:35 -- missing on master
(CURR11      :  32) LK54.CMD       2 20-May-82 17:36 -- missing on master
(CURR11      :  32) RU54A.MAC      2 20-May-82 17:40 -- missing on master
(CURR11      :  32) CG54B.MAC      2 20-May-82 17:41 -- missing on master
(CURR11      :  32) CG625.MAC      2 17-Aug-83 11:11 -- missing on master
(CURR11      :  32) CG213.MAC      2 17-Aug-83 13:55 -- missing on master
(CURR11      :  32) CG751.MAC      2 17-Aug-83 14:22 -- missing on master
(CURR11      :  32) LK2377.CMD     2 13-Jul-83 11:31 -- missing on master
(CURR11      :  32) MC2343.CMD     2 24-Sep-82 10:33 -- missing on master
(CURR11      :  32) LK2343.CMD     2 23-Nov-82 12:13 -- missing on master
(CURR11      :  32) MC2377.CMD     2 13-Jul-83 11:30 -- missing on master
(CURR11      :  32) MC2352.CMD     2 08-Aug-83 14:42 -- missing on master
(CURR11      :  32) LK2352.CMD     2 23-Feb-84 21:05 -- missing on master
(CURR11      :  32) MCSCO4.CMD     2 28-May-84 22:52 -- missing on master
(CURR11      :  32) LKSCO4.CMD     2 28-May-84 22:53 -- missing on master
(CURR11      :  32) LK545X.CMD     2 13-Jun-84 15:13 -- missing on master
(CURR11      :  32) RU543.MAC      2 20-Jul-84 10:25 -- missing on master
(CURR11      :  32) CG132.MAC      2 27-Feb-85 09:16 -- missing on master
(CURR11      :  32) MC662.CMD      2 01-Sep-82 16:53 -- missing on master
(CURR11      :  32) LK662.CMD      2 01-Sep-82 16:54 -- missing on master
(CURR11      :  32) MCSRI2.CMD     2 05-Oct-82 17:29 -- missing on master
(CURR11      :  32) LKSRI2.CMD     2 05-Oct-82 17:31 -- missing on master
(CURR11      :  32) MC6535.CMD     2 24-Jun-85 16:23 -- missing on master
(CURR11      :  32) ND2341.CMD     2 16-Mar-83 09:22 -- missing on master
(CURR11      :  32) MC2370.CMD     2 15-Jul-85 15:05 -- missing on master
(CURR11      :  32) LK2370.CMD     2 14-Sep-85 15:01 -- missing on master
(CURR11      :  32) CG6760.OBJ    11 08-Sep-86 16:19 -- missing on master
(CURR11      :  32) CG6760.MAC     2 02-Jun-87 16:20 -- missing on master
(CURR11      :  32) SV2770.IMG    27 10-Nov-86 14:35 -- missing on master
(CURR11      :  32) MP0115.MAP    20 08-Sep-86 17:58 -- missing on master
(CURR11      :  32) LNK1.MAC       2 02-Jun-87 18:43 -- missing on master
(CURR11      :  32) DOG.MAC        2 02-Jun-87 18:43 -- missing on master
(CURR11      :  32) SATPR.MAC      2 02-Jun-87 18:51 -- missing on master
(CURR11      :  32) NOEIPR.MAC     2 02-Jun-87 18:44 -- missing on master
(CURR11      :  32) LNKFPR.MAC     4 02-Jun-87 18:24 -- missing on master
(CURR11      :  32) LKHTPC.MAC    11 02-Jun-87 18:20 -- missing on master
(CURR11      :  32) TRMF.MAC      17 02-Jun-87 17:03 -- missing on master
(CURR11      :  32) CMDNEX.MAC    12 02-Jun-87 18:44 -- missing on master
(CURR11      :  32) TOOLS.DOC      2 26-Oct-81 19:43 -- missing on master
(CURR11      :  32) SATCFG.MEM     7 26-Oct-81 19:42 -- missing on master
(CURR11      :  32) KMCX11.MAC    10 02-Jun-87 18:45 -- missing on master
(CURR11      :  32) ERROR.MAC      6 02-Jun-87 16:53 -- missing on master
(CURR11      :  32) OLDNIB.NIB    24 22-Mar-82 18:52 -- missing on master
(CURR11      :  32) SATCFG.RNO     7 26-Oct-81 19:36 -- missing on master
(CURR11      :  32) SATCFG.DOC     9 26-Oct-81 19:36 -- missing on master
(CURR11      :  32) LNKHA.MAC     20 02-Jun-87 17:56 -- missing on master
(CURR11      :  32) LKGPKT.MAC    20 02-Jun-87 18:45 -- missing on master
(CURR11      :  32) NETMGR.PUB    19 26-Oct-81 19:31 -- missing on master
(CURR11      :  32) NETMGR.DOC    23 26-Oct-81 19:31 -- missing on master
(CURR11      :  32) LINA.MAC       4 02-Jun-87 16:52 -- missing on master
(CURR11      :  32) LNKF.MAC      30 02-Jun-87 17:29 -- missing on master
(CURR11      :  32) TRMT.MAC      11 02-Jun-87 17:00 -- missing on master
(CURR11      :  32) EXECMM.MAC     9 18-Mar-82 15:40 -- missing on master
(CURR11      :  32) PACKET.MAC    27 02-Jun-87 16:55 -- missing on master
(CURR11      :  32) LKHZZ3.MAC    12 18-Mar-82 15:09 -- missing on master
(CURR11      :  32) CG6535.MAC     2 02-Jun-87 16:21 -- missing on master
(CURR11      :  32) CGSCO4.MAC     3 02-Jun-87 16:42 -- missing on master
(CURR11      :  32) RUSRI1.MAC     2 02-Jun-87 16:55 -- missing on master
(CURR11      :  32) RU2342.MAC     2 02-Jun-87 16:59 -- missing on master
(CURR11      :  32) CG3027.MAC     2 02-Jun-87 17:10 -- missing on master
(CURR11      :  32) RU5274.MAC     2 02-Jun-87 17:20 -- missing on master
(CURR11      :  32) CG4474.MAC     2 02-Jun-87 17:20 -- missing on master
(CURR11      :  32) CG3450.MAC     2 02-Jun-87 17:21 -- missing on master
(CURR11      :  32) CG2370.MAC     2 02-Jun-87 17:23 -- missing on master
(CURR11      :  32) RU5303.MAC     2 02-Jun-87 17:33 -- missing on master
(CURR11      :  32) RU6534.MAC     2 02-Jun-87 17:33 -- missing on master
(CURR11      :  32) RU3717.MAC     2 02-Jun-87 17:33 -- missing on master
(CURR11      :  32) RU3357.MAC     2 02-Jun-87 17:34 -- missing on master
(CURR11      :  32) RU5733.MAC     2 02-Jun-87 17:34 -- missing on master

;;OPR: - System X32 will leave timesharing in 2 minutes /CW
(CURR11      :  32) RU545B.MAC     2 02-Jun-87 17:39 -- missing on master
(CURR11      :  32) CGSRI2.MAC     2 02-Jun-87 17:44 -- missing on master
(CURR11      :  32) CG522A.MAC     2 02-Jun-87 17:47 -- missing on master
(CURR11      :  32) OLDROM.MAC     5 02-Jun-87 17:48 -- missing on master
(CURR11      :  32) CG2352.MAC     3 02-Jun-87 17:49 -- missing on master
(CURR11      :  32) RUCEC1.MAC     2 02-Jun-87 17:53 -- missing on master
(CURR11      :  32) CG2343.MAC     2 02-Jun-87 18:03 -- missing on master
(CURR11      :  32) CG2377.MAC     2 02-Jun-87 18:07 -- missing on master
(CURR11      :  32) TEST.MAC       5 02-Jun-87 18:07 -- missing on master
(CURR11      :  32) SMODUL.MAC     2 02-Jun-87 18:08 -- missing on master
(CURR11      :  32) RU2351.MAC     2 02-Jun-87 18:08 -- missing on master
(CURR11      :  32) RU1030.MAC     2 02-Jun-87 18:47 -- missing on master
(CURR11      :  32) MMUPR.MAC      2 02-Jun-87 18:51 -- missing on master
(CURR11      :  32) CG555P.MAC     2 02-Jun-87 18:52 -- missing on master
(CURR11      :  32) RUFSC.MAC      4 20-Aug-87 00:26 -- missing on master
(CURR11      :  32) MC701.CMD      2 29-Mar-82 16:25 -- missing on master
(CURR11      :  32) RU364.MAC      2 29-Mar-82 16:19 -- missing on master
(CURR11      :  32) MC674A.CMD     2 22-Mar-82 18:53 -- missing on master
(CURR11      :  32) LK701.CMD      2 29-Mar-82 16:13 -- missing on master
(CURR11      :  32) RU625.MAC      2 23-Mar-82 17:35 -- missing on master
(CURR11      :  32) CPYLIS.CMD     2 29-Mar-82 15:54 -- missing on master
(CURR11      :  32) RU751.MAC      2 23-Mar-82 18:03 -- missing on master
(CURR11      :  32) MC555.CMD      2 22-Mar-82 18:47 -- missing on master
(CURR11      :  32) MC522B.CMD     2 22-Mar-82 18:46 -- missing on master
(CURR11      :  32) LK522B.CMD     2 13-Apr-82 09:48 -- missing on master
(CURR11      :  32) RU213.MAC      2 29-Mar-82 11:29 -- missing on master
(CURR11      :  32) MC64.CMD       2 05-Apr-82 10:44 -- missing on master
(CURR11      :  32) LK555C.CMD     2 22-Mar-82 18:08 -- missing on master
(CURR11      :  32) MC555C.CMD     2 22-Mar-82 18:17 -- missing on master
(CURR11      :  32) LK674A.CMD     2 22-Mar-82 18:48 -- missing on master
(CURR11      :  32) LK555.CMD      2 13-May-82 11:38 -- missing on master
(CURR11      :  32) CG54.MAC       2 20-May-82 17:34 -- missing on master
(CURR11      :  32) RU553.MAC      2 01-Sep-82 16:44 -- missing on master
(CURR11      :  32) RU377T.MAC     2 23-Feb-83 12:57 -- missing on master
(CURR11      :  32) MC161.CMD      2 08-Feb-83 10:58 -- missing on master
(CURR11      :  32) LK161.CMD      2 08-Feb-83 11:01 -- missing on master
(CURR11      :  32) MC350.CMD      2 22-Feb-83 10:51 -- missing on master
(CURR11      :  32) LK350.CMD      2 22-Feb-83 10:51 -- missing on master
(CURR11      :  32) CG356.MAC      2 11-Aug-83 11:20 -- missing on master
(CURR11      :  32) CG124.MAC      2 28-Jun-83 16:18 -- missing on master
(CURR11      :  32) CG421.MAC      2 03-Feb-84 10:36 -- missing on master
(CURR11      :  32) RU132.MAC      2 20-Feb-85 08:52 -- missing on master
(CURR11      :  32) LK566A.CMD     2 22-Mar-82 18:53 -- missing on master
(CURR11      :  32) MC566A.CMD     2 22-Mar-82 18:53 -- missing on master
(CURR11      :  32) MC2344.CMD     2 27-Sep-82 11:46 -- missing on master
(CURR11      :  32) LK2344.CMD     2 27-Sep-82 11:46 -- missing on master
(CURR11      :  32) MC375.CMD      2 28-Oct-82 10:24 -- missing on master
(CURR11      :  32) ND2342.CMD     2 16-Mar-83 09:21 -- missing on master
(CURR11      :  32) MC2353.CMD     2 12-May-86 13:28 -- missing on master
(CURR11      :  32) CG167.MAC      2 24-May-84 14:36 -- missing on master
(CURR11      :  32) MCSCO5.CMD     2 28-May-84 22:53 -- missing on master
(CURR11      :  32) MC152.CMD      2 04-Apr-83 10:54 -- missing on master
(CURR11      :  32) LK152.CMD      2 04-Apr-83 10:55 -- missing on master
(CURR11      :  32) LK64.CMD       2 05-Apr-82 10:46 -- missing on master

;;OPR: - System X32 will leave timesharing in 1 minute /CW
(CURR11      :  32) YYYCFG.DIR     2 11-Apr-86 10:26 -- missing on master
(CURR11      :  32) MC2396.CMD     2 13-May-85 15:00 -- missing on master
(CURR11      :  32) LK2396.CMD     2 07-Sep-85 14:00 -- missing on master
(CURR11      :  32) LK2353.CMD     2 07-Nov-85 14:19 -- missing on master
(CURR11      :  32) LKCAS.CMD      2 10-Apr-86 15:43 -- missing on master
(CURR11      :  32) AUTO13.OBJ     2 08-Sep-86 11:31 -- missing on master
(CURR11      :  32) LNK2.OBJ       3 08-Sep-86 11:32 -- missing on master
(CURR11      :  32) CRCBYT.OBJ     2 08-Sep-86 11:37 -- missing on master
(CURR11      :  32) X25Q.OBJ       3 08-Sep-86 11:47 -- missing on master
(CURR11      :  32) LNKG.OBJ       6 08-Sep-86 11:51 -- missing on master
(CURR11      :  32) LNKIA.OBJ      6 08-Sep-86 12:20 -- missing on master
(CURR11      :  32) LKIST2.OBJ     8 08-Sep-86 12:25 -- missing on master
(CURR11      :  32) LKITPC.OBJ     4 08-Sep-86 12:31 -- missing on master
(CURR11      :  32) LINB.OBJ       3 08-Sep-86 12:32 -- missing on master
(CURR11      :  32) ONCE.OBJ       2 08-Sep-86 12:35 -- missing on master
(CURR11      :  32) XDT.OBJ       11 08-Sep-86 12:37 -- missing on master
(CURR11      :  32) EXEC.NBJ       4 08-Sep-86 12:42 -- missing on master
(CURR11      :  32) CMDTYM.NBJ     3 08-Sep-86 12:46 -- missing on master
(CURR11      :  32) CMDSST.NBJ     2 08-Sep-86 12:47 -- missing on master
(CURR11      :  32) TRMPST.NBJ     2 08-Sep-86 13:06 -- missing on master
(CURR11      :  32) AUTO13.NBJ     2 08-Sep-86 13:07 -- missing on master
(CURR11      :  32) ACAS11.NBJ     3 08-Sep-86 13:09 -- missing on master
(CURR11      :  32) LNK2.NBJ       3 08-Sep-86 13:10 -- missing on master
(CURR11      :  32) CG2353.NBJ    19 03-Nov-86 17:36 -- missing on master
(CURR11      :  32) MP514.MAP     18 24-Apr-87 14:51 -- missing on master
(CURR11      :  32) KMC.CMD        2 14-Apr-82 18:52 -- missing on master
(CURR11      :  32) CG260.MAC      2 17-Dec-82 14:12 -- missing on master
(CURR11      :  32) RU545C.MAC     2 26-Jan-83 12:00 -- missing on master
(CURR11      :  32) CG375.MAC      2 28-Jan-83 10:34 -- missing on master
(CURR11      :  32) RU356.MAC      2 04-Feb-83 12:26 -- missing on master
(CURR11      :  32) CG161.MAC      2 11-Feb-83 15:08 -- missing on master
(CURR11      :  32) RU124.MAC      2 28-Jun-83 16:19 -- missing on master
(CURR11      :  32) LK207.CMD      2 27-Jul-83 14:41 -- missing on master
(CURR11      :  32) MC207.CMD      2 27-Jul-83 14:42 -- missing on master
(CURR11      :  32) CG152.MAC      2 17-Aug-83 13:39 -- missing on master
(CURR11      :  32) RU304.MAC      2 28-Oct-83 15:38 -- missing on master
(CURR11      :  32) MACNBJ.CMD     2 28-Jul-86 11:30 -- missing on master
(CURR11      :  32) RU545.MAC      2 15-Nov-84 13:23 -- missing on master
(CURR11      :  32) MC5270.CMD     2 24-Jun-85 17:38 -- missing on master
(CURR11      :  32) LK5270.CMD     2 23-Aug-85 10:10 -- missing on master
(CURR11      :  32) RELEES.CMD     2 08-Sep-86 10:29 -- missing on master
(CURR11      :  32) LNKIA.NBJ      6 08-Sep-86 13:12 -- missing on master
(CURR11      :  32) LKIST2.NBJ     8 08-Sep-86 13:19 -- missing on master
(CURR11      :  32) LINB.NBJ       3 08-Sep-86 13:24 -- missing on master
(CURR11      :  32) LINBX.NBJ      3 08-Sep-86 13:25 -- missing on master
(CURR11      :  32) ONCE.NBJ       2 08-Sep-86 13:28 -- missing on master
(CURR11      :  32) ONCROM.NBJ     3 08-Sep-86 13:29 -- missing on master
(CURR11      :  32) XDT.NBJ       11 08-Sep-86 13:31 -- missing on master
(CURR11      :  32) RU2352.OBJ     2 08-Sep-86 14:45 -- missing on master
(CURR11      :  32) RU3027.OBJ     2 08-Sep-86 14:52 -- missing on master
(CURR11      :  32) RU3450.OBJ     2 08-Sep-86 15:05 -- missing on master
(CURR11      :  32) CG3575.OBJ    13 08-Sep-86 15:06 -- missing on master
(CURR11      :  32) CG4036.OBJ     7 08-Sep-86 15:09 -- missing on master
(CURR11      :  32) RU4474.OBJ     2 08-Sep-86 15:15 -- missing on master
(CURR11      :  32) CG6511.OBJ    13 08-Sep-86 15:35 -- missing on master
(CURR11      :  32) RELESE.CMD     2 08-Sep-86 16:02 -- missing on master
(CURR11      :  32) RU6535.OBJ     2 08-Sep-86 16:11 -- missing on master
(CURR11      :  32) MP470B.MAP    16 08-Sep-86 16:31 -- missing on master
(CURR11      :  32) MP732A.MAP    16 08-Sep-86 16:35 -- missing on master
(CURR11      :  32) MP3203.MAP    21 09-Sep-86 09:11 -- missing on master
(CURR11      :  32) MP3273.MAP    19 08-Sep-86 16:50 -- missing on master
(CURR11      :  32) MP4272.MAP    19 08-Sep-86 17:07 -- missing on master
(CURR11      :  32) MP4650.MAP    20 08-Sep-86 17:11 -- missing on master
(CURR11      :  32) MP5271.MAP    19 08-Sep-86 17:16 -- missing on master
(CURR11      :  32) MP5514.MAP    19 08-Sep-86 17:22 -- missing on master
(CURR11      :  32) MP5557.MAP    19 08-Sep-86 17:24 -- missing on master
(CURR11      :  32) RUSCO4.OBJ     2 08-Sep-86 17:39 -- missing on master
(CURR11      :  32) MP6745.MAP    19 08-Sep-86 17:44 -- missing on master

;;OPR: - System X32 will leave timesharing immediately /CW
(CURR11      :  32) CGSCO5.OBJ    28 08-Sep-86 17:50 -- missing on master
(CURR11      :  32) RUSRI2.OBJ     2 08-Sep-86 18:14 -- missing on master
(CURR11      :  32) CG545D.OBJ    10 09-Sep-86 09:04 -- missing on master
(CURR11      :  32) CGXXX.MAC      2 28-Apr-87 10:43 -- missing on master
(CURR11      :  32) CGXXX.OBJ     17 28-Apr-87 10:47 -- missing on master
(CURR11      :  32) ACCESS.LIS     2 03-Oct-87 18:26 -- missing on master
(CURR11      :  32) ND2352.LM1     2 11-Jun-84 06:18 -- missing on master
(CURR11      :  32) ND2343.LM1     2 11-Jun-84 06:18 -- missing on master
(CURR11      :  32) CMDX28.BAK    17 04-Feb-83 13:43 -- missing on master
(CURR11      :  32) CGSCO5.BAK     3 16-	RDIST DOC11.RDS =(DOC11)*.*/HOST:32/MASTER:14/CHECK/RETRIES:1
	RDIST DERNST.RDS=(DERNST)*.*/HOST:32/MASTER:14/CHECK/RETRIES:1
	RDIST NEW11.RDS =(NEW11)*.*/HOST:32/MASTER:14/CHECK/RETRIES:1
	RDIST OLD11.RDS =(OLD11)*.*/HOST:32/MASTER:14/CHECK/RETRIES:1
	RDIST TOOLS1.RDS=(TOOLS11)*.*/HOST:32/MASTER:14/CHECK/RETRIES:1
	
	  ;2020 and F3 stuff not found on X17
	RDIST KL10.RDS  =(KL10)*.*/HOST:33/MASTER:14/CHECK/RETRIES:1
	RDIST KS2020.RDS=(KS2020)*.*/HOST:33/MASTER:14/CHECK/RETRIES:1
	  ;The above 2 directories are on 33 and 34, not 32 or 17
	RDIST KSBACK.RDS=(KSBACK)*.*/HOST:32/MASTER:14/CHECK/RETRIES:1
	RDIST KSDIAG.RDS=(KSDIAG)*.*/HOST:32/MASTER:14/CHECK/RETRIES:1
	RDIST TOPS20.RDS=(TOPS20)*.*/HOST:32/MASTER:14/CHECK/RETRIES:1
	
	  ;Everything else
	RDIST 1BATCH.RDS=(*1BATCH)*.*/HOST:32/MASTER:17/CHECK/RETRIES:1
	RDIST 1KEN.RDS  =(*1KEN)*.*/HOST:32/MASTER:17/CHECK/RETRIES:1
	RDIST 11CURR.RDS=(11CURR)*.*/HOST:32/MASTER:17/CHECK/RETRIES:1
	RDIST 6NEWS.RDS =(*6NEWS)*.*/HOST:32/MASTER:17/CHECK/RETRIES:1
	RDIST 703TOP.RDS=(703-TOPS10)*.*/HOST:32/MASTER:17/CHECK/RETRIES:1
	RDIST 940MAN.RDS=(940MAN)*.*/HOST:17/MASTER:17/CHECK/RETRIES:1
	RDIST ACTRTY.RDS=(ACTRTY)*.*/HOST:32/MASTER:17/CHECK/RETRIES:1
	RDIST ANEWMA.RDS=(ANEWMAN)*.*/HOST:32/MASTER:17/CHECK/RETRIES:1
	RDIST APPSUP.RDS=(APPSUP)*.*/HOST:32/MASTER:17/CHECK/RETRIES:1
	RDIST ARCHIV.RDS=(ARCHIVES)*.*/HOST:32/MASTER:17/CHECK/RETRIES:1
	RDIST ATPCH.RDS =(ATPCH)*.*/HOST:32/MASTER:17/CHECK/RETRIES:1
	RDIST AUTOPA.RDS=(AUTOPATCH)*.*/HOST:32/MASTER:17/CHECK/RETRIES:1
	RDIST BADFIL.RDS=(BADFILES)*.*/HOST:32/MASTER:17/CHECK/RETRIES:1
	RDIST BAIGEN.RDS=(BAIGENT)*.*/HOST:32/MASTER:17/CHECK/RETRIES:1
	RDIST BARTLE.RDS=(BARTLETW)*.*/HOST:32/MASTER:17/CHECK/RETRIES:1
	RDIST BILLIN.RDS=(BILLING10)*.*/HOST:32/MASTER:17/CHECK/RETRIES:1
	RDIST BIONIC.RDS=(BIONIC)*.*/HOST:32/MASTER:17/CHECK/RETRIES:1
	RDIST BRING.RDS =(BRING)*.*/HOST:32/MASTER:17/CHECK/RETRIES:1
	RDIST BUBBNE.RDS=(BUBBNET)*.*/HOST:32/MASTER:17/CHECK/RETRIES:1
	RDIST BURRIE.RDS=(BURRIESCIN)*.*/HOST:32/MASTER:17/CHECK/RETRIES:1
	RDIST BWORK.RDS =(BWORK)*.*/HOST:32/MASTER:17/CHECK/RETRIES:1
	;     CARL is done last
	RDIST CBDEC.RDS =(CB-DEC)*.*/HOST:32/MASTER:17/CHECK/RETRIES:1
	RDIST CBDECD.RDS=(CB-DECDIR)*.*/HOST:32/MASTER:17/CHECK/RETRIES:1
	RDIST CBEXE.RDS =(CB-EXE)*.*/HOST:32/MASTER:17/CHECK/RETRIES:1
	RDIST CBGAME.RDS=(CB-GAMES)*.*/HOST:32/MASTER:17/CHECK/RETRIES:1
	RDIST CBINFO.RDS=(CB-INFO)*.*/HOST:32/MASTER:17/CHECK/RETRIES:1
	RDIST CBKERM.RDS=(CB-KERMIT)*.*/HOST:32/MASTER:17/CHECK/RETRIES:1
	RDIST CBMAGN.RDS=(CB-MAGNUM)*.*/HOST:32/MASTER:17/CHECK/RETRIES:1
	RDIST CBMAIL.RDS=(CB-MAIL)*.*/HOST:32/MASTER:17/CHECK/RETRIES:1
	RDIST CBMEMO.RDS=(CB-MEMO)*.*/HOST:32/MASTER:17/CHECK/RETRIES:1
	RDIST CBPARS.RDS=(CB-PARSER)*.*/HOST:32/MASTER:17/CHECK/RETRIES:1
	RDIST CBSAIL.RDS=(CB-SAIL)*.*/HOST:32/MASTER:17/CHECK/RETRIES:1
	RDIST CBSAIA.RDS=(CB-SAIL-ARC)*.*/HOST:32/MASTER:17/CHECK/RETRIES:1
	RDIST CBSAII.RDS=(CB-SAIL-LIB)*.*/HOST:32/MASTER:17/CHECK/RETRIES:1
	RDIST CBSAIB.RDS=(CB-SAILIB)*.*/HOST:32/MASTER:17/CHECK/RETRIES:1
	RDIST CHKACT.RDS=(CHKACT10)*.*/HOST:32/MASTER:17/CHECK/RETRIES:1
	RDIST CMUAIL.RDS=(CMUAIL)*.*/HOST:32/MASTER:17/CHECK/RETRIES:1
	RDIST CNFE.RDS  =(CNFE)*.*/HOST:32/MASTER:17/CHECK/RETRIES:1
	RDIST COPYPC.RDS=(COPYPC)*.*/HOST:32/MASTER:17/CHECK/RETRIES:1
	RDIST CRASH.RDS =(CRASH)*.*/HOST:32/MASTER:17/CHECK/RETRIES:1
	RDIST CSTEMP.RDS=(CSTEMPLATE)*.*/HOST:32/MASTER:17/CHECK/RETRIES:1
	RDIST CTMKT1.RDS=(CTMKTG1)*.*/HOST:32/MASTER:17/CHECK/RETRIES:1
	RDIST CTMKT7.RDS=(CTMKTG7)*.*/HOST:32/MASTER:17/CHECK/RETRIES:1
	RDIST CUD10.RDS =(CUD10)*.*/HOST:32/MASTER:17/CHECK/RETRIES:1
	;     CURR11 is on X14
	RDIST DANIEL.RDS=(DANIELSR)*.*/HOST:32/MASTER:17/CHECK/RETRIES:1
	RDIST DCOFFE.RDS=(DCOFFEY)*.*/HOST:32/MASTER:17/CHECK/RETRIES:1
	RDIST DEC.RDS   =(DEC)*.*/HOST:32/MASTER:17/CHECK/RETRIES:1
	RDIST DECCUS.RDS=(DEC-CUSPS)*.*/HOST:32/MASTER:17/CHECK/RETRIES:1
	RDIST DENCOF.RDS=(DENCOFF)*.*/HOST:32/MASTER:17/CHECK/RETRIES:1
	RDIST DENNIS.RDS=(DENNISCOFFEY)*.*/HOST:32/MASTER:17/CHECK/RETRIES:1
	;     DERNST is on X14
	RDIST DIAG.RDS  =(DIAG)*.*/HOST:32/MASTER:17/CHECK/RETRIES:1
	RDIST DIAG10.RDS=(DIAG10)*.*/HOST:32/MASTER:17/CHECK/RETRIES:1
	RDIST DIAG1C.RDS=(DIAG10C)*.*/HOST:32/MASTER:17/CHECK/RETRIES:1
	RDIST DIAG1D.RDS=(DIAG10D)*.*/HOST:32/MASTER:17/CHECK/RETRIES:1
	RDIST DIAG1F.RDS=(DIAG10F)*.*/HOST:32/MASTER:17/CHECK/RETRIES:1
	RDIST DIAG1V.RDS=(DIAG10V)*.*/HOST:32/MASTER:17/CHECK/RETRIES:1
	RDIST DNDUTI.RDS=(DNDUTIL)*.*/HOST:32/MASTER:17/CHECK/RETRIES:1
	RDIST DOC11.RES =(DOC11)*.*/HOST:32/MASTER:17/CHECK/RETRIES:1
	RDIST DOC2.RDS  =(DOC2)*.*/HOST:32/MASTER:17/CHECK/RETRIES:1
	RDIST DOCAIL.RDS=(DOCAIL)*.*/HOST:32/MASTER:17/CHECK/RETRIES:1
	RDIST DONAHU.RDS=(DONAHUE)*.*/HOST:32/MASTER:17/CHECK/RETRIES:1
	RDIST DRM.RES   =(DRM)*.*/HOST:32/MASTER:17/CHECK/RETRIES:1
	RDIST DWS.RDS   =(DWS)*.*/HOST:32/MASTER:17/CHECK/RETRIES:1
	RDIST EBUS.RES  =(EBUS)*.*/HOST:32/MASTER:17/CHECK/RETRIES:1
	RDIST EMACS.RDS =(EMACS)*.*/HOST:32/MASTER:17/CHECK/RETRIES:1
	RDIST EMSACC.RDS=(EMSACCT)*.*/HOST:32/MASTER:17/CHECK/RETRIES:1
	RDIST ENSS.RDS  =(ENSS)*.*/HOST:32/MASTER:17/CHECK/RETRIES:1
	RDIST ERNSTD.RDS=(ERNSTD)*.*/HOST:32/MASTER:17/CHECK/RETRIES:1
	RDIST EXECX.RDS =(EXECX)*.*/HOST:32/MASTER:17/CHECK/RETRIES:1
	RDIST EYES.RDS  =(EYES)*.*/HOST:32/MASTER:17/CHECK/RETRIES:1
	RDIST FBATCH.RDS=(FBATCH)*.*/HOST:32/MASTER:17/CHECK/RETRIES:1
	RDIST FJSAIL.RDS=(FJSAIL)*.*/HOST:32/MASTER:17/CHECK/RETRIES:1
	RDIST FLETCH.RDS=(FLETCHERC)*.*/HOST:32/MASTER:17/CHECK/RETRIES:1
	RDIST FOO.RDS   =(FOO)*.*/HOST:32/MASTER:17/CHECK/RETRIES:1
	RDIST FOROTS.RDS=(FOROTS)*.*/HOST:32/MASTER:17/CHECK/RETRIES:1
	RDIST FTMAGN.RDS=(FTMAGNUM)*.*/HOST:32/MASTER:17/CHECK/RETRIES:1
	RDIST FTSYS.RDS =(FTSYS)*.*/HOST:32/MASTER:17/CHECK/RETRIES:1
	RDIST FTSYSD.RDS=(FTSYSDOC)*.*/HOST:32/MASTER:17/CHECK/RETRIES:1
	RDIST FTTBA.RDS =(FTTBA)*.*/HOST:32/MASTER:17/CHECK/RETRIES:1
	RDIST GABRIE.RDS=(GABRIELG)*.*/HOST:32/MASTER:17/CHECK/RETRIES:1
	RDIST GAMES.RDS =(GAMES)*.*/HOST:32/MASTER:17/CHECK/RETRIES:1
	RDIST GAZEL.RDS =(GAZEL)*.*/HOST:32/MASTER:17/CHECK/RETRIES:1
	RDIST GIGI.RDS  =(GIGI)*.*/HOST:32/MASTER:17/CHECK/RETRIES:1
	RDIST GKING.RDS =(GKING)*.*/HOST:32/MASTER:17/CHECK/RETRIES:1
	RDIST GLYONS.RDS=(GLYONS)*.*/HOST:32/MASTER:17/CHECK/RETRIES:1
	RDIST HEALY.RDS =(HEALY)*.*/HOST:32/MASTER:17/CHECK/RETRIES:1
	RDIST HELGEM.RDS=(HELGEM)*.*/HOST:32/MASTER:17/CHECK/RETRIES:1
	RDIST HLP.RDS   =(HLP)*.*/HOST:32/MASTER:17/CHECK/RETRIES:1
	RDIST IMPORT.RDS=(IMPORT)*.*/HOST:32/MASTER:17/CHECK/RETRIES:1
	RDIST INFO.RDS  =(INFO)*.*/HOST:32/MASTER:17/CHECK/RETRIES:1
	RDIST IWU.RDS   =(IWU)*.*/HOST:32/MASTER:17/CHECK/RETRIES:1
	RDIST JAIL.RDS  =(JAIL)*.*/HOST:32/MASTER:17/CHECK/RETRIES:1
	RDIST JASONG.RDS=(JASONG)*.*/HOST:32/MASTER:17/CHECK/RETRIES:1
	RDIST JBENNE.RDS=(JBENNETT)*.*/HOST:32/MASTER:17/CHECK/RETRIES:1
	RDIST JMARCI.RDS=(JMARCIN)*.*/HOST:32/MASTER:17/CHECK/RETRIES:1
	;     JMS is done last
	RDIST JMSCSM.RDS=(JMS-CSM)*.*/HOST:32/MASTER:17/CHECK/RETRIES:1
	RDIST JMSINF.RDS=(JMS-INFO)*.*/HOST:32/MASTER:17/CHECK/RETRIES:1
	RDIST JMSKER.RDS=(JMS-KERMIT)*.*/HOST:32/MASTER:17/CHECK/RETRIES:1
	RDIST JOESMI.RDS=(JOESMITH)*.*/HOST:32/MASTER:17/CHECK/RETRIES:1
	RDIST JSMITH.RDS=(JSMITH)*.*/HOST:32/MASTER:17/CHECK/RETRIES:1
	RDIST JUNKMA.RDS=(JUNKMAIL)*.*/HOST:32/MASTER:17/CHECK/RETRIES:1
	RDIST JWDSKC.RDS=(JW.DSKCLN)*.*/HOST:32/MASTER:17/CHECK/RETRIES:1
	RDIST JWWORK.RDS=(JW.WORK)*.*/HOST:32/MASTER:17/CHECK/RETRIES:1
	RDIST KAUXIO.RDS=(K.AUXIO)*.*/HOST:32/MASTER:17/CHECK/RETRIES:1
	RDIST KLISP.RDS =(K.LISP)*.*/HOST:32/MASTER:17/CHECK/RETRIES:1
	RDIST KSAIL.RDS =(K.SAIL)*.*/HOST:32/MASTER:17/CHECK/RETRIES:1
	RDIST KSLR.RDS  =(K.SLR)*.*/HOST:32/MASTER:17/CHECK/RETRIES:1
	RDIST KTAPE.RDS =(K.TAPE)*.*/HOST:32/MASTER:17/CHECK/RETRIES:1
	RDIST KAREN.RDS =(KAREN)*.*/HOST:32/MASTER:17/CHECK/RETRIES:1
	RDIST KDAWSO.RDS=(KDAWSON)*.*/HOST:32/MASTER:17/CHECK/RETRIES:1
	RDIST KDEV1.RDS =(KDEV1)*.*/HOST:32/MASTER:17/CHECK/RETRIES:1
	RDIST KDEV2.RDS =(KDEV2)*.*/HOST:32/MASTER:17/CHECK/RETRIES:1
	RDIST KDEV3.RDS =(KDEV3)*.*/HOST:32/MASTER:17/CHECK/RETRIES:1
	;     KL10 is on 33 instead of 32
	RDIST KLIB.RDS  =(KLIB)*.*/HOST:32/MASTER:17/CHECK/RETRIES:1
	RDIST KLUTE.RDS =(KLUTE)*.*/HOST:32/MASTER:17/CHECK/RETRIES:1
	RDIST KSBACK.RDS=(KSBACK)*.*/HOST:32/MASTER:17/CHECK/RETRIES:1
	;     KS2020 is on 33 instead of 32
	;     KSBACK is on 33 instead of 32
	;     KSDIAG is on 33 instead of 32
	RDIST LINK10.RDS=(LINK10)*.*/HOST:32/MASTER:17/CHECK/RETRIES:1
	RDIST LAGOLD.RDS=(LAGOLD)*.*/HOST:32/MASTER:17/CHECK/RETRIES:1
	RDIST LEEBOL.RDS=(LEEBOLTON)*.*/HOST:32/MASTER:17/CHECK/RETRIES:1
	RDIST LINDLE.RDS=(LINDLEY)*.*/HOST:32/MASTER:17/CHECK/RETRIES:1
	RDIST LOADII.RDS=(LOADII)*.*/HOST:32/MASTER:17/CHECK/RETRIES:1
	RDIST LOGGER.RDS=(LOGGER)*.*/HOST:32/MASTER:17/CHECK/RETRIES:1
	RDIST LPQ.RDS   =(LPQ)*.*/HOST:32/MASTER:17/CHECK/RETRIES:1
	RDIST LPQUE.RDS =(LPQUE)*.*/HOST:32/MASTER:17/CHECK/RETRIES:1
	RDIST LPTSPL.RDS=(LPTSPL)*.*/HOST:32/MASTER:17/CHECK/RETRIES:1
	RDIST LRAC.RDS  =(LRAC)*.*/HOST:32/MASTER:17/CHECK/RETRIES:1
	RDIST LWALTO.RDS=(LWALTON)*.*/HOST:32/MASTER:17/CHECK/RETRIES:1
	;     M33 is done last
	RDIST M33118.RDS=(M33-118)*.*/HOST:32/MASTER:17/CHECK/RETRIES:1
	RDIST M33NOB.RDS=(M33-NOBACKUP)*.*/HOST:32/MASTER:17/CHECK/RETRIES:1
	RDIST MACRO5.RDS=(MACRO53)*.*/HOST:32/MASTER:17/CHECK/RETRIES:1
	RDIST MACROT.RDS=(MACRO53TST)*.*/HOST:32/MASTER:17/CHECK/RETRIES:1
	RDIST MAGNUM.RDS=(MAGNUM)*.*/HOST:32/MASTER:17/CHECK/RETRIES:1
	RDIST MAIL.RDS  =(MAIL)*.*/HOST:32/MASTER:17/CHECK/RETRIES:1
	RDIST MARYG.RDS =(MARYG)*.*/HOST:32/MASTER:17/CHECK/RETRIES:1
	RDIST MFICHE.RDS=(MFICHE)*.*/HOST:32/MASTER:17/CHECK/RETRIES:1
	RDIST MONDOC.RDS=(MONDOC)*.*/HOST:32/MASTER:17/CHECK/RETRIES:1
	RDIST MOSSER.RDS=(MOSSERJ)*.*/HOST:32/MASTER:17/CHECK/RETRIES:1
	RDIST MPL.RDS   =(MPL)*.*/HOST:32/MASTER:17/CHECK/RETRIES:1
	RDIST MRCMM.RDS =(MRC-MM)*.*/HOST:32/MASTER:17/CHECK/RETRIES:1
	RDIST MWORK.RDS =(MWORK)*.*/HOST:32/MASTER:17/CHECK/RETRIES:1
	RDIST MYPEAK.RDS=(MYPEAK)*.*/HOST:32/MASTER:17/CHECK/RETRIES:1
	RDIST NATHAN.RDS=(NATHANIELG)*.*/HOST:32/MASTER:17/CHECK/RETRIES:1
	RDIST NDT.RDS   =(NDT)*.*/HOST:32/MASTER:17/CHECK/RETRIES:1
	;     NEW11 is on X14
	RDIST NEWFDM.RDS=(NEWFDM)*.*/HOST:32/MASTER:17/CHECK/RETRIES:1
	RDIST NEWINF.RDS=(NEWINFO)*.*/HOST:32/MASTER:17/CHECK/RETRIES:1
	RDIST NEWMAN.RDS=(NEWMAN)*.*/HOST:32/MASTER:17/CHECK/RETRIES:1
	RDIST NEWRPG.RDS=(NEWRPG)*.*/HOST:32/MASTER:17/CHECK/RETRIES:1
	RDIST NEWSCA.RDS=(NEWSCAN)*.*/HOST:32/MASTER:17/CHECK/RETRIES:1
	RDIST NEWSPL.RDS=(NEWSPL)*.*/HOST:32/MASTER:17/CHECK/RETRIES:1
	RDIST NFDM.RDS  =(NDFM)*.*/HOST:32/MASTER:17/CHECK/RETRIES:1
	RDIST NOBACK.RDS=(NOBACKUP)*.*/HOST:32/MASTER:17/CHECK/RETRIES:1
	RDIST NOTDEN.RDS=(NOT-DENCOFF)*.*/HOST:32/MASTER:17/CHECK/RETRIES:1
	RDIST NOTJMS.RDS=(NOT-JMS)*.*/HOST:32/MASTER:17/CHECK/RETRIES:1
	RDIST NDTANE.RDS=(NDT-ANEWMAN)*.*/HOST:32/MASTER:17/CHECK/RETRIES:1
	RDIST OASYS.RDS =(OASYS)*.*/HOST:32/MASTER:17/CHECK/RETRIES:1
	RDIST OEIL.RDS  =(OEIL)*.*/HOST:32/MASTER:17/CHECK/RETRIES:1
	;     OLD11 is on X14
	RDIST OLDFIL.RDS=(OLDFILES)*.*/HOST:32/MASTER:17/CHECK/RETRIES:1
	RDIST OPER.RDS  =(OPER)*.*/HOST:32/MASTER:17/CHECK/RETRIES:1
	RDIST OSARC.RDS =(OSARC)*.*/HOST:32/MASTER:17/CHECK/RETRIES:1
	RDIST OSB.RDS   =(OSB)*.*/HOST:32/MASTER:17/CHECK/RETRIES:1
	RDIST OSFT.RDS  =(OSFT)*.*/HOST:32/MASTER:17/CHECK/RETRIES:1
	RDIST OSMAN.RDS =(OSMAN)*.*/HOST:32/MASTER:17/CHECK/RETRIES:1
	RDIST OSNF.RDS  =(OSNF)*.*/HOST:32/MASTER:17/CHECK/RETRIES:1
	RDIST OSP.RDS   =(OSP)*.*/HOST:32/MASTER:17/CHECK/RETRIES:1
	RDIST OSU.RDS   =(OSU)*.*/HOST:32/MASTER:17/CHECK/RETRIES:1
	RDIST PARTY.RDS =(PARTY)*.*/HOST:32/MASTER:17/CHECK/RETRIES:1
	RDIST PASCAL.RDS=(PASCALX)*.*/HOST:32/MASTER:17/CHECK/RETRIES:1
	RDIST PASSFR.RDS=(PASSFRAME)*.*/HOST:32/MASTER:17/CHECK/RETRIES:1
	RDIST PEAK.RDS  =(PEAK)*.*/HOST:32/MASTER:17/CHECK/RETRIES:1
	RDIST PEAKOL.RDS=(PEAK.OLD)*.*/HOST:32/MASTER:17/CHECK/RETRIES:1
	RDIST PEAK1.RDS =(PEAK1)*.*/HOST:32/MASTER:17/CHECK/RETRIES:1
	RDIST PEAKDO.RDS=(PEAKDOC)*.*/HOST:32/MASTER:17/CHECK/RETRIES:1
	RDIST PEAKX.RDS =(PEAKX)*.*/HOST:32/MASTER:17/CHECK/RETRIES:1
	RDIST PERPOP.RDS=(PERPOPER)*.*/HOST:32/MASTER:17/CHECK/RETRIES:1
	RDIST PJ.RDS    =(PJ)*.*/HOST:32/MASTER:17/CHECK/RETRIES:1
	RDIST PRODUC.RDS=(PRODUCTLIST)*.*/HOST:32/MASTER:17/CHECK/RETRIES:1
	RDIST PRT.RDS   =(PRT)*.*/HOST:32/MASTER:17/CHECK/RETRIES:1
	RDIST PUB.RDS   =(PUB)*.*/HOST:32/MASTER:17/CHECK/RETRIES:1
	RDIST QABM33.RDS=(QABUILDM33)*.*/HOST:32/MASTER:17/CHECK/RETRIES:1
	RDIST QABOSC.RDS=(QABUILDOSC)*.*/HOST:32/MASTER:17/CHECK/RETRIES:1
	RDIST QALIBS.RDS=(QALIBSYM)*.*/HOST:32/MASTER:17/CHECK/RETRIES:1
	RDIST QASYS.RDS =(QASYS)*.*/HOST:32/MASTER:17/CHECK/RETRIES:1
	RDIST REGIS.RDS =(REGIS)*.*/HOST:32/MASTER:17/CHECK/RETRIES:1
	RDIST RICHAR.RDS=(RICHARDSON)*.*/HOST:32/MASTER:17/CHECK/RETRIES:1
	RDIST RKLUTE.RDS=(RKLUTE)*.*/HOST:32/MASTER:17/CHECK/RETRIES:1
	RDIST RMURPH.RDS=(RMURPHY)*.*/HOST:32/MASTER:17/CHECK/RETRIES:1
	RDIST RUSSEL.RDS=(RUSSELLB)*.*/HOST:32/MASTER:17/CHECK/RETRIES:1
	RDIST SAFIYE.RDS=(SAFIYEG)*.*/HOST:32/MASTER:17/CHECK/RETRIES:1
	RDIST SAIL.RDS  =(SAIL)*.*/HOST:32/MASTER:17/CHECK/RETRIES:1
	RDIST SAILFO.RDS=(SAILFOO)*.*/HOST:32/MASTER:17/CHECK/RETRIES:1
	RDIST SAILIB.RDS=(SAILIB)*.*/HOST:32/MASTER:17/CHECK/RETRIES:1
	RDIST SAILTE.RDS=(SAILTEST)*.*/HOST:32/MASTER:17/CHECK/RETRIES:1
	RDIST SALLY.RDS =(SALLY)*.*/HOST:32/MASTER:17/CHECK/RETRIES:1
	RDIST SALTYR.RDS=(SALTYRON)*.*/HOST:32/MASTER:17/CHECK/RETRIES:1
	RDIST SCAPIK.RDS=(SCAPIK)*.*/HOST:32/MASTER:17/CHECK/RETRIES:1
	RDIST SLIAP1.RDS=(SLIAPL10)*.*/HOST:32/MASTER:17/CHECK/RETRIES:1
	RDIST SLIAPQ.RDS=(SLIAPLQA)*.*/HOST:32/MASTER:17/CHECK/RETRIES:1
	RDIST SLISYS.RDS=(SLISYS)*.*/HOST:32/MASTER:17/CHECK/RETRIES:1
	RDIST SMITHD.RDS=(SMITHDE)*.*/HOST:32/MASTER:17/CHECK/RETRIES:1
	RDIST SOCCI.RDS =(SOCCI)*.*/HOST:32/MASTER:17/CHECK/RETRIES:1
	RDIST SPL.RDS   =(SPL)*.*/HOST:32/MASTER:17/CHECK/RETRIES:1
	RDIST SPOOL.RDS =(SPOOL)*.*/HOST:32/MASTER:17/CHECK/RETRIES:1
	RDIST SPOOLI.RDS=(SPOOLING)*.*/HOST:32/MASTER:17/CHECK/RETRIES:1
	RDIST SPPARC.RDS=(SPPARCH)*.*/HOST:32/MASTER:17/CHECK/RETRIES:1
	RDIST SPPOPE.RDS=(SPPOPER)*.*/HOST:32/MASTER:17/CHECK/RETRIES:1
	RDIST SRA.RDS   =(SRA)*.*/HOST:32/MASTER:17/CHECK/RETRIES:1
	RDIST SRACRT.RDS=(SRACRT)*.*/HOST:32/MASTER:17/CHECK/RETRIES:1
	RDIST SRAFT.RDS =(SRAFT)*.*/HOST:32/MASTER:17/CHECK/RETRIES:1
	RDIST SRAMOV.RDS=(SRAMOV)*.*/HOST:32/MASTER:17/CHECK/RETRIES:1
	RDIST SRATEC.RDS=(SRATECH)*.*/HOST:32/MASTER:17/CHECK/RETRIES:1
	RDIST SRAUTI.RDS=(SRAUTIL)*.*/HOST:32/MASTER:17/CHECK/RETRIES:1
	RDIST SRAVAL.RDS=(SRAVAL)*.*/HOST:32/MASTER:17/CHECK/RETRIES:1
	RDIST SSBACK.RDS=(SSBACKUP)*.*/HOST:32/MASTER:17/CHECK/RETRIES:1
	RDIST SSEREP.RDS=(SSEREP)*.*/HOST:32/MASTER:17/CHECK/RETRIES:1
	RDIST SSINST.RDS=(SSINSTALL)*.*/HOST:32/MASTER:17/CHECK/RETRIES:1
	RDIST SSPAMB.RDS=(SSPAMBIN)*.*/HOST:32/MASTER:17/CHECK/RETRIES:1
	RDIST SSPAMS.RDS=(SSPAMSYM)*.*/HOST:32/MASTER:17/CHECK/RETRIES:1
	RDIST SSPERP.RDS=(SSPERP)*.*/HOST:32/MASTER:17/CHECK/RETRIES:1
	RDIST SSPRIN.RDS=(SSPRINT)*.*/HOST:32/MASTER:17/CHECK/RETRIES:1
	RDIST SSSPOO.RDS=(SSSPOOL)*.*/HOST:32/MASTER:17/CHECK/RETRIES:1
	RDIST SSVALS.RDS=(SSVALSUP)*.*/HOST:32/MASTER:17/CHECK/RETRIES:1
	RDIST SUBMIT.RDS=(SUBMIT)*.*/HOST:32/MASTER:17/CHECK/RETRIES:1
	RDIST SWORK.RDS =(SWORK)*.*/HOST:32/MASTER:17/CHECK/RETRIES:1
	;     SYS is done last
	RDIST SYS002.RDS=(SYS0025TT)*.*/HOST:32/MASTER:17/CHECK/RETRIES:1
	RDIST SYSAD0.RDS=(SYSADM20)*.*/HOST:32/MASTER:17/CHECK/RETRIES:1
	RDIST SYSAD1.RDS=(SYSADM21)*.*/HOST:32/MASTER:17/CHECK/RETRIES:1
	RDIST SYSFIL.RDS=(SYSFIL)*.*/HOST:32/MASTER:17/CHECK/RETRIES:1
	RDIST SYSINF.RDS=(SYSINFO)*.*/HOST:32/MASTER:17/CHECK/RETRIES:1
	RDIST SYSMAI.RDS=(SYSMAINT)*.*/HOST:32/MASTER:17/CHECK/RETRIES:1
	RDIST SYSNEW.RDS=(SYSNEWS)*.*/HOST:32/MASTER:17/CHECK/RETRIES:1
	RDIST SYSJOE.RDS=(SYSTEMS-JOE)*.*/HOST:32/MASTER:17/CHECK/RETRIES:1
	RDIST TBATLI.RDS=(TBATLIB)*.*/HOST:32/MASTER:17/CHECK/RETRIES:1
	RDIST TED.RDS   =(TED)*.*/HOST:32/MASTER:17/CHECK/RETRIES:1
	RDIST TELE.RDS  =(TELE)*.*/HOST:32/MASTER:17/CHECK/RETRIES:1
	RDIST TIIDEV.RDS=(TIIDEV)*.*/HOST:32/MASTER:17/CHECK/RETRIES:1
	RDIST TJB.RDS   =(TJB)*.*/HOST:32/MASTER:17/CHECK/RETRIES:1
	RDIST TODD.RDS  =(TODD)*.*/HOST:32/MASTER:17/CHECK/RETRIES:1
	;     TOOLS11 is on X14
	RDIST TOPS10.RDS=(TOPS10)*.*/HOST:32/MASTER:17/CHECK/RETRIES:1
	RDIST TOP701.RDS=(TOPS10-701)*.*/HOST:32/MASTER:17/CHECK/RETRIES:1
	RDIST TOP702.RDS=(TOPS10-702)*.*/HOST:32/MASTER:17/CHECK/RETRIES:1
	;     TOPS20 is on X14
	RDIST TRWNET.RDS=(TRWNET)*.*/HOST:32/MASTER:17/CHECK/RETRIES:1
	RDIST TSUCOO.RDS=(TSUCOOP)*.*/HOST:32/MASTER:17/CHECK/RETRIES:1
	RDIST TTR.RDS    (TTR)*.*/HOST:32/MASTER:17/CHECK/RETRIES:1
	RDIST TXSDOC.RDS=(TXSDOC)*.*/HOST:32/MASTER:17/CHECK/RETRIES:1
	RDIST TXSSUP.RDS=(TXSSUP)*.*/HOST:32/MASTER:17/CHECK/RETRIES:1
	RDIST TXSTES.RDS=(TXSTEST)*.*/HOST:32/MASTER:17/CHECK/RETRIES:1
	RDIST TXSTEX.RDS=(TXSTEXT)*.*/HOST:32/MASTER:17/CHECK/RETRIES:1
	RDIST TYM5.RDS  =(TYM5)*.*/HOST:32/MASTER:17/CHECK/RETRIES:1
	RDIST TYMGRI.RDS=(TYMGRIPE)*.*/HOST:32/MASTER:17/CHECK/RETRIES:1
	RDIST TYMNET.RDS=(TYMNET)*.*/HOST:32/MASTER:17/CHECK/RETRIES:1
	RDIST UAS.RDS   =(UAS)*.*/HOST:32/MASTER:17/CHECK/RETRIES:1
	RDIST UN1.RDS   =(UN1)*.*/HOST:32/MASTER:17/CHECK/RETRIES:1
	RDIST UORAIL.RDS=(UORAIL)*.*/HOST:32/MASTER:17/CHECK/RETRIES:1
	RDIST UPL.RDS   =(UPL)*.*/HOST:32/MASTER:17/CHECK/RETRIES:1
	RDIST UTIL.RDS  =(UTIL)*.*/HOST:32/MASTER:17/CHECK/RETRIES:1
	RDIST UWORK.RDS =(UWORK)*.*/HOST:32/MASTER:17/CHECK/RETRIES:1
	RDIST VALDEV.RDS=(VALDEV)*.*/HOST:32/MASTER:17/CHECK/RETRIES:1
	RDIST VALIDA.RDS=(VALIDATE)*.*/HOST:32/MASTER:17/CHECK/RETRIES:1
	RDIST VIEW.RDS  =(VIEW)*.*/HOST:32/MASTER:17/CHECK/RETRIES:1
	RDIST VIVIAN.RDS=(VIVIAN)*.*/HOST:32/MASTER:17/CHECK/RETRIES:1
	RDIST VMAP.RDS  =(VMAP)*.*/HOST:32/MASTER:17/CHECK/RETRIES:1
	RDIST VU.RDS    =(VU)*.*/HOST:32/MASTER:17/CHECK/RETRIES:1
	RDIST VUE.RDS   =(VUE)*.*/HOST:32/MASTER:17/CHECK/RETRIES:1
	RDIST WFW.RDS   =(WFW)*.*/HOST:32/MASTER:17/CHECK/RETRIES:1
	RDIST WFWCUS.RDS=(WFWCUSP)*.*/HOST:32/MASTER:17/CHECK/RETRIES:1
	RDIST WRS.RDS   =(WRS)*.*/HOST:32/MASTER:17/CHECK/RETRIES:1
	RDIST XAIL.RDS  =(XAIL)*.*/HOST:32/MASTER:17/CHECK/RETRIES:1
	RDIST XCONSU.RDS=(XCONSULT)*.*/HOST:32/MASTER:17/CHECK/RETRIES:1
	RDIST XEXEC.RDS =(XEXEC)*.*/HOST:32/MASTER:17/CHECK/RETRIES:1
	RDIST XUEY.RDS  =(XUEY)*.*/HOST:32/MASTER:17/CHECK/RETRIES:1
	RDIST XXARC.RDS =(XXARC)*.*/HOST:32/MASTER:17/CHECK/RETRIES:1
	RDIST YAMM.RDS  =(YAMM)*.*/HOST:32/MASTER:17/CHECK/RETRIES:1
	RDIST YEUX.RDS  =(YEUX)*.*/HOST:32/MASTER:17/CHECK/RETRIES:1
	RDIST ZONNIE.RDS=(ZONNIE)*.*/HOST:32/MASTER:17/CHECK/RETRIES:1
	RDIST ZORK.RDS  =(ZORK)*.*/HOST:32/MASTER:17/CHECK/RETRIES:1
	RDIST ZZZLAS.RDS=(ZZZ-LAST-DIR)*.*/HOST:32/MASTER:17/CHECK/RETRIES:1
	  ;Directories with the most discrepencies
	RDIST CARL.RDS  =(CARL)*.*/HOST:32/MASTER:17/CHECK/RETRIES:1
	RDIST JMS.RDS   =(JMS)*.*/HOST:32/MASTER:17/CHECK/RETRIES:1
	RDIST M33.RDS   =(M33)*.*/HOST:32/MASTER:17/CHECK/RETRIES:1
	RDIST SYS.RDS   =(SYS)*.*/HOST:32/MASTER:17/CHECK/RETRIES:1
	  ;Done
	GFD JMS
	R TYPE
	CHECK3.\$WEEKDAY\=DSKB:(NOT-JMS)*.RDS/LRANGE:5:10/EXIT

; Req #12888 aborted - halted by operator at line 13
     "