!DAYTIM
13-JAN-1987 21:08:50 PST

!PJOB
Frame 7  TTY41  JMS[3,431116] at X95

!RUN (CARL)DIRECT
*CKSUM.DIR=[*,*]*.*/CHECKSUM/EXIT
  Total of 264 pages in 22 files on DSKB: [21477,175251]
  Total of 162 pages in 14 files on DSKB: [1,42313]
  Total of 36 pages in 11 files on DSKB: [3,156346]
  Total of 186 pages in 1 file on DSKB: [1,77445]
  Total of 87 pages in 5 files on DSKB: [21477,263665]
  Total of 39 pages in 3 files on DSKB: [11020,136151]
  Total of 3 pages in 1 file on DSKB: [1,154217]
  Total of 11 pages in 3 files on DSKB: [3,160031]
  Total of 2 pages in 1 file on DSKB: [1,133677]
  Total of 34 pages in 5 files on DSKB: [11447,260004]
  Total of 1345 pages in 61 files on DSKB: [6,270]
  Total of 37 pages in 4 files on DSKB: [3,274033]
  Total of 36 pages in 2 files on DSKB: [11,562]
  Total of 1390 pages in 76 files on DSKB: [1,315372]
  Total of 101 pages in 2 files on DSKB: [1,44355]
  Total of 2 pages in 1 file on DSKB: [3,704010]
  Total of 2 pages in 1 file on DSKB: [3,31116]
  Total of 2 pages in 1 file on DSKB: [3,10765]
  Total of 578 pages in 70 files on DSKB: [1,1]
  Total of 219 pages in 24 files on DSKB: [3,225443]
  Total of 405 pages in 31 files on DSKB: [11334,57510]
  Total of 2 pages in 1 file on DSKB: [3,777776]
  Total of 1181 pages in 83 files on DSKB: [11346,124422]
  Total of 461 pages in 7 files on DSKB: [3,700600]
  Total of 284 pages in 5 files on DSKB: [4,125552]
  Total of 70 pages in 9 files on DSKB: [1,36]
  Total of 1276 pages in 41 files on DSKB: [3,352477]
  Total of 814 pages in 58 files on DSKB: [3,324525]
  Total of 632 pages in 4 files on DSKB: [3,700124]
  Total of 23 pages in 7 files on DSKB: [3,330611]
  Total of 2 pages in 1 file on DSKB: [3,704003]
  Total of 2 pages in 1 file on DSKB: [3,343301]
  Total of 440 pages in 47 files on DSKB: [3,416154]
  Total of 2 pages in 1 file on DSKB: [11447,113414]
  Total of 6731 pages in 112 files on DSKB: [3,42754]
  Total of 4 pages in 2 files on DSKB: [1,21]
  Total of 45 pages in 5 files on DSKB: [6,237]
  Total of 282 pages in 63 files on DSKB: [3,212145]
  Total of 1606 pages in 35 files on DSKB: [3,167357]
  Total of 481 pages in 3 files on DSKB: [11334,431676]
  Total of 2 pages in 1 file on DSKB: [1,355614]
  Total of 10 pages in 5 files on DSKB: [11447,113415]
  Total of 11941 pages in 520 files on DSKB: [1,4]
  Total of 5837 pages in 341 files on DSKB: [3,230623]
  Total of 17655 pages in 103 files on DSKB: [3,431116]
  Total of 35 pages in 2 files on DSKB: [11447,113407]
  Total of 85 pages in 13 files on DSKB: [3,410765]
  Total of 85 pages in 24 files on DSKB: [6,214]
  Total of 1778 pages in 158 files on DSKB: [3,213211]
  Total of 403 pages in 62 files on DSKB: [3,275244]
  Total of 2 pages in 1 file on DSKB: [3,346551]
  Total of 2 pages in 1 file on DSKB: [3,234620]
  Total of 29 pages in 2 files on DSKB: [16316,252100]
  Total of 2 pages in 1 file on DSKB: [14717,27766]
  Total of 155 pages in 10 files on DSKB: [3,35556]
  Total of 33 pages in 6 files on DSKB: [11334,473100]
  Total of 2 pages in 1 file on DSKB: [3,230624]
  Total of 25 pages in 1 file on DSKB: [11334,230737]
  Total of 2 pages in 1 file on DSKB: [3,16154]
  Total of 2 pages in 1 file on DSKB: [3,232154]
  Grand total of 57364 pages in 2078 files

EXIT

!DAYTIM
13-JAN-1987 23:09:06 PST

!DIRECT CKSUM.*

CKSUM   DIR      45  13-JAN-87 2108    ALL RD  NO     22346
CKSUM   LOG       1  13-JAN-87 2108    ALL RD  NO      2560
CKSUM   CTL       2   5-DEC-86 2113    ALL RD  NO        25

!SEND JMS
TYPE LETTER:
; PCOM v1.63 - processed: (JMS)CKSUM.LOG = (JMS)CKSUM.CTL
; Options: DETACH  LOG NOAPPEND SUPERSEDE LICENSE 
; Limits: TIME:60 TRULIMIT:0 
; Status: completed.
; Output recorded in file (JMS)CKSUM.LOG.

mail waiting
!LOGOUT
4193.76 tru
terminal time: 2:00:53
