22:
CONSAT.P01  (TNSM:22)           2  28-Jan-85  23:24  ALL  RD  NO
CONSAT.P02  (TNSM:22)           2  07-Mar-85  02:45  ALL  RD  NO
CONSAT.REQ  (BOFACODE:22)       2  24-Apr-85  21:21  ALL  RD  NO
TYMCOM.REQ  (BOFACODE:22)       4  24-Apr-85  21:21  ALL  RD  NO
CONSAT.P01  (TNSFRA:22)         2  23-Apr-85  21:30  ALL  RD  NO
CONSAT.CRF  (CCHEN:22)        313  21-Jun-84  11:54  ALL  RD  NO
CONSAT.LST  (CCHEN:22)        324  21-Jun-84  15:07  ALL  RD  NO
CONSAT.GEN  (DOLCODE:22)        2  22-Sep-85  19:02  ALL  RD  NO
CONSAT.TYM  (DOLCODE:22)        2  22-Sep-85  19:02  ALL  RD  NO
CONSAT.CMD  (DOLCODE:22)        2  22-Sep-85  19:01  ALL  RD  NO
CONSAT.ESC  (DOLCODE:22)        2  22-Sep-85  19:09  ALL  RD  NO
CONSAT.DO   (DNDSPEC:22)        3  24-Jan-85  04:02  ALL  RD  RD
CONSAT.GID  (DNDSPEC:22)       15  24-Jan-85  04:03  ALL  RD  RD
CONSAT.IMS  (DNDSPEC:22)       47  24-Jan-85  04:09  ALL  RD  RD
CONSAT.ERS  (DNDSPEC:22)       48  08-Nov-85  04:56  ALL  RD  RD
CONSAT.CMD  (NSSC:22)           2  06-Dec-84  13:09  ALL  RD  NO
CONSAT.P01  (NETHERNET:22)      2  06-Mar-85  23:28  ALL  RD  NO
CONSAT.ADD  (CIDNCODE:22)       3  30-Mar-86  02:19  ALL  RD  NO
CONSAT.TYM  (CIDNCODE:22)       2  30-Mar-86  02:19  ALL  RD  NO
CONSAT.305  (CIDNCODE:22)       2  30-Mar-86  02:22  ALL  RD  NO
TYMCOM.UPG  (CIDNCODE:22)       2  30-Mar-86  03:38  ALL  RD  NO
TYMCOM.LST  (CIDNCODE:22)     289  30-Mar-86  03:39  ALL  RD  NO
CONSAT.UPG  (CIDNCODE:22)       3  30-Mar-86  06:37  ALL  RD  NO
CONSAT.304  (CIDNCODE:22)       2  30-Mar-86  06:37  ALL  RD  NO
TYMCOM.ADD  (CIDNCODE:22)       2  30-Mar-86  07:10  ALL  RD  NO
TYMCOM.203  (CIDNCODE:22)       2  30-Mar-86  09:24  ALL  RD  NO
CONSAT.QUE  (MATTHEWS:22)       4  27-Sep-85  09:51  ALL  RD  NO
TYMCOM.T0X  (TNSCTRAIN:22)      2  26-Mar-84  06:59  ALL  RD  NO
CONSAT.P01  (TECHSERV:22)       2  05-Apr-85  05:59  ALL  RD  NO
CONSAT.P07  (SWONG:22)          2  27-Jan-84  14:03  ALL  RD  NO
CONSAT.C01  (SWONG:22)          2  19-Jul-84  13:42  ALL  RD  NO
CONSAT.P01  (SWONG:22)          2  04-Mar-85  13:50  ALL  RD  NO
CONSAT.LIS  (CASGEN:22)         2  01-Oct-84  10:12  ALL  RD  NO
CONSAT.P04  (CASGEN:22)         2  09-Dec-85  12:08  ALL  RD  NO
CONSAT.P03  (CASGEN:22)         2  19-Dec-84  01:36  ALL  RD  NO
CONSAT.QUE  (UKL:22)            4  10-Oct-85  12:17  ALL  RD  NO
TYMCOM.QUE  (UKL:22)           43  10-Oct-85  12:27  ALL  RD  NO
CONSAT.ERS  (NET3:22)          48  17-Mar-86  12:30  ALL  RD  NO
TYMCOM      (MCONWAY:22)        3  04-Sep-85  14:27  ALL  RD  NO
CONSAT.P01  (CLICODES:22)       2  28-Jan-85  23:24  ALL  RD  NO
CONSAT.QUE  (LUEDERK:22)        4  21-Jan-86  12:42  ALL  RD  NO
TYMCOM.QUE  (LUEDERK:22)       43  21-Jan-86  12:37  ALL  RD  NO
CONSAT.305  (ESIMMONS:22)       2  17-Apr-85  19:47  ALL  RD  NO
CONSAT.TYM  (MGTCODE:22)        2  30-Mar-86  01:51  ALL  RD  NO
CONSAT.305  (MGTCODE:22)        2  30-Mar-86  01:51  ALL  RD  NO
TYMCOM.ADD  (MGTCODE:22)        2  30-Mar-86  03:03  ALL  RD  NO
TYMCOM.203  (MGTCODE:22)        2  30-Mar-86  03:03  ALL  RD  NO
TYMCOM.QUE  (MGTCODE:22)       43  30-Mar-86  03:05  ALL  RD  NO
CONSAT.QUE  (MGTCODE:22)        4  30-Mar-86  01:51  ALL  RD  NO
CONSAT.QUE  (DUCODE:22)         4  30-Mar-86  10:27  ALL  RD  NO
CONSAT.FRM  (DUCODE:22)         2  30-Mar-86  10:28  ALL  RD  NO
TYMCOM.QUE  (DUCODE:22)        43  30-Mar-86  11:52  ALL  RD  NO
TYMCOM.DOC  (DUCODE:22)        62  30-Mar-86  14:38  ALL  RD  NO
TYMCOM.F02  (DUCODE:22)        14  30-Mar-86  14:46  ALL  RD  NO
CONSAT.P01  (TEANET:22)         2  28-Jan-85  23:24  ALL  RD  NO
CONSAT.ERS  (CIDNNET:22)       48  17-Mar-86  12:30  ALL  RD  NO
CONSAT.ESC  (INSCODE:22)        2  10-Nov-85  00:01  ALL  RD  NO
CONSAT.D12  (SPS:22)           53  07-May-84  05:25  ALL  RD  NO
CONSAT.305  (SPS:22)           54  14-May-84  18:44  ALL  RD  NO
CONSAT.CPY  (ALCODES:22)        2  13-Feb-86  17:09  ALL  RD  NO
CONSAT.CP2  (ALCODES:22)        2  13-Feb-86  17:09  ALL  RD  NO
CONSAT.RNO  (DGAETANI:22)       4  21-Nov-85  20:42  ALL  RD  NO
TYMCOM.T01  (DETAS:22)          2  18-Oct-84  02:15  ALL  RD  NO
CONSAT.P01  (WRFS:22)           2  05-Apr-85  06:00  ALL  RD  NO
CONSAT.LST  (TSNNET:22)         2  11-Jun-85  18:24  ALL  RD  NO
CONSAT.CMD  (PACTECH:22)        2  25-Jan-84  19:04  ALL  RD  NO
CONSAT.NIB  (PACTECH:22)       20  21-Feb-84  11:33  ALL  RD  NO
CONSAT.TYM  (PACTECH:22)        2  21-Feb-84  11:31  ALL  RD  NO
CONSAT.T01  (DIALNET:22)        2  10-Dec-85  14:13  ALL  RD  RD
CONSAT.C01  (DIALNET:22)        2  10-Dec-85  14:27  ALL  RD  RD
CONSAT.N01  (DIALNET:22)       24  11-Dec-85  16:51  ALL  RD  RD
CONSAT.P01  (DIALNET:22)        2  13-Dec-85  14:03  ALL  RD  RD
TYMCOM.DOC  (MGTNET:22)        62  07-Nov-85  05:58  ALL  RD  NO
CONSAT.TYM  (RUDMAN:22)         2  15-Jul-83  17:50  ALL  RD  NO
CONSAT.CMD  (RUDMAN:22)         2  15-Jul-83  17:50  ALL  RD  NO
CONSAT.LOD  (RUDMAN:22)         2  15-Jul-83  17:50  ALL  RD  NO
TYMCOM.TYM  (RUDMAN:22)         2  15-Jul-83  18:16  ALL  RD  NO
TYMCOM.CMD  (RUDMAN:22)         2  17-Nov-83  16:30  ALL  RD  NO
CONSAT.OVR  (BTHOMSON:22)       3  28-Sep-84  13:46  ALL  RD  NO
TYMCOM.OPT  (BTHOMSON:22)      10  28-Sep-84  13:53  ALL  RD  NO
TYMCOM.INT  (BTHOMSON:22)      12  28-Sep-84  13:53  ALL  RD  NO
CONSAT.NOT  (DBRUNETT:22)      42  19-Sep-84  13:26   NO  NO  NO
CONSAT.LOG  (DOLNET:22)        14  29-Aug-84  20:08  ALL  RD  NO
CONSAT.GEN  (DOLNET:22)         2  29-Aug-84  20:09  ALL  RD  NO
CONSAT.TYM  (DOLNET:22)         2  29-Aug-84  20:11  ALL  RD  NO
CONSAT.CMD  (DOLNET:22)         2  29-Aug-84  21:29  ALL  RD  NO
CONSAT.QUE  (AOLATUNDE:22)      4  09-Nov-85  03:07  ALL  RD  NO
TYMCOM.QUE  (AOLATUNDE:22)     43  09-Nov-85  03:03  ALL  RD  NO
23:
CONSAT.DO   (DNDSPEC:23)        3  08-Oct-85  20:34  ALL  RD  RD
CONSAT.GID  (DNDSPEC:23)       15  08-Oct-85  20:37  ALL  RD  RD
CONSAT.IMS  (DNDSPEC:23)       47  08-Oct-85  20:37  ALL  RD  RD
CONSAT.ERS  (DNDSPEC:23)       48  08-Nov-85  07:00  ALL  RD  RD
TYMSAT.OUT  (DAULTON:23)        4  12-Feb-85  16:41  ALL  RD  RD
TYMSAT.RPT  (DAULTON:23)        4  15-Mar-85  17:48  ALL  RD  NO
TYMSAT.TYM  (JJOELS:23)         2  06-Sep-85  09:35  ALL  RD  NO
CONSAT.LST  (DBSCHED:23)       11  18-Feb-86  12:25  ALL  RD  NO
CONSAT.FIL  (NETDB:23)         18  20-Mar-85  13:55  ALL  RD  NO
TYMCOM.DOC  (KSALEHI:23)       21  15-Jan-85  20:14  ALL  RD  NO
CONSAT.LST  (PERSTATS:23)       2  23-Oct-85  15:07  ALL  RD  RD
25:
TYMSAT.CMK  (TYMNET:25)         2  20-Aug-85  10:16  ALL  RD  NO
TYMSAT.ABP  (TYMNET:25)         2  05-Aug-85  08:50  ALL  RD  NO
TYMSAT.MIC  (TYMNET:25)         2  27-Dec-84  19:26  ALL  RD  NO
CONSAT.PCH  (TYMNET:25)         2  08-Aug-84  11:57  ALL  RD  NO
CONSAT.PAT  (TYMNET:25)         2  08-Aug-84  11:57  ALL  RD  NO
TYMSAT.CMD  (TYMNET:25)         2  22-Dec-81  12:03  ALL  RD  RD
TYMSAT.TII  (TYMNET:25)         2  04-Dec-81  17:41  ALL  RD  RD
TYMSAT.KAS  (TYMNET:25)         2  16-May-84  18:09  ALL  RD  NO
TYMSAT.BDB  (TYMNET:25)         2  24-Feb-85  11:45  ALL  RD  NO
TYMCOM.TYM  (TRAINLAB:25)       2  23-Mar-83  23:43  ALL  RD  NO
TYMCOM.CMD  (TRAINLAB:25)       2  23-Mar-83  23:52  ALL  RD  NO
TYMCOM.NAD  (TRAINLAB:25)       2  08-Jul-84  14:19  ALL  RD  NO
TYMSAT.TYM  (TRAINLAB:25)       2  24-Mar-83  13:17  ALL  RD  NO
TYMSAT.CMD  (TRAINLAB:25)       2  23-Mar-83  23:51  ALL  RD  NO
CONSAT.P01  (LANCRENON:25)      2  07-May-85  07:03  ALL  RD  NO
CONSAT.DO   (DNDSPEC:25)        3  23-Jan-85  00:40  ALL  RD  RD
CONSAT.GID  (DNDSPEC:25)       15  23-Jan-85  00:40  ALL  RD  RD
CONSAT.IMS  (DNDSPEC:25)       47  23-Jan-85  00:43  ALL  RD  RD
CONSAT.ERS  (DNDSPEC:25)       48  08-Nov-85  07:06  ALL  RD  RD
CONSAT.PAT  (PTD1:25)           2  01-Jun-85  09:48  ALL  RD  NO
CONSAT.PCH  (PTD1:25)           2  11-Nov-85  22:22  ALL  RD  NO
CONSAT.MEM  (TECHSERV:25)       3  18-Jan-84  17:11  ALL  RD  NO
TYMSAT      (TECHSERV:25)      21  20-Feb-86  12:42  ALL  RD  NO
CONSAT.P01  (PCM:25)            2  06-Feb-85  07:05  ALL  RD  NO
CONSAT.P01  (CNFETECH:25)       2  01-Apr-85  09:09  ALL  RD  NO
TYMSAT      (TCSUP:25)         22  28-Mar-86  10:39  ALL  RD  NO
CONSAT.QUE  (CATECH:25)         4  01-Nov-83  12:13  ALL  RD  NO
CONSAT.ESC  (SWONG:25)          2  17-Apr-85  12:00  ALL  RD  NO
TYMSAT      (JSMITH:25)         2  24-Mar-86  13:11  ALL  RD  NO
CONSAT.TYM  (BWING:25)          2  16-Dec-85  19:02  ALL  RD  NO
CONSAT.CMD  (BWING:25)          2  05-Nov-85  16:31  ALL  RD  NO
TYMCOM.CMD  (BWING:25)          2  06-May-85  21:25  ALL  RD  NO
TYMCOM.C05  (BWING:25)          2  18-Dec-85  11:16  ALL  RD  NO
TYMCOM.C04  (BWING:25)          2  18-Dec-85  11:17  ALL  RD  NO
TYMCOM.C03  (BWING:25)          2  18-Dec-85  11:17  ALL  RD  NO
TYMCOM.QUE  (NET3:25)          43  01-May-85  13:52  ALL  RD  NO
CONSAT.CMD  (KORALEWSKIR:25)    2  17-May-84  10:36  ALL  RD  NO
CONSAT.QUE  (LUEDERK:25)        4  27-Nov-84  10:43  ALL  RD  NO
TYMCOM.QUE  (LUEDERK:25)       43  27-Nov-84  10:44  ALL  RD  NO
TYMCOM.MSG  (INTLTECH:25)       2  12-Feb-85  10:39  ALL  RD  NO
CONSAT.C01  (TOOMEYF:25)        2  05-Dec-85  14:38  ALL  RD  NO
CONSAT.T01  (TOOMEYF:25)        2  05-Dec-85  14:38  ALL  RD  NO
CONSAT.HED  (RREYES:25)         2  21-Jan-86  11:37  ALL  RD  NO
CONSAT.VAL  (JJOELS:25)         3  27-Mar-86  10:18  ALL  RD  NO
TYMSAT.TYM  (JJOELS:25)         2  25-Sep-85  13:01  ALL  RD  NO
CONSAT.HED  (METTECH:25)        2  21-Jan-86  11:37  ALL  RD  NO
CONSAT.DSR  (TNSUKM:25)         3  31-Oct-83  20:05  ALL  RD  NO
CONSAT.PCH  (MMCCOY:25)         2  17-Jul-84  18:32  ALL  RD  NO
CONSAT.PAT  (MMCCOY:25)         2  10-Nov-83  16:40  ALL  RD  NO
CONSAT.PCH  (JREID:25)          2  17-Jul-84  18:32  ALL  RD  NO
CONSAT.PAT  (JREID:25)          2  10-Nov-83  16:40  ALL  RD  NO
CONSAT.WRT  (KRUMVP:25)         2  04-Jun-85  00:13  ALL  RD  NO
CONSAT.PCH  (KRUMVP:25)         2  02-Feb-86  05:18  ALL  RD  NO
CONSAT.LOC  (JONAS:25)          2  18-Jan-83  15:02  ALL  RD  NO
CONSAT      (WARNERD:25)        2  13-Dec-85  12:41  ALL  RD  NO
CONSAT.QUE  (JAKOBITZ:25)       4  27-Nov-84  10:43  ALL  RD  NO
TYMCOM.QUE  (JAKOBITZ:25)      43  27-Nov-84  10:44  ALL  RD  NO
CONSAT.PAT  (POSTECH:25)        2  10-Nov-83  16:40  ALL  RD  NO
CONSAT.PCH  (POSTECH:25)        2  17-Jul-84  18:32  ALL  RD  NO
CONSAT.LOC  (FTCNET:25)         2  03-Jan-86  11:11  ALL  RD  NO
CONSAT.PAT  (TDFTECH:25)        2  19-Mar-86  10:41  ALL  RD  NO
CONSAT.PCH  (TDFTECH:25)        2  19-Mar-86  10:41  ALL  RD  NO
26:
CONSAT.P02  (LANCRENON:26)      2  07-May-85  03:23  ALL  RD  NO
CONSAT.P01  (LANCRENON:26)      2  07-May-85  04:37  ALL  RD  NO
CONSAT.P03  (LANCRENON:26)      2  13-May-85  07:07  ALL  RD  NO
CONSAT.LEE  (LANCRENON:26)      2  14-Jun-85  02:12  ALL  RD  NO
TYMCOM.P01  (LANCRENON:26)      2  18-Dec-85  02:17  ALL  RD  NO
TYMCOM.P10  (LANCRENON:26)      2  27-Dec-85  02:58  ALL  RD  NO
CONSAT.P01  (TNSISIS:26)        2  17-Jun-85  08:33  ALL  RD  NO
CONSAT.P01  (DATAPAK:26)        2  21-Feb-85  07:09  ALL  RD  RD
CONSAT.QUE  (MACNULTY:26)       4  23-Dec-85  00:40  ALL  RD  NO
TYMCOM.QUE  (MACNULTY:26)      43  23-Dec-85  00:46  ALL  RD  NO
TYMCOM.C00  (TRAINLAB:26)       2  18-Jul-84  20:33  ALL  RD  NO
TYMCOM.CMD  (TRAINLAB:26)       2  18-Aug-84  10:05  ALL  RD  NO
TYMCOM.TYM  (TRAINLAB:26)       3  18-Aug-84  10:07  ALL  RD  NO
CONSAT.P03  (BPTYME:26)         2  13-May-85  07:07  ALL  RD  NO
CONSAT.DO   (DNDSPEC:26)        3  26-Dec-85  14:20  ALL  RD  RD
CONSAT.ERS  (DNDSPEC:26)       48  26-Dec-85  14:20  ALL  RD  RD
CONSAT.GID  (DNDSPEC:26)       15  26-Dec-85  14:21  ALL  RD  RD
CONSAT.IMS  (DNDSPEC:26)       47  26-Dec-85  14:21  ALL  RD  RD
TYMCOM.T0X  (TNSCTRAIN:26)      2  22-May-85  21:59  ALL  RD  NO
CONSAT.P01  (NETHERNET:26)      2  21-Feb-85  07:09  ALL  RD  NO
CONSAT.P01  (PCM:26)            2  07-May-85  04:37  ALL  RD  NO
CONSAT.P01  (DAMPAC:26)         2  09-Jul-85  04:57  ALL  RD  NO
CONSAT.P03  (BPNET:26)          2  13-May-85  07:07  ALL  RD  NO
CONSAT.PRB  (MWITHERS:26)       2  18-Sep-85  08:25  ALL  RD  NO
CONSAT.QUE  (UKL:26)            4  19-Jul-85  01:49  ALL  RD  RD
TYMCOM.QUE  (UKL:26)           43  19-Jul-85  01:49  ALL  RD  RD
CONSAT.QUE  (LUEDERK:26)        4  21-Jan-86  12:23  ALL  RD  NO
TYMCOM.QUE  (LUEDERK:26)       43  21-Jan-86  12:19  ALL  RD  NO
CONSAT.P01  (TEANET:26)         2  21-Feb-85  07:09  ALL  RD  NO
CONSAT.QUE  (SPS:26)            4  23-Dec-85  00:40  ALL  RD  NO
CONSAT.305  (SPS:26)           54  30-May-85  01:56  ALL  RD  NO
TYMCOM.QUE  (SPS:26)           43  23-Dec-85  00:46  ALL  RD  NO
CONSAT.D12  (SPS:26)           53  30-May-85  05:05  ALL  RD  NO
CONSAT      (UKOPS:26)          2  21-Jan-86  08:56  ALL  RD  NO
CONSAT.ESC  (INSCODE:26)        2  29-Mar-86  05:44  ALL  RD  NO
CONSAT.P01  (TNSCNET:26)        2  09-Jul-85  04:57  ALL  RD  NO
TYMCOM.N02  (VBOHAN:26)        26  28-Feb-86  02:25  ALL  RD  NO
TYMCOM.T02  (VBOHAN:26)         2  09-Jan-86  02:20  ALL  RD  NO
TYMCOM.C02  (VBOHAN:26)         2  09-Jan-86  02:10  ALL  RD  NO
CONSAT.QUE  (BELLINI:26)        4  11-Oct-84  10:29  ALL  RD  NO
TYMCOM.QUE  (BELLINI:26)       43  12-Oct-84  05:37  ALL  RD  NO
TYMCOM.SCR  (BELLINI:26)        3  04-Sep-84  06:48  ALL  RD  NO
CONSAT.MEN  (TECHTRAIN:26)      2  23-Feb-86  15:55  ALL  RD  NO
CONSAT.CMD  (TECHTRAIN:26)      2  23-Feb-86  15:47  ALL  RD  NO
CONSAT.NIB  (TECHTRAIN:26)     26  23-Feb-86  15:57  ALL  RD  NO
CONSAT.LST  (TSNNET:26)         2  10-Mar-86  11:40  ALL  RD  NO
CONSAT      (TSNNET:26)         2  10-Mar-86  11:37  ALL  RD  NO
CONSAT.T02  (TSNNET:26)         2  21-Mar-86  12:33  ALL  RD  NO
TYMCOM      (TSNNET:26)         2  22-Jan-86  10:49  ALL  RD  NO
TYMCOM.T01  (TSNNET:26)         3  21-Mar-86  12:32  ALL  RD  NO
CONSAT.MSG  (WRFSC:26)          2  20-May-85  07:39  ALL  RD  NO
TYMCOM.MSG  (WRFSC:26)          2  20-May-85  07:38  ALL  RD  NO
CONSAT.P01  (TNSETS:26)         2  11-Jun-85  02:30  ALL  RD  NO
CONSAT      (DGAUVIN:26)        2  27-Mar-86  06:55  ALL  RD  NO
TYMCOM      (DGAUVIN:26)        2  27-Mar-86  06:54  ALL  RD  NO
TYMSAT      (DGAUVIN:26)        2  27-Mar-86  12:31  ALL  RD  NO
27:
28:
TYMSAT.DMS  (ACCG1:28)          7  04-Apr-85  11:48  ALL  RD  NO
TYMSAT      (TYMRES:28)        16  28-Feb-84  13:45  ALL  RD  NO
TYMCOM.DAT  (TOPS:28)        5189  09-Jul-85  12:50  ALL  RD  NO
CONSAT.DO   (DNDSPEC:28)        3  07-May-85  02:37  ALL  RD  RD
CONSAT.GID  (DNDSPEC:28)       15  10-May-85  04:45  ALL  RD  RD
CONSAT.IMS  (DNDSPEC:28)       47  10-May-85  04:48  ALL  RD  RD
CONSAT.ERS  (DNDSPEC:28)       48  10-Nov-85  03:14  ALL  RD  RD
TYMSAT.ND   (SYSDAT:28)      8280  02-May-85  09:28  ALL RUN  NO
TYMSAT.NS   (SYSDAT:28)      5848  01-May-85  17:00  ALL RUN  NO
TYMSAT.FIL  (SYSDAT:28)         3  02-Jul-84  10:30  ALL  RD  RD
TYMSAT.NLA  (NETENG:28)         3  11-Jan-85  13:10  ALL  RD  NO
TYMSAT      (TCSUP:28)         22  28-Mar-86  08:36  ALL  RD  NO
TYMSAT      (MKTGINFO:28)      26  31-Mar-86  08:40  ALL  RD  RD
TYMSAT.NAT  (MKTGINFO:28)      23  31-Mar-86  08:42  ALL  RD  RD
TYMSAT.BAK  (JSMITH:28)        23  28-Mar-86  08:32  ALL  RD  NO
TYMSAT      (JSMITH:28)        22  28-Mar-86  08:36  ALL  RD  NO
TYMSAT.CHI  (AVINASH:28)        5  21-Feb-86  15:37  ALL  RD  NO
CONSAT.HED  (SEATECH:28)        2  22-Aug-84  08:24  ALL  RD  NO
CONSAT.QUE  (LUEDERK:28)        4  21-Jan-86  12:01  ALL  RD  NO
TYMCOM.QUE  (LUEDERK:28)       43  21-Jan-86  11:53  ALL  RD  NO
TYMSAT.C01  (NTS:28)            2  19-May-82  13:15  ALL  RD  NO
TYMCOM.C02  (NTS:28)            2  29-Apr-82  09:57  ALL  RD  NO
TYMSAT.D    (TSNNET:28)         1  06-Jul-81  14:02  ALL  RD  NO
TYMSAT.703  (TSNNET:28)         2  29-Jul-81  11:59  ALL  RD  NO
CONSAT.LST  (SHARMA:28)         2  23-Oct-85  12:39  ALL  RD  NO
TYMCOM.OUT  (SHARMA:28)        96  02-Jul-85  18:14  ALL  RD  NO
TYMCOM.DMI  (SHARMA:28)         2  14-Jul-85  16:43  ALL  RD  NO
TYMSAT      (TCSUPMAIL:28)     15  17-Feb-84  12:27  ALL  RD  RD
CONSAT.QUE  (EASTPNET:28)       4  21-Jun-83  14:01  ALL  RD  NO
TYMCOM.QUE  (EASTPNET:28)      43  21-Jun-83  14:03  ALL  RD  NO
TYMCOM.TST  (CGAIR:28)          2  01-Jun-83  07:10  ALL  RD  NO
29:
TYMCOM.SYS  (SDANIELS:29)       2  09-Feb-80  18:14  ALL  RD  NO
30:
TYMCOM.ERR  (TESTEOM:30)        2  05-Nov-82  21:00  ALL  RD  NO
TYMCOM.MAY  (TESTEOM:30)        3  08-Jun-82  10:53  ALL  RD  NO
TYMCOM.JUL  (TESTEOM:30)        2  05-Aug-82  11:04  ALL  RD  NO
TYMCOM.NOV  (TESTEOM:30)        2  15-Nov-82  09:27  ALL  RD  NO
TYMCOM      (TESTEOM:30)        2  21-Nov-82  13:25  ALL  RD  NO
TYMSAT.ERR  (TESTEOM:30)        1  05-Nov-82  21:01  ALL  RD  NO
TYMSAT.MAY  (TESTEOM:30)        2  08-Jun-82  15:02  ALL  RD  NO
TYMSAT.JUL  (TESTEOM:30)        2  05-Aug-82  13:55  ALL  RD  NO
TYMCOM.PR1  (CARRELLA:30)       9  13-Nov-84  09:27  ALL  RD  NO
TYMCOM.ERR  (NETEOM:30)         1  06-Nov-82  02:18  ALL  RD  NO
TYMCOM.JUL  (NETEOM:30)         2  05-Aug-82  17:07  ALL  RD  NO
TYMSAT.ERR  (NETEOM:30)         1  06-Nov-82  02:20  ALL  RD  NO
TYMSAT.JUL  (NETEOM:30)         2  31-Jul-81  16:17  ALL  RD  NO
31:
CONSAT.P01  (DATAPAK:31)        2  29-Nov-85  14:51  ALL  RD  NO
CONSAT.P01  (TNSISIS:31)        2  19-Jun-85  10:55  ALL  RD  NO
CONSAT.P01  (LANCRENON:31)      2  22-May-85  10:52  ALL  RD  NO
CONSAT.P01  (TNSFRA:31)         2  13-Jan-86  04:44  ALL  RD  NO
CONSAT.P03  (BPTYME:31)         2  17-May-85  23:57  ALL  RD  NO
CONSAT.DO   (DNDSPEC:31)        3  26-Oct-85  16:18  ALL  RD  RD
CONSAT.GID  (DNDSPEC:31)       15  26-Oct-85  16:19  ALL  RD  RD
CONSAT.IMS  (DNDSPEC:31)       47  26-Oct-85  16:19  ALL  RD  RD
CONSAT.ERS  (DNDSPEC:31)       48  09-Nov-85  05:51  ALL  RD  RD
CONSAT.P01  (NETHERNET:31)      2  07-Mar-85  01:28  ALL  RD  NO
CONSAT.P01  (DAMPAC:31)         2  09-Sep-85  08:43  ALL  RD  NO
CONSAT.P03  (BPNET:31)          2  18-May-85  08:59  ALL  RD  NO
CONSAT.PRB  (MWITHERS:31)       2  06-Dec-85  11:36  ALL  RD  NO
CONSAT.QUE  (UKL:31)            4  09-Oct-85  06:09  ALL  RD  NO
TYMCOM.QUE  (UKL:31)           43  09-Oct-85  06:09  ALL  RD  NO
CONSAT.IRI  (REGNIER:31)        2  10-Dec-8:34  ALL  RD  NO
CONSAT.ORI  (REGNIER:31)        2  10-Dec-85  03:35  ALL  RD  NO
TYMCOM.ORI  (REGNIER:31)        2  10-Dec-85  03:34  ALL  RD  NO
TYMCOM.IRI  (REGNIER:31)        2  10-Dec-85  03:34  ALL  RD  NO
CONSAT.QUE  (LUEDERK:31)        4  21-Jan-86  13:16  ALL  RD  NO
TYMCOM.QUE  (LUEDERK:31)       43  21-Jan-86  13:12  ALL  RD  NO
CONSAT.P01  (TEANET:31)         2  29-Jan-85  01:24  ALL  RD  NO
CONSAT.305  (SPS:31)           54  24-May-85  10:11  ALL  RD  NO
CONSAT.D12  (SPS:31)           53  24-May-85  11:11  ALL  RD  NO
CONSAT.P01  (SPS:31)            2  22-May-85  10:52  ALL  RD  NO
CONSAT.QUE  (UKOPS:31)          4  25-Jul-85  23:53  ALL  RD  NO
TYMCOM.QUE  (UKOPS:31)         43  26-Jul-85  00:03  ALL  RD  NO
CONSAT.ESC  (INSCODE:31)        2  03-Dec-85  14:42  ALL  RD  NO
TYMCOM.PAT  (PMELLET:31)        2  04-Nov-80  10:36  ALL  RD  NO
CONSAT.P01  (TNSCNET:31)        2  09-Jul-85  18:04  ALL  RD  NO
TYMCOM.T01  (DETAS:31)          2  18-Oct-84  04:15  ALL  RD  NO
CONSAT.LST  (TSNNET:31)         2  01-Nov-85  15:19  ALL  RD  NO
CONSAT      (TSNNET:31)         2  22-Jan-86  13:02  ALL  RD  NO
TYMCOM      (TSNNET:31)         2  22-Jan-86  12:49  ALL  RD  NO
CONSAT.ERS  (SWBNET:31)        37  28-Jan-85  23:14  ALL  RD  NO
CONSAT.QUE  (SWBNET:31)         4  15-May-85  09:28  ALL  RD  NO
TYMCOM.DOC  (SWBNET:31)        62  01-Nov-85  16:19  ALL  RD  NO
TYMCOM.QUE  (SWBNET:31)        43  01-May-85  15:17  ALL  RD  NO
33:
CONSAT.PAT  (PTD1:33)           2  16-Jan-85  15:25  ALL  RD  NO
CONSAT.PCH  (PTD1:33)           2  11-Nov-85  20:14  ALL  RD  NO
CONSAT.C01  (TYM5:33)           2  07-Dec-85  17:15  ALL  RD  NO
CONSAT.FND  (TYM5:33)           2  16-Aug-85  12:16  ALL  RD  RD
TYMSAT.CMK  (TYM5:33)           2  20-Aug-85  08:15  ALL  RD  RD
TYMSAT.ABP  (TYM5:33)           2  05-Aug-85  06:47  ALL  RD  RD
CONSAT.MER  (TYM5:33)           2  28-Mar-85  14:58  ALL  RD  RD
CONSAT.V3   (TYM5:33)           2  20-Mar-85  20:10  ALL  RD  RD
CONSAT.V2   (TYM5:33)           2  20-Mar-85  19:58  ALL  RD  RD
CONSAT.V1   (TYM5:33)           2  20-Mar-85  19:26  ALL  RD  RD
CONSAT.BDB  (TYM5:33)           2  14-Feb-85  14:34  ALL  RD  RD
TYMSAT.MIC  (TYM5:33)           2  13-May-85  16:54  ALL  RD  RD
CONSAT.PVC  (TYM5:33)           2  05-Dec-84  11:44  ALL  RD  RD
CONSAT.LOC  (TECHSERV:33)       2  11-Mar-86  08:51  ALL  RD  NO
TYMCOM.LOC  (TECHSERV:33)       2  11-Mar-86  09:08  ALL  RD  NO
CONSAT.TYM  (BWING:33)          2  24-Mar-86  13:42  ALL  RD  NO
CONSAT.CMD  (BWING:33)          2  21-Mar-86  15:16  ALL  RD  NO
CONSAT.LOC  (BWING:33)          2  11-Mar-86  08:51  ALL  RD  NO
CONSAT.N03  (BWING:33)         23  24-Mar-86  13:50  ALL  RD  NO
TYMCOM.C05  (BWING:33)          2  14-Aug-85  12:03  ALL  RD  NO
TYMCOM.C04  (BWING:33)          2  15-Aug-85  11:12  ALL  RD  NO
TYMCOM.C03  (BWING:33)          2  19-Aug-85  15:12  ALL  RD  NO
TYMCOM.C06  (BWING:33)          2  30-Jan-86  15:27  ALL  RD  NO
TYMCOM.LOC  (BWING:33)          2  11-Mar-86  09:08  ALL  RD  NO
CONSAT.HED  (SEATECH:33)        2  30-Aug-84  15:06  ALL  RD  NO
TYMCOM.DOC  (NTS:33)            2  11-Jul-77  08:05  ALL  RD  NO
CONSAT.CPT  (INTLTECH:33)       9  22-Jul-85  09:52  ALL  RD  NO
CONSAT.T01  (TOOMEYF:33)        2  26-Feb-85  12:16  ALL  RD  NO
CONSAT.C01  (TOOMEYF:33)        2  26-Feb-85  12:16  ALL  RD  NO
CONSAT.HED  (RREYES:33)         2  30-Aug-84  15:06  ALL  RD  NO
TYMCOM.DOC  (SLIANG:33)        62  01-Apr-85  12:46  ALL  RD  NO
CONSAT.WRT  (KRUMVP:33)         2  04-Jun-85  01:51  ALL  RD  NO
CONSAT      (KRUMVP:33)         4  12-Mar-86  16:17  ALL  RD  NO
CONSAT.NOT  (MIMI:33)          42  26-Sep-84  09:24  ALL  RD  NO
CONSAT.EXT  (MIMI:33)           2  27-Sep-84  10:08  ALL  RD  NO
CONSAT.RFI  (MIMI:33)           2  17-Sep-85  17:10  ALL  RD  NO
TYMCOM.DOC  (DBURKS:33)        62  21-Oct-85  14:30  ALL  RD  NO
TYMCOM.QUE  (DBURKS:33)        19  30-Oct-85  08:42  ALL  RD  NO
CONSAT.PCH  (JREID:33)          2  17-Jul-84  16:32  ALL  RD  NO
CONSAT.PAT  (JREID:33)          2  10-Nov-83  14:40  ALL  RD  NO
TYMCOM.DOC  (NEDIST:33)        62  12-Jul-85  11:19  ALL  RD  NO
TYMCOM.QUE  (TNGO:33)          43  07-Mar-85  18:44  ALL  RD  NO
TYMCOM.NAD  (ARELLA:33)         2  21-Aug-84  09:26  ALL  RD  NO
34:
TYMCOM.JPN  (JCM:34)            3  26-Jan-86  18:37  ALL  RD  NO
TYMCOM.DOC  (OGURA:34)         21  21-Mar-85  20:53  ALL  RD  NO
CONSAT.PAT  (TDFTECH:34)        2  10-Nov-83  14:40  ALL  RD  NO
CONSAT.PCH  (TDFTECH:34)        2  17-Jul-84  16:32  ALL  RD  NO
TYMCOM.TST  (MATTHEWS:34)       3  17-Jan-86  14:34  ALL  RD  NO
TYMSAT.TST  (MATTHEWS:34)       3  17-Jan-86  14:36  ALL  RD  NO
CONSAT.WRT  (KRUMVP:34)         2  04-Jun-85  01:51  ALL  RD  NO
CONSAT.PCH  (KRUMVP:34)         2  03-Feb-86  02:08  ALL  RD  NO
TYMCOM.DOC  (OBARA1:34)        21  22-Mar-85  03:55   CP  NO  NO
TYMCOM.ANZ  (LAMPMAN:34)        3  28-Oct-85  20:53  ALL  RD  NO
TYMCOM.PIP  (LAMPMAN:34)        3  08-Aug-85  21:11  ALL  RD  NO
TYMSAT.PIP  (LAMPMAN:34)        3  08-Aug-85  20:36  ALL  RD  NO
TYMSAT.ANZ  (LAMPMAN:34)        3  28-Oct-85  20:38  ALL  RD  NO
TYMCOM.DOC  (FUJISAWA:34)      20  30-Jul-85  21:35  ALL  RD  NO
35:
TYMCOM.154  (DIST93A:35)       22  02-Aug-84  14:10  ALL  RD  RD
TYMCOM.RND  (NASON:35)         84  01-Jul-85  08:48  ALL  RD  NO
TYMCOM      (ACCNTRL:35)        1  19-Jun-85  17:02  ALL  RD  NO
36:
CONSAT.DO   (DNDSPEC:36)        3  08-Oct-85  23:30  ALL  RD  RD
CONSAT.GID  (DNDSPEC:36)       15  08-Oct-85  23:31  ALL  RD  RD
CONSAT.IMS  (DNDSPEC:36)       47  08-Oct-85  23:31  ALL  RD  RD
CONSAT.ERS  (DNDSPEC:36)       48  09-Nov-85  03:59  ALL  RD  RD
CONSAT.402  (ASYNC:36)         63  13-Mar-86  17:42  ALL  RD  NO
CONSAT.NOT  (ASYNC:36)         42  13-Mar-86  19:47  ALL  RD  NO
CONSAT.MEM  (BECHLYT:36)        2  10-Feb-86  12:16  ALL  RD  NO
TYMCOM.T02  (BECHLYT:36)        2  10-Feb-86  12:24  ALL  RD  NO
TYMCOM.C02  (BECHLYT:36)        2  10-Feb-86  12:26  ALL  RD  NO
CONSAT.401  (ASYNCBAK:36)      60  13-Mar-86  19:09  ALL  RD  NO
CONSAT.400  (ASYNCBAK:36)      57  13-Mar-86  19:24  ALL  RD  NO
CONSAT.305  (ASYNCBAK:36)      54  13-Mar-86  19:33  ALL  RD  NO
CONSAT.402  (ASYNCBAK:36)      63  13-Mar-86  17:04  ALL  RD  NO
CONSAT.LOG  (ATFSTO:36)         1  03-Mar-86  10:23  ALL  RD  NO
CONSAT.P01  (ASYNCTEST:36)      2  13-Mar-86  17:08  ALL  RD  NO
CONSAT.NIB  (MATUCHAD:36)      27  24-Feb-86  11:52  ALL  RD  NO
CONSAT.403  (ASYNCDEV:36)      47  13-Mar-86  17:00  ALL  RD  NO
CONSAT.BAK  (ASYNCDEV:36)      47  13-Mar-86  17:43  ALL  RD  NO
CONSAT.402  (ASYNCDEV:36)      64  14-Mar-86  13:41  ALL  RD  NO
TYMCOM.VAX  (DENCOFF:36)        3  26-Nov-85  10:37  ALL  RD  NO
TYMCOM.DOC  (ANEWMAN:36)       40  05-Aug-85  10:47  ALL  RD  NO
37:
CONSAT.P01  (TNSM:37)           2  21-Feb-85  09:09  ALL  RD  NO
CONSAT.P02  (TNSM:37)           2  08-Mar-85  02:43  ALL  RD  NO
CONSAT.REQ  (BOFACODE:37)       2  02-Nov-84  17:59  ALL  RD  NO
TYMCOM.REQ  (BOFACODE:37)       4  02-Nov-84  17:59  ALL  RD  NO
CONSAT.T01  (ENSS:37)           2  05-Jun-85  07:30  ALL  RD  NO
CONSAT.X    (ENSS:37)           2  05-Jun-85  07:30  ALL  RD  NO
CONSAT.C01  (ENSS:37)           2  30-May-85  08:24  ALL  RD  NO
CONSAT.NDX  (ENSS:37)           2  05-Jun-85  07:30  ALL  RD  NO
CONSAT.P01  (MARUNET:37)        2  19-Nov-85  23:53  ALL  RD  NO
CONSAT.P04  (CCHEN:37)          2  12-Dec-84  21:34  ALL  RD  NO
CONSAT.NSC  (CCHEN:37)          3  19-Feb-86  20:22  ALL  RD  NO
CONSAT.402  (CCHEN:37)          3  07-Mar-86  04:55  ALL  RD  NO
CONSAT.CMD  (DOLCODE:37)        2  27-Aug-84  15:27  ALL  RD  NO
CONSAT.TYM  (DOLCODE:37)        2  27-Aug-84  18:03  ALL  RD  NO
CONSAT.GEN  (DOLCODE:37)        2  27-Aug-84  18:58  ALL  RD  NO
CONSAT.ESC  (DOLCODE:37)        2  05-Mar-85  07:34  ALL  RD  NO
CONSAT.CPT  (BARCODES:37)       9  22-Jul-85  11:54  ALL  RD  NO
CONSAT.BOA  (ANVERM:37)         2  30-Jun-83  12:20  ALL  RD  NO
TYMCOM.BOA  (ANVERM:37)         2  30-Jun-83  12:19  ALL  RD  NO
CONSAT.DO   (DNDSPEC:37)        3  15-Jan-85  17:27  ALL  RD  RD
CONSAT.GID  (DNDSPEC:37)       15  15-Jan-85  17:27  ALL  RD  RD
CONSAT.IMS  (DNDSPEC:37)       47  15-Jan-85  17:30  ALL  RD  RD
CONSAT.ERS  (DNDSPEC:37)       48  09-Nov-85  06:09  ALL  RD  RD
CONSAT.QUE  (MACNULTY:37)       4  24-Mar-86  11:35  ALL  RD  NO
TYMCOM.QUE  (MACNULTY:37)      43  24-Mar-86  11:29  ALL  RD  NO
CONSAT.ADD  (CIDNCODE:37)       3  25-Jan-85  10:34  ALL  RD  NO
CONSAT.TYM  (CIDNCODE:37)       2  04-Feb-85  22:31  ALL  RD  NO
CONSAT.305  (CIDNCODE:37)       2  30-Apr-85  13:19  ALL  RD  NO
TYMCOM.UPG  (CIDNCODE:37)       2  26-Jul-84  22:12  ALL  RD  NO
TYMCOM.LST  (CIDNCODE:37)     289  08-May-85  13:00  ALL  RD  NO
CONSAT.UPG  (CIDNCODE:37)       3  27-Jan-85  14:58  ALL  RD  NO
CONSAT.304  (CIDNCODE:37)       2  27-Jan-85  19:39  ALL  RD  NO
TYMCOM.ADD  (CIDNCODE:37)       2  07-Feb-85  19:52  ALL  RD  NO
TYMCOM.203  (CIDNCODE:37)       2  18-Mar-85  14:11  ALL  RD  NO
CONSAT.P01  (NETHERNET:37)      2  21-Feb-85  09:09  ALL  RD  NO
TYMCOM.TST  (MATTHEWS:37)       3  12-Feb-86  11:21  ALL  RD  NO
TYMSAT.TST  (MATTHEWS:37)       3  12-Feb-86  11:20  ALL  RD  NO
CONSAT.P01  (SWONG:37)          2  04-Mar-85  16:50  ALL  RD  NO
CONSAT.ESC  (SWONG:37)          2  17-Apr-85  12:01  ALL  RD  NO
CONSAT.PRT  (SWONG:37)          2  10-Feb-86  12:57  ALL  RD  NO
CONSAT.P04  (CASGEN:37)         2  28-Aug-85  03:27  ALL  RD  NO
CONSAT.KEP  (CASGEN:37)         2  26-Aug-85  02:14  ALL  RD  NO
TYMCOM.BAK  (FNBCNET:37)        2  07-Mar-86  16:40  ALL  RD  NO
TYMCOM.MEM  (FNBCNET:37)        2  07-Mar-86  16:41  ALL  RD  NO
CONSAT.QUE  (UKL:37)            4  10-Oct-85  05:17  ALL  RD  NO
TYMCOM.QUE  (UKL:37)           43  10-Oct-85  05:28  ALL  RD  NO
TYMCOM      (MCONWAY:37)        3  17-May-85  15:46  ALL  RD  NO
TYMSAT.MEM  (WNFETECH:37)       2  20-Oct-84  00:17  ALL  RD  NO
CONSAT.P01  (CLICODES:37)       2  21-Feb-85  09:09  ALL  RD  NO
CONSAT.QUE  (LUEDERK:37)        4  21-Jan-86  13:36  ALL  RD  NO
TYMCOM.QUE  (LUEDERK:37)       43  21-Jan-86  13:32  ALL  RD  NO
CONSAT.304  (ESIMMONS:37)       2  14-Feb-85  13:26  ALL  RD  NO
CONSAT.TYM  (MGTCODE:37)        2  30-Mar-85  17:26  ALL  RD  NO
CONSAT.305  (MGTCODE:37)        2  30-Jun-85  19:28  ALL  RD  NO
CONSAT.QUE  (MGTCODE:37)        4  19-Jun-85  11:10  ALL  RD  NO
TYMCOM.ADD  (MGTCODE:37)        2  18-Feb-85  22:43  ALL  RD  NO
TYMCOM.203  (MGTCODE:37)        2  18-Feb-85  22:58  ALL  RD  NO
TYMCOM.QUE  (MGTCODE:37)       43  19-Jun-85  10:41  ALL  RD  NO
CONSAT.QUE  (DUCODE:37)         4  08-Jun-84  15:02  ALL  RD  RD
CONSAT.FRM  (DUCODE:37)         2  24-Oct-85  18:04  ALL  RD  NO
TYMCOM.QUE  (DUCODE:37)        43  08-Jun-84  15:03  ALL  RD  RD
TYMCOM.DOC  (DUCODE:37)        62  17-Sep-85  10:15  ALL  RD  NO
TYMCOM.F02  (DUCODE:37)        14  13-Mar-86  09:14  ALL  RD  NO
CONSAT.P01  (TEANET:37)         2  21-Feb-85  09:09  ALL  RD  NO
CONSAT.QUE  (CIDNNET:37)        4  19-Jun-85  11:11  ALL  RD  NO
TYMCOM.QUE  (CIDNNET:37)       43  06-Feb-84  11:43  ALL  RD  NO
CONSAT.CMD  (ATLTECH:37)        2  20-Jun-85  10:56  ALL  RD  NO
TYMCOM.MSG  (ATLTECH:37)        2  22-Apr-85  23:19  ALL  RD  NO
CONSAT.ESC  (INSCODE:37)        2  04-Nov-85  10:15  ALL  RD  NO
CONSAT.D12  (SPS:37)           53  07-May-84  07:25  ALL  RD  NO
CONSAT.305  (SPS:37)           54  14-May-84  20:44  ALL  RD  NO
CONSAT.QUE  (SPS:37)            4  12-Oct-84  05:26  ALL  RD  NO
TYMCOM.QUE  (SPS:37)           43  12-Oct-84  09:39  ALL  RD  NO
CONSAT.ID   (LEEWAKE:37)        2  23-Oct-84  10:58  ALL  RD  NO
CONSAT      (UKOPS:37)          2  18-Feb-86  22:51  ALL  RD  NO
CONSAT.CP2  (ALCODES:37)        2  30-Jan-84  21:09  ALL  RD  NO
CONSAT.CPY  (ALCODES:37)        2  30-Jan-84  21:09  ALL  RD  NO
CONSAT.RNO  (DGAETANI:37)       4  15-Nov-85  09:07  ALL  RD  NO
CONSAT.P01  (TNSCNET:37)        2  21-Feb-85  09:09  ALL  RD  NO
CONSAT.LIS  (NSCNET:37)         2  20-Aug-85  20:52  ALL  RD  NO
CONSAT.P01  (NSCNET:37)         2  25-Aug-85  21:38  ALL  RD  NO
CONSAT.ADD  (DDENIS:37)         3  25-Jan-85  10:34  ALL  RD  NO
TYMCOM.ADD  (DDENIS:37)         2  07-Feb-85  19:52  ALL  RD  NO
CONSAT.GEN  (ALNET:37)          2  14-Apr-84  09:13  ALL  RD  NO
CONSAT.LD   (ALNET:37)          2  14-Apr-84  08:32  ALL  RD  NO
CONSAT.ALS  (ALNET:37)          2  25-Sep-85  13:04  ALL  RD  NO
CONSAT.LST  (TSNNET:37)         2  01-Nov-85  15:19  ALL  RD  NO
CONSAT.REQ  (WRFS:37)           2  19-Jun-84  21:23   NO  NO  NO
TYMCOM.REQ  (WRFS:37)           4  19-Jun-84  21:23   NO  NO  NO
TYMCOM.QUE  (WRFS:37)          43  07-Feb-85  10:53  ALL  RD  NO
TYMCOM.SCH  (WRFS:37)          20  07-Feb-85  16:29  ALL  RD  NO
CONSAT.T04  (PACTECH:37)        2  01-Oct-85  16:57  ALL  RD  RD
CONSAT.SPL  (JWANG:37)          2  19-Feb-86  18:18  ALL  RD  NO
TYMCOM.ESC  (JWANG:37)          2  06-Feb-86  13:20  ALL  RD  NO
CONSAT.N01  (DIALNET:37)       24  03-Jan-85  14:43  ALL  RD  RD
CONSAT.T01  (DIALNET:37)        2  03-Jan-85  14:35  ALL  RD  RD
CONSAT.C01  (DIALNET:37)        2  03-Jan-85  13:56  ALL  RD  RD
CONSAT.P01  (DIALNET:37)        2  07-Feb-85  16:59  ALL  RD  RD
CONSAT.304  (MKNIGHT:37)        2  19-Jun-85  09:19  ALL  RD  NO
CONSAT.P01  (MIMI:37)           2  23-Jul-85  16:01  ALL  RD  NO
CONSAT.MEM  (UCCPAC:37)         2  04-Sep-85  10:32  ALL  RD  NO
CONSAT.LOD  (RUDMAN:37)         2  18-Mar-83  13:59  ALL  RD  NO
CONSAT.TYM  (RUDMAN:37)         2  15-Jan-84  18:15  ALL  RD  NO
CONSAT.CMD  (RUDMAN:37)         2  15-Jan-84  18:15  ALL  RD  NO
TYMCOM.TYM  (RUDMAN:37)         2  18-Mar-83  13:56  ALL  RD  NO
TYMCOM.CMD  (RUDMAN:37)         2  15-Jan-84  18:56  ALL  RD  NO
CONSAT.QUE  (MARCG:37)          4  06-Feb-84  11:43  ALL  RD  NO
CONSAT.UPG  (MARCG:37)          2  26-Jul-84  21:47  ALL  RD  NO
CONSAT.304  (MARCG:37)          2  26-Jul-84  21:13  ALL  RD  NO
TYMCOM.QUE  (MARCG:37)         43  06-Feb-84  11:43  ALL  RD  NO
TYMCOM.ABS  (MARCG:37)          2  06-Apr-84  15:42  ALL  RD  NO
TYMCOM.AID  (MARCG:37)         25  06-Apr-84  16:22  ALL  RD  NO
CONSAT.HKB  (TCHOW:37)          2  26-Apr-85  13:16  ALL  RD  NO
CONSAT.CMD  (DOLNET:37)         2  27-Aug-84  15:27  ALL  RD  NO
CONSAT.TYM  (DOLNET:37)         2  27-Aug-84  18:03  ALL  RD  NO
CONSAT.GEN  (DOLNET:37)         2  27-Aug-84  18:58  ALL  RD  NO
CONSAT.305  (SOMERVIL:37)       2  14-Feb-85  14:13  ALL  RD  NO
38:
CONSAT.LK   (TCSUP:38)          2  09-Apr-85  09:14  ALL  RD  NO
TYMCOM.COM  (MISDBA:38)        12  16-Mar-86  17:15  ALL  RD  NO
TYMCOM.BAT  (PAYROLTYM:38)      2  28-Jul-83  09:45  ALL  RD  NO
54:
CONSAT.PAT  (PTD1:54)           2  01-Jun-85  09:48  ALL  RD  NO
CONSAT.PCH  (PTD1:54)           2  11-Nov-85  22:22  ALL  RD  NO
CONSAT.DO   (DNDSPEC:54)        3  26-Dec-85  16:37  ALL  RD  RD
CONSAT.ERS  (DNDSPEC:54)       48  26-Dec-85  16:37  ALL  RD  RD
CONSAT.GID  (DNDSPEC:54)       15  26-Dec-85  16:38  ALL  RD  RD
CONSAT.IMS  (DNDSPEC:54)       47  26-Dec-85  16:38  ALL  RD  RD
CONSAT.C01  (TYM5:54)           2  07-Dec-85  19:15  ALL  RD  NO
TYMSAT.CMK  (TYM5:54)           2  20-Aug-85  10:15  ALL  RD  RD
TYMSAT.ABP  (TYM5:54)           2  05-Aug-85  08:47  ALL  RD  RD
CONSAT.FND  (TYM5:54)           2  16-Aug-85  14:16  ALL  RD  RD
TYMSAT.MIC  (TYM5:54)           2  13-May-85  18:54  ALL  RD  RD
CONSAT.MER  (TYM5:54)           2  28-Mar-85  16:58  ALL  RD  RD
CONSAT.V3   (TYM5:54)           2  20-Mar-85  22:10  ALL  RD  RD
CONSAT.V2   (TYM5:54)           2  20-Mar-85  21:58  ALL  RD  RD
CONSAT.V1   (TYM5:54)           2  20-Mar-85  21:26  ALL  RD  RD
CONSAT.BDB  (TYM5:54)           2  14-Feb-85  16:34  ALL  RD  RD
CONSAT.PVC  (TYM5:54)           2  05-Dec-84  13:44  ALL  RD  RD
TYMSAT.DMS  (NETCON:54)         7  12-Mar-86  17:04  ALL  RD  NO
CONSAT.TYM  (BWING:54)          2  16-Dec-85  19:35  ALL  RD  NO
TYMCOM.C05  (BWING:54)          2  18-Dec-85  11:03  ALL  RD  NO
TYMCOM.C04  (BWING:54)          2  18-Dec-85  11:03  ALL  RD  NO
TYMCOM.C03  (BWING:54)          2  18-Dec-85  11:03  ALL  RD  NO
CONSAT.C01  (TOOMEYF:54)        2  23-Nov-85  22:57  ALL  RD  NO
CONSAT.T01  (TOOMEYF:54)        2  23-Nov-85  22:57  ALL  RD  NO
CONSAT.HED  (METTECH:54)        2  21-Jan-86  11:35  ALL  RD  NO
CONSAT.EXP  (HOPKINSM:54)       2  16-Jan-86  19:04  ALL  RD  NO
TYMCOM.DOC  (SLIANG:54)        62  20-Dec-85  21:51  ALL  RD  NO
CONSAT.PAT  (MMCCOY:54)         2  10-Nov-83  16:40  ALL  RD  NO
CONSAT.PCH  (KRUMVP:54)         2  02-Feb-86  05:18  ALL  RD  NO
CONSAT.PCH  (JREID:54)          2  17-Jul-84  18:32  ALL  RD  NO
CONSAT.PAT  (JREID:54)          2  10-Nov-83  16:40  ALL  RD  NO
TYMSAT.DMD  (FJAVADI:54)        2  07-May-85  10:31  ALL  RD  NO
TYMSAT.DMI  (FJAVADI:54)        3  07-May-85  10:32  ALL  RD  NO
TYMSAT.DMS  (FJAVADI:54)        7  07-May-85  10:32  ALL RUN  NO
55:
TYMCOM.NAD  (ARELLA:55)         2  21-Aug-84  10:45  ALL  RD  NO
CONSAT.402  (SWEDEL:55)        60  31-Oct-85  03:14  ALL  RD  NO
CONSAT.403  (SWEDEL:55)        45  19-Nov-85  22:08  ALL  RD  NO
TYMCOM.INF  (SDERRY:55)         2  13-Jan-83  21:56  ALL  RD  NO
TYMCOM.BIL  (ENFE:55)           2  21-Nov-84  09:44  ALL  RD  NO
56:
TYMSAT.CBL  (OFARRELL:56)      26  27-Apr-84  19:31  ALL  RD  NO
TYMSAT.LST  (OFARRELL:56)      35  27-Apr-84  19:31  ALL  RD  NO
TYMCOM      (OES:56)            2  21-Oct-85  13:30  ALL  RD  NO
CONSAT.QUE  (TECHREF:56)        4  29-Jan-86  16:27  ALL  RD  NO
CONSAT.DO   (TECHREF:56)        3  15-Dec-81  12:17  ALL  RD  RD
CONSAT.GID  (TECHREF:56)       15  15-Dec-81  12:19  ALL  RD  RD
CONSAT.ERS  (TECHREF:56)       48  07-Nov-85  17:16  ALL  RD  RD
CONSAT.IMS  (TECHREF:56)       47  23-Jul-82  11:38  ALL  RD  RD
TYMCOM.DOC  (TECHREF:56)       62  06-Jan-83  18:23  ALL  RD  RD
57:
CONSAT.INX  (TIIDEV:57)         2  12-Aug-82  19:16  ALL  RD  NO
CONSAT.A00  (TIIDEV:57)        48  26-Aug-82  16:47  ALL  RD  NO
CONSAT.LDO  (TIIDEV:57)         2  26-Aug-82  14:31  ALL  RD  NO
CONSAT.COP  (TIIDEV:57)         2  27-Aug-82  17:23  ALL  RD  NO
CONSAT.CMD  (TIIDEV:57)         2  16-Sep-82  14:54  ALL  RD  NO
CONSAT.KLG  (TIIDEV:57)         2  16-Sep-82  14:55  ALL  RD  NO
CONSAT.INI  (TIIDEV:57)         2  10-Sep-82  14:46  ALL  RD  NO
CONSAT.CSB  (TIIDEV:57)        48  10-Sep-82  02:02  ALL  RD  NO
CONSAT.205  (TIIDEV:57)        50  18-Feb-83  11:55  ALL  RD  NO
CONSAT.NAD  (TIIDEV:57)        51  23-May-83  13:02   RD  RD  NO
CONSAT.DIF  (TIIDEV:57)         6  20-May-83  13:08  ALL  RD  NO
CONSAT.IMS  (DNDSPEC:57)       47  26-Dec-85  17:03  ALL  RD  RD
CONSAT.GID  (DNDSPEC:57)       15  26-Dec-85  17:03  ALL  RD  RD
CONSAT.DO   (DNDSPEC:57)        3  26-Dec-85  17:02  ALL  RD  RD
CONSAT.ERS  (DNDSPEC:57)       48  26-Dec-85  17:02  ALL  RD  RD
CONSAT.DOC  (JLIOU1:57)         3  11-Jan-84  19:44  ALL  RD  NO
CONSAT.PAT  (PTD1:57)           2  10-Nov-83  16:40  ALL  RD  NO
CONSAT.PCH  (PTD1:57)           2  11-Nov-85  17:08  ALL  RD  NO
CONSAT.LST  (GAZEL:57)          2  23-Oct-85  01:08  ALL  RD  NO
TYMSAT.V05  (GAZEL:57)         40  06-Dec-82  18:39  ALL  RD  NO
CONSAT.PAT  (SCHEN:57)          2  10-Nov-83  16:40  ALL  RD  NO
CONSAT.P07  (SCHEN:57)          2  11-Nov-83  18:17  ALL  RD  NO
CONSAT.P04  (SCHEN:57)          2  03-Aug-84  11:45  ALL  RD  NO
CONSAT.TLX  (SCHEN:57)         53  22-Aug-84  17:46  ALL  RD  NO
CONSAT.PCH  (SCHEN:57)          2  30-Jul-85  13:37  ALL  RD  NO
CONSAT.D12  (NETMID:57)        53  06-Dec-83  05:38  ALL  RD  NO
CONSAT.400  (LLIU:57)          57  10-Jan-86  02:16  ALL  RD  NO
CONSAT.402  (LLIU:57)          63  10-Jan-86  00:11  ALL  RD  NO
CONSAT.FFF  (LLIU:57)           2  10-Jan-86  00:16  ALL  RD  NO
CONSAT.DDD  (LLIU:57)           8  10-Jan-86  00:16  ALL  RD  NO
CONSAT.HDR  (LLIU:57)           3  10-Jan-86  00:39  ALL  RD  NO
CONSAT.DDF  (LLIU:57)           4  10-Jan-86  00:40  ALL  RD  NO
CONSAT.SAV  (LLIU:57)          61  10-Jan-86  00:40  ALL  RD  NO
CONSAT.BLK  (LLIU:57)          61  10-Jan-86  00:48  ALL  RD  NO
CONSAT.DIF  (LLIU:57)           8  10-Jan-86  00:55  ALL  RD  NO
CONSAT.LST  (LLIU:57)         509  10-Jan-86  01:12  ALL  RD  NO
CONSAT.402  (SWEDEL:57)        60  09-Jan-86  20:00  ALL  RD  NO
CONSAT.403  (SWEDEL:57)        45  09-Jan-86  19:51  ALL  RD  NO
CONSAT.INX  (TIICODE:57)        2  12-Aug-82  19:16  ALL  RD  NO
CONSAT.A00  (TIICODE:57)       48  26-Aug-82  16:47  ALL  RD  NO
CONSAT.LDO  (TIICODE:57)        2  26-Aug-82  14:31  ALL  RD  NO
CONSAT.COP  (TIICODE:57)        2  27-Aug-82  17:23  ALL  RD  NO
CONSAT.CMD  (TIICODE:57)        2  16-Sep-82  14:54  ALL  RD  NO
CONSAT.KLG  (TIICODE:57)        2  16-Sep-82  14:55  ALL  RD  NO
CONSAT.INI  (TIICODE:57)        2  10-Sep-82  14:46  ALL  RD  NO
CONSAT.CSB  (TIICODE:57)       48  10-Sep-82  02:02  ALL  RD  NO
CONSAT.305  (CONSAT:57)        54  09-Jan-86  22:09  ALL  RD  NO
CONSAT.400  (CONSAT:57)        57  09-Jan-86  21:52  ALL  RD  NO
CONSAT.401  (CONSAT:57)        60  09-Jan-86  21:37  ALL  RD  NO
CONSAT.402  (CONSAT:57)        63  17-Jan-86  04:17  ALL  RD  NO
CONSAT.403  (CONSAT:57)        47  22-Jan-86  03:11  ALL  RD  NO
CONSAT.WRT  (KRUMVP:57)         2  04-Jun-85  03:51  ALL  RD  NO
CONSAT.PCH  (KRUMVP:57)         2  02-Feb-86  04:55  ALL  RD  NO
CONSAT.PAT  (PTD:57)            2  10-Nov-83  16:40  ALL  RD  NO
CONSAT.PCH  (PTD:57)            2  17-Jul-84  18:32  ALL  RD  NO
58:
CONSAT.BAK  (INTLACCTG:58)      2  12-Mar-86  10:40  ALL  RD  NO
CONSAT      (INTLACCTG:58)      2  12-Mar-86  10:43  ALL  RD  NO
62:
TYMCOM.CMD  (DWS:62)            2  08-Jan-82  12:02  ALL  RD  NO
TYMSAT.CAL  (INFO:62)           4  09-Jan-84  11:35  ALL  RD  RD
TYMSAT.ALL  (INFO:62)          16  09-Jan-84  11:13  ALL  RD  RD
65:
70:
TYMSAT.CMK  (TYMNET:70)         2  20-Aug-85  08:16  ALL  RD  NO
TYMSAT.ABP  (TYMNET:70)         2  05-Aug-85  06:50  ALL  RD  NO
CONSAT.PCH  (TYMNET:70)         2  08-Aug-84  09:57  ALL  RD  NO
TYMSAT.MIC  (TYMNET:70)         2  27-Dec-84  17:26  ALL  RD  NO
CONSAT.PAT  (TYMNET:70)         2  08-Aug-84  09:57  ALL  RD  NO
TYMSAT.CMD  (TYMNET:70)         2  22-Dec-81  10:03  ALL  RD  RD
TYMSAT.TII  (TYMNET:70)         2  04-Dec-81  15:41  ALL  RD  RD
TYMSAT.KAS  (TYMNET:70)         2  16-May-84  16:09  ALL  RD  NO
TYMSAT.BDB  (TYMNET:70)         2  24-Feb-85  09:45  ALL  RD  NO
CONSAT.P01  (TNSM:70)           2  04-Feb-85  07:11  ALL RUN RUN
CONSAT.TYM  (DONNELLY:70)       3  23-Oct-84  12:00  ALL  RD  NO
CONSAT      (CCHEN:70)          2  26-Aug-85  11:36  ALL  RD  NO
TYMCOM.NAD  (ARELLA:70)         2  21-Aug-84  10:23  ALL  RD  NO
CONSAT.QUE  (VATECH:70)         4  31-Dec-84  09:43  ALL  RD  NO
TYMCOM.QUE  (VATECH:70)        43  31-Dec-84  09:44  ALL  RD  NO
CONSAT.GID  (DNDSPEC:70)       15  08-Oct-85  23:32  ALL  RD  RD
CONSAT.PAT  (PTD1:70)           2  16-Jan-85  15:25  ALL  RD  NO
CONSAT.PCH  (PTD1:70)           2  11-Nov-85  20:14  ALL  RD  NO
TYMSAT      (TCSUP:70)         22  28-Mar-86  08:39  ALL  RD  NO
CONSAT.LST  (TECHSERV:70)     442  04-Oct-83  09:15  ALL  RD  NO
CONSAT.QUE  (WATECH:70)         4  01-Jul-83  10:09  ALL  RD  NO
TYMCOM.IAC  (WATECH:70)         2  24-Jan-84  14:21  ALL  RD  NO
TYMCOM.QUE  (WATECH:70)        43  16-May-84  13:52  ALL  RD  NO
CONSAT.ESC  (SWONG:70)          2  17-Apr-85  09:55  ALL  RD  NO
TYMSAT      (JSMITH:70)        22  03-Mar-86  11:18  ALL  RD  NO
CONSAT.TYM  (BWING:70)          2  05-Nov-85  14:24  ALL  RD  NO
CONSAT.CMD  (BWING:70)          2  10-Sep-85  11:48  ALL  RD  NO
CONSAT.DEC  (BWING:70)          2  26-Apr-85  14:26  ALL  RD  NO
TYMCOM.CMD  (BWING:70)          2  17-May-85  11:03  ALL  RD  NO
CONSAT.PAT  (TDFTECH:70)        2  10-Nov-83  14:40  ALL  RD  NO
CONSAT.PCH  (TDFTECH:70)        2  17-Jul-84  16:32  ALL  RD  NO
CONSAT.T03  (KORALEWSKIR:70)    2  17-May-84  07:58  ALL  RD  NO
CONSAT.N03  (KORALEWSKIR:70)   24  17-May-84  08:47  ALL  RD  NO
CONSAT.HED  (SEATECH:70)        2  22-Aug-84  08:22  ALL  RD  NO
CONSAT.QUE  (LUEDERK:70)        4  21-Jan-86  13:09  ALL  RD  NO
TYMCOM.QUE  (LUEDERK:70)       43  21-Jan-86  13:03  ALL  RD  NO
CONSAT.C01  (TOOMEYF:70)        2  05-Dec-85  15:12  ALL  RD  NO
CONSAT.T01  (TOOMEYF:70)        2  05-Dec-85  15:13  ALL  RD  NO
CONSAT.PAT  (STEINJ:70)         2  27-Jan-86  15:37  ALL  RD  NO
CONSAT.PCH  (STEINJ:70)         2  27-Jan-86  15:38  ALL  RD  NO
CONSAT.PVC  (MSMA:70)           2  12-Dec-84  21:06  ALL  RD  NO
CONSAT.DSR  (TNSUKM:70)         3  31-Oct-83  18:31  ALL  RD  NO
TYMCOM.QUE  (WRFS:70)          43  17-Jan-85  11:38  ALL  RD  NO
CONSAT.N01  (MIMI:70)          24  19-Jul-84  11:33  ALL  RD  NO
CONSAT.BAK  (MIMI:70)           2  19-Jul-84  11:29  ALL  RD  NO
CONSAT.PAT  (MMCCOY:70)         2  10-Nov-83  14:40  ALL  RD  NO
CONSAT.PCH  (MMCCOY:70)         2  17-Jul-84  16:32  ALL  RD  NO
CONSAT.PCH  (JREID:70)          2  17-Jul-84  16:32  ALL  RD  NO
CONSAT.PAT  (JREID:70)          2  10-Nov-83  14:40  ALL  RD  NO
CONSAT.WRT  (KRUMVP:70)         2  04-Jun-85  01:51  ALL  RD  NO
CONSAT.PCH  (KRUMVP:70)         2  31-Jan-86  17:31  ALL  RD  NO
CONSAT.QUE  (TECHDOC:70)        4  11-Nov-83  07:56  ALL  RD  NO
TYMCOM.QUE  (TECHDOC:70)       43  11-Nov-83  07:57  ALL  RD  NO
CONSAT.QUE  (WRFSC:70)          4  15-May-85  07:18  ALL  RD  NO
CONSAT.QUE  (JAKOBITZ:70)       4  31-Dec-84  09:43  ALL  RD  NO
TYMCOM.QUE  (JAKOBITZ:70)      43  31-Dec-84  09:44  ALL  RD  NO
CONSAT.PAT  (POSTECH:70)        2  10-Nov-83  14:40  ALL  RD  NO
CONSAT.PCH  (POSTECH:70)        2  17-Jul-84  16:32  ALL  RD  NO
72:
74:
TYMCOM      (DANIELSR:74)       2  30-Apr-85  07:19  ALL  RD  NO
TYMCOM      (FREMONTDOC:74)     2  01-Aug-85  04:24  ALL  RD  NO
TYMCOM.BAK  (SPPOPER:74)        2  17-Aug-83  13:06  ALL  RD  NO
TYMCOM.PCO  (SPPOPER:74)        2  17-Aug-83  16:39  ALL  RD  NO
TYMCOM.DAT  (TNPUB:74)          3  25-Jun-84  10:16  ALL ALL ALL
TYMCOM.NEW  (TNPUB:74)          3  10-May-84  09:18  ALL ALL ALL
79:
TYMCOM.COM  (NEWS:79)          13  22-May-85  07:13  ALL  RD  NO
95: cannot build circuit
930:
TYMCOM.NFO  (MONDOC:930)        3  11-Mar-85  02:08  ALL  RD  RD
TYMSAT.CAL  (INFO:930)          4  09-Jan-84  11:35  ALL  RD  RD
TYMSAT.ALL  (INFO:930)         16  09-Jan-84  11:13  ALL  RD  RD
  f