;
 

.r (upl)ftx22
3/20/89
TYMSHARE SYSTEM 1022A (113-2)

* open userdb
* find cust\t\num 16 or cusnum 8 or costc^U
find cusnum 8
64 RECS FOUND.
* @qu
 11346  61364 TDFOCUS        3      8 1 1  4/21/1982 12/31/1999   2007  
 11346  61431 CSS1           3      8 1 1  4/21/1982 12/31/1999   2007  
 11346  62232 AGTDMS         3      8 1 1  4/26/1982 12/31/1999   2007  
 11346 132134 FINNEGAN       3      8 1 1 11/24/1982 12/31/1999   2007  
 11346 142603 LARRYB         3      8 1 1  1/07/1983 12/31/1999   2007  
 11346 132207 DEPUY          3      8 1 1  5/26/1983 12/31/1999   2007  
 11346 233706 MORTON         3      8 1 1  6/20/1983 12/31/1999   2007  
 11346 174041 JACKT          3      8 1 1 11/01/1983 12/31/1999   2007  
 11346 161364 MIKEA          3      8 1 1 11/01/1983 12/31/1999   2007  
 14717  34160 MOSSERJ        3      8 1 1  6/13/1984 12/31/1999   2007  
 11346 345624 APPLANG        3      8 1 1  7/10/1984 12/31/1999   2007 A
 14717  22425 POINTERC       3      8 1 1  7/27/1984 12/31/1999   2007  
     1 150344 1213MGR        3      8 1 1  7/31/1984 12/31/1999   1206 A
 11346 263505 ABELE          3      8 1 1  7/31/1984 12/31/1999   2307 A
 26331 256601 ADMUR          3      8 1 1  7/31/1984 12/31/1999   1206 A
 14717 357427 BAIGENT        3      8 1 1  7/31/1984 12/31/1999   4011  
 14717 376062 BSTRONG        3      8 1 1  7/31/1984 12/31/1999   4011 A
 11346  25620 CUS.SAT        3      8 1 1  7/31/1984 12/31/1999   2507  
 14717 175174 CUSTIN         3      8 1 1  7/31/1984 12/31/1999   2507  
     1      3 DIAG           3      8 1 1  7/31/1984 12/31/1999   1206 A
     1  25104 DIAG10C        3      8 1 1  7/31/1984  9/27/1988   1206  
     1 355614 DIAG10D        3      8 1 1  7/31/1984 12/31/1999   1206 A
     1  25105 DIAG10F        3      8 1 1  7/31/1984 12/31/1999   1206  
     1 235767 DIAG10V        3      8 1 1  7/31/1984  9/27/1988   1206 A
 14717 216521 DONAHUE        3      8 1 1  7/31/1984 12/31/1999   2207 A
 17514 330514 INVB           3      8 1 1  7/31/1984 12/31/1999   4011  
 26331 353614 JHMMUR         3      8 1 1  7/31/1984 12/31/1999   1206 A
 11346 324423 JONESRP        3      8 1 1  7/31/1984 12/31/1999   2036 A
 11346   1716 MEYERG         3      8 1 1  7/31/1984 12/31/1999   2037 A
 26331 242424 MUR            3      8 1 1  7/31/1984 12/31/1999   1206 A
 14717 376111 MURADMIN       3      8 1 1  7/31/1984 12/31/1999   1206 A
 26331 242360 MURMAINT       3      8 1 1  7/31/1984 12/31/1999   1206 A
 11346 155675 REQTYM         3      8 1 1  7/31/1984 12/31/1999   2031  
 11346 217757 RICHARDSON     3      8 1 1  7/31/1984 12/31/1999   2036 A
 11346 132776 TCMCON         3      8 1 1  7/31/1984 12/31/1999   2607 A
 26331 270603 TCMMUR         3      8 1 1  7/31/1984 12/31/1999   1206 A
 11346  23615 TDMS           3      8 1 1  7/31/1984 12/31/1999   5040  
 11346  65716 TDMSDB         3      8 1 1  7/31/1984 12/31/1999   5040  
 14717  54471 WAGUSJ         3      8 1 1  7/31/1984 12/31/1999   1206  
 11346 147204 DIAGINV        3      8 1 1  8/01/1984 12/10/1987   2607 A
 14717 404113 HWPROD         3      8 1 1  9/07/1984 12/31/1999   2007  
 14717   3705 KAISERA        3      8 1 1  9/15/1984 12/31/1999   2052 A
     1 411764 DIAG370        3      8 1 1 10/12/1984 12/31/1999   2037  
 14717  27766 HEALY          3      8 1 1 10/12/1984 12/31/1999   2036  
 14717  27774 JOHNSONPL      3      8 1 1 10/15/1984 12/31/1999   2032  
 14717  30107 BRING          3      8 1 1 11/07/1984 12/31/1999   4011  
 14717  30270 TURNERS        3      8 1 1 12/13/1984 12/31/1999   2032  
 11346 430060 CSS5           3      8 1 1  1/22/1985 12/31/1999   2007  
 11346 430064 CSS6           3      8 1 1  1/22/1985 12/31/1999   2007  
 11346 430066 CSS7           3      8 1 1  1/22/1985 12/31/1999   2007  
 11346 430071 CSS8           3      8 1 1  1/22/1985 12/31/1999   2007  
 11346 430074 CSS9           3      8 1 1  1/22/1985 12/31/1999   2007  
 11346 430100 CSS10          3      8 1 1  1/22/1985 12/31/1999   2007  
 11346 430103 CSS11          3      8 1 1  1/22/1985 12/31/1999   2007  
 14717  30715 HANSENL        3      8 1 1  3/04/1985 12/31/1999   2032  
 14717 441160 RODRIGUEZL     3      8 1 1  3/15/1985 12/31/1999   2036  
 14717 521455 GAMBLED        3      8 1 1 11/14/1985 12/31/1999   2031  
     1  22155 SCAPIK         3      8 1 1  1/31/1986 10/13/1987   2036  
 26331 242423 MURRPT         3      8 1 1  4/01/1988 12/31/1999   1206 A
     1 504716 MAINTFSC       3      8 1 1  4/01/1988 12/31/1999   2036  
 11346 455426 AJOHL          3      8 1 1  9/27/1988 12/31/1999   2036  
 11346 455427 AMOSAFFA       3      8 1 1  9/27/1988 12/31/1999   2036  
     1 235767 PORTERB        3      8 1 1  9/28/1988 12/31/1999   1206 A
     1  25104 WONGB          3      8 1 1  9/28/1988 12/31/1999   1206  
* find cusnum 12
2 RECS FOUND.
* @qv
? (CS50) Unrecognized word
FILE QV.DMC, LINE 1
 @QVT UUN HOST 
* @qu
 11016 127474 MORLEY3        3     12 1 1  4/30/1983  2/19/1988   4001  
 11334 270153 FIN.FOX        3     12 1 1  7/27/1983  2/19/1988   4001  
* find cusnum 21
632 RECS FOUND.
* @qu
 20577 306063 CARRILLOJ      2     21 1 1  2/06/1980 12/31/1999   5002 A
 32173 315344 OSD31971       2     21 1 1  4/21/1980 12/31/1999   5002 A
 20577 175361 OP370ACTG      2     21 1 1  3/30/1982  1/31/1988   5002 A
 20577 236604 ECMACTG        2     21 1 1  3/30/1982  2/16/1988   5002 A
 20577 241373 GRACTG         2     21 1 1  3/30/1982  2/16/1988   5002 A
 20577 167310 OLSONK         2     21 1 1  3/30/1982 12/31/1999   5002 A
 20577 264466 MACPHERSONS    2     21 1 1  3/30/1982 12/31/1999   5002 A
 14130 173373 TYM40604       2     21 1 1  4/06/1983 12/31/1999   5002  
 14130 224277 TYM23130       2     21 1 1  1/11/1984 12/31/1999   2313  
 14130 226003 TYM23120       2     21 1 1  1/11/1984 12/31/1999   2312  
 14130 226605 TYM22140       2     21 1 1  1/11/1984 12/15/1987   2214  
 14130 224275 TYM22130       2     21 1 1  1/11/1984 12/31/1999   2213  
 14130 225266 TYM22100       2     21 1 1  1/11/1984  5/25/1988   2210  
 14130 235241 TYM22120       2     21 1 1  1/11/1984  8/24/1988   2210  
 14130 137030 TYM40182       2     21 1 1  1/13/1984  2/22/1989   4018  
 14130 111406 TYM40320       2     21 1 1  1/13/1984 12/31/1999   4032  
 14130 332263 TYM40330       2     21 1 1  1/13/1984 12/31/1999   4033  
 14130 332241 TYM40380       2     21 1 1  1/14/1984 12/31/1999   4038  
 14130 273166 TYM40420       2     21 1 1  1/14/1984 12/31/1999   4042  
 14130 335136 TYM40430       2     21 1 1  1/14/1984 12/31/1999   4043  
 14130 275656 TYM40440       2     21 1 1  1/14/1984 12/31/1999   4044  
 14130 232460 TYM40450       2     21 1 1  1/14/1984 12/31/1999   4045  
 14130 253070 TYM30010       2     21 1 1  1/14/1984 12/31/1999   3001  
 14130 304316 TYM50370       2     21 1 1  1/14/1984 12/31/1999   5037  
 14130 276123 TYM50380       2     21 1 1  1/15/1984 12/31/1999   5038  
 14130  21644 PSD37440       2     21 1 1  1/19/1984 12/31/1999   3744  
 14130 310756 PSD38060       2     21 1 1  2/07/1984 12/31/1999   3806  
 14130 143516 PSD27360       2     21 1 1  2/09/1984 12/15/1987   2736  
 14130 116243 PSD57330       2     21 1 1  2/09/1984 12/15/1987   5733  
 14130 352001 PSD29250       2     21 1 1  2/09/1984 12/31/1999   2925  
 14130 177532 TYM30020       2     21 1 1  3/06/1984 12/31/1999   3002  
 14130 222030 TYM31360       2     21 1 1  3/06/1984 12/31/1999   3136  
 14130  26021 TYM31450       2     21 1 1  3/06/1984  6/24/1988   3145  
 14130 131476 TYM32500       2     21 1 1  3/06/1984 12/31/1999   3250  
 14130 246176 TYM40460       2     21 1 1  3/06/1984 12/15/1987   4046  
 20577 301224 TELCOACTG      2     21 1 1  3/31/1984 12/31/1999   2001 A
 14130 145730 TYM50600       2     21 1 1  4/17/1984 12/15/1987   5060  
 14130 110526 TYM50610       2     21 1 1  4/17/1984 12/15/1987   5061  
 14130 372545 NET40990       2     21 1 1  5/02/1984 12/31/1999   4099  
 14130 115361 NET34570       2     21 1 1  5/02/1984 12/31/1999   3457  
 14130 213667 NET34580       2     21 1 1  5/04/1984 12/31/1999   3458  
 14130  36562 TYM22040       2     21 1 1  5/09/1984 12/31/1999   2204  
 14130  36616 TYM23050       2     21 1 1  5/10/1984 12/31/1999   2305  
 14130 236206 TYM32520       2     21 1 1  5/30/1984 12/31/1999   3252  
 14130 233665 TYM20060       2     21 1 1  6/12/1984  7/21/1988   2006  
 14130 124063 NET21560       2     21 1 1  6/26/1984 12/15/1987   2156  
 14130   1641 NET34560       2     21 1 1  7/03/1984 12/31/1999   3456  
 22171 255601 MANPROD        2     21 1 1  7/12/1984 12/31/1999   5026  
 14130  11651 NET34550       2     21 1 1  7/12/1984 12/31/1999   3455  
 14130  26502 TYM25060       2     21 1 1  8/08/1984 12/31/1999   2506  
 14130 400155 NET41023       2     21 1 1  8/13/1984 12/31/1999   4102  
 14130 400412 NET21070       2     21 1 1  8/14/1984 12/31/1999   2107  
 14130 410457 TYM22150       2     21 1 1 10/03/1984 12/15/1987   2215  
 14130 410460 TYM22160       2     21 1 1 10/03/1984 12/15/1987   2216  
 14130 410461 TYM23140       2     21 1 1 10/03/1984 12/31/1999   2314  
 14130 410462 TYM23150       2     21 1 1 10/03/1984 12/31/1999   2315  
 14130 416516 TYM23060       2     21 1 1 11/13/1984 12/31/1999   2306  
 14130 416517 TYM20100       2     21 1 1 11/13/1984 12/31/1999   2306  
 14130 425616 TYM40400       2     21 1 1  1/10/1985 12/31/1999   4040  
 14130 426065 TYM41250       2     21 1 1  1/14/1985 12/31/1999   4125  
 14130 426066 TYM41260       2     21 1 1  1/14/1985 12/31/1999   4126  
 14130 426067 TYM41270       2     21 1 1  1/14/1985 12/31/1999   4127  
 14130 426070 TYM41280       2     21 1 1  1/14/1985 12/31/1999   4128  
 14130 426071 TYM41290       2     21 1 1  1/14/1985 12/31/1999   4129  
 14130 426072 TYM41300       2     21 1 1  1/14/1985 12/31/1999   4130  
 14130 426073 TYM41330       2     21 1 1  1/14/1985 12/31/1999   4133  
 14130 426075 TYM41150       2     21 1 1  1/14/1985 12/31/1999   4115  
 14130 426076 TYM41160       2     21 1 1  1/14/1985 12/15/1987   4116  
 14130 426077 TYM41170       2     21 1 1  1/14/1985 12/31/1999   4117  
 14130 426101 TYM41190       2     21 1 1  1/14/1985 12/31/1999   4119  
 14130 426102 TYM41200       2     21 1 1  1/14/1985 12/31/1999   4120  
 14130 426103 TYM41210       2     21 1 1  1/14/1985 12/31/1999   4121  
 14130 426104 TYM41220       2     21 1 1  1/14/1985 12/31/1999   4122  
 14130 426105 TYM41230       2     21 1 1  1/14/1985 12/31/1999   4123  
 14130 426106 TYM41240       2     21 1 1  1/14/1985 12/31/1999   4124  
 14130 426100 TYM41180       2     21 1 1  1/16/1985 12/31/1999   4118  
 14130 430222 TEL28010       2     21 1 1  1/22/1985 12/31/1999   2801  
 14130 430223 TEL28020       2     21 1 1  1/22/1985 12/31/1999   2802  
 14130 430532 NET21210       2     21 1 1  1/24/1985 12/15/1987   2121  
 14130 430535 NET21220       2     21 1 1  1/24/1985 12/31/1999   2122  
 14130 430536 NET34060       2     21 1 1  1/24/1985 12/31/1999   3406  
 14130 430537 NET34160       2     21 1 1  1/24/1985 12/31/1999   3416  
 14130 430540 NET34170       2     21 1 1  1/24/1985 12/31/1999   3417  
 14130 430541 NET34180       2     21 1 1  1/24/1985  5/04/1988   3418  
 14130 430542 NET34590       2     21 1 1  1/24/1985 12/31/1999   3459  
 14130 430543 NET34600       2     21 1 1  1/24/1985 12/15/1987   3460  
 14130 430544 NET34610       2     21 1 1  1/24/1985 12/31/1999   3461  
 14130 430545 NET34640       2     21 1 1  1/24/1985 12/31/1999   3464  
 14130 430547 NET41080       2     21 1 1  1/24/1985 12/15/1987   4108  
 14130 430550 NET41360       2     21 1 1  1/24/1985 12/31/1999   4136  
 14130 430551 NET41370       2     21 1 1  1/24/1985 12/15/1987   4137  
 14130 430552 NET34340       2     21 1 1  1/24/1985 12/31/1999   3434  
 14130 430553 NET34050       2     21 1 1  1/24/1985 12/31/1999   3405  
 14130 430554 TYM25080       2     21 1 1  1/24/1985 12/31/1999   2508  
 14130 430555 NET21190       2     21 1 1  1/24/1985 12/31/1999   2119  
 14130 431654 TYM47230       2     21 1 1  1/30/1985 12/31/1999   4723  
 14130 432122 PSD37320       2     21 1 1  1/31/1985 12/31/1999   3732  
 14130 432123 TYM40270       2     21 1 1  1/31/1985  5/25/1988   4027  
 14130 432124 TYM20700       2     21 1 1  1/31/1985  7/26/1988   2070  
 14130 432125 TYM41320       2     21 1 1  1/31/1985 12/31/1999   4132  
 14130 432127 TYM20130       2     21 1 1  1/31/1985  7/26/1988   2013  
 14130 432130 TYM20710       2     21 1 1  1/31/1985  7/26/1988   2071  
 14130 433163 TEL29330       2     21 1 1  2/07/1985  2/03/1988   2933  
 14130 433655 TYM41310       2     21 1 1  2/12/1985 12/31/1999   4131  
 14130 436537 TYM41350       2     21 1 1  2/27/1985 12/15/1987   4135  
 14130 442110 PSD29550       2     21 1 1  3/21/1985 12/31/1999   2955  
 14130 442111 PSD21450       2     21 1 1  3/21/1985 12/31/1999   2955  
 14130 443717 TEL28220       2     21 1 1  4/01/1985 12/31/1999   2822  
 14130 444056 NET21580       2     21 1 1  4/02/1985 12/31/1999   2158  
 14130 444070 PSD37330       2     21 1 1  4/02/1985 12/31/1999   3733  
 14130 444073 PSD21360       2     21 1 1  4/02/1985  2/19/1988   2136  
 14130 444074 PSD21630       2     21 1 1  4/02/1985  2/19/1988   2163  
 14130 444075 PSD21490       2     21 1 1  4/02/1985  2/19/1988   2149  
 14130 444076 PSD21620       2     21 1 1  4/02/1985  2/19/1988   2162  
 14130 444077 PSD21430       2     21 1 1  4/02/1985  2/19/1988   2143  
 14130 444100 PSD21470       2     21 1 1  4/02/1985  2/19/1988   2147  
 14130 444101 PSD21420       2     21 1 1  4/02/1985  2/19/1988   2142  
 14130 444102 PSD21400       2     21 1 1  4/02/1985  2/19/1988   2140  
 14130 444133 TYM28070       2     21 1 1  4/02/1985  5/25/1988   2807  
 14130 444140 TYM27070       2     21 1 1  4/02/1985  5/25/1988   2707  
 14130 444147 TYM24060       2     21 1 1  4/02/1985 12/31/1999   2406  
 14130 444150 TYM23080       2     21 1 1  4/02/1985 12/31/1999   2308  
 14130 444151 TEL29220       2     21 1 1  4/03/1985 12/31/1999   2922  
 14130 444705 PSD21350       2     21 1 1  4/05/1985  2/19/1988   2135  
 14130 445762 TYM40470       2     21 1 1  4/12/1985 12/31/1999   4047  
 14130 446152 NET45040       2     21 1 1  4/15/1985 12/31/1999   4504  
 14130 446153 NET45020       2     21 1 1  4/15/1985 12/15/1987   4502  
 14130 446154 NET45030       2     21 1 1  4/15/1985 12/31/1999   4503  
 14130 446155 NET41180       2     21 1 1  4/15/1985 12/31/1999   4118  
 14130 446164 NET45000       2     21 1 1  4/15/1985 12/31/1999   4500  
 14130 446201 PSD21600       2     21 1 1  4/15/1985  2/19/1988   2160  
 14130 450371 PSD21610       2     21 1 1  4/26/1985  2/19/1988   2161  
 14130 450377 PSD21370       2     21 1 1  4/26/1985  5/13/1988   2137  
 14130 450401 PSD21480       2     21 1 1  4/26/1985  2/19/1988   2148  
 14130 451342 TYM50420       2     21 1 1  5/03/1985 12/31/1999   5042  
 14130 453400 TEL29640       2     21 1 1  5/14/1985  2/03/1988   2964  
 14130 236402 EDWARDSD       2     21 1 1  5/21/1985 12/31/1999   5106  
 22171 255600 MANENTRY       2     21 1 1  5/21/1985 12/31/1999   5032  
 14130 455753 PSD29540       2     21 1 1  5/28/1985 12/15/1987   2954  
 14130 455774 TEL29320       2     21 1 1  5/28/1985  2/03/1988   2932  
 14130 456506 TYM34080       2     21 1 1  5/31/1985 12/31/1999   3408  
 32173   2725 PSD29500       2     21 1 1  6/01/1985 12/31/1999   2950 A
 32173   2726 PSD29510       2     21 1 1  6/01/1985 12/15/1987   2951 A
 32173   2727 PSD29520       2     21 1 1  6/01/1985 12/15/1987   2952 A
 32173   2730 PSD29530       2     21 1 1  6/01/1985 12/15/1987   2953 A
 32173   2731 PSD29600       2     21 1 1  6/01/1985  2/03/1988   2960 A
 32173   2732 PSD29610       2     21 1 1  6/01/1985  2/03/1988   2961 A
 32173   2733 PSD29620       2     21 1 1  6/01/1985  2/03/1988   2962 A
 32173   2734 PSD29700       2     21 1 1  6/01/1985  2/03/1988   2970 A
 32173   2735 PSD29710       2     21 1 1  6/01/1985 12/31/1999   2971 A
 32173   2736 PSD29720       2     21 1 1  6/01/1985  2/03/1988   2972 A
 14130  15241 NET34200       2     21 1 1  6/01/1985 12/31/1999   3420  
 22171  22036 COMPRINT       2     21 1 1  6/01/1985 12/31/1999   5032  
 14130  40106 PSD29310       2     21 1 1  6/01/1985  2/03/1988   2931  
 14130  40107 PSD29320       2     21 1 1  6/01/1985 12/31/1999   2932  
 14130  40110 PSD29330       2     21 1 1  6/01/1985  2/03/1988   2933  
 14130  40111 PSD29340       2     21 1 1  6/01/1985  2/03/1988   2934  
 14130  40123 PSD29640       2     21 1 1  6/01/1985  2/03/1988   2964  
 14130  40124 PSD29730       2     21 1 1  6/01/1985  2/03/1988   2973  
 14130  40253 PSD29120       2     21 1 1  6/01/1985 12/31/1999   2912  
 14130  40254 PSD29210       2     21 1 1  6/01/1985 12/31/1999   2921  
 14130  40255 PSD29220       2     21 1 1  6/01/1985 12/31/1999   2922  
 14130  40256 PSD29230       2     21 1 1  6/01/1985 12/31/1999   2923  
 14130  40257 PSD29240       2     21 1 1  6/01/1985 12/31/1999   2924  
 14130  40260 PSD29630       2     21 1 1  6/04/1985  2/03/1988   2963  
 14130  42450 TYM20010       2     21 1 1  6/04/1985 12/15/1987   2001  
 14130  42455 TYM20360       2     21 1 1  6/04/1985  5/25/1988   2036  
 14130  42457 TYM20370       2     21 1 1  6/04/1985  5/25/1988   2037  
 14130  43712 TYM25090       2     21 1 1  6/04/1985  5/25/1988   2509  
 14130  44213 NET21120       2     21 1 1  6/04/1985 12/31/1999   2112  
 14130  44215 NET21140       2     21 1 1  6/04/1985 12/31/1999   2114  
 14130  44220 NET34040       2     21 1 1  6/04/1985 12/31/1999   3404  
 14130  44223 NET34230       2     21 1 1  6/04/1985 12/31/1999   3423  
 14130  44232 NET52080       2     21 1 1  6/04/1985 12/31/1999   5208  
 14130  50525 NET34010       2     21 1 1  6/04/1985 12/31/1999   3401  
 14130  51242 NET34330       2     21 1 1  6/04/1985 12/31/1999   3433  
 14130  51507 TYM30910       2     21 1 1  6/04/1985 12/15/1987   3091  
 14130  54362 TYM20520       2     21 1 1  6/04/1985  5/25/1988   205214130  54413 TYM31180       2     21 1 1  6/04/1985 12/16/1987   3118  
 14130  57514 TYM69010       2     21 1 1  6/04/1985  1/26/1989   6901  
 14130  61300 PSD28040       2     21 1 1  6/04/1985 12/31/1999   2804  
 14130  74302 NET34530       2     21 1 1  6/04/1985 12/15/1987   3453  
 14130  74303 NET34510       2     21 1 1  6/04/1985 12/31/1999   3451  
 14130  74304 NET34500       2     21 1 1  6/04/1985 12/31/1999   3450  
 14130  75222 PSD29800       2     21 1 1  6/04/1985  5/13/1988   2980  
 14130 115226 PSD29920       2     21 1 1  6/04/1985 12/31/1999   2992  
 14130 133226 TYM30460       2     21 1 1  6/04/1985 12/15/1987   3046  
 14130 135553 PSD29910       2     21 1 1  6/05/1985 12/31/1999   2991  
 14130 136622 PSD57320       2     21 1 1  6/05/1985 12/15/1987   5732  
 14130 136625 PSD27330       2     21 1 1  6/05/1985 12/15/1987   2733  
 14130 137003 PSD37360       2     21 1 1  6/05/1985 12/15/1987   3736  
 14130 137005 PSD37370       2     21 1 1  6/05/1985 12/15/1987   3737  
 14130 137007 PSD37380       2     21 1 1  6/05/1985 12/31/1999   3738  
 14130 137010 PSD37400       2     21 1 1  6/05/1985 12/31/1999   3740  
 14130 137011 PSD37410       2     21 1 1  6/05/1985 12/31/1999   3741  
 14130 137012 PSD37420       2     21 1 1  6/05/1985 12/31/1999   3742  
 14130 137013 PSD37430       2     21 1 1  6/05/1985 12/31/1999   3743  
 14130 137020 PSD47200       2     21 1 1  6/05/1985 12/31/1999   4720  
 14130 137022 PSD47210       2     21 1 1  6/05/1985 12/15/1987   4721  
 14130 137023 PSD47220       2     21 1 1  6/05/1985 12/15/1987   4722  
 14130 137025 PSD47240       2     21 1 1  6/05/1985 12/15/1987   4724  
 14130 137162 PSD37350       2     21 1 1  6/05/1985 12/15/1987   3735  
 14130 141273 TYM20250       2     21 1 1  6/05/1985  2/16/1988   2009  
 14130 141274 TYM40350       2     21 1 1  6/05/1985 12/31/1999   4035  
 14130 141275 TYM40340       2     21 1 1  6/05/1985 12/31/1999   4034  
 14130 141300 TYM40360       2     21 1 1  6/05/1985 12/31/1999   4036  
 14130 141301 TYM40390       2     21 1 1  6/05/1985 12/31/1999   4039  
 14130 142234 NET21160       2     21 1 1  6/05/1985 12/31/1999   2116  
 14130 142235 NET21200       2     21 1 1  6/05/1985 12/31/1999   2120  
 14130 142237 TYM20220       2     21 1 1  6/05/1985 12/31/1999   2022  
 14130 142637 TYM50400       2     21 1 1  6/05/1985  5/25/1988   5040  
 14130 143341 NET34350       2     21 1 1  6/05/1985 12/31/1999   3435  
 14130 143353 NET40970       2     21 1 1  6/05/1985 12/31/1999   4097  
 14130 146021 TYM32390       2     21 1 1  6/05/1985  1/19/1988   3239  
 14130 146744 TYM40410       2     21 1 1  6/05/1985 12/31/1999   4041  
 14130 150572 NET21540       2     21 1 1  6/05/1985 12/31/1999   2154  
 14130 150574 NET34370       2     21 1 1  6/05/1985 12/31/1999   3437  
 14130 151140 DCD10050       2     21 1 1  6/05/1985 12/31/1999   1005 A
 14130 152752 NET41060       2     21 1 1  6/05/1985 12/31/1999   4106  
 14130 153332 NET34030       2     21 1 1  6/05/1985 12/31/1999   3403  
 14130 153333 NET34380       2     21 1 1  6/05/1985 12/15/1987   3438  
 14130 154114 NET21270       2     21 1 1  6/05/1985 12/15/1987   2127  
 14130 155713 NET34520       2     21 1 1  6/05/1985 12/31/1999   3452  
 14130 156200 NET21290       2     21 1 1  6/05/1985 12/31/1999   2129  
 14130 156255 TYM30670       2     21 1 1  6/05/1985 12/31/1999   3067  
 14130 156260 NET21170       2     21 1 1  6/05/1985 12/31/1999   2117  
 14130 156261 NET21180       2     21 1 1  6/05/1985 12/31/1999   2118  
 14130 214452 PSD21410       2     21 1 1  6/05/1985  2/05/1988   2041  
 14130 432116 PSD21460       2     21 1 1  6/05/1985  2/05/1988   2041  
 14130 432120 PSD21440       2     21 1 1  6/05/1985  2/05/1988   2041  
 14130 156263 NET21550       2     21 1 1  6/07/1985 12/31/1999   2155  
 14130 156265 NET21570       2     21 1 1  6/07/1985 12/31/1999   2157  
 14130 157171 NET34390       2     21 1 1  6/07/1985 12/31/1999   3439  
 14130 157174 NET34540       2     21 1 1  6/07/1985 12/15/1987   3454  
 14130 161127 PSD28400       2     21 1 1  6/07/1985 12/31/1999   2840  
 14130 162502 TYM31510       2     21 1 1  6/07/1985  1/27/1988   3151  
 14130 163370 TYM23040       2     21 1 1  6/07/1985 12/31/1999   2304  
 14130 163371 TYM23030       2     21 1 1  6/07/1985 12/31/1999   2303  
 14130 163534 TYM23020       2     21 1 1  6/07/1985 12/31/1999   2302  
 14130 163536 TYM24030       2     21 1 1  6/07/1985 12/31/1999   2403  
 14130 163537 TYM24040       2     21 1 1  6/07/1985 12/31/1999   2404  
 14130 166451 TYM40230       2     21 1 1  6/07/1985  3/23/1988   4023  
 20577 167013 APACCT         2     21 1 1  6/07/1985 12/31/1999   5024 A
 20577 167014 APMST          2     21 1 1  6/07/1985 12/31/1999   5024 A
 20577 167015 APDEV          2     21 1 1  6/07/1985 12/31/1999   5027 A
 20577 167016 APLOC          2     21 1 1  6/07/1985 12/31/1999   5024 A
 14130 173767 TYM25030       2     21 1 1  6/07/1985 12/31/1999   2503  
 14130 173770 TYM25040       2     21 1 1  6/07/1985 12/31/1999   2504  
 14130 173771 TYM25050       2     21 1 1  6/07/1985 12/31/1999   2505  
 14130 174421 TYM32490       2     21 1 1  6/07/1985 12/31/1999   3249  
 14130 174723 NET21150       2     21 1 1  6/07/1985 12/31/1999   2115  
 14130 200634 PSD28410       2     21 1 1  6/07/1985  2/03/1988   2841  
 14130 200635 PSD28420       2     21 1 1  6/07/1985  2/03/1988   2842  
 25412 232744 BLGBASE        2     21 1 1  6/07/1985 12/31/1999   5032 A
 14130 250566 TYM30440       2     21 1 1  6/07/1985 12/15/1987   3044  
 22171 252651 NETENTRY       2     21 1 1  6/07/1985 12/31/1999   5032 A
 22171 252652 NETCOMM        2     21 1 1  6/07/1985 12/31/1999   5032 A
 14130 267760 PSD38040       2     21 1 1  6/07/1985  2/03/1988   3804  
 20735 271526 TYM20030       2     21 1 1  6/07/1985  7/26/1988   2003 A
 20735 271547 TYM20040       2     21 1 1  6/07/1985 11/12/1987   2004 A
 20735 271552 TYM20070       2     21 1 1  6/07/1985  5/25/1988   2007 A
 20735 271563 TYM20090       2     21 1 1  6/07/1985  2/26/1988   2009 A
 20735 271572 TYM20110       2     21 1 1  6/07/1985 12/15/1988   2011 A
 20735 271573 TYM20120       2     21 1 1  6/07/1985 12/31/1999   2012 A
 20735 271575 TYM20500       2     21 1 1  6/07/1985  5/25/1988   2050 A
 20735 271577 TYM22070       2     21 1 1  6/07/1985  5/25/1988   2207 A
 20735 271600 TYM23070       2     21 1 1  6/07/1985  5/25/1988   2307 A
 20735 271601 TYM24070       2     21 1 1  6/07/1985  5/25/1988   2407 A
 20735 271622 TYM30500       2     21 1 1  6/07/1985  5/25/1988   3050 A
 20735 271722 TYM30600       2     21 1 1  6/07/1985 12/31/1999   3060 A
 20735 271723 TYM30610       2     21 1 1  6/07/1985 12/15/1987   3061 A
 20735 271732 TYM30830       2     21 1 1  6/07/1985  1/27/1988   3083 A
 20735 271744 TYM31050       2     21 1 1  6/07/1985 12/15/1987   3105 A
 20735 271745 TYM31060       2     21 1 1  6/07/1985  1/08/1988   3106 A
 20735 271746 TYM31070       2     21 1 1  6/07/1985 12/16/1987   3107 A
 20735 271750 TYM31090       2     21 1 1  6/07/1985 12/15/1987   3109 A
 20735 271761 TYM31210       2     21 1 1  6/07/1985 12/16/1987   3121 A
 20735 271762 TYM31220       2     21 1 1  6/07/1985 12/16/1987   3122 A
 20735 271767 TYM31270       2     21 1 1  6/07/1985 12/16/1987   3127 A
 20735 271771 TYM31280       2     21 1 1  6/07/1985 12/16/1987   3128 A
 20735 272011 TYM31430       2     21 1 1  6/07/1985  6/24/1988   3143 A
 20735 272013 TYM31440       2     21 1 1  6/07/1985 12/31/1999   3144 A
 20735 272024 TYM40110       2     21 1 1  6/07/1985  5/25/1988   4011 A
 14130 460657 TYM32360       2     21 1 1  6/10/1985 12/15/1988   3236  
 14130 460660 TYM32370       2     21 1 1  6/10/1985 12/15/1988   3237  
 14130 461137 TYM50450       2     21 1 1  6/12/1985 12/15/1987   5045  
 14130 141277 TYM20201       2     21 1 1  7/03/1985  3/01/1989   2020  
 14130 143711 TYM20231       2     21 1 1  7/03/1985  7/26/1988   2023  
 21215 263271 CORPTAX        2     21 1 1  7/03/1985 10/12/1987   5102 A
 20735 324436 TYM31260       2     21 1 1  7/09/1985 12/16/1987   3126 A
 14130 332150 DCD31830       2     21 1 1  7/09/1985 11/30/1987   3183 A
 20735 333200 TYM31170       2     21 1 1  7/09/1985 12/16/1987   3117 A
 20735 333213 TYM32450       2     21 1 1  7/09/1985 12/31/1999   3245 A
 20735 341533 TYM50090       2     21 1 1  7/09/1985 12/31/1999   5009 A
 20735 343445 TYM25020       2     21 1 1  7/09/1985 12/31/1999   2502 A
 20577 344262 APPROD         2     21 1 1  7/09/1985 12/31^O
* find uname tym40110
FOUND.
* @qu
 20735 272024 TYM40110       2     21 1 1  6/07/1985  5/25/1988   4011 A
* open valdat
* find uun 272024
2 RECS FOUND.
* @qv
272024  38  9/14/1979  5/25/1988 20735
272024  74  9/25/1981  5/25/1988 20735
* q

EXIT

.exit
 _~1ê