; This file is DIAL70.LOG
70:
.o$
!tty type la36
!find modem dial (tymnet)*.t##/o
(TYMNET)ND3637.T04
:  4/1/85 ADDED NEW X.25 DIAL BACKUP LINK 1  MH/SFWTS
(TYMNET)ND2625.TYM
:       SLOT 1 - DIALOG NC. - CP8A - HOST 2222
(TYMNET)ND4056.TYM
:       SLOT 3 - TNAD/FLIGHTLINE 2946 DIALUP MATS- HOST 3647
(TYMNET)ND2700.TYM
:       SLOT 2 - TRT TELECOMMUNICATIONS - CONSAT OUTDIAL - ACT HOST: 18985
:       SLOT 4 - ASYNC OUTDIAL SERVICE - TOM HOST 6154
:                MICRODYNAMICS - ASYNC OUTDIAL - HOST 7884
(TYMNET)BK2500.TYM
:       SLOT 5 - MCDONNELL DOUGLAS - ASYNC OUTDIAL - TOM 3069 - SLOT HOST 3068
(TYMNET)ND2437.TYM
S3l0    s.ref(2)                : sync ref WITH MODEM CONTROL
S4L0    S.REF(3)                :ONE WITH MODEM CONTROL
S4L1    S.REF(5)                :one without modem control
S5L0    S.REF(4)                :ONE WITHOUT MODEM CONTROL
(TYMNET)ND3347.TYM
:       SLOT 4 - ASYNC OUTDIAL SERVICE - TOM HOST 8898
(TYMNET)ND4321.TYM
:       SLOT 3 - TYMNET (ATI-32/2400) - ASYNC/PUBLIC OUTDIAL - HOST 8813
(TYMNET)ND2011.TYM
:       SLOT 5 - DIALOG INFORMATION SERVICE X.25(HDLC)FRAMING  HOST 0061
(TYMNET)ND2657.TYM
:       SLOT 1 - ASYNC OUTDIAL SERVICE - TOM HOST 8755
(TYMNET)ND2353.T01
: WILL APPEAR TO THE HOST AS A BANK OF MODEMS.
(TYMNET)ND2500.TYM
:       SLOT 5 - MCDONNELL DOUGLAS - ASYNC OUTDIAL - TOM 3069 - SLOT HOST 3068
(TYMNET)ND2525.TYM
S1L0    S.REF(7)        :1200 DIAL BACKUP TO VALIDATA
(TYMNET)ND2430.T01
        DIALECT(0,E2780)
        DIALECT(1,E2780)
        DIALECT(2,E2780)
        DIALECT(3,E2780)
(TYMNET)ND3474.T02
        GDIAL(NO)
(TYMNET)ND3737.TYM
:       SLOT 2 - ASYNC OUTDIAL SERVICE - TOM  HOST 1892
(TYMNET)ND2563.T04
        DIALECT(0,E2780,E3780)         : 2780  and 3780 dialects
(TYMNET)ND3510.TYM
:       SLOT 1 - OUTDIAL SLOT - 5 CUSTOMERS PER SLOT AT THIS TIME - TOM 6351
(TYMNET)ND4165.TYM
:       SLOT 3 - TYMNET ATI-32/2400 - PUBLIC OUTDIAL - HOST 2457
(TYMNET)ND3530.TYM
:       SLOT 4 - ASYNC OUTDIAL SERVICE - (TOM)HOST: 2210
(TYMNET)ND4662.TYM
:       SLOT 1 - SERATRONICS - ASYNC OUTDIAL - TOM HOST: 8866,HOST: 8865
(TYMNET)ND4236.TYM
:       SLOT 3 - TYMNET - ASYNC OUDIAL SERVICE - TOM HOST 5319
(TYMNET)ND4765.TYM
:       SLOT 3 - TYMNET - PUBLIC OUTDIAL- HOST 8978
(TYMNET)ND4765.T03
OUTHOST(8978,9)                 : outdial host 8978, 9 command ports
OUTGREET("8D"8ATYMNET ASYNCHRONOUS OUTDIAL -- HOST 8978 -- ST LOUIS"AC MO"8D"8A
)
(TYMNET)ND3041.TYM
:       SLOT 2 - PUBLIC X.25 DIAL-UP - HOST 3397
(TYMNET)ND2233.T03
    PCAN(SIG,1)                 :KEY OFF OF DSR AND CD SIGNALS FROM MODEM THAT
    PCAN(SIG,2)                 :KEY OFF OF DSR AND CD SIGNALS FROM MODEM THAT
    PCAN(SIG,3)                 :KEY OFF OF DSR AND CD SIGNALS FROM MODEM THAT
    PCAN(SIG,4)                 :KEY OFF OF DSR AND CD FROM MODEM
    PCAN(SIG,5)                 :KEY OFF OF DSR AND CD FROM MODEM
(TYMNET)ND3347.T04
::                    OUTDIAL SLOT PARAMETER FILE                        ::
MTEXT(GRT,HOST NUMBER HHHH"8D"8ANEW YORK  OUTDIAL"8D"8A,13)              ::
(TYMNET)ND2035.TYM
:       SLOT 1 - PUBLIC ASYNC OUTDIAL SERVICE - HOST 2262
:       SLOT 2 - DIALCOM - SHI-X.25H - HOST 4551
(TYMNET)ND2034.T05
:     TELELOGIC MODEM - SLOT CODE EXAMPLE
(TYMNET)ND3742.TYM
:       SLOT 1 - ASYNC OUTDIAL - TOM HOST 7018
(TYMNET)ND4203.T04
:   4/17/87  DELETED OUTDIAL CONSAT CODE.  MOVED ROTARY TO NODE 6325 PER ORDER
(TYMNET)ND2461.T02
        NOBUSY(0-31)                    :non-Busy-able (non-Vadic Modem) ports
(TYMNET)ND3602.TYM
:       SLOT 2 - TRT COMMUNICATIONS - CONSAT OUTDIAL - ACT HOST: 18849
(TYMNET)ND2260.T03
:    PLEASE NOTE:   CUSTOMER HAS SYNC DIAL BACKUP FOR THIS CIRCUIT
(TYMNET)BK4236.TYM
:       SLOT 3 - TYMNET - ASYNC OUDIAL SERVICE - TOM HOST 5319
(TYMNET)ND4321.T03
OUTHOST(8813,8)                 : outdial host 8813, 8 command ports
OUTGREET("8D"8ATYMNET ASYNCHRONOUS OUTDIAL -- HOST 8813 -- MINNEAPOLIS"AC MN"8D
"8A)
(TYMNET)ND2500.T05
::                    OUTDIAL SLOT PARAMETER FILE                        ::
MTEXT(GRT,HOST NUMBER HHHH"8D"8ACUPERTINO OUTDIAL"8D"8A,13)              ::
(TYMNET)ND3121.T01
  GDIAL(NO)
(TYMNET)ND4236.T03
::                    OUTDIAL SLOT PARAMETER FILE                        ::
MTEXT(GRT,HOST NUMBER HHHH"8D"8ANEWPORTBEACHOUTDIAL"8D"8A,13)            ::
(TYMNET)ND2225.T01
OUTHOST(8794,8)                 : outdial host 8794, 8 cmd ports (pr#31632)
OUTGREET("8D"8ATYMNET ASYNCHRONOUS OUTDIAL -- HOST 8794 -- DETROIT"AC MI"8D"8A)
(TYMNET)ND3335.T01
NOBUSY(13)                      : NON-VADIC MODEMS
(TYMNET)ND4647.T01
          GDIAL(NO)
(TYMNET)ND2444.TYM
:       SLOT 5 - OUTDIAL
(TYMNET)ND4037.T03
:                DIALUP  (703)273-6720
     DIALECT(0,EHASP)                         : SUPPORTS HASP DIALECT
(TYMNET)ND4037.TYM
:       SLOT 2 - ASYNC OUTDIAL SERVICE - TOM HOST 1487
(TYMNET)ND2264.TYM
:       SLOT 5 - LOCKEED DIALOG - X.25 INTERFACE - HOST 0803
(TYMNET)ND2626.TYM
:       SLOT 3 - TNAD/MARSPLUS DIALUP MATS - BACKUP HOST
(TYMNET)ND3510.T01
::                    OUTDIAL SLOT PARAMETER FILE                        ::
MTEXT(GRT,HOST NUMBER HHHH"8D"8ASAN DIEGO OUTDIAL"8D"8A,13)              ::
(TYMNET)ND4633.TYM
:       SLOT 3 - ASYNC OUTDIAL SERIVCE - TOM HOST: 2187
(TYMNET)ND2567.TYM
:       SLOT 3 - TNAD/FLIGHTLINE DIALUP MATS - HOST 1349
(TYMNET)ND3737.T02
::                    OUTDIAL SLOT PARAMETER FILE                        ::
MTEXT(GRT,HOST NUMBER HHHH"8D"8ACLEARWATEROUTDIAL"8D"8A,13)              ::
(TYMNET)ND3602.T02
::      consat outdial p.o'h.
:  Outdial macro: host=2608, 16 logical command ports, 180 inactivity timout
 LTEXT(ULMSG,CONSAT-OUTDIAL "8D"8ATRT TELECOMMUNICATIONS"8D"8ACHICAGO"8D"8A)
(TYMNET)ND3530.T04
::                    OUTDIAL SLOT PARAMETER FILE                        ::
:: 03/26/85 - CREATED OUTDIAL SLOT                             BY: CMK   ::
MTEXT(GRT,HOST NUMBER HHHH"8D"8ADETROIT OUTDIAL"8D"8A,13)              ::
(TYMNET)ND4662.T01
::                    OUTDIAL SLOT PARAMETER FILE                        ::
:: 08-DEC-86   - CREATED OUTDIAL SLOT                          BY: CMK
:: 01/Jan/87   - Changed PSIG option for CONCORD modem                   ::
MTEXT(GRT,HOST NUMBER HHHH"8D"8AOAKLAND$$$OUTDIAL"8D"8A,13)              ::
psig(ifup,1)                   : ignore modem signals                    ::
(TYMNET)BK2437.TYM
S3l0    s.ref(2)                : sync ref WITH MODEM CONTROL
S4L0    S.REF(4)                :ONE WITHOUT MODEM CONTROL
S4L1    S.REF(5)                :one without modem control
(TYMNET)ND4165.T03
OUTHOST(2457,8)                : outdial host 2457, 8 command ports
OUTGREET("8D"8ATYMNET ASYNCHRONOUS OUTDIAL -- HOST 2457 -- SAN JOSE"AC CA"8D"8A
)
(TYMNET)ND2264.T05
::     CUSTOMER:     LOCKHEED DIALOG
MTEXT(0000,"8D"8ADIALOG: )
(TYMNET)ND2431.TYM
:* FROM ONTYME/OUTDIAL/RAILTRACK SUPPORT.  WE CAN BE REACHED   *
(TYMNET)ND4337.T02
          GDIAL(NO)
(TYMNET)ND2425.T02
::       MODEM:              DATAPHONE 2096
(TYMNET)BK3602.TYM
:       SLOT 2 - TRT COMMUNICATIONS - CONSAT OUTDIAL - ACT HOST: 18849
(TYMNET)ND2657.T01
::                    OUTDIAL SLOT PARAMETER FILE                        ::
MTEXT(GRT,HOST NUMBER HHHH"8D"8APROVIDENCEOUTDIAL"8D"8A,13)              ::
(TYMNET)ND2526.TYM
S1L0    S.REF(7)                :1200 DIAL BACKUP TO VALIDATA
(TYMNET)ND4632.TYM
:       SLOT 3 - ASYNC OUTDIAL - TOM HOST 9210
(TYMNET)ND3206.T02
:::                     Test Dial-up X.25 Slot
:::      0    4762   Test Dial-up X.25 slot
::::    Link Level Statements for Link 0 - Test Dial-up X.25
(TYMNET)BK2525.TYM
S1L0    S.REF(7)        :1200 DIAL BACKUP TO VALIDATA
(TYMNET)ND4424.TYM
:       SLOT 1 - ASYNC OUTDIAL - TOM HOST 8609 - HOST 8608 - PATTERSON DENTAL
(TYMNET)ND2521.TYM
:       SLOT 3 - TNAD/MARSPLUS DIALUP MATS - HOST 1309
(TYMNET)ND2546.TYM
:       SLOT 2 - DIALCOM - X.25 HDLC HOST INTERFACE HOST 1572, 2420, 2421, 2422
(TYMNET)ND2546.T01
: MODEM TYPE:  PARADYNE'S                                                   :
 (TYMNET)BK3041.TYM
:       SLOT 2 - PUBLIC X.25 DIAL-UP - HOST 3397
(TYMNET)AM4010.T01
::                    OUTDIAL SLOT PARAMETER FILE                        ::
MTEXT(GRT,HOST NUMBER HHHH"8D"8ANEW YORK  OUTDIAL"8D"8A,13)              ::
(TYMNET)ND3057.TYM
S4L0    S.REF(6)                :MODEM CONTROL IS NICE
(TYMNET)ND4765.T05
        DIALECT(0,E2780,E3780)    : LINE 0
        DIALECT(1,E2780,E3780)    : LINE 1,
        DIALECT(2,E2780,E3780)     : LINE 2,
        DIALECT(3,E2780,E3780)
        DIALECT(4,E2780,E3780)
        DIALECT(5,E2780,E3780)
(TYMNET)ND2547.TYM
:       SLOT 3 - ITT/DIALCOM - SHI-X.25H - HOST: 649
(TYMNET)ND3267.T03
OUTHOST(1058,8)                 : outdial host 1058, 8 command ports
OUTGREET("8D"8ATYMNET ASYNCHRONOUS OUTDIAL -- HOST 1058 -- KANSAS CITY"AC MO"8D
"8A)
(TYMNET)ND2701.T04
        DIALECT(0,E2780,E3780)         : 2780  and 3780 dialects
(TYMNET)ND3470.T01
: LINE 0                    : Modem connection to CU JT
(TYMNET)PM3430.T01
: LINE 0                    : Modem connection to CU KT
(TYMNET)ND2700.T04
::                    OUTDIAL SLOT PARAMETER FILE                        ::
:: 24-JUN-86   - DELETED OUTDIAL PORT(HOST 5810)               BY: PM    ::
MTEXT(GRT,HOST NUMBER HHHH"8D"8ADALLAS    OUTDIAL"8D"8A,13)              ::
(TYMNET)BK2700.TYM
:       SLOT 2 - TRT TELECOMMUNICATIONS - CONSAT OUTDIAL - ACT HOST: 18985
:       SLOT 4 - ASYNC OUTDIAL SERVICE - TOM HOST 6154
:                MICRODYNAMICS - ASYNC OUTDIAL - HOST 7884
(TYMNET)ND2011.T05
::     CUSTOMER:     LOCKHEED DIALOG
MTEXT(0000,"8D"8ADIALOG: )
(TYMNET)ND3375.T02
          GDIAL(NO)
(TYMNET)SR4010.T01
::                    OUTDIAL SLOT PARAMETER FILE                        ::
MTEXT(GRT,HOST NUMBER HHHH"8D"8ANEW YORK  OUTDIAL"8D"8A,13)              ::
(TYMNET)MD3474.T02
        GDIAL(NO)
(TYMNET)ND2035.T02
:  DIALCOM           ROCKVILLE MD            10/14/86         RBW/SEATS       :
XOMUSERNAME(DIALXOM)
MTEXT(0000,"8D"8ADialcom: )
(TYMNET)COD.TRA
               B. ASYNC OUTDIAL
(TYMNET)ND3756.T04
::          CIRCUIT #:         DIAL-UP  (312) 663-1970
(TYMNET)ND3400.T02
        DIALECT(0,E2780,E3780)           : LINE 0, 27/3780-DIALECT PORT
(TYMNET)NUCL03.T06
:       Dialer configuration
:               Maximum total is 5 dialers
:               If there are n dialers defined, then the symbols
N801    EQ      2               :Number of Bell 801 dialers
NVADIC  EQ      0               :Number of Vadic dialers
D1PORT  EQ      4               :Async port for dialer 1
D2PORT  EQ      9               :Async port for dialer 2
(TYMNET)ND2700.T02
::      consat outdial p.o'h.
:  Outdial macro: host=2608, 16 logical command ports, 180 inactivity timout
 LTEXT(ULMSG,CONSAT-OUTDIAL "8D"8ATRT TELECOMMUNICATIONS"8D"8ADALLAS"8D"8A)
(TYMNET)ND2430.T02
        DIALECT(0,E2780)
        DIALECT(1,E2780)
(TYMNET)ND4320.T04
:*    ---  NOTE THIS IS A DIAL UP INTERFACE TO BACK-UP HOST 4645, ND2036---
(TYMNET)BK4037.TYM
:       SLOT 2 - ASYNC OUTDIAL SERVICE - TOM HOST 1487
(TYMNET)ISCS02.T00
        NOBUSY(3-7)                     :non-Busy-able (non-Vadic Modem) ports
(TYMNET)ND4670.T01
::  Crkt: Sync Dialup - 4800  Tymnet #: 303/860-9175          ::
(TYMNET)ND3536.T02
  GDIAL(NO)
  GRTSCTS(NO)     :SET TO NO, BECAUSE THERE ARE NO MODEMS IN THIS CONFIG.
(TYMNET)ND2312.TYM
:       SLOT 1 - CONSILIUM - AHI-8/2400 (TESTING 2400 MODEM) - HOST 2299
(TYMNET)ND4632.T03
::                    OUTDIAL SLOT PARAMETER FILE                        ::
:: 25-FEB-87   - ADDED NEW ASYNC OUTDIAL SLOT                  BY: LAH
MTEXT(GRT,HOST NUMBER HHHH"8D"8ASAN FRANCISCOOUTDIAL"8D"8A,13)           ::
(TYMNET)1OUTD.TYM
::                    OUTDIAL SLOT PARAMETER FILE                        ::
MTEXT(GRT,HOST NUMBER HHHH"8D"8ATULSA     OUTDIAL"8D"8A,13)              ::
(TYMNET)ND4325.T02
::          CIRCUIT #:         DIAL-UP  (516) 485-0820
(TYMNET)BK2253.TYM
:       SLOT 1 - TYMNET/THE WORLD TRADE - X.25 PUBLIC DIAL-UP - HOST 8881
(TYMNET)ND4037.T02
::                    OUTDIAL SLOT PARAMETER FILE                        ::
:: 04-FEB-87   - INSTALLED NEW ASYNC OUTDIAL SERVICE           BY: PM
MTEXT(GRT,HOST NUMBER HHHH"8D"8AFAIRFAXOUTDIAL"8D"8A,13)                 ::
(TYMNET)ND2036.TYM
:       SLOT 3 - 3M  -- SYNC DIAL UP - SHI-X.25H - HOST 8665
(TYMNET)BK3510.TYM
:       SLOT 1 - OUTDIAL SLOT - 5 CUSTOMERS PER SLOT AT THIS TIME - TOM 6351
(TYMNET)BK4010.TYM
:       SLOT 1 - ASYNC OUTDIAL - TOM HOST 6890
(TYMNET)ND4424.T01
::                    OUTDIAL SLOT PARAMETER FILE                        ::
MTEXT(GRT,HOST NUMBER HHHH"8D"8AMINNEAPOLISOUTDIAL"8D"8A,13)             ::
(TYMNET)ND3510.T04
::          CIRCUIT #:         SYNC DIAL UP (619) 298-1261
(TYMNET)BK2526.TYM
S1L0    S.REF(7)                :1200 DIAL BACKUP TO VALIDATA
(TYMNET)SR3754.T03
:  DIALCOM   X.25                          DATE: 04-17-83      BY: wpm   *
XOMUSERNAME(DIALXOM)
MTEXT(0000,"8D"8ADialcom: )
(TYMNET)ND2036.T02
: LINE 0                    : Modem connection to CU GT
(TYMNET)ND2563.T07
        DIALECT(0,E2780)
        DIALECT(1,E2780)
(TYMNET)ND2455.T02
        NOBUSY(0-31)                    :non-Busy-able (non-Vadic Modem) ports
(TYMNET)ND4005.T03
:                DIALUP (206)283-8806
     DIALECT(0,EHASP)                         : SUPPORTS HASP DIALECT
(TYMNET)ND4633.T03
::                    OUTDIAL SLOT PARAMETER FILE                        ::
:: 06/13/85 - CREATED OUTDIAL SLOT                             BY: CMK   ::
MTEXT(GRT,HOST NUMBER HHHH"8D"8ASAN FRAN. OUTDIAL"8D"8A,13)              ::
logins(D 7815965"8D)                        : for autodial
psig(ifup,4)                                : ignore modem signals
(TYMNET)ND3742.T01
::                    OUTDIAL SLOT PARAMETER FILE                        ::
MTEXT(GRT,HOST NUMBER HHHH"8D"8A NEW YORK OUTDIAL"8D"8A,13)              ::
(TYMNET)BK2264.TYM
:       SLOT 5 - LOCKEED DIALOG - X.25 INTERFACE - HOST 0803
(TYMNET)NW2253.TYM
:       SLOT 1 - TYMNET/THE WORLD TRADE - X.25 PUBLIC DIAL-UP - HOST 8881
(TYMNET)ND2035.T01
OUTHOST(2615,11)                : outdial host 2615, 11command ports
OUTGREET("8D"8ATYMNET ASYNCHRONOUS OUTDIAL -- HOST 2615 -- FAIRFAX"AC VA"8D"8A)
(TYMNET)ND2265.T02
:    SLOT 2:    HOST 3415 - TESTING LINK (14.4 LINE WITH GDC MODEMS)
(TYMNET)ND4425.T01
         GDIAL(NO)
(TYMNET)TF2062.T03
: LINE 0                    : Modem connection to CU KT
(TYMNET)BK3767.TYM
:       SLOT 3 - WANG 3270 TERMINAL INTERFACE DIAL UP - AC HOST 18200
(TYMNET)BK4203.T04
OUTHOST(8257,10)                : outdial host 8257, 10 command ports
OUTGREET("8D"8ATYMNET ASYNCHRONOUS OUTDIAL -- HOST 8257 -- CHICAGO"AC IL"8D"8A)
(TYMNET)ND2546.T02
:  DIALCOM   X.25                          DATE: 04-17-83      BY: wpm   *
XOMUSERNAME(DIALXOM)
MTEXT(0000,"8D"8ADialcom: )
(TYMNET)ND3576.T02
         DIALECT(0,E2780,E3780)              : 2780/3780 DIALECT ONLY
(TYMNET)ND2303.T01
SHST(DLCM,ME,01)                : DIALCOM SUBHOST.
(TYMNET)BK3742.TYM
:       SLOT 1 - ASYNC OUTDIAL - TOM HOST 7018
(TYMNET)ND2547.T03
:*  DIALCOM X.25                                DATE: 06/28/83    BY: KJL    *
MTEXT(0000,"8D"8ADialcom: )
(TYMNET)ND2144.T01
:                DIALUP (215)666-0213
     DIALECT(0,EHASP)                         : SUPPORTS HASP DIALECT
(TYMNET)ND2700.T01
        DIALECT(0,E2780)           : LINE 0, SINGLE-DIALECT PVC PORT
         PVC.USER(BVMF01B)         : AUTODIAL USERID
        DIALECT(1,E2780)           : LINE 1, SINGLE-DIALECT PVC PORT
         PVC.USER(BVMF02B)         : AUTODIAL USERID
        DIALECT(2,E2780)
         PVC.USER(BVMF03B)         : AUTODIAL USERID
(TYMNET)ND4561.TYM
:       SLOT 4 - ASYNC OUTDIAL SLOT - 5 PORT/CUSTOMER LIMIT - TOM HOST 7016
(TYMNET)BK4632.TYM
:       SLOT 3 - ASYNC OUTDIAL - TOM HOST 9210
(TYMNET)ND3246.T02
        NOBUSY(0-31)                    :non-Busy-able (non-Vadic Modem) ports
(TYMNET)BK3737.TYM
:       SLOT 2 - ASYNC OUTDIAL SERVICE - TOM  HOST 1892
(TYMNET)ND2651.T01
         GDIAL(NO)
(TYMNET)AM3267.T03
OUTHOST(1058,8)                 : outdial host 1058, 8 command ports
OUTGREET("8D"8ATYMNET ASYNCHRONOUS OUTDIAL -- HOST 1058 -- KANSAS CITY"8D"8A)
(TYMNET)BK3754.TYM
:       SLOT 3 - ITT DIALCOM - X.25 INTERFACE - HDLC - HOST 3592
(TYMNET)BK4633.TYM
:       SLOT 3 - ASYNC OUTDIAL SERIVCE - TOM HOST: 2187
(TYMNET)ND4716.T03
              DIALECT(0,E3780)      : 3780 PORT
(TYMNET)ND7276.T01
:  6.   FTC LOOP-BACK TO THIS HOST (SPEAKING IIX XCOM DIALECT)
(TYMNET)NW2035.TYM
:       SLOT 1 - PUBLIC ASYNC OUTDIAL SERVICE - HOST 2615
:       SLOT 2 - DIALCOM - SHI-X.25H - HOST 4551
(TYMNET)ND3767.TYM
:       SLOT 3 - WANG 3270 TERMINAL INTERFACE DIAL UP - AC HOST 18200
(TYMNET)ND4021.T01
        NOBUSY(0-4)                     :non-Busy-able (non-Vadic Modem) ports
(TYMNET)ND3272.T01
          GDIAL(NO)
(TYMNET)BK4561.TYM
:       SLOT 4 - ASYNC OUTDIAL SLOT - 5 PORT/CUSTOMER LIMIT - TOM HOST 7016
(TYMNET)ND4617.TYM
:       SLOT 1 - LOCKEED DIALOG GATEWAY - HOST: 5313
(TYMNET)BK4165.TYM
:       SLOT 3 - TYMNET ATI-32/2400 - PUBLIC OUTDIAL - ACHOST: 18324 HOST: 2457
(TYMNET)ND4617.T01
:   COMPANY NAME:   DIALOG
:     OF CODE RUNNING IN NODE 2034, SLOT 7 FOR DIALOG TESTING.  ORIGINAL
S.NAME  MACRO[SC        /DIALNET/]
(TYMNET)ND4561.T04
::                    OUTDIAL SLOT PARAMETER FILE                        ::
MTEXT(GRT,HOST NUMBER HHHH"8D"8ANEWPORT BEACH OUTDIAL"8D"8A,13)          ::
(TYMNET)BK4424.TYM
:       SLOT 1 - ASYNC OUTDIAL - TOM HOST 8609 - HOST 8608 - PATTERSON DENTAL
(TYMNET)ND4005.T01
   GDIAL(NO)                        :OUTDIAL NOT SUPPORTED MUST BE NO!
(TYMNET)BK2131.TYM
:       SLOT 2 - TELELEARNING (DIALCOM) - X.25/HDLC/LAP - HOST 6726
(TYMNET)ND3234.T03
:                DIALUP (404)780-4600
     DIALECT(0,EHASP)                         : SUPPORTS HASP DIALECT
(TYMNET)ND3200.T03
:               4.8 LEASE LINE TO A 4.8 DIAL-UP LINE...CCC
(TYMNET)ND4555.T02
         GDIAL(NO)
(TYMNET)ND4206.TYM
:       SLOT 4 - DIALOG INFORMATION SERVICES - T201 GAT- HOST 5761
(TYMNET)ND3020.T02
       DIALECT(0,E2780,E3780)          : 2780/3780 PORT
       DIALECT(1,E2780,E3780)          : 2780/3780 PORT
       DIALECT(2,E2780,E3780)          : 2780/3780 PORT
       DIALECT(3,E2780,E3780)          : 2780/3780 PORT
        DIALECT(4,E2780,E3780)         : 2780 PORT
        DIALECT(5,E2780,E3780)         : 2780 PORT
        DIALECT(6,E2780,E3780)         : 2780 PORT
        DIALECT(7,E2780,E3780)         : 2780 PORT
        DIALECT(8,E2780,E3780)         : 2780 PORT
        DIALECT(9,E2780,E3780)         : 2780 PORT
(TYMNET)ND2640.T03
::          CIRCUIT #:         DIAL UP - 4800 BPS
(TYMNET)FE3531.T02
::     CIRCUIT #:    FDEA477470 - 2.4 with DPII modems with Sync Dial Bkup
(TYMNET)ND4521.T04
::          CIRCUIT #:         DIAL-UP  (212) 509-1932
(TYMNET)ND4010.TYM
:       SLOT 1 - ASYNC OUTDIAL - TOM HOST 6890
(TYMNET)ND3772.T04
:      ANTICIPATION OF FMC GETTING 2400 BAUD MODEMS.   JAP/CATSH
(TYMNET)ND3754.T03
:  DIALCOM   X.25                          DATE: 04-17-83      BY: wpm   *
XOMUSERNAME(DIALXOM)
MTEXT(0000,"8D"8ADialcom: )
(TYMNET)ND2127.T01
          GDIAL(NO)
(TYMNET)ND4010.T01
::                    OUTDIAL SLOT PARAMETER FILE                        ::
MTEXT(GRT,HOST NUMBER HHHH"8D"8ANEW YORK  OUTDIAL"8D"8A,13)              ::
(TYMNET)ND3504.T02
         GDIAL(NO)
(TYMNET)MD4063.T01
          GDIAL(NO)
(TYMNET)ND4134.T01
          GDIAL(NO)
(TYMNET)ND4206.T04
:   COMPANY NAME:   DIALOG
:     CHANGED TO NEIGHBOR 2002 INSTEAD OF 2011 PER GORDON/DIALOG 8/22/85 LDB
S.NAME  MACRO[SC        /DIALNET/]
(TYMNET)NUCL04.T01
:       Dialer configuration
:               Maximum total is 5 dialers
:               If there are n dialers defined, then the symbols
N801    EQ      0               :Number of Bell 801 dialers
NVADIC  EQ      0               :Number of Vadic dialers
D1PORT  EQ      4               :Async port for dialer 1
D2PORT  EQ      9               :Async port for dialer 2
D3PORT  EQ      14              :Async port for dialer 3
D4PORT  EQ      19              :Async port for dialer 4
D5PORT  EQ      24              :Async port for dialer 5
(TYMNET)ND4503.TYM
:* FROM ONTYME/OUTDIAL/RAILTRACK SUPPORT.  WE CAN BE REACHED   *
(TYMNET)ND2253.TYM
:       SLOT 1 - TYMNET/THE WORLD TRADE - X.25 PUBLIC DIAL-UP - HOST 8881
(TYMNET)BK4006.TYM
:       SLOT 3 - TYMNET/MARPLUS SYNC-POLLED T.I. (DIALUP ATC) - HOST 2227
(TYMNET)ND2253.T02
:                DIALUP (617)439-4450
     DIALECT(0,EHASP)                         : SUPPORTS HASP DIALECT
(TYMNET)BK2546.TYM
:       SLOT 2 - DIALCOM - X.25 HDLC HOST INTERFACE HOST 1572, 2420, 2421, 2422
(TYMNET)ND4663.T02
::          CIRCUIT #:         DIAL-UP  (415) 635-3095
(TYMNET)ND4726.T01
         GDIAL(NO)
(TYMNET)ND2217.T01
          GDIAL(NO)
(TYMNET)ND2604.T01
: MODEM TYPE:  PARADYNE'S                                                   :
 (TYMNET)ND2514.T02
::     CIRCUIT #:    29FDDA828473 - 9.6 with DBU Dataphone II modems
(TYMNET)NW4037.TYM
:       SLOT 2 - ASYNC OUTDIAL SERVICE - TOM HOST 1487
(TYMNET)ND3306.T02
:                DIALUP (415)882-7192
     DIALECT(0,EHASP)                         : SUPPORTS HASP DIALECT
(TYMNET)AM4165.T03
OUTHOST(2457,8)                : outdial host 2457, 8 command ports
OUTGREET("8D"8ATYMNET PUBLIC OUTDIAL HOST 2457 -- SAN JOSE"8D"8A)
(TYMNET)BK2035.TYM
:       ORDER #: OUTDIAL VERSION UPGRADE
:       SLOT 1 - PUBLIC ASYNC OUTDIAL SERVICE - HOST 2262
:       SLOT 2 - DIALCOM - SHI-X.25H - HOST 4551
(TYMNET)ND2650.T01
         GDIAL(NO)
(TYMNET)BK2036.TYM
:       SLOT 3 - 3M  -- SYNC DIAL UP - SHI-X.25H - HOST 8665
(TYMNET)NW4236.TYM
:       SLOT 3 - TYMNET - ASYNC OUDIAL SERVICE - TOM HOST 5319
(TYMNET)ND4063.T01
          GDIAL(NO)
(TYMNET)BK2011.TYM
:       SLOT 5 - DIALOG INFORMATION SERVICE X.25(HDLC)FRAMING  HOST 0061
(TYMNET)BK3530.TYM
:       SLOT 4 - ASYNC OUTDIAL SERVICE - (TOM)HOST: 2210
(TYMNET)ND3145.T01
          GDIAL(NO)
(TYMNET)ND3674.T02
:                DIALUP (702)882-8639
     DIALECT(0,EHASP)                         : SUPPORTS HASP DIALECT
(TYMNET)BK4617.TYM
:       SLOT 1 - LOCKEED DIALOG GATEWAY - HOST: 5313
(TYMNET)BK4662.TYM
:       SLOT 1 - SERATRONICS - ASYNC OUTDIAL - TOM HOST: 8866,HOST: 8865
(TYMNET)BK2547.TYM
:       SLOT 3 - ITT/DIALCOM - SHI-X.25H - HOST: 649
(TYMNET)ND4013.T01
          GDIAL(NO)

  Gä