!SYS DISK

Disk devices:
Unit or file-structure
        Free       BUFFERED          DUMP          MONITOR      Seeks
        Blocks  Reads   Writes  Reads   Writes  Reads   Writes
DSKB:   565
BPA0(DSKB0:330100):
        323     61364   7201    16589   105     14283   5499    29710
 MSB  SDATAI(CTRL:0 DRV:A Data field correctable) SCONI( Recoverable data
 check Count error) SLBN(CYL:100 HEAD:12 RECORD:13) SDAT:4
BPA1(DSKB1:330101):
        473     73967   14239   17637   1216    8659    7841    0
 MSB  SDATAI(CTRL:0 DRV:B Data field correctable) SCONI( Recoverable data
 check) SLBN(CYL:54 HEAD:7 RECORD:10) SDAT:2
BPA2(DSKB2:330102):
        378     55229   11531   15375   1550    4116    4540    0
 MSB  SDATAI(CTRL:0 DRV:C Data field correctable) SCONI( Recoverable data
 check Count error) SLBN(CYL:664 HEAD:16 RECORD:11) SDAT:1
BPA3(DSKB3:330103):
        378     55083   12783   15267   894     2849    3407    0
 MSB  SDATAI(CTRL:0 DRV:H Data field correctable) SCONI( Recoverable data
 check Count error) SLBN(CYL:13 HEAD:1 RECORD:11) SDAT:1
BPA4(DSKB4:330104):
        -54     66265   10858   15129   678     7364    5014    0
 MSB  SDATAI(CTRL:0 DRV:E Data field correctable) SCONI( Recoverable data
 check Count error) SLBN(CYL:125 HEAD:9 RECORD:3) SDAT:1
BPA5(DSKB5:330105):
        -475    68502   11393   17216   825     4667    4403    0
 MSB 
BPA10(DSKB6:330106):
        -316    69890   10307   16320   464     3986    3831    0
 MSB  SDATAI(CTRL:1 DRV:A Data field correctable) SCONI( Recoverable data
 check Count error) SLBN(CYL:650 HEAD:10 RECORD:5) SDAT:7
BPA11(DSKB7:330107):
        468     77482   11385   36291   24265   8567    7376    0
 MSB  SDATAI(CTRL:1 DRV:B Data field correctable) SCONI( Recoverable data
 check Count error) SLBN(CYL:59 HEAD:13 RECORD:11) SDAT:3
BPA12(DSKB10:330108):
        370     67375   12011   16610   613     3759    3680    0
 MSB  SDATAI(CTRL:1 DRV:C Data field correctable) SCONI( Recoverable data
 check Count error) SLBN(CYL:13 HEAD:14 RECORD:15) SDAT:9
BPA13(DSKB11:330109):
        -429    61162   12989   16662   314     3523    3530    0
 MSB  SDATAI(CTRL:1 DRV:D Data field correctable) SCONI( Recoverable data
 check) SLBN(CYL:46 HEAD:17 RECORD:18) SDAT:2
BPA14(DSKB12:330110):
        -1016   64920   16748   16270   632     3541    3944    0
 MSB  SDATAI(CTRL:1 DRV:E Data field correctable) SCONI( Recoverable data
 check Count error) SLBN(CYL:68 HEAD:12 RECORD:2) SDAT:1
BPA15(DSKB13:330111):
        464     61466   11385   19645   4926    4631    5435    0
 MSB 

!CORE
32:14+18/512 pages
Vir. core left=564

!SYS DSK

TYMSHARE F33-P035/B-1 1-30-87 up 11:31:14 at 14:12:19 on Sat Mar 21,1987
Null time = 9:12:16, Idle = 79% (Idle time per MIN. = 95%)
14 jobs in use out of 107.  3 detached

JOB DSKIO
 1   3031 +
 2    426 *+$
 3     20 +$
 4    217 +$
 5  436971 +
 6      4 +
 7  147371 +
 8   2837 +$
 9    313 +
10    264 +
11*    27 +
12    322 +
13    192 +$
15  39439 +
+ means TYMSHARE inhouse user
* means MAIL WAITING message pending
$ means RUN ONLY program

Users=14 Det=3 [2,2], Queues: RUN=1 DIO=0 TIO=10 IO=0 SPC=3
4090 Physical pages available (MONITOR = 502P, User Area = 3588P)
Virt. memory used (TPU/TPA): 704/3588 = 20%

!SY
Terminal Type? D^C

!TTY CLASS VT100

!SY
[H[2JF33-P035/B-1 #1427  14:12:48 Up 11:31:43[2;1H4095 pages, Sys(502) User(3593)    Frames: 14:108 Normal    CPU  4% ..........[4;1HDisk   Free % Full[5;1HBPA0    323 :::::::::.[6;1HBPA1    473 :::::::::.[7;1HBPA2    357 :::::::::.[8;1HBPA3    378 :::::::::.[9;1HBPA4    -50 ::::::::::[10;1HBPA5   -475 ::::::::::[11;1HBPA10  -316 ::::::::::[12;1HBPA11   468 :::::::::.[13;1HBPA12   370 :::::::::.[14;1HBPA13  -436 ::::::::::[15;1HBPA14 -1016 ::::::::::[16;1HBPA15   464 :::::::::.[23;1HType ? for Help[23;66HFree: 540[1;1H[1;27H52[1;40H8[1;1H[24;1H
!EXIT
