.run (xexec)minit

.RDIST *.INI
Master host: 32

?unable to build circuit to JMS:32
?host unavailable

?unable to build circuit to JMS:32
?host unavailable

?unable to build circuit to JMS:32
?host unavailable

?unable to build circuit to JMS:32
?host unavailable

?unable to build circuit to JMS:32
?host unavailable
Creaux failed to JMS:32
R(SPL)FINDIT##
Findit: circuit zapped
0 files on master system.
Slave hosts: 14,17,22,23,25,26,29,30,31,32,33,34,35,37,38,54,55,56,58,65,74
Checking host 14

?unable to build circuit to JMS:14
?host unavailable

?unable to build circuit to JMS:14
?host unavailable

?unable to build circuit to JMS:14
?host unavailable

?unable to build circuit to JMS:14
?host unavailable

?unable to build circuit to JMS:14
?host unavailable
Creaux failed to JMS:14
Checking host 17
(JMS         :  17) RPG.INI        2 01-Dec-87 17:04 -- missing on master
(JMS         :  17) VUE.INI        2 22-May-85 18:07 -- missing on master
(JMS         :  17) TUMS.INI       3 31-Dec-87 15:45 -- missing on master
(JMS         :  17) PEAK.INI       2 22-May-85 18:07 -- missing on master
(JMS         :  17) DIRIT.INI      2 15-Dec-87 14:27 -- missing on master
(JMS         :  17) TECO.INI       2 05-Dec-86 14:02 -- missing on master
(JMS         :  17) SWITCH.INI     2 22-Dec-87 04:59 -- missing on master
(JMS         :  17) MUMS.INI       3 31-Dec-87 15:45 -- missing on master
Checking host 22
(JMS         :  22) RPG.INI        2 01-Dec-87 17:04 -- missing on master
(JMS         :  22) VUE.INI        2 18-Apr-87 02:36 -- missing on master
(JMS         :  22) TUMS.INI       3 31-Dec-87 15:45 -- missing on master
(JMS         :  22) PEAK.INI       2 18-Apr-87 02:36 -- missing on master
(JMS         :  22) SWITCH.INI     2 16-Dec-87 18:42 -- missing on master
(JMS         :  22) TECO.INI       2 18-Apr-87 02:36 -- missing on master
(JMS         :  22) DIRIT.INI      2 23-Nov-87 05:03 -- missing on master
Checking host 23
(JMS         :  23) RPG.INI        2 01-Dec-87 19:05 -- missing on master
(JMS         :  23) VUE.INI        2 18-Apr-87 04:44 -- missing on master
(JMS         :  23) TUMS.INI       3 31-Dec-87 17:47 -- missing on master
(JMS         :  23) PEAK.INI       2 18-Apr-87 04:43 -- missing on master
(JMS         :  23) SWITCH.INI     2 16-Dec-87 20:45 -- missing on master
(JMS         :  23) TECO.INI       2 18-Apr-87 04:43 -- missing on master
(JMS         :  23) DIRIT.INI      2 23-Nov-87 07:09 -- missing on master
Checking host 25
(JMS         :  25) RPG.INI        2 01-Dec-87 19:05 -- missing on master
(JMS         :  25) VUE.INI        2 18-Apr-87 04:45 -- missing on master
(JMS         :  25) TUMS.INI       3 31-Dec-87 17:48 -- missing on master
(JMS         :  25) PEAK.INI       2 18-Apr-87 04:44 -- missing on master
(JMS         :  25) SWITCH.INI     2 16-Dec-87 20:45 -- missing on master
(JMS         :  25) TECO.INI       2 18-Apr-87 04:44 -- missing on master
(JMS         :  25) DIRIT.INI      2 23-Nov-87 07:15 -- missing on master
Checking host 26
(JMS         :  26) RPG.INI        2 01-Dec-87 17:04 -- missing on master
(JMS         :  26) VUE.INI        2 18-Apr-87 02:38 -- missing on master
(JMS         :  26) TUMS.INI       3 31-Dec-87 15:46 -- missing on master
(JMS         :  26) PEAK.INI       2 18-Apr-87 02:37 -- missing on master
(JMS         :  26) SWITCH.INI     2 16-Dec-87 18:43 -- missing on master
(JMS         :  26) TECO.INI       2 18-Apr-87 02:37 -- missing on master
(JMS         :  26) DIRIT.INI      2 22-Nov-87 05:21 -- missing on master
Checking host 29
(JMS         :  29) RPG.INI        2 01-Dec-87 17:04 -- missing on master
(JMS         :  29) VUE.INI        2 18-Apr-87 02:38 -- missing on master
(JMS         :  29) TUMS.INI       3 31-Dec-87 15:46 -- missing on master
(JMS         :  29) PEAK.INI       2 18-Apr-87 02:38 -- missing on master
(JMS         :  29) SWITCH.INI     2 16-Dec-87 18:43 -- missing on master
(JMS         :  29) TECO.INI       2 18-Apr-87 02:38 -- missing on master
(JMS         :  29) DIRIT.INI      2 22-Nov-87 05:27 -- missing on master
Checking host 30
(JMS         :  30) RPG.INI        2 01-Dec-87 17:04 -- missing on master
(JMS         :  30) VUE.INI        2 18-Apr-87 02:39 -- missing on master
(JMS         :  30) TUMS.INI       3 31-Dec-87 15:46 -- missing on master
(JMS         :  30) PEAK.INI       2 18-Apr-87 02:39 -- missing on master
(JMS         :  30) SWITCH.INI     2 16-Dec-87 18:43 -- missing on master
(JMS         :  30) TECO.INI       2 18-Apr-87 02:39 -- missing on master
(JMS         :  30) DIRIT.INI      2 22-Nov-87 05:33 -- missing on master
Checking host 31
(JMS         :  31) RPG.INI        2 01-Dec-87 19:06 -- missing on master
(JMS         :  31) VUE.INI        2 18-Apr-87 04:46 -- missing on master
(JMS         :  31) TUMS.INI       3 31-Dec-87 17:48 -- missing on master
(JMS         :  31) PEAK.INI       2 18-Apr-87 04:46 -- missing on master
(JMS         :  31) SWITCH.INI     2 16-Dec-87 20:46 -- missing on master
(JMS         :  31) TECO.INI       2 18-Apr-87 04:46 -- missing on master
(JMS         :  31) DIRIT.INI      2 22-Nov-87 07:39 -- missing on master
Checking host 32

?unable to build circuit to JMS:32
?host unavailable

?unable to build circuit to JMS:32
?host unavailable

?unable to build circuit to JMS:32
?host unavailable

?unable to build circuit to JMS:32
?host unavailable

?unable to build circuit to JMS:32
?host unavailable
Creaux failed to JMS:32
Checking host 33
(JMS         :  33) RPG.INI        2 01-Dec-87 17:04 -- missing on master
(JMS         :  33) VUE.INI        2 22-May-85 18:07 -- missing on master
(JMS         :  33) TUMS.INI       3 31-Dec-87 15:46 -- missing on master
(JMS         :  33) PEAK.INI       2 22-May-85 18:07 -- missing on master
(JMS         :  33) SWITCH.INI     2 16-Dec-87 18:44 -- missing on master
(JMS         :  33) TECO.INI       2 05-Dec-86 14:02 -- missing on master
(JMS         :  33) DIRIT.INI      2 22-Nov-87 05:44 -- missing on master
Checking host 34
(JMS         :  34) RPG.INI        2 01-Dec-87 19:06 -- missing on master
(JMS         :  34) VUE.INI        2 22-May-85 20:07 -- missing on master
(JMS         :  34) TUMS.INI       3 31-Dec-87 17:48 -- missing on master
(JMS         :  34) PEAK.INI       2 22-May-85 20:07 -- missing on master
(JMS         :  34) SWITCH.INI     2 16-Dec-87 20:46 -- missing on master
(JMS         :  34) TECO.INI       2 25-Nov-85 14:29 -- missing on master
(JMS         :  34) DIRIT.INI      2 22-Nov-87 07:50 -- missing on master
Checking host 35
(JMS         :  35) RPG.INI        2 01-Dec-87 19:06 -- missing on master
(JMS         :  35) VUE.INI        2 18-Apr-87 04:47 -- missing on master
(JMS         :  35) TUMS.INI       3 31-Dec-87 17:48 -- missing on master
(JMS         :  35) PEAK.INI       2 18-Apr-87 04:47 -- missing on master
(JMS         :  35) SWITCH.INI     2 16-Dec-87 20:46 -- missing on master
(JMS         :  35) TECO.INI       2 18-Apr-87 04:47 -- missing on master
(JMS         :  35) DIRIT.INI      2 22-Nov-87 07:56 -- missing on master
Checking host 37
(JMS         :  37) RPG.INI        2 01-Dec-87 19:06 -- missing on master
(JMS         :  37) VUE.INI        2 18-Apr-87 04:48 -- missing on master
(JMS         :  37) TUMS.INI       3 31-Dec-87 17:49 -- missing on master
(JMS         :  37) PEAK.INI       2 18-Apr-87 04:48 -- missing on master
(JMS         :  37) SWITCH.INI     2 16-Dec-87 20:47 -- missing on master
(JMS         :  37) TECO.INI       2 18-Apr-87 04:48 -- missing on master
(JMS         :  37) DIRIT.INI      2 22-Nov-87 08:02 -- missing on master
Checking host 38
(JMS         :  38) RPG.INI        2 01-Dec-87 17:05 -- missing on master
(JMS         :  38) VUE.INI        2 09-Jul-87 19:35 -- missing on master
(JMS         :  38) TUMS.INI       3 31-Dec-87 15:47 -- missing on master
(JMS         :  38) PEAK.INI       2 09-Jul-87 19:34 -- missing on master
(JMS         :  38) SWITCH.INI     2 16-Dec-87 18:44 -- missing on master
(JMS         :  38) TECO.INI       2 09-Jul-87 19:34 -- missing on master
(JMS         :  38) DIRIT.INI      2 22-Nov-87 06:08 -- missing on master
Checking host 54
(JMS         :  54) RPG.INI        2 01-Dec-87 19:06 -- missing on master
(JMS         :  54) VUE.INI        2 18-Apr-87 04:49 -- missing on master
(JMS         :  54) TUMS.INI       3 31-Dec-87 17:49 -- missing on master
(JMS         :  54) PEAK.INI       2 18-Apr-87 04:49 -- missing on master
(JMS         :  54) SWITCH.INI     2 16-Dec-87 20:47 -- missing on master
(JMS         :  54) TECO.INI       2 18-Apr-87 04:49 -- missing on master
(JMS         :  54) DIRIT.INI      2 22-Nov-87 08:14 -- missing on master
Checking host 55
(JMS         :  55) RPG.INI        2 01-Dec-87 19:06 -- missing on master
(JMS         :  55) VUE.INI        2 18-Apr-87 04:50 -- missing on master
(JMS         :  55) TUMS.INI       3 31-Dec-87 17:49 -- missing on master
(JMS         :  55) PEAK.INI       2 18-Apr-87 04:50 -- missing on master
(JMS         :  55) SWITCH.INI     2 16-Dec-87 20:47 -- missing on master
(JMS         :  55) TECO.INI       2 18-Apr-87 04:50 -- missing on master
(JMS         :  55) DIRIT.INI      2 22-Nov-87 08:20 -- missing on master
Checking host 56
(JMS         :  56) RPG.INI        2 01-Dec-87 19:07 -- missing on master
(JMS         :  56) VUE.INI        2 18-Apr-87 04:51 -- missing on master
(JMS         :  56) TUMS.INI       3 31-Dec-87 17:49 -- missing on master
(JMS         :  56) PEAK.INI       2 18-Apr-87 04:51 -- missing on master
(JMS         :  56) SWITCH.INI     2 16-Dec-87 20:47 -- missing on master
(JMS         :  56) TECO.INI       2 18-Apr-87 04:51 -- missing on master
(JMS         :  56) DIRIT.INI      2 22-Nov-87 08:26 -- missing on master
Checking host 58
(JMS         :  58) RPG.INI        2 01-Dec-87 17:05 -- missing on master
(JMS         :  58) VUE.INI        2 18-Apr-87 02:41 -- missing on master
(JMS         :  58) TUMS.INI       3 31-Dec-87 15:59 -- missing on master
(JMS         :  58) PEAK.INI       2 18-Apr-87 02:40 -- missing on master
(JMS         :  58) SWITCH.INI     2 16-Dec-87 18:44 -- missing on master
(JMS         :  58) TECO.INI       2 18-Apr-87 02:41 -- missing on master
(JMS         :  58) DIRIT.INI      2 22-Nov-87 06:31 -- missing on master
Checking host 65
(JMS         :  65) RPG.INI        2 01-Dec-87 19:07 -- missing on master
(JMS         :  65) VUE.INI        2 18-Apr-87 04:58 -- missing on master
(JMS         :  65) TUMS.INI       3 31-Dec-87 17:50 -- missing on master
(JMS         :  65) PEAK.INI       2 18-Apr-87 04:52 -- missing on master
(JMS         :  65) SWITCH.INI     2 16-Dec-87 20:48 -- missing on master
(JMS         :  65) DIRIT.INI      2 22-Nov-87 08:37 -- missing on master
(JMS         :  65) TECO.INI       2 23-Jun-87 20:36 -- missing on master
Checking host 74
(JMS         :  74) VUE.INI        2 18-Apr-87 02:43 -- missing on master
(JMS         :  74) RPG.INI        2 01-Dec-87 17:05 -- missing on master
(JMS         :  74) TUMS.INI       3 31-Dec-87 15:47 -- missing on master
(JMS         :  74) PEAK.INI       2 18-Apr-87 02:42 -- missing on master
(JMS         :  74) SWITCH.INI     2 16-Dec-87 18:45 -- missing on master
(JMS         :  74) TECO.INI       2 18-Apr-87 02:43 -- missing on master
(JMS         :  74) DIRIT.INI      2 22-Nov-87 06:43 -- missing on master

End of SAIL execution
.RDIST *.SAV,*.SHR,*.LOW,MAIL.FWD/CHECK
Master host: 32

?unable to build circuit to JMS:32
?host unavailable

?unable to build circuit to JMS:32
?host unavailable

?unable to build circuit to JMS:32
?host unavailable

?unable to build circuit to JMS:32
?host unavailable

?unable to build circuit to JMS:32
?host unavailable
Creaux failed to JMS:32
R(SPL)FINDIT##
Findit: circuit zapped
0 files on master system.
Slave hosts: 14,17,22,23,25,26,29,30,31,32,33,34,35,37,38,54,55,56,58,65,74
Checking host 14

?unable to build circuit to JMS:14
?host unavailable

?unable to build circuit to JMS:14
?host unavailable

?unable to build circuit to JMS:14
?host unavailable

?unable to build circuit to JMS:14
?host unavailable

?unable to build circuit to JMS:14
?host unavailable
Creaux failed to JMS:14
Checking host 17
(JMS         :  17) USERS.SAV     21 11-Jun-87 18:35 -- missing on master
(JMS         :  17) SED.LOW       12 16-Sep-85 19:12 -- missing on master
(JMS         :  17) SED.SHR       19 16-Sep-85 19:12 -- missing on master
(JMS         :  17) AUXSPL.SAV    47 19-Oct-87 15:42 -- missing on master
(JMS         :  17) DUPS.SHR      16 30-Oct-86 18:13 -- missing on master
(JMS         :  17) DUPS.LOW       2 30-Oct-86 18:13 -- missing on master
(JMS         :  17) FOO.SAV       66 22-Nov-67 08:29 -- missing on master
(JMS         :  17) SLEEP.SAV      2 22-Jun-86 06:56 -- missing on master
(JMS         :  17) TURNUP.SAV    17 05-Feb-87 15:03 -- missing on master
(JMS         :  17) TAUX1.SHR      3 13-Oct-86 18:40 -- missing on master
(JMS         :  17) FILLUP.SAV     2 27-Jan-87 14:03 -- missing on master
(JMS         :  17) TTYINI.SAV     2 18-Sep-86 13:37 -- missing on master
(JMS         :  17) SED9.SHR      19 12-May-86 21:18 -- missing on master
(JMS         :  17) SED9.LOW      12 12-May-86 21:18 -- missing on master
(JMS         :  17) MAIL.FWD       2 31-Dec-87 12:20 -- missing on master
(JMS         :  17) TECO.SHR      15 13-Aug-85 17:52 -- missing on master
(JMS         :  17) SETPDT.SAV     2 04-Feb-87 22:50 -- missing on master
(JMS         :  17) SAISGA.SHR    43 25-Feb-87 19:15 -- missing on master
(JMS         :  17) DSKCLN.SAV     8 12-Aug-87 19:06 -- missing on master
(JMS         :  17) TITO.LOW       2 18-Dec-86 15:54 -- missing on master
(JMS         :  17) FILDDT.SAV     9 25-Feb-87 18:39 -- missing on master
Checking host 22
(JMS         :  22) SED.SHR       19 16-Sep-85 19:12 -- missing on master
(JMS         :  22) SED.LOW       12 16-Sep-85 19:12 -- missing on master
(JMS         :  22) TTYINI.SAV     2 18-Sep-86 13:09 -- missing on master
(JMS         :  22) SED9.SHR      19 12-May-86 21:18 -- missing on master
(JMS         :  22) SED9.LOW      12 12-May-86 21:18 -- missing on master
(JMS         :  22) FILLUP.SAV     2 27-Jan-87 14:02 -- missing on master
(JMS         :  22) MAIL.FWD       2 31-Dec-87 12:20 -- missing on master
(JMS         :  22) TECO.SHR      15 13-Aug-85 17:52 -- missing on master
(JMS         :  22) SETPDT.SAV     2 04-Feb-87 22:50 -- missing on master
Checking host 23
(JMS         :  23) SED.SHR       19 16-Sep-85 21:12 -- missing on master
(JMS         :  23) SED.LOW       12 16-Sep-85 21:12 -- missing on master
(JMS         :  23) TTYINI.SAV     2 18-Sep-86 15:25 -- missing on master
(JMS         :  23) SED9.SHR      19 12-May-86 23:18 -- missing on master
(JMS         :  23) SED9.LOW      12 12-May-86 23:18 -- missing on master
(JMS         :  23) FILLUP.SAV     2 27-Jan-87 16:04 -- missing on master
(JMS         :  23) MAIL.FWD       2 31-Dec-87 14:18 -- missing on master
(JMS         :  23) TECO.SHR      15 13-Aug-85 19:52 -- missing on master
(JMS         :  23) SETPDT.SAV     2 05-Feb-87 00:51 -- missing on master
Checking host 25
(JMS         :  25) SED.SHR       19 16-Sep-85 21:12 -- missing on master
(JMS         :  25) SED.LOW       12 16-Sep-85 21:12 -- missing on master
(JMS         :  25) TTYINI.SAV     2 18-Sep-86 15:09 -- missing on master
(JMS         :  25) SED9.SHR      19 12-May-86 23:18 -- missing on master
(JMS         :  25) SED9.LOW      12 12-May-86 23:18 -- missing on master
(JMS         :  25) FILLUP.SAV     2 27-Jan-87 16:02 -- missing on master
(JMS         :  25) MAIL.FWD       2 31-Dec-87 14:18 -- missing on master
(JMS         :  25) TECO.SHR      15 13-Aug-85 19:52 -- missing on master
(JMS         :  25) SETPDT.SAV     2 05-Feb-87 00:51 -- missing on master
Checking host 26
(JMS         :  26) SED.SHR       19 16-Sep-85 19:12 -- missing on master
(JMS         :  26) SED.LOW       12 16-Sep-85 19:12 -- missing on master
(JMS         :  26) FILLUP.SAV     2 27-Jan-87 14:02 -- missing on master
(JMS         :  26) TTYINI.SAV     2 18-Sep-86 13:09 -- missing on master
(JMS         :  26) SED9.SHR      19 12-May-86 21:18 -- missing on master
(JMS         :  26) SED9.LOW      12 12-May-86 21:18 -- missing on master
(JMS         :  26) MAIL.FWD       2 31-Dec-87 12:20 -- missing on master
(JMS         :  26) TECO.SHR      15 13-Aug-85 17:52 -- missing on master
(JMS         :  26) SETPDT.SAV     2 04-Feb-87 22:54 -- missing on master
Checking host 29
(JMS         :  29) SED.SHR       19 16-Sep-85 19:12 -- missing on master
(JMS         :  29) SED.LOW       12 16-Sep-85 19:12 -- missing on master
(JMS         :  29) TTYINI.SAV     2 18-Sep-86 13:37 -- missing on master
(JMS         :  29) SED9.SHR      19 12-May-86 21:18 -- missing on master
(JMS         :  29) SED9.LOW      12 12-May-86 21:18 -- missing on master
(JMS         :  29) FILLUP.SAV     2 27-Jan-87 14:03 -- missing on master
(JMS         :  29) MAIL.FWD       2 31-Dec-87 12:20 -- missing on master
(JMS         :  29) TECO.SHR      15 13-Aug-85 17:52 -- missing on master
(JMS         :  29) SETPDT.SAV     2 04-Feb-87 22:54 -- missing on master
Checking host 30
(JMS         :  30) SED.SHR       19 16-Sep-85 19:12 -- missing on master
(JMS         :  30) SED.LOW       12 16-Sep-85 19:12 -- missing on master
(JMS         :  30) MAIL.FWD       2 31-Dec-87 12:20 -- missing on master
(JMS         :  30) TTYINI.SAV     2 18-Sep-86 13:09 -- missing on master
(JMS         :  30) SED9.SHR      19 12-May-86 21:18 -- missing on master
(JMS         :  30) SED9.LOW      12 12-May-86 21:18 -- missing on master
(JMS         :  30) FILLUP.SAV     2 27-Jan-87 14:02 -- missing on master
(JMS         :  30) TECO.SHR      15 13-Aug-85 17:52 -- missing on master
(JMS         :  30) SETPDT.SAV     2 04-Feb-87 22:50 -- missing on master
Checking host 31
(JMS         :  31) SED.SHR       19 16-Sep-85 21:12 -- missing on master
(JMS         :  31) SED.LOW       12 16-Sep-85 21:12 -- missing on master
(JMS         :  31) MAIL.FWD  2 31-Dec-87 14:19 -- missing on master
(JMS         :  31) TTYINI.SAV     2 18-Sep-86 15:09 -- missing on master
(JMS         :  31) SED9.SHR      19 12-May-86 23:18 -- missing on master
(JMS         :  31) SED9.LOW      12 12-May-86 23:18 -- missing on master
(JMS         :  31) FILLUP.SAV     2 27-Jan-87 16:02 -- missing on master
(JMS         :  31) TECO.SHR      15 13-Aug-85 19:52 -- missing on master
(JMS         :  31) SETPDT.SAV     2 05-Feb-87 00:52 -- missing on master
Checking host 32

?unable to build circuit to JMS:32
?host unavailable

?unable to build circuit to JMS:32
?host unavailable

?unable to build circuit to JMS:32
?host unavailable

?unable to build circuit to JMS:32
?host unavailable

?unable to build circuit to JMS:32
?host unavailable
Creaux failed to JMS:32
Checking host 33
(JMS         :  33) SED.SHR       19 16-Sep-85 19:12 -- missing on master
(JMS         :  33) SED.LOW       12 16-Sep-85 19:12 -- missing on master
(JMS         :  33) TTYINI.SAV     2 18-Sep-86 13:37 -- missing on master
(JMS         :  33) SED9.SHR      19 12-May-86 21:18 -- missing on master
(JMS         :  33) SED9.LOW      12 12-May-86 21:18 -- missing on master
(JMS         :  33) MAIL.FWD       2 31-Dec-87 12:20 -- missing on master
(JMS         :  33) FILLUP.SAV     2 27-Jan-87 14:03 -- missing on master
(JMS         :  33) TECO.SHR      15 13-Aug-85 17:52 -- missing on master
(JMS         :  33) SETPDT.SAV     2 04-Feb-87 22:54 -- missing on master
Checking host 34
(JMS         :  34) SED.SHR       19 16-Sep-85 21:12 -- missing on master
(JMS         :  34) SED.LOW       12 16-Sep-85 21:12 -- missing on master
(JMS         :  34) MAIL.FWD       2 31-Dec-87 14:19 -- missing on master
(JMS         :  34) TTYINI.SAV     2 18-Sep-86 15:09 -- missing on master
(JMS         :  34) SED9.SHR      19 12-May-86 23:18 -- missing on master
(JMS         :  34) SED9.LOW      12 12-May-86 23:18 -- missing on master
(JMS         :  34) FILLUP.SAV     2 27-Jan-87 16:02 -- missing on master
(JMS         :  34) TECO.SHR      15 13-Aug-85 19:52 -- missing on master
(JMS         :  34) SETPDT.SAV     2 05-Feb-87 00:52 -- missing on master
Checking host 35
(JMS         :  35) SED.SHR       19 16-Sep-85 21:12 -- missing on master
(JMS         :  35) SED.LOW       12 16-Sep-85 21:12 -- missing on master
(JMS         :  35) TTYINI.SAV     2 18-Sep-86 15:09 -- missing on master
(JMS         :  35) SED9.SHR      19 12-May-86 23:18 -- missing on master
(JMS         :  35) SED9.LOW      12 12-May-86 23:18 -- missing on master
(JMS         :  35) FILLUP.SAV     2 27-Jan-87 16:02 -- missing on master
(JMS         :  35) MAIL.FWD       2 31-Dec-87 14:18 -- missing on master
(JMS         :  35) TECO.SHR      15 13-Aug-85 19:52 -- missing on master
(JMS         :  35) SETPDT.SAV     2 05-Feb-87 00:52 -- missing on master
Checking host 37
(JMS         :  37) SED.SHR       19 16-Sep-85 21:12 -- missing on master
(JMS         :  37) SED.LOW       12 16-Sep-85 21:12 -- missing on master
(JMS         :  37) MAIL.FWD       2 31-Dec-87 14:19 -- missing on master
(JMS         :  37) TTYINI.SAV     2 18-Sep-86 15:09 -- missing on master
(JMS         :  37) SED9.SHR      19 12-May-86 23:18 -- missing on master
(JMS         :  37) SED9.LOW      12 12-May-86 23:18 -- missing on master
(JMS         :  37) FILLUP.SAV     2 27-Jan-87 16:02 -- missing on master
(JMS         :  37) TECO.SHR      15 13-Aug-85 19:52 -- missing on master
(JMS         :  37) SETPDT.SAV     2 05-Feb-87 00:52 -- missing on master
Checking host 38
(JMS         :  38) SED.SHR       19 16-Sep-85 19:12 -- missing on master
(JMS         :  38) SED.LOW       12 16-Sep-85 19:12 -- missing on master
(JMS         :  38) MAIL.FWD       2 31-Dec-87 12:20 -- missing on master
(JMS         :  38) TTYINI.SAV     2 18-Sep-86 13:31 -- missing on master
(JMS         :  38) SED9.SHR      19 12-May-86 21:18 -- missing on master
(JMS         :  38) SED9.LOW      12 12-May-86 21:18 -- missing on master
(JMS         :  38) FILLUP.SAV     2 27-Jan-87 14:04 -- missing on master
(JMS         :  38) TECO.SHR      15 13-Aug-85 17:52 -- missing on master
(JMS         :  38) SETPDT.SAV     2 04-Feb-87 22:51 -- missing on master
Checking host 54
(JMS         :  54) SED.SHR       19 16-Sep-85 21:12 -- missing on master
(JMS         :  54) SED.LOW       12 16-Sep-85 21:12 -- missing on master
(JMS         :  54) MAIL.FWD       2 31-Dec-87 14:19 -- missing on master
(JMS         :  54) TTYINI.SAV     2 18-Sep-86 15:09 -- missing on master
(JMS         :  54) SED9.SHR      19 12-May-86 23:18 -- missing on master
(JMS         :  54) SED9.LOW      12 12-May-86 23:18 -- missing on master
(JMS         :  54) FILLUP.SAV     2 27-Jan-87 16:02 -- missing on master
(JMS         :  54) TECO.SHR      15 13-Aug-85 19:52 -- missing on master
(JMS         :  54) SETPDT.SAV     2 05-Feb-87 00:53 -- missing on master
Checking host 55
(JMS         :  55) VERSE.SAV      5 12-Oct-82 14:32 -- missing on master
(JMS         :  55) SED.SHR       19 16-Sep-85 21:12 -- missing on master
(JMS         :  55) SED.LOW       12 16-Sep-85 21:12 -- missing on master
(JMS         :  55) MAIL.FWD       2 31-Dec-87 14:19 -- missing on master
(JMS         :  55) TTYINI.SAV     2 18-Sep-86 15:09 -- missing on master
(JMS         :  55) SED9.SHR      19 12-May-86 23:18 -- missing on master
(JMS         :  55) SED9.LOW      12 12-May-86 23:18 -- missing on master
(JMS         :  55) FILLUP.SAV     2 27-Jan-87 16:02 -- missing on master
(JMS         :  55) TECO.SHR      15 13-Aug-85 19:52 -- missing on master
(JMS         :  55) SETPDT.SAV     2 05-Feb-87 00:54 -- missing on master
Checking host 56
(JMS         :  56) SED.SHR       19 16-Sep-85 21:12 -- missing on master
(JMS         :  56) SED.LOW       12 16-Sep-85 21:12 -- missing on master
(JMS         :  56) MAIL.FWD       2 31-Dec-87 14:19 -- missing on master
(JMS         :  56) TTYINI.SAV     2 18-Sep-86 15:09 -- missing on master
(JMS         :  56) SED9.SHR      19 12-May-86 23:18 -- missing on master
(JMS         :  56) SED9.LOW      12 12-May-86 23:18 -- missing on master
(JMS         :  56) FILLUP.SAV     2 27-Jan-87 16:02 -- missing on master
(JMS         :  56) TECO.SHR      15 13-Aug-85 19:52 -- missing on master
(JMS         :  56) SETPDT.SAV     2 05-Feb-87 00:53 -- missing on master
Checking host 58
(JMS         :  58) SED.SHR       19 16-Sep-85 19:12 -- missing on master
(JMS         :  58) SED.LOW       12 16-Sep-85 19:12 -- missing on master
(JMS         :  58) TTYINI.SAV     2 18-Sep-86 13:09 -- missing on master
(JMS         :  58) SED9.SHR      19 12-May-86 21:18 -- missing on master
(JMS         :  58) SED9.LOW      12 12-May-86 21:18 -- missing on master
(JMS         :  58) FILLUP.SAV     2 27-Jan-87 14:02 -- missing on master
(JMS         :  58) MAIL.FWD       2 31-Dec-87 12:26 -- missing on master
(JMS         :  58) TECO.SHR      15 13-Aug-85 17:52 -- missing on master
(JMS         :  58) SETPDT.SAV     2 04-Feb-87 22:51 -- missing on master
Checking host 65
(JMS         :  65) SED.SHR       19 16-Sep-85 21:12 -- missing on master
(JMS         :  65) SED.LOW       12 16-Sep-85 21:12 -- missing on master
(JMS         :  65) MAIL.FWD       2 31-Dec-87 14:19 -- missing on master
(JMS         :  65) TTYINI.SAV     2 18-Sep-86 15:34 -- missing on master
(JMS         :  65) SED9.SHR      19 12-May-86 23:18 -- missing on master
(JMS         :  65) SED9.LOW      12 12-May-86 23:18 -- missing on master
(JMS         :  65) FILLUP.SAV     2 27-Jan-87 16:06 -- missing on master
(JMS         :  65) TECO.SHR      15 13-Aug-85 19:52 -- missing on master
(JMS         :  65) SETPDT.SAV     2 05-Feb-87 00:53 -- missing on master
Checking host 74
(JMS         :  74) SED.SHR       19 16-Sep-85 19:12 -- missing on master
(JMS         :  74) SED.LOW       12 16-Sep-85 19:12 -- missing on master
(JMS         :  74) MAIL.FWD       2 31-Dec-87 12:21 -- missing on master
(JMS         :  74) TTYINI.SAV     2 18-Sep-86 13:09 -- missing on master
(JMS         :  74) SED9.SHR      19 12-May-86 21:18 -- missing on master
(JMS         :  74) SED9.LOW      12 12-May-86 21:18 -- missing on master
(JMS         :  74) FILLUP.SAV     2 27-Jan-87 14:02 -- missing on master
(JMS         :  74) TECO.SHR      15 13-Aug-85 17:52 -- missing on master
(JMS         :  74) SETPDT.SAV     2 04-Feb-87 22:51 -- missing on master

End of SAIL execution
.RDIST *.WHR,TUMS##.*/HOST:33,17/UPDATE
Master host: 32

?unable to build circuit to JMS:32
?host unavailable

?unable to build circuit to JMS:32
?host unavailable

?unable to build circuit to JMS:32
?host unavailable

?unable to build circuit to JMS:32
?host unavailable

?unable to build circuit to JMS:32
?host unavailable
Creaux failed to JMS:32
R(SPL)FINDIT##
Findit: circuit zapped
0 files on master system.
Slave hosts: 33,17
Checking host 33
(JMS         :  33) UPDLUD.WHR     8 09-Jun-86 11:47 -- missing on master
(JMS         :  33) FTSYS.WHR     74 21-Oct-86 15:14 -- missing on master
(JMS         :  33) SYSDOC.WHR    19 21-Oct-86 15:21 -- missing on master
(JMS         :  33) GAN3.WHR       2 31-Oct-86 13:52 -- missing on master
(JMS         :  33) COPYPC.WHR     7 19-Nov-86 21:35 -- missing on master
(JMS         :  33) SETOP.WHR     16 24-Jul-87 18:31 -- missing on master
(JMS         :  33) JOB001.WHR     2 15-Dec-87 15:44 -- missing on master
(JMS         :  33) NODLOD.WHR     4 30-Jul-87 08:44 -- missing on master
(JMS         :  33) PIP.WHR        4 09-Jun-87 19:17 -- missing on master
(JMS         :  33) PEECOM.WHR     2 17-Aug-87 16:36 -- missing on master
(JMS         :  33) 620.WHR        4 12-Jan-87 19:48 -- missing on master
(JMS         :  33) RPG.WHR        5 29-May-87 16:03 -- missing on master
(JMS         :  33) SUPCHK.WHR     5 21-Jan-87 19:00 -- missing on master
(JMS         :  33) MCODE.WHR      2 27-Jan-87 11:53 -- missing on master
(JMS         :  33) SRCCOM.WHR     4 04-Dec-86 21:51 -- missing on master
(JMS         :  33) XEXEC.WHR     15 23-Feb-87 16:45 -- missing on master
(JMS         :  33) SSPAM.WHR     88 24-Feb-87 19:53 -- missing on master
(JMS         :  33) CONSOL.WHR     2 25-Feb-87 15:48 -- missing on master
(JMS         :  33) CONVRT.WHR     2 27-Feb-87 16:05 -- missing on master
(JMS         :  33) EXECX.WHR     10 27-Feb-87 16:22 -- missing on master
(JMS         :  33) LOADII.WHR    11 08-Apr-87 17:04 -- missing on master
(JMS         :  33) ALOAD.WHR      8 09-Apr-87 11:16 -- missing on master
(JMS         :  33) SMFILE.WHR     3 15-Apr-87 13:45 -- missing on master
(JMS         :  33) TYMGRI.WHR     6 05-May-87 11:50 -- missing on master
(JMS         :  33) M33SAV.WHR     7 28-May-87 15:14 -- missing on master
(JMS         :  33) SIM.WHR        7 29-May-87 15:24 -- missing on master
(JMS         :  33) ACCESS.WHR     7 29-May-87 15:41 -- missing on master
(JMS         :  33) RDMAIL.WHR     2 29-Jun-87 21:23 -- missing on master
(JMS         :  33) TXSIMG.WHR     4 27-Jul-87 14:37 -- missing on master
(JMS         :  33) MPL.WHR      185 30-Jul-87 08:58 -- missing on master
(JMS         :  33) BUBNET.WHR     3 07-Aug-87 11:50 -- missing on master
(JMS         :  33) F40.WHR       16 11-Aug-87 15:21 -- missing on master
(JMS         :  33) FORTRA.WHR     8 11-Aug-87 15:33 -- missing on master
(JMS         :  33) ND5473.WHR     2 26-Aug-87 00:35 -- missing on master
(JMS         :  33) TUMS.INI       3 31-Dec-87 15:46 -- missing on master
(JMS         :  33) TUMS.MSG     156 10-Dec-87 14:14 -- missing on master
(JMS         :  33) TUMS.TIX      30 10-Dec-87 14:16 -- missing on master
(JMS         :  33) TUMS.ARC      56 09-May-86 19:53 -- missing on master
(JMS         :  33) FTALOD.WHR     4 06-Aug-86 17:37 -- missing on master
(JMS         :  33) INIT.WHR      21 18-Aug-86 11:48 -- missing on master
(JMS         :  33) MONITO.WHR     4 02-Oct-86 19:50 -- missing on master
(JMS         :  33) TAUX.WHR      13 09-Dec-87 11:45 -- missing on master
(JMS         :  33) SA10.WHR      21 30-Sep-87 11:59 -- missing on master
(JMS         :  33) COPY.WHR      13 19-Nov-86 21:38 -- missing on master
(JMS         :  33) FOROTS.WHR     6 26-Nov-86 16:20 -- missing on master
(JMS         :  33) FILCOM.WHR     3 10-Dec-87 14:16 -- missing on master
(JMS         :  33) UUOSYM.WHR    14 30-Sep-87 12:00 -- missing on master
(JMS         :  33) TELAID.WHR     3 17-Dec-86 14:38 -- missing on master
(JMS         :  33) SED.WHR        3 23-Jan-87 14:55 -- missing on master
(JMS         :  33) VERSE.WHR      3 09-Dec-87 11:47 -- missing on master
(JMS         :  33) DDT.WHR       18 04-Feb-87 01:25 -- missing on master
(JMS         :  33) FRECOR.WHR     4 08-Feb-87 12:20 -- missing on master
(JMS         :  33) MAN.WHR        3 15-May-87 15:50 -- missing on master
(JMS         :  33) AUXSPL.WHR     2 10-Feb-87 13:25 -- missing on master
(JMS         :  33) MERGE.WHR      3 25-Feb-87 15:48 -- missing on master
(JMS         :  33) APT10.WHR      2 27-Feb-87 16:04 -- missing on master
(JMS         :  33) CHKPNT.WHR     3 16-Mar-87 14:53 -- missing on master
(JMS         :  33) M33OSB.WHR    45 08-Apr-87 16:38 -- missing on master
(JMS         :  33) MAGTAP.WHR     4 05-May-87 11:49 -- missing on master
(JMS         :  33) SIMPL.WHR      2 20-May-87 12:02 -- missing on master
(JMS         :  33) EMACS.WHR      2 29-May-87 15:25 -- missing on master
(JMS         :  33) TUMS.WHR      45 17-Dec-87 05:08 -- missing on master
(JMS         :  33) SMITII.WHR     9 29-May-87 16:19 -- missing on master
(JMS         :  33) TYPE.WHR       4 29-May-87 20:31 -- missing on master
(JMS         :  33) UCODE.WHR      3 09-Jun-87 18:51 -- missing on master
(JMS         :  33) P034.WHR       5 04-Aug-87 16:53 -- missing on master
(JMS         :  33) ND7355.WHR     2 07-Aug-87 12:11 -- missing on master
(JMS         :  33) ICP.WHR        6 18-Aug-87 14:29 -- missing on master
(JMS         :  33) ROLRCF.WHR     2 09-Dec-87 11:47 -- missing on master
(JMS         :  33) PAK.WHR       10 22-Oct-87 09:19 -- missing on master
(JMS         :  33) EBUS10.WHR    29 27-Oct-87 01:03 -- missing on master
(JMS         :  33) 6NEWS.WHR     61 09-Dec-87 11:52 -- missing on master
(JMS         :  33) MAKJOB.WHR     5 18-Aug-87 14:27 -- missing on master
(JMS         :  33) ROLAID.WHR     2 10-Aug-87 11:10 -- missing on master
(JMS         :  33) SPOOL.WHR     21 19-Nov-86 11:08 -- missing on master
(JMS         :  33) COPYCR.WHR     4 19-Nov-86 21:33 -- missing on master
(JMS         :  33) FNDBAD.WHR     5 25-Nov-86 17:25 -- missing on master
(JMS         :  33) KLKS.WHR      21 26-Nov-86 16:22 -- missing on master
(JMS         :  33) JOBS.WHR       4 23-Jan-87 15:11 -- missing on master
(JMS         :  33) CTYMSG.WHR     3 29-May-87 15:48 -- missing on master
(JMS         :  33) ASP.WHR        2 06-Aug-87 18:23 -- missing on master
(JMS         :  33) TAKEIT.WHR     5 18-Dec-86 18:37 -- missing on master
(JMS         :  33) TYPER.WHR     11 01-Jan-87 20:52 -- missing on master
(JMS         :  33) TELCHK.WHR     2 11-Feb-87 21:06 -- missing on master
(JMS         :  33) AUXIO.WHR      7 16-Apr-87 14:44 -- missing on master
(JMS         :  33) PJC.WHR        4 25-Feb-87 16:20 -- missing on master
(JMS         :  33) CPN121.WHR     2 27-Feb-87 15:52 -- missing on master
(JMS         :  33) FILEX.WHR      2 27-Feb-87 16:05 -- missing on master
(JMS         :  33) GLXLIB.WHR     2 05-Mar-87 16:26 -- missing on master
(JMS         :  33) M33.WHR      260 30-Sep-87 12:06 -- missing on master
(JMS         :  33) PJ.WHR        37 08-Apr-87 16:41 -- missing on master
(JMS         :  33) COMMON.WHR     2 29-May-87 15:18 -- missing on master
(JMS         :  33) LINK.WHR      24 18-Aug-87 15:07 -- missing on master
(JMS         :  33) LOAD.WHR       3 04-Jun-87 17:12 -- missing on master
(JMS         :  33) KS1.WHR       80 30-Jul-87 22:28 -- missing on master
(JMS         :  33) TXSMAC.WHR     7 08-Jul-87 18:09 -- missing on master
(JMS         :  33) P035.WHR       3 04-Aug-87 16:54 -- missing on master
(JMS         :  33) FORT74.WHR     3 06-Aug-87 18:05 -- missing on master
(JMS         :  33) SA10D.WHR      5 18-Jul-87 14:42 -- missing on master
(JMS         :  33) LOGON.WHR      4 20-Sep-87 15:02 -- missing on master
(JMS         :  33) IOCS.WHR       2 19-Oct-87 14:35 -- missing on master
(JMS         :  33) P035C.WHR      8 09-Dec-87 11:52 -- missing on master
(JMS         :  33) RDIST.WHR      3 09-Dec-87 11:52 -- missing on master
(JMS         :  33) NODES.WHR      3 14-Nov-86 14:54 -- missing on master
(JMS         :  33) EBUS.WHR      20 26-Aug-87 00:33 -- missing on master
(JMS         :  33) MAPLIB.WHR     6 30-Jun-86 17:26 -- missing on master
(JMS         :  33) NETVAL.WHR     3 28-Oct-86 13:19 -- missing on master
(JMS         :  33) MAP.WHR       13 30-Nov-86 23:02 -- missing on master
(JMS         :  33) FIND.WHR       4 11-Dec-86 11:48 -- missing on master
(JMS         :  33) HANGUP.WHR     4 18-Dec-86 18:37 -- missing on master
(JMS         :  33) PCOM.WHR       3 17-Aug-87 16:35 -- missing on master
(JMS         :  33) MAGCON.WHR     4 10-Jan-87 14:17 -- missing on master
(JMS         :  33) UFDSFD.WHR     2 15-Jan-87 19:02 -- missing on master
(JMS         :  33) STREAK.WHR     5 21-Jan-87 12:37 -- missing on master
(JMS         :  33) TTYTAB.WHR     3 09-Dec-87 11:47 -- missing on master
(JMS         :  33) CPY.WHR        2 11-Feb-87 21:05 -- missing on master
(JMS         :  33) LVALID.WHR     2 17-Feb-87 23:12 -- missing on master
(JMS         :  33) PAM.WHR       10 27-Feb-87 15:53 -- missing on master
(JMS         :  33) BOOTS.WHR      4 02-Mar-87 16:18 -- missing on master
(JMS         :  33) KERMXX.WHR     3 03-Mar-87 16:45 -- missing on master
(JMS         :  33) TUMS0.TIX     47 07-May-87 19:00 -- missing on master
(JMS         :  33) PAT.WHR       24 10-Jan-87 19:46 -- missing on master
(JMS         :  33) B04.WHR        5 28-May-87 15:28 -- missing on master
(JMS         :  33) MEXEC.WHR      2 29-May-87 15:22 -- missing on master
(JMS         :  33) PEAK.WHR      13 29-May-87 15:34 -- missing on master
(JMS         :  33) TXSNET.WHR     9 29-May-87 16:22 -- missing on master
(JMS         :  33) AUTOFD.WHR     2 28-Jul-87 11:29 -- missing on master
(JMS         :  33) SZRPT.WHR      7 16-Sep-87 14:16 -- missing on master
(JMS         :  33) NETDOC.WHR    14 09-Dec-87 11:47 -- missing on master
(JMS         :  33) TUMS85.2QT     2 30-May-86 12:05 -- missing on master
(JMS         :  33) TUMS85.3QT     2 26-Jun-86 19:43 -- missing on master
(JMS         :  33) TUMS85.4QT     4 26-Jun-86 19:43 -- missing on master
(JMS         :  33) 24BASE.WHR     2 23-Jan-87 15:15 -- missing on master
(JMS         :  33) MICRO.WHR     28 23-Jan-87 15:20 -- missing on master
(JMS         :  33) SAIL.WHR       8 27-Oct-86 16:41 -- missing on master
(JMS         :  33) GOPJ.WHR       3 15-May-87 15:59 -- missing on master
(JMS         :  33) TURNUP.WHR     2 31-Oct-86 13:16 -- missing on master
(JMS         :  33) JOBS39.WHR     2 13-Nov-86 18:47 -- missing on master
(JMS         :  33) ARCHIV.WHR    25 23-Jan-87 15:25 -- missing on master
(JMS         :  33) MHX.WHR        2 15-May-87 15:45 -- missing on master
(JMS         :  33) COMPIL.WHR     4 28-May-87 15:16 -- missing on master
(JMS         :  33) FLAGOF.WHR     2 15-Dec-86 17:46 -- missing on master
(JMS         :  33) HELP.WHR       3 29-May-87 20:31 -- missing on master
(JMS         :  33) TXSNOD.WHR     8 12-Jan-87 00:33 -- missing on master
(JMS         :  33) ZEN.WHR        4 03-Feb-87 19:40 -- missing on master
(JMS         :  33) BACKUP.WHR     7 19-Feb-87 16:32 -- missing on master
(JMS         :  33) BOTLOD.WHR     4 26-Feb-87 18:04 -- missing on master
(JMS         :  33) GFD.WHR        5 19-Mar-87 11:13 -- missing on master
(JMS         :  33) TMCS.WHR      10 17-Apr-87 15:34 -- missing on master
(JMS         :  33) MAGWRT.WHR     2 25-Apr-87 23:15 -- missing on master
(JMS         :  33) MAGRIM.WHR     2 05-May-87 11:50 -- missing on master
(JMS         :  33) ERRLOG.WHR     3 19-May-87 20:05 -- missing on master
(JMS         :  33) SYST.WHR       3 18-Jun-87 14:32 -- missing on master
(JMS         :  33) ASM68K.WHR     5 26-Aug-87 00:33 -- missing on master
(JMS         :  33) KOPFJ.WHR      9 26-Aug-87 00:34 -- missing on master
(JMS         :  33) NADSAV.WHR     3 26-Aug-87 04:06 -- missing on master
(JMS         :  33) NDT.WHR       58 17-Aug-87 20:19 -- missing on master
(JMS         :  33) ENGINE.WHR     5 18-Aug-87 13:56 -- missing on master
(JMS         :  33) X14IMG.WHR     5 30-Sep-87 12:07 -- missing on master
(JMS         :  33) CRSHID.WHR     2 30-Sep-87 14:26 -- missing on master
(JMS         :  33) OSMAC.WHR      6 07-Oct-87 14:47 -- missing on master
(JMS         :  33) SNARF.WHR      2 09-Dec-87 11:51 -- missing on master
(JMS         :  33) LEMCOM.WHR     4 09-Dec-87 11:51 -- missing on master
(JMS         :  33) FREE.WHR       2 09-Dec-87 11:51 -- missing on master
(JMS         :  33) UTIL.WHR       9 15-Dec-87 15:45 -- missing on master
(JMS         :  33) TUMS86.2QT    14 26-Jun-86 19:46 -- missing on master
(JMS         :  33) TUMS86.1QT     4 26-Jun-86 19:45 -- missing on master
(JMS         :  33) TUMS86.3QT     5 11-Aug-86 15:36 -- missing on master
(JMS         :  33) NONAME.WHR     3 22-Aug-86 21:42 -- missing on master
(JMS         :  33) FAILSA.WHR     2 27-Oct-86 16:33 -- missing on master
(JMS         :  33) FAIL.WHR       2 27-Oct-86 16:42 -- missing on master
(JMS         :  33) TUMS86.4QT     5 15-Nov-86 13:58 -- missing on master
(JMS         :  33) SETE.WHR       3 17-Nov-86 18:58 -- missing on master
(JMS         :  33) RCHARG.WHR     3 23-Jan-87 15:28 -- missing on master
(JMS         :  33) GAMES.WHR     13 21-Nov-86 02:24 -- missing on master
(JMS         :  33) PAKCOP.WHR     2 07-Jul-87 15:54 -- missing on master
(JMS         :  33) FINDIT.WHR     6 13-Oct-87 11:56 -- missing on master
(JMS         :  33) LISTER.WHR     4 09-Jun-87 19:17 -- missing on master
(JMS         :  33) GAME39.WHR     4 05-Jan-87 16:27 -- missing on master
(JMS         :  33) MAGNUM.WHR    69 23-Jan-87 15:42 -- missing on master
(JMS         :  33) MAIL.WHR       3 29-May-87 16:06 -- missing on master
(JMS         :  33) CRAM.WHR       3 27-Jan-87 11:52 -- missing on master
(JMS         :  33) LPASSW.WHR     2 17-Feb-87 23:14 -- missing on master
(JMS         :  33) 20FILE.WHR     3 17-Feb-87 23:21 -- missing on master
(JMS         :  33) COLOG.WHR      3 27-Feb-87 16:25 -- missing on master
(JMS         :  33) KERMIT.WHR     6 04-Mar-87 15:23 -- missing on master
(JMS         :  33) SYSTAT.WHR     7 16-Mar-87 14:52 -- missing on master
(JMS         :  33) INITIA.WHR     3 16-Mar-87 14:53 -- missing on master
(JMS         :  33) 1022.WHR      37 05-Oct-86 01:24 -- missing on master
(JMS         :  33) DISK.WHR       3 14-Oct-86 01:52 -- missing on master
(JMS         :  33) DIRIT.WHR      4 09-Jun-87 19:16 -- missing on master
(JMS         :  33) COPY3.WHR      4 19-Nov-86 21:31 -- missing on master
(JMS         :  33) CKSUM.WHR      3 11-Dec-86 11:42 -- missing on master
(JMS         :  33) FIXMOX.WHR     4 17-Dec-86 17:27 -- missing on master
(JMS         :  33) TUMS87.1QT     4 12-Jan-87 14:27 -- missing on master
(JMS         :  33) CLRALC.WHR     2 16-Jan-87 23:08 -- missing on master
(JMS         :  33) TECO.WHR       5 23-Jan-87 14:50 -- missing on master
(JMS         :  33) CLRMAI.WHR    10 24-Jan-87 01:39 -- missing on master
(JMS         :  33) SV515.WHR      2 08-Feb-87 18:11 -- missing on master
(JMS         :  33) SY.WHR         2 08-Feb-87 18:37 -- missing on master
(JMS         :  33) ERRCHK.WHR     2 19-May-87 20:05 -- missing on master
(JMS         :  33) CRFSYM.WHR     2 10-Feb-87 13:26 -- missing on master
(JMS         :  33) TITO.WHR       4 19-Feb-87 16:38 -- missing on master
(JMS         :  33) RECORD.WHR     6 24-Feb-87 18:21 -- missing on master
(JMS         :  33) 20XXXX.WHR   118 27-Feb-87 16:34 -- missing on master
(JMS         :  33) KLDCP.WHR      2 27-Feb-87 16:05 -- missing on master
(JMS         :  33) BOOTS1.WHR     3 28-Feb-87 15:24 -- missing on master
(JMS         :  33) SYSNEW.WHR     3 12-Mar-87 14:40 -- missing on master
(JMS         :  33) DSKCLN.WHR    10 15-Dec-87 15:44 -- missing on master
(JMS         :  33) NAD.WHR        5 18-Aug-87 14:12 -- missing on master
(JMS         :  33) TUMS87.2QT     5 14-Apr-87 13:33 -- missing on master
(JMS         :  33) TXSNEW.WHR     9 23-Apr-87 13:47 -- missing on master
(JMS         :  33) TUMS87.3QT    15 10-Dec-87 14:16 -- missing on master
(JMS         :  33) KS.WHR         6 30-Sep-86 17:14 -- missing on master
(JMS         :  33) TC.WHR         4 14-Jul-87 14:29 -- missing on master
(JMS         :  33) ND2333.WHR     3 26-Aug-87 00:34 -- missing on master
(JMS         :  33) 11.WHR         7 11-Dec-87 14:47 -- missing on master
(JMS         :  33) MERLIN.WHR     5 18-Aug-87 14:00 -- missing on master
(JMS         :  33) SA10B.WHR     19 22-Oct-87 09:20 -- missing on master
(JMS         :  33) ND2334.WHR     6 22-Oct-87 11:27 -- missing on master
(JMS         :  33) NCHINP.WHR     3 09-Dec-87 11:56 -- missing on master
(JMS         :  33) BB2674.WHR     3 09-Dec-87 11:56 -- missing on master
(JMS         :  33) DUSAGE.WHR     2 11-Dec-87 14:50 -- missing on master
(JMS         :  33) LOGINN.WHR     9 16-Dec-87 23:50 -- missing on master
(JMS         :  33) YAMM.WHR      21 09-Dec-87 18:49 -- missing on master
(JMS         :  33) TELECO.WHR    11 30-Sep-87 14:33 -- missing on master
(JMS         :  33) SYSBOO.WHR     4 30-Sep-87 14:46 -- missing on master
(JMS         :  33) DIAG10.WHR   147 10-Dec-87 14:17 -- missing on master
(JMS         :  33) FORSYS.WHR     3 10-Aug-87 14:16 -- missing on master
(JMS         :  33) TEMP.WHR       5 30-Sep-87 12:57 -- missing on master
(JMS         :  33) ND5566.WHR     5 12-Oct-87 02:53 -- missing on master
(JMS         :  33) 940MAN.WHR     8 09-Dec-87 11:51 -- missing on master
(JMS         :  33) ADVISE.WHR     2 09-Dec-87 11:52 -- missing on master
(JMS         :  33) PAMHGH.WHR     4 15-Dec-87 15:45 -- missing on master
(JMS         :  33) RUNPAM.WHR     3 15-May-87 15:58 -- missing on master
(JMS         :  33) PEAKS.WHR      3 23-Jul-87 13:55 -- missing on master
(JMS         :  33) TXSBND.WHR     3 27-Jul-87 14:27 -- missing on master
(JMS         :  33) AFD.WHR       19 29-Jul-87 10:17 -- missing on master
(JMS         :  33) LOGOUT.WHR     3 20-Sep-87 15:03 -- missing on master
(JMS         :  33) SA10A.WHR      4 17-Jul-87 22:11 -- missing on master
(JMS         :  33) JMSSAV.WHR     2 18-Aug-87 14:23 -- missing on master
(JMS         :  33) SPL.WHR       27 30-Sep-87 12:23 -- missing on master
(JMS         :  33) TUMS87.4QT     5 10-Dec-87 14:28 -- missing on master
(JMS         :  33) SSPAMB.WHR    59 09-Dec-87 11:48 -- missing on master
(JMS         :  33) WHEN.WHR       3 09-Dec-87 11:51 -- missing on master
Checking host 17
(JMS         :  17) UPDLUD.WHR     8 09-Jun-86 11:47 -- missing on master
(JMS         :  17) FTSYS.WHR     74 04-Nov-87 23:21 -- missing on master
(JMS         :  17) SYSDOC.WHR    19 21-Oct-86 15:21 -- missing on master
(JMS         :  17) GAN3.WHR       2 31-Oct-86 13:52 -- missing on master
(JMS         :  17) COPYPC.WHR     7 19-Nov-86 21:35 -- missing on master
(JMS         :  17) SETOP.WHR     16 24-Jul-87 18:31 -- missing on master
(JMS         :  17) JOB001.WHR     2 22-Dec-87 05:10 -- missing on master
(JMS         :  17) NODLOD.WHR     4 30-Jul-87 08:44 -- missing on master
(JMS         :  17) PIP.WHR        4 09-Jun-87 19:17 -- missing on master
(JMS         :  17) PEECOM.WHR     2 17-Aug-87 16:36 -- missing on master
(JMS         :  17) 620.WHR        4 12-Jan-87 19:48 -- missing on master
(JMS         :  17) RPG.WHR        5 29-May-87 16:03 -- missing on master
(JMS         :  17) SUPCHK.WHR     5 21-Jan-87 19:00 -- missing on master
(JMS         :  17) MCODE.WHR      2 27-Jan-87 11:53 -- missing on master
(JMS         :  17) SRCCOM.WHR     4 04-Dec-86 21:51 -- missing on master
(JMS         :  17) XEXEC.WHR     15 23-Feb-87 16:45 -- missing on master
(JMS         :  17) SSPAM.WHR     88 24-Feb-87 19:53 -- missing on master
(JMS         :  17) CONSOL.WHR     2 25-Feb-87 15:48 -- missing on master
(JMS         :  17) CONVRT.WHR     2 27-Feb-87 16:05 -- missing on master
(JMS         :  17) EXECX.WHR     10 27-Feb-87 16:22 -- missing on master
(JMS         :  17) LOADII.WHR    11 08-Apr-87 17:04 -- missing on master
(JMS         :  17) ALOAD.WHR      8 09-Apr-87 11:16 -- missing on master
(JMS         :  17) SMFILE.WHR     3 15-Apr-87 13:45 -- missing on master
(JMS         :  17) TYMGRI.WHR     6 05-May-87 11:50 -- missing on master
(JMS         :  17) SIM.WHR        7 29-May-87 15:24 -- missing on master
(JMS         :  17) ACCESS.WHR     7 29-May-87 15:41 -- missing on master
(JMS         :  17) RDMAIL.WHR     2 29-Jun-87 21:23 -- missing on master
(JMS         :  17) TXSIMG.WHR     4 27-Jul-87 14:37 -- missing on master
(JMS         :  17) MPL.WHR      185 30-Jul-87 08:58 -- missing on master
(JMS         :  17) BUBNET.WHR     3 07-Aug-87 11:50 -- missing on master
(JMS         :  17) F40.WHR       16 11-Aug-87 15:21 -- missing on master
(JMS         :  17) FORTRA.WHR     8 11-Aug-87 15:33 -- missing on master
(JMS         :  17) M33SAV.WHR     7 28-May-87 15:14 -- missing on master
(JMS         :  17) ND5473.WHR     2 26-Aug-87 00:35 -- missing on master
(JMS         :  17) MERLIN.WHR     5 18-Aug-87 14:00 -- missing on master
(JMS         :  17) TUMS.MSG     160 04-Jan-88 12:09 -- missing on master
(JMS         :  17) TUMS.TIX      30 04-Jan-88 12:11 -- missing on master
(JMS         :  17) FTALOD.WHR     4 06-Aug-86 17:37 -- missing on master
(JMS         :  17) INIT.WHR      21 18-Aug-86 11:48 -- missing on master
(JMS         :  17) MONITO.WHR     4 02-Oct-86 19:50 -- missing on master
(JMS         :  17) TAUX.WHR      13 06-Nov-87 05:17 -- missing on master
(JMS         :  17) SA10.WHR      21 12-Nov-87 07:02 -- missing on master
(JMS         :  17) COPY.WHR      13 12-Nov-87 07:00 -- missing on master
(JMS         :  17) FOROTS.WHR     6 12-Nov-87 06:59 -- missing on master
(JMS         :  17) FILCOM.WHR     3 10-Dec-87 14:34 -- missing on master
(JMS         :  17) UUOSYM.WHR    14 12-Nov-87 06:56 -- missing on master
(JMS         :  17) TELAID.WHR     3 12-Nov-87 06:55 -- missing on master
(JMS         :  17) SED.WHR        3 12-Nov-87 06:55 -- missing on master
(JMS         :  17) VERSE.WHR      3 12-Nov-87 06:54 -- missing on master
(JMS         :  17) DDT.WHR       18 12-Nov-87 06:50 -- missing on master
(JMS         :  17) ROLRCF.WHR     2 30-Nov-87 18:09 -- missing on master
(JMS         :  17) FRECOR.WHR     4 12-Nov-87 06:50 -- missing on master
(JMS         :  17) MAN.WHR        3 12-Nov-87 06:49 -- missing on master
(JMS         :  17) AUXSPL.WHR     2 10-Feb-87 13:25 -- missing on master
(JMS         :  17) MERGE.WHR      3 25-Feb-87 15:48 -- missing on master
(JMS         :  17) APT10.WHR      2 27-Feb-87 16:04 -- missing on master
(JMS         :  17) CHKPNT.WHR     3 16-Mar-87 14:53 -- missing on master
(JMS         :  17) MAGTAP.WHR     4 05-May-87 11:49 -- missing on master
(JMS         :  17) SIMPL.WHR      2 20-May-87 12:02 -- missing on master
(JMS         :  17) EMACS.WHR      2 29-May-87 15:25 -- missing on master
(JMS         :  17) TUMS.WHR      45 22-Dec-87 05:10 -- missing on master
(JMS         :  17) SMITII.WHR     9 29-May-87 16:19 -- missing on master
(JMS         :  17) TYPE.WHR       4 29-May-87 20:31 -- missing on master
(JMS         :  17) UCODE.WHR      3 09-Jun-87 18:51 -- missing on master
(JMS         :  17) P034.WHR       5 04-Aug-87 16:53 -- missing on master
(JMS         :  17) ND7355.WHR     2 07-Aug-87 12:11 -- missing on master
(JMS         :  17) M33OSB.WHR    45 08-Apr-87 16:38 -- missing on master
(JMS         :  17) ICP.WHR        6 18-Aug-87 14:29 -- missing on master
(JMS         :  17) PAK.WHR       10 22-Oct-87 09:19 -- missing on master
(JMS         :  17) EBUS10.WHR    29 27-Oct-87 01:03 -- missing on master
(JMS         :  17) YAMM.WHR      21 09-Dec-87 18:51 -- missing on master
(JMS         :  17) TUMS.INI       3 31-Dec-87 15:45 -- missing on master
(JMS         :  17) MAKJOB.WHR     5 18-Aug-87 14:27 -- missing on master
(JMS         :  17) ROLAID.WHR     2 10-Aug-87 11:10 -- missing on master
(JMS         :  17) SPOOL.WHR     21 19-Nov-86 11:08 -- missing on master
(JMS         :  17) COPYCR.WHR     4 19-Nov-86 21:33 -- missing on master
(JMS         :  17) FNDBAD.WHR     5 25-Nov-86 17:25 -- missing on master
(JMS         :  17) KLKS.WHR      21 26-Nov-86 16:22 -- missing on master
(JMS         :  17) JOBS.WHR       4 23-Jan-87 15:11 -- missing on master
(JMS         :  17) CTYMSG.WHR     3 29-May-87 15:48 -- missing on master
(JMS         :  17) ASP.WHR        2 06-Aug-87 18:23 -- missing on master
(JMS         :  17) TAKEIT.WHR     5 18-Dec-86 18:37 -- missing on master
(JMS         :  17) TYPER.WHR     11 01-Jan-87 20:52 -- missing on master
(JMS         :  17) LOGON.WHR      4 30-Oct-87 20:14 -- missing on master
(JMS         :  17) TELCHK.WHR     2 11-Feb-87 21:06 -- missing on master
(JMS         :  17) AUXIO.WHR      7 16-Apr-87 14:44 -- missing on master
(JMS         :  17) PJC.WHR        4 25-Feb-87 16:20 -- missing on master
(JMS         :  17) CPN121.WHR     2 27-Feb-87 15:52 -- missing on master
(JMS         :  17) FILEX.WHR      2 27-Feb-87 16:05 -- missing on master
(JMS         :  17) GLXLIB.WHR     2 05-Mar-87 16:26 -- missing on master
(JMS         :  17) PJ.WHR        37 08-Apr-87 16:41 -- missing on master
(JMS         :  17) COMMON.WHR     2 29-May-87 15:18 -- missing on master
(JMS         :  17) LINK.WHR      24 18-Aug-87 15:07 -- missing on master
(JMS         :  17) LOAD.WHR       3 04-Jun-87 17:12 -- missing on master
(JMS         :  17) KS1.WHR       80 30-Jul-87 22:28 -- missing on master
(JMS         :  17) TXSMAC.WHR     7 08-Jul-87 18:09 -- missing on master
(JMS         :  17) P035.WHR       3 04-Aug-87 16:54 -- missing on master
(JMS         :  17) FORT74.WHR     3 06-Aug-87 18:05 -- missing on master
(JMS         :  17) SA10D.WHR      5 18-Jul-87 14:42 -- missing on master
(JMS         :  17) M33.WHR      260 30-Sep-87 12:06 -- missing on master
(JMS         :  17) IOCS.WHR       2 19-Oct-87 14:35 -- missing on master
(JMS         :  17) P035C.WHR      8 17-Nov-87 05:54 -- missing on master
(JMS         :  17) NODES.WHR      3 14-Nov-86 14:54 -- missing on master
(JMS         :  17) EBUS.WHR      20 26-Aug-87 00:33 -- missing on master
(JMS         :  17) MAPLIB.WHR     6 30-Jun-86 17:26 -- missing on master
(JMS         :  17) NETVAL.WHR     3 28-Oct-86 13:19 -- missing on master
(JMS         :  17) TELECO.WHR    11 30-Oct-87 20:15 -- missing on master
(JMS         :  17) MAP.WHR       13 30-Nov-86 23:02 -- missing on master
(JMS         :  17) FIND.WHR       4 11-Dec-86 11:48 -- missing on master
(JMS         :  17) HANGUP.WHR     4 18-Dec-86 18:37 -- missing on master
(JMS         :  17) PCOM.WHR       3 17-Aug-87 16:35 -- missing on master
(JMS         :  17) MAGCON.WHR     4 10-Jan-87 14:17 -- missing on master
(JMS         :  17) UFDSFD.WHR     2 15-Jan-87 19:02 -- missing on master
(JMS         :  17) STREAK.WHR     5 21-Jan-87 12:37 -- missing on master
(JMS         :  17) TTYTAB.WHR     3 18-Nov-87 15:19 -- missing on master
(JMS         :  17) CPY.WHR        2 11-Feb-87 21:05 -- missing on master
(JMS         :  17) LVALID.WHR     2 17-Feb-87 23:12 -- missing on master
(JMS         :  17) SZRPT.WHR      7 30-Oct-87 20:16 -- missing on master
(JMS         :  17) PAM.WHR       10 27-Feb-87 15:53 -- missing on master
(JMS         :  17) BOOTS.WHR      4 02-Mar-87 16:18 -- missing on master
(JMS         :  17) KERMXX.WHR     3 03-Mar-87 16:45 -- missing on master
(JMS         :  17) PAT.WHR       24 10-Jan-87 19:46 -- missing on master
(JMS         :  17) B04.WHR        5 28-May-87 15:28 -- missing on master
(JMS         :  17) MEXEC.WHR      2 18-Nov-87 05:33 -- missing on master
(JMS         :  17) PEAK.WHR      13 29-May-87 15:34 -- missing on master
(JMS         :  17) TXSNET.WHR     9 29-May-87 16:22 -- missing on master
(JMS         :  17) SYSBOO.WHR     4 30-Oct-87 20:18 -- missing on master
(JMS         :  17) AUTOFD.WHR     2 28-Jul-87 11:29 -- missing on master
(JMS         :  17) DIAG10.WHR   147 10-Dec-87 14:34 -- missing on master
(JMS         :  17) 58.WHR         7 04-Jun-87 18:25 -- missing on master
(JMS         :  17) FORSYS.WHR     3 17-Nov-87 06:03 -- missing on master
(JMS         :  17) ND5566.WHR     5 17-Nov-87 06:01 -- missing on master
(JMS         :  17) TUMS85.2QT     2 30-May-86 12:05 -- missing on master
(JMS         :  17) TUMS85.3QT     2 26-Jun-86 19:43 -- missing on master
(JMS         :  17) TUMS85.4QT     4 26-Jun-86 19:43 -- missing on master
(JMS         :  17) 24BASE.WHR     2 23-Jan-87 15:15 -- missing on master
(JMS         :  17) MICRO.WHR     28 23-Jan-87 15:20 -- missing on master
(JMS         :  17) CRSHID.WHR     2 30-Oct-87 20:18 -- missing on master
(JMS         :  17) SAIL.WHR       8 27-Oct-86 16:41 -- missing on master
(JMS         :  17) GOPJ.WHR       3 15-May-87 15:59 -- missing on master
(JMS         :  17) TURNUP.WHR     2 31-Oct-86 13:16 -- missing on master
(JMS         :  17) JOBS39.WHR     2 13-Nov-86 18:47 -- missing on master
(JMS         :  17) ARCHIV.WHR    25 23-Jan-87 15:25 -- missing on master
(JMS         :  17) MHX.WHR        2 15-May-87 15:45 -- missing on master
(JMS         :  17) COMPIL.WHR     4 28-May-87 15:16 -- missing on master
(JMS         :  17) FLAGOF.WHR     2 15-Dec-86 17:46 -- missing on master
(JMS         :  17) HELP.WHR       3 29-May-87 20:31 -- missing on master
(JMS         :  17) TXSNOD.WHR     8 12-Jan-87 00:33 -- missing on master
(JMS         :  17) ZEN.WHR        4 03-Feb-87 19:40 -- missing on master
(JMS         :  17) BACKUP.WHR     7 19-Feb-87 16:32 -- missing on master
(JMS         :  17) BOTLOD.WHR     4 26-Feb-87 18:04 -- missing on master
(JMS         :  17) GFD.WHR        5 19-Mar-87 11:13 -- missing on master
(JMS         :  17) TMCS.WHR      10 17-Apr-87 15:34 -- missing on master
(JMS         :  17) MAGWRT.WHR     2 25-Apr-87 23:15 -- missing on master
(JMS         :  17) MAGRIM.WHR     2 05-May-87 11:50 -- missing on master
(JMS         :  17) ERRLOG.WHR     3 19-May-87 20:05 -- missing on master
(JMS         :  17) SYST.WHR       3 18-Jun-87 14:32 -- missing on master
(JMS         :  17) NETDOC.WHR    14 27-Jul-87 23:23 -- missing on master
(JMS         :  17) NADSYS.WHR     3 30-Jun-87 01:39 -- missing on master
(JMS         :  17) X14IMG.WHR     5 30-Oct-87 20:19 -- missing on master
(JMS         :  17) ASM68K.WHR     5 26-Aug-87 00:33 -- missing on master
(JMS         :  17) KOPFJ.WHR      9 26-Aug-87 00:34 -- missing on master
(JMS         :  17) NADSAV.WHR     3 26-Aug-87 04:06 -- missing on master
(JMS         :  17) NDT.WHR       58 17-Aug-87 20:19 -- missing on master
(JMS         :  17) ENGINE.WHR     5 18-Aug-87 13:56 -- missing on master
(JMS         :  17) SNARF.WHR      2 16-Nov-87 15:42 -- missing on master
(JMS         :  17) LEMCOM.WHR     4 16-Nov-87 15:43 -- missing on master
(JMS         :  17) UTIL.WHR       9 22-Dec-87 05:16 -- missing on master
(JMS         :  17) TUMS86.2QT    14 26-Jun-86 19:46 -- missing on master
(JMS         :  17) TUMS86.1QT     4 26-Jun-86 19:45 -- missing on master
(JMS         :  17) TUMS86.3QT     5 11-Aug-86 15:36 -- missing on master
(JMS         :  17) NONAME.WHR     3 22-Aug-86 21:42 -- missing on master
(JMS         :  17) FAILSA.WHR     2 27-Oct-86 16:33 -- missing on master
(JMS         :  17) FAIL.WHR       2 27-Oct-86 16:42 -- missing on master
(JMS         :  17) TUMS86.4QT     5 15-Nov-86 13:58 -- missing on master
(JMS         :  17) SETE.WHR       3 17-Nov-86 18:58 -- missing on master
(JMS         :  17) RCHARG.WHR     3 23-Jan-87 15:28 -- missing on master
(JMS         :  17) GAMES.WHR     13 21-Nov-86 02:24 -- missing on master
(JMS         :  17) PAKCOP.WHR     2 07-Jul-87 15:54 -- missing on master
(JMS         :  17) LISTER.WHR     4 09-Jun-87 19:17 -- missing on master
(JMS         :  17) GAME39.WHR     4 05-Jan-87 16:27 -- missing on master
(JMS         :  17) MAGNUM.WHR    69 23-Jan-87 15:42 -- missing on master
(JMS         :  17) MAIL.WHR       3 29-May-87 16:06 -- missing on master
(JMS         :  17) CRAM.WHR       3 27-Jan-87 11:52 -- missing on master
(JMS         :  17) LPASSW.WHR     2 17-Feb-87 23:14 -- missing on master
(JMS         :  17) 20FILE.WHR     3 17-Feb-87 23:21 -- missing on master
(JMS         :  17) COLOG.WHR      3 27-Feb-87 16:25 -- missing on master
(JMS         :  17) KERMIT.WHR     6 04-Mar-87 15:23 -- missing on master
(JMS         :  17) SYSTAT.WHR     7 16-Mar-87 14:52 -- missing on master
(JMS         :  17) INITIA.WHR     3 16-Mar-87 14:53 -- missing on master
(JMS         :  17) FINDIT.WHR     6 30-Oct-87 20:20 -- missing on master
(JMS         :  17) RUNPAM.WHR     3 17-Nov-87 06:31 -- missing on master
(JMS         :  17) PEAKS.WHR      3 17-Nov-87 06:30 -- missing on master
(JMS         :  17) TXSBND.WHR     3 17-Nov-87 06:30 -- missing on master
(JMS         :  17) AFD.WHR       19 17-Nov-87 06:27 -- missing on master
(JMS         :  17) 1022.WHR      37 17-Nov-87 07:14 -- missing on master
(JMS         :  17) DISK.WHR       3 17-Nov-87 07:13 -- missing on master
(JMS         :  17) DIRIT.WHR      4 17-Nov-87 07:13 -- missing on master
(JMS         :  17) COPY3.WHR      4 17-Nov-87 07:12 -- missing on master
(JMS         :  17) CKSUM.WHR      3 17-Nov-87 07:11 -- missing on master
(JMS         :  17) FIXMOX.WHR     4 17-Nov-87 07:11 -- missing on master
(JMS         :  17) TUMS87.1QT     4 17-Nov-87 07:10 -- missing on master
(JMS         :  17) CLRALC.WHR     2 17-Nov-87 07:10 -- missing on master
(JMS         :  17) TECO.WHR       5 17-Nov-87 07:09 -- missing on master
(JMS         :  17) CLRMAI.WHR    10 17-Nov-87 07:07 -- missing on master
(JMS         :  17) SV515.WHR      2 17-Nov-87 07:06 -- missing on master
(JMS         :  17) SY.WHR         2 17-Nov-87 07:06 -- missing on master
(JMS         :  17) ERRCHK.WHR     2 17-Nov-87 07:05 -- missing on master
(JMS         :  17) CRFSYM.WHR     2 17-Nov-87 07:04 -- missing on master
(JMS         :  17) TITO.WHR       4 17-Nov-87 07:04 -- missing on master
(JMS         :  17) RECORD.WHR     6 17-Nov-87 07:03 -- missing on master
(JMS         :  17) KLDCP.WHR      2 17-Nov-87 06:42 -- missing on master
(JMS         :  17) BOOTS1.WHR     3 17-Nov-87 06:41 -- missing on master
(JMS         :  17) SYSNEW.WHR     3 17-Nov-87 06:41 -- missing on master
(JMS         :  17) DSKCLN.WHR    10 22-Dec-87 05:14 -- missing on master
(JMS         :  17) TUMS87.2QT     5 17-Nov-87 06:38 -- missing on master
(JMS         :  17) TXSNEW.WHR     9 17-Nov-87 06:37 -- missing on master
(JMS         :  17) TUMS87.3QT    15 10-Dec-87 14:48 -- missing on master
(JMS         :  17) KS.WHR         6 17-Nov-87 06:33 -- missing on master
(JMS         :  17) TC.WHR         4 17-Nov-87 06:32 -- missing on master
(JMS         :  17) SA10A.WHR      4 17-Nov-87 06:31 -- missing on master
(JMS         :  17) SPL.WHR       27 17-Nov-87 06:21 -- missing on master
(JMS         :  17) NAD.WHR        5 17-Nov-87 06:39 -- missing on master
(JMS         :  17) M33KS.WHR      9 31-Mar-87 17:40 -- missing on master
(JMS         :  17) LOGOUT.WHR     3 17-Nov-87 06:26 -- missing on master
(JMS         :  17) ND2333.WHR     3 17-Nov-87 06:32 -- missing on master
(JMS         :  17) JMSSAV.WHR     2 17-Nov-87 06:26 -- missing on master
(JMS         :  17) TUMS87.4QT     9 31-Dec-87 05:26 -- missing on master
(JMS         :  17) 20XXXX.WHR   118 17-Nov-87 06:42 -- missing on master
(JMS         :  17) WHEN.WHR       3 17-Nov-87 06:20 -- missing on master
(JMS         :  17) SSPAMB.WHR    59 01-Dec-87 05:39 -- missing on master
(JMS         :  17) 11.WHR         7 22-Dec-87 05:15 -- missing on master
(JMS         :  17) TEMP.WHR       5 17-Nov-87 06:02 -- missing on master
(JMS         :  17) ADVISE.WHR     2 17-Nov-87 06:01 -- missing on master
(JMS         :  17) 940MAN.WHR     8 10-Dec-87 14:50 -- missing on master
(JMS         :  17) PAMHGH.WHR     4 22-Dec-87 05:15 -- missing on master
(JMS         :  17) TUMS0.TIX     47 22-Dec-87 05:16 -- missing on master
(JMS         :  17) ND2334.WHR     6 17-Nov-87 05:56 -- missing on master
(JMS         :  17) SA10B.WHR     19 17-Nov-87 05:58 -- missing on master
(JMS         :  17) BB2674.WHR     3 17-Nov-87 05:56 -- missing on master
(JMS         :  17) NCHINP.WHR     3 18-Nov-87 05:33 -- missing on master
(JMS         :  17) LOGINN.WHR     9 22-Dec-87 05:15 -- missing on master
(JMS         :  17) DUSAGE.WHR     2 22-Dec-87 05:15 -- missing on master
(JMS         :  17) OSMAC.WHR      6 07-Oct-87 14:47 -- missing on master
(JMS         :  17) FREE.WHR       2 05-Nov-87 05:41 -- missing on master
(JMS         :  17) TUMS85.1QT    56 09-May-86 19:53 -- missing on master
(JMS         :  17) 6NEWS.WHR     61 01-Dec-87 05:43 -- missing on master
(JMS         :  17) TUMS.X35      17 31-Dec-87 12:24 -- missing on master
(JMS         :  17) TUMS.NWS       2 09-Sep-85 16:34 -- missing on master
(JMS         :  17) MUMS.WHR      45 22-Dec-87 05:10 -- missing on master
(JMS         :  17) RDIST.WHR      3 17-Nov-87 05:56 -- missing on master

End of SAIL execution
.DAYTIME
4-JAN-1988 18:01:58 PST

.LOGOUT
645.26 tru
terminal time: 0:13:51

; Req #12950 completed
    &A