23.88 tru 
95:  
BOOTKS.MEM  (KS2020:95)         3  11-Dec-85  17:21  ALL  RD  NO 
BOOTKS.MEM  (KSBACK-118:95)     3  11-Dec-85  17:21  ALL  RD  NO 
BOOTKS.MEM  (KSBACK:95)         3  11-Dec-85  17:21  ALL  RD  NO 
CLOCKS.REL  (M33:95)            6  18-Sep-86  13:25  ALL  RD  NO 
CNFNKS.MAC  (M33:95)            2  09-Jul-86  14:16  ALL  RD  NO 
CONFKS.MAC  (KS-M33:95)         3  24-Oct-80  20:46  ALL  RD  NO 
CONFKS.MAC  (M33:95)            2  22-Aug-86  14:32  ALL  RD  NO 
KS034P.SAV  (M33:95)          162  08-May-86  14:45  ALL  RD  NO 
KS10.DIR    (KS2020-118:95)     2  03-Apr-85  11:33  ALL  RD  NO 
KS10.DIR    (KS2020:95)         2  03-Apr-85  11:33  ALL  RD  NO 
KS10.DIS    (KSWORK:95)       135  08-Nov-80  02:12  ALL  RD  NO 
KS10.FLD    (KS2020-118:95)    11  24-Feb-81  14:56  ALL  RD  NO 
KS10.FLD    (KS2020:95)        11  24-Feb-81  14:56  ALL  RD  NO 
KS10.FLD    (KSBACK-118:95)    11  24-Feb-81  14:56  ALL  RD  NO 
KS10.FLD    (KSBACK:95)        11  24-Feb-81  14:56  ALL  RD  NO 
KS10.FLD    (KSWORK:95)        11  28-Nov-79  16:49  ALL  RD  NO 
KS10.MCL    (KS2020-118:95)   111  26-Jul-78  11:29  ALL  RD  NO 
KS10.MCL    (KS2020:95)       111  26-Jul-78  11:29  ALL  RD  NO 
KS10.MCR    (KS2020-118:95)   444  26-Jul-78  11:29  ALL  RD  NO 
KS10.MCR    (KS2020:95)       444  26-Jul-78  11:29  ALL  RD  NO 
KS10.MIC    (KS2020-118:95)   135  24-Feb-81  14:56  ALL  RD  NO 
KS10.MIC    (KS2020:95)       135  24-Feb-81  14:56  ALL  RD  NO 
KS10.MIC    (KSBACK-118:95)   135  24-Feb-81  14:56  ALL  RD  NO 
KS10.MIC    (KSBACK:95)       135  24-Feb-81  14:56  ALL  RD  NO 
KS10.MIC    (KSWORK:95)       135  28-Nov-79  16:42  ALL  RD  NO 
KS10.OCT    (KS2020-118:95)    36  13-Feb-86  17:30  ALL  RD  NO 
KS10.OCT    (KS2020:95)        36  13-Feb-86  17:30  ALL  RD  NO 
KS10.RAM    (KS2020-118:95)    13  17-Mar-83  16:26  ALL  RD  NO 
KS10.RAM    (KS2020:95)        13  17-Mar-83  16:26  ALL  RD  NO 
KS10.RAM    (KSDIAG:95)        13  21-Feb-81  01:46  ALL  RD  NO 
KS10.RSQ    (KS2020-118:95)     3  26-Jul-78  11:29  ALL  RD  NO 
KS10.RSQ    (KS2020:95)         3  26-Jul-78  11:29  ALL  RD  NO 
KS10.RSQ    (KSDIAG:95)         3  21-Feb-81  01:46  ALL  RD  NO 
KS10.T10    (KS2020-118:95)    43  02-Apr-85  16:50  ALL  RD  NO 
KS10.T10    (KS2020:95)        43  02-Apr-85  16:50  ALL  RD  NO 
KS10.T10    (KSBACK-118:95)    43  02-Apr-85  16:50  ALL  RD  NO 
KS10.T10    (KSBACK:95)        43  02-Apr-85  16:50  ALL  RD  NO 
KS10.T20    (KS2020-118:95)    43  26-Jul-78  11:27  ALL  RD  NO 
KS10.T20    (KS2020:95)        43  26-Jul-78  11:27  ALL  RD  NO 
KS10.ULD    (KS2020-118:95)    43  24-Feb-81  14:43  ALL  RD  NO 
KS10.ULD    (KS2020:95)        43  24-Feb-81  14:43  ALL  RD  NO 
KS10.ULD    (KSBACK-118:95)    43  24-Feb-81  14:43  ALL  RD  NO 
KS10.ULD    (KSBACK:95)        43  24-Feb-81  14:43  ALL  RD  NO 
KS10.ULD    (KSDIAG:95)        43  21-Feb-81  01:36  ALL  RD  NO 
KS10.ULD    (KSWORK:95)        43  08-Nov-80  02:07  ALL  RD  NO 
KS111.RAM   (KS2020-118:95)    13  18-Jun-85  15:10  ALL  RD  NO 
KS111.RAM   (KS2020:95)        13  18-Jun-85  15:10  ALL  RD  NO 
KS20.EXE    (KS2020-118:95)     5  16-Oct-78  11:31  ALL  RD  NO 
KS20.EXE    (KS2020:95)         5  16-Oct-78  11:31  ALL  RD  NO 
KS20.MAC    (KS2020-118:95)     5  16-Oct-78  11:30  ALL  RD  NO 
KS20.MAC    (KS2020:95)         5  16-Oct-78  11:30  ALL  RD  NO 
KS2020.BAK  (KS2020-118:95)     4  19-Mar-86  15:03  ALL  RD  NO 
KS2020.BAK  (KS2020:95)         4  19-Mar-86  15:03  ALL  RD  NO 
KS2020.CKS  (KSBACK-118:95)     5  09-Apr-86  16:10  ALL  RD  NO 
KS2020.CKS  (KSBACK:95)         5  09-Apr-86  16:10  ALL  RD  NO 
KS2020.DIR  (KS2020-118:95)     4  09-Apr-86  15:31  ALL  RD  NO 
KS2020.DIR  (KS2020:95)         4  09-Apr-86  15:31  ALL  RD  NO 
KS2020.EXE  (SYS:95)          254  16-Apr-85  17:18  ALL  RD  NO 
KS702.EXE   (TOPS10:95)       254  29-Mar-85  15:53  ALL  RD  NO 
KSBACK.BAK  (KS2020-118:95)     6  19-Mar-86  15:34  ALL  RD  NO 
KSBACK.BAK  (KS2020:95)         6  19-Mar-86  15:34  ALL  RD  NO 
KSBACK.BIN  (KSBACK-118:95)     4  09-Apr-86  16:02  ALL  RD  NO 
KSBACK.BIN  (KSBACK:95)         4  09-Apr-86  16:02  ALL  RD  NO 
KSBACK.CKS  (KSBACK-118:95)     3  09-Apr-86  16:07  ALL  RD  NO 
KSBACK.CKS  (KSBACK:95)         3  09-Apr-86  16:07  ALL  RD  NO 
KSBACK.DIR  (KS2020-118:95)     6  09-Apr-86  15:32  ALL  RD  NO 
KSBACK.DIR  (KS2020:95)         6  09-Apr-86  15:32  ALL  RD  NO 
KSBCFG.MEM  (KS2020-118:95)     5  02-Apr-85  16:36  ALL  RD  NO 
KSBCFG.MEM  (KS2020:95)         5  02-Apr-85  16:36  ALL  RD  NO 
KSBCFG.RNO  (KS2020-118:95)     4  11-Sep-80  12:02  ALL  RD  NO 
KSBCFG.RNO  (KS2020:95)         4  11-Sep-80  12:02  ALL  RD  NO 
KSBCFG.RNO  (KSWORK:95)         4  05-Nov-80  17:15  ALL  RD  NO 
KSBLOD.CMD  (M33:95)            2  17-Jan-80  11:50  ALL  RD  NO 
KSBLOD.DM0  (KS2020-118:95)     2  24-Feb-81  14:44  ALL  RD  NO 
KSBLOD.DM0  (KS2020:95)         2  24-Feb-81  14:44  ALL  RD  NO 
KSBLOD.DMP  (KS2020-118:95)     2  04-Feb-86  00:02  ALL  RD  NO 
KSBLOD.DMP  (KS2020:95)         2  04-Feb-86  00:02  ALL  RD  NO 
KSBLOD.DMP  (KSWORK:95)         2  07-Nov-80  19:53  ALL  RD  NO 
KSBLOD.DMP  (SYS:95)            2  17-Jan-80  11:52  ALL  RD  NO 
KSBLOD.M00  (KS2020-118:95)     3  24-Feb-81  14:44  ALL  RD  NO 
KSBLOD.M00  (KS2020:95)         3  24-Feb-81  14:44  ALL  RD  NO 
KSBLOD.MAC  (KS2020-118:95)     3  04-Feb-86  00:01  ALL  RD  NO 
KSBLOD.MAC  (KS2020:95)         3  04-Feb-86  00:01  ALL  RD  NO 
KSBLOD.MAC  (KSBACK-118:95)     3  24-Feb-81  14:44  ALL  RD  NO 
KSBLOD.MAC  (KSBACK:95)         3  24-Feb-81  14:44  ALL  RD  NO 
KSBLOD.MAC  (KSWORK:95)         3  07-Nov-80  19:51  ALL  RD  NO 
KSBLOD.MAC  (M33:95)            4  14-Sep-79  17:36  ALL  RD  NO 
KSBLOD.OLD  (KS2020-118:95)     2  24-Feb-81  14:52  ALL  RD  NO 
KSBLOD.OLD  (KS2020:95)         2  24-Feb-81  14:52  ALL  RD  NO 
KSBLOD.SAV  (KS2020-118:95)     2  24-Feb-81  14:44  ALL  RD  NO 
KSBLOD.SAV  (KS2020:95)         2  24-Feb-81  14:44  ALL  RD  NO 
KSBLOD.SAV  (KSBACK-118:95)     2  24-Feb-81  14:44  ALL  RD  NO 
KSBLOD.SAV  (KSBACK:95)         2  24-Feb-81  14:44  ALL  RD  NO 
KSBLOD.SAV  (KSWORK:95)         2  07-Nov-80  19:53  ALL  RD  NO 
KSBT.MEM    (KS2020-118:95)     2  16-Sep-82  11:31  ALL  RD  NO 
KSBT.MEM    (KS2020:95)         2  16-Sep-82  11:31  ALL  RD  NO 
KSBT.MEM    (KSBACK-118:95)     2  16-Sep-82  11:31  ALL  RD  NO 
KSBT.MEM    (KSBACK:95)         2  16-Sep-82  11:31  ALL  RD  NO 
KSCOMM.MAC  (KS-M33:95)         2  24-Oct-80  18:22  ALL  RD  NO 
KSCOMM.MAC  (M33:95)            2  02-Jan-86  15:28  ALL  RD  NO 
KSCOP.BIN   (M33:95)            2  18-Oct-79  18:13  ALL  RD  NO 
KSCOP.DOC   (M33:95)            2  02-Nov-79  12:06  ALL  RD  NO 
KSCOP.TXT   (M33:95)            2  15-Jan-80  15:11  ALL  RD  NO 
KSCOP0.BIN  (M33:95)            2  15-Jan-80  17:33  ALL  RD  NO 
KSCOP1.BIN  (M33:95)            2  22-Oct-79  18:20  ALL  RD  NO 
KSCRSH.CMD  (KS2020-118:95)     2  24-Feb-81  14:45  ALL  RD  NO 
KSCRSH.CMD  (KS2020:95)         2  24-Feb-81  14:45  ALL  RD  NO 
KSCRSH.CMD  (KSBACK-118:95)     2  24-Feb-81  14:45  ALL  RD  NO 
KSCRSH.CMD  (KSBACK:95)         2  24-Feb-81  14:45  ALL  RD  NO 
KSCRSH.CMD  (KSWORK:95)         2  07-Nov-80  17:16  ALL  RD  NO 
KSDIR.BAK   (KSBACK-118:95)     3  09-Apr-86  16:52  ALL  RD  NO 
KSDIR.BAK   (KSBACK:95)         3  09-Apr-86  16:52  ALL  RD  NO 
KSDIR.CKS   (KSBACK-118:95)     6  09-Apr-86  16:19  ALL  RD  NO 
KSDIR.CKS   (KSBACK:95)         6  09-Apr-86  16:19  ALL  RD  NO 
KSDIR.SAM   (KSBACK-118:95)     3  09-Apr-86  16:55  ALL  RD  NO 
KSDIR.SAM   (KSBACK:95)         3  09-Apr-86  16:55  ALL  RD  NO 
KSDIR.SCM   (KS2020-118:95)   170  09-Apr-86  15:29  ALL  RD  NO 
KSDIR.SCM   (KS2020:95)       171  09-Apr-86  15:29  ALL  RD  NO 
KSFEDT.SAV  (KS2020-118:95)    10  19-Dec-83  15:04  ALL  RD  NO 
KSFEDT.SAV  (KS2020:95)        10  19-Dec-83  15:04  ALL  RD  NO 
KSFEDT.SAV  (KSBACK-118:95)    10  19-Dec-83  15:04  ALL  RD  NO 
KSFEDT.SAV  (KSBACK:95)        10  19-Dec-83  15:04  ALL  RD  NO 
KSFEFS.118  (KS2020-118:95)     8  20-Nov-80  08:53  ALL  RD  NO 
KSFEFS.118  (KS2020:95)         8  20-Nov-80  08:53  ALL  RD  NO 
KSFEFS.LST  (KS2020-118:95)    12  19-Mar-75  17:00  ALL  RD  NO 
KSFEFS.LST  (KS2020:95)        12  19-Mar-75  17:00  ALL  RD  NO 
KSFEFS.M01  (KS2020-118:95)     6  31-Jan-86  12:22  ALL  RD  NO 
KSFEFS.M01  (KS2020:95)         6  31-Jan-86  12:22  ALL  RD  NO 
KSFEFS.MAC  (KS2020-118:95)     6  04-Feb-86  00:41  ALL  RD  NO 
KSFEFS.MAC  (KS2020:95)         6  04-Feb-86  00:41  ALL  RD  NO 
KSFEFS.MAC  (KSBACK-118:95)     6  19-Dec-83  16:20  ALL  RD  NO 
KSFEFS.MAC  (KSBACK:95)         6  19-Dec-83  16:20  ALL  RD  NO 
KSFEFS.MAC  (KSWORK:95)         8  06-Nov-80  21:01  ALL  RD  NO 
KSFEFS.SAV  (KS2020-118:95)     3  19-Dec-83  16:22  ALL  RD  NO 
KSFEFS.SAV  (KS2020:95)         3  19-Dec-83  16:22  ALL  RD  NO 
KSFEFS.SAV  (KSBACK-118:95)     3  19-Dec-83  16:22  ALL  RD  NO 
KSFEFS.SAV  (KSBACK:95)         3  19-Dec-83  16:22  ALL  RD  NO 
KSFEFS.SAV  (KSWORK:95)         3  06-Nov-80  21:20  ALL  RD  NO 
KSFEFS.SAV  (SYS:95)            3  17-Jan-80  12:08  ALL  RD  NO 
KSFICH.DOC  (KS2020-118:95)     2  24-Feb-81  14:55  ALL  RD  NO 
KSFICH.DOC  (KS2020:95)         2  24-Feb-81  14:55  ALL  RD  NO 
KSFICH.DOC  (KSBACK-118:95)     2  24-Feb-81  14:55  ALL  RD  NO 
KSFICH.DOC  (KSBACK:95)         2  24-Feb-81  14:55  ALL  RD  NO 
KSFICH.DOC  (KSWORK:95)         2  04-Nov-80  11:44  ALL  RD  NO 
KSFSFS.M00  (KS2020-118:95)     6  19-Dec-83  16:20  ALL  RD  NO 
KSFSFS.M00  (KS2020:95)         6  19-Dec-83  16:20  ALL  RD  NO 
KSIORG.MAC  (KS-M33:95)         2  24-Oct-80  18:25  ALL  RD  NO 
KSIORG.MAC  (M33:95)            2  02-Jan-86  15:29  ALL  RD  NO 
KSMON.SAV   (KSDIAG:95)       155  20-Dec-83  06:22  ALL ALL ALL 
KSREF.MEM   (KS2020-118:95)   140  07-Dec-78  13:17  ALL  RD  NO 
KSREF.MEM   (KS2020:95)       140  07-Dec-78  13:17  ALL  RD  NO 
KSREF.RNO   (KS2020-118:95)   120  07-Dec-78  13:16  ALL  RD  NO 
KSREF.RNO   (KS2020:95)       120  07-Dec-78  13:16  ALL  RD  NO 
KSSYM.MAC   (KS-M33:95)         7  24-Oct-80  18:25  ALL  RD  NO 
KSSYM.MAC   (KS2020-118:95)     7  24-Feb-81  14:55  ALL  RD  NO 
KSSYM.MAC   (KS2020:95)         7  24-Feb-81  14:55  ALL  RD  NO 
KSSYM.MAC   (KSBACK-118:95)     7  24-Feb-81  14:55  ALL  RD  NO 
KSSYM.MAC   (KSBACK:95)         7  24-Feb-81  14:55  ALL  RD  NO 
KSSYM.MAC   (KSWORK:95)         7  24-Oct-80  18:25  ALL  RD  NO 
KSSYM.MAC   (M33:95)            8  02-Jan-86  13:13  ALL  RD  NO 
KSTLOD.DMP  (KS2020-118:95)     2  17-Jan-80  11:49  ALL  RD  NO 
KSTLOD.DMP  (KS2020:95)         2  17-Jan-80  11:49  ALL  RD  NO 
KSTLOD.DMP  (KSWORK:95)         2  06-Nov-80  21:25  ALL  RD  NO 
KSTLOD.DMP  (SYS:95)            2  17-Jan-80  11:49  ALL  RD  NO 
KSTLOD.MAC  (KS2020-118:95)    10  24-Feb-81  14:46  ALL  RD  NO 
KSTLOD.MAC  (KS2020:95)        10  24-Feb-81  14:46  ALL  RD  NO 
KSTLOD.MAC  (KSBACK-118:95)    10  24-Feb-81  14:46  ALL  RD  NO 
KSTLOD.MAC  (KSBACK:95)        10  24-Feb-81  14:46  ALL  RD  NO 
KSTLOD.MAC  (KSWORK:95)        10  06-Nov-80  21:00  ALL  RD  NO 
KSTLOD.MAC  (M33:95)           10  14-Sep-79  17:50  ALL  RD  NO 
KSTLOD.SAV  (KS2020-118:95)     2  24-Feb-81  14:45  ALL  RD  NO 
KSTLOD.SAV  (KS2020:95)         2  24-Feb-81  14:45  ALL  RD  NO 
KSTLOD.SAV  (KSBACK-118:95)     2  24-Feb-81  14:45  ALL  RD  NO 
KSTLOD.SAV  (KSBACK:95)         2  24-Feb-81  14:45  ALL  RD  NO 
KSTLOD.SAV  (KSWORK:95)         2  06-Nov-80  21:24  ALL  RD  NO 
KSTSK.TXT   (M33:95)            2  04-Oct-79  16:36  ALL  RD  NO 
KSUNV.MAC   (M33:95)            2  26-Jun-85  16:51  ALL  RD  NO 
KSXG03.SAV  (GLYONS:95)       152  20-Nov-80  21:53  ALL  RD  NO 
KSXGLB.CTL  (M33:95)            2  12-Nov-82  03:55  ALL  RD  NO 
KSXN13.SAV  (SYS:95)          160  03-Jul-85  15:22  RUN  NO  NO 
PAKCKS.MAC  (M33:95)           36  14-Sep-79  17:58  ALL  RD  NO 
SETEKS.MAC  (M33:95)            2  19-Aug-86  16:53  ALL  RD  NO 
  