!RDIST (KS2020)*.*/MASTER:95/HOST:30,33,34/CHECK
Master host: 95
390 files on master system.
Slave hosts: 30,33,34
Checking host 30
(KS2020      :  30) ACCESS.MSG     2 07-Jun-87 13:55 -- bad checksum
(KS2020      :  30) DDT.MAC       89 20-Nov-80 13:14 -- bad checksum
(KS2020      :  30) PASSWO.SHR    16 24-Sep-80 12:29 -- bad license
(KS2020      :  30) PASSWO.LOW     2 24-Sep-80 12:28 -- bad license
(KS2020      :  30) 018TEL.COM     2 13-Jul-87 17:33 -- missing on master
(KS2020      :  30) 018TEL.OUT     2 13-Jul-87 17:33 -- missing on master
(KS2020      :  30) TELCHK.LOG     2 07-Jun-87 13:56 -- bad checksum
(KS2020      :  30) 030TEL.COM     2 14-Jul-87 10:46 -- missing on master
(KS2020      :  30) 030TEL.OUT     2 14-Jul-87 10:46 -- missing on master
(KS2020      :  30) PRINTR.SAV    28 20-Nov-80 20:09 -- bad license
(KS2020      :  30) BOOTS.OLD      3 05-Nov-80 17:30 -- missing on master
(KS2020      :  30) BOOTS.DMP      3 05-Nov-80 17:28 -- bad checksum
(KS2020      :  30) KMCC0D.BIN     3 10-May-80 02:21 -- bad license
(KS2020      :  30) KS20B.ROL   2742 07-Jun-87 18:47 -- missing on master
(KS2020      :  30) KS20C.ROL   1573 08-Jun-87 14:58 -- missing on master
Checking host 33
(KS2020      :  33) ACCESS.MSG     2 07-Jun-87 13:55 -- bad checksum
(KS2020      :  33) DDT.MAC       89 20-Nov-80 13:14 -- bad checksum
(KS2020      :  33) TELCHK.LOG     2 07-Jun-87 13:56 -- bad checksum
(KS2020      :  33) BOOTS.DMP      3 05-Nov-80 17:28 -- bad checksum
(KS2020      :  33) BOOTS.OLD      3 05-Nov-80 17:30 -- missing on master
(KS2020      :  33) TEMP.CTL       2 18-Jul-87 18:19 -- bad checksum
(KS2020      :  33) TEMP.LOG       1 18-Jul-87 18:20 -- bad checksum
(KS2020      :  33) 014TEL.BAK     2 18-Jul-87 13:24 -- missing on master
(KS2020      :  33) LODTST.FDM   108 20-Nov-80 13:31 -- bad checksum
(KS2020      :  33) LISTER.MAC    48 20-Nov-80 13:27 -- bad checksum
(KS2020      :  33) FINDIT.SAV    24 18-Feb-87 17:41 -- missing on master
(KS2020      :  33) MAIL           1 18-Jul-87 18:20 -- missing on master
(KS2020      :  33) KSBLOD.DMP     2 15-Dec-86 18:39 -- bad checksum
(KS2020      :  33) KSBLOD.M00     3 07-Nov-80 19:51 -- bad checksum
(KS2020      :  33) 007TEL.OUT                       -- missing on slave
(KS2020      :  33) 007TEL.COM                       -- missing on slave
(KS2020      :  33) KS.ROL                           -- missing on slave
(KS2020      :  33) KS.RCF                           -- missing on slave
(KS2020      :  33) KSBLOD.CMD                       -- missing on slave
(KS2020      :  33) DIRIT.INI                        -- missing on slave
(KS2020      :  33) KSBLOD.M01                       -- missing on slave
(KS2020      :  33) KS20C.RCF                        -- missing on slave
(KS2020      :  33) KS20B.RCF                        -- missing on slave
(KS2020      :  33) KS20A.RCF                        -- missing on slave
(KS2020      :  33) BOOTS.DM1                        -- missing on slave
(KS2020      :  33) BOOTS.DM0                        -- missing on slave
(KS2020      :  33) ACCESS.118                       -- missing on slave
Checking host 34
(KS2020      :  34) ACCESS.MSG     2 07-Jun-87 13:55 -- bad checksum
(KS2020      :  34) DDT.MAC       89 20-Nov-80 13:14 -- bad checksum
(KS2020      :  34) BOOTS.OLD      3 05-Nov-80 17:30 -- missing on master
(KS2020      :  34) >G/"E_.TMP  2742 18-Jul-87 13:26 -- missing on master
?Page I/O error for location 021444 at user PC 021444
(KS2020      :  34) 007TEL.OUT                       -- missing on slave
(KS2020      :  34) 007TEL.COM                       -- missing on slave
(KS2020      :  34) KS.ROL                           -- missing on slave
(KS2020      :  34) KS.RCF                           -- missing on slave
(KS2020      :  34) KSBLOD.CMD                       -- missing on slave
(KS2020      :  34) KSBLOD.M00                       -- missing on slave
(KS2020      :  34) DIRIT.INI                        -- missing on slave
(KS2020      :  34) KSBLOD.DM0                       -- missing on slave
(KS2020      :  34) KSBLOD.SAV                       -- missing on slave
(KS2020      :  34) HASH.118                         -- missing on slave
(KS2020      :  34) KSBLOD.MAC                       -- missing on slave
(KS2020      :  34) KSBLOD.LST                       -- missing on slave
(KS2020      :  34) 00READ.ME                        -- missing on slave
(KS2020      :  34) KSXXX.DIR                        -- missing on slave
(KS2020      :  34) KMCCOD.NEW                       -- missing on slave
(KS2020      :  34) LNN.001                          -- missing on slave
(KS2020      :  34) KSBLOD.SYS                       -- missing on slave
(KS2020      :  34) DISK.SAV                         -- missing on slave
(KS2020      :  34) DISK.DOC                         -- missing on slave
(KS2020      :  34) SAIL0.DEF                        -- missing on slave
(KS2020      :  34) SMBOOT.EXE                       -- missing on slave
(KS2020      :  34) SMMAG.EXE                        -- missing on slave
(KS2020      :  34) SMMON.EXE                        -- missing on slave
(KS2020      :  34) BOOTMS.EXE                       -- missing on slave
(KS2020      :  34) DRWSPR.118                       -- missing on slave
(KS2020      :  34) KMCCOD.OB                        -- missing on slave
(KS2020      :  34) KSBLOD.M01                       -- missing on slave
(KS2020      :  34) BG.OUT                           -- missing on slave
(KS2020      :  34) KMCCOD.BIN                       -- missing on slave
(KS2020      :  34) KSFICH.DOC                       -- missing on slave
(KS2020      :  34) KMCDOC.DOC                       -- missing on slave
(KS2020      :  34) KMCDOC.RNO                       -- missing on slave
(KS2020      :  34) KMCDEF.MAC                       -- missing on slave
(KS2020      :  34) REMIND.DAT                       -- missing on slave
(KS2020      :  34) LNN.MAC                          -- missing on slave
(KS2020      :  34) DISK.MAC                         -- missing on slave
(KS2020      :  34) KMCCOD.LST                       -- missing on slave
(KS2020      :  34) HASH.REL                         -- missing on slave
(KS2020      :  34) SMDDT.SAV                        -- missing on slave
(KS2020      :  34) SMMAG.SAV                        -- missing on slave
(KS2020      :  34) SMMAG.LST                        -- missing on slave
(KS2020      :  34) SMMON.SAV                        -- missing on slave
(KS2020      :  34) SMMON.LST                        -- missing on slave
(KS2020      :  34) SMDDT.HLP                        -- missing on slave
(KS2020      :  34) SMDDT.LST                        -- missing on slave
(KS2020      :  34) HASH.OLD                         -- missing on slave
(KS2020      :  34) EDIT10.MAC                       -- missing on slave
(KS2020      :  34) ACTSUM.SAI                       -- missing on slave
(KS2020      :  34) CROSS.MAC                        -- missing on slave
(KS2020      :  34) CROSS.CMD                        -- missing on slave
(KS2020      :  34) DSKCLN.MAC                       -- missing on slave
(KS2020      :  34) EDINOW.DIF                       -- missing on slave
(KS2020      :  34) EDINOW.LST                       -- missing on slave
(KS2020      :  34) EDINOW.CMD                       -- missing on slave
(KS2020      :  34) EDITST.HOW                       -- missing on slave
(KS2020      :  34) EDITST.T1                        -- missing on slave
(KS2020      :  34) EDITST.T3                        -- missing on slave
(KS2020      :  34) EDITST.T2                        -- missing on slave
(KS2020      :  34) EDITST.10E                       -- missing on slave
(KS2020      :  34) EDITST.CM1                       -- missing on slave
(KS2020      :  34) EDITST.CM3                       -- missing on slave
(KS2020      :  34) EDITST.CM4                       -- missing on slave
(KS2020      :  34) EDITST.BLI                       -- missing on slave
(KS2020      :  34) ERRCHK.MAC                       -- missing on slave
(KS2020      :  34) TIOPRM.MAC                       -- missing on slave
(KS2020      :  34) IOCSU.SIM                        -- missing on slave
(KS2020      :  34) CMDDEF.MAC                       -- missing on slave
(KS2020      :  34) BOOTMS.SAV                       -- missing on slave
(KS2020      :  34) BOOTMS.RDI                       -- missing on slave
(KS2020      :  34) CKSUM.930                        -- missing on slave
(KS2020      :  34) HASH.MAC                         -- missing on slave
(KS2020      :  34) LNN.000                          -- missing on slave
(KS2020      :  34) LNN.SAV                          -- missing on slave
(KS2020      :  34) KMCCOD.CMD                       -- missing on slave
(KS2020      :  34) DISK.OLD                         -- missing on slave
(KS2020      :  34) KMCCOD.OBJ                       -- missing on slave
(KS2020      :  34) KSBLOD.DMP                       -- missing on slave
(KS2020      :  34) KS20C.RCF                        -- missing on slave
(KS2020      :  34) KSWORK.DIR                       -- missing on slave
(KS2020      :  34) LPTVFU.SAI                       -- missing on slave
(KS2020      :  34) LPASSW.SAI                       -- missing on slave
(KS2020      :  34) LPTVFU.SAV                       -- missing on slave
(KS2020      :  34) KMCSUB.MA1                       -- missing on slave
(KS2020      :  34) RELOAD.XXX                       -- missing on slave
(KS2020      :  34) 20FILE.MEM                       -- missing on slave
(KS2020      :  34) KMCSER.MAC                       -- missing on slave
(KS2020      :  34) KMCDDT.MAC                       -- missing on slave
(KS2020      :  34) KS20.EXE                         -- missing on slave
(KS2020      :  34) NODCOD.BIN                       -- missing on slave
(KS2020      :  34) 20FILE.YYY                       -- missing on slave
(KS2020      :  34) KMCSUB.MA0                       -- missing on slave
(KS2020      :  34) KSBCFG.RNO                       -- missing on slave
(KS2020      :  34) LPASSW.SAV                       -- missing on slave
(KS2020      :  34) S.MAC                            -- missing on slave
(KS2020      :  34) KSSYM.MAC                        -- missing on slave
(KS2020      :  34) 20FILE.RNO                       -- missing on slave
(KS2020      :  34) DR.PUB                           -- missing on slave
(KS2020      :  34) DR.CMD                           -- missing on slave
(KS2020      :  34) DR.MAC                           -- missing on slave
(KS2020      :  34) DR.MAN                           -- missing on slave
(KS2020      :  34) 20FILE.XXX                       -- missing on slave
(KS2020      :  34) 20FILE.DOC                       -- missing on slave
(KS2020      :  34) KMCSUB.MAC                       -- missing on slave
(KS2020      :  34) LPTVFU.MAC                       -- missing on slave
(KS2020      :  34) DSCDA.SAV                        -- missing on slave
(KS2020      :  34) PROCES.DEF                       -- missing on slave
(KS2020      :  34) NONAME.SIM                       -- missing on slave
(KS2020      :  34) NONAME.CMD                       -- missing on slave
(KS2020      :  34) ACTVER.MAC                       -- missing on slave
(KS2020      :  34) FILDDT.MAC                       -- missing on slave
(KS2020      :  34) EDIFDM.CMD                       -- missing on slave
(KS2020      :  34) LISTER.MAC                       -- missing on slave
(KS2020      :  34) LISTER.CMD                       -- missing on slave
(KS2020      :  34) LOADER.MAC                       -- missing on slave
(KS2020      :  34) LOADER.INF                       -- missing on slave
(KS2020      :  34) LOADER.HOW                       -- missing on slave
(KS2020      :  34) LOADER.COM                       -- missing on slave
(KS2020      :  34) LOADER.FIL                       -- missing on slave
(KS2020      :  34) LODTST.FDM                       -- missing on slave
(KS2020      :  34) LOADER.CKS                       -- missing on slave
(KS2020      :  34) LOGOUT.MAC                       -- missing on slave
(KS2020      :  34) LOGOUT.INF                       -- missing on slave
(KS2020      :  34) MAIL.SAI                         -- missing on slave
(KS2020      :  34) SETE.MAC                         -- missing on slave
(KS2020      :  34) CSDDEF.SIM                       -- missing on slave
(KS2020      :  34) BOOTAP.DIR                       -- missing on slave
(KS2020      :  34) RED303.DIR                       -- missing on slave
(KS2020      :  34) MAGWR2.MAC                       -- missing on slave
(KS2020      :  34) MAGWR2.SAV                       -- missing on slave
(KS2020      :  34) MAGNUM.DIR                       -- missing on slave
(KS2020      :  34) KS20.MAC                         -- missing on slave
(KS2020      :  34) KSREF.RNO                        -- missing on slave
(KS2020      :  34) KSREF.MEM                        -- missing on slave
(KS2020      :  34) P34KSF.PAT                       -- missing on slave
(KS2020      :  34) DR.SAV                           -- missing on slave
(KS2020      :  34) RELOAD.OLD                       -- missing on slave
(KS2020      :  34) KSBCFG.MEM                       -- missing on slave
(KS2020      :  34) RELOAD.MAC                       -- missing on slave
(KS2020      :  34) RELOAD.SAV                       -- missing on slave
(KS2020      :  34) KS20B.RCF                        -- missing on slave
(KS2020      :  34) TEMP.CTL                         -- missing on slave
(KS2020      :  34) TEMP.LOG                         -- missing on slave
(KS2020      :  34) KS20A.RCF                        -- missing on slave
(KS2020      :  34) TEMP.DIR                         -- missing on slave
(KS2020      :  34) BOOTS.DM1                        -- missing on slave
(KS2020      :  34) BOOTS.DM0                        -- missing on slave
(KS2020      :  34) TELCHK.LOG                       -- missing on slave
(KS2020      :  34) ACCESS.118                       -- missing on slave

End of SAIL execution
!SEND KS2020
TYPE LETTER:
; PCOM v1.63 - processed: (KS2020)TEMP.LOG = (KS2020)TEMP.CTL
; Options: DETACH  LOG NOAPPEND SUPERSEDE LICENSE 
; Limits: TIME:60 TRULIMIT:0 
; Status: completed.
; Output recorded in file (KS2020)TEMP.LOG.

mail waiting
!LOGOUT
910.28 tru
terminal time: 0:21:23
