.RDIST (KSDIAG)*.*/MASTER:14/HOST:32,17,33,34/CHECK
Master host: 14
84 files on master system.
Slave hosts: 32,17,33,34
Checking host 32
Checking host 17
(KSDIAG      :  17) DSKAK.SAV     13 21-Feb-81 02:57 -- protection IAG      : 
                           should be 21-Feb-81 02:57 YAPGIK  ALL  RD  NO
(KSDIAG      :  17) DSKAK.SAV     13 21-Feb-81 02:57 -- bad license 17) DSXLA.INP      3 21-Feb-81 02:17 TOBMEQ  ALL  RD  NO
                           should be 21-Feb-81 02:57 YAPGIK  ALL  RD  NO
(KSDIAG      :  17) DSXLA.INP                        -- missing on slave
Checking host 33
(KSDIAG      :  33) SSLOAD.MAC                       -- missing on slave
(KSDIAG      :  33) SMDDT.HLP                        -- missing on slave
(KSDIAG      :  33) DSKDA.SAV                        -- missing on slave
(KSDIAG      :  33) SMDDT.SAV                        -- missing on slave
(KSDIAG      :  33) DSXLA.INP                        -- missing on slave
(KSDIAG      :  33) DSKAK.SAV                        -- missing on slave
(KSDIAG      :  33) DSKCB.SAV                        -- missing on slave
(KSDIAG      :  33) SMMAG.SAV                        -- missing on slave
(KSDIAG      :  33) SMMAG.EXE                        -- missing on slave
(KSDIAG      :  33) SMMON.SAV                        -- missing on slave
(KSDIAG      :  33) SMMON.EXE                        -- missing on slave
(KSDIAG      :  33) DSMMD.SAV                        -- missing on slave
(KSDIAG      :  33) DSKAD.SAV                        -- missing on slave
(KSDIAG      :  33) SUBSM.SAV                        -- missing on slave
(KSDIAG      :  33) SSMON.SAV                        -- missing on slave
(KSDIAG      :  33) DSLPA.SAV                        -- missing on slave
(KSDIAG      :  33) DSKAJ.SAV                        -- missing on slave
(KSDIAG      :  33) DSKCA.SAV                        -- missing on slave
(KSDIAG      :  33) DSMMC.SAV                        -- missing on slave
(KSDIAG      :  33) DSKAC.SAV                        -- missing on slave
(KSDIAG      :  33) DSCDA.SAV                        -- missing on slave
(KSDIAG      :  33) DSTUB.SAV                        -- missing on slave
(KSDIAG      :  33) SLVPSP.SAV                       -- missing on slave
(KSDIAG      :  33) RUNNER.SAV                       -- missing on slave
(KSDIAG      :  33) DSTUA.SAV                        -- missing on slave
(KSDIAG      :  33) DSMMB.SAV                        -- missing on slave
(KSDIAG      :  33) KS10.ULD                         -- missing on slave
(KSDIAG      :  33) SMBC2.SAV                        -- missing on slave
(KSDIAG      :  33) SMBC2.EXE                        -- missing on slave
(KSDIAG      :  33) DSKCG.SAV                        -- missing on slave
(KSDIAG      :  33) KS10.RSQ                         -- missing on slave
(KSDIAG      :  33) KS10.RAM                         -- missing on slave
(KSDIAG      :  33) DSKAI.SAV                        -- missing on slave
(KSDIAG      :  33) BEWARE.TXT                       -- missing on slave
(KSDIAG      :  33) DSKBA.SAV                        -- missing on slave
(KSDIAG      :  33) DSRPA.SAV                        -- missing on slave
(KSDIAG      :  33) DSKAB.SAV                        -- missing on slave
(KSDIAG      :  33) SMCPU.CMD                        -- missing on slave
(KSDIAG      :  33) KSMON.SAV                        -- missing on slave
(KSDIAG      :  33) XCORE.SAV                        -- missing on slave
(KSDIAG      :  33) DCMMD.SAV                        -- missing on slave
(KSDIAG      :  33) SMTAPE.SAV                       -- missing on slave
(KSDIAG      :  33) SMTAPE.RAM                       -- missing on slave
(KSDIAG      :  33) SMTAPE.MTA                       -- missing on slave
(KSDIAG      :  33) SMTAPE.DIR                       -- missing on slave
(KSDIAG      :  33) DSKAH.SAV                        -- missing on slave
(KSDIAG      :  33) DSRHA.SAV                        -- missing on slave
(KSDIAG      :  33) DSMMA.SAV                        -- missing on slave
(KSDIAG      :  33) DSKAA.SAV                        -- missing on slave
(KSDIAG      :  33) SMTAPE.RDI                       -- missing on slave
(KSDIAG      :  33) DSKCF.SAV                        -- missing on slave
(KSDIAG      :  33) DSKCE.SAV                        -- missing on slave
(KSDIAG      :  33) DSDUA.SAV                        -- missing on slave
(KSDIAG      :  33) DSRMB.SAV                        -- missing on slave
(KSDIAG      :  33) DSLTA.SAV                        -- missing on slave
(KSDIAG      :  33) DSKEC.SAV                        -- missing on slave
(KSDIAG      :  33) DSKAG.SAV                        -- missing on slave
(KSDIAG      :  33) SMFLT.CMD                        -- missing on slave
(KSDIAG      :  33) DDQDF.SAV                        -- missing on slave
(KSDIAG      :  33) KSDIAG.BAK                       -- missing on slave
(KSDIAG      :  33) KSDIAG.MEM                       -- missing on slave
(KSDIAG      :  33) SUBUSR.SAV                       -- missing on slave
(KSDIAG      :  33) DSKMA.SAV                        -- missing on slave
(KSDIAG      :  33) DSKFA.SAV                        -- missing on slave
(KSDIAG      :  33) DSRMA.SAV                        -- missing on slave
(KSDIAG      :  33) DSKAM.SAV                        -- missing on slave
(KSDIAG      :  33) SMAPT.SAV                        -- missing on slave
(KSDIAG      :  33) SMAPT.HLP                        -- missing on slave
(KSDIAG      :  33) DSKCD.SAV                        -- missing on slave
(KSDIAG      :  33) DSKAF.SAV                        -- missing on slave
(KSDIAG      :  33) DSKEB.SAV                        -- missing on slave
(KSDIAG      :  33) SMUSR.CMD                        -- missing on slave
(KSDIAG      :  33) ACCESS.LIS                       -- missing on slave
(KSDIAG      :  33) 2020TP.SAV                       -- missing on slave
(KSDIAG      :  33) CONVRT.SAV                       -- missing on slave
(KSDIAG      :  33) DSUBA.SAV                        -- missing on slave
(KSDIAG      :  33) SMFILE.HLP                       -- missing on slave
(KSDIAG      :  33) SMFILE.EXE                       -- missing on slave
(KSDIAG      :  33) SMFILE.TXT                       -- missing on slave
(KSDIAG      :  33) DSKAL.SAV                        -- missing on slave
(KSDIAG      :  33) DSKCC.SAV                        -- missing on slave
(KSDIAG      :  33) DSDZA.SAV                        -- missing on slave
(KSDIAG      :  33) DSKAE.SAV                        -- missing on slave
(KSDIAG      :  33) DSKEA.SAV                        -- missing on slave
Checking host 34
(KSDIAG      :  34) SSLOAD.MAC                       -- missing on slave
(KSDIAG      :  34) SMDDT.HLP                        -- missing on slave
(KSDIAG      :  34) DSKDA.SAV                        -- missing on slave
(KSDIAG      :  34) SMDDT.SAV                        -- missing on slave
(KSDIAG      :  34) DSXLA.INP                        -- missing on slave
(KSDIAG      :  34) DSKAK.SAV                        -- missing on slave
(KSDIAG      :  34) DSKCB.SAV                        -- missing on slave
(KSDIAG      :  34) SMMAG.SAV                        -- missing on slave
(KSDIAG      :  34) SMMAG.EXE                        -- missing on slave
(KSDIAG      :  34) SMMON.SAV                        -- missing on slave
(KSDIAG      :  34) SMMON.EXE                        -- missing on slave
(KSDIAG      :  34) DSMMD.SAV                        -- missing on slave
(KSDIAG      :  34) DSKAD.SAV                        -- missing on slave
(KSDIAG      :  34) SUBSM.SAV                        -- missing on slave
(KSDIAG      :  34) SSMON.SAV                        -- missing on slave
(KSDIAG      :  34) DSLPA.SAV                        -- missing on slave
(KSDIAG      :  34) DSKAJ.SAV                        -- missing on slave
(KSDIAG      :  34) DSKCA.SAV                        -- missing on slave
(KSDIAG      :  34) DSMMC.SAV                        -- missing on slave
(KSDIAG      :  34) DSKAC.SAV                        -- missing on slave
(KSDIAG      :  34) DSCDA.SAV                        -- missing on slave
(KSDIAG      :  34) DSTUB.SAV                        -- missing on slave
(KSDIAG      :  34) SLVPSP.SAV                       -- missing on slave
(KSDIAG      :  34) RUNNER.SAV                       -- missing on slave
(KSDIAG      :  34) DSTUA.SAV                        -- missing on slave
(KSDIAG      :  34) DSMMB.SAV                        -- missing on slave
(KSDIAG      :  34) KS10.ULD                         -- missing on slave
(KSDIAG      :  34) SMBC2.SAV                        -- missing on slave
(KSDIAG      :  34) SMBC2.EXE                        -- missing on slave
(KSDIAG      :  34) DSKCG.SAV                        -- missing on slave
(KSDIAG      :  34) KS10.RSQ                         -- missing on slave
(KSDIAG      :  34) KS10.RAM                         -- missing on slave
(KSDIAG      :  34) DSKAI.SAV                        -- missing on slave
(KSDIAG      :  34) BEWARE.TXT                       -- missing on slave
(KSDIAG      :  34) DSKBA.SAV                        -- missing on slave
(KSDIAG      :  34) DSRPA.SAV                        -- missing on slave
(KSDIAG      :  34) DSKAB.SAV                        -- missing on slave
(KSDIAG      :  34) SMCPU.CMD                        -- missing on slave
(KSDIAG      :  34) KSMON.SAV                        -- missing on slave
(KSDIAG      :  34) XCORE.SAV                        -- missing on slave
(KSDIAG      :  34) DCMMD.SAV                        -- missing on slave
(KSDIAG      :  34) SMTAPE.SAV                       -- missing on slave
(KSDIAG      :  34) SMTAPE.RAM                       -- missing on slave
(KSDIAG      :  34) SMTAPE.MTA                       -- missing on slave
(KSDIAG      :  34) SMTAPE.DIR                       -- missing on slave
(KSDIAG      :  34) DSKAH.SAV                        -- missing on slave
(KSDIAG      :  34) DSRHA.SAV                        -- missing on slave
(KSDIAG      :  34) DSMMA.SAV                        -- missing on slave
(KSDIAG      :  34) DSKAA.SAV                        -- missing on slave
(KSDIAG      :  34) SMTAPE.RDI                       -- missing on slave
(KSDIAG      :  34) DSKCF.SAV                        -- missing on slave
(KSDIAG      :  34) DSKCE.SAV                        -- missing on slave
(KSDIAG      :  34) DSDUA.SAV                        -- missing on slave
(KSDIAG      :  34) DSRMB.SAV                        -- missing on slave
(KSDIAG      :  34) DSLTA.SAV                        -- missing on slave
(KSDIAG      :  34) DSKEC.SAV                        -- missing on slave
(KSDIAG      :  34) DSKAG.SAV                        -- missing on slave
(KSDIAG      :  34) SMFLT.CMD                        -- missing on slave
(KSDIAG      :  34) DDQDF.SAV                        -- missing on slave
(KSDIAG      :  34) KSDIAG.BAK                       -- missing on slave
(KSDIAG      :  34) KSDIAG.MEM                       -- missing on slave
(KSDIAG      :  34) SUBUSR.SAV                       -- missing on slave
(KSDIAG      :  34) DSKMA.SAV                        -- missing on slave
(KSDIAG      :  34) DSKFA.SAV                        -- missing on slave
(KSDIAG      :  34) DSRMA.SAV                        -- missing on slave
(KSDIAG      :  34) DSKAM.SAV                        -- missing on slave
(KSDIAG      :  34) SMAPT.SAV                        -- missing on slave
(KSDIAG      :  34) SMAPT.HLP                        -- missing on slave
(KSDIAG      :  34) DSKCD.SAV                        -- missing on slave
(KSDIAG      :  34) DSKAF.SAV                        -- missing on slave
(KSDIAG      :  34) DSKEB.SAV                        -- missing on slave
(KSDIAG      :  34) SMUSR.CMD                        -- missing on slave
(KSDIAG      :  34) ACCESS.LIS                       -- missing on slave
(KSDIAG      :  34) 2020TP.SAV                       -- missing on slave
(KSDIAG      :  34) CONVRT.SAV                       -- missing on slave
(KSDIAG      :  34) DSUBA.SAV                        -- missing on slave
(KSDIAG      :  34) SMFILE.HLP                       -- missing on slave
(KSDIAG      :  34) SMFILE.EXE                       -- missing on slave
(KSDIAG      :  34) SMFILE.TXT                       -- missing on slave
(KSDIAG      :  34) DSKAL.SAV                        -- missing on slave
(KSDIAG      :  34) DSKCC.SAV                        -- missing on slave
(KSDIAG      :  34) DSDZA.SAV                        -- missing on slave
(KSDIAG      :  34) DSKAE.SAV                        -- missing on slave
(KSDIAG      :  34) DSKEA.SAV                        -- missing on slave

End of SAIL execution
.CPY KSDIAG.LOG,KSDIAG.CTL/HOST:14,17
[logging in as JMS]
Hosts: 14 17
[Telecopy in frame 10]

.LOGOUT
181.69 tru
terminal time: 0:05:16
    