(M33         :  33) CRSHID.SAV    40 19-Mar-85 13:13 -- bad checksum  
(M33         :  34) CRSHID.SAV    40 19-Mar-85 15:13 -- bad checksum  
(M33         :  33) CRSUPD.SAV     2 28-Mar-80 23:10 -- bad checksum  
(M33         :  34) CRSUPD.SAV     2 29-Mar-80 01:10 -- bad checksum  
(M33         :  33) INFSND.SAV     3 23-Feb-77 10:12 -- bad checksum  
(M33         :  34) INFSND.SAV     3 23-Feb-77 12:12 -- bad checksum  
(M33         :  33) 17.SAV        60 20-Jan-81 16:53 -- missing on master  
(M33         :  95) 22XB01.SAV   164 02-Jun-87 16:08 -- missing on master  
(M33         :  95) 22XB05.SAV   165 02-Jun-87 16:25 -- missing on master  
(M33         :  95) 29TEMP.SAV   166 06-Jun-87 15:03 -- missing on master  
(M33         :  95) 29TEST.SAV   166 06-Jun-87 15:03 -- missing on master  
(M33         :  95) 29XB03.SAV   166 06-Jun-87 14:36 -- missing on master  
(M33         :  33) 30XX01.SAV   167 24-Jul-87 22:59 -- missing on master  
(M33         :  33) 32XB03.SAV   166 06-Jun-87 17:48 -- missing on master  
(M33         :  34) 32XB03.SAV   166 06-Jun-87 19:48 -- missing on master  
(M33         :  95) 32XB03.SAV   166 06-Jun-87 17:48 -- missing on master  
(M33         :  95) 32XB05.SAV   167 02-Jun-87 16:43 -- missing on master  
(M33         :  95) 32XB06.SAV   166 06-Jun-87 17:58 -- missing on master  
(M33         :  33) 33034P.SAV   160 09-May-86 19:58 -- missing on master  
(M33         :  33) 33035.SAV    164 24-Nov-86 18:34 -- missing on master  
(M33         :  33) 33035B.SAV   165 30-Jan-87 19:02 -- missing on master  
(M33         :  33) 33XB10.SAV   166 27-Jun-87 15:40 -- missing on master  
(M33         :  33) 33XN10.SAV   154 13-Apr-85 02:40 -- missing on master  
(M33         :  33) 33XP37.SAV   165 01-Oct-86 19:12 -- missing on master  
(M33         :  34) 34034P.SAV   158 09-May-86 21:58 -- missing on master  
(M33         :  34) 34035.SAV    163 24-Nov-86 20:37 -- missing on master  
(M33         :  34) 34035B.SAV   163 30-Jan-87 20:43 -- missing on master  
(M33         :  34) 34035C.SAV   166 20-Jul-87 01:36 -- missing on master  
(M33         :  34) 34XB01.SAV   164 15-Mar-87 17:48 -- missing on master  
(M33         :  34) 34XB04.SAV   166 11-May-87 16:19 -- missing on master  
(M33         :  34) 34XB08.SAV   166 23-Jun-87 13:58 -- missing on master  
(M33         :  34) 34XB10.SAV   166 27-Jun-87 14:33 -- missing on master  
(M33         :  34) 34XP37.SAV   163 05-Oct-86 06:09 -- missing on master  
(M33         :  95) 620SAV.SAV                       -- missing on slave   
(M33         :  95) 62XB01.SAV   156 19-Feb-87 11:24 -- missing on master  
(M33         :  95) 95034P.SAV   162 09-May-86 15:49 -- missing on master  
(M33         :  95) 95XB01.SAV   166 19-Feb-87 11:47 -- missing on master  
(M33         :  95) 95XB05.SAV   168 02-Jun-87 17:11 -- missing on master  
(M33         :  95) 95XB06.SAV   167 13-Jun-87 00:59 -- missing on master  
(M33         :  95) 95XP37.SAV   166 01-Oct-86 15:56 -- missing on master  
(M33         :  33) APT10.SAV     13 18-May-78 17:46 -- missing on master  
(M33         :  34) APT10.SAV     13 18-May-78 19:46 -- missing on master  
(M33         :  34) ASP.SAV       13 13-May-80 12:22 -- missing on master  
(M33         :  95) BTLDKL.SAV     2 26-Feb-87 16:24 -- missing on master  
(M33         :  34) CONVRT.SAV                       -- missing on slave   
(M33         :  95) CRASUM.SAV                       -- missing on slave   
(M33         :  95) CRSUPD.SAV                       -- missing on slave   
(M33         :  33) F01249.SAV    59 15-Nov-84 03:10 -- missing on master  
(M33         :  33) F01308.SAV    59 03-May-85 22:13 -- missing on master  
(M33         :  34) F01317.SAV    59 24-Jul-85 17:14 -- missing on master  
(M33         :  33) F01526.SAV    62 16-Oct-85 18:06 -- missing on master  
(M33         :  34) F01527.SAV    60 11-Nov-85 08:18 -- missing on master  
(M33         :  33) F01780.SAV    63 25-Nov-86 18:42 -- missing on master  
(M33         :  34) F01781.SAV    63 05-Oct-86 05:24 -- missing on master  
(M33         :  34) F01906.SAV    63 27-Jan-87 20:32 -- missing on master  
(M33         :  95) F01909.SAV    61 12-Dec-86 01:59 -- missing on master  
(M33         :  95) F01925.SAV    60 13-Jan-87 20:59 -- missing on master  
(M33         :  95) F01941.SAV    60 21-Jan-87 15:44 -- missing on master  
(M33         :  33) F01987.SAV    63 10-Feb-87 12:06 -- missing on master  
(M33         :  34) F01988.SAV    63 08-Feb-87 18:02 -- missing on master  
(M33         :  33) F02048.SAV    65 02-Jun-87 15:57 -- missing on master  
(M33         :  95) F02048.SAV    65 02-Jun-87 15:57 -- missing on master  
(M33         :  95) F02051.SAV    60 25-Feb-87 16:31 -- missing on master  
(M33         :  33) F02112.SAV    61 11-May-87 12:38 -- missing on master  
(M33         :  95) F02112.SAV    61 11-May-87 12:38 -- missing on master  
(M33         :  33) F02114.SAV    64 25-Jun-87 15:06 -- missing on master  
(M33         :  34) F02132.SAV    64 30-Jun-87 18:27 -- missing on master  
(M33         :  95) F02139.SAV    65 22-May-87 16:40 -- missing on master  
(M33         :  33) F02140.SAV    61 28-May-87 12:21 -- missing on master  
(M33         :  95) F02140.SAV    61 28-May-87 12:21 -- missing on master  
(M33         :  95) F02141.SAV    65 28-May-87 12:07 -- missing on master  
(M33         :  95) F02142.SAV    65 16-Jun-87 10:42 -- missing on master  
(M33         :  34) F02143.SAV                       -- missing on slave   
(M33         :  33) F02147.SAV    61 06-Jun-87 14:25 -- missing on master  
(M33         :  33) F02249.SAV    64 26-Jun-87 16:08 -- missing on master  
(M33         :  33) F02251.SAV    64 07-Jul-87 11:14 -- missing on master  
(M33         :  34) F02280.SAV                       -- missing on slave   
(M33         :  33) F02292.SAV    64 30-Jul-87 23:37 -- missing on master  
(M33         :  33) F02307.SAV                       -- missing on slave   
(M33         :  34) F02307.SAV                       -- missing on slave   
(M33         :  95) F3035B.SAV   156 30-Jan-87 20:33 -- missing on master  
(M33         :  33) F3035C.SAV                       -- missing on slave   
(M33         :  34) F3035C.SAV                       -- missing on slave   
(M33         :  95) F3XB01.SAV   156 19-Feb-87 11:04 -- missing on master  
(M33         :  95) F3XB05.SAV   157 28-May-87 11:34 -- missing on master  
(M33         :  95) F3XB06.SAV   157 04-Jun-87 11:00 -- missing on master  
(M33         :  33) F3XX01.SAV   158 13-Jul-87 12:46 -- missing on master  
(M33         :  33) FD034K.SAV    62 21-Jun-82 00:51 -- missing on master  
(M33         :  33) FD034N.SAV    58 23-Oct-84 09:37 -- missing on master  
(M33         :  95) FDCNT.SAV                        -- missing on slave   
(M33         :  95) FDPRT.SAV                        -- missing on slave   
(M33         :  95) FRECOR.SAV                       -- missing on slave   
(M33         :  95) INFRED.SAV                       -- missing on slave   
(M33         :  95) INFSND.SAV                       -- missing on slave   
(M33         :  33) KIXX02.SAV   166 26-Jul-87 19:09 -- missing on master  
(M33         :  34) KIXX02.SAV   166 27-Jul-87 03:40 -- missing on master  
(M33         :  33) KLXX02.SAV   170 26-Jul-87 19:15 -- missing on master  
(M33         :  34) KLXX02.SAV   170 27-Jul-87 03:57 -- missing on master  
(M33         :  95) KOST.SAV                         -- missing on slave   
(M33         :  95) KS034P.SAV   162 08-May-86 14:45 -- missing on master  
(M33         :  95) KSXB05.SAV   166 28-May-87 16:43 -- missing on master  
(M33         :  95) KSXN13.SAV   160 03-Jul-85 15:22 -- missing on master  
(M33         :  95) KSXX01.SAV   168 11-Jun-87 17:44 -- missing on master  
(M33         :  33) LOKMAL.SAV     2 28-Nov-77 10:32 -- missing on master  
(M33         :  34) LOKMAL.SAV     2 28-Nov-77 12:32 -- missing on master  
(M33         :  95) P034P.SAV    161 08-Oct-85 17:04 -- missing on master  
(M33         :  33) PAKM25.SAV    13 26-Jun-87 14:55 -- missing on master  
(M33         :  34) PAKM25.SAV    13 26-Jun-87 16:55 -- missing on master  
(M33         :  95) RB034J.SAV   153 19-Jun-86 15:44 -- missing on master  
(M33         :  95) RB034K.SAV   155 19-Jun-86 15:25 -- missing on master  
(M33         :  95) RB034P.SAV   162 20-May-86 12:46 -- missing on master  
(M33         :  33) RDIST.SAV     34 13-Jul-87 12:27 -- missing on master  
(M33         :  34) RDIST.SAV     34 13-Jul-87 14:29 -- missing on master  
(M33         :  95) READST.SAV                       -- missing on slave   
(M33         :  33) RIBAUT.SAV     2 14-Nov-77 09:45 -- missing on master  
(M33         :  34) RIBAUT.SAV     2 14-Nov-77 11:45 -- missing on master  
(M33         :  95) S2034P.SAV   162 17-May-86 11:05 -- missing on master  
(M33         :  95) SA10DD.SAV    18 16-Jul-86 08:01 -- missing on master  
(M33         :  34) SA10NW.SAV    91 27-Mar-86 18:37 -- missing on master  
(M33         :  95) SA10NW.SAV    91 16-Jul-86 08:04 -- missing on master  
(M33         :  33) TAKEIT.SAV    37 05-Dec-79 16:25 -- missing on master  
(M33         :  34) TAKEIT.SAV    37 05-Dec-79 18:25 -- missing on master  
(M33         :  34) TTYTAB.SAV     3 11-Jun-84 20:22 -- missing on master  
(M33         :  95) TW034P.SAV   162 17-May-86 11:28 -- missing on master  
(M33         :  33) XYZ.SAV       59 08-Mar-85 12:43 -- missing on master  
