22:
UUOSYM.UNV  (SYS:22)           17  12-May-80  13:43  ALL  RD  RD
MACTEN.UNV  (SYS:22)            8  12-May-80  13:43  ALL  RD  RD
UUOSYM.SAI  (MPL:22)            9  10-Sep-80  19:39  ALL  RD  NO
23:
UUOSYM.UNV  (SYS:23)           17  09-May-80  11:20  ALL  RD  RD
MACTEN.UNV  (SYS:23)            8  09-May-80  11:21  ALL  RD  RD
UUOSYM.SAI  (MPL:23)            9  23-Jun-83  18:37  ALL  RD  NO
UUOSYM.MAC  (MPL:23)            9  23-Jun-83  18:36  ALL  RD  NO
UUOSYM.DEF  (MPL:23)           10  23-Jun-83  18:37  ALL  RD  NO
24: cannot build circuit
25:
UUOSYM.UNV  (SYS:25)           17  08-May-80  17:49  ALL  RD  RD
MACTEN.UNV  (SYS:25)            8  08-May-80  17:49  ALL  RD  RD
UUOSYM.SAI  (MPL:25)            9  23-Jun-83  18:29  ALL  RD  NO
UUOSYM.DEF  (MPL:25)           10  23-Jun-83  18:29  ALL  RD  NO
26:
UUOSYM      (HELGEM:26)         9  29-Jul-85  13:37  ALL  RD  NO
UUOSYM.DOC  (*6NEWS:26)         8  16-Mar-82  17:40  ALL  RD  RD
MACTEN.DOC  (*6NEWS:26)         6  16-Mar-82  17:32  ALL  RD  RD
UUOSYM.DEF  (SAILIB:26)        10  11-Sep-85  16:13  ALL  RD  NO
UUOSYM.UNV  (SYS:26)           17  09-Jan-64  00:31  ALL  RD  RD
MACTEN.UNV  (SYS:26)            8  09-Jan-64  00:01  ALL  RD  RD
UUOSYM.SAI  (MPL:26)            9  23-Jun-83  16:33  ALL  RD  NO
UUOSYM.MAC  (MPL:26)            9  23-Jun-83  16:31  ALL  RD  NO
UUOSYM.DEF  (MPL:26)           10  23-Jun-83  16:32  ALL  RD  NO
27:
UUOSYM.MAC  (SSEREP:27)         9  29-Jul-82  16:50  ALL  RD  NO
UUOSYM.UNV  (SSEREP:27)         6  30-Jul-82  18:20  ALL  RD  NO
UUOSYM.MAC  (SSVALSUP:27)       9  29-Jul-82  16:50  ALL  RD  NO
UUOSYM.UNV  (SSVALSUP:27)       6  30-Jul-82  18:20  ALL  RD  NO
UUOSYM.DEF  (CARL:27)          10  25-Aug-82  00:41  ALL  RD  NO
UUOSYM.DOC  (*6NEWS:27)         8  16-Mar-82  20:00  ALL  RD  RD
MACTEN.DOC  (*6NEWS:27)         6  16-Mar-82  19:51  ALL  RD  RD
MACTEN.UNV  (SYS:27)            8  09-May-80  11:21  ALL  RD  RD
UUOSYM.UNV  (SYS:27)           17  09-May-80  11:20  ALL  RD  RD
UUOSYM.SAI  (MPL:27)            9  23-Jun-83  18:37  ALL  RD  NO
UUOSYM.MAC  (MPL:27)            9  23-Jun-83  18:36  ALL  RD  NO
UUOSYM.DEF  (MPL:27)           10  23-Jun-83  18:37  ALL  RD  NO
28:
UUOSYM.UNV  (SYS:28)           17  09-May-80  09:57  ALL  RD  RD
MACTEN.UNV  (SYS:28)            8  09-May-80  09:57  ALL  RD  RD
UUOSYM.SAI  (MPL:28)            9  23-Jun-83  16:41  ALL  RD  NO
UUOSYM.MAC  (MPL:28)            9  23-Jun-83  16:40  ALL  RD  NO
UUOSYM.DEF  (MPL:28)           10  23-Jun-83  16:41  ALL  RD  NO
29:
MONSYM.MIC  (WRS:29)            2  09-Jul-82  03:04  ALL  RD  NO
UUOSYM.DOC  (*6NEWS:29)         8  17-Mar-82  16:16  ALL  RD  RD
MACTEN.DOC  (*6NEWS:29)         6  17-Mar-82  16:07  ALL  RD  RD
MACTEN.UNV  (SYS:29)            8  09-May-80  09:54  ALL  RD  RD
UUOSYM.UNV  (SYS:29)           17  09-May-80  09:54  ALL  RD  RD
UUOSYM.SAI  (MPL:29)            9  23-Jun-83  16:45  ALL  RD  NO
UUOSYM.MAC  (MPL:29)            9  23-Jun-83  16:43  ALL  RD  NO
UUOSYM.DEF  (MPL:29)           10  23-Jun-83  16:44  ALL  RD  NO
30:
UUOSYM.MAC  (SSEREP:30)         9  30-Jul-82  10:12  ALL  RD  NO
UUOSYM.UNV  (SSEREP:30)         6  14-Nov-85  17:58  ALL  RD  NO
UUOSYM.MAC  (SSVALSUP:30)       9  30-Jan-86  15:25  ALL  RD  NO
UUOSYM.UNV  (SSVALSUP:30)       6  30-Jan-86  15:28  ALL  RD  NO
UUOSYM.UNV  (SYS:30)           17  09-May-80  15:30  ALL  RD  RD
MACTEN.UNV  (SYS:30)            8  09-May-80  15:30  ALL  RD  RD
UUOSYM.UNV  (KHANHQN:30)        6  31-Jan-86  15:56  ALL  RD  NO
UUOSYM.SAI  (MPL:30)            9  23-Jun-83  16:48  ALL  RD  NO
UUOSYM.MAC  (MPL:30)            9  23-Jun-83  16:46  ALL  RD  NO
UUOSYM.DEF  (MPL:30)           10  23-Jun-83  16:47  ALL  RD  NO
31:
UUOSYM.UNV  (SYS:31)           17  12-May-80  15:43  ALL  RD  RD
MACTEN.UNV  (SYS:31)            8  12-May-80  15:43  ALL  RD  RD
UUOSYM.SAI  (MPL:31)            9  10-Sep-80  21:39  ALL  RD  NO
33:
UUOSYM.REL  (GAUCI:33)          6  19-Apr-84  15:44  ALL  RD  NO
UUOSYM.UNV  (GAUCI:33)          6  22-Jun-82  15:51  ALL  RD  NO
UUOSYM.MAC  (GAUCI:33)          9  22-Jun-82  15:50  ALL  RD  NO
UUOSYM.DOC  (*6NEWS:33)         8  17-Mar-82  16:25  ALL  RD  RD
MACTEN.DOC  (*6NEWS:33)         6  17-Mar-82  16:11  ALL  RD  RD
UUOSYM.MAC  (SALTYRON:33)       9  29-Jul-82  10:51  ALL  RD  NO
MACTEN.UNV  (SYS:33)            8  11-May-80  20:06  ALL  RD  RD
UUOSYM.UNV  (SYS:33)           17  11-May-80  20:06  ALL  RD  RD
UUOSYM.UNV  (SSVALSUP:33)       6  22-Jun-82  15:51  ALL  RD  NO
UUOSYM.MAC  (SSVALSUP:33)       9  22-Jun-82  15:50  ALL  RD  NO
UUOSYM.REL  (SSVALSUP:33)       6  19-Apr-84  15:53  ALL  RD  NO
UUOSYM.SAV  (SSVALSUP:33)       2  19-Apr-84  15:53  ALL  RD  NO
UUOSYM.MAC  (SSEREP:33)         9  30-Jul-82  10:22  ALL  RD  NO
UUOSYM.UNV  (SSEREP:33)         6  29-Jan-86  10:37  ALL  RD  NO
UUOSYM.SAI  (MPL:33)            9  23-Jun-83  16:58  ALL  RD  NO
UUOSYM.MAC  (MPL:33)            9  23-Jun-83  16:57  ALL  RD  NO
UUOSYM.DEF  (MPL:33)           10  23-Jun-83  16:57  ALL  RD  NO
34: cannot build circuit
35:
UUOSYM.MAC  (SSEREP:35)         9  14-May-82  11:27  ALL  RD  NO
UUOSYM.UNV  (SSEREP:35)         6  15-Jun-82  15:24  ALL  RD  NO
UUOSYM.REL  (SSEREP:35)         6  15-Jun-82  15:24  ALL  RD  NO
UUOSYM.DOC  (*6NEWS:35)         8  17-Mar-82  17:40  ALL  RD  RD
MACTEN.DOC  (*6NEWS:35)         6  17-Mar-82  17:33  ALL  RD  RD
UUOSYM.UNV  (SYS:35)           17  12-May-80  14:26  ALL  RD  RD
MACTEN.UNV  (SYS:35)            8  12-May-80  14:26  ALL  RD  RD
UUOSYM.MAC  (SSJREP:35)         9  30-Jul-82  10:22  ALL  RD  NO
UUOSYM.MAC  (YAMM:35)           9  08-Sep-80  14:06  ALL  RD  RD
UUOSYM.SAI  (YAMM:35)           9  07-May-82  00:51  ALL  RD  RD
UUOSYM.BLI  (YAMM:35)           8  08-Sep-80  14:06  ALL  RD  RD
UUOSYM.SAI  (MPL:35)            9  23-Jun-83  17:06  ALL  RD  NO
UUOSYM.MAC  (MPL:35)            9  23-Jun-83  17:04  ALL  RD  NO
UUOSYM.DEF  (MPL:35)           10  23-Jun-83  17:05  ALL  RD  NO
36:
UUOSYM.DEF  (CARL:36)          10  21-Jan-83  01:44  ALL  RD  NO
UUOSYM.DEF  (SAILIB:36)        10  21-Jan-83  01:44  ALL  RD  RD
UUOSYM.UNV  (SYS:36)           17  12-May-80  14:40  ALL  RD  RD
MACTEN.UNV  (SYS:36)            8  12-May-80  14:40  ALL  RD  RD
UUOSYM.O    (MPL:36)            9  07-May-82  00:51  ALL  RD  NO
UUOSYM.SAI  (MPL:36)            9  23-Jun-83  17:09  ALL  RD  NO
UUOSYM.MAC  (MPL:36)            9  23-Jun-83  17:08  ALL  RD  NO
UUOSYM.DEF  (MPL:36)           10  23-Jun-83  17:08  ALL  RD  NO
37:
MACTEN.DOC  (ALCODES1:37)       6  16-Apr-86  23:45  ALL  RD  NO
UUOSYM.DOC  (NET3:37)           8  16-Apr-86  22:57  ALL  RD  NO
MACTEN.DOC  (NET3:37)           6  16-Apr-86  23:45  ALL  RD  NO
UUOSYM.UNV  (SYS:37)           17  11-May-80  15:16  ALL  RD  RD
MACTEN.UNV  (SYS:37)            8  11-May-80  15:16  ALL  RD  RD
UUOSYM.SAI  (MPL:37)            9  23-Jun-83  19:12  ALL  RD  NO
UUOSYM.MAC  (MPL:37)            9  23-Jun-83  19:11  ALL  RD  NO
UUOSYM.DEF  (MPL:37)           10  23-Jun-83  19:12  ALL  RD  NO
38:
UUOSYM.DOC  (*6NEWS:38)         8  17-Mar-82  18:26  ALL  RD  RD
MACTEN.DOC  (*6NEWS:38)         6  17-Mar-82  18:15  ALL  RD  RD
UUOSYM.UNV  (SYS:38)           17  12-May-80  15:04  ALL  RD  RD
MACTEN.UNV  (SYS:38)            8  12-May-80  15:04  ALL  RD  RD
UUOSYM.SAI  (MPL:38)            9  23-Jun-83  17:15  ALL  RD  NO
UUOSYM.MAC  (MPL:38)            9  23-Jun-83  17:14  ALL  RD  NO
UUOSYM.DEF  (MPL:38)           10  23-Jun-83  17:14  ALL  RD  NO
54:
UUOSYM.DEF  (CARL:54)          10  29-Jul-82  03:36  ALL  RD  NO
UUOSYM.DOC  (*6NEWS:54)         8  17-Mar-82  18:25  ALL  RD  RD
MACTEN.DOC  (*6NEWS:54)         6  17-Mar-82  18:15  ALL  RD  RD
UUOSYM.DEF  (SAILIB:54)        10  11-Sep-85  18:15  ALL  RD  NO
UUOSYM.UNV  (SYS:54)           17  11-May-80  15:16  ALL  RD  RD
MACTEN.UNV  (SYS:54)            8  11-May-80  15:16  ALL  RD  RD
UUOSYM.SAI  (MPL:54)            9  23-Jun-83  19:23  ALL  RD  NO
UUOSYM.MAC  (MPL:54)            9  23-Jun-83  19:21  ALL  RD  NO
UUOSYM.DEF  (MPL:54)           10  23-Jun-83  19:22  ALL  RD  NO
55:
UUOSYM.MAC  (SSEREP:55)         9  30-Jul-82  10:12  ALL  RD  NO
UUOSYM.UNV  (SSEREP:55)         6  02-Aug-82  09:38  ALL  RD  NO
UUOSYM.REL  (SSEREP:55)         6  09-Jan-85  11:54  ALL  RD  NO
UUOSYM.MAC  (SSVALSUP:55)       9  30-Jul-82  10:12  ALL  RD  NO
UUOSYM.UNV  (SSVALSUP:55)       6  02-Aug-82  09:38  ALL  RD  NO
UUOSYM.REL  (SSVALSUP:55)       6  02-Aug-82  10:30  ALL  RD  NO
MONSYM.MIC  (WRS:55)            2  13-Jan-83  23:32  ALL  RD  NO
UUOSYM.UNV  (WRS:55)            6  13-Jan-83  17:26  ALL  RD  NO
UUOSYM.MAC  (WRS:55)            9  13-Jan-83  17:27  ALL  RD  NO
UUOSYM.SAI  (WRS:55)           10  14-Jan-83  00:39  ALL  RD  NO
UUOSYM.MAC  (SALTYRON:55)       9  30-Mar-83  12:37  ALL  RD  NO
UUOSYM.DOC  (*6NEWS:55)         8  17-Mar-82  17:40  ALL  RD  RD
MACTEN.DOC  (*6NEWS:55)         6  17-Mar-82  17:33  ALL  RD  RD
UUOSYM.UNV  (SYS:55)           17  12-May-80  14:26  ALL  RD  RD
MACTEN.UNV  (SYS:55)            8  12-May-80  14:26  ALL  RD  RD
UUOSYM.UNV  (KHANHQN:55)        6  13-Jan-83  17:26  ALL  RD  NO
UUOSYM.SAI  (MPL:55)            9  23-Jun-83  17:26  ALL  RD  NO
UUOSYM.MAC  (MPL:55)            9  23-Jun-83  17:25  ALL  RD  NO
UUOSYM.DEF  (MPL:55)           10  23-Jun-83  17:26  ALL  RD  NO
56:
UUOSYM.DOC  (*6NEWS:56)         8  17-Mar-82  20:45  ALL  RD  RD
MACTEN.DOC  (*6NEWS:56)         6  17-Mar-82  20:36  ALL  RD  RD
UUOSYM.DEF  (SAILIB:56)        10  14-Sep-84  16:45  ALL  RD  NO
UUOSYM.UNV  (SYS:56)           17  11-May-80  15:16  ALL  RD  RD
MACTEN.UNV  (SYS:56)            8  11-May-80  15:16  ALL  RD  RD
UUOSYM.DOC  (TECHREF:56)        8  17-Mar-82  20:45  ALL  RD  RD
MACTEN.DOC  (TECHREF:56)        6  17-Mar-82  20:36  ALL  RD  RD
UUOSYM.SAI  (MPL:56)            9  23-Jun-83  19:30  ALL  RD  NO
UUOSYM.MAC  (MPL:56)            9  23-Jun-83  19:28  ALL  RD  NO
UUOSYM.DEF  (MPL:56)           10  23-Jun-83  19:29  ALL  RD  NO
57:
UUOSYM.UNV  (SSEREP:57)         6  24-Feb-81  14:44  ALL  RD  NO
UUOSYM.MAC  (SSEREP:57)         9  14-May-82  11:22  ALL  RD  NO
UUOSYM.DOC  (*6NEWS:57)         8  17-Mar-82  18:45  ALL  RD  RD
MACTEN.DOC  (*6NEWS:57)         6  17-Mar-82  18:36  ALL  RD  RD
UUOSYM.UNV  (SYS:57)           17  12-May-80  14:40  ALL  RD  RD
MACTEN.UNV  (SYS:57)            8  12-May-80  14:40  ALL  RD  RD
UUOSYM.O    (MPL:57)            9  07-May-82  00:51  ALL  RD  NO
UUOSYM.MAC  (MPL:57)            9  23-Jun-83  17:32  ALL  RD  NO
UUOSYM.DEF  (MPL:57)           10  23-Jun-83  17:33  ALL  RD  NO
UUOSYM.SAI  (MPL:57)            9  23-Jun-83  17:34  ALL  RD  NO
58:
UUOSYM.UNV  (SYS:58)           17  09-May-80  09:57  ALL  RD  RD
MACTEN.UNV  (SYS:58)            8  09-May-80  09:57  ALL  RD  RD
UUOSYM.SAI  (MPL:58)            9  23-Jun-83  16:41  ALL  RD  NO
UUOSYM.MAC  (MPL:58)            9  23-Jun-83  16:40  ALL  RD  NO
UUOSYM.DEF  (MPL:58)           10  23-Jun-83  16:41  ALL  RD  NO
62:
UUOSYM.UNV  (EYES:62)          14  23-Apr-83  17:03  ALL  RD  NO
MACTEN.UNV  (EYES:62)           6  23-Apr-83  17:05  ALL  RD  NO
UUOSYM.DEF  (NEWSPL:62)        10  21-Jul-82  02:41  ALL  RD  NO
UUOSYM.UNV  (NEWSCAN:62)        6  11-Feb-81  01:58  ALL  RD  NO
UUOSYM.UNX  (NEWSCAN:62)        6  11-Feb-81  01:58  ALL  RD  NO
UUOSYM.UND  (NEWSCAN:62)       18  04-Sep-83  16:18  ALL  RD  NO
UUOSYM.DEF  (VIVIAN:62)        10  29-Feb-84  10:59  ALL  RD  NO
UUOSYM.DOC  (LINK10:62)         3  06-Feb-85  06:47  ALL  RD  RD
UUOSYM.MAC  (LINK10:62)        88  06-Feb-85  06:45  ALL  RD  RD
UUOSYM.UNV  (LINK10:62)        22  15-Apr-85  20:38  ALL  RD  RD
UUOSYM.REL  (LINK10:62)        20  15-Apr-85  20:36  ALL  RD  RD
MACSYM.UNV  (LINK10:62)        17  30-Jan-84  05:28  ALL  RD  RD
MACTEN.UNV  (LINK10:62)         9  15-Apr-85  20:38  ALL  RD  RD
MACTEN.DOC  (LINK10:62)         3  06-Feb-85  00:17  ALL  RD  RD
MACTEN.MAC  (LINK10:62)        14  06-Feb-85  00:12  ALL  RD  RD
MACTEN.REL  (LINK10:62)         2  15-Apr-85  20:38  ALL  RD  RD
MONSYM.UNV  (TED:62)           44  21-May-85  17:21  ALL  RD  RD
UUOSYM.UNV  (SYSFIL:62)         6  02-Dec-83  18:48  ALL  RD  NO
UUOSYM.SAI  (PASSFRAME:62)      9  16-Oct-85  13:35  ALL  RD  NO
UUOSYM.LST  (DENCOFF:62)       35  08-Nov-85  13:40  ALL  RD  NO
MACTEN.LST  (DENCOFF:62)       21  08-Nov-85  13:40  ALL  RD  NO
UUOSYM.DEF  (CB-SAIL:62)       10  08-Dec-82  17:32  ALL  RD  NO
UUOSYM.FAI  (NDT:62)           18  23-Jan-80  03:02  ALL  RD  RD
UUOSYM.UNV  (NDT:62)            6  15-Dec-81  21:09  ALL  RD  NO
UUOSYM.MAC  (WRS:62)            9  13-Jan-83  16:31  ALL  RD  NO
UUOSYM.SAI  (WRS:62)           10  13-Jan-83  16:32  ALL  RD  NO
UUOSYM.UNV  (EMACS:62)         14  31-Jul-78  11:52  ALL  RD  NO
MACTEN.UNV  (EMACS:62)          6  31-Jul-78  11:52  ALL  RD  NO
UUOSYM.UNV  (SLISYS:62)        17  22-Sep-83  22:56  ALL  RD  RD
MACTEN.UNV  (SLISYS:62)         9  22-Sep-83  22:54  ALL  RD  RD
UUOSYM.DEC  (CARL:62)          75  25-Jul-80  03:00  ALL  RD  NO
UUOSYM.UNX  (CARL:62)          18  06-Mar-82  22:38  ALL  RD  NO
UUOSYM.UNY  (CARL:62)           6  11-Feb-81  01:58  ALL  RD  NO
UUOSYM.UNV  (CARL:62)          17  23-May-80  14:48  ALL  RD  RD
MACTEN.UNV  (CARL:62)           8  23-May-80  14:48  ALL  RD  NO
UUOSYM.UNV  (XUEY:62)          14  07-Jan-84  10:38  ALL  RD  NO
MACTEN.UNV  (XUEY:62)           6  07-Jan-84  10:38  ALL  RD  NO
UUOSYM.DOC  (*6NEWS:62)         8  16-Mar-82  17:54  ALL  RD  RD
MACTEN.DOC  (*6NEWS:62)         6  16-Mar-82  17:36  ALL  RD  RD
UUOSYM.DEF  (SAILIB:62)        10  10-Dec-82  17:30  ALL  RD  NO
MONSYM.DOC  (M33:62)            2  01-Aug-79  15:12  ALL  RD  NO
UUOSYM.DOC  (CB-INFO:62)        9  25-Jul-80  06:27  ALL  RD  NO
MONSYM.SAI  (CB-SAILIB:62)      4  11-Nov-83  05:14   CP RUN RUN
UUOSYM.UNV  (SYS:62)           17  23-May-80  14:48  ALL  RD  RD
MACTEN.UNV  (SYS:62)            8  23-May-80  14:48  ALL  RD  RD
UUOSYM.UNV  (VUE:62)           14  27-Oct-81  06:56  ALL  RD  NO
MACTEN.UNV  (VUE:62)            6  27-Oct-81  06:56  ALL  RD  NO
UUOSYM.UNV  (MWORK:62)         17  23-May-80  14:48  ALL  RD  NO
MACTEN.UNV  (MWORK:62)          8  23-May-80  14:48  ALL  RD  NO
UUOSYM.UNV  (DEC:62)           22  30-Jan-84  05:03  ALL  RD  RD
UUOSYM.MAC  (DEC:62)           88  25-Jan-84  06:44  ALL  RD  RD
UUOSYM.DOC  (DEC:62)            3  25-Jan-84  06:46  ALL  RD  RD
UUOSYM.REL  (DEC:62)           20  30-Jan-84  05:02  ALL  RD  RD
MACSYM.UNV  (DEC:62)           17  30-Jan-84  05:28  ALL  RD  RD
MACTEN.UNV  (DEC:62)            9  30-Jan-84  05:04  ALL  RD  RD
MACTEN.MAC  (DEC:62)           14  30-Jan-84  00:11  ALL  RD  RD
MACTEN.DOC  (DEC:62)            3  30-Jan-84  00:16  ALL  RD  RD
MACTEN.REL  (DEC:62)            2  30-Jan-84  05:04  ALL  RD  RD
UUOSYM.UNV  (MPL:62)            6  11-Feb-81  01:58  ALL  RD  RD
UUOSYM.SAI  (MPL:62)            9  23-Jun-83  15:33  ALL  RD  RD
UUOSYM.MAC  (MPL:62)            9  23-Jun-83  15:37  ALL  RD  RD
UUOSYM.DEF  (MPL:62)            9  15-Oct-83  00:24  ALL  RD  NO
MACTEN.UNV  (MPL:62)            8  23-May-80  14:48  ALL  RD  RD
UUOSYM.UNV  (YEUX:62)          14  27-Oct-81  06:56  ALL  RD  NO
MACTEN.UNV  (YEUX:62)           6  27-Oct-81  06:56  ALL  RD  NO
UUOSYM.REL  (CB-DEC:62)        15  28-Nov-83  04:22  ALL  RD  NO
UUOSYM.MAC  (CB-DEC:62)        64  25-Sep-83  13:44  ALL  RD  NO
MACSYM.CTL  (CB-DEC:62)         2  25-Sep-83  13:44  ALL  RD  NO
MACSYM.MAC  (CB-DEC:62)        27  25-Sep-83  13:41  ALL  RD  NO
MACSYM.CMD  (CB-DEC:62)         2  25-Sep-83  13:41  ALL  RD  NO
MACTEN.MAC  (CB-DEC:62)        12  25-Sep-83  13:51  ALL  RD  NO
65:
UUOSYM.DOC  (*6NEWS:65)         8  17-Mar-82  19:11  ALL  RD  RD
MACTEN.DOC  (*6NEWS:65)         6  17-Mar-82  19:01  ALL  RD  RD
UUOSYM.UNV  (SYS:65)           17  11-May-80  15:16  ALL  RD  RD
MACTEN.UNV  (SYS:65)            8  11-May-80  15:16  ALL  RD  RD
UUOSYM.SAI  (MPL:65)            9  23-Jun-83  19:41  ALL  RD  NO
UUOSYM.MAC  (MPL:65)            9  23-Jun-83  19:40  ALL  RD  NO
UUOSYM.DEF  (MPL:65)           10  23-Jun-83  19:40  ALL  RD  NO
70:
UUOSYM.DEF  (SAILIB:70)        10  11-Sep-85  16:15  ALL  RD  NO
UUOSYM.UNV  (SYS:70)           17  09-May-80  15:30  ALL  RD  RD
MACTEN.UNV  (SYS:70)            8  09-May-80  15:30  ALL  RD  RD
UUOSYM.SAI  (MPL:70)            9  23-Jun-83  17:45  ALL  RD  NO
UUOSYM.MAC  (MPL:70)            9  23-Jun-83  17:44  ALL  RD  NO
UUOSYM.DEF  (MPL:70)           10  23-Jun-83  17:45  ALL  RD  NO
72:
UUOSYM.DOC  (*6NEWS:72)         8  17-Mar-82  20:18  ALL  RD  RD
MACTEN.DOC  (*6NEWS:72)         6  17-Mar-82  19:26  ALL  RD  RD
UUOSYM.UNV  (SYS:72)           17  12-May-80  13:43  ALL  RD  RD
MACTEN.UNV  (SYS:72)            8  12-May-80  13:43  ALL  RD  RD
UUOSYM.SAI  (MPL:72)            9  23-Jun-83  17:50  ALL  RD  NO
UUOSYM.MAC  (MPL:72)            9  23-Jun-83  17:48  ALL  RD  NO
UUOSYM.DEF  (MPL:72)           10  23-Jun-83  17:49  ALL  RD  NO
74:
UUOSYM.MAC  (SSEREP:74)         9  08-Sep-80  14:06  ALL  RD  NO
UUOSYM.REL  (SSEREP:74)         6  24-Feb-81  14:35  ALL  RD  NO
UUOSYM.UNV  (SSEREP:74)         6  24-Feb-81  14:35  ALL  RD  NO
UUOSYM.UNV  (SRATECH:74)        6  24-Feb-81  14:35  ALL  RD  NO
UUOSYM.DOC  (*6NEWS:74)         8  17-Mar-82  21:53  ALL  RD  RD
MACTEN.DOC  (*6NEWS:74)         6  17-Mar-82  21:15  ALL  RD  RD
UUOSYM.UNV  (SYS:74)           17  12-May-80  15:04  ALL  RD  RD
MACTEN.UNV  (SYS:74)            8  12-May-80  15:04  ALL  RD  RD
MONSYM.R36  (SPPOPER:74)       56  23-Mar-83  16:30  ALL  RD  NO
UUOSYM.SAI  (MPL:74)            9  23-Jun-83  17:52  ALL  RD  NO
UUOSYM.MAC  (MPL:74)            9  23-Jun-83  17:51  ALL  RD  NO
UUOSYM.DEF  (MPL:74)           10  23-Jun-83  17:51  ALL  RD  NO
MONSYM.CMD  (SPPARCH:74)        2  05-Mar-82  13:14  ALL  RD  RD
MONSYM.CTL  (SPPARCH:74)        2  20-May-81  08:47  ALL  RD  RD
MONSYM.MAC  (SPPARCH:74)       79  22-Jan-82  13:40  ALL  RD  RD
UUOSYM.MAC  (SPPARCH:74)       64  13-Feb-79  09:27  ALL  RD  RD
MACSYM.CMD  (SPPARCH:74)        2  05-Mar-82  13:06  ALL  RD  RD
MACSYM.CTL  (SPPARCH:74)        2  16-Mar-81  08:09  ALL  RD  RD
MACSYM.MAC  (SPPARCH:74)       27  22-Feb-82  14ALL  RD  RD
MACTEN.MAC  (SPPARCH:74)       12  25-Jan-77  06:16  ALL  RD  RD
79:
UUOSYM.DOC  (*6NEWS:79)         8  17-Mar-82  19:20  ALL  RD  RD
MACTEN.DOC  (*6NEWS:79)         6  17-Mar-82  19:10  ALL  RD  RD
UUOSYM.UNV  (SYS:79)           17  12-May-80  15:43  ALL  RD  RD
MACTEN.UNV  (SYS:79)            8  12-May-80  15:43  ALL  RD  RD
UUOSYM.SAI  (MPL:79)            9  10-Sep-80  21:39  ALL  RD  NO
95:
930:
UUOSYM.DEF  (NEWSPL:930)       10  21-Jul-82  02:41  ALL  RD  NO
UUOSYM.UNV  (NEWSCAN:930)      18  04-Sep-83  16:18  ALL  RD  NO
UUOSYM.UNX  (NEWSCAN:930)       6  11-Feb-81  01:58  ALL  RD  NO
UUOSYM.UND  (NEWSCAN:930)      18  04-Sep-83  16:18  ALL  RD  NO
UUOSYM.DOC  (LINK10:930)        3  06-Feb-85  06:47  ALL  RD  RD
UUOSYM.MAC  (LINK10:930)       88  06-Feb-85  06:45  ALL  RD  RD
UUOSYM.UNV  (LINK10:930)       22  15-Apr-85  20:38  ALL  RD  RD
UUOSYM.REL  (LINK10:930)       20  15-Apr-85  20:36  ALL  RD  RD
MACSYM.UNV  (LINK10:930)       17  30-Jan-84  05:28  ALL  RD  RD
MACTEN.UNV  (LINK10:930)        9  15-Apr-85  20:38  ALL  RD  RD
MACTEN.DOC  (LINK10:930)        3  06-Feb-85  00:17  ALL  RD  RD
MACTEN.MAC  (LINK10:930)       14  06-Feb-85  00:12  ALL  RD  RD
MACTEN.REL  (LINK10:930)        2  15-Apr-85  20:38  ALL  RD  RD
MONSYM.UNV  (TED:930)          44  21-May-85  17:21  ALL  RD  RD
UUOSYM.SAI  (PASSFRAME:930)     9  16-Oct-85  13:35  ALL  RD  NO
UUOSYM.DEF  (CB-SAIL:930)      10  08-Dec-82  17:32  ALL  RD  NO
UUOSYM.FAI  (NDT:930)          18  23-Jan-80  03:02  ALL  RD  RD
UUOSYM.UNV  (NDT:930)           6  15-Dec-81  21:09  ALL  RD  NO
UUOSYM.MAC  (WRS:930)           9  13-Jan-83  16:31  ALL  RD  NO
UUOSYM.SAI  (WRS:930)          10  13-Jan-83  16:32  ALL  RD  NO
UUOSYM.UNV  (SLISYS:930)       17  22-Sep-83  22:56  ALL  RD  RD
MACTEN.UNV  (SLISYS:930)        9  22-Sep-83  22:54  ALL  RD  RD
UUOSYM.DEC  (CARL:930)         75  25-Jul-80  03:00  ALL  RD  NO
UUOSYM.UNX  (CARL:930)         18  06-Mar-82  22:38  ALL  RD  NO
UUOSYM.UNY  (CARL:930)          6  11-Feb-81  01:58  ALL  RD  NO
UUOSYM.UNV  (CARL:930)         17  23-May-80  14:48  ALL  RD  RD
MACTEN.UNV  (CARL:930)          8  23-May-80  14:48  ALL  RD  NO
UUOSYM.DOC  (*6NEWS:930)        8  16-Mar-82  17:54  ALL  RD  RD
MACTEN.DOC  (*6NEWS:930)        6  16-Mar-82  17:36  ALL  RD  RD
UUOSYM.DEF  (SAILIB:930)       10  10-Dec-82  17:30  ALL  RD  NO
MONSYM.DOC  (M33:930)           2  01-Aug-79  15:12  ALL  RD  NO
UUOSYM.DOC  (CB-INFO:930)       9  25-Jul-80  06:27  ALL  RD  NO
UUOSYM.UNV  (SYS:930)          17  23-May-80  14:48  ALL  RD  RD
MACTEN.UNV  (SYS:930)           8  23-May-80  14:48  ALL  RD  RD
UUOSYM.UNV  (MWORK:930)        17  23-May-80  14:48  ALL  RD  NO
MACTEN.UNV  (MWORK:930)         8  23-May-80  14:48  ALL  RD  NO
UUOSYM.UNV  (DEC:930)          22  30-Jan-84  05:03  ALL  RD  RD
UUOSYM.MAC  (DEC:930)          88  25-Jan-84  06:44  ALL  RD  RD
UUOSYM.DOC  (DEC:930)           3  25-Jan-84  06:46  ALL  RD  RD
UUOSYM.REL  (DEC:930)          20  30-Jan-84  05:02  ALL  RD  RD
MACSYM.UNV  (DEC:930)          17  30-Jan-84  05:28  ALL  RD  RD
MACTEN.UNV  (DEC:930)           9  30-Jan-84  05:04  ALL  RD  RD
MACTEN.MAC  (DEC:930)          14  30-Jan-84  00:11  ALL  RD  RD
MACTEN.DOC  (DEC:930)           3  30-Jan-84  00:16  ALL  RD  RD
MACTEN.REL  (DEC:930)           2  30-Jan-84  05:04  ALL  RD  RD
UUOSYM.UNV  (MPL:930)           6  11-Feb-81  01:58  ALL  RD  RD
UUOSYM.SAI  (MPL:930)           9  23-Jun-83  15:33  ALL  RD  RD
UUOSYM.MAC  (MPL:930)           9  23-Jun-83  15:37  ALL  RD  RD
UUOSYM.DEF  (MPL:930)           9  15-Oct-83  00:24  ALL  RD  NO
MACTEN.UNV  (MPL:930)           8  23-May-80  14:48  ALL  RD  RD
UUOSYM.REL  (CB-DEC:930)       15  28-Nov-83  04:22  ALL  RD  NO
UUOSYM.MAC  (CB-DEC:930)       64  25-Sep-83  13:44  ALL  RD  NO
MACSYM.CTL  (CB-DEC:930)        2  25-Sep-83  13:44  ALL  RD  NO
MACSYM.MAC  (CB-DEC:930)       27  25-Sep-83  13:41  ALL  RD  NO
MACSYM.CMD  (CB-DEC:930)        2  25-Sep-83  13:41  ALL  RD  NO
MACTEN.MAC  (CB-DEC:930)       12  25-Sep-83  13:51  ALL  RD  NO
      @„