!noname

USER VALIDATION PROGRAM - VERSION 41

1/13/87  8:49



: list
PPN, LUD, RUB, USER OR GAN: gan


DO YOU KNOW THE GLOBAL ACCOUNT NUMBER? y

ACCOUNT: 1

OUTPUT TO: gan1.lst


: list
PPN, LUD, RUB, USER OR GAN: gan


DO YOU KNOW THE GLOBAL ACCOUNT NUMBER? y

ACCOUNT: 3

OUTPUT TO: gan3.lst


: q

E.O.J.

!lvalid

LVALID - LOCAL USER VALIDATION PROGRAM v1.0

*list
Account or User? a
Type global account number (GAN): 1
Do you need more information than just NAMES and UUNs? n
Do you need those with no UFDs? n
SRACRT            1,,221541     11 files. 
FBATCH            1,, 77340      5 files. 
SRAMOV            1,,257377      1 files. 
FTSYS             1,,315372     92 files. 
SSEREP            1,,320663      1 files. 
SPOOL             1,,133677     20 files. 
BILLING10         1,, 44355      6 files. 
DIAG10V           1,,235767      1 files. 
*1KEN             1,,   611      4 files. 
SYSNEWS           1,,154217     45 files. 
VALDEV            1,,364312      1 files. 
UFD               1,,     1    241 files. 
*1BATCH           1,,     2     36 files. 
SRAFT             1,,260123      8 files. 
DIAG              1,,     3      2 files. 
SYS               1,,     4    930 files. 
940MAN            1,,170741      0 files. 
SRATECH           1,,173236      4 files. 
DIAG10C           1,, 25104      1 files. 
SRAVAL            1,,101723      4 files. 
DIAG10F           1,, 25105      1 files. 
OPER              1,,    21      7 files. 
VIVIAN            1,, 75305      1 files. 
CRASH             1,, 77445    107 files. 
UTIL              1,,    36     75 files. 
SCAPIK            1,, 22155     10 files. 
DIAG10D           1,,355614      2 files. 
CUD10             1,, 42313     14 files. 
DIAG10            1,,150344     24 files. 
SRAUTIL           1,,305267     22 files. 
OLDUSERS          1,,777776      1 files. 
SRA               1,,215254     26 files. 
NOBACKUP          1,,777777      1 files. 
DANIELSR          1,,142734     20 files. 
DANIELSR          1,,142734     20 files. 

*list
Account or User? a
Type global account number (GAN): 3
Do you need more information than just NAMES and UUNs? n
Do you need those with no UFDs? n
DOCAIL            3,,212143     50 files. 
K.LISP            3,,377754      5 files. 
ALARMCLOCK        3,,234424      0 files. 
UORAIL            3,,212144     60 files. 
K.SAIL            3,,377755      7 files. 
SAILIB            3,,212145    250 files. 
K.AUXIO           3,,377757     12 files. 
SOCCI             3,,167354    344 files. 
JAIL              3,,326740     31 files. 
K.SLR             3,,377760      3 files. 
K.TAPE            3,,377761     11 files. 
TYMAIL            3,,326742      0 files. 
CB-MEMO           3,,700070     31 files. 
MAIL              3,,167357     33 files. 
PEAK.OLD          3,,377763     65 files. 
CB-INFO           3,,700071     86 files. 
CB-MAIL           3,,700072     70 files. 
SAILFOO           3,,   100     13 files. 
PEAKDOC           3,,377765     10 files. 
CSTEMPLATE        3,,700240     11 files. 
PEAK              3,, 35556     62 files. 
PEAKX             3,,377766     64 files. 
VMAP              3,,700241     51 files. 
DOC2              3,, 24177      1 files. 
YAMM              3,,253600      3 files. 
LINK10            3,,163564    186 files. 
PEAK1             3,,377767      9 files. 
NEWINFO           3,,700242     25 files. 
SYSMAINT          3,,251616     33 files. 
KDEV3             3,,377770     13 files. 
SYSFIL            3,,112233     44 files. 
NEWFDM            3,,700243     63 files. 
GAZEL             3,,367714      1 files. 
KDEV1             3,,377771      0 files. 
NFDM              3,,700244     27 files. 
PRT               3,,377772     13 files. 
MACRO53           3,,700100      3 files. 
MACRO53TST        3,,700101     11 files. 
OSB               3,,145107    232 files. 
TYMGRIPE          3,,235436      2 files. 
XEXEC             3,,275244     99 files. 
KLIB              3,,377777     31 files. 
INFO              3,,232154     51 files. 
SPPOPER           3,,234620     15 files. 
WFW               3,,   117     15 files. 
SUBMIT            3,,416154     65 files. 
PUB               3,,234002     38 files. 
CB-DEC            3,,700120     47 files. 
DWS               3,,  6366      3 files. 
SAFIYEG           3,,777700      8 files. 
CB-DECDIR         3,,700121     52 files. 
TOPS20            3,,700600      0 files. 
JASONG            3,,777701      7 files. 
OSU               3,,330611    315 files. 
GABRIELG          3,,777702      6 files. 
NATHANIELG        3,,777703      2 files. 
TOPS10            3,,700124     25 files. 
MARYG             3,,777704      4 files. 
OSMAN             3,,156346    112 files. 
DAVIDG            3,,777705      0 files. 
SAILTEST          3,,242733    117 files. 
WFWCUSP           3,, 16622      1 files. 
TTR               3,,700300      3 files. 
PASSFRAME         3,,700302     24 files. 
CB-KERMIT         3,,700303     11 files. 
MPL               3,,213211    701 files. 
JMS-KERMIT        3,,704103      0 files. 
11CURR            3,,351272      0 files. 
CB-SAIL           3,,700140    166 files. 
JW.DSKCLN         3,,771001     25 files. 
CB-SAIL-ARC       3,,700141     27 files. 
TXSSUP            3,,160031     20 files. 
JW.WORK           3,,771002      9 files. 
LPQ               3,,     3      0 files. 
OSNF              3,,140673      0 files. 
CB-PARSER         3,,700144      0 files. 
BBOARD            3,,     4      4 files. 
OSP               3,,140674    344 files. 
LOGGER            3,,700001     31 files. 
SPL               3,,324525    194 files. 
MYPEAK            3,,700004     76 files. 
TXSDOC            3,,231227      4 files. 
TXSTEXT           3,,300745     64 files. 
TJB               3,,746701      4 files. 
TODD              3,,252045      1 files. 
IMPORT            3,,152602      1 files. 
TSUCOOP           3,, 50527     13 files. 
FOROTS            3,,163651      1 files. 
MONDOC            3,,123054    211 files. 
KL10              3,,222635    166 files. 
WRS               3,,225443    272 files. 
CB-GAMES          3,,700020      4 files. 
M33               3,, 42754   1255 files. 
OSARC             3,,214400    910 files. 
JMS               3,,431116    360 files. 
DENCOFF           3,,410765     39 files. 
SPPARCH           3,,250244     49 files. 
EMACS             3,,234372     36 files. 
VUE               3,,377411     73 files. 
GLYONS            3,,274033      0 files. 
YEUX              3,,377412     34 files. 
LPTSPL            3,,700201      7 files. 
JMS-CSM           3,,704000     35 files. 
NEWSPL            3,,700202     53 files. 
JOESMITH          3,,704001     20 files. 
FJSAIL            3,,213567     12 files. 
DEC-CUSPS         3,,704002      1 files. 
JMS-INFO          3,,704003     44 files. 
ATPCH             3,,704004     25 files. 
CARL              3,,352477    631 files. 
DEC               3,,704005    101 files. 
XXARC             3,,270100     39 files. 
MRC-MM            3,,704006      9 files. 
TXSTEST           3,,346701      0 files. 
ZORK              3,,346702      0 files. 
NEWRPG            3,,700210     19 files. 
TED               3,,704007    108 files. 
SALLY             3,,704010      5 files. 
NDT               3,,211135      6 files. 
GIGI              3,,704011     29 files. 
SYSINFO           3,,777001      1 files. 
REGIS             3,,704012    353 files. 
MWORK             3,,777002     24 files. 
UWORK             3,,777003     22 files. 
CB-EXE            3,,700050     28 files. 
BWORK             3,,777004      9 files. 
SWORK             3,,777005      1 files. 
ZZZ-LAST-DIR      3,,777776      1 files. 
NEWSCAN           3,,700220    102 files. 
BADFILES          3,,777006     12 files. 
JUNKMAIL          3,,777777      8 files. 
LEEBOLTON         3,,233113      0 files. 
TOPS10-701        3,,700701      2 files. 
XAIL              3,,212137     50 files. 
TOPS10-702        3,,700702     28 files. 
NOT-JMS           3,, 31116      1 files. 
SAIL              3,,212140    154 files. 
FLETCHERC         3,,346551     48 files. 
703-TOPS10        3,,700703      0 files. 
LAGOLD            3,,147525      9 files. 
NOT-DENCOFF       3,, 10765      1 files. 
KS2020            3,,230623     11 files. 
CMUAIL            3,,212142     12 files. 
KSBACK            3,,230624      1 files. 
ZONNIE            3,,136773      4 files. 
CMUAIL            3,,212142     12 files. 
KSBACK            3,,230624      1 files. 
ZONNIE            3,,136773      4 files. 

*q

End of SAIL execution
!bye
132.57 tru
terminal time: 0:04:27
 