!;[PCOMAI - STRIP PCOM MAIL FROM my MAILBOX]
!TTY LC

!r mail
*find processed:
*type


From: JMS
Date: SEPTEMBER 9,1986 19:51
; PCOM v1.63 - processed: (JMS)MID95.LOG = (JMS)MID95.CTL
; Options: DETACH  LOG NOAPPEND SUPERSEDE LICENSE 
; Limits: TIME:60 TRULIMIT:0 
; Status: completed.
; Output recorded in file (JMS)MID95.LOG.
; PCOM v1.63 - processed: (JMS)MID95.LOG = (JMS)MID95.CTL
; Options: DETACH  LOG NOAPPEND SUPERSEDE LICENSE 
; Limits: TIME:60 TRULIMIT:0 
; Status: completed.
; Output recorded in file (JMS)MID95.LOG.


From: JMS
Date: OCTOBER 29,1986 19:24
; PCOM v1.63 - processed: (JMS)MIDNIT.LOG = (JMS)MIDNIT.CTL
; Options: DETACH  LOG NOAPPEND SUPERSEDE LICENSE 
; Limits: TIME:60 TRULIMIT:0 
; Status: completed.
; Output recorded in file (JMS)MIDNIT.LOG.
; PCOM v1.63 - processed: (JMS)MIDNIT.LOG = (JMS)MIDNIT.CTL
; Options: DETACH  LOG NOAPPEND SUPERSEDE LICENSE 
; Limits: TIME:60 TRULIMIT:0 
; Status: completed.
; Output recorded in file (JMS)MIDNIT.LOG.


From: JMS
Date: OCTOBER 29,1986 21:02
; PCOM v1.63 - processed: (JMS)MIDNIT.LOG = (JMS)MIDNIT.CTL
; Options: DETACH  LOG NOAPPEND SUPERSEDE LICENSE 
; Limits: TIME:60 TRULIMIT:0 
; Status: completed.
; Output recorded in file (JMS)MIDNIT.LOG.
; PCOM v1.63 - processed: (JMS)MIDNIT.LOG = (JMS)MIDNIT.CTL
; Options: DETACH  LOG NOAPPEND SUPERSEDE LICENSE 
; Limits: TIME:60 TRULIMIT:0 
; Status: completed.
; Output recorded in file (JMS)MIDNIT.LOG.


From: JMS
Date: OCTOBER 29,1986 21:15
; PCOM v1.63 - processed: (JMS)SYS.DIR = (JMS)TEMP.CTL
; Options: DETACH  LOG NOAPPEND SUPERSEDE LICENSE 
; Limits: TIME:60 TRULIMIT:0 
; Status: completed.
; Output recorded in file (JMS)SYS.DIR.
; PCOM v1.63 - processed: (JMS)SYS.DIR = (JMS)TEMP.CTL
; Options: DETACH  LOG NOAPPEND SUPERSEDE LICENSE 
; Limits: TIME:60 TRULIMIT:0 
; Status: completed.
; Output recorded in file (JMS)SYS.DIR.


From: JMS
Date: OCTOBER 30,1986 13:19
; PCOM v1.63 - processed: (JMS)MIDNIT.LOG = (JMS)MIDNIT.CTL
; Options: DETACH  LOG NOAPPEND SUPERSEDE LICENSE 
; Limits: TIME:60 TRULIMIT:0 
; Status: completed.
; Output recorded in file (JMS)MIDNIT.LOG.
; PCOM v1.63 - processed: (JMS)MIDNIT.LOG = (JMS)MIDNIT.CTL
; Options: DETACH  LOG NOAPPEND SUPERSEDE LICENSE 
; Limits: TIME:60 TRULIMIT:0 
; Status: completed.
; Output recorded in file (JMS)MIDNIT.LOG.


From: JMS
Date: OCTOBER 30,1986 13:31
; PCOM v1.63 - processed: (JMS)TEMP.LOG = (JMS)TEMP.CTL
; Options: DETACH  LOG NOAPPEND SUPERSEDE LICENSE 
; Limits: TIME:60 TRULIMIT:0 
; Status: completed.
; Output recorded in file (JMS)TEMP.LOG.
; PCOM v1.63 - processed: (JMS)TEMP.LOG = (JMS)TEMP.CTL
; Options: DETACH  LOG NOAPPEND SUPERSEDE LICENSE 
; Limits: TIME:60 TRULIMIT:0 
; Status: completed.
; Output recorded in file (JMS)TEMP.LOG.


From: JMS
Date: OCTOBER 30,1986 16:49
; PCOM v1.63 - processed: (JMS)MIDNIT.LOG = (JMS)MIDNIT.CTL
; Options: DETACH  LOG NOAPPEND SUPERSEDE LICENSE 
; Limits: TIME:60 TRULIMIT:0 
; Status: completed.
; Output recorded in file (JMS)MIDNIT.LOG.
; PCOM v1.63 - processed: (JMS)MIDNIT.LOG = (JMS)MIDNIT.CTL
; Options: DETACH  LOG NOAPPEND SUPERSEDE LICENSE 
; Limits: TIME:60 TRULIMIT:0 
; Status: completed.
; Output recorded in file (JMS)MIDNIT.LOG.


From: JMS
Date: OCTOBER 31,1986 15:41
; PCOM v1.63 - processed: (JMS)GAN.LOG = (JMS)GAN.CTL
; Options: DETACH  LOG NOAPPEND SUPERSEDE LICENSE 
; Limits: TIME:60 TRULIMIT:0 
; Status: completed.
; Output recorded in file (JMS)GAN.LOG.
; PCOM v1.63 - processed: (JMS)GAN.LOG = (JMS)GAN.CTL
; Options: DETACH  LOG NOAPPEND SUPERSEDE LICENSE 
; Limits: TIME:60 TRULIMIT:0 
; Status: completed.
; Output recorded in file (JMS)GAN.LOG.


From: JMS
Date: DECEMBER 5,1986 14:23
; PCOM v1.63 - processed: (JMS)FNDBAD.LOG = (JMS)FNDBAD.CTL
; Options: DETACH  LOG NOAPPEND SUPERSEDE LICENSE 
; Limits: TIME:60 TRULIMIT:0 
; Status: completed.
; Output recorded in file (JMS)FNDBAD.LOG.
; PCOM v1.63 - processed: (JMS)FNDBAD.LOG = (JMS)FNDBAD.CTL
; Options: DETACH  LOG NOAPPEND SUPERSEDE LICENSE 
; Limits: TIME:60 TRULIMIT:0 
; Status: completed.
; Output recorded in file (JMS)FNDBAD.LOG.


From: JMS
Date: DECEMBER 31,1986 20:52
; PCOM v1.63 - processed: (JMS)FNDBAD.LOG = (JMS)FNDBAD.CTL
; Options: DETACH  LOG NOAPPEND SUPERSEDE LICENSE 
; Limits: TIME:60 TRULIMIT:0 
; Status: completed.
; Output recorded in file (JMS)FNDBAD.LOG.
; PCOM v1.63 - processed: (JMS)FNDBAD.LOG = (JMS)FNDBAD.CTL
; Options: DETACH  LOG NOAPPEND SUPERSEDE LICENSE 
; Limits: TIME:60 TRULIMIT:0 
; Status: completed.
; Output recorded in file (JMS)FNDBAD.LOG.


From: JMS
Date: JANUARY 16,1987 1:55
; PCOM v1.63 - processed: (OSU)DSKCLN.LOG = (OSU)DSKCLN.CTL
; Options: DETACH  LOG NOAPPEND SUPERSEDE LICENSE 
; Limits: TIME:60 TRULIMIT:0 
; Status: completed.
; Output recorded in file (OSU)DSKCLN.LOG.
; PCOM v1.63 - processed: (OSU)DSKCLN.LOG = (OSU)DSKCLN.CTL
; Options: DETACH  LOG NOAPPEND SUPERSEDE LICENSE 
; Limits: TIME:60 TRULIMIT:0 
; Status: completed.
; Output recorded in file (OSU)DSKCLN.LOG.


From: JMS
Date: JANUARY 16,1987 20:33
; PCOM v1.63 - processed: (JMS)DSKCLN.LOG = (JMS)TEMP.CTL
; Options: DETACH  LOG NOAPPEND SUPERSEDE LICENSE 
; Limits: TIME:60 TRULIMIT:0 
; Status: completed.
; Output recorded in file (JMS)DSKCLN.LOG.
; PCOM v1.63 - processed: (JMS)DSKCLN.LOG = (JMS)TEMP.CTL
; Options: DETACH  LOG NOAPPEND SUPERSEDE LICENSE 
; Limits: TIME:60 TRULIMIT:0 
; Status: completed.
; Output recorded in file (JMS)DSKCLN.LOG.


From: JMS
Date: JANUARY 20,1987 16:30
; PCOM v1.63 - processed: (JMS)DSKCLN.LOG = (JMS)DSKCLN.CTL
; Options: DETACH  LOG NOAPPEND SUPERSEDE LICENSE 
; Limits: TIME:60 TRULIMIT:0 
; Status: completed.
; Output recorded in file (JMS)DSKCLN.LOG.
; PCOM v1.63 - processed: (JMS)DSKCLN.LOG = (JMS)DSKCLN.CTL
; Options: DETACH  LOG NOAPPEND SUPERSEDE LICENSE 
; Limits: TIME:60 TRULIMIT:0 
; Status: completed.
; Output recorded in file (JMS)DSKCLN.LOG.


From: JMS
Date: FEBRUARY 11,1987 0:02
; PCOM v1.63 - processed: (JMS)DSKCLN.LOG = (JMS)DSKCLN.CTL
; Options: DETACH  LOG NOAPPEND SUPERSEDE LICENSE 
; Limits: TIME:60 TRULIMIT:0 
; Status: completed.
; Output recorded in file (JMS)DSKCLN.LOG.
; PCOM v1.63 - processed: (JMS)DSKCLN.LOG = (JMS)DSKCLN.CTL
; Options: DETACH  LOG NOAPPEND SUPERSEDE LICENSE 
; Limits: TIME:60 TRULIMIT:0 
; Status: completed.
; Output recorded in file (JMS)DSKCLN.LOG.


From: JMS
Date: FEBRUARY 25,1987 0:31
; PCOM v1.63 - processed: (JMS)DSKCLN.LOG = (JMS)DSKCLN.CTL
; Options: DETACH  LOG NOAPPEND SUPERSEDE LICENSE 
; Limits: TIME:60 TRULIMIT:0 
; Status: completed.
; Output recorded in file (JMS)DSKCLN.LOG.
; PCOM v1.63 - processed: (JMS)DSKCLN.LOG = (JMS)DSKCLN.CTL
; Options: DETACH  LOG NOAPPEND SUPERSEDE LICENSE 
; Limits: TIME:60 TRULIMIT:0 
; Status: completed.
; Output recorded in file (JMS)DSKCLN.LOG.


From: JMS
Date: APRIL 6,1987 19:04
; PCOM v1.63 - processed: (M33)MONED1.LOG = (M33)MONED1.CTL
; Options: DETACH  LOG NOAPPEND SUPERSEDE LICENSE 
; Limits: TIME:60 TRULIMIT:0 
; Status: completed.
; Output recorded in file (M33)MONED1.LOG.


From: JMS
Date: APRIL 6,1987 19:35
; PCOM v1.63 - processed: (M33)CPUS.LOG = (M33)CPUS.CTL
; Options: DETACH  LOG NOAPPEND SUPERSEDE LICENSE 
; Limits: TIME:60 TRULIMIT:0 
; Status: aborted - halted by operator at line 31.
; Output recorded in file (M33)CPUS.LOG.
; PCOM v1.63 - processed: (M33)CPUS.LOG = (M33)CPUS.CTL
; Options: DETACH  LOG NOAPPEND SUPERSEDE LICENSE 
; Limits: TIME:60 TRULIMIT:0 
; Status: aborted - halted by operator at line 31.
; Output recorded in file (M33)CPUS.LOG.


From: JMS
Date: APRIL 7,1987 1:32
; PCOM v1.63 - processed: (M33)CPUS.LOG = (M33)CPUS.CTL
; Options: DETACH  LOG NOAPPEND SUPERSEDE LICENSE 
; Limits: TIME:60 TRULIMIT:0 
; Status: completed.
; Output recorded in file (M33)CPUS.LOG.
; PCOM v1.63 - processed: (M33)CPUS.LOG = (M33)CPUS.CTL
; Options: DETACH  LOG NOAPPEND SUPERSEDE LICENSE 
; Limits: TIME:60 TRULIMIT:0 
; Status: completed.
; Output recorded in file (M33)CPUS.LOG.


From: JMS
Date: APRIL 7,1987 1:53
; PCOM v1.63 - processed: (M33)MONED1.LOG = (M33)MONED1.CTL
; Options: DETACH  LOG NOAPPEND SUPERSEDE LICENSE 
; Limits: TIME:60 TRULIMIT:0 
; Status: completed.
; Output recorded in file (M33)MONED1.LOG.


From: JMS
Date: APRIL 7,1987 1:56
; PCOM v1.63 - processed: (M33)MONED1.LOG = (M33)MONED1.CTL
; Options: DETACH  LOG NOAPPEND SUPERSEDE LICENSE 
; Limits: TIME:60 TRULIMIT:0 
; Status: completed.
; Output recorded in file (M33)MONED1.LOG.


From: JMS
Date: APRIL 7,1987 1:53
; PCOM v1.63 - processed: (M33)MONED1.LOG = (M33)MONED1.CTL
; Options: DETACH  LOG NOAPPEND SUPERSEDE LICENSE 
; Limits: TIME:60 TRULIMIT:0 
; Status: completed.
; Output recorded in file (M33)MONED1.LOG.


From: JMS
Date: APRIL 7,1987 1:56
; PCOM v1.63 - processed: (M33)MONED1.LOG = (M33)MONED1.CTL
; Options: DETACH  LOG NOAPPEND SUPERSEDE LICENSE 
; Limits: TIME:60 TRULIMIT:0 
; Status: completed.
; Output recorded in file (M33)MONED1.LOG.


From: JMS
Date: APRIL 7,1987 12:02
; PCOM v1.63 - processed: (M33)MONED1.LOG = (M33)MONED1.CTL
; Options: DETACH  LOG NOAPPEND SUPERSEDE LICENSE 
; Limits: TIME:60 TRULIMIT:0 
; Status: completed.
; Output recorded in file (M33)MONED1.LOG.
; PCOM v1.63 - processed: (M33)MONED1.LOG = (M33)MONED1.CTL
; Options: DETACH  LOG NOAPPEND SUPERSEDE LICENSE 
; Limits: TIME:60 TRULIMIT:0 
; Status: completed.
; Output recorded in file (M33)MONED1.LOG.


From: JMS
Date: APRIL 9,1987 22:00
; PCOM v1.63 - processed: (M33)CPUS.LOG = (M33)CPUS.CTL
; Options: DETACH  LOG NOAPPEND SUPERSEDE LICENSE 
; Limits: TIME:60 TRULIMIT:0 
; Status: completed.
; Output recorded in file (M33)CPUS.LOG.
; PCOM v1.63 - processed: (M33)CPUS.LOG = (M33)CPUS.CTL
; Options: DETACH  LOG NOAPPEND SUPERSEDE LICENSE 
; Limits: TIME:60 TRULIMIT:0 
; Status: completed.
; Output recorded in file (M33)CPUS.LOG.


From: JMS
Date: APRIL 10,1987 12:49
; PCOM v1.63 - processed: (M33)CPUS.LOG = (M33)CPUS.CTL
; Options: DETACH  LOG NOAPPEND SUPERSEDE LICENSE 
; Limits: TIME:60 TRULIMIT:0 
; Status: completed.
; Output recorded in file (M33)CPUS.LOG.


From: JMS
Date: APRIL 10,1987 15:06
; PCOM v1.63 - processed: (M33)CPUS.LOG = (M33)CPUS.CTL
; Options: DETACH  LOG NOAPPEND SUPERSEDE LICENSE 
; Limits: TIME:60 TRULIMIT:0 
; Status: completed.
; Output recorded in file (M33)CPUS.LOG.


From: JMS
Date: APRIL 10,1987 12:49
; PCOM v1.63 - processed: (M33)CPUS.LOG = (M33)CPUS.CTL
; Options: DETACH  LOG NOAPPEND SUPERSEDE LICENSE 
; Limits: TIME:60 TRULIMIT:0 
; Status: completed.
; Output recorded in file (M33)CPUS.LOG.


From: JMS
Date: APRIL 10,1987 15:06
; PCOM v1.63 - processed: (M33)CPUS.LOG = (M33)CPUS.CTL
; Options: DETACH  LOG NOAPPEND SUPERSEDE LICENSE 
; Limits: TIME:60 TRULIMIT:0 
; Status: completed.
; Output recorded in file (M33)CPUS.LOG.


From: JMS
Date: APRIL 10,1987 15:42
; PCOM v1.63 - processed: (M33)MONED1.LOG = (M33)MONED1.CTL
; Options: DETACH  LOG NOAPPEND SUPERSEDE LICENSE 
; Limits: TIME:60 TRULIMIT:0 
; Status: completed.
; Output recorded in file (M33)MONED1.LOG.
; PCOM v1.63 - processed: (M33)MONED1.LOG = (M33)MONED1.CTL
; Options: DETACH  LOG NOAPPEND SUPERSEDE LICENSE 
; Limits: TIME:60 TRULIMIT:0 
; Status: completed.
; Output recorded in file (M33)MONED1.LOG.


From: JMS
Date: APRIL 11,1987 20:55
; PCOM v1.63 - processed: (M33)MONED1.LOG = (M33)MONED1.CTL
; Options: DETACH  LOG NOAPPEND SUPERSEDE LICENSE 
; Limits: TIME:60 TRULIMIT:0 
; Status: completed.
; Output recorded in file (M33)MONED1.LOG.
; PCOM v1.63 - processed: (M33)MONED1.LOG = (M33)MONED1.CTL
; Options: DETACH  LOG NOAPPEND SUPERSEDE LICENSE 
; Limits: TIME:60 TRULIMIT:0 
; Status: completed.
; Output recorded in file (M33)MONED1.LOG.


From: JMS
Date: APRIL 11,1987 21:28
; PCOM v1.63 - processed: (M33)CPUS.LOG = (M33)CPUS.CTL
; Options: DETACH  LOG NOAPPEND SUPERSEDE LICENSE 
; Limits: TIME:60 TRULIMIT:0 
; Status: completed.
; Output recorded in file (M33)CPUS.LOG.
; PCOM v1.63 - processed: (M33)CPUS.LOG = (M33)CPUS.CTL
; Options: DETACH  LOG NOAPPEND SUPERSEDE LICENSE 
; Limits: TIME:60 TRULIMIT:0 
; Status: completed.
; Output recorded in file (M33)CPUS.LOG.


From: JMS
Date: APRIL 12,1987 23:36
; PCOM v1.63 - processed: (JMS)FIND.LOG = (JMS)FIND.CTL
; Options: DETACH  LOG NOAPPEND SUPERSEDE LICENSE 
; Limits: TIME:60 TRULIMIT:0 
; Status: aborted - halted by operator at line 1.
; Output recorded in file (JMS)FIND.LOG.
; PCOM v1.63 - processed: (JMS)FIND.LOG = (JMS)FIND.CTL
; Options: DETACH  LOG NOAPPEND SUPERSEDE LICENSE 
; Limits: TIME:60 TRULIMIT:0 
; Status: aborted - halted by operator at line 1.
; Output recorded in file (JMS)FIND.LOG.


From: JMS
Date: APRIL 13,1987 0:30
; PCOM v1.63 - processed: (JMS)FIND.LOG = (JMS)FIND.CTL
; Options: DETACH  LOG NOAPPEND SUPERSEDE LICENSE 
; Limits: TIME:60 TRULIMIT:0 
; Status: completed.
; Output recorded in file (JMS)FIND.LOG.
; PCOM v1.63 - processed: (JMS)FIND.LOG = (JMS)FIND.CTL
; Options: DETACH  LOG NOAPPEND SUPERSEDE LICENSE 
; Limits: TIME:60 TRULIMIT:0 
; Status: completed.
; Output recorded in file (JMS)FIND.LOG.


From: JMS
Date: APRIL 14,1987 16:17
; PCOM v1.63 - processed: (M33)MONED1.LOG = (M33)MONED1.CTL
; Options: DETACH  LOG NOAPPEND SUPERSEDE LICENSE 
; Limits: TIME:60 TRULIMIT:0 
; Status: completed.
; Output recorded in file (M33)MONED1.LOG.
; PCOM v1.63 - processed: (M33)MONED1.LOG = (M33)MONED1.CTL
; Options: DETACH  LOG NOAPPEND SUPERSEDE LICENSE 
; Limits: TIME:60 TRULIMIT:0 
; Status: completed.
; Output recorded in file (M33)MONED1.LOG.
*purge
Purge selected packets? yes
*quit

!;[End PCOMAI]
!LOGOUT
16.15 tru
terminal time: 0:01:40
   