!DAYTIME
28-OCT-1988 23:06:28 PDT

!RUN (JMS)RONLY
*[*,*]/CHECKSUM/SUMMARY
  Total of 330 pages in 54 files Checksum = ZASNOL on DSKB: [3,700202]
  Total of 2955 pages in 116 files Checksum = JODCUK on DSKB: [3,700004]
  Total of 2 pages in 1 file Checksum = NUVXIX on DSKB: [3,700220]
  Total of 838 pages in 121 files Checksum = JELYOL on DSKB: [1,75305]
  Total of 3451 pages in 192 files Checksum = FIYBOG on DSKB: [3,163564]
  Total of 63 pages in 4 files Checksum = LUPVIZ on DSKB: [11334,354155]
  Total of 3611 pages in 228 files Checksum = MEZNES on DSKB: [3,156346]
  Total of 2354 pages in 135 files Checksum = ZERTUC on DSKB: [1,77445]
  Total of 16 pages in 4 files Checksum = VEDMAV on DSKB: [3,777704]
  Total of 14 pages in 7 files Checksum = VAZZIC on DSKB: [3,777004]
  Total of 54 pages in 13 files Checksum = SETWAK on DSKB: [2,5]
  Total of 2 pages in 1 file Checksum = RICKUS on DSKB: [3,704007]
  Total of 806 pages in 61 files Checksum = YAHSOH on DSKB: [3,700121]
  Total of 227 pages in 35 files Checksum = QORRAF on DSKB: [3,704000]
  Total of 383 pages in 101 files Checksum = JOFCAX on DSKB: [3,145107]
  Total of 1186 pages in 39 files Checksum = ZERBIQ on DSKB: [3,234002]
  Total of 740 pages in 158 files Checksum = PEZTUN on DSKB: [3,252045]
  Total of 14 pages in 6 files Checksum = NARGOY on DSKB: [1,154217]
  Total of 195 pages in 36 files Checksum = DAWWOC on DSKB: [1,133677]
  Total of 181 pages in 15 files Checksum = HULFIZ on DSKB: [1,42313]
  Total of 571 pages in 26 files Checksum = DENFOV on DSKB: [21477,175251]
  Total of 34 pages in 10 files Checksum = TEDYIG on DSKB: [11447,125460]
  Total of 3 pages in 1 file Checksum = YACXOV on DSKB: [1,320663]
  Total of 2 pages in 1 file Checksum = LIJHUZ on DSKB: [3,214400]
  Total of 873 pages in 293 files Checksum = NOPGEF on DSKB: [11020,136151]
  Total of 699 pages in 25 files Checksum = PADNOP on DSKB: [3,160031]
  Total of 479 pages in 100 files Checksum = SOQKES on DSKB: [1,25105]
  Total of 148 pages in 22 files Checksum = LOWGOR on DSKB: [21477,263665]
  Total of 24 pages in 12 files Checksum = WOQSAB on DSKB: [4,134612]
  Total of 467 pages in 57 files Checksum = MIYQAG on DSKB: [3,746701]
  Total of 355 pages in 37 files Checksum = RAZSIQ on DSKB: [3,700400]
  Total of 78 pages in 12 files Checksum = ZUNCOM on DSKB: [3,700301]
  Total of 147 pages in 25 files Checksum = VILDEW on DSKB: [3,700040]
  Total of 286 pages in 30 files Checksum = MOCTOQ on DSKB: [11447,236070]
  Total of 4 pages in 1 file Checksum = COMCIS on DSKB: [22013,231331]
  Total of 12 pages in 5 files Checksum = KAHTEB on DSKB: [3,377771]
  Total of 12 pages in 6 files Checksum = SUHFOQ on DSKB: [3,700477]
  Total of 308 pages in 36 files Checksum = FEGVIQ on DSKB: [3,306414]
  Total of 2 pages in 1 file Checksum = XAJPIS on DSKB: [11020,445774]
  Total of 22 pages in 7 files Checksum = YODMEL on DSKB: [7676,354704]
  Total of 510 pages in 16 files Checksum = NEDVIF on DSKB: [21477,550560]
  Total of 3876 pages in 279 files Checksum = QIGRAK on DSKB: [1,170741]
  Total of 4 pages in 2 files Checksum = BOMHAB on DSKB: [3,212141]
  Total of 610 pages in 32 files Checksum = PIFZOZ on DSKB: [3,317016]
  Total of 317 pages in 12 files Checksum = DOYQEN on DSKB: [3,777013]
  Total of 173 pages in 35 files Checksum = JIBROV on DSKB: [11020,601566]
  Total of 3 pages in 2 files Checksum = DOBDUC on DSKB: [77,770077]
  Total of 201 pages in 7 files Checksum = VENRES on DSKB: [1,44355]
  Total of 1713 pages in 32 files Checksum = YAYYEZ on DSKB: [11447,133410]
  Total of 5226 pages in 315 files Checksum = WUBHEN on DSKB: [11,562]
  Total of 1765 pages in 349 files Checksum = WABXEH on DSKB: [3,167354]
  Total of 683 pages in 26 files Checksum = RULDAF on DSKB: [11447,216613]
  Total of 148 pages in 12 files Checksum = SIHLES on DSKB: [3,212142]
  Total of 85 pages in 5 files Checksum = DINMEM on DSKB: [1,77340]
  Total of 185 pages in 12 files Checksum = TIGLUW on DSKB: [26132,240027]
  Total of 112 pages in 8 files Checksum = BOTBUR on DSKB: [1,260123]
  Total of 34 pages in 5 files Checksum = RUXRAH on DSKB: [11447,260004]
  Total of 2 pages in 1 file Checksum = KICRAC on DSKB: [11447,254654]
  Total of 1758 pages in 99 files Checksum = WEXHOS on DSKB: [1,315372]
  Total of 179 pages in 35 files Checksum = YIMQOX on DSKB: [1,142734]
  Total of 20 pages in 4 files Checksum = WIXSIG on DSKB: [25400,234270]
  Total of 2 pages in 1 file Checksum = DEDLOH on DSKB: [3,50527]
  Total of 897 pages in 87 files Checksum = TICWIZ on DSKB: [11334,50023]
  Total of 302 pages in 9 files Checksum = VAGZID on DSKB: [11447,225012]
  Total of 32 pages in 1 file Checksum = LAWHIP on DSKB: [11447,74305]
  Total of 88 pages in 13 files Checksum = ROWWUH on DSKB: [3,377772]
  Total of 1737 pages in 111 files Checksum = PALGOT on DSKB: [3,112233]
  Total of 2 pages in 1 file Checksum = SONTOW on DSKB: [43511,304627]
  Total of 396 pages in 23 files Checksum = POZCOB on DSKB: [3,700302]
  Total of 68 pages in 5 files Checksum = TAWWIS on DSKB: [1,101723]
  Total of 815 pages in 65 files Checksum = DOXLAN on DSKB: [3,377763]
  Total of 13 pages in 5 files Checksum = VOQLUW on DSKB: [3,377754]
  Total of 2 pages in 1 file Checksum = XAJPIS on DSKB: [3,777005]
  Total of 6905 pages in 158 files Checksum = CEYJEJ on DSKB: [6,270]
  Total of 626 pages in 28 files Checksum = MORPIN on DSKB: [3,700050]
  Total of 1139 pages in 179 files Checksum = YEFFAF on DSKB: [3,700140]
  Total of 389 pages in 95 files Checksum = HASJIK on DSKB: [3,300745]
  Total of 162 pages in 22 files Checksum = KOCZIW on DSKB: [3,704001]
  Total of 14 pages in 7 files Checksum = KEQZUG on DSKB: [3,704010]
  Total of 7 pages in 4 files Checksum = PITDUD on DSKB: [3,10765]
  Total of 1358 pages in 619 files Checksum = ZIVYUP on DSKB: [3,31116]
  Total of 15 pages in 2 files Checksum = RAKYIJ on DSKB: [11447,142660]
  Total of 488 pages in 23 files Checksum = QIDCUZ on DSKB: [11447,225424]
  Total of 50 pages in 10 files Checksum = YIJSOF on DSKB: [3,633]
  Total of 35 pages in 10 files Checksum = VABBOM on DSKB: [11447,157776]
  Total of 78 pages in 14 files Checksum = LIFSAC on DSKB: [3,700401]
  Total of 37 pages in 4 files Checksum = JOXWOY on DSKB: [3,274033]
  Total of 10 pages in 2 files Checksum = XINFAK on DSKB: [42133,136373]
  Total of 5446 pages in 60 files Checksum = DIFKUM on DSKB: [1,777777]
  Total of 2 pages in 1 file Checksum = NIHDIX on DSKB: [3,112726]
  Total of 4 pages in 2 files Checksum = VAZMEL on DSKB: [3,327106]
  Total of 224 pages in 16 files Checksum = WONFOQ on DSKB: [3,777014]
  Total of 3 pages in 2 files Checksum = DOBDUC on DSKB: [77,770001]
  Total of 7 pages in 3 files Checksum = ZEKGAQ on DSKB: [14717,441160]
  Total of 2737 pages in 334 files Checksum = VOWNEP on DSKB: [1,1]
  Total of 385 pages in 35 files Checksum = VOVHUY on DSKB: [11447,142661]
  Total of 31 pages in 4 files Checksum = MADHUK on DSKB: [1,611]
  Total of 60 pages in 3 files Checksum = WIQZAQ on DSKB: [3,211135]
  Total of 2 pages in 1 file Checksum = SILQEQ on DSKB: [3,212143]
  Total of 2658 pages in 155 files Checksum = DOPDUV on DSKB: [3,222635]
  Total of 1665 pages in 288 files Checksum = JAJNOT on DSKB: [3,225443]
  Total of 675 pages in 49 files Checksum = JOTYEY on DSKB: [11447,121324]
  Total of 166 pages in 11 files Checksum = FEWFAJ on DSKB: [1,221541]
  Total of 4 pages in 2 files Checksum = TILBAQ on DSKB: [11447,216605]
  Total of 38 pages in 4 files Checksum = RADCUC on DSKB: [1,173236]
  Total of 3659 pages in 180 files Checksum = HOGQIB on DSKB: [11334,57510]
  Total of 96 pages in 11 files Checksum = KAPMUK on DSKB: [16436,117735]
  Total of 73 pages in 9 files Checksum = LAVSOL on DSKB: [3,136773]
  Total of 34 pages in 11 files Checksum = VUBZAX on DSKB: [3,700240]
  Total of 81 pages in 16 files Checksum = SIVQIV on DSKB: [1,22155]
  Total of 14 pages in 7 files Checksum = TUGVUF on DSKB: [3,377755]
  Total of 801 pages in 48 files Checksum = QODLIB on DSKB: [3,704002]
  Total of 209 pages in 10 files Checksum = YACDAM on DSKB: [3,700303]
  Total of 2 pages in 1 file Checksum = CANDET on DSKB: [3,777776]
  Total of 119702 pages in 121 files Checksum = POFPOF on DSKB: [3,777006]
  Total of 168 pages in 35 files Checksum = VUDGUN on DSKB: [50527,402041]
  Total of 154 pages in 29 files Checksum = YUCBEB on DSKB: [3,704011]
  Total of 3993 pages in 131 files Checksum = SOFMAL on DSKB: [3,365076]
  Total of 168 pages in 33 files Checksum = BUVBAR on DSKB: [3,700402]
  Total of 674 pages in 95 files Checksum = LIGVEB on DSKB: [3,351272]
  Total of 272 pages in 20 files Checksum = BASMUN on DSKB: [3,6]
  Total of 475 pages in 39 files Checksum = CAWZOZ on DSKB: [3,705001]
  Total of 1210 pages in 96 files Checksum = VIKYEH on DSKB: [11346,124422]
  Total of 461 pages in 7 files Checksum = BOQQUM on DSKB: [3,700600]
  Total of 686 pages in 26 files Checksum = NOGSOQ on DSKB: [11346,217757]
  Total of 74 pages in 27 files Checksum = BAPXUF on DSKB: [3,700141]
  Total of 1048 pages in 58 files Checksum = SICLEN on DSKB: [11334,34774]
  Total of 889 pages in 127 files Checksum = PAHPUG on DSKB: [1,36]
  Total of 487 pages in 9 files Checksum = XEWCEZ on DSKB: [4,125552]
  Total of 108 pages in 50 files Checksum = SEZDUD on DSKB: [1,2]
  Total of 266 pages in 60 files Checksum = PODVOQ on DSKB: [3,212144]
  Total of 1782 pages in 71 files Checksum = CIZCIW on DSKB: [3,234372]
  Total of 4 pages in 2 files Checksum = VALXAX on DSKB: [3,242733]
  Total of 544 pages in 45 files Checksum = PIKRAL on DSKB: [11447,256260]
  Total of 261 pages in 22 files Checksum = COWFOF on DSKB: [1,305267]
  Total of 2224 pages in 251 files Checksum = SULFIX on DSKB: [3,324525]
  Total of 10 pages in 5 files Checksum = BELGON on DSKB: [11447,216516]
  Total of 592 pages in 71 files Checksum = FEPXOY on DSKB: [26007,244321]
  Total of 29652 pages in 1067 files Checksum = NECNIB on DSKB: [3,352477]
  Total of 28 pages in 1 file Checksum = NUSWOL on DSKB: [3,367714]
  Total of 240 pages in 68 files Checksum = FUJQOF on DSKB: [3,6366]
  Total of 191 pages in 40 files Checksum = MESRAC on DSKB: [14717,216522]
  Total of 54 pages in 10 files Checksum = QASJIC on DSKB: [3,377765]
  Total of 281 pages in 41 files Checksum = NOMVIY on DSKB: [35676,376630]
  Total of 269 pages in 50 files Checksum = ZAVTEM on DSKB: [3,700241]
  Total of 6 pages in 3 files Checksum = TACSUF on DSKB: [3,251616]
  Total of 31 pages in 8 files Checksum = JIJDIQ on DSKB: [3,777700]
  Total of 2 pages in 1 file Checksum = VAHQIS on DSKB: [14717,30107]
  Total of 96 pages in 31 files Checksum = QAXHOZ on DSKB: [3,700070]
  Total of 627 pages in 54 files Checksum = SURVIP on DSKB: [3,704003]
  Total of 1690 pages in 118 files Checksum = DOHWIV on DSKB: [3,330611]
  Total of 16 pages in 6 files Checksum = XANCIN on DSKB: [3,777777]
  Total of 2 pages in 1 file Checksum = BADYOV on DSKB: [1,235767]
  Total of 64 pages in 10 files Checksum = YUYKIL on DSKB: [50527,402042]
  Total of 2 pages in 1 file Checksum = LOHQEK on DSKB: [11,10]
  Total of 632 pages in 4 files Checksum = FICGIN on DSKB: [3,700124]
  Total of 4 pages in 2 files Checksum = JOTJEX on DSKB: [3,704012]
  Total of 2063 pages in 324 files Checksum = SEPTEZ on DSKB: [3,416154]
  Total of 2 pages in 1 file Checksum = XAPFUY on DSKB: [3,24177]
  Total of 2 pages in 1 file Checksum = HAVCUZ on DSKB: [11447,113414]
  Total of 239 pages in 17 files Checksum = VAXLOC on DSKB: [11334,241624]
  Total of 8916 pages in 27 files Checksum = COQWAS on DSKB: [3,140673]
  Total of 6 pages in 3 files Checksum = MUVROV on DSKB: [3,346701]
  Total of 52 pages in 16 files Checksum = RUWBIT on DSKB: [1,214216]
  Total of 222 pages in 20 files Checksum = DIPFEB on DSKB: [26132,240031]
  Total of 109 pages in 24 files Checksum = FEJKUL on DSKB: [3,700000]
  Total of 534 pages in 88 files Checksum = MACXAK on DSKB: [3,700403]
  Total of 276 pages in 20 files Checksum = SIXBEF on DSKB: [3,700340]
  Total of 25 pages in 9 files Checksum = FUQNEF on DSKB: [3,700142]
  Total of 74 pages in 14 files Checksum = FAPNOM on DSKB: [3,343301]
  Total of 7 pages in 4 files Checksum = DAPXIP on DSKB: [3,377477]
  Total of 230 pages in 8 files Checksum = DIVLOT on DSKB: [4,35174]
  Total of 19 pages in 1 file Checksum = GIKGUM on DSKB: [11334,667]
  Total of 903 pages in 38 files Checksum = DUBBEK on DSKB: [3,777007]
  Total of 226 pages in 51 files Checksum = QATWEW on DSKB: [1,21]
  Total of 225 pages in 20 files Checksum = TERKEL on DSKB: [1,3]
  Total of 1628 pages in 256 files Checksum = POTXOJ on DSKB: [3,123054]
  Total of 551 pages in 24 files Checksum = NIPVOD on DSKB: [1,150344]
  Total of 11 pages in 1 file Checksum = NEJGOS on DSKB: [7,136224]
  Total of 407 pages in 8 files Checksum = MIGYED on DSKB: [3,140674]
  Total of 1887 pages in 92 files Checksum = MUYKOB on DSKB: [6,237]
  Total of 1816 pages in 367 files Checksum = VEYYUX on DSKB: [3,212145]
%DRTLKE Non-existent file    ()[B?Q.TMP
%DRTLKE Non-existent file    0F__1Q.TMP
  Total of 15509 pages in 1202 files Checksum = YIQJAT and 2 LOOKUP errors on DSKB: [3,42754]
  Total of 11 pages in 1 file Checksum = DADYOX on DSKB: [1,257377]
  Total of 193 pages in 9 files Checksum = SOKRIV on DSKB: [11447,260007]
  Total of 39 pages in 5 files Checksum = SUCPER on DSKB: [11334,316647]
  Total of 4 pages in 2 files Checksum = BAYMUV on DSKB: [3,326740]
  Total of 366 pages in 13 files Checksum = DOKCEL on DSKB: [3,100]
  Total of 6862 pages in 1175 files Checksum = ZATPOB on DSKB: [11334,50017]
  Total of 2 pages in 1 file Checksum = HISYIM on DSKB: [11334,54407]
  Total of 2844 pages in 70 files Checksum = CADFUT on DSKB: [3,377766]
  Total of 2 pages in 1 file Checksum = GULDUN on DSKB: [3,700100]
  Total of 227 pages in 31 files Checksum = BIDYEN on DSKB: [3,700001]
  Total of 137 pages in 25 files Checksum = FODHAZ on DSKB: [3,700242]
  Total of 44 pages in 12 files Checksum = SAGKEV on DSKB: [3,377757]
  Total of 3 pages in 1 file Checksum = HEBCAD on DSKB: [3,777001]
  Total of 20 pages in 7 files Checksum = JANGIW on DSKB: [3,777701]
  Total of 1 page in 1 file Checksum = VAVVAV on DSKB: [3,704004]
  Total of 1025 pages in 98 files Checksum = QESKAR on DSKB: [3,700071]
  Total of 809 pages in 26 files Checksum = JIWNOF on DSKB: [3,167357]
  Total of 2 pages in 1 file Checksum = DIGJEB on DSKB: [3,163651]
  Total of 4 pages in 2 files Checksum = WUXFAQ on DSKB: [3,700701]
  Total of 102 pages in 14 files Checksum = JUTKOD on DSKB: [11334,431676]
  Total of 14 pages in 7 files Checksum = FEVYAQ on DSKB: [11447,113415]
  Total of 18 pages in 8 files Checksum = QOKNAG on DSKB: [47505,251217]
  Total of 1451 pages in 76 files Checksum = VATGIY on DSKB: [3,704103]
  Total of 1294 pages in 83 files Checksum = XEWJAH on DSKB: [3,776655]
  Total of 111 pages in 22 files Checksum = NELRIF on DSKB: [3,123450]
  Total of 394 pages in 44 files Checksum = JEMWIP on DSKB: [3,700404]
  Total of 538 pages in 109 files Checksum = YUTXOX on DSKB: [3,700143]
  Total of 9 pages in 1 file Checksum = LISHUC on DSKB: [11447,220740]
  Total of 130 pages in 5 files Checksum = GUHMUT on DSKB: [1,355614]
  Total of 2 pages in 1 file Checksum = GEXSIS on DSKB: [3,346702]
  Total of 14 pages in 7 files Checksum = DOLTOC on DSKB: [11447,736042]
  Total of 1128 pages in 87 files Checksum = WOYHAB on DSKB: [3,700305]
  Total of 4018 pages in 214 files Checksum = JISHEG on DSKB: [3,326310]
  Total of 29339 pages in 989 files Checksum = ZUYMOT on DSKB: [1,4]
  Total of 56 pages in 15 files Checksum = JIXXIW on DSKB: [3,117]
  Total of 860 pages in 93 files Checksum = REXTUV on DSKB: [3,152602]
  Total of 203 pages in 34 files Checksum = VAMPEM on DSKB: [11447,143726]
  Total of 4 pages in 2 files Checksum = BAWREW on DSKB: [3,212137]
  Total of 6324 pages in 368 files Checksum = XIPGET on DSKB: [3,230623]
  Total of 30 pages in 7 files Checksum = BODDUM on DSKB: [3,235436]
  Total of 4 pages in 2 files Checksum = BOGKUM on DSKB: [3,253600]
  Total of 4 pages in 2 files Checksum = YUKTON on DSKB: [11447,254651]
  Total of 2796 pages in 248 files Checksum = HUDBAP on DSKB: [3,377411]
  Total of 27 pages in 9 files Checksum = CENQAM on DSKB: [3,377767]
  Total of 2 pages in 1 file Checksum = NESWED on DSKB: [3,700101]
  Total of 416 pages in 60 files Checksum = GEHDOR on DSKB: [3,700243]
  Total of 338 pages in 25 files Checksum = GUMDIZ on DSKB: [3,771001]
  Total of 17 pages in 3 files Checksum = YISNUH on DSKB: [3,377760]
  Total of 12 pages in 6 files Checksum = PUHKUD on DSKB: [3,777702]
  Total of 2 pages in 1 file Checksum = FADSEN on DSKB: [3,777002]
  Total of 3300 pages in 131 files Checksum = KOQYEV on DSKB: [3,704005]
  Total of 7985 pages in 649 files Checksum = TOKNOZ on DSKB: [3,431116]
  Total of 78 pages in 28 files Checksum = FOJXAN on DSKB: [3,700702]
  Total of 35 pages in 2 files Checksum = CEKNER on DSKB: [11447,113407]
  Total of 64 pages in 10 files Checksum = COXNUQ on DSKB: [3,700200]
  Total of 1485 pages in 72 files Checksum = HAJTIH on DSKB: [3,700072]
  Total of 158 pages in 38 files Checksum = HUTFUH on DSKB: [3,700144]
  Total of 572 pages in 49 files Checksum = JADBIY on DSKB: [3,700020]
  Total of 7 pages in 3 files Checksum = TACTAC on DSKB: [11334,50020]
  Total of 2 pages in 1 file Checksum = BUMCAG on DSKB: [5,132546]
  Total of 1987 pages in 297 files Checksum = HEVCAM on DSKB: [3,410765]
  Total of 2 pages in 1 file Checksum = KOMFOR on DSKB: [3,175764]
  Total of 897 pages in 249 files Checksum = PUVGUY on DSKB: [3,777011]
  Total of 4 pages in 1 file Checksum = CEGRAR on DSKB: [3,16622]
  Total of 148 pages in 32 files Checksum = RUWZOC on DSKB: [6,214]
  Total of 9 pages in 1 file Checksum = SIJLAB on DSKB: [7,146117]
  Total of 4 pages in 2 files Checksum = YOSSAB on DSKB: [3,212140]
  Total of 7193 pages in 759 files Checksum = FEMZIZ on DSKB: [3,213211]
  Total of 96 pages in 12 files Checksum = NUKZUG on DSKB: [3,213567]
  Total of 2 pages in 1 file Checksum = CUQMAF on DSKB: [3,231227]
  Total of 1399 pages in 170 filecksum = FEGSIH on DSKB: [3,234620]
  Total of 673 pages in 49 files Checksum = ROZJEM on DSKB: [1,215254]
  Total of 1138 pages in 217 files Checksum = FUFRAL on DSKB: [3,275244]
  Total of 984 pages in 102 files Checksum = DEWSES on DSKB: [3,232154]
  Total of 2075 pages in 126 files Checksum = MUYREN on DSKB: [11,357210]
  Total of 2 pages in 1 file Checksum = VEQRER on DSKB: [3,230624]
  Total of 1346 pages in 133 files Checksum = NADQUB on DSKB: [3,377412]
  Total of 157 pages in 11 files Checksum = BOZDIX on DSKB: [3,35556]
  Total of 550 pages in 39 files Checksum = ROZREK on DSKB: [3,270100]
  Total of 18 pages in 1 file Checksum = JOGMOK on DSKB: [1,364312]
  Total of 3386 pages in 504 files Checksum = QEPBUP on DSKB: [11334,50021]
  Total of 183 pages in 15 files Checksum = NATQIB on DSKB: [16436,152445]
  Total of 294 pages in 45 files Checksum = BUSYOV on DSKB: [3,377777]
  Total of 123 pages in 18 files Checksum = MEQGUM on DSKB: [3,377770]
  Total of 136 pages in 31 files Checksum = VODGEK on DSKB: [3,700300]
  Total of 433 pages in 71 files Checksum = QIHCUR on DSKB: [3,700201]
  Total of 453 pages in 19 files Checksum = VENFUF on DSKB: [3,700210]
  Total of 100 pages in 11 files Checksum = CODSIW on DSKB: [3,377761]
  Total of 70 pages in 9 files Checksum = ZOTXEM on DSKB: [3,771002]
  Total of 16 pages in 8 files Checksum = ZEWNIR on DSKB: [3,346551]
  Total of 375 pages in 21 files Checksum = LIJKIT on DSKB: [14717,34160]
  Total of 4 pages in 2 files Checksum = LISVUP on DSKB: [3,777703]
  Total of 339 pages in 18 files Checksum = DOCJEZ on DSKB: [3,777003]
  Total of 301 pages in 4 files Checksum = MANZIF on DSKB: [11011,264245]
  Total of 164 pages in 27 files Checksum = SOHNUK on DSKB: [3,700244]
  Total of 2 pages in 1 file Checksum = GAWZEC on DSKB: [14717,357427]
  Total of 572 pages in 47 files Checksum = HALJAH on DSKB: [3,700120]
  Total of 105 pages in 23 files Checksum = DAXFEG on DSKB: [11334,473100]
  Total of 296 pages in 4 files Checksum = FAGXEJ on DSKB: [3,250244]
  Total of 48 pages in 16 files Checksum = FULRIR on DSKB: [1,25104]
  Total of 25 pages in 1 file Checksum = JULHOB on DSKB: [11334,230737]
  Total of 325 pages in 37 files Checksum = WETBOF on DSKB: [3,704006]
  Total of 18 pages in 9 files Checksum = ZUSDEC on DSKB: [3,147525]
  Total of 65 pages in 4 files Checksum = TUPHEN on DSKB: [7,6]
  Total of 2 pages in 1 file Checksum = RAFVUM on DSKB: [14717,27766]
  Total of 29 pages in 2 files Checksum = XUNZEJ on DSKB: [16316,252100]
  Total of 585 pages in 74 files Checksum = SEZGOK on DSKB: [3,16154]
  Total of 3759 pages in 116 files Checksum = GAYJOS on DSKB: [3,700703]
  Total of 2 pages in 1 file Checksum = YAMRAW on DSKB: [11011,224314]
  Total of 3747 pages in 150 files Checksum = PEWXIR on DSKB: [3,365575]
  Total of 4 pages in 2 files Checksum = ZIMYIJ on DSKB: [3,254616]
  Total of 5256 pages in 192 files Checksum = KIDFIN on DSKB: [3,232631]
  Total of 3592 pages in 140 files Checksum = RODXOL on DSKB: [3,777012]
  Grand total of 399804 pages in 20500 files Checksum = WAPPUX and 2 LOOKUP errors
*[*,*]/CHECKSUM/SUMMARY
  Total of 330 pages in 54 files Checksum = ZASNOL on DSKB: [3,700202]
  Total of 2955 pages in 116 files Checksum = JODCUK on DSKB: [3,700004]
  Total of 2 pages in 1 file Checksum = NUVXIX on DSKB: [3,700220]
  Total of 838 pages in 121 files Checksum = JELYOL on DSKB: [1,75305]
  Total of 3451 pages in 192 files Checksum = FIYBOG on DSKB: [3,163564]
  Total of 63 pages in 4 files Checksum = LUPVIZ on DSKB: [11334,354155]
  Total of 3611 pages in 228 files Checksum = MEZNES on DSKB: [3,156346]
  Total of 2354 pages in 135 files Checksum = ZERTUC on DSKB: [1,77445]
  Total of 16 pages in 4 files Checksum = VEDMAV on DSKB: [3,777704]
  Total of 14 pages in 7 files Checksum = VAZZIC on DSKB: [3,777004]
  Total of 54 pages in 13 files Checksum = SETWAK on DSKB: [2,5]
  Total of 2 pages in 1 file Checksum = RICKUS on DSKB: [3,704007]
  Total of 806 pages in 61 files Checksum = YAHSOH on DSKB: [3,700121]
  Total of 227 pages in 35 files Checksum = QORRAF on DSKB: [3,704000]
  Total of 383 pages in 101 files Checksum = JOFCAX on DSKB: [3,145107]
  Total of 1186 pages in 39 files Checksum = ZERBIQ on DSKB: [3,234002]
  Total of 740 pages in 158 files Checksum = PEZTUN on DSKB: [3,252045]
  Total of 14 pages in 6 files Checksum = NARGOY on DSKB: [1,154217]
  Total of 195 pages in 36 files Checksum = DAWWOC on DSKB: [1,133677]
  Total of 181 pages in 15 files Checksum = HULFIZ on DSKB: [1,42313]
  Total of 571 pages in 26 files Checksum = DENFOV on DSKB: [21477,175251]
  Total of 34 pages in 10 files Checksum = TEDYIG on DSKB: [11447,125460]
  Total of 3 pages in 1 file Checksum = YACXOV on DSKB: [1,320663]
  Total of 2 pages in 1 file Checksum = LIJHUZ on DSKB: [3,214400]
  Total of 873 pages in 293 files Checksum = NOPGEF on DSKB: [11020,136151]
  Total of 699 pages in 25 files Checksum = PADNOP on DSKB: [3,160031]
  Total of 479 pages in 100 files Checksum = SOQKES on DSKB: [1,25105]
  Total of 148 pages in 22 files Checksum = LOWGOR on DSKB: [21477,263665]
  Total of 24 pages in 12 files Checksum = WOQSAB on DSKB: [4,134612]
  Total of 467 pages in 57 files Checksum = MIYQAG on DSKB: [3,746701]
  Total of 355 pages in 37 files Checksum = RAZSIQ on DSKB: [3,700400]
  Total of 78 pages in 12 files Checksum = ZUNCOM on DSKB: [3,700301]
  Total of 147 pages in 25 files Checksum = VILDEW on DSKB: [3,700040]
  Total of 286 pages in 30 files Checksum = MOCTOQ on DSKB: [11447,236070]
  Total of 4 pages in 1 file Checksum = COMCIS on DSKB: [22013,231331]
  Total of 12 pages in 5 files Checksum = KAHTEB on DSKB: [3,377771]
  Total of 12 pages in 6 files Checksum = SUHFOQ on DSKB: [3,700477]
  Total of 308 pages in 36 files Checksum = FEGVIQ on DSKB: [3,306414]
  Total of 2 pages in 1 file Checksum = XAJPIS on DSKB: [11020,445774]
  Total of 22 pages in 7 files Checksum = YODMEL on DSKB: [7676,354704]
  Total of 510 pages in 16 files Checksum = NEDVIF on DSKB: [21477,550560]
  Total of 3876 pages in 279 files Checksum = QIGRAK on DSKB: [1,170741]
  Total of 4 pages in 2 files Checksum = BOMHAB on DSKB: [3,212141]
  Total of 610 pages in 32 files Checksum = PIFZOZ on DSKB: [3,317016]
  Total of 317 pages in 12 files Checksum = DOYQEN on DSKB: [3,777013]
  Total of 173 pages in 35 files Checksum = JIBROV on DSKB: [11020,601566]
  Total of 3 pages in 2 files Checksum = DOBDUC on DSKB: [77,770077]
  Total of 201 pages in 7 files Checksum = VENRES on DSKB: [1,44355]
  Total of 1713 pages in 32 files Checksum = YAYYEZ on DSKB: [11447,133410]
  Total of 5226 pages in 315 files Checksum = WUBHEN on DSKB: [11,562]
  Total of 1765 pages in 349 files Checksum = WABXEH on DSKB: [3,167354]
  Total of 683 pages in 26 files Checksum = RULDAF on DSKB: [11447,216613]
  Total of 148 pages in 12 files Checksum = SIHLES on DSKB: [3,212142]
  Total of 85 pages in 5 files Checksum = DINMEM on DSKB: [1,77340]
  Total of 185 pages in 12 files Checksum = TIGLUW on DSKB: [26132,240027]
  Total of 112 pages in 8 files Checksum = BOTBUR on DSKB: [1,260123]
  Total of 34 pages in 5 files Checksum = RUXRAH on DSKB: [11447,260004]
  Total of 2 pages in 1 file Checksum = KICRAC on DSKB: [11447,254654]
  Total of 1758 pages in 99 files Checksum = WEXHOS on DSKB: [1,315372]
  Total of 179 pages in 35 files Checksum = YIMQOX on DSKB: [1,142734]
  Total of 20 pages in 4 files Checksum = WIXSIG on DSKB: [25400,234270]
  Total of 2 pages in 1 file Checksum = DEDLOH on DSKB: [3,50527]
  Total of 897 pages in 87 files Checksum = TICWIZ on DSKB: [11334,50023]
  Total of 302 pages in 9 files Checksum = VAGZID on DSKB: [11447,225012]
  Total of 32 pages in 1 file Checksum = LAWHIP on DSKB: [11447,74305]
  Total of 88 pages in 13 files Checksum = ROWWUH on DSKB: [3,377772]
  Total of 1737 pages in 111 files Checksum = PALGOT on DSKB: [3,112233]
  Total of 2 pages in 1 file Checksum = SONTOW on DSKB: [43511,304627]
  Total of 396 pages in 23 files Checksum = POZCOB on DSKB: [3,700302]
  Total of 68 pages in 5 files Checksum = TAWWIS on DSKB: [1,101723]
  Total of 815 pages in 65 files Checksum = DOXLAN on DSKB: [3,377763]
  Total of 13 pages in 5 files Checksum = VOQLUW on DSKB: [3,377754]
  Total of 2 pages in 1 file Checksum = XAJPIS on DSKB: [3,777005]
  Total of 6949 pages in 158 files Checksum = CUPCOP on DSKB: [6,270]
  Total of 626 pages in 28 files Checksum = MORPIN on DSKB: [3,700050]
  Total of 1139 pages in 179 files Checksum = YEFFAF on DSKB: [3,700140]
  Total of 389 pages in 95 files Checksum = HASJIK on DSKB: [3,300745]
  Total of 162 pages in 22 files Checksum = KOCZIW on DSKB: [3,704001]
  Total of 14 pages in 7 files Checksum = KEQZUG on DSKB: [3,704010]
  Total of 7 pages in 4 files Checksum = PITDUD on DSKB: [3,10765]
  Total of 1358 pages in 619 files Checksum = ZIVYUP on DSKB: [3,31116]
  Total of 15 pages in 2 files Checksum = RAKYIJ on DSKB: [11447,142660]
  Total of 488 pages in 23 files Checksum = QIDCUZ on DSKB: [11447,225424]
  Total of 50 pages in 10 files Checksum = YIJSOF on DSKB: [3,633]
  Total of 35 pages in 10 files Checksum = VABBOM on DSKB: [11447,157776]
  Total of 78 pages in 14 files Checksum = LIFSAC on DSKB: [3,700401]
  Total of 37 pages in 4 files Checksum = JOXWOY on DSKB: [3,274033]
  Total of 10 pages in 2 files Checksum = XINFAK on DSKB: [42133,136373]
  Total of 5446 pages in 60 files Checksum = DIFKUM on DSKB: [1,777777]
  Total of 2 pages in 1 file Checksum = NIHDIX on DSKB: [3,112726]
  Total of 4 pages in 2 files Checksum = VAZMEL on DSKB: [3,327106]
  Total of 224 pages in 16 files Checksum = WONFOQ on DSKB: [3,777014]
  Total of 3 pages in 2 files Checksum = DOBDUC on DSKB: [77,770001]
  Total of 7 pages in 3 files Checksum = ZEKGAQ on DSKB: [14717,441160]
  Total of 2737 pages in 334 files Checksum = SIKYUZ on DSKB: [1,1]
  Total of 385 pages in 35 files Checksum = VOVHUY on DSKB: [11447,142661]
  Total of 31 pages in 4 files Checksum = MADHUK on DSKB: [1,611]
  Total of 60 pages in 3 files Checksum = WIQZAQ on DSKB: [3,211135]
  Total of 2 pages in 1 file Checksum = SILQEQ on DSKB: [3,212143]
  Total of 2658 pages in 155 files Checksum = DOPDUV on DSKB: [3,222635]
  Total of 1665 pages in 288 files Checksum = JAJNOT on DSKB: [3,225443]
  Total of 675 pages in 49 files Checksum = JOTYEY on DSKB: [11447,121324]
  Total of 166 pages in 11 files Checksum = FEWFAJ on DSKB: [1,221541]
  Total of 4 pages in 2 files Checksum = TILBAQ on DSKB: [11447,216605]
  Total of 38 pages in 4 files Checksum = RADCUC on DSKB: [1,173236]
  Total of 3659 pages in 180 files Checksum = HOGQIB on DSKB: [11334,57510]
  Total of 96 pages in 11 files Checksum = KAPMUK on DSKB: [16436,117735]
  Total of 73 pages in 9 files Checksum = LAVSOL on DSKB: [3,136773]
  Total of 34 pages in 11 files Checksum = VUBZAX on DSKB: [3,700240]
  Total of 81 pages in 16 files Checksum = SIVQIV on DSKB: [1,22155]
  Total of 14 pages in 7 files Checksum = TUGVUF on DSKB: [3,377755]
  Total of 801 pages in 48 files Checksum = QODLIB on DSKB: [3,704002]
  Total of 209 pages in 10 files Checksum = YACDAM on DSKB: [3,700303]
  Total of 2 pages in 1 file Checksum = CANDET on DSKB: [3,777776]
  Total of 119702 pages in 121 files Checksum = POFPOF on DSKB: [3,777006]
  Total of 168 pages in 35 files Checksum = VUDGUN on DSKB: [50527,402041]
  Total of 154 pages in 29 files Checksum = YUCBEB on DSKB: [3,704011]
  Total of 3993 pages in 131 files Checksum = SOFMAL on DSKB: [3,365076]
  Total of 168 pages in 33 files Checksum = BUVBAR on DSKB: [3,700402]
  Total of 674 pages in 95 files Checksum = LIGVEB on DSKB: [3,351272]
  Total of 272 pages in 20 files Checksum = BASMUN on DSKB: [3,6]
  Total of 475 pages in 39 files Checksum = CAWZOZ on DSKB: [3,705001]
  Total of 1210 pages in 96 files Checksum = VIKYEH on DSKB: [11346,124422]
  Total of 461 pages in 7 files Checksum = BOQQUM on DSKB: [3,700600]
  Total of 686 pages in 26 files Checksum = NOGSOQ on DSKB: [11346,217757]
  Total of 74 pages in 27 files Checksum = BAPXUF on DSKB: [3,700141]
  Total of 1048 pages in 58 files Checksum = SICLEN on DSKB: [11334,34774]
  Total of 889 pages in 127 files Checksum = PAHPUG on DSKB: [1,36]
  Total of 487 pages in 9 files Checksum = XEWCEZ on DSKB: [4,125552]
  Total of 108 pages in 50 files Checksum = SODGAZ on DSKB: [1,2]
  Total of 266 pages in 60 files Checksum = PODVOQ on DSKB: [3,212144]
  Total of 1782 pages in 71 files Checksum = CIZCIW on DSKB: [3,234372]
  Total of 4 pages in 2 files Checksum = VALXAX on DSKB: [3,242733]
  Total of 544 pages in 45 files Checksum = PIKRAL on DSKB: [11447,256260]
  Total of 261 pages in 22 files Checksum = COWFOF on DSKB: [1,305267]
  Total of 2224 pages in 251 files Checksum = SULFIX on DSKB: [3,324525]
  Total of 10 pages in 5 files Checksum = BELGON on DSKB: [11447,216516]
  Total of 592 pages in 71 files Checksum = FEPXOY on DSKB: [26007,244321]
  Total of 29652 pages in 1067 files Checksum = NECNIB on DSKB: [3,352477]
  Total of 28 pages in 1 file Checksum = NUSWOL on DSKB: [3,367714]
  Total of 240 pages in 68 files Checksum = FUJQOF on DSKB: [3,6366]
  Total of 191 pages in 40 files Checksum = MESRAC on DSKB: [14717,216522]
  Total of 54 pages in 10 files Checksum = QASJIC on DSKB: [3,377765]
  Total of 281 pages in 41 files Checksum = NOMVIY on DSKB: [35676,376630]
  Total of 269 pages in 50 files Checksum = ZAVTEM on DSKB: [3,700241]
  Total of 6 pages in 3 files Checksum = TACSUF on DSKB: [3,251616]
  Total of 31 pages in 8 files Checksum = JIJDIQ on DSKB: [3,777700]
  Total of 2 pages in 1 file Checksum = VAHQIS on DSKB: [14717,30107]
  Total of 96 pages in 31 files Checksum = QAXHOZ on DSKB: [3,700070]
  Total of 627 pages in 54 files Checksum = SURVIP on DSKB: [3,704003]
  Total of 1690 pages in 118 files Checksum = DOHWIV on DSKB: [3,330611]
  Total of 16 pages in 6 files Checksum = XANCIN on DSKB: [3,777777]
  Total of 2 pages in 1 file Checksum = BADYOV on DSKB: [1,235767]
  Total of 64 pages in 10 files Checksum = YUYKIL on DSKB: [50527,402042]
  Total of 2 pages in 1 file Checksum = LOHQEK on DSKB: [11,10]
  Total of 632 pages in 4 files Checksum = FICGIN on DSKB: [3,700124]
  Total of 4 pages in 2 files Checksum = JOTJEX on DSKB: [3,704012]
  Total of 2063 pages in 324 files Checksum = TIFJUG on DSKB: [3,416154]
  Total of 2 pages in 1 file Checksum = XAPFUY on DSKB: [3,24177]
  Total of 2 pages in 1 file Checksum = HAVCUZ on DSKB: [11447,113414]
  Total of 239 pages in 17 files Checksum = VAXLOC on DSKB: [11334,241624]
  Total of 8916 pages in 27 files Checksum = COQWAS on DSKB: [3,140673]
  Total of 6 pages in 3 files Checksum = MUVROV on DSKB: [3,346701]
  Total of 52 pages in 16 files Checksum = RUWBIT on DSKB: [1,214216]
  Total of 222 pages in 20 files Checksum = DIPFEB on DSKB: [26132,240031]
  Total of 109 pages in 24 files Checksum = FEJKUL on DSKB: [3,700000]
  Total of 534 pages in 88 files Checksum = MACXAK on DSKB: [3,700403]
  Total of 276 pages in 20 files Checksum = SIXBEF on DSKB: [3,700340]
  Total of 25 pages in 9 files Checksum = FUQNEF on DSKB: [3,700142]
  Total of 74 pages in 14 files Checksum = FAPNOM on DSKB: [3,343301]
  Total of 7 pages in 4 files Checksum = DAPXIP on DSKB: [3,377477]
  Total of 230 pages in 8 files Checksum = DIVLOT on DSKB: [4,35174]
  Total of 19 pages in 1 file Checksum = GIKGUM on DSKB: [11334,667]
  Total of 903 pages in 38 files Checksum = DUBBEK on DSKB: [3,777007]
  Total of 226 pages in 51 files Checksum = QATWEW on DSKB: [1,21]
  Total of 225 pages in 20 files Checksum = TERKEL on DSKB: [1,3]
  Total of 1628 pages in 256 files Checksum = POTXOJ on DSKB: [3,123054]
  Total of 551 pages in 24 files Checksum = NIPVOD on DSKB: [1,150344]
  Total of 11 pages in 1 file Checksum = NEJGOS on DSKB: [7,136224]
  Total of 407 pages in 8 files Checksum = MIGYED on DSKB: [3,140674]
  Total of 1887 pages in 92 files Checksum = MUYKOB on DSKB: [6,237]
  Total of 1816 pages in 367 files Checksum = VEYYUX on DSKB: [3,212145]
  Total of 15510 pages in 1202 files Checksum = JUCJIW on DSKB: [3,42754]
  Total of 11 pages in 1 file Checksum = DADYOX on DSKB: [1,257377]
  Total of 193 pages in 9 files Checksum = SOKRIV on DSKB: [11447,260007]
  Total of 39 pages in 5 files Checksum = SUCPER on DSKB: [11334,316647]
  Total of 4 pages in 2 files Checksum = BAYMUV on DSKB: [3,326740]
  Total of 366 pages in 13 files Checksum = DOKCEL on DSKB: [3,100]
  Total of 6862 pages in 1175 files Checksum = ZATPOB on DSKB: [11334,50017]
  Total of 2 pages in 1 file Checksum = HISYIM on DSKB: [11334,54407]
  Total of 2844 pages in 70 files Checksum = CADFUT on DSKB: [3,377766]
  Total of 2 pages in 1 file Checksum = GULDUN on DSKB: [3,700100]
  Total of 227 pages in 31 files Checksum = BIDYEN on DSKB: [3,700001]
  Total of 137 pages in 25 files Checksum = FODHAZ on DSKB: [3,700242]
  Total of 44 pages in 12 files Checksum = SAGKEV on DSKB: [3,377757]
  Total of 3 pages in 1 file Checksum = HEBCAD on DSKB: [3,777001]
  Total of 20 pages in 7 files Checksum = JANGIW on DSKB: [3,777701]
  Total of 1 page in 1 file Checksum = VAVVAV on DSKB: [3,704004]
  Total of 1025 pages in 98 files Checksum = QESKAR on DSKB: [3,700071]
  Total of 809 pages in 26 files Checksum = JIWNOF on DSKB: [3,167357]
  Total of 2 pages in 1 file Checksum = DIGJEB on DSKB: [3,163651]
  Total of 4 pages in 2 files Checksum = WUXFAQ on DSKB: [3,700701]
  Total of 102 pages in 14 files Checksum = JUTKOD on DSKB: [11334,431676]
  Total of 14 pages in 7 files Checksum = FEVYAQ on DSKB: [11447,113415]
  Total of 18 pages in 8 files Checksum = QOKNAG on DSKB: [47505,251217]
  Total of 1451 pages in 76 files Checksum = VATGIY on DSKB: [3,704103]
  Total of 1294 pages in 83 files Checksum = XEWJAH on DSKB: [3,776655]
  Total of 111 pages in 22 files Checksum = NELRIF on DSKB: [3,123450]
  Total of 394 pages in 44 files Checksum = JEMWIP on DSKB: [3,700404]
  Total of 538 pages in 109 files Checksum = YUTXOX on DSKB: [3,700143]
  Total of 9 pages in 1 file Checksum = LISHUC on DSKB: [11447,220740]
  Total of 130 pages in 5 files Checksum = GUHMUT on DSKB: [1,355614]
  Total of 2 pages in 1 file Checksum = GEXSIS on DSKB: [3,346702]
  Total of 14 pages in 7 files Checksum = DOLTOC on DSKB: [11447,736042]
  Total of 1128 pages in 87 files Checksum = WOYHAB on DSKB: [3,700305]
  Total of 4018 pages in 214 files Checksum = JISHEG on DSKB: [3,326310]
  Total of 29345 pages in 989 files Checksum = LIMZER on DSKB: [1,4]
  Total of 56 pages in 15 files Checksum = JIXXIW on DSKB: [3,117]
  Total of 860 pages in 93 files Checksum = REXTUV on DSKB: [3,152602]
  Total of 203 pages in 34 files Checksum = VAMPEM on DSKB: [11447,143726]
  Total of 4 pages in 2 files Checksum = BAWREW on DSKB: [3,212137]
  Total of 6324 pages in 368 files Checksum = XIPGET on DSKB: [3,230623]
  Total of 30 pages in 7 files Checksum = BODDUM on DSKB: [3,235436]
  Total of 4 pages in 2 files Checksum = BOGKUM on DSKB: [3,253600]
  Total of 4 pages in 2 files Checksum = YUKTON on DSKB: [11447,254651]
  Total of 2796 pages in 248 files Checksum = HUDBAP on DSKB: [3,377411]
  Total of 27 pages in 9 files Checksum = CENQAM on DSKB: [3,377767]
  Total of 2 pages in 1 file Checksum = NESWED on DSKB: [3,700101]
  Total of 416 pages in 60 files Checksum = GEHDOR on DSKB: [3,700243]
  Total of 338 pages in 25 files Checksum = GUMDIZ on DSKB: [3,771001]
  Total of 17 pages in 3 files Checksum = YISNUH on DSKB: [3,377760]
  Total of 12 pages in 6 files Checksum = PUHKUD on DSKB: [3,777702]
  Total of 2 pages in 1 file Checksum = FADSEN on DSKB: [3,777002]
  Total of 3300 pages in 131 files Checksum = KOQYEV on DSKB: [3,704005]
  Total of 7993 pages in 649 files Checksum = BATLEZ on DSKB: [3,431116]
  Total of 78 pages in 28 files Checksum = FOJXAN on DSKB: [3,700702]
  Total of 35 pages in 2 files Checksum = CEKNER on DSKB: [11447,113407]
  Total of 64 pages in 10 files Checksum = COXNUQ on DSKB: [3,700200]
  Total of 1485 pages in 72 files Checksum = HAJTIH on DSKB: [3,700072]
  Total of 158 pages in 38 files Checksum = HUTFUH on DSKB: [3,700144]
  Total of 572 pages in 49 files Checksum = JADBIY on DSKB: [3,700020]
  Total of 7 pages in 3 files Checksum = TACTAC on DSKB: [11334,50020]
  Total of 2 pages in 1 file Checksum = BUMCAG on DSKB: [5,132546]
  Total of 1987 pages in 297 files Checksum = HEVCAM on DSKB: [3,410765]
  Total of 2 pages in 1 file Checksum = KOMFOR on DSKB: [3,175764]
  Total of 897 pages in 249 files Checksum = PUVGUY on DSKB: [3,777011]
  Total of 4 pages in 1 file Checksum = CEGRAR on DSKB: [3,16622]
  Total of 148 pages in 32 files Checksum = RUWZOC on DSKB: [6,214]
  Total of 9 pages in 1 file Checksum = SIJLAB on DSKB: [7,146117]
  Total of 4 pages in 2 files Checksum = YOSSAB on DSKB: [3,212140]
  Total of 7193 pages in 759 files Checksum = FEMZIZ on DSKB: [3,213211]
  Total of 96 pages in 12 files Checksum = NUKZUG on DSKB: [3,213567]
  Total of 2 pages in 1 file Checksum = CUQMAF on DSKB: [3,231227]
  Total of 1399 pages in 170 files Checksum = FEGSIH on DSKB: [3,234620]
  Total of 674 pages in 49 files Checksum = RUVKIQ on DSKB: [1,215254]
  Total of 1138 pages in 217 files Checksum = FUFRAL on DSKB: [3,275244]
  Total of 984 pages in 102 files Checksum = DEWSES on DSKB: [3,232154]
  Total of 2075 pages in 126 files Checksum = MUYREN on DSKB: [11,357210]
  Total of 2 pages in 1 file Checksum = VEQRER on DSKB: [3,230624]
  Total of 1346 pages in 133 files Checksum = NADQUB on DSKB: [3,377412]
  Total of 157 pages in 11 files Checksum = BOZDIX on DSKB: [3,35556]
  Total of 550 pages in 39 files Checksum = ROZREK on DSKB: [3,270100]
  Total of 18 pages in 1 file Checksum = JOGMOK on DSKB: [1,364312]
  Total of 3386 pages in 504 files Checksum = QEPBUP on DSKB: [11334,50021]
  Total of 183 pages in 15 files Checksum = NATQIB on DSKB: [16436,152445]
  Total of 294 pages in 45 files Checksum = BUSYOV on DSKB: [3,377777]
  Total of 123 pages in 18 files Checksum = MEQGUM on DSKB: [3,377770]
  Total of 136 pages in 31 files Checksum = VODGEK on DSKB: [3,700300]
  Total of 433 pages in 71 files Checksum = QIHCUR on DSKB: [3,700201]
  Total of 453 pages in 19 files Checksum = VENFUF on DSKB: [3,700210]
  Total of 100 pages in 11 files Checksum = CODSIW on DSKB: [3,377761]
  Total of 70 pages in 9 files Checksum = ZOTXEM on DSKB: [3,771002]
  Total of 16 pages in 8 files Checksum = ZEWNIR on DSKB: [3,346551]
  Total of 375 pages in 21 files Checksum = LIJKIT on DSKB: [14717,34160]
  Total of 4 pages in 2 files Checksum = LISVUP on DSKB: [3,777703]
  Total of 339 pages in 18 files Checksum = DOCJEZ on DSKB: [3,777003]
  Total of 301 pages in 4 files Checksum = MANZIF on DSKB: [11011,264245]
  Total of 164 pages in 27 files Checksum = SOHNUK on DSKB: [3,700244]
  Total of 2 pages in 1 file Checksum = GAWZEC on DSKB: [14717,357427]
  Total of 572 pages in 47 files Checksum = HALJAH on DSKB: [3,700120]
  Total of 105 pages in 23 files Checksum = DAXFEG on DSKB: [11334,473100]
  Total of 296 pages in 4 files Checksum = FAGXEJ on DSKB: [3,250244]
  Total of 48 pages in 16 files Checksum = FULRIR on DSKB: [1,25104]
  Total of 25 pages in 1 file Checksum = JULHOB on DSKB: [11334,230737]
  Total of 325 pages in 37 files Checksum = WETBOF on DSKB: [3,704006]
  Total of 18 pages in 9 files Checksum = ZUSDEC on DSKB: [3,147525]
  Total of 65 pages in 4 files Checksum = TUPHEN on DSKB: [7,6]
  Total of 2 pages in 1 file Checksum = RAFVUM on DSKB: [14717,27766]
  Total of 29 pages in 2 files Checksum = XUNZEJ on DSKB: [16316,252100]
  Total of 585 pages in 74 files Checksum = SEZGOK on DSKB: [3,16154]
  Total of 3759 pages in 116 files Checksum = GAYJOS on DSKB: [3,700703]
  Total of 2 pages in 1 file Checksum = YAMRAW on DSKB: [11011,224314]
  Total of 3747 pages in 150 files Checksum = PEWXIR on DSKB: [3,365575]
  Total of 4 pages in 2 files Checksum = ZIMYIJ on DSKB: [3,254616]
  Total of 5256 pages in 192 files Checksum = KIDFIN on DSKB: [3,232631]
  Total of 3592 pages in 140 files Checksum = RODXOL on DSKB: [3,777012]
  Grand total of 399864 pages in 20500 files Checksum = BELLEL
*[*,*]/CHECKSUM/SUMMARY
  Total of 330 pages in 54 files Checksum = ZASNOL on DSKB: [3,700202]
  Total of 2955 pages in 116 files Checksum = JODCUK on DSKB: [3,700004]
  Total of 2 pages in 1 file Checksum = NUVXIX on DSKB: [3,700220]
  Total of 838 pages in 121 files Checksum = JELYOL on DSKB: [1,75305]
  Total of 3451 pages in 192 files Checksum = FIYBOG on DSKB: [3,163564]
  Total of 63 pages in 4 files Checksum = LUPVIZ on DSKB: [11334,354155]
  Total of 3611 pages in 228 files Checksum = MEZNES on DSKB: [3,156346]
  Total of 2354 pages in 135 files Checksum = ZERTUC on DSKB: [1,77445]
  Total of 16 pages in 4 files Checksum = VEDMAV on DSKB: [3,777704]
  Total of 14 pages in 7 files Checksum = VAZZIC on DSKB: [3,777004]
  Total of 54 pages in 13 files Checksum = SETWAK on DSKB: [2,5]
  Total of 2 pages in 1 file Checksum = RICKUS on DSKB: [3,704007]
  Total of 806 pages in 61 files Checksum = YAHSOH on DSKB: [3,700121]
  Total of 227 pages in 35 files Checksum = QORRAF on DSKB: [3,704000]
  Total of 383 pages in 101 files Checksum = JOFCAX on DSKB: [3,145107]
  Total of 1186 pages in 39 files Checksum = ZERBIQ on DSKB: [3,234002]
  Total of 740 pages in 158 files Checksum = PEZTUN on DSKB: [3,252045]
  Total of 14 pages in 6 files Checksum = NARGOY on DSKB: [1,154217]
  Total of 195 pages in 36 files Checksum = NOQMEZ on DSKB: [1,133677]
  Total of 181 pages in 15 files Checksum = HULFIZ on DSKB: [1,42313]
  Total of 571 pages in 26 files Checksum = DENFOV on DSKB: [21477,175251]
  Total of 34 pages in 10 files Checksum = TEDYIG on DSKB: [11447,125460]
  Total of 3 pages in 1 file Checksum = YACXOV on DSKB: [1,320663]
  Total of 2 pages in 1 file Checksum = LIJHUZ on DSKB: [3,214400]
  Total of 873 pages in 293 files Checksum = NOPGEF on DSKB: [11020,136151]
  Total of 699 pages in 25 files Checksum = PADNOP on DSKB: [3,160031]
  Total of 479 pages in 100 files Checksum = SOQKES on DSKB: [1,25105]
  Total of 148 pages in 22 files Checksum = LOWGOR on DSKB: [21477,263665]
  Total of 24 pages in 12 files Checksum = WOQSAB on DSKB: [4,134612]
  Total of 467 pages in 57 files Checksum = MIYQAG on DSKB: [3,746701]
  Total of 355 pages in 37 files Checksum = RAZSIQ on DSKB: [3,700400]
  Total of 78 pages in 12 files Checksum = ZUNCOM on DSKB: [3,700301]
  Total of 147 pages in 25 files Checksum = VILDEW on DSKB: [3,700040]
  Total of 286 pages in 30 files Checksum = MOCTOQ on DSKB: [11447,236070]
  Total of 4 pages in 1 file Checksum = COMCIS on DSKB: [22013,231331]
  Total of 12 pages in 5 files Checksum = KAHTEB on DSKB: [3,377771]
  Total of 12 pages in 6 files Checksum = SUHFOQ on DSKB: [3,700477]
  Total of 308 pages in 36 files Checksum = FEGVIQ on DSKB: [3,306414]
  Total of 2 pages in 1 file Checksum = XAJPIS on DSKB: [11020,445774]
  Total of 22 pages in 7 files Checksum = YODMEL on DSKB: [7676,354704]
  Total of 510 pages in 16 files Checksum = NEDVIF on DSKB: [21477,550560]
  Total of 3876 pages in 279 files Checksum = QIGRAK on DSKB: [1,170741]
  Total of 4 pages in 2 files Checksum = BOMHAB on DSKB: [3,212141]
  Total of 610 pages in 32 files Checksum = PIFZOZ on DSKB: [3,317016]
  Total of 317 pages in 12 files Checksum = DOYQEN on DSKB: [3,777013]
  Total of 173 pages in 35 files Checksum = JIBROV on DSKB: [11020,601566]
  Total of 3 pages in 2 files Checksum = DOBDUC on DSKB: [77,770077]
  Total of 201 pages in 7 files Checksum = VENRES on DSKB: [1,44355]
  Total of 1713 pages in 32 files Checksum = YAYYEZ on DSKB: [11447,133410]
  Total of 5226 pages in 315 files Checksum = WUBHEN on DSKB: [11,562]
  Total of 1765 pages in 349 files Checksum = WABXEH on DSKB: [3,167354]
  Total of 683 pages in 26 files Checksum = RULDAF on DSKB: [11447,216613]
  Total of 148 pages in 12 files Checksum = SIHLES on DSKB: [3,212142]
  Total of 85 pages in 5 files Checksum = DINMEM on DSKB: [1,77340]
  Total of 185 pages in 12 files Checksum = TIGLUW on DSKB: [26132,240027]
  Total of 112 pages in 8 files Checksum = BOTBUR on DSKB: [1,260123]
  Total of 34 pages in 5 files Checksum = RUXRAH on DSKB: [11447,260004]
  Total of 2 pages in 1 file Checksum = KICRAC on DSKB: [11447,254654]
  Total of 1758 pages in 99 files Checksum = WEXHOS on DSKB: [1,315372]
  Total of 179 pages in 35 files Checksum = YIMQOX on DSKB: [1,142734]
  Total of 20 pages in 4 files Checksum = WIXSIG on DSKB: [25400,234270]
  Total of 2 pages in 1 file Checksum = DEDLOH on DSKB: [3,50527]
  Total of 897 pages in 87 files Checksum = TICWIZ on DSKB: [11334,50023]
  Total of 302 pages in 9 files Checksum = VAGZID on DSKB: [11447,225012]
  Total of 32 pages in 1 file Checksum = LAWHIP on DSKB: [11447,74305]
  Total of 88 pages in 13 files Checksum = ROWWUH on DSKB: [3,377772]
  Total of 1737 pages in 111 files Checksum = PALGOT on DSKB: [3,112233]
  Total of 2 pages in 1 file Checksum = SONTOW on DSKB: [43511,304627]
  Total of 396 pages in 23 files Checksum = POZCOB on DSKB: [3,700302]
  Total of 68 pages in 5 files Checksum = TAWWIS on DSKB: [1,101723]
  Total of 815 pages in 65 files Checksum = DOXLAN on DSKB: [3,377763]
  Total of 13 pages in 5 files Checksum = VOQLUW on DSKB: [3,377754]
  Total of 2 pages in 1 file Checksum = XAJPIS on DSKB: [3,777005]
  Total of 6972 pages in 158 files Checksum = WETFEV on DSKB: [6,270]
  Total of 626 pages in 28 files Checksum = MORPIN on DSKB: [3,700050]
  Total of 1139 pages in 179 files Checksum = YEFFAF on DSKB: [3,700140]
  Total of 389 pages in 95 files Checksum = HASJIK on DSKB: [3,300745]
  Total of 162 pages in 22 files Checksum = KOCZIW on DSKB: [3,704001]
  Total of 14 pages in 7 files Checksum = KEQZUG on DSKB: [3,704010]
  Total of 7 pages in 4 files Checksum = PITDUD on DSKB: [3,10765]
  Total of 1358 pages in 619 files Checksum = ZIVYUP on DSKB: [3,31116]
  Total of 15 pages in 2 files Checksum = RAKYIJ on DSKB: [11447,142660]
  Total of 488 pages in 23 files Checksum = QIDCUZ on DSKB: [11447,225424]
  Total of 50 pages in 10 files Checksum = YIJSOF on DSKB: [3,633]
  Total of 35 pages in 10 files Checksum = VABBOM on DSKB: [11447,157776]
  Total of 78 pages in 14 files Checksum = LIFSAC on DSKB: [3,700401]
  Total of 37 pages in 4 files Checksum = JOXWOY on DSKB: [3,274033]
  Total of 10 pages in 2 files Checksum = XINFAK on DSKB: [42133,136373]
  Total of 5446 pages in 60 files Checksum = DIFKUM on DSKB: [1,777777]
  Total of 2 pages in 1 file Checksum = NIHDIX on DSKB: [3,112726]
  Total of 4 pages in 2 files Checksum = VAZMEL on DSKB: [3,327106]
  Total of 224 pages in 16 files Checksum = WONFOQ on DSKB: [3,777014]
  Total of 3 pages in 2 files Checksum = DOBDUC on DSKB: [77,770001]
  Total of 7 pages in 3 files Checksum = ZEKGAQ on DSKB: [14717,441160]
  Total of 2737 pages in 334 files Checksum = NUQWIQ on DSKB: [1,1]
  Total of 385 pages in 35 files Checksum = VOVHUY on DSKB: [11447,142661]
  Total of 31 pages in 4 files Checksum = MADHUK on DSKB: [1,611]
  Total of 60 pages in 3 files Checksum = WIQZAQ on DSKB: [3,211135]
  Total of 2 pages in 1 file Checksum = SILQEQ on DSKB: [3,212143]
  Total of 2658 pages in 155 files Checksum = DOPDUV on DSKB: [3,222635]
  Total of 1665 pages in 288 files Checksum = JAJNOT on DSKB: [3,225443]
  Total of 675 pages in 49 files Checksum = JOTYEY on DSKB: [11447,121324]
  Total of 166 pages in 11 files Checksum = FEWFAJ on DSKB: [1,221541]
  Total of 4 pages in 2 files Checksum = TILBAQ on DSKB: [11447,216605]
  Total of 38 pages in 4 files Checksum = RADCUC on DSKB: [1,173236]
  Total of 3659 pages in 180 files Checksum = HOGQIB on DSKB: [11334,57510]
  Total of 96 pages in 11 files Checksum = KAPMUK on DSKB: [16436,117735]
  Total of 73 pages in 9 files Checksum = LAVSOL on DSKB: [3,136773]
  Total of 34 pages in 11 files Checksum = VUBZAX on DSKB: [3,700240]
  Total of 81 pages in 16 files Checksum = SIVQIV on DSKB: [1,22155]
  Total of 14 pages in 7 files Checksum = TUGVUF on DSKB: [3,377755]
  Total of 801 pages in 48 files Checksum = QODLIB on DSKB: [3,704002]
  Total of 209 pages in 10 files Checksum = YACDAM on DSKB: [3,700303]
  Total of 2 pages in 1 file Checksum = CANDET on DSKB: [3,777776]
  Total of 119702 pages in 121 files Checksum = POFPOF on DSKB: [3,777006]
  Total of 168 pages in 35 files Checksum = VUDGUN on DSKB: [50527,402041]
  Total of 154 pages in 29 files Checksum = YUCBEB on DSKB: [3,704011]
  Total of 3993 pages in 131 files Checksum = SOFMAL on DSKB: [3,365076]
  Total of 168 pages in 33 files Checksum = BUVBAR on DSKB: [3,700402]
  Total of 674 pages in 95 files Checksum = LIGVEB on DSKB: [3,351272]
  Total of 272 pages in 20 files Checksum = BASMUN on DSKB: [3,6]
  Total of 475 pages in 39 files Checksum = CAWZOZ on DSKB: [3,705001]
  Total of 1210 pages in 96 files Checksum = VIKYEH on DSKB: [11346,124422]
  Total of 461 pages in 7 files Checksum = BOQQUM on DSKB: [3,700600]
  Total of 686 pages in 26 files Checksum = NOGSOQ on DSKB: [11346,217757]
  Total of 74 pages in 27 files Checksum = BAPXUF on DSKB: [3,700141]
  Total of 1048 pages in 58 files Checksum = SICLEN on DSKB: [11334,34774]
  Total of 889 pages in 127 files Checksum = PAHPUG on DSKB: [1,36]
  Total of 487 pages in 9 files Checksum = XEWCEZ on DSKB: [4,125552]
  Total of 108 pages in 50 files Checksum = DOMPUR on DSKB: [1,2]
  Total of 266 pages in 60 files Checksum = PODVOQ on DSKB: [3,212144]
  Total of 1782 pages in 71 files Checksum = CIZCIW on DSKB: [3,234372]
  Total of 4 pages in 2 files Checksum = VALXAX on DSKB: [3,242733]
  Total of 544 pages in 45 files Checksum = PIKRAL on DSKB: [11447,256260]
  Total of 261 pages in 22 files Checksum = COWFOF on DSKB: [1,305267]
  Total of 2224 pages in 251 files Checksum = SULFIX on DSKB: [3,324525]
  Total of 10 pages in 5 files Checksum = BELGON on DSKB: [11447,216516]
  Total of 592 pages in 71 files Checksum = FEPXOY on DSKB: [26007,244321]
  Total of 29652 pages in 1067 files Checksum = NECNIB on DSKB: [3,352477]
  Total of 28 pages in 1 file Checksum = NUSWOL on DSKB: [3,367714]
  Total of 240 pages in 68 files Checksum = FUJQOF on DSKB: [3,6366]
  Total of 191 pages in 40 files Checksum = MESRAC on DSKB: [14717,216522]
  Total of 54 pages in 10 files Checksum = QASJIC on DSKB: [3,377765]
  Total of 281 pages in 41 files Checksum = NOMVIY on DSKB: [35676,376630]
  Total of 269 pages in 50 files Checksum = ZAVTEM on DSKB: [3,700241]
  Total of 6 pages in 3 files Checksum = TACSUF on DSKB: [3,251616]
  Total of 31 pages in 8 files Checksum = JIJDIQ on DSKB: [3,777700]
  Total of 2 pages in 1 file Checksum = VAHQIS on DSKB: [14717,30107]
  Total of 96 pages in 31 files Checksum = QAXHOZ on DSKB: [3,700070]
  Total of 627 pages in 54 files Checksum = SURVIP on DSKB: [3,704003]
  Total of 1690 pages in 118 files Checksum = DOHWIV on DSKB: [3,330611]
  Total of 16 pages in 6 files Checksum = XANCIN on DSKB: [3,777777]
  Total of 2 pages in 1 file Checksum = BADYOV on DSKB: [1,235767]
  Total of 64 pages in 10 files Checksum = YUYKIL on DSKB: [50527,402042]
  Total of 2 pages in 1 file Checksum = LOHQEK on DSKB: [11,10]
  Total of 632 pages in 4 files Checksum = FICGIN on DSKB: [3,700124]
  Total of 4 pages in 2 files Checksum = JOTJEX on DSKB: [3,704012]
  Total of 2065 pages in 325 files Checksum = BAMYUK on DSKB: [3,416154]
  Total of 2 pages in 1 file Checksum = XAPFUY on DSKB: [3,24177]
  Total of 2 pages in 1 file Checksum = HAVCUZ on DSKB: [11447,113414]
  Total of 239 pages in 17 files Checksum = VAXLOC on DSKB: [11334,241624]
  Total of 8916 pages in 27 files Checksum = COQWAS on DSKB: [3,140673]
  Total of 6 pages in 3 files Checksum = MUVROV on DSKB: [3,346701]
  Total of 52 pages in 16 files Checksum = RUWBIT on DSKB: [1,214216]
  Total of 222 pages in 20 files Checksum = DIPFEB on DSKB: [26132,240031]
  Total of 109 pages in 24 files Checksum = FEJKUL on DSKB: [3,700000]
  Total of 534 pages in 88 files Checksum = MACXAK on DSKB: [3,700403]
  Total of 276 pages in 20 files Checksum = SIXBEF on DSKB: [3,700340]
  Total of 25 pages in 9 files Checksum = FUQNEF on DSKB: [3,700142]
  Total of 74 pages in 14 files Checksum = FAPNOM on DSKB: [3,343301]
  Total of 7 pages in 4 files Checksum = DAPXIP on DSKB: [3,377477]

;;OPR: - System X32 will leave timesharing in 9 minutes /AM

;;OPR: - System going down as per schedule.
  Total of 230 pages in 8 files Checksum = DIVLOT on DSKB: [4,35174]
  Total of 19 pages in 1 file Checksum = GIKGUM on DSKB: [11334,667]
  Total of 903 pages in 38 files Checksum = DUBBEK on DSKB: [3,777007]
  Total of 226 pages in 51 files Checksum = QATWEW on DSKB: [1,21]
  Total of 225 pages in 20 files Checksum = TERKEL on DSKB: [1,3]
  Total of 1628 pages in 256 files Checksum = POTXOJ on DSKB: [3,123054]

;;OPR: - System X32 will leave timesharing in 5 minutes /AM
  Total of 551 pages in 24 files Checksum = NIPVOD on DSKB: [1,150344]
  Total of 11 pages in 1 file Checksum = NEJGOS on DSKB: [7,136224]
  Total of 407 pages in 8 files Checksum = MIGYED on DSKB: [3,140674]
  Total of 1887 pages in 92 files Checksum = MUYKOB on DSKB: [6,237]

;;OPR: - System X32 will leave timesharing in 2 minutes /AM

;;OPR: - System X32 will leave timesharing in 1 minute /AM
  Total of 1816 pages in 367 files Checksum = VEYYUX on DSKB: [3,212145]
	[*,*]/CHECKSUM/SUMMARY
	[*,*]/CHECKSUM/SUMMARY
	[*,*]/CHECKSUM/SUMMARY
	[*,*]/CHECKSUM/SUMMARY
	[*,*]/CHECKSUM/SUMMARY
	[*,*]/CHECKSUM/SUMMARY
	[*,*]/CHECKSUM/SUMMARY
	[*,*]/CHECKSUM/SUMMARY
	[*,*]/CHECKSUM/SUMMARY
	[*,*]/CHECKSUM/SUMMARY
	[*,*]/CHECKSUM/SUMMARY
	[*,*]/CHECKSUM/SUMMARY
	[*,*]/CHECKSUM/SUMMARY
	[*,*]/CHECKSUM/SUMMARY
	[*,*]/CHECKSUM/SUMMARY
	[*,*]/CHECKSUM/SUMMARY
	[*,*]/CHECKSUM/SUMMARY
	[*,*]/CHECKSUM/SUMMARY
	[*,*]/CHECKSUM/SUMMARY
	[*,*]/CHECKSUM/SUMMARY
	[*,*]/CHECKSUM/SUMMARY
	[*,*]/CHECKSUM/SUMMARY
	[*,*]/CHECKSUM/SUMMARY
	[*,*]/CHECKSUM/SUMMARY
	[*,*]/CHECKSUM/SUMMARY
	[*,*]/CHECKSUM/SUMMARY
	[*,*]/CHECKSUM/SUMMARY
	/EXIT
	DAYTIME

; Req #13733 aborted - halted by operator at line 5
  bgs