SPFIL.SPC   (TCDEV:72)          2  26-Jun-84  11:48  ALL  RD  NO 
SPFIL1      (CTCSLIB:34)        2  22-Dec-75  07:53  ALL  RD  NO 
SPFILS.LOC  (SPOOL:36)          3  24-Mar-86  12:36  ALL  RD  NO 
SPFIX.10    (SSTRANS:34)        2  23-Sep-83  10:36  ALL  RD  NO 
SPFIX.260   (SPPOPER:36)       41  11-Feb-83  17:03  ALL  RD  NO 
SPFIX.CMD   (SPPOPER:36)        2  18-Jan-83  16:22  ALL  RD  NO 
SPFIX.DOC   (SPPOPER:36)        7  04-Mar-83  12:56  ALL  RD  NO 
SPFIX.FIL   (SPPOPER:36)        2  04-Mar-83  12:57  ALL  RD  NO 
SPFIX.IN1   (SSTRANS:34)        2  23-Sep-83  10:36  ALL  RD  NO 
SPFIX.SAI   (SPPOPER:26)       37  06-Oct-81  21:47  ALL  RD  NO 
SPFIX.SAI   (SPPOPER:36)       42  20-May-83  15:01  ALL  RD  NO 
SPFIX.SAI   (SPPOPER:37)       37  06-Oct-81  23:50  ALL  RD  NO 
SPFIX.SAI   (SPPOPER:54)       37  07-Oct-81  11:57  ALL  RD  NO 
SPFIX.SAI   (SPPOPER:56)       37  06-Oct-81  23:51  ALL  RD  NO 
SPFIX.SAI   (SPPOPER:72)       37  06-Oct-81  21:51  ALL  RD  NO 
SPFIX.SAI   (SYSMAINT:36)      42  20-May-83  15:01  ALL  RD  NO 
SPFIX.SAV   (SPPOPER:22)       51  24-Jun-83  09:25  ALL  RD  NO 
SPFIX.SAV   (SPPOPER:23)       51  20-May-83  18:47  ALL  RD  NO 
SPFIX.SAV   (SPPOPER:25)       51  20-May-83  19:16  ALL  RD  NO 
SPFIX.SAV   (SPPOPER:26)       51  20-May-83  17:06  ALL  RD  NO 
SPFIX.SAV   (SPPOPER:27)       51  20-May-83  18:47  ALL  RD  NO 
SPFIX.SAV   (SPPOPER:28)       51  20-May-83  16:29  ALL  RD  NO 
SPFIX.SAV   (SPPOPER:29)       51  20-May-83  16:38  ALL  RD  NO 
SPFIX.SAV   (SPPOPER:30)       51  20-May-83  16:20  ALL  RD  NO 
SPFIX.SAV   (SPPOPER:31)       51  24-Apr-85  18:00  ALL  RD  NO 
SPFIX.SAV   (SPPOPER:33)       52  19-Feb-86  12:36  ALL  RD  NO 
SPFIX.SAV   (SPPOPER:34)       51  20-May-83  15:35  ALL  RD  NO 
SPFIX.SAV   (SPPOPER:35)       51  20-May-83  15:44  ALL  RD  NO 
SPFIX.SAV   (SPPOPER:36)       52  04-Apr-84  14:59  ALL  RD  NO 
SPFIX.SAV   (SPPOPER:37)       51  20-May-83  17:53  ALL  RD  NO 
SPFIX.SAV   (SPPOPER:38)       51  20-May-83  16:02  ALL  RD  NO 
SPFIX.SAV   (SPPOPER:54)       51  20-May-83  19:48  ALL  RD  NO 
SPFIX.SAV   (SPPOPER:55)       51  20-May-83  19:00  ALL  RD  NO 
SPFIX.SAV   (SPPOPER:56)       51  20-May-83  20:06  ALL  RD  NO 
SPFIX.SAV   (SPPOPER:57)       52  02-Apr-84  15:53  ALL  RD  NO 
SPFIX.SAV   (SPPOPER:58)       51  20-May-83  16:29  ALL  RD  NO 
SPFIX.SAV   (SPPOPER:62)       51  05-May-83  16:05  ALL  RD  NO 
SPFIX.SAV   (SPPOPER:65)       52  07-May-84  15:27  ALL  RD  NO 
SPFIX.SAV   (SPPOPER:70)       51  20-May-83  18:24  ALL  RD  NO 
SPFIX.SAV   (SPPOPER:72)       51  20-May-83  18:33  ALL  RD  NO 
SPFIX.SAV   (SPPOPER:74)       51  20-May-83  18:42  ALL  RD  NO 
SPFIX.SAV   (SPPOPER:79)       51  20-May-83  20:51  ALL  RD  NO 
SPFIX.SAV   (SPPOPER:930)      51  05-May-83  16:05  ALL  RD  NO 
SPFIX.SAV   (SSBACKUP:74)      45  01-Jun-81  17:16  ALL  RD  NO 
SPFIX7.FDM  (ARCHIVES:36)      60  19-Mar-75  17:00  ALL  RD  NO 
SPFIX7.FDM  (SPPOPER:36)       60  19-Mar-75  17:00  ALL  RD  NO 
SPFIXF.026  (ARCHIVES:36)      53  19-Mar-75  17:00  ALL  RD  NO 
SPFIXF.027  (ARCHIVES:36)      60  19-Mar-75  17:00  ALL  RD  NO 
SPLFIX      (DANIELSR:74)       6  28-Aug-84  11:00  ALL  RD  NO 
SPLFIX.260  (SPPOPER:36)       23  16-Jan-83  13:39  ALL  RD  NO 
SPLFIX.DOC  (DANIELSR:38)       4  09-Mar-83  16:45  ALL  RD  NO 
SPLFIX.DOC  (FREMONTDOC:74)     4  12-Mar-84  10:54  ALL  RD  NO 
SPLFIX.DOC  (SPPOPER:36)        4  09-Mar-83  16:41  ALL  RD  NO 
SPLFIX.DOC  (UTIL:23)           4  09-Mar-83  18:47  ALL  RD  NO 
SPLFIX.DOC  (UTIL:25)           4  09-Mar-83  18:48  ALL  RD  NO 
SPLFIX.DOC  (UTIL:26)           4  09-Mar-83  16:47  ALL  RD  NO 
SPLFIX.DOC  (UTIL:27)           4  09-Mar-83  18:47  ALL  RD  NO 
SPLFIX.DOC  (UTIL:29)           4  09-Mar-83  16:47  ALL  RD  NO 
SPLFIX.DOC  (UTIL:31)           4  09-Mar-83  18:51  ALL  RD  NO 
SPLFIX.DOC  (UTIL:33)           4  09-Mar-83  16:44  ALL  RD  NO 
SPLFIX.DOC  (UTIL:34)           4  09-Mar-83  16:44  ALL  RD  NO 
SPLFIX.DOC  (UTIL:35)           4  09-Mar-83  16:44  ALL  RD  NO 
SPLFIX.DOC  (UTIL:37)           4  09-Mar-83  18:45  ALL  RD  NO 
SPLFIX.DOC  (UTIL:54)           4  09-Mar-83  18:49  ALL  RD  NO 
SPLFIX.DOC  (UTIL:55)           4  09-Mar-83  16:52  ALL  RD  NO 
SPLFIX.DOC  (UTIL:56)           4  09-Mar-83  19:01  ALL  RD  NO 
SPLFIX.DOC  (UTIL:57)           4  09-Mar-83  18:46  ALL  RD  NO 
SPLFIX.DOC  (UTIL:65)           4  09-Mar-83  18:51  ALL  RD  NO 
SPLFIX.DOC  (UTIL:70)           4  09-Mar-83  16:51  ALL  RD  NO 
SPLFIX.DOC  (UTIL:72)           4  09-Mar-83  16:51  ALL  RD  NO 
SPLFIX.DOC  (UTIL:79)           4  09-Mar-83  18:51  ALL  RD  NO 
SPLFIX.MEM  (DANIELSR:74)       6  28-Aug-84  11:00  ALL  RD  NO 
SPLFIX.MEM  (SPPOPER:62)        2  09-Mar-83  16:05  ALL  RD  NO 
SPLFIX.MEM  (SPPOPER:930)       2  09-Mar-83  16:05  ALL  RD  NO 
SPLFIX.SAI  (SPPOPER:36)       24  23-Feb-83  17:56  ALL  RD  NO 
SPLFIX.SAV  (SPPOPER:23)       38  20-May-83  18:43  ALL  RD  NO 
SPLFIX.SAV  (SPPOPER:25)       38  20-May-83  19:12  ALL  RD  NO 
SPLFIX.SAV  (SPPOPER:26)       38  20-May-83  17:02  ALL  RD  NO 
SPLFIX.SAV  (SPPOPER:27)       38  20-May-83  18:43  ALL  RD  NO 
SPLFIX.SAV  (SPPOPER:28)       38  20-May-83  16:25  ALL  RD  NO 
SPLFIX.SAV  (SPPOPER:29)       38  20-May-83  16:34  ALL  RD  NO 
SPLFIX.SAV  (SPPOPER:30)       38  20-May-83  16:16  ALL  RD  NO 
SPLFIX.SAV  (SPPOPER:33)       38  20-May-83  15:21  ALL  RD  NO 
SPLFIX.SAV  (SPPOPER:34)       38  20-May-83  15:31  ALL  RD  NO 
SPLFIX.SAV  (SPPOPER:35)       38  20-May-83  15:39  ALL  RD  NO 
SPLFIX.SAV  (SPPOPER:36)       38  20-May-83  15:00  ALL  RD  NO 
SPLFIX.SAV  (SPPOPER:37)       38  20-May-83  17:49  ALL  RD  NO 
SPLFIX.SAV  (SPPOPER:38)       38  20-May-83  15:58  ALL  RD  NO 
SPLFIX.SAV  (SPPOPER:54)       38  20-May-83  19:44  ALL  RD  NO 
SPLFIX.SAV  (SPPOPER:55)       38  20-May-83  18:56  ALL  RD  NO 
SPLFIX.SAV  (SPPOPER:56)       38  20-May-83  20:02  ALL  RD  NO 
SPLFIX.SAV  (SPPOPER:57)       38  20-May-83  21:05  ALL  RD  NO 
SPLFIX.SAV  (SPPOPER:58)       38  20-May-83  16:25  ALL  RD  NO 
SPLFIX.SAV  (SPPOPER:65)       38  20-May-83  20:11  ALL  RD  NO 
SPLFIX.SAV  (SPPOPER:70)       38  20-May-83  18:20  ALL  RD  NO 
SPLFIX.SAV  (SPPOPER:72)       38  20-May-83  18:29  ALL  RD  NO 
SPLFIX.SAV  (SPPOPER:74)       38  20-May-83  18:39  ALL  RD  NO 
SPLFIX.SAV  (SPPOPER:79)       38  20-May-83  20:48  ALL  RD  NO 
SPLFIX.SAV  (UTIL:22)          38  26-May-83  08:52  ALL  RD  NO 
SPLFIX.SAV  (UTIL:23)          38  26-May-83  10:49  ALL  RD  NO 
SPLFIX.SAV  (UTIL:25)          38  26-May-83  10:49  ALL  RD  NO 
SPLFIX.SAV  (UTIL:26)          38  26-May-83  08:49  ALL  RD  NO 
SPLFIX.SAV  (UTIL:27)          38  26-May-83  10:49  ALL  RD  NO 
SPLFIX.SAV  (UTIL:28)          38  26-May-83  08:49  ALL  RD  NO 
SPLFIX.SAV  (UTIL:29)          38  26-May-83  08:50  ALL  RD  NO 
SPLFIX.SAV  (UTIL:30)          38  26-May-83  08:51  ALL  RD  NO 
SPLFIX.SAV  (UTIL:31)          38  26-May-83  10:56  ALL  RD  NO 
SPLFIX.SAV  (UTIL:33)          38  26-May-83  08:51  ALL  RD  NO 
SPLFIX.SAV  (UTIL:34)          38  26-May-83  08:52  ALL  RD  NO 
SPLFIX.SAV  (UTIL:35)          38  26-May-83  08:51  ALL  RD  NO 
SPLFIX.SAV  (UTIL:36)          38  26-May-83  08:52  ALL  RD  NO 
SPLFIX.SAV  (UTIL:37)          38  26-May-83  10:53  ALL  RD  NO 
SPLFIX.SAV  (UTIL:38)          38  26-May-83  08:52  ALL  RD  NO 
SPLFIX.SAV  (UTIL:54)          38  26-May-83  10:54  ALL  RD  NO 
SPLFIX.SAV  (UTIL:55)          38  26-May-83  08:54  ALL  RD  NO 
SPLFIX.SAV  (UTIL:56)          38  26-May-83  10:54  ALL  RD  NO 
SPLFIX.SAV  (UTIL:57)          38  26-May-83  10:54  ALL  RD  NO 
SPLFIX.SAV  (UTIL:58)          38  26-May-83  08:49  ALL  RD  NO 
SPLFIX.SAV  (UTIL:65)          38  26-May-83  10:55  ALL  RD  NO 
SPLFIX.SAV  (UTIL:70)          38  26-May-83  08:55  ALL  RD  NO 
SPLFIX.SAV  (UTIL:72)          38  26-May-83  08:55  ALL  RD  NO 
SPLFIX.SAV  (UTIL:74)          38  26-May-83  08:56  ALL  RD  NO 
SPLFIX.SAV  (UTIL:79)          38  26-May-83  10:56  ALL  RD  NO 
SPLFMT.DEF  (NEWSPL:62)         2  22-Feb-84  16:52  ALL  RD  NO 
SPLFMT.DEF  (NEWSPL:930)        2  22-Feb-84  16:52  ALL  RD  NO 
SPOOL       (940MAN:29)         2  12-Nov-76  15:52  ALL  RD  NO 
SPOOL       (ACCG1:30)          2  05-Dec-85  12:23  ALL  RD  NO 
SPOOL       (BILLING10:38)      2  30-Jan-85  10:32  ALL  RD  NO 
SPOOL       (BNESBITT:28)       2  10-Oct-85  12:02  ALL  RD  NO 
SPOOL       (CLOVE:38)          2  15-Oct-85  16:02  ALL  RD  NO 
SPOOL       (CLOVE:74)          2  15-Oct-85  16:52  ALL  RD  NO 
SPOOL       (COSTACCT:74)       2  28-Feb-86  09:51  ALL  RD  NO 
SPOOL       (DECPROD:30)        2  24-Oct-85  14:56  ALL  RD  NO 
SPOOL       (DPACDEV:30)        2  24-Oct-85  14:56  ALL  RD  NO 
SPOOL       (DPACPROD:30)       2  24-Oct-85  14:56  ALL  RD  NO 
SPOOL       (LCREST:55)         2  19-Feb-86  04:26  ALL ALL ALL 
SPOOL       (LEAVITTP:38)       2  30-Jan-85  10:32  ALL  RD  NO 
SPOOL       (PRODNET:38)        2  07-Aug-85  10:06  ALL  RD  NO 
SPOOL       (SBILL1:38)         2  23-Jan-86  10:05  ALL  RD  NO 
SPOOL       (SCHRAMM:36)        2  21-Nov-85  11:15  ALL  RD  NO 
SPOOL       (SPOOLRM:38)        2  01-Apr-84  07:25  ALL  RD  NO 
SPOOL       (SPOOLRM:72)        2  01-Apr-84  07:27  ALL  RD  NO 
SPOOL       (SPOOLRM:79)        2  01-Apr-84  09:28  ALL  RD  NO 
SPOOL       (SPPARCH:29)      110  16-Aug-79  11:14  ALL  RD  NO 
SPOOL       (TCBKP:72)          2  03-Dec-85  16:42  ALL  RD  NO 
SPOOL       (TESTEOM:30)      222  13-Mar-85  16:22  ALL  RD  NO 
SPOOL       (TRAINLAB:26)       2  02-Aug-83  08:09  ALL  RD  RD 
SPOOL       (TRAINLAB:55)       2  20-Jul-83  10:41  ALL  RD  NO 
SPOOL       (TSPDE:38)          2  30-Jan-85  10:32  ALL  RD  NO 
SPOOL       (TYMCOSTACTG:38)    2  19-Jul-85  10:33  ALL  RD  NO 
SPOOL       (UAS:38)            2  29-Nov-84  17:09  ALL  RD  NO 
SPOOL       (VBURKE:29)         2  13-Feb-86  11:10  ALL  RD  NO 
SPOOL       (WADES:29)          2  11-Dec-85  15:39  ALL  RD  NO 
SPOOL       (WADES:30)          2  24-Oct-85  14:56  ALL  RD  NO 
SPOOL       (WADES:34)          2  12-Mar-85  10:07  ALL  RD  NO 
SPOOL       (WADES:38)          2  08-Oct-85  09:47  ALL  RD  NO 
SPOOL       (WADES:57)          2  21-Oct-85  19:21  ALL  RD  NO 
SPOOL       (WADES:74)          2  28-Aug-85  16:56  ALL  RD  NO 
SPOOL       (WADES:79)          2  26-Jul-85  13:22  ALL  RD  NO 
SPOOL.064   (SSPRINT:62)      315  08-Aug-85  16:57  ALL  RD  NO 
SPOOL.064   (SSPRINT:930)     315  08-Aug-85  16:57  ALL  RD  NO 
SPOOL.1     (LECLAIRE:55)       2  24-Jun-80  11:21  ALL UPD UPD 
SPOOL.10    (LECLAIRE:55)       2  24-Jun-80  11:32  ALL UPD UPD 
SPOOL.10    (MPL:62)            4  09-Jun-81  21:43  ALL  RD  RD 
SPOOL.10    (MPL:930)           4  09-Jun-81  21:43  ALL  RD  RD 
SPOOL.10    (SSTRANS:34)        2  23-Sep-83  10:36  ALL  RD  NO 
SPOOL.102   (MIMI:33)           2  20-Sep-84  16:49  ALL  RD  NO 
SPOOL.11    (APACCT:72)         2  19-Apr-83  21:50  ALL  RD  NO 
SPOOL.11    (LECLAIRE:55)       2  24-Jun-80  13:30  ALL UPD UPD 
SPOOL.11A   (APACCT:72)         2  18-Nov-85  17:02  ALL  RD  NO 
SPOOL.12    (LECLAIRE:55)       2  24-Jun-80  13:31  ALL UPD UPD 
SPOOL.13    (APACCT:72)         2  07-Mar-86  21:28  ALL  RD  NO 
SPOOL.13    (LECLAIRE:55)       2  24-Jun-80  13:31  ALL UPD UPD 
SPOOL.13A   (APACCT:72)         2  25-Feb-86  00:05  ALL  RD  NO 
SPOOL.14    (LECLAIRE:55)       2  24-Jun-80  13:36  ALL UPD UPD 
SPOOL.2     (LECLAIRE:55)       2  24-Jun-80  11:23  ALL UPD UPD 
SPOOL.255   (MIMI:33)           2  16-Mar-85  15:57  ALL  RD  NO 
SPOOL.3     (LECLAIRE:55)       2  24-Jun-80  11:24  ALL UPD UPD 
SPOOL.370   (HARRISS:37)        2  29-Apr-85  12:14  ALL  RD  NO 
SPOOL.4     (LECLAIRE:55)       2  24-Jun-80  11:25  ALL UPD UPD 
SPOOL.4     (MPL:62)            4  09-Jun-81  21:35  ALL  RD  RD 
SPOOL.4     (MPL:930)           4  09-Jun-81  21:35  ALL  RD  RD 
SPOOL.442   (ARELLA:55)         2  15-Mar-84  16:11  ALL  RD  NO 
SPOOL.442   (MIMI:70)           2  15-Mar-84  16:11  ALL  RD  NO 
SPOOL.5     (LECLAIRE:55)       2  24-Jun-80  11:26  ALL UPD UPD 
SPOOL.6     (LECLAIRE:55)       2  24-Jun-80  11:29  ALL UPD UPD 
SPOOL.65    (FBATCH:65)         2  27-Jan-83  03:43  ALL  RD  NO 
SPOOL.7     (LECLAIRE:55)       2  24-Jun-80  11:30  ALL UPD UPD 
SPOOL.7     (MPL:62)            4  09-Jun-81  21:36  ALL  RD  RD 
SPOOL.7     (MPL:930)           4  09-Jun-81  21:36  ALL  RD  RD 
SPOOL.8     (LECLAIRE:55)       2  24-Jun-80  11:31  ALL UPD UPD 
SPOOL.9     (LECLAIRE:55)       2  24-Jun-80  11:32  ALL UPD UPD 
SPOOL.940   (SSTRANS:34)        2  21-Oct-83  13:53  ALL  RD  NO 
SPOOL.ACT   (SPPOPER:36)        2  09-Oct-85  10:11  ALL  RD  NO 
SPOOL.AP    (APACCT:72)         2  15-Jan-86  16:50  ALL  RD  NO 
SPOOL.AP2   (APACCT:72)         2  08-Aug-84  06:28  ALL  RD  NO 
SPOOL.ARI   (DCSMINN:55)        2  01-Oct-85  11:59  ALL  RD  NO 
SPOOL.BAK   (COMPRINT:30)       8  09-Aug-83  14:05  ALL  RD  NO 
SPOOL.BAK   (DTSAO:33)          2  27-Nov-85  13:03  ALL  RD  NO 
SPOOL.BAK   (FSIEGEL:38)        2  25-Feb-83  03:08  ALL  RD  NO 
SPOOL.BAK   (MIMI:70)           2  26-Aug-85  14:58  ALL  RD  NO 
SPOOL.BAK   (NSHUKLA:25)        2  26-Feb-86  16:00  ALL  RD  NO 
SPOOL.BAK   (NSHUKLA:33)        2  12-Mar-86  16:46  ALL  RD  NO 
SPOOL.BAK   (PAUD:33)           2  08-Nov-85  09:26  ALL  RD  NO 
SPOOL.BAK   (PAUD:37)           2  03-Feb-86  12:11  ALL  RD  NO 
SPOOL.BAK   (PROGBK:38)         2  13-Sep-85  12:49  ALL  RD  NO 
SPOOL.BAK   (SPOOL:29)          6  08-Jun-81  16:22  ALL  RD  NO 
SPOOL.BAK   (SPOOL:33)          6  28-Aug-82  21:13  ALL  RD  NO 
SPOOL.BAK   (SPOOL:74)          8  30-Jul-82  07:45  ALL  RD  NO 
SPOOL.BAK   (TCDEV:30)          7  07-Jul-83  08:51  ALL  RD  NO 
SPOOL.BAK   (TESTASB:30)        2  10-Jan-84  11:39  ALL  RD  NO 
SPOOL.BIG   (SDERRY:55)         2  13-Jan-83  22:26  ALL  RD  NO 
SPOOL.CDE   (DIST78B:27)        2  14-May-82  05:44  ALL  RD  NO 
SPOOL.CF    (DDDS:30)           2  18-Mar-79  08:05  ALL  RD  NO 
SPOOL.CF    (DDDS:38)           2  19-May-80  09:23  ALL  RD  NO 
SPOOL.CF    (JCOONS:72)         2  27-Sep-85  11:12  ALL  RD  NO 
SPOOL.CF    (NETCOMM:72)        2  27-Sep-85  11:12  ALL  RD  NO 
SPOOL.CF    (TCBKP:72)          2  27-Sep-85  11:12  ALL  RD  NO 
SPOOL.CK    (CARRELLA:38)       2  03-Jul-83  01:22  ALL  RD  NO 
SPOOL.CK    (SPOOLRM:38)        2  14-Aug-84  22:17  ALL  RD  NO 
SPOOL.CK1   (APACCT:72)         2  20-Nov-84  16:24  ALL  RD  NO 
SPOOL.CK3   (APACCT:72)         2  20-Nov-84  16:25  ALL  RD  NO 
SPOOL.CM1   (DALMUR:55)         2  05-Mar-86  06:52  ALL  RD  NO 
SPOOL.CM2   (DALMUR:55)         2  03-Mar-86  08:39  ALL  RD  NO 
SPOOL.CM3   (DALMUR:55)         2  03-Mar-86  08:39  ALL  RD  NO 
SPOOL.CM4   (DALMUR:55)         2  03-Mar-86  08:35  ALL  RD  NO 
SPOOL.CM5   (DALMUR:55)         2  03-Mar-86  08:35  ALL  RD  NO 
SPOOL.CM6   (DALMUR:55)         2  03-Mar-86  08:36  ALL  RD  NO 
SPOOL.CMD   (AMYKWOK:22)        2  24-Apr-84  11:06  ALL  RD  NO 
SPOOL.CMD   (AMYKWOK:25)        2  24-Apr-84  13:04  ALL  RD  NO 
SPOOL.CMD   (AMYKWOK:28)        2  24-Apr-84  11:06  ALL  RD  NO 
SPOOL.CMD   (AMYKWOK:37)        2  24-Apr-84  13:05  ALL  RD  NO 
SPOOL.CMD   (AMYKWOK:54)        2  09-Dec-85  15:00  ALL  RD  NO 
SPOOL.CMD   (AMYKWOK:70)        2  24-Apr-84  11:07  ALL  RD  NO 
SPOOL.CMD   (BRANCHTYM51:74)    2  17-Mar-82  12:40  ALL  RD  NO 
SPOOL.CMD   (CHKACT10:930)      2  22-Aug-77  16:27  ALL  RD  NO 
SPOOL.CMD   (DALMUR:55)         2  02-Apr-85  08:55  ALL  RD  NO 
SPOOL.CMD   (DIST121A:34)       2  29-Jun-79  11:45  ALL  RD  NO 
SPOOL.CMD   (DIST12A:34)        2  07-Apr-82  10:26  ALL  RD  NO 
SPOOL.CMD   (FSIEGEL:38)        2  25-Feb-83  03:13  ALL  RD  NO 
SPOOL.CMD   (LLIU:36)           2  13-Mar-86  16:22  ALL  RD  NO 
SPOOL.CMD   (LLIU:57)           2  10-Jan-86  02:12  ALL  RD  NO 
SPOOL.CMD   (MARCONIT:54)       2  03-Sep-85  11:07  ALL  RD  NO 
SPOOL.CMD   (NAKANO:34)         2  23-May-83  21:16  ALL  RD  RD 
SPOOL.CMD   (SALTYRON:55)       2  30-Mar-83  12:29  ALL  RD  NO 
SPOOL.CMD   (SALTYRON:74)       2  07-Oct-82  13:38  ALL  RD  NO 
SPOOL.CMD   (SFPRINT:34)        2  06-Jul-81  14:40  ALL ALL ALL 
SPOOL.CMD   (SPOOL:74)          7  30-Jul-82  07:50  ALL  RD  NO 
SPOOL.CMD   (SRATECH:22)        2  18-Apr-79  14:48  ALL  RD  NO 
SPOOL.CMD   (SRATECH:27)        2  18-Apr-79  16:48  ALL  RD  NO 
SPOOL.CMD   (SRATECH:28)        2  18-Apr-79  14:47  ALL  RD  NO 
SPOOL.CMD   (SRATECH:29)        2  05-Sep-79  16:45  ALL  RD  NO 
SPOOL.CMD   (SRATECH:30)        2  18-Apr-79  14:47  ALL  RD  NO 
SPOOL.CMD   (SRATECH:33)        2  27-Sep-79  15:59  ALL  RD  NO 
SPOOL.CMD   (SRATECH:34)        2  18-Apr-79  14:48  ALL  RD  NO 
SPOOL.CMD   (SRATECH:38)        2  18-Apr-79  14:49  ALL  RD  NO 
SPOOL.CMD   (SRATECH:74)        2  05-Sep-79  16:45  ALL  RD  NO 
SPOOL.CMD   (SSEREP:34)         2  18-Apr-79  14:48  ALL  RD  NO 
SPOOL.CMD   (SSPRINT:62)        2  20-Aug-85  15:53  ALL  RD  NO 
SPOOL.CMD   (SSPRINT:930)       2  20-Aug-85  15:53  ALL  RD  NO 
SPOOL.CMD   (SWEDEL:36)         2  13-Mar-86  01:43  ALL  RD  NO 
SPOOL.CMD   (TYMUSEA:74)        2  21-Sep-81  11:15  ALL  RD  NO 
SPOOL.CMD   (UCHIDA:34)         2  30-Oct-84  20:44  ALL  RD  RD 
SPOOL.CMD   (UPTGROVE:57)       2  23-Aug-83  16:17  ALL  RD  NO 
SPOOL.CMD   (UPTHEGROVE:22)     2  06-Mar-86  09:29  ALL  RD  NO 
SPOOL.CMD   (UPTHEGROVE:37)     2  31-Dec-85  15:17  ALL  RD  NO 
SPOOL.COM   (DPI1EMA:27)        2  04-Oct-85  04:29  ALL  RD  NO 
SPOOL.COM   (DTAI:28)           2  20-Dec-85  11:35  ALL  RD  NO 
SPOOL.COM   (DTAI:54)           2  20-Jan-86  18:26  ALL  RD  NO 
SPOOL.COM   (DTSAO:33)          2  12-Mar-86  16:37  ALL  RD  NO 
SPOOL.COM   (FBATCH:27)         2  29-Apr-82  04:00  ALL  RD  NO 
SPOOL.COM   (FBATCH:34)         2  29-Apr-82  02:02   RD  RD  RD 
SPOOL.COM   (FBATCH:65)         2  13-Jan-83  06:22   RD  RD  RD 
SPOOL.COM   (JENNYSHEN:36)      2  20-Nov-85  15:28  ALL  RD  NO 
SPOOL.COM   ST:55)         2  30-Dec-83  02:05  ALL ALL ALL 
SPOOL.COM   (LEEA:37)           2  21-Jan-86  16:58  ALL  RD  NO 
SPOOL.COM   (NSHUKLA:25)        2  12-Mar-86  18:50  ALL  RD  NO 
SPOOL.COM   (NSHUKLA:33)        2  12-Mar-86  16:49  ALL  RD  NO 
SPOOL.COM   (PA.DEV:79)         2  10-Oct-83  13:46  ALL  RD  NO 
SPOOL.COM   (PAUD:33)           2  21-Jan-86  14:38  ALL  RD  NO 
SPOOL.COM   (PAUD:37)           2  11-Mar-86  14:14  ALL  RD  NO 
SPOOL.COM   (PCHU:55)           2  20-Jan-86  12:23  ALL  RD  NO 
SPOOL.COM   (PLEEVER:79)        2  10-Oct-83  13:48  ALL  RD  NO 
SPOOL.COM   (RMURPHY:36)        2  08-Aug-84  12:35  ALL  RD  NO 
SPOOL.COM   (SEDP:57)           2  12-Nov-83  02:25  ALL  RD  NO 
SPOOL.CPA   (SRATECH:22)        2  18-Apr-79  14:48  ALL  RD  NO 
SPOOL.CPA   (SRATECH:27)        2  18-Apr-79  16:48  ALL  RD  NO 
SPOOL.CPA   (SRATECH:28)        2  18-Apr-79  14:47  ALL  RD  NO 
SPOOL.CPA   (SRATECH:29)        2  18-Apr-79  14:46  ALL  RD  NO 
SPOOL.CPA   (SRATECH:30)        2  18-Apr-79  14:48  ALL  RD  NO 
SPOOL.CPA   (SRATECH:33)        2  18-Apr-79  14:48  ALL  RD  NO 
SPOOL.CPA   (SRATECH:34)        2  18-Apr-79  14:48  ALL  RD  NO 
SPOOL.CPA   (SRATECH:38)        2  18-Apr-79  14:49  ALL  RD  NO 
SPOOL.CPA   (SRATECH:74)        2  18-Apr-79  14:46  ALL  RD  NO 
SPOOL.CPA   (SSEREP:34)         2  18-Apr-79  14:48  ALL  RD  NO 
SPOOL.CST   (DTAI:28)           2  20-Dec-85  11:36  ALL  RD  NO 
SPOOL.DAT   (FCANNING:72)       2  30-Sep-81  19:29  ALL  RD  NO 
SPOOL.DEF   (AMYLEE:36)         2  14-Jan-86  18:04  ALL  RD  NO 
SPOOL.DEF   (CARL:33)           2  16-Jun-81  20:51  ALL  RD  NO 
SPOOL.DEF   (CARL:35)           2  07-Sep-83  16:52  ALL  RD  NO 
SPOOL.DEF   (CARL:36)           2  27-Mar-84  14:38  ALL  RD  NO 
SPOOL.DEF   (CARL:38)           2  08-Sep-81  13:23  ALL  RD  NO 
SPOOL.DEF   (CARL:55)           2  01-May-81  10:50  ALL  RD  RD 
SPOOL.DEF   (CARL:62)           2  09-Jun-81  21:29  ALL  RD  NO 
SPOOL.DEF   (CARL:74)           2  23-Sep-81  11:42  ALL  RD  NO 
SPOOL.DEF   (CARL:930)          2  09-Jun-81  21:29  ALL  RD  NO 
SPOOL.DEF   (KDAWSON:34)        2  14-Oct-85  15:05  ALL  RD  NO 
SPOOL.DEF   (KDAWSON:35)        2  14-Oct-85  15:05  ALL  RD  NO 
SPOOL.DEF   (KDAWSON:36)        2  24-Jul-85  15:21  ALL  RD  NO 
SPOOL.DEF   (KDAWSON:57)        2  23-Jan-86  03:29  ALL  RD  NO 
SPOOL.DEF   (LINDLEY:36)        2  03-Feb-86  10:25  ALL  RD  NO 
SPOOL.DEF   (M33:62)            2  21-Jul-78  11:50  ALL  RD  NO 
SPOOL.DEF   (M33:930)           2  21-Jul-78  11:50  ALL  RD  NO 
SPOOL.DEF   (NDT:62)            2  23-Jan-80  00:37  ALL  RD  NO 
SPOOL.DEF   (NDT:930)           2  23-Jan-80  00:37  ALL  RD  NO 
SPOOL.DEF   (OSIRIS:36)         2  23-Sep-85  12:14  ALL  RD  NO 
SPOOL.DEF   (PEAK:34)           2  19-Jan-86  15:52  ALL  RD  NO 
SPOOL.DEF   (PEAK:35)           2  21-Mar-86  00:57  ALL  RD  NO 
SPOOL.DEF   (PEAK:36)           2  24-Jul-85  15:21  ALL  RD  NO 
SPOOL.DEF   (PEAK:55)           2  22-Jun-83  11:43  ALL  RD  NO 
SPOOL.DEF   (PEAK:57)           2  16-May-83  18:27  ALL  RD  NO 
SPOOL.DEF   (SCHRAMM:36)        2  12-Feb-86  10:45  ALL  RD  NO 
SPOOL.DEF   (SDANIELS:29)       2  02-Dec-80  15:51  ALL  RD  RD 
SPOOL.DEF   (SOCCI:62)          2  21-Jul-78  11:50  ALL  RD  NO 
SPOOL.DEF   (SOCCI:930)         2  21-Jul-78  11:50  ALL  RD  NO 
SPOOL.DEF   (TEDYEH:36)         2  25-Sep-85  09:37  ALL  RD  NO 
SPOOL.DEF   (TODD:930)          2  28-Feb-79  17:08  ALL  RD  NO 
SPOOL.DEF   (WRS:27)            2  28-Nov-78  17:29  ALL  RD  NO 
SPOOL.DEF   (WRS:29)            2  07-Nov-78  13:10  ALL  RD  NO 
SPOOL.DEF   (WRS:35)            2  07-Nov-78  13:07  ALL  RD  NO 
SPOOL.DEF   (WRS:55)            2  14-Jan-83  00:34  ALL  RD  NO 
SPOOL.DEF   (WRS:72)            2  20-Nov-81  20:34  ALL  RD  NO 
SPOOL.DET   (NETDB:23)          2  28-Mar-84  12:42  ALL  RD  NO 
SPOOL.DIA   (RROUSSELLE:55)     2  09-Jan-86  13:40  ALL  RD  NO 
SPOOL.DOC   (*6NEWS:26)        12  16-Mar-82  17:38  ALL  RD  RD 
SPOOL.DOC   (*6NEWS:27)        12  16-Mar-82  19:57  ALL  RD  RD 
SPOOL.DOC   (*6NEWS:29)        12  17-Mar-82  16:12  ALL  RD  RD 
SPOOL.DOC   (*6NEWS:34)        12  17-Mar-82  17:17  ALL  RD  RD 
SPOOL.DOC   (*6NEWS:35)        12  17-Mar-82  17:37  ALL  RD  RD 
SPOOL.DOC   (*6NEWS:38)        12  17-Mar-82  18:22  ALL  RD  RD 
SPOOL.DOC   (*6NEWS:54)        12  17-Mar-82  18:22  ALL  RD  RD 
SPOOL.DOC   (*6NEWS:55)        12  17-Mar-82  17:37  ALL  RD  RD 
SPOOL.DOC   (*6NEWS:56)        12  17-Mar-82  20:41  ALL  RD  RD 
SPOOL.DOC   (*6NEWS:57)        12  17-Mar-82  20:41  ALL  RD  RD 
SPOOL.DOC   (*6NEWS:62)        12  16-Mar-82  17:47  ALL  RD  RD 
SPOOL.DOC   (*6NEWS:65)        12  17-Mar-82  19:08  ALL  RD  RD 
SPOOL.DOC   (*6NEWS:72)        12  17-Mar-82  19:59  ALL  RD  RD 
SPOOL.DOC   (*6NEWS:74)        12  17-Mar-82  21:34  ALL  RD  RD 
SPOOL.DOC   (*6NEWS:79)        12  17-Mar-82  19:17  ALL  RD  RD 
SPOOL.DOC   (*6NEWS:930)       12  16-Mar-82  17:47  ALL  RD  RD 
SPOOL.DOC   (COMPRINT:30)       8  09-Aug-83  14:07  ALL  RD  NO 
SPOOL.DOC   (E.CHEN:72)         9  12-Jan-83  17:28  ALL  RD  NO 
SPOOL.DOC   (NETCOMM:72)        5  04-May-83  13:03  ALL  RD  NO 
SPOOL.DOC   (NETENTRY:30)       8  09-Aug-83  14:07  ALL  RD  NO 
SPOOL.DOC   (NETENTRY:72)       6  05-May-83  14:03  ALL  RD  NO 
SPOOL.DOC   (SYSNEWS:22)        9  12-Jan-83  17:20  ALL  RD  NO 
SPOOL.DOC   (SYSNEWS:23)        9  12-Jan-83  19:13  ALL  RD  NO 
SPOOL.DOC   (SYSNEWS:25)        9  12-Jan-83  19:10  ALL  RD  NO 
SPOOL.DOC   (SYSNEWS:26)        9  12-Jan-83  17:11  ALL  RD  NO 
SPOOL.DOC   (SYSNEWS:27)        9  12-Jan-83  19:13  ALL  RD  NO 
SPOOL.DOC   (SYSNEWS:28)        9  12-Jan-83  17:13  ALL  RD  NO 
SPOOL.DOC   (SYSNEWS:29)        9  12-Jan-83  17:15  ALL  RD  NO 
SPOOL.DOC   (SYSNEWS:30)        9  12-Jan-83  17:17  ALL  RD  RD 
SPOOL.DOC   (SYSNEWS:31)        9  19-Aug-82  16:45  ALL  RD  RD 
SPOOL.DOC   (SYSNEWS:34)        9  12-Jan-83  17:20  ALL  RD  NO 
SPOOL.DOC   (SYSNEWS:35)        9  12-Jan-83  17:22  ALL  RD  NO 
SPOOL.DOC   (SYSNEWS:36)        9  12-Jan-83  17:23  ALL  RD  NO 
SPOOL.DOC   (SYSNEWS:37)        9  12-Jan-83  19:24  ALL  RD  NO 
SPOOL.DOC   (SYSNEWS:38)        9  12-Jan-83  17:25  ALL  RD  NO 
SPOOL.DOC   (SYSNEWS:54)        9  12-Jan-83  19:28  ALL  RD  NO 
SPOOL.DOC   (SYSNEWS:55)        9  12-Jan-83  17:30  ALL  RD  NO 
SPOOL.DOC   (SYSNEWS:57)        9  12-Jan-83  19:27  ALL  RD  NO 
SPOOL.DOC   (SYSNEWS:58)        9  12-Jan-83  17:13  ALL  RD  NO 
SPOOL.DOC   (SYSNEWS:62)        9  12-Jan-83  17:03  ALL  RD  RD 
SPOOL.DOC   (SYSNEWS:65)        9  12-Jan-83  19:35  ALL  RD  RD 
SPOOL.DOC   (SYSNEWS:72)        9  12-Jan-83  17:39  ALL  RD  NO 
SPOOL.DOC   (SYSNEWS:74)        9  12-Jan-83  17:40  ALL  RD  NO 
SPOOL.DOC   (SYSNEWS:79)        9  19-Aug-82  16:45  ALL  RD  RD 
SPOOL.DOC   (SYSNEWS:930)       9  12-Jan-83  17:03  ALL  RD  RD 
SPOOL.DOC   (TCBKP:30)          8  09-Aug-83  14:07  ALL  RD  NO 
SPOOL.DOC   (TCDEV:30)          8  09-Aug-83  14:07  ALL  RD  NO 
SPOOL.DOC   (TCDEV:72)          6  05-May-83  14:03  ALL  RD  NO 
SPOOL.DOC   (TECHREF:56)        9  12-Jan-83  19:27  ALL  RD  NO 
SPOOL.DOC   (TRAINING:34)       8  08-Apr-83  18:54  ALL  RD  NO 
SPOOL.DOC   (TRAINING:55)       8  25-May-76  14:12  ALL  RD  NO 
SPOOL.EDT   (SDERRY:55)         2  13-Jan-83  22:33  ALL  RD  NO 
SPOOL.EOM   (PRDINV:79)         2  22-Jun-83  21:21  ALL  RD  NO 
SPOOL.F4    (COEES251R:29)      2  20-Nov-78  11:59  ALL  RD  NO 
SPOOL.F4    (DIST121A:34)       3  13-Sep-78  09:25  ALL  RD  NO 
SPOOL.F4    (PROGBK:38)         3  25-Jan-80  11:47  ALL  RD  NO 
SPOOL.F4    (WECOACTG:38)       3  25-Jan-80  11:47  ALL  RD  NO 
SPOOL.FBK   (SPOOL:22)          2  03-Mar-86  01:01  ALL  RD  NO 
SPOOL.FBK   (SPOOL:23)          3  28-Feb-86  00:27  ALL  RD  NO 
SPOOL.FBK   (SPOOL:25)          2  28-Feb-86  00:30  ALL  RD  NO 
SPOOL.FBK   (SPOOL:26)          2  28-Feb-86  07:26  ALL  RD  NO 
SPOOL.FBK   (SPOOL:27)          8  28-Feb-86  02:47  ALL  RD  NO 
SPOOL.FBK   (SPOOL:28)          2  30-Mar-86  10:56  ALL  RD  NO 
SPOOL.FBK   (SPOOL:29)          4  06-Jan-86  16:09  ALL  RD  NO 
SPOOL.FBK   (SPOOL:30)         12  26-Mar-86  13:28  ALL  RD  NO 
SPOOL.FBK   (SPOOL:31)          2  15-Oct-85  12:50  ALL  RD  NO 
SPOOL.FBK   (SPOOL:33)          3  28-Feb-86  07:27  ALL  RD  NO 
SPOOL.FBK   (SPOOL:34)         15  28-Feb-86  11:02  ALL  RD  NO 
SPOOL.FBK   (SPOOL:35)          2  25-Mar-86  09:33  ALL  RD  NO 
SPOOL.FBK   (SPOOL:36)         11  28-Mar-86  05:32  ALL  RD  NO 
SPOOL.FBK   (SPOOL:37)          2  28-Feb-86  02:29  ALL  RD  NO 
SPOOL.FBK   (SPOOL:38)         36  28-Feb-86  10:54  ALL  RD  NO 
SPOOL.FBK   (SPOOL:54)          2  28-Feb-86  00:16  ALL  RD  NO 
SPOOL.FBK   (SPOOL:55)          7  28-Feb-86  07:14  ALL  RD  NO 
SPOOL.FBK   (SPOOL:56)          6  28-Feb-86  10:48  ALL  RD  NO 
SPOOL.FBK   (SPOOL:57)          5  28-Feb-86  09:14  ALL  RD  NO 
SPOOL.FBK   (SPOOL:58)          2  28-May-85  11:42  ALL  RD  NO 
SPOOL.FBK   (SPOOL:65)          2  30-Nov-84  11:09  ALL  RD  NO 
SPOOL.FBK   (SPOOL:70)          4  28-Feb-86  04:02  ALL  RD  NO 
SPOOL.FBK   (SPOOL:72)         68  28-Feb-86  02:49  ALL  RD  NO 
SPOOL.FBK   (SPOOL:74)          6  11-Mar-86  07:28  ALL  RD  NO 
SPOOL.FBK   (SPOOL:79)         15  28-Feb-86  01:55  ALL  RD  NO 
SPOOL.FDF   (NEWSPL:62)         3  18-Jul-83  15:49  ALL  RD  NO 
SPOOL.FDF   (NEWSPL:930)        3  18-Jul-83  15:49  ALL  RD  NO 
SPOOL.FDF   (SPOOL:22)          3  30-Mar-86  10:37  ALL  RD  NO 
SPOOL.FDF   (SPOOL:23)          3  30-Mar-86  00:23  ALL  RD  NO 
SPOOL.FDF   (SPOOL:25)          2  30-Mar-86  05:46  ALL  RD  NO 
SPOOL.FDF   (SPOOL:26)          2  30-Mar-86  07:06  ALL  RD  NO 
SPOOL.FDF   (SPOOL:27)          8  30-Mar-86  00:50  ALL  RD  NO 
SPOOL.FDF   (SPOOL:28)          2  30-Mar-86  10:58  ALL  RD  NO 
SPOOL.FDF   (SPOOL:29)          4  30-Mar-86  07:06  ALL  RD  NO 
SPOOL.FDF   (SPOOL:30)         14  30-Mar-86  08:11  ALL  RD  NO 
SPOOL.FDF   (SPOOL:31)          2  30-Mar-86  05:30  ALL  RD  NO 
SPOOL.FDF   (SPOOL:33)          7  30-Mar-86  07:05  ALL  RD  NO 
SPOOL.FDF   (SPOOL:34)         14  30-Mar-86  07:14  ALL  RD  NO 
SPOOL.FDF   (SPOOL:35)          2  30-Mar-86  07:04  ALL  RD  NO 
SPOOL.FDF   (SPOOL:36)         10  30-Mar-86  07:06  ALL  RD  NO 
SPOOL.FDF   (SPOOL:37)          3  30-Mar-86  00:24  ALL  RD  NO 
SPOOL.FDF   (SPOOL:38)         32  30-Mar-86  08:12  ALL  RD  NO 
SPOOL.FDF   (SPOOL:54)          2  30-Mar-86  00:31  ALL  RD  NO 
SPOOL.FDF   (SPOOL:55)          6  30-Mar-86  07:14  ALL  RD  NO 
SPOOL.FDF   (SPOOL:56)          6  30-Mar-86  05:35  ALL  RD  NO 
SPOOL.FDF   (SPOOL:57)          4  30-Mar-86  09:15  ALL  RD  NO 
SPOOL.FDF   (SPOOL:58)          2  30-Mar-86  08:11  ALL  RD  NO 
SPOOL.FDF   (SPOOL:62)          2  07-Feb-86  02:16  ALL  RD  NO 
SPOOL.FDF   (SPOOL:65)          2  30-Mar-86  00:28  ALL  RD  NO 
SPOOL.FDF   (SPOOL:70)          4  30-Mar-86  08:25  ALL  RD  NO 
SPOOL.FDF   (SPOOL:72)         68  30-Mar-86  03:42  ALL  RD  NO 
SPOOL.FDF   (SPOOL:74)          7  30-Mar-86  08:10  ALL  RD  NO 
SPOOL.FDF   (SPOOL:79)         12  30-Mar-86  05:20  ALL  RD  NO 
SPOOL.FDF   (SPOOL:930)         2  25-Mar-86  03:12  ALL  RD  NO 
SPOOL.FIL   (SRATECH:29)        2  01-May-79  14:05  ALL  RD  NO 
SPOOL.FIL   (SRATECH:74)        2  01-May-79  14:05  ALL  RD  NO 
SPOOL.FMT   (NEWSPL:62)         2  30-Aug-82  20:21  ALL  RD  NO 
SPOOL.FMT   (NEWSPL:930)        2  30-Aug-82  20:21  ALL  RD  NO 
SPOOL.FRM   (SRATECH:29)        2  14-Aug-79  16:23  ALL  RD  NO 
SPOOL.FRM   (SRATECH:74)        2  14-Aug-79  16:23  ALL  RD  NO 
SPOOL.FTF   (KTLCOMM:34)        2  13-Sep-79  18:19  ALL  RD  NO 
SPOOL.GBK   (SPOOL:22)          9  03-Mar-86  01:01  ALL  RD  NO 
SPOOL.GBK   (SPOOL:23)          9  28-Feb-86  00:27  ALL  RD  NO 
SPOOL.GBK   (SPOOL:25)          7  28-Feb-86  00:30  ALL  RD  NO 
SPOOL.GBK   (SPOOL:26)          4  28-Feb-86  07:26  ALL  RD  NO 
SPOOL.GBK   (SPOOL:27)         17  28-Feb-86  10:05  ALL  RD  NO 
SPOOL.GBK   (SPOOL:28)          8  30-Mar-86  10:56  ALL  RD  NO 
SPOOL.GBK   (SPOOL:29)         11  06-Jan-86  16:09  ALL  RD  NO 
SPOOL.GBK   (SPOOL:30)         51  26-Mar-86  13:28  ALL  RD  NO 
SPOOL.GBK   (SPOOL:31)          2  15-Oct-85  12:39  ALL  RD  NO 
SPOOL.GBK   (SPOOL:33)         11  28-Feb-86  07:27  ALL  RD  NO 
SPOOL.GBK   (SPOOL:34)         50  28-Feb-86  11:02  ALL  RD  NO 
SPOOL.GBK   (SPOOL:35)          5  25-Mar-86  09:33  ALL  RD  NO 
SPOOL.GBK   (SPOOL:36)         41  28-Mar-86  02:37  ALL  RD  NO 
SPOOL.GBK   (SPOOL:37)         12  28-Feb-86  02:29  ALL  RD  NO 
SPOOL.GBK   (SPOOL:38)        177  28-Feb-86  10:54  ALL  RD  NO 
SPOOL.GBK   (SPOOL:54)          9  28-Feb-86  00:16  ALL  RD  NO 
SPOOL.GBK   (SPOOL:55)         32  28-Feb-86  07:14  ALL  RD  NO 
SPOOL.GBK   (SPOOL:56)         46  28-Feb-86  12:38  ALL  RD  NO 
SPOOL.GBK   (SPOOL:57)         25  28-Feb-86  09:14  ALL  RD  NO 
SPOOL.GBK   (SPOOL:58)          2  28-May-85  11:42  ALL  RD  NO 
SPOOL.GBK   (SPOOL:65)          2  30-Nov-84  11:07  ALL  RD  NO 
SPOOL.GBK   (SPOOL:70)         29  28-Feb-86  05:59  ALL  RD  NO 
SPOOL.GBK   (SPOOL:72)        114  28-Feb-86  07:25  ALL  RD  NO 
SPOOL.GBK   (SPOOL:74)         24  11-Mar-86  07:30  ALL  RD  NO 
SPOOL.GBK   (SPOOL:79)         57  28-Feb-86  02:39  ALL  RD  NO 
SPOOL.GDF   (NEWSPL:62)         5  18-Jul-83  15:59  ALL  RD  NO 
SPOOL.GDF   (NEWSPL:930)        5  18-Jul-83  15:59  ALL  RD  NO 
SPOOL.GDF   (SPOOL:22)         13  30-Mar-86  11:00  ALL  RD  NO 
SPOOL.GDF   (SPOOL:23)         10  30-Mar-86  00:23  ALL  RD  NO 
SPOOL.GDF   (SPOOL:25)          6  30-Mar-86  05:46  ALL  RD  NO 
SPOOL.GDF   (SPOOL:26)          3  30-Mar-86  07:06  ALL  RD  NO 
SPOOL.GDF   (SPOOL:27)         16  30-Mar-86  00:50  ALL  RD  NO 
SPOOL.GDF   (SPOOL:28)          8  30-Mar-86  10:58  ALL  RD  NO 
SPOOL.GDF   (SPOOL:29)         23  30-Mar-86  07:06  ALL  RD  NO 
SPOOL.GDF   (SPOOL:30)         56  30-Mar-86  08:11  ALL  RD  NO 
SPOOL.GDF   (SPOOL:31)          1  30-Mar-86  05:30  ALL  RD  NO 
SPOOL.GDF   (SPOOL:33)         10  30-Mar-86  07:05  ALL  RD  NO 
SPOOL.GDF   (SPOOL:34)         55  30-Mar-86  07:14  ALL  RD  NO 
SPOOL.GDF   (SPOOL:35)          6  30-Mar-86  07:04  ALL  RD  NO 
SPOOL.GDF   (SPOOL:36)         39  30-Mar-86  07:06  ALL  RD  NO 
SPOOL.GDF   (SPOOL:37)         17  30-Mar-86  00:24  ALL  RD  NO 
SPOOL.GDF   (SPOOL:38)        174  30-Mar-86  08:12  ALL  RD  NO 
SPOOL.GDF   (SPOOL:54)          5  30-Mar-86  00:31  ALL  RD  NO 
SPOOL.GDF   (SPOOL:55)         32  30-Mar-86  07:14  ALL  RD  NO 
SPOOL.GDF   (SPOOL:56)         47  30-Mar-86  05:35  ALL  RD  NO 
SPOOL.GDF   (SPOOL:57)         14  30-Mar-86  09:15  ALL  RD  NO 
SPOOL.GDF   (SPOOL:58)          1  30-Mar-86  08:11  ALL  RD  NO 
SPOOL.GDF   (SPOOL:62)          2  07-Feb-86  02:16  ALL  RD  NO 
SPOOL.GDF   (SPOOL:65)          1  30-Mar-86  00:28  ALL  RD  NO 
SPOOL.GDF   (SPOOL:70)         30  30-Mar-86  08:25  ALL  RD  NO 
SPOOL.GDF   (SPOOL:72)        115  30-Mar-86  03:42  ALL  RD  NO 
SPOOL.GDF   (SPOOL:74)         31  30-Mar-86  08:10  ALL  RD  NO 
SPOOL.GDF   (SPOOL:79)         49  30-Mar-86  05:20  ALL  RD  NO 
SPOOL.GDF   (SPOOL:930)         2  25-Mar-86  03:12  ALL  RD  NO 
SPOOL.GDF   (SPPOPER:23)       16  11-Feb-82  20:35  ALL  RD  NO 
SPOOL.GDF   (SPPOPER:27)       16  11-Feb-82  20:35  ALL  RD  NO 
SPOOL.GDF   (SPPOPER:34)       25  11-Apr-82  21:27  ALL  RD  NO 
SPOOL.GLS   (APACCT:72)         2  11-Feb-83  02:00  ALL  RD  NO 
SPOOL.GXX   (SPOOL:37)          2  04-Aug-81  13:20  ALL  RD  NO 
SPOOL.HLD   (SPPOPER:34)        7  12-Apr-82  12:18  ALL  RD  NO 
SPOOL.HOW   (SSBACKUP:74)       5  13-May-75  14:59  ALL  RD  RD 
SPOOL.I10   (PRDINV:79)         2  01-Mar-84  09:58  ALL  RD  NO 
SPOOL.I11   (PRDINV:79)         2  22-Jun-83  21:40  ALL  RD  NO 
SPOOL.I13   (PRDINV:79)         2  01-Mar-84  10:09  ALL  RD  NO 
SPOOL.IN    (TCDEV:72)          2  15-Nov-82  14:16  ALL  RD  NO 
SPOOL.IN1   (PRDINV:79)         2  22-Jun-83  21:20  ALL  RD  NO 
SPOOL.IN1   (SSTRANS:34)        2  23-Sep-83  10:36  ALL  RD  NO 
SPOOL.IN2   (BILLING10:38)      2  09-Jan-83  03:04  ALL  RD  NO 
SPOOL.IN2   (PRDINV:79)         2  27-Apr-83  18:57  ALL  RD  NO 
SPOOL.IN3   (PRDINV:79)         2  27-Apr-83  18:56  ALL  RD  NO 
SPOOL.IN4   (PRDINV:79)         2  22-Jun-83  21:25  ALL  RD  NO 
SPOOL.IN5   (PRDINV:79)         2  22-Jun-83  21:28  ALL  RD  NO 
SPOOL.IN7   (PRDINV:79)         2  22-Jun-83  21:31  ALL  RD  NO 
SPOOL.IN9   (PRDINV:79)         2  22-Jun-83  21:32  ALL  RD  NO 
SPOOL.INF   (GBLOOD:36)         5  05-Aug-75  14:11  ALL  RD  NO 
SPOOL.INF   (SSBACKUP:74)       5  05-Aug-75  14:19  ALL  RD  RD 
SPOOL.INP   (REGIONET:65)       2  03-May-83  13:22  ALL  RD  NO 
SPOOL.INV   (BILLING10:38)      2  09-Jan-83  03:05  ALL  RD  NO 
SPOOL.INV   (PRDINV:79)         2  27-Apr-83  18:58  ALL  RD  NO 
SPOOL.IT    (SERVBILLDEV:38)    2  26-Oct-82  13:43  ALL  RD  NO 
SPOOL.JMS   (M33:930)           8  30-Mar-86  10:25  ALL  RD  NO 
SPOOL.JOB   (ACTMAR:65)         2  28-Mar-86  19:10  ALL  RD  NO 
SPOOL.JOB   (ACTTAPS:65)        2  05-Jan-86  09:44  ALL  RD  NO 
SPOOL.JOB   (CORPGHC:65)        2  28-Jan-86  07:41  ALL  RD  NO 
SPOOL.JOB   (CORPMARS:65)       3  27-Mar-86  09:14  ALL  RD  NO 
SPOOL.JOB   (CORPTAPS:65)       2  20-Dec-85  14:53  ALL  RD  NO 
SPOOL.JOB   (ETOTAPS:65)        2  26-Aug-83  05:12  ALL  RD  NO 
SPOOL.JOB   (GENMAR:65)         2  08-Oct-85  13:33  ALL  RD  NO 
SPOOL.JOB   (MKTMAR:65)         3  28-Mar-85  13:57  ALL  RD  NO 
SPOOL.JOB   (MKTTAPS:65)        2  20-Jan-85  00:05  ALL  RD  NO 
SPOOL.JOB   (OTISTAPS:65)       2  20-Jan-84  11:31  ALL  RD  NO 
SPOOL.LAR   (PRDINV:79)         2  30-Apr-83  00:00  ALL  RD  NO 
SPOOL.LC    (PARIHUN:35)        2  20-May-83  03:20  ALL  RD  NO 
SPOOL.LEG   (ACTMAR:65)         2  28-Mar-86  19:10  ALL  RD  NO 
SPOOL.LOC   (SPPOPER:36)        2  09-Jan-86  16:31  ALL  RD  NO 
SPOOL.LOC   (SYSMAINT:26)       3  13-Aug-85  19:11  ALL  RD  NO 
SPOOL.LOC   (SYSMAINT:36)       3  05-Dec-85  17:30  ALL  RD  NO 
SPOOL.LOG   (ACTMAR:65)         3  28-Mar-86  16:50  ALL  RD  NO 
SPOOL.LOG   (ACTTAPS:65)        2  05-Jan-86  09:45  ALL  RD  NO 
SPOOL.LOG   (CORPGHC:65)        3  28-Jan-86  07:42  ALL  RD  NO 
SPOOL.LOG   (CORPMARS:65)       4  27-Mar-86  09:14  ALL  RD  NO 
SPOOL.LOG   (DDDS:30)           2  29-Jul-85  12:20  ALL  RD  NO 
SPOOL.LOG   (GENMAR:65)         2  08-Oct-85  13:38  ALL  RD  NO 
SPOOL.LOG   (INTLTECH:34)       2  10-Jan-85  09:32  ALL  RD  NO 
SPOOL.LOG   (JMS:930)           6  30-Mar-86  10:43  ALL  RD  NO 
SPOOL.LOG   (MKTMAR:65)         3  28-Mar-85  13:57  ALL  RD  NO 
SPOOL.LOG   (MKTTAPS:65)        2  20-Jan-85  00:07  ALL  RD  NO 
SPOOL.LOG   (PA.DEV:79)         4  20-Jan-84  17:38  ALL  RD  NO 
SPOOL.LOG   (PA.PROD:79)        2  29-Mar-86  02:02  ALL  RD  NO 
SPOOL.LOG   (PROD.DEV:79)       2  08-Feb-84  19:08  ALL  RD  NO 
SPOOL.LOG   (SBILL1:38)         2  20-Mar-86  14:10  ALL  RD  NO 
SPOOL.LOG   (SPPOPER:23)        2  28-Oct-82  16:07  ALL  RD  NO 
SPOOL.LOG   (SPPOPER:27)        2  28-Oct-82  16:07  ALL  RD  NO 
SPOOL.LOG   (SPPOPER:29)        2  28-Oct-82  14:15  ALL  RD  NO 
SPOOL.LOG   (TYMCOSTACTG:38)    2  07-Nov-84  15:43  ALL  RD  NO 
SPOOL.LOG   (WADES:30)          2  29-Jul-85  12:03  ALL  RD  NO 
SPOOL.LOG   (WADES:38)          2  23-Jan-86  10:02  ALL  RD  NO 
SPOOL.LOW   (OGURA:34)          2  31-May-84  19:09  ALL ALL ALL 
SPOOL.LRG   (PAYROLTYM:38)      2  22-Apr-83  15:19  ALL  RD  NO 
SPOOL.LST   (940MAN:29)         8  12-Nov-76  15:51  ALL  RD  NO 
SPOOL.LST   (AR.REP:38)         2  23-Jul-79  11:26  ALL  RD  NO 
SPOOL.LST   (CARRELLA:38)       2  22-Jun-83  19:42  ALL  RD  NO 
SPOOL.LST   (DDDS:57)           2  02-Dec-83  17:12  ALL  RD  NO 
SPOOL.LST   (MISTAPE:38)        2  22-Jun-83  19:42  ALL  RD  NO 
SPOOL.LST   (MNICHOLS:38)       2  28-Mar-86  13:26  ALL  RD  NO 
SPOOL.LST   (PA.DEV:79)         2  15-Dec-83  17:57  ALL  RD  NO 
SPOOL.LST   (PA.PROD:79)        2  25-Jan-84  09:07  ALL  RD  NO 
SPOOL.LST   (PLEEVER:79)        2  10-Oct-83  13:45  ALL  RD  NO 
SPOOL.LST   (PROGBK:38)         2  13-Sep-85  16:10  ALL  RD  NO 
SPOOL.LST   (SPOOLRM:38)        2  13-Apr-82  10:48  ALL  RD  NO 
SPOOL.LST   (SPPOPER:36)        2  17-Mar-86  10:34  ALL  RD  NO 
SPOOL.LST   (TESTASB:30)        2  08-Dec-83  11:30  ALL  RD  NO 
SPOOL.LST   (TESTASB:74)        2  08-Nov-83  17:26  ALL  RD  NO 
SPOOL.LST   (WMS:38)            2  18-Jul-79  14:07  ALL  RD  NO 
SPOOL.MAG   (BNESBITT:28)       2  07-Nov-85  17:17  ALL  RD  NO 
SPOOL.MAG   (CLOVE:30)          2  15-Oct-85  16:34  ALL  RD  NO 
SPOOL.MAG   (CLOVE:38)          2  15-Oct-85  16:13  ALL  RD  NO 
SPOOL.MAG   (CLOVE:74)          2  15-Oct-85  16:52  ALL  RD  NO 
SPOOL.MAG   (PA.DEV:79)         4  06-Jan-84  17:56  ALL  RD  NO 
SPOOL.MAG   (SDERRY:55)         2  13-Jan-83  22:17  ALL  RD  NO 
SPOOL.MAG   (TYMCOSTACTG:38)    2  07-Nov-84  15:43  ALL  RD  NO 
SPOOL.MAI   (CB-MAIL:62)        3  13-Nov-82  01:59  ALL  RD  NO 
SPOOL.MAI   (CB-MAIL:930)       3  13-Nov-82  01:59  ALL  RD  NO 
SPOOL.MAP   (NEWSPL:62)        17  18-Jul-83  15:49  ALL  RD  NO 
SPOOL.MAP   (NEWSPL:930)       17  18-Jul-83  15:49  ALL  RD  NO 
SPOOL.MAP   (SPOOL:22)         17  30-Mar-86  11:00  ALL  RD  NO 
SPOOL.MAP   (SPOOL:23)         17  30-Mar-86  00:24  ALL  RD  NO 
SPOOL.MAP   (SPOOL:25)         17  30-Mar-86  05:46  ALL  RD  NO 
SPOOL.MAP   (SPOOL:26)         17  30-Mar-86  07:06  ALL  RD  NO 
SPOOL.MAP   (SPOOL:27)         17  30-Mar-86  00:50  ALL  RD  NO 
SPOOL.MAP   (SPOOL:28)          2  30-Mar-86  10:58  ALL  RD  NO 
SPOOL.MAP   (SPOOL:29)         17  30-Mar-86  07:06  ALL  RD  NO 
SPOOL.MAP   (SPOOL:30)         17  30-Mar-86  08:11  ALL  RD  NO 
SPOOL.MAP   (SPOOL:31)         17  30-Mar-86  05:30  ALL  RD  NO 
SPOOL.MAP   (SPOOL:33)         17  30-Mar-86  07:05  ALL  RD  NO 
SPOOL.MAP   (SPOOL:34)         17  30-Mar-86  07:14  ALL  RD  NO 
SPOOL.MAP   (SPOOL:35)         17  30-Mar-86  07:04  ALL  RD  NO 
SPOOL.MAP   (SPOOL:36)         17  30-Mar-86  07:06  ALL  RD  NO 
SPOOL.MAP   (SPOOL:37)         17  30-Mar-86  00:24  ALL  RD  NO 
SPOOL.MAP   (SPOOL:38)         17  30-Mar-86  08:12  ALL  RD  NO 
SPOOL.MAP   (SPOOL:54)         17  30-Mar-86  00:31  ALL  RD  NO 
SPOOL.MAP   (SPOOL:55)         17  30-Mar-86  07:14  ALL  RD  NO 
SPOOL.MAP   (SPOOL:56)         17  30-Mar-86  05:35  ALL  RD  NO 
SPOOL.MAP   (SPOOL:57)         17  30-Mar-86  09:15  ALL  RD  NO 
SPOOL.MAP   (SPOOL:58)         17  30-Mar-86  08:11  ALL  RD  NO 
SPOOL.MAP   (SPOOL:62)         17  07-Feb-86  02:16  ALL  RD  NO 
SPOOL.MAP   (SPOOL:65)         17  30-Mar-86  00:28  ALL  RD  NO 
SPOOL.MAP   (SPOOL:70)         17  30-Mar-86  08:25  ALL  RD  NO 
SPOOL.MAP   (SPOOL:72)         17  30-Mar-86  03:43  ALL  RD  NO 
SPOOL.MAP   (SPOOL:74)         17  30-Mar-86  08:10  ALL  RD  NO 
SPOOL.MAP   (SPOOL:79)         17  30-Mar-86  05:20  ALL  RD  NO 
SPOOL.MAP   (SPOOL:930)        17  25-Mar-86  03:12  ALL  RD  NO 
SPOOL.MBK   (SPOOL:22)          2  03-Mar-86  01:01  ALL  RD  NO 
SPOOL.MBK   (SPOOL:23)         17  28-Feb-86  00:27  ALL  RD  NO 
SPOOL.MBK   (SPOOL:25)         17  28-Feb-86  00:30  ALL  RD  NO 
SPOOL.MBK   (SPOOL:26)         17  28-Feb-86  07:26  ALL  RD  NO 
SPOOL.MBK   (SPOOL:27)         17  28-Feb-86  10:05  ALL  RD  NO 
SPOOL.MBK   (SPOOL:28)          2  30-Mar-86  10:56  ALL  RD  NO 
SPOOL.MBK   (SPOOL:29)         17  06-Jan-86  16:09  ALL  RD  NO 
SPOOL.MBK   (SPOOL:30)         17  26-Mar-86  13:28  ALL  RD  NO 
SPOOL.MBK   (SPOOL:31)         17  15-Oct-85  12:39  ALL  RD  NO 
SPOOL.MBK   (SPOOL:33)         17  28-Feb-86  07:27  ALL  RD  NO 
SPOOL.MBK   (SPOOL:34)         17  28-Feb-86  11:02  ALL  RD  NO 
SPOOL.MBK   (SPOOL:35)          2  25-Mar-86  09:33  ALL  RD  NO 
SPOOL.MBK   (SPOOL:36)         17  28-Mar-86  05:32  ALL  RD  NO 
SPOOL.MBK   (SPOOL:37)         17  28-Feb-86  02:30  ALL  RD  NO 
SPOOL.MBK   (SPOOL:38)         17  28-Feb-86  10:54  ALL  RD  NO 
SPOOL.MBK   (SPOOL:54)         17  28-Feb-86  00:16  ALL  RD  NO 
SPOOL.MBK   (SPOOL:55)         17  28-Feb-86  07:14  ALL  RD  NO 
SPOOL.MBK   (SPOOL:56)         17  28-Feb-86  12:38  ALL  RD  NO 
SPOOL.MBK   (SPOOL:57)         17  28-Feb-86  09:14  ALL  RD  NO 
SPOOL.MBK   (SPOOL:58)         17  28-May-85  11:42  ALL  RD  NO 
SPOOL.MBK   (SPOOL:65)          2  30-Nov-84  11:07  ALL  RD  NO 
SPOOL.MBK   (SPOOL:70)         17  28-Feb-86  05:59  ALL  RD  NO 
SPOOL.MBK   (SPOOL:72)         17  28-Feb-86  07:25  ALL  RD  NO 
SPOOL.MBK   (SPOOL:74)         17  11-Mar-86  07:30  ALL  RD  NO 
SPOOL.MBK   (SPOOL:79)         17  28-Feb-86  02:39  ALL  RD  NO 
SPOOL.MEM   (LINDLEY:36)        2  12-Jun-85  10:04  ALL  RD  NO 
SPOOL.MEM   (MCDAVID:28)        2  03-Aug-84  15:55  ALL  RD  NO 
SPOOL.MEM   (MPL:62)            5  16-Jul-85  17:06  ALL  RD  NO 
SPOOL.MEM   (MPL:930)           5  16-Jul-85  17:06  ALL  RD  NO 
SPOOL.MEM   (SPPOPER:36)        7  29-Oct-85  17:29  ALL  RD  NO 
SPOOL.MKT   (PAYROLTYM:38)      2  17-Oct-83  16:39  ALL  RD  NO 
SPOOL.MMF   (SPOOL:62)          2  22-Feb-84  16:32  ALL  RD  NO 
SPOOL.MMF   (SPOOL:930)         2  22-Feb-84  16:32  ALL  RD  NO 
SPOOL.MMG   (SPOOL:62)          2  22-Feb-84  16:32  ALL  RD  NO 
SPOOL.MMG   (SPOOL:930)         2  22-Feb-84  16:32  ALL  RD  NO 
SPOOL.MMK   (SPOOL:62)         17  22-Feb-84  16:32  ALL  RD  NO 
SPOOL.MMK   (SPOOL:930)        17  22-Feb-84  16:32  ALL  RD  NO 
SPOOL.NOD   (SALTYRON:34)       2  20-Aug-80  13:56  ALL  RD  NO 
SPOOL.OLD   (COMPRINT:30)       7  07-Jul-83  08:50  ALL  RD  NO 
SPOOL.OLD   (SPOOL:29)          6  08-Jun-81  16:26  ALL  RD  NO 
SPOOL.OLD   (SYS0025:29)        3  31-Aug-82  11:32  ALL  RD  NO 
SPOOL.OUT   (DPI1EMA:27)        2  14-Jan-86  10:43  ALL  RD  NO 
SPOOL.OUT   (SYS0025:29)        5  07-Sep-84  06:06  ALL  RD  NO 
SPOOL.PAS   (PRDINV:79)         2  27-Apr-83  18:44  ALL  RD  NO 
SPOOL.PCO   (BNESBITT:28)       2  07-Nov-85  16:43  ALL  RD  NO 
SPOOL.PCO   (BNESBITT:30)       2  10-Oct-85  12:01  ALL  RD  NO 
SPOOL.PCO   (BNESBITT:38)       2  07-Nov-85  16:42  ALL  RD  NO 
SPOOL.PCO   (BNESBITT:74)       2  07-Nov-85  16:57  ALL  RD  NO 
SPOOL.PCO   (CLOVE:30)          2  10-Oct-85  12:01  ALL  RD  NO 
SPOOL.PCO   (DPROYECT:38)       2  03-Jan-86  16:42  ALL  RD  NO 
SPOOL.PRG   (PARIHUN:35)        5  20-May-83  03:35  ALL  RD  NO 
SPOOL.PRP   (NETQC:23)          2  15-Aug-85  12:43  ALL  RD  NO 
SPOOL.REL   (CARRELLA:38)       2  03-Jul-83  05:26  ALL  RD  NO 
SPOOL.REL   (MPL:62)            6  15-Sep-81  04:58  ALL  RD  RD 
SPOOL.REL   (MPL:930)           6  15-Sep-81  04:58  ALL  RD  RD 
SPOOL.REL   (TESTASB:30)        2  18-Oct-83  15:42  ALL  RD  NO 
SPOOL.REL   (UPTHEGROVE:22)     2  13-Mar-86  22:53  ALL  RD  NO 
SPOOL.REL   (UTIL:55)           2  10-Oct-83  23:55  ALL  RD  NO 
SPOOL.REM   (AR.REP:38)         2  20-Jul-79  12:36  ALL  RD  NO 
SPOOL.REQ   (INTLTECH:34)       2  10-Jan-85  09:32  ALL  RD  NO 
SPOOL.RJS   (ACTMAR:65)         2  21-Feb-86  15:49  ALL  RD  NO 
SPOOL.RKS   (SALTYRON:33)       2  13-Mar-86  15:52  ALL  RD  NO 
SPOOL.RMK   (PA.DEV:79)         2  17-May-84  15:21  ALL  RD  NO 
SPOOL.RPT   (AR.REP:38)         2  06-Jun-84  11:36  ALL  RD  NO 
SPOOL.RUN   (PA.DEV:79)         2  06-Jan-84  17:31  ALL  RD  NO 
SPOOL.RUN   (PA.PROD:79)        2  08-Dec-83  17:33  ALL  RD  NO 
SPOOL.SAI   (MPL:62)            4  15-Sep-81  04:57  ALL  RD  RD 
SPOOL.SAI   (MPL:930)           4  15-Sep-81  04:57  ALL  RD  RD 
SPOOL.SAI   (NDT:62)            4  01-Jul-81  19:24  ALL  RD  NO 
SPOOL.SAI   (NDT:930)           4  01-Jul-81  19:24  ALL  RD  NO 
SPOOL.SAI   (PARIHUN:35)        2  20-May-83  03:35  ALL  RD  NO 
SPOOL.SAV   (CARL:72)          38  18-Sep-81  10:19  ALL  RD  NO 
SPOOL.SAV   (FTSYS:33)         23  04-Nov-81  14:38  ALL RUN RUN 
SPOOL.SAV   (FTSYS:35)         23  04-Nov-81  14:37  ALL RUN RUN 
SPOOL.SAV   (FTSYS:55)         23  04-Nov-81  14:37  ALL RUN RUN 
SPOOL.SAV   (FTSYS:70)         23  12-Nov-81  11:06  ALL RUN RUN 
SPOOL.SAV   (FTSYS:72)         23  12-Nov-81  13:33  ALL RUN RUN 
SPOOL.SAV   (KTLCOMM:34)        9  13-Sep-79  18:20   CP  RD RUN 
SPOOL.SAV   (MPL:22)           15  10-Jul-80  13:49  ALL  RD RUN 
SPOOL.SAV   (MPL:23)           15  10-Jul-80  16:06  ALL  RD RUN 
SPOOL.SAV   (MPL:25)           14  10-Jun-81  00:09  ALL  RD RUN 
SPOOL.SAV   (MPL:26)           14  18-Jun-85  18:12  ALL  RD  NO 
SPOOL.SAV   (MPL:27)           15  10-Jul-80  16:06  ALL  RD RUN 
SPOOL.SAV   (MPL:28)           14  15-Sep-81  05:04  ALL  RD  NO 
SPOOL.SAV   (MPL:29)           14  09-Jun-81  22:04  ALL  RD  NO 
SPOOL.SAV   (MPL:30)           14  09-Jun-81  22:00  ALL  RD RUN 
SPOOL.SAV   (MPL:31)           15  10-Jul-80  15:49  ALL  RD RUN 
SPOOL.SAV   (MPL:33)           14  15-Sep-81  05:02  ALL  RD  RD 
SPOOL.SAV   (MPL:34)           15  10-Jul-80  13:49  ALL  RD RUN 
SPOOL.SAV   (MPL:35)           14  09-Jun-81  21:54  ALL  RD  NO 
SPOOL.SAV   (MPL:36)           14  09-Jun-81  21:54  ALL RUN RUN 
SPOOL.SAV   (MPL:37)           14  09-Jun-81  23:56  ALL  RD RUN 
SPOOL.SAV   (MPL:38)           14  09-Jun-81  21:57  ALL  RD RUN 
SPOOL.SAV   (MPL:54)           14  10-Jun-81  00:15  ALL  RD RUN 
SPOOL.SAV   (MPL:55)           14  09-Jun-81  21:54  ALL  RD  NO 
SPOOL.SAV   (MPL:56)           14  10-Jun-81  00:18  ALL  RD RUN 
SPOOL.SAV   (MPL:57)           14  09-Jun-81  23:54  ALL RUN RUN 
SPOOL.SAV   (MPL:58)           14  15-Sep-81  05:04  ALL  RD  NO 
SPOOL.SAV   (MPL:62)           14  15-Sep-81  04:58  ALL  RD  RD 
SPOOL.SAV   (MPL:65)           15  10-Jul-80  15:43  ALL  RD RUN 
SPOOL.SAV   (MPL:70)           15  10-Jul-80  14:00  ALL  RD RUN 
SPOOL.SAV   (MPL:72)           15  10-Jul-80  13:49  ALL  RD RUN 
SPOOL.SAV   (MPL:74)           14  09-Jun-81  21:54  ALL  RD RUN 
SPOOL.SAV   (MPL:79)           15  10-Jul-80  15:49  ALL  RD RUN 
SPOOL.SAV   (MPL:930)          14  15-Sep-81  04:58  ALL  RD  RD 
SPOOL.SAV   (NEWSPL:62)        23  10-Dec-82  15:23  ALL  RD  NO 
SPOOL.SAV   (NEWSPL:930)       23  10-Dec-82  15:23  ALL  RD  NO 
SPOOL.SAV   (SPOOL:62)         23  10-Dec-82  15:23  ALL RUN RUN 
SPOOL.SAV   (SPOOL:930)        23  10-Dec-82  15:23  ALL RUN RUN 
SPOOL.SAV   (SPPOPER:38)       24  19-Aug-83  06:47  ALL RUN RUN 
SPOOL.SAV   (SPPOPER:65)       24  26-Apr-84  06:06  ALL RUN RUN 
SPOOL.SAV   (SSBACKUP:27)      24  16-May-83  19:14  ALL RUN RUN 
SPOOL.SAV   (SSBACKUP:30)      24  16-May-83  17:15  ALL RUN RUN 
SPOOL.SAV   (SSBACKUP:65)      24  16-May-83  19:18  ALL RUN RUN 
SPOOL.SAV   (SSBACKUP:72)      24  16-May-83  17:19  ALL RUN RUN 
SPOOL.SAV   (SSBACKUP:74)      24  16-May-83  17:19  ALL RUN RUN 
SPOOL.SAV   (SSBACKUP:79)      24  16-May-83  19:20  ALL RUN RUN 
SPOOL.SAV   (SYS:22)           24  12-Aug-83  06:29  ALL RUN RUN 
SPOOL.SAV   (SYS:23)           24  25-Aug-83  11:28  ALL RUN RUN 
SPOOL.SAV   (SYS:25)           24  19-Aug-83  08:48  ALL RUN RUN 
SPOOL.SAV   (SYS:26)           24  01-Jan-64  08:28  ALL RUN RUN 
SPOOL.SAV   (SYS:27)           24  25-Aug-83  11:28  ALL RUN RUN 
SPOOL.SAV   (SYS:28)           24  19-Aug-83  06:48  ALL RUN RUN 
SPOOL.SAV   (SYS:29)           24  25-Aug-83  09:29  ALL RUN RUN 
SPOOL.SAV   (SYS:30)           24  19-Aug-83  06:46  ALL RUN RUN 
SPOOL.SAV   (SYS:31)           24  19-Aug-83  08:48  ALL RUN RUN 
SPOOL.SAV   (SYS:33)           24  11-Aug-83  09:06  ALL RUN RUN 
SPOOL.SAV   (SYS:34)           24  25-Aug-83  09:30  ALL RUN RUN 
SPOOL.SAV   (SYS:35)           24  25-Aug-83  09:30  ALL RUN RUN 
SPOOL.SAV   (SYS:36)           24  25-Aug-83  09:29  ALL RUN RUN 
SPOOL.SAV   (SYS:37)           24  25-Aug-83  11:30  ALL RUN RUN 
SPOOL.SAV   (SYS:38)           24  28-Mar-86  15:20  ALL RUN RUN 
SPOOL.SAV   (SYS:54)           24  25-Aug-83  11:31  ALL RUN RUN 
SPOOL.SAV   (SYS:55)           24  25-Aug-83  09:31  ALL RUN RUN 
SPOOL.SAV   (SYS:56)           24  19-Aug-83  08:48  ALL RUN RUN 
SPOOL.SAV   (SYS:57)           24  25-Aug-83  11:31  ALL RUN RUN 
SPOOL.SAV   (SYS:58)           24  19-Aug-83  06:48  ALL RUN RUN 
SPOOL.SAV   (SYS:62)           24  04-Aug-83  14:13  ALL RUN RUN 
SPOOL.SAV   (SYS:65)           24  29-Nov-84  18:17  ALL RUN RUN 
SPOOL.SAV   (SYS:70)           24  19-Aug-83  06:53  ALL RUN RUN 
SPOOL.SAV   (SYS:72)           24  19-Aug-83  06:51  ALL RUN RUN 
SPOOL.SAV   (SYS:74)           24  19-Aug-83  06:46  ALL RUN RUN 
SPOOL.SAV   (SYS:79)           24  19-Aug-83  08:47  ALL RUN RUN 
SPOOL.SAV   (SYS:930)          24  04-Aug-83  14:13  ALL RUN RUN 
SPOOL.SAV   (UPL:38)           23  30-Oct-81  16:34  ALL RUN RUN 
SPOOL.SAV   (UPL:55)           23  30-Oct-81  16:33   NO  NO  NO 
SPOOL.SAV   (UPL:62)           23  02-Nov-81  10:42  ALL RUN RUN 
SPOOL.SAV   (UPL:74)           23  02-Nov-81  10:41  ALL RUN RUN 
SPOOL.SAV   (UPL:79)           23  30-Oct-81  18:33   NO  NO  NO 
SPOOL.SAV   (UPL:930)          23  02-Nov-81  10:42  ALL RUN RUN 
SPOOL.SAV   (WRS:27)           14  28-Nov-78  18:03  ALL RUN RUN 
SPOOL.SHR   (OGURA:34)         35  31-May-84  19:09  ALL ALL ALL 
SPOOL.SOR   (FBATCH:34)         2  24-Aug-83  05:04  ALL  RD  NO 
SPOOL.TAP   (BURRIESCIN:38)     2  08-Sep-82  14:17  ALL  RD  NO 
SPOOL.TAP   (DCSMINN:55)        2  12-Dec-85  13:08  ALL  RD  NO 
SPOOL.TAP   (SSPAMBIN:74)       2  05-Aug-82  17:32  ALL  RD  NO 
SPOOL.TAP   (SSPAMSYM:38)       1  29-Aug-80  16:22  ALL  RD  NO 
SPOOL.TAX   (PAYROLTYM:38)      2  09-Dec-84  15:55  ALL  RD  NO 
SPOOL.TBA   (OGURA:34)          2  31-May-84  19:07  ALL ALL ALL 
SPOOL.TBA   (TKYHMHM:34)        2  29-Jan-85  21:57  ALL ALL  NO 
SPOOL.TBA   (UTIL:55)           2  10-Oct-83  23:55  ALL  RD  NO 
SPOOL.TEL   (PAYROLTYM:38)      2  17-Oct-83  16:36  ALL  RD  NO 
SPOOL.TMP   (COEES2501:29)      2  18-Mar-86  12:44  ALL ALL ALL 
SPOOL.TOT   (PRDINV:79)         2  22-Jun-83  21:19  ALL  RD  NO 
SPOOL.TQL   (ERGESCOM:79)       2  25-May-85  05:24  ALL  RD  NO 
SPOOL.TRY   (SPOOL:29)          6  08-Jun-81  16:36  ALL  RD  NO 
SPOOL.TTY   (GLEUNG:38)         2  01-May-84  15:04  ALL  RD  NO 
SPOOL.TTY   (JCOONS:38)         2  18-Sep-85  13:49  ALL  RD  NO 
SPOOL.TTY   (PAYROLTYM:38)      2  22-Apr-83  15:13  ALL  RD  NO 
SPOOL.TTY   (PRDINV:79)         2  11-May-83  18:57  ALL  RD  NO 
SPOOL.TTY   (SDERRY:55)         2  13-Jan-83  22:26  ALL  RD  NO 
SPOOL.TXT   (DIST12A:34)        2  07-Apr-82  10:27  ALL  RD  NO 
SPOOL.TXT   (NAKANO:34)         2  23-May-83  21:17  ALL  RD  RD 
SPOOL.TXT   (SFPRINT:34)        2  06-Jul-81  14:34  ALL ALL ALL 
SPOOL.TXT   (TESTASB:30)        2  23-Jan-84  10:29  ALL  RD  NO 
SPOOL.TXT   (TESTASB:74)        2  08-Nov-83  17:25  ALL  RD  NO 
SPOOL.TXT   (UCHIDA:34)         2  30-Oct-84  20:45  ALL  RD  RD 
SPOOL.TYM   (PAYROLTYM:38)      2  17-Oct-83  16:38  ALL  RD  NO 
SPOOL.UP2   (PRDINV:79)         2  06-Jun-84  00:11  ALL  RD  NO 
SPOOL.UPD   (PRDINV:79)         2  06-Jun-84  00:10  ALL  RD  NO 
SPOOL.USE   (SYSMAINT:36)     220  10-Dec-85  17:23  ALL  RD  NO 
- o9