!rdist (sys)*.*/master:32/host:17,33/check
Master host: 32
968 files on master system.
Slave hosts: 17,33
Checking host 17
(SYS         :  17) FEFILE.SYS    65 23-Oct-87 13:36 -- missing on master
(SYS         :  17) NODLOD.SAV    26 28-Jun-82 16:37 -- bad license 400410
                           should be 28-Jun-82 16:37 KAKPAH  ALL  RD  NO 400010
(SYS         :  17) 2OPS2.OPS      2 09-Aug-80 10:39 -- bad checksum TEKCOB
                           should be 22-Sep-81 10:41 HEKRIL  ALL  RD  RD
(SYS         :  17) DSKMAP.DAT     2 28-Dec-83 08:56 -- bad checksum XUVQIG
                           should be 19-Oct-88 23:02 PUBHER  ALL  RD  NO
(SYS         :  17) FORTB.SHR     55 09-Jun-82 16:37 -- bad license    200
                           should be 09-Jun-82 16:37 QAVQOY  ALL  RD  RD
(SYS         :  17) TBALDR.LOW    19 10-Aug-81 17:10 -- bad checksum QIXZUL
                           should be 29-Oct-81 14:52 SUYQIQ  ALL RUN RUN
(SYS         :  17) BAIIO2.SM1     2 09-Aug-80 10:39 -- bad checksum CICSOV
                           should be 02-Feb-83 17:25 TUDJAJ  ALL  RD  RD
(SYS         :  17) BAIIO2.REL     4 09-Aug-80 10:39 -- bad checksum JECJAZ
                           should be 02-Feb-83 17:26 NEGHUP  ALL  RD  RD
(SYS         :  17) ACCESS.LIS     2 25-Nov-86 16:15 -- missing on master
(SYS         :  17) SV6657.IMG    27 23-Mar-88 18:02 -- bad checksum MUNVUH
                           should be 25-Mar-88 00:01 BEZFIX  ALL  RD  RD
(SYS         :  17) LOADII.SAV    29 06-Dec-86 12:53 -- bad checksum SARJOY
                           should be 06-Dec-86 12:53 HIFGUM  ALL RUN RUN   2400
(SYS         :  17) ACCESS.118     2 14-May-87 17:37 -- missing on master
(SYS         :  17) ACCESS.95      2 15-May-87 19:12 -- missing on master
(SYS         :  17) PAKCP5.SAV    25 06-Feb-87 19:21 -- bad checksum BAPNAG
                           should be 04-Nov-87 22:58 JONBOB  ALL  RD  NO
(SYS         :  17) PAKCPX.SAV    13 06-Feb-87 19:14 -- bad checksum QEBLER
                           should be 04-Nov-87 22:56 FUFCEK  ALL  RD  NO
(SYS         :  17) SVNICK.IMG    28 23-Mar-88 18:48 -- bad checksum LULDUK
                           should be 25-Mar-88 00:07 HOCTUC  ALL  RD  NO
(SYS         :  17) 100688.DAT     7 06-Oct-88 23:46 -- bad checksum TUYWER
                           should be 06-Oct-88 17:51 RICGIJ  ALL  RD  NO
(SYS         :  17) OPPS.SAV       2 01-Jan-64 16:01 -- bad checksum BUJNUT
                           should be 18-Apr-82 23:22 QUMQOD  ALL RUN RUN 403000
(SYS         :  17) FRMDDT.SAV    10 29-Apr-88 17:05 -- bad checksum VARGIZ
                           should be 29-Apr-88 17:05 GOTNUX  ALL  RD  RD
(SYS         :  17) LIBSAA.REL    60 02-Feb-83 17:36 -- bad checksum JOTSIT
                           should be 15-Jun-86 19:51 FUCGAG  ALL  RD  RD
(SYS         :  17) JQUEUE.MIN     7 22-Oct-87 16:05 -- bad checksum YUTYAC
                           should be 22-Oct-87 16:05 SORKEQ  ALL  RD  NO
(SYS         :  17) COBOLK.SHR    13 25-May-79 13:58 -- bad checksum ZUZDUT
                           should be 25-May-79 13:58 LIHNAZ  ALL  RD  RD
(SYS         :  17) BAIL.REL      37 09-Aug-80 10:39 -- bad checksum FEMHIV
                           should be 02-Feb-83 17:24 WAKDOS  ALL  RD  RD
(SYS         :  17) BAICLC.SM1     2 09-Aug-80 10:39 -- bad checksum NOMSEN
                           should be 02-Feb-83 17:28 KITYAZ  ALL  RD  RD
(SYS         :  17) BAICLC.REL     2 09-Aug-80 10:39 -- bad checksum PAKSAS
                           should be 02-Feb-83 17:28 SOTQEY  ALL  RD  RD
(SYS         :  17) COMPAC.SAV    32 26-Aug-80 15:20 -- bad checksum RUYYUN
                           should be 22-Jan-82 16:35 PARZIQ  ALL RUN RUN
(SYS         :  17) COMPAC.OVL    78 26-Aug-80 15:37 -- bad checksum QIRCIX
                           should be 22-Jan-82 16:43 REKLIB  ALL  RD  RD
(SYS         :  17) COMPAC.INF    18 26-Aug-80 15:37 -- bad checksum HUJMIP
                           should be 22-Jan-82 16:51 SUWNOH  ALL  RD  RD
(SYS         :  17) COMPAC.MES     7 26-Aug-80 15:50 -- bad checksum GAXWOK
                           should be 06-Oct-81 09:24 SIFBER  ALL  RD  RD
(SYS         :  17) TELAID.SHR    21 08-Oct-87 15:41 -- bad checksum PEBLEX
                           should be 08-Oct-87 15:41 TILHAP  ALL RUN RUN
(SYS         :  17) CISABX.DAT     2 18-Apr-85 11:00 -- bad checksum QINXIM
                           should be 10-Mar-88 01:30 QIYCOJ  ALL ALL ALL
(SYS         :  17) CHKPNT.27      5 11-Feb-80 15:14 -- bad checksum ZUMQUJ
                           should be 11-Feb-80 15:14 YIFPUZ  ALL  RD  NO
(SYS         :  17) NS1022.SHR   178 26-Sep-86 15:19 -- bad checksum TEMKES
                           should be 26-Sep-86 15:19 XATDUP  ALL  RD  RD
(SYS         :  17) JQUEUE.SYS     7 19-Oct-88 14:01 -- bad checksum SUNZUT
                           should be 19-Oct-88 13:55 LACCOJ  ALL  RD  NO
(SYS         :  17) COOKIE.SYS    48 28-Apr-81 01:10 -- missing on master
(SYS         :  17) TYPE.HLP       5 23-Jun-81 12:32 -- missing on master
(SYS         :  17) 100788.DAT    19 07-Oct-88 23:27 -- bad checksum YEWKAG
                           should be 07-Oct-88 23:59 QUYWEH  ALL  RD  NO
(SYS         :  17) CRA007.SAV   352 09-Oct-88 17:00 -- bad checksum SOCJEX
                           should be 25-Sep-88 08:53 LIFJEW  ALL  RD  NO
(SYS         :  17) SED.SHR       19 16-Sep-85 19:12 -- bad checksum GIJZUN
                           should be 16-Sep-85 19:12 QUXHAY  ALL  RD  RD
(SYS         :  17) SED.LOW       12 16-Sep-85 19:12 -- protection ALL  RD  NO
                           should be 16-Sep-85 19:12 VUJJIV  ALL  RD  RD
(SYS         :  17) CRASH.SAV    514 19-May-65 13:36 -- bad checksum YUHQIP
                           should be 08-Dec-65 13:55 NEMXUR   RD  RD  NO
(SYS         :  17) TAKEIT.SAV    44 28-Jun-82 16:37 -- protection ALL RUN RUN
                           should be 09-May-87 04:32 DAFSUV  ALL  RD  NO 741002
(SYS         :  17) PAS.SYS      223 17-Jun-88 15:53 -- bad checksum WUPZUB
                           should be 04-Apr-88 16:09 SEVNUS  ALL  RD  NO
(SYS         :  17) ASP.SAV        7 23-Apr-87 22:52 -- bad checksum WOPLIN
                           should be 10-Jun-88 08:01 DAJXUH  ALL RUN  NO  64017
(SYS         :  17) GOGTAB.DEF     2 09-Aug-80 10:39 -- bad checksum GUQBEY
                           should be 02-Feb-83 17:42 CIMDIN  ALL  RD  RD
(SYS         :  17) TAKEIT.LOG    12 19-Oct-88 15:17 -- bad checksum ROHJOX
                           should be 20-Oct-88 00:01 NUTSIJ  ALL  RD  NO
(SYS         :  17) BIONIC.SAV     2 22-Nov-76 11:06 -- bad checksum NEYLUH
                           should be 31-Jul-83 18:16 QODFON  ALL RUN RUN  42000
(SYS         :  17) SETTER.LOW     2 01-Jan-64 16:01 -- bad checksum YUKWEF
                           should be 01-Jan-64 16:01 TAZZUP  ALL RUN RUN
(SYS         :  17) SETTER.SHR    11 01-Jan-64 16:01 -- bad checksum CUYNUS
                           should be 01-Jan-64 16:01 NULPUC  ALL RUN RUN
(SYS         :  17) FTXLIB.REL    94 06-Jan-81 14:08 -- bad checksum FOWMOS
                           should be 13-May-81 17:19 BEHDOL  ALL  RD  RD
(SYS         :  17) 1022C1.SHR    89 26-Sep-86 15:19 -- bad checksum ROBHOX
                           should be 26-Sep-86 15:19 MIXXUM  ALL  RD  RD
(SYS         :  17) PAS.118      221 11-Oct-85 16:28 -- bad checksum VUMTIN
                           should be 11-Oct-85 16:28 XAVGON  ALL  RD  NO
(SYS         :  17) BIONIC.SYS     2 22-Nov-76 11:06 -- missing on master
(SYS         :  17) OLDMON.SAV   169 22-Aug-88 14:48 -- bad checksum RILPEL
                           should be 12-Sep-88 12:47 QEXKUY  ALL  RD  NO
(SYS         :  17) DIRECT.LOW     2 22-May-87 16:52 -- protection ALL  RD RUN
                           should be 24-Mar-82 10:25 GIFHOL  ALL  RD  NO
(SYS         :  17) DIRECT.SHR    22 22-May-87 16:50 -- protection ALL  RD RUN
                           should be 24-Mar-82 10:24 BOQRUY  ALL  RD  NO
(SYS         :  17) LOGON.HLP      5 07-Jul-88 12:25 -- missing on master
(SYS         :  17) RPSUPD.HLP     4 06-Feb-75 15:26 -- missing on master
(SYS         :  17) 101088.DAT     4 10-Oct-88 16:03 -- bad checksum FADPIY
                           should be 10-Oct-88 23:44 HATZAS  ALL  RD  NO
(SYS         :  17) CRA001.SAV   314 06-Oct-88 17:00 -- bad checksum WIWKIG
                           should be 30-Sep-88 20:21 GACLIS  ALL  RD  NO
(SYS         :  17) CRA008.SAV   340 09-Oct-88 17:00 -- bad checksum VICCEC
                           should be 26-Sep-88 01:58 XAKZIS  ALL  RD  NO
(SYS         :  17) RECOV.SYS      2 19-Oct-88 14:27 -- missing on master
(SYS         :  17) SYSTEM.SAV   170 19-Oct-88 14:57 -- bad checksum JUNSIJ
                           should be 07-Oct-88 11:21 TAWLOT  ALL  RD  NO
(SYS         :  17) SPAGES.SYS   223 23-Oct-87 13:36 -- bad checksum CUMREF
                           should be 13-May-88 14:55 FUGDOW   RD  RD  NO
(SYS         :  17) LUD.MIN      223 29-Apr-80 16:25 -- protection ALL  RD  RD
                           should be 29-Apr-80 16:25 TAYBOZ  ALL  RD  NO
(SYS         :  17) PCOM.SHR      51 26-Nov-86 18:16 -- bad checksum JAXFIK
                           should be 26-Nov-86 18:16 HUHSIP  ALL RUN RUN 777717
(SYS         :  17) XOBLAM        36 20-Oct-88 15:39 -- bad checksum CAYQEG
                           should be 20-Oct-88 16:58 WIDQOW  ALL  RD  NO
(SYS         :  17) BCHARG.SHR    23 31-Aug-78 16:20 -- bad checksum ZUYPAK
                           should be 18-Jan-88 14:08 SIQNAC  ALL  RD  NO      2
(SYS         :  17) BCHARG.LOW     2 31-Aug-78 16:23 -- bad checksum POTPAB
                           should be 18-Jan-88 14:08 TOBVAC  ALL  RD  NO      2
(SYS         :  17) TBALIB.REL    79 10-Aug-81 17:10 -- bad checksum LATPUM
                           should be 29-Oct-81 14:54 TIJROV  ALL  RD  RD
(SYS         :  17) TBA.SHR       44 10-Aug-81 17:10 -- bad checksum RUZCEN
                           should be 29-Oct-81 14:45 QUHCEY  ALL RUN RUN
(SYS         :  17) TBA.LOW        2 10-Aug-81 17:10 -- bad checksum RIDLIM
                           should be 29-Oct-81 14:43 MEBZIB  ALL RUN RUN
(SYS         :  17) TBAEND.REL     4 10-Aug-81 17:10 -- bad checksum GUMZIL
                           should be 29-Oct-81 14:49 PORMIX  ALL  RD  RD
(SYS         :  17) PRESUP.SAV    29 11-Oct-77 07:40 -- bad checksum DALJUH
                           should be 11-Oct-77 07:40 FAWQAR  ALL RUN RUN
(SYS         :  17) SZRPT.2        4 20-Jul-77 11:14 -- bad checksum CIKSEW
                           should be 20-Jul-77 11:14 FEMYIS  ALL  RD  NO
(SYS         :  17) LUD.930      226 20-Aug-86 21:16 -- bad checksum FALPUN
                           should be 24-Feb-87 17:45 REWZAK  ALL  RD  NO
(SYS         :  17) 1022C2.V10    78 26-Sep-86 15:19 -- bad checksum YAPXEL
                           should be 26-Sep-86 15:19 JUPKIH  ALL  RD  RD
(SYS         :  17) LUD.118      223 11-Oct-85 16:28 -- bad checksum YIKVIM
                           should be 11-Oct-85 16:28 KIVFAR  ALL  RD  NO
(SYS         :  17) KI.SAV       164 05-Jun-87 13:54 -- bad checksum DIZLEH
                           should be 28-Aug-87 15:03 JIFWET  ALL  RD  NO
(SYS         :  17) ASP6.SAV       6 20-Jun-85 11:51 -- missing on master
(SYS         :  17) DUL.17        27 15-Dec-87 18:06 -- bad checksum VIRHAJ
                           should be 15-Dec-87 18:06 POLSOC  ALL  RD  NO
(SYS         :  17) CRA002.SAV   339 09-Oct-88 17:00 -- bad checksum ZICZOY
                           should be 02-Sep-88 13:41 GOZDOS  ALL  RD  NO
(SYS         :  17) LUD.32       226 19-Oct-88 14:37 -- bad checksum KUBZOF
                           should be 04-Feb-88 16:28 JIQSOS  ALL  RD  RD
(SYS         :  17) DUL.32        27 19-Oct-88 14:36 -- bad checksum BULHET
                           should be 04-Feb-88 16:28 POLSOC  ALL  RD  NO
(SYS         :  17) LUD.SYS      226 20-Oct-88 15:39 -- bad checksum KAHDAM
                           should be 20-Oct-88 16:57 CAVRIC  ALL  RD  RD
(SYS         :  17) 102088.DAT    14 20-Oct-88 16:59 -- bad checksum XIGREQ
                           should be 20-Oct-88 16:36 VUSQEB  ALL  RD  NO
(SYS         :  17) HOME.SYS      25 23-Oct-87 13:36 -- bad checksum FAPCAG
                           should be 13-May-88 14:55 KUBYIL   RD  RD  RD
(SYS         :  17) SAIL.LOW       9 02-Feb-83 17:22 -- bad checksum FAYGOL
                           should be 15-Jun-86 14:44 HINQUB  ALL  RD  RD
(SYS         :  17) BACKUP.SAV   168 14-Dec-87 13:54 -- bad checksum TURSIY
                           should be 10-Jun-88 15:04 XUSROY  ALL  RD  NO
(SYS         :  17) LIB40.REL    104 04-Dec-79 19:00 -- bad checksum GUZTIS
                           should be 04-Dec-79 19:00 BECCIC  ALL  RD  RD
(SYS         :  17) SAIL.CMD       2 04-Feb-83 08:02 -- protection ALL  RD  RD
                           should be 04-Feb-83 08:03 XURZAT  ALL  RD  NO
(SYS         :  17) LNKLOD.SHR    26 25-Nov-81 09:52 -- bad checksum PUWJUC
                           should be 25-Nov-81 09:52 CESTUY  ALL  RD  RD
(SYS         :  17) SETLIC.SAV     2 30-May-86 18:01 -- bad checksum FUMWOV
                           should be 09-Dec-87 01:47 GUBLAR  ALL  RD  NO
(SYS         :  17) F4STAT.DAT     2 23-Apr-85 16:39 -- bad checksum KONNUR
                           should be 11-Jun-87 16:05 BIXXAR  ALL ALL ALL
(SYS         :  17) KS2020.EXE   254 16-Apr-85 17:18 -- bad checksum ******
                           should be 16-Apr-85 17:18 CANLEP  ALL  RD  NO
(SYS         :  17) KSXN13.SAV   160 03-Jul-85 15:22 -- bad checksum ******
                           should be 03-Jul-85 15:22 PEDWOV  RUN  NO  NO
(SYS         :  17) 101988.DAT                       -- missing on slave
(SYS         :  17) 101288.DAT                       -- missing on slave
(SYS         :  17) 100388.DAT                       -- missing on slave
(SYS         :  17) CRA003.SAV                       -- missing on slave
(SYS         :  17) CTYLOG.32                        -- missing on slave
(SYS         :  17) KLMON.SAV                        -- missing on slave
(SYS         :  17) CRSHID.DAT                       -- missing on slave
(SYS         :  17) KI3675.SAV                       -- missing on slave
(SYS         :  17) F3.SAV                           -- missing on slave
(SYS         :  17) 101388.DAT                       -- missing on slave
(SYS         :  17) 100488.DAT                       -- missing on slave
(SYS         :  17) CRA004.SAV                       -- missing on slave
(SYS         :  17) MONCTY.SAV                       -- missing on slave
(SYS         :  17) INITIA.930                       -- missing on slave
(SYS         :  17) INITIA.17                        -- missing on slave
(SYS         :  17) INITIA.20                        -- missing on slave
(SYS         :  17) INITIA.21                        -- missing on slave
(SYS         :  17) INITIA.95                        -- missing on slave
(SYS         :  17) INITIA.15                        -- missing on slave
(SYS         :  17) P034G.SAV                        -- missing on slave
(SYS         :  17) INITIA.118                       -- missing on slave
(SYS         :  17) DUL118.SYS                       -- missing on slave
(SYS         :  17) LUD118.SYS                       -- missing on slave
(SYS         :  17) LUDDIS.CCL                       -- missing on slave
(SYS         :  17) SETE.SAV                         -- missing on slave
(SYS         :  17) RUNPAM.SAV                       -- missing on slave
(SYS         :  17) NODCOD.BIN                       -- missing on slave
(SYS         :  17) RELOAD.SAV                       -- missing on slave
(SYS         :  17) SIMPL2.SHR                       -- missing on slave
(SYS         :  17) INITIA.23                        -- missing on slave
(SYS         :  17) FILDDT.30                        -- missing on slave
(SYS         :  17) SYB.DAT                          -- missing on slave
(SYS         :  17) DIFFER.HLP                       -- missing on slave
(SYS         :  17) INITIA.SAV                       -- missing on slave
(SYS         :  17) FILDDT.SAV                       -- missing on slave
(SYS         :  17) BADRPG.SHR                       -- missing on slave
(SYS         :  17) X22TST.FOR                       -- missing on slave
(SYS         :  17) TELE.DAT                         -- missing on slave
(SYS         :  17) WLD7A.REL                        -- missing on slave
(SYS         :  17) FORLIB.REL                       -- missing on slave
(SYS         :  17) TBAUND.REL                       -- missing on slave
(SYS         :  17) QUOLST.SHR                       -- missing on slave
(SYS         :  17) USM.DAT                          -- missing on slave
(SYS         :  17) 101688.DAT                       -- missing on slave
(SYS         :  17) 042288.REC                       -- missing on slave
(SYS         :  17) KIMON.SAV                        -- missing on slave
(SYS         :  17) JQUEUE.X32                       -- missing on slave
(SYS         :  17) FILCOM.HLP                       -- missing on slave
(SYS         :  17) ANT.DAT                          -- missing on slave
(SYS         :  17) AMN.DAT                          -- missing on slave
(SYS         :  17) DINDX.DAT                        -- missing on slave
(SYS         :  17) 101588.DAT                       -- missing on slave
(SYS         :  17) CRA006.SAV                       -- missing on slave
(SYS         :  17) 3675P.MSG                        -- missing on slave
(SYS         :  17) XEXEC.CAB                        -- missing on slave
(SYS         :  17) P034P.SAV                        -- missing on slave
(SYS         :  17) GATEWA.HLP                       -- missing on slave
(SYS         :  17) BUBNET.HLP                       -- missing on slave
(SYS         :  17) LOADII.ACC                       -- missing on slave
(SYS         :  17) SORT.HLP                         -- missing on slave
(SYS         :  17) MERLIN.SAV                       -- missinglave
(SYS         :  17) XEXEC.DWC                        -- missing on slave
(SYS         :  17) XEXEC.206                        -- missing on slave
(SYS         :  17) CSORT.HLP                        -- missing on slave
(SYS         :  17) CHECKT.FMT                       -- missing on slave
(SYS         :  17) HLBSAA.REL                       -- missing on slave
(SYS         :  17) USH.DAT                          -- missing on slave
(SYS         :  17) AUS.DAT                          -- missing on slave
(SYS         :  17) DUSAGE.DAT                       -- missing on slave
(SYS         :  17) ENA.SAV                          -- missing on slave
(SYS         :  17) VUE.EXE                          -- missing on slave
(SYS         :  17) 101888.DAT                       -- missing on slave
(SYS         :  17) 101188.DAT                       -- missing on slave
(SYS         :  17) 100988.DAT                       -- missing on slave
(SYS         :  17) CRA009.SAV                       -- missing on slave
(SYS         :  17) 100288.DAT                       -- missing on slave
(SYS         :  17) TELECO.S23                       -- missing on slave
(SYS         :  17) TELECO.221                       -- missing on slave
(SYS         :  17) DUL.X32                          -- missing on slave
(SYS         :  17) BADBLK.TXT                       -- missing on slave
(SYS         :  17) X                                -- missing on slave
(SYS         :  17) TITO2.CMD                        -- missing on slave
(SYS         :  17) BIONIK.SAV                       -- missing on slave
(SYS         :  17) MAP.DAT                          -- missing on slave
(SYS         :  17) EUR.DAT                          -- missing on slave
(SYS         :  17) BLIS10.ERR                       -- missing on slave
(SYS         :  17) 101788.DAT                       -- missing on slave
(SYS         :  17) CRA010.SAV                       -- missing on slave
(SYS         :  17) 100888.DAT                       -- missing on slave
(SYS         :  17) 100188.DAT                       -- missing on slave
(SYS         :  17) DDTOLD.REL                       -- missing on slave
(SYS         :  17) DDTOLD.SAV                       -- missing on slave
(SYS         :  17) KL3652.SAV                       -- missing on slave
(SYS         :  17) SYSTEM.95                        -- missing on slave
(SYS         :  17) HLP.SHR                          -- missing on slave
(SYS         :  17) ASI.DAT                          -- missing on slave
(SYS         :  17) 101488.DAT                       -- missing on slave
(SYS         :  17) CRA005.SAV                       -- missing on slave
(SYS         :  17) HOSTS.SYS                        -- missing on slave
(SYS         :  17) DRWSPR.TXT                       -- missing on slave
(SYS         :  17) DRWSPR.BLD                       -- missing on slave
(SYS         :  17) DRWSPR.14                        -- missing on slave
(SYS         :  17) HOSTS.14                         -- missing on slave
(SYS         :  17) DRWSPR.17                        -- missing on slave
(SYS         :  17) HOSTS.17                         -- missing on slave
(SYS         :  17) DRWSPR.32                        -- missing on slave
(SYS         :  17) 1022.NEW                         -- missing on slave
(SYS         :  17) DRWSPR.F29                       -- missing on slave
(SYS         :  17) DRWSPR.X32                       -- missing on slave
(SYS         :  17) DSKCLN.106                       -- missing on slave
(SYS         :  17) TITO.164                         -- missing on slave
(SYS         :  17) DRWSPR.D34                       -- missing on slave
(SYS         :  17) DRWSPR.000                       -- missing on slave
(SYS         :  17) DRWSPR.TXX                       -- missing on slave
(SYS         :  17) DSKCLN.107                       -- missing on slave
(SYS         :  17) SUBMIT.LOW                       -- missing on slave
(SYS         :  17) SUBMIT.SHR                       -- missing on slave
(SYS         :  17) DRWSPR.118                       -- missing on slave
(SYS         :  17) DRWSPR.930                       -- missing on slave
(SYS         :  17) LNN.SAV                          -- missing on slave
(SYS         :  17) DISK.DOC                         -- missing on slave
(SYS         :  17) DISK.SAV                         -- missing on slave
(SYS         :  17) KMCCOD.BIN                       -- missing on slave
(SYS         :  17) DSKCLN.103                       -- missing on slave
(SYS         :  17) DRWSPR.SYS                       -- missing on slave
(SYS         :  17) KS.SAV                           -- missing on slave
(SYS         :  17) SIMPL3.RSW                       -- missing on slave
(SYS         :  17) KSBLOD.DMP                       -- missing on slave
(SYS         :  17) TITO.15                          -- missing on slave
(SYS         :  17) CROSS.4                          -- missing on slave
(SYS         :  17) SAIL23.REL                       -- missing on slave
(SYS         :  17) SAIL23.LOW                       -- missing on slave
(SYS         :  17) SAIL23.SHR                       -- missing on slave
(SYS         :  17) TECO.INI                         -- missing on slave
(SYS         :  17) ACTSUM.DOC                       -- missing on slave
(SYS         :  17) ECHOFL.SAV                       -- missing on slave
(SYS         :  17) TELAGR.LOW                       -- missing on slave
(SYS         :  17) TELAGR.HGH                       -- missing on slave
(SYS         :  17) XEXECW.SAV                       -- missing on slave
(SYS         :  17) SIMPL3.SHR                       -- missing on slave
(SYS         :  17) DSKCLN.SAV                       -- missing on slave
(SYS         :  17) SV2770.IMG                       -- missing on slave
(SYS         :  17) DIRIT.SHR                        -- missing on slave
(SYS         :  17) PCOM1.SHR                        -- missing on slave
(SYS         :  17) PCOM1.LOW                        -- missing on slave
(SYS         :  17) X22C0.FXL                        -- missing on slave
(SYS         :  17) 1022.FXL                         -- missing on slave
(SYS         :  17) QN1400.FXL                       -- missing on slave
(SYS         :  17) KI3652.SAV                       -- missing on slave
(SYS         :  17) DRWSPR.EPO                       -- missing on slave
(SYS         :  17) NEWMON.SAV                       -- missing on slave
(SYS         :  17) SVFOON.IMG                       -- missing on slave
(SYS         :  17) KL.SAV                           -- missing on slave
(SYS         :  17) NAD.WOL                          -- missing on slave
(SYS         :  17) NAD.RHS                          -- missing on slave
(SYS         :  17) DIRIT.LOW                        -- missing on slave
(SYS         :  17) BOOTS1.SAV                       -- missing on slave
(SYS         :  17) CROSS.SHR                        -- missing on slave
(SYS         :  17) BAIPRC.REL                       -- missing on slave
(SYS         :  17) NAD.SAV                          -- missing on slave
(SYS         :  17) DSKCLN.S36                       -- missing on slave
(SYS         :  17) TITO.163                         -- missing on slave
(SYS         :  17) COPY3.FMT                        -- missing on slave
(SYS         :  17) COPY3.SAV                        -- missing on slave
(SYS         :  17) BAIIO1.REL                       -- missing on slave
(SYS         :  17) ENDECR.REL                       -- missing on slave
(SYS         :  17) HLBSA9.REL                       -- missing on slave
(SYS         :  17) SAILWT.REL                       -- missing on slave
(SYS         :  17) LIBSA8.REL                       -- missing on slave
(SYS         :  17) SFOLIB.REL                       -- missing on slave
(SYS         :  17) PAI.DAT                          -- missing on slave
(SYS         :  17) LBL.DAT                          -- missing on slave
(SYS         :  17) AMS.DAT                          -- missing on slave
(SYS         :  17) RESET.SAV                        -- missing on slave
(SYS         :  17) SENDMA.SAV                       -- missing on slave
(SYS         :  17) AUXMOX.SAV                       -- missing on slave
(SYS         :  17) SY.SAV                           -- missing on slave
(SYS         :  17) POP.SAV                          -- missing on slave
(SYS         :  17) NAD.LOW                          -- missing on slave
(SYS         :  17) NAD.SHR                          -- missing on slave
(SYS         :  17) FTF40.SHR                        -- missing on slave
(SYS         :  17) TC.SHR                           -- missing on slave
(SYS         :  17) BAIPRC.SM1                       -- missing on slave
(SYS         :  17) BAIIO1.SM1                       -- missing on slave
(SYS         :  17) SAISGA.SHR                       -- missing on slave
(SYS         :  17) 1022.ERR                         -- missing on slave
(SYS         :  17) FOR22.SHR                        -- missing on slave
(SYS         :  17) QN1400.SHR                       -- missing on slave
(SYS         :  17) 1022.SHR                         -- missing on slave
(SYS         :  17) CLRALC.SAV                       -- missing on slave
(SYS         :  17) NEW114.MEM                       -- missing on slave
(SYS         :  17) RECORD.DEF                       -- missing on slave
(SYS         :  17) MACTEN.UNV                       -- missing on slave
(SYS         :  17) ERRCHK.SAV                       -- missing on slave
(SYS         :  17) 1CLEAR.SAV                       -- missing on slave
(SYS         :  17) DISCOM.CMD                       -- missing on slave
(SYS         :  17) DISCOM.SAV                       -- missing on slave
(SYS         :  17) CALPOP.HGH                       -- missing on slave
(SYS         :  17) CALPOP.LOW                       -- missing on slave
(SYS         :  17) ZETPOP.LOW                       -- missing on slave
(SYS         :  17) ZETPOP.HGH                       -- missing on slave
(SYS         :  17) 1022SA.SAV                       -- missing on slave
(SYS         :  17) X22C0.SHR                        -- missing on slave
(SYS         :  17) CA9900.SHR                       -- missing on slave
(SYS         :  17) CA1802.SHR                       -- missing on slave
(SYS         :  17) SI1000.SHR                       -- missing on slave
(SYS         :  17) SI1000.LOW                       -- missing on slave
(SYS         :  17) EDIT10.SHR                       -- missing on slave
(SYS         :  17) LIBO10.SHR                       -- missing on slave
(SYS         :  17) FTDRYD.SAV                       -- missing on slave
(SYS         :  17) ISORT.MEM                        -- missing on slave
(SYS         :  17) ISORT.LOW                        -- missing on slave
(SYS         :  17) ISORT.SHR                        -- missing on slave
(SYS         :  17) SFOC.SHR                         -- missing on slave
(SYS         :  17) COST.SAV                         -- missing on slave
(SYS         :  17) PASPRN.SAV                       -- missing on slave
(SYS         :  17) ACTSUM.SAV                       -- missing on slave
(SYS         :  17) FSHTAP.SAV                       -- missing on slave
(SYS         :  17) SPECX.SHR                        -- missing on slave
(SYS         :  17) SPECX.LOW                        -- missing on slave
(SYS         :  17) SPEC                             -- missing on slave
(SYS         :  17) SPEC.SMI                         -- missing on slave
(SYS         :  17) CLEAR.SAV                        -- missing on slave
(SYS         :  17) CKSUM.LOW                        -- missing on slave
(SYS         :  17) CKSUM.SHR                        -- missing on slave
(SYS         :  17) IOCSU.SIM                        -- missing on slave
(SYS         :  17) DTB.SAV                          -- missing on slave
(SYS         :  17) TDB.SAV                          -- missing on slave
(SYS         :  17) COMPLR.SAV                       -- missing on slave
(SYS         :  17) REMIND.SAV                       -- missing on slave
(SYS         :  17) REDUCE.SAV                       -- missing on slave
(SYS         :  17) SETDMP.SAV                       -- missing on slave
(SYS         :  17) TECO.ERR                         -- missing on slave
(SYS         :  17) DETAP.SAV                        -- missing on slave
(SYS         :  17) NEWHOL.SAV                       -- missing on slave
(SYS         :  17) MAKDIR.SAV                       -- missing on slave
(SYS         :  17) SOMPIL.SHR                       -- missing on slave
(SYS         :  17) STADRV.OVL                       -- missing on slave
(SYS         :  17) STATPA.SAV                       -- missing on slave
(SYS         :  17) TECO.SHR                         -- missing on slave
(SYS         :  17) SNOBOL.INI                       -- missing on slave
(SYS         :  17) SNOBOL.LOW                       -- missing on slave
(SYS         :  17) SNOBOL.SHR                       -- missing on slave
(SYS         :  17) NEWRES.SAV                       -- missing on slave
(SYS         :  17) GLOB.SHR                         -- missing on slave
(SYS         :  17) BINCOM.SAV                       -- missing on slave
(SYS         :  17) TITO.SAV                         -- missing on slave
(SYS         :  17) SAT.SYS                          -- missing on slave
(SYS         :  17) MMM.DAT                          -- missing on slave
(SYS         :  17) BOOT3P.KL                        -- missing on slave
(SYS         :  17) BOOT3P.KI                        -- missing on slave
(SYS         :  17) BOOT3B.KL                        -- missing on slave
(SYS         :  17) BOOT3B.KI                        -- missing on slave
(SYS         :  17) PAKCP3.SAV                       -- missing on slave
(SYS         :  17) PAKCOP.SAV                       -- missing on slave
(SYS         :  17) AFR.DAT                          -- missing on slave
(SYS         :  17) APPUS.DAT                        -- missing on slave
(SYS         :  17) INITIA.22                        -- missing on slave
(SYS         :  17) GFDOLD.SAV                       -- missing on slave
(SYS         :  17) EXPX22.REL                       -- missing on slave
(SYS         :  17) HLBSA8.REL                       -- missing on slave
(SYS         :  17) COBDDT.REL                       -- missing on slave
(SYS         :  17) HIDDT.REL                        -- missing on slave
(SYS         :  17) SLIB.REL                         -- missing on slave
(SYS         :  17) LINKER.SAV                       -- missing on slave
(SYS         :  17) DIS.SAV                          -- missing on slave
(SYS         :  17) DOCGEN.SHR                       -- missing on slave
(SYS         :  17) NVAS.SHR                         -- missing on slave
(SYS         :  17) CT4.SAV                          -- missing on slave
(SYS         :  17) LPASSW.SAV                       -- missing on slave
(SYS         :  17) SEND.SAV                         -- missing on slave
(SYS         :  17) MAKLIB.SHR                       -- missing on slave
(SYS         :  17) SETE.S11                         -- missing on slave
(SYS         :  17) LISTER.SHR                       -- missing on slave
(SYS         :  17) MAGNUM.SHR                       -- missing on slave
(SYS         :  17) MAIL.SAV                         -- missing on slave
(SYS         :  17) LISP.SYM                         -- missing on slave
(SYS         :  17) LISP.SYN                         -- missing on slave
(SYS         :  17) FORTG.SHR                        -- missing on slave
(SYS         :  17) FORTG.LOW                        -- missing on slave
(SYS         :  17) LNKXIT.SHR                       -- missing on slave
(SYS         :  17) TAPE.SHR                         -- missing on slave
(SYS         :  17) TAPE.LOW                         -- missing on slave
(SYS         :  17) TBACMP.SHR                       -- missing on slave
(SYS         :  17) CRAM.SAV                         -- missing on slave
(SYS         :  17) DRYDOC.SAV                       -- missing on slave
(SYS         :  17) EXPX22.SHR                       -- missing on slave
(SYS         :  17) QT1400.SHR                       -- missing on slave
(SYS         :  17) TBAMSG.SHR                       -- missing on slave
(SYS         :  17) NVAS.LOW                         -- missing on slave
(SYS         :  17) DTEXT.CPT                        -- missing on slave
(SYS         :  17) CHKCLK.SAV                       -- missing on slave
(SYS         :  17) LOADER.SAV                       -- missing on slave
(SYS         :  17) ISAM.SHR                         -- missing on slave
(SYS         :  17) SAISG9.SHR                       -- missing on slave
(SYS         :  17) PROCES.DEF                       -- missing on slave
(SYS         :  17) NONAME.LOW                       -- missing on slave
(SYS         :  17) NONAME.SHR                       -- missing on slave
(SYS         :  17) FAIL.SAV                         -- missing on slave
(SYS         :  17) PUB.SAV                          -- missing on slave
(SYS         :  17) RECPPR.SAV                       -- missing on slave
(SYS         :  17) SI6800.SHR                       -- missing on slave
(SYS         :  17) NONAME.INF                       -- missing on slave
(SYS         :  17) SI8085.SHR                       -- missing on slave
(SYS         :  17) NONAME.OPR                       -- missing on slave
(SYS         :  17) FTTITO.SAV                       -- missing on slave
(SYS         :  17) ACLOG.SAV                        -- missing on slave
(SYS         :  17) 6500.SYM                         -- missing on slave
(SYS         :  17) SFOB.SHR                         -- missing on slave
(SYS         :  17) OPCOPY.SAV                       -- missing on slave
(SYS         :  17) PROFIL.SHR                       -- missing on slave
(SYS         :  17) PSCHED.SAV                       -- missing on slave
(SYS         :  17) COBAID.SHR                       -- missing on slave
(SYS         :  17) SELOTS.SHR                       -- missing on slave
(SYS         :  17) RCHARG.LOW                       -- missing on slave
(SYS         :  17) RCHARG.SHR                       -- missing on slave
(SYS         :  17) FAILSA.SAV                       -- missing on slave
(SYS         :  17) SPICE.LIB                        -- missing on slave
(SYS         :  17) LISP.LOD                         -- missing on slave
(SYS         :  17) SPICE.OVL                        -- missing on slave
(SYS         :  17) LIBOL7.SHR                       -- missing on slave
(SYS         :  17) RCADEC.SAV                       -- missing on slave
(SYS         :  17) RWTAPE.LOW                       -- missing on slave
(SYS         :  17) RWTAPE.HGH                       -- missing on slave
(SYS         :  17) LISP.SAV                         -- missing on slave
(SYS         :  17) DREGR.SAV                        -- missing on slave
(SYS         :  17) TAPE.HLP                         -- missing on slave
(SYS         :  17) LISP.LSP                         -- missing on slave
(SYS         :  17) TSTAT.SAV                        -- missing on slave
(SYS         :  17) COBRG.OVR                        -- missing on slave
(SYS         :  17) COBRG.SAV                        -- missing on slave
(SYS         :  17) FSTAT.SAV                        -- missing on slave
(SYS         :  17) SETDIS.SAV                       -- missing on slave
(SYS         :  17) RBTAPE.SAV                       -- missing on slave
(SYS         :  17) HELLO.SAV                        -- missing on slave
(SYS         :  17) SUDS.SHR                         -- missing on slave
(SYS         :  17) RGSTP.SAV                        -- missing on slave
(SYS         :  17) VPFORM.SAV                       -- missing on slave
(SYS         :  17) SCRIP6.LSP                       -- missing on slave
(SYS         :  17) SPICE.HLP                        -- missing on slave
(SYS         :  17) SPICE.SAV                        -- missing on slave
(SYS         :  17) LOGOUT.SHR                       -- missing on slave
(SYS         :  17) SYSTAT.LOW                       -- missing on slave
(SYS         :  17) SYSTAT.SHR                       -- missing on slave
(SYS         :  17) NEWRPG.SHR                       -- missing on slave
(SYS         :  17) BAIPDA.REL                       -- missing on slave
(SYS         :  17) X22.REL                          -- missing on slave
(SYS         :  17) DYNFOR.REL                       -- missing on slave
(SYS         :  17) TRNBIL.REL                       -- missing on slave
(SYS         :  17) CMDPKG.REL                       -- missing on slave
(SYS         :  17) CSMPDF.REL                       -- missing on slave
(SYS         :  17) USL.DAT                          -- missing on slave
(SYS         :  17) HER.DAT                          -- missing on slave
(SYS         :  17) CT3.SAV                          -- missing on slave
(SYS         :  17) X22.SHR                          -- missing on slave
(SYS         :  17) QS1400.SHR                       -- missing on slave
(SYS         :  17) QL1400.SHR                       -- missing on slave
(SYS         :  17) CA8008.SHR                       -- missing on slave
(SYS         :  17) CA2000.SHR                       -- missing on slave
(SYS         :  17) SI8048.SHR                       -- missing on slave
(SYS         :  17) CAPPS8.SAV                       -- missing on slave
(SYS         :  17) COSMAC.SYM                       -- missing on slave
(SYS         :  17) MICRO.SHR                        -- missing on slave
(SYS         :  17) MICRO.LOW                        -- missing on slave
(SYS         :  17) SFOA.SHR                         -- missing on slave
(SYS         :  17) SFORTR.SHR                       -- missing on slave
(SYS         :  17) MACY11.SHR                       -- missing on slave
(SYS         :  17) SUPER.OVL                        -- missing on slave
(SYS         :  17) SUPER.SAV                        -- missing on slave
(SYS         :  17) AUXMOV.SAV                       -- missing on slave
(SYS         :  17) SWEET.SAV                        -- missing on slave
(SYS         :  17) BASRUN.SHR                       -- missing on slave
(SYS         :  17) BASRUN.LOW                       -- missing on slave
(SYS         :  17) MAXIMA.SAV                       -- missing on slave
(SYS         :  17) CHGCUS.SAV                       -- missing on slave
(SYS         :  17) CHGGAN.SAV                       -- missing on slave
(SYS         :  17) GRIN                             -- missing on slave
(SYS         :  17) SMILE                            -- missing on slave
(SYS         :  17) SFORTR.HLP                       -- missing on slave
(SYS         :  17) REMINI.SAV                       -- missing on slave
(SYS         :  17) 5OB.SAV                          -- missing on slave
(SYS         :  17) MEMSFE.OVL                       -- missing on slave
(SYS         :  17) RECPRO.SAV                       -- missing on slave
(SYS         :  17) VH96.SAV                         -- missing on slave
(SYS         :  17) BOTLOD.SAV                       -- missing on slave
(SYS         :  17) GEXEC.SAV                        -- missing on slave
(SYS         :  17) CREPOR.SAV                       -- missing on slave
(SYS         :  17) GDUP.SAV                         -- missing on slave
(SYS         :  17) SBAS.LOW                         -- missing on slave
(SYS         :  17) SBAS.SHR                         -- missing on slave
(SYS         :  17) @DATEX.SAV                       -- missing on slave
(SYS         :  17) UFDDUL.SAV                       -- missing on slave
(SYS         :  17) VHFORM.SAV                       -- missing on slave
(SYS         :  17) HACKUP.LOW                       -- missing on slave
(SYS         :  17) HACKUP.SHR                       -- missing on slave
(SYS         :  17) RTYF4.REL                        -- missing on slave
(SYS         :  17) HLBFTS.REL                       -- missing on slave
(SYS         :  17) SDDT.REL                         -- missing on slave
(SYS         :  17) ZDRILL.SHR                       -- missing on slave
(SYS         :  17) ZDRILL.INF                       -- missing on slave
(SYS         :  17) ZDRILL.LOW                       -- missing on slave
(SYS         :  17) CT9.SAV                          -- missing on slave
(SYS         :  17) OFAIL.SAV                        -- missing on slave
(SYS         :  17) T31400.SHR                       -- missing on slave
(SYS         :  17) QR1400.SHR                       -- missing on slave
(SYS         :  17) QD1400.SHR                       -- missing on slave
(SYS         :  17) Z80.SYM                          -- missing on slave
(SYS         :  17) REPMAN.MEM                       -- missing on slave
(SYS         :  17) SCNMAC.UNV                       -- missing on slave
(SYS         :  17) CT2.SAV                          -- missing on slave
(SYS         :  17) AMPSYN.SAV                       -- missing on slave
(SYS         :  17) RTYCHG.CMD                       -- missing on slave
(SYS         :  17) TKPOP.LOW                        -- missing on slave
(SYS         :  17) TKPOP.HGH                        -- missing on slave
(SYS         :  17) SPELL.SAV                        -- missing on slave
(SYS         :  17) CA4040.SHR                       -- missing on slave
(SYS         :  17) EEEX22.SHR                       -- missing on slave
(SYS         :  17) NN1400.SHR                       -- missing on slave
(SYS         :  17) NEWS.SAV                         -- missing on slave
(SYS         :  17) CA1000.SAV                       -- missing on slave
(SYS         :  17) FTSAIL.LOW                       -- missing on slave
(SYS         :  17) FTSAIL.SHR                       -- missing on slave
(SYS         :  17) HANGUP.SAV                       -- missing on slave
(SYS         :  17) 8080.SYM                         -- missing on slave
(SYS         :  17) 8008.SYM                         -- missing on slave
(SYS         :  17) Z80C.SYM                         -- missing on slave
(SYS         :  17) SFOG.SHR                         -- missing on slave
(SYS         :  17) OWNLSE.SAV                       -- missing on slave
(SYS         :  17) DSK24.SAV                        -- missing on slave
(SYS         :  17) SPECDF.MIC                       -- missing on slave
(SYS         :  17) FSHCMD.CMD                       -- missing on slave
(SYS         :  17) BASCOM.SHR                       -- missing on slave
(SYS         :  17) BASCOM.LOW                       -- missing on slave
(SYS         :  17) SZRPT.102                        -- missing on slave
(SYS         :  17) MUSERS.SAV                       -- missing on slave
(SYS         :  17) SMERGE.SAV                       -- missing on slave
(SYS         :  17) CREAT1.SAV                       -- missing on slave
(SYS         :  17) DECB35.SAV                       -- missing on slave
(SYS         :  17) DANSS.SAV                        -- missing on slave
(SYS         :  17) CCORD.SAV                        -- missing on slave
(SYS         :  17) MUDCHK.SAV                       -- missing on slave
(SYS         :  17) DMPFIL.SAV                       -- missing on slave
(SYS         :  17) DHEAD.SAV                        -- missing on slave
(SYS         :  17) DPRINT.SAV                       -- missing on slave
(SYS         :  17) MEMTXT                           -- missing on slave
(SYS         :  17) RUNTIM.LOW                       -- missing on slave
(SYS         :  17) RUNTIM.SHR                       -- missing on slave
(SYS         :  17) SETLUD.SAV                       -- missing on slave
(SYS         :  17) GOLF.BAS              
;;OPR: - System X32 will leave timesharing in 30 minutes /MS

;;OPR: - System going down as per schedule.
           -- missing on slave
(SYS         :  17) START.SAV                        -- missing on slave
(SYS         :  17) CAL.SAV                          -- missing on slave
(SYS         :  17) SYSTEM.17                        -- missing on slave
(SYS         :  17) PAS.X32                          -- missing on slave
(SYS         :  17) TYMPC.DAT                        -- missing on slave
(SYS         :  17) TITO1.CMD                        -- missing on slave
(SYS         :  17) SYSTEM.930                       -- missing on slave
(SYS         :  17) RTYRTN.REL                       -- missing on slave
(SYS         :  17) RAID.REL                         -- missing on slave
(SYS         :  17) BAIPD8.REL                       -- missing on slave
(SYS         :  17) IOCS.REL                         -- missing on slave
(SYS         :  17) FDEBUG.REL                       -- missing on slave
(SYS         :  17) GLXLIB.LOW                       -- missing on slave
(SYS         :  17) GLXLIB.SHR                       -- missing on slave
(SYS         :  17) BKTBLS.BKT                       -- missing on slave
(SYS         :  17) QX1400.HGH                       -- missing on slave
(SYS         :  17) T21400.SHR                       -- missing on slave
(SYS         :  17) QX1400.SHR                       -- missing on slave
(SYS         :  17) QC1400.SHR                       -- missing on slave
(SYS         :  17) CT8.SAV                          -- missing on slave
(SYS         :  17) SI9900.SHR                       -- missing on slave
(SYS         :  17) CT1.SAV                          -- missing on slave
(SYS         :  17) JOBDAT.UNV                       -- missing on slave
(SYS         :  17) RAID.SAV                         -- missing on slave
(SYS         :  17) CA8085.SHR                       -- missing on slave
(SYS         :  17) CA6800.SHR                       -- missing on slave
(SYS         :  17) CADSYN.SAV                       -- missing on slave
(SYS         :  17) FTPUN.SAV                        -- missing on slave
(SYS         :  17) TAKEIT.HLP                       -- missing on slave
(SYS         :  17) APL.SHR                          -- missing on slave
(SYS         :  17) RCUFFS.SAV                       -- missing on slave
(SYS         :  17) 1UUO.SAV                         -- missing on slave
(SYS         :  17) KOPY.SAV                         -- missing on slave
(SYS         :  17) SFOF.SHR                         -- missing on slave
(SYS         :  17) SFEHLP.INF                       -- missing on slave
(SYS         :  17) FSHSPL.SAV                       -- missing on slave
(SYS         :  17) CA8085.LOW                       -- missing on slave
(SYS         :  17) SM6800.SAV                       -- missing on slave
(SYS         :  17) CREATE.SAV                       -- missing on slave
(SYS         :  17) BAIPD8.SM1                       -- missing on slave
(SYS         :  17) ALG300.SHR                       -- missing on slave
(SYS         :  17) REORG.LOW                        -- missing on slave
(SYS         :  17) NSPICE.SAV                       -- missing on slave
(SYS         :  17) GETYM.SAV                        -- missing on slave
(SYS         :  17) VP66.SAV                         -- missing on slave
(SYS         :  17) RUNOFF.SHR                       -- missing on slave
(SYS         :  17) MEMO.SAV                         -- missing on slave
(SYS         :  17) DSCRE.SAV                        -- missing on slave
(SYS         :  17) MEMOV0.OVL                       -- missing on slave
(SYS         :  17) SPIP.SAV                         -- missing on slave
(SYS         :  17) CFORTR.SHR                       -- missing on slave
(SYS         :  17) SQZIT.SAV                        -- missing on slave
(SYS         :  17) CARMEL.SAV                       -- missing on slave
(SYS         :  17) SYSDPY.SAV                       -- missing on slave
(SYS         :  17) REORG.SHR                        -- missing on slave
(SYS         :  17) COMPAC.DAT                       -- missing on slave
(SYS         :  17) UCODE.BIN                        -- missing on slave
(SYS         :  17) 071385.ALL                       -- missing on slave
(SYS         :  17) JQUEUE.INI                       -- missing on slave
(SYS         :  17) OPCOM.LOW                        -- missing on slave
(SYS         :  17) OPCOM.SHR                        -- missing on slave
(SYS         :  17) FTLIB4.REL                       -- missing on slave
(SYS         :  17) OVRLAY.REL                       -- missing on slave
(SYS         :  17) HR1022.REL                       -- missing on slave
(SYS         :  17) DISSPL.REL                       -- missing on slave
(SYS         :  17) HXLIB.REL                        -- missing on slave
(SYS         :  17) COMPAC.REL                       -- missing on slave
(SYS         :  17) FTALOD.REL                       -- missing on slave
(SYS         :  17) ASP4.SAV                         -- missing on slave
(SYS         :  17) SZTST.SAV                        -- missing on slave
(SYS         :  17) T11400.SHR                       -- missing on slave
(SYS         :  17) QB1400.SHR                       -- missing on slave
(SYS         :  17) CHKPNT.100                       -- missing on slave
(SYS         :  17) FTUPDL.SAV                       -- missing on slave
(SYS         :  17) CLMICR.SHR                       -- missing on slave
(SYS         :  17) ALLMAL.SHR                       -- missing on slave
(SYS         :  17) ALLMAL.LOW                       -- missing on slave
(SYS         :  17) DISSPL.CMD                       -- missing on slave
(SYS         :  17) CLMICR.LOW                       -- missing on slave
(SYS         :  17) CA8048.SHR                       -- missing on slave
(SYS         :  17) CAZ80.SHR                        -- missing on slave
(SYS         :  17) CA6502.SAV                       -- missing on slave
(SYS         :  17) FTSPFL.SAV                       -- missing on slave
(SYS         :  17) FTAPL.SHR                        -- missing on slave
(SYS         :  17) 6800.SYM                         -- missing on slave
(SYS         :  17) SFOCMP.SAV                       -- missing on slave
(SYS         :  17) SIMPL.SHT                        -- missing on slave
(SYS         :  17) FINLES.OVL                       -- missing on slave
(SYS         :  17) FINLES.SAV                       -- missing on slave
(SYS         :  17) CRAM1.NWS                        -- missing on slave
(SYS         :  17) VALID.SAV                        -- missing on slave
(SYS         :  17) MAGTAB.SAV                       -- missing on slave
(SYS         :  17) XBASIC.LOW                       -- missing on slave
(SYS         :  17) XBASIC.SHR                       -- missing on slave
(SYS         :  17) DRILL.LOW                        -- missing on slave
(SYS         :  17) DRILL.INF                        -- missing on slave
(SYS         :  17) CKHPNT.SAV                       -- missing on slave
(SYS         :  17) SFDHLP.INF                       -- missing on slave
(SYS         :  17) MLISPC.SAV                       -- missing on slave
(SYS         :  17) MLISP.SAV                        -- missing on slave
(SYS         :  17) DCTMH.SAV                        -- missing on slave
(SYS         :  17) DDT620.SAV                       -- missing on slave
(SYS         :  17) CCSLD.HGH                        -- missing on slave
(SYS         :  17) ABREV.STD                        -- missing on slave
(SYS         :  17) XET.SAV                          -- missing on slave
(SYS         :  17) VAS.HGH                          -- missing on slave
(SYS         :  17) VAS.LOW                          -- missing on slave
(SYS         :  17) DRILL.SHR                        -- missing on slave
(SYS         :  17) STECO.SHR                        -- missing on slave
(SYS         :  17) NREPOR.SAV                       -- missing on slave
(SYS         :  17) 230COP.SAV                       -- missing on slave
(SYS         :  17) AID.SHR                          -- missing on slave
(SYS         :  17) ACCESS.MSG                       -- missing on slave
(SYS         :  17) KL3675.SAV                       -- missing on slave
(SYS         :  17) SCAN.REL                         -- missing on slave
(SYS         :  17) HELPER.REL                       -- missing on slave
(SYS         :  17) RTYBUF.REL                       -- missing on slave
(SYS         :  17) B10LIB.REL                       -- missing on slave
(SYS         :  17) CSMP.REL                         -- missing on slave
(SYS         :  17) VALPRI.REL                       -- missing on slave
(SYS         :  17) ALGLIB.REL                       -- missing on slave
(SYS         :  17) F3TITO.SAV                       -- missing on slave
(SYS         :  17) INFO.SAV                         -- missing on slave
(SYS         :  17) CT6.SAV                          -- missing on slave
(SYS         :  17) EDITOR.LOW                       -- missing on slave
(SYS         :  17) TECO22.ERR                       -- missing on slave
(SYS         :  17) QV1400.SHR                       -- missing on slave
(SYS         :  17) QA1400.SHR                       -- missing on slave
(SYS         :  17) FTCOPY.SAV                       -- missing on slave
(SYS         :  17) CAF8.SAV                         -- missing on slave
(SYS         :  17) SI8080.SHR                       -- missing on slave
(SYS         :  17) CAPACE.SAV                       -- missing on slave
(SYS         :  17) BLISS.ERR                        -- missing on slave
(SYS         :  17) BLISS.LOW                        -- missing on slave
(SYS         :  17) BLISS.SHR                        -- missing on slave
(SYS         :  17) CAPPS4.SAV                       -- missing on slave
(SYS         :  17) RIBAUT.SAV                       -- missing on slave
(SYS         :  17) DMPUFD.SAV                       -- missing on slave
(SYS         :  17) F40.SHR                          -- missing on slave
(SYS         :  17) MPERP.SAV                        -- missing on slave
(SYS         :  17) CSMP.SAV                         -- missing on slave
(SYS         :  17) MTCOPY.HLP                       -- missing on slave
(SYS         :  17) CSORT.SHR                        -- missing on slave
(SYS         :  17) TRACE                            -- missing on slave
(SYS         :  17) SFSTAT                           -- missing on slave
(SYS         :  17) MONINF.SHR                       -- missing on slave
(SYS         :  17) MONINF.LOW                       -- missing on slave
(SYS         :  17) MONINF.HLP                       -- missing on slave
(SYS         :  17) SSPICE.OVL                       -- missing on slave
(SYS         :  17) SSPICE.SAV                       -- missing on slave
(SYS         :  17) FILTFR.SAV                       -- missing on slave
(SYS         :  17) EXIT.SAV                         -- missing on slave
(SYS         :  17) IBMDEC.SAV                       -- missing on slave
(SYS         :  17) RGPOL.SAV                        -- missing on slave
(SYS         :  17) COPLUD.LOW                       -- missing on slave
(SYS         :  17) COPLUD.HGH                       -- missing on slave
(SYS         :  17) STAR                             -- missing on slave
(SYS         :  17) CSMP.CAP                         -- missing on slave
(SYS         :  17) CSMP.INS                         -- missing on slave
(SYS         :  17) CSMP.HEL                         -- missing on slave
(SYS         :  17) CSMP.S                           -- missing on slave
(SYS         :  17) VPRINT.SAV                       -- missing on slave
(SYS         :  17) ALGOL.SHR                        -- missing on slave
(SYS         :  17) BASRES.LOW                       -- missing on slave
(SYS         :  17) BASRES.SHR                       -- missing on slave
(SYS         :  17) ECOLOG.BAS                       -- missing on slave
(SYS         :  17) CSMP.CMD                         -- missing on slave
(SYS         :  17) SRCCOM.SHR                       -- missing on slave
(SYS         :  17) DECIBM.SAV                       -- missing on slave
(SYS         :  17) VPDATA.SAV                       -- missing on slave
(SYS         :  17) BINCON.SAV                       -- missing on slave
Checking host 33
(SYS         :  33) DECIBM.SAV     9 01-Jan-64 16:01 -- bad checksum CODKOS
                           should be 01-Jan-64 16:01 BUQMEF  ALL RUN RUN
(SYS         :  33) VHEAD.SAV      2 01-Jan-64 16:01 -- missing on master
(SYS         :  33) MONIN1.DAT    62 04-Dec-75 09:47 -- missing on master
(SYS         :  33) DT.SAV         2 18-Jun-76 14:32 -- bad checksum DARPOV
                           should be 08-Jun-76 08:09 ZOFLIF  ALL RUN RUN
(SYS         :  33) L1600D.SAV    17 30-Jun-77 10:28 -- protection ALL RUN RUN
                           should be 29-Jul-77 08:45 DURFEV  ALL  RD  RD
(SYS         :  33) DMPUFD.SAV     2 21-Nov-77 10:21 -- bad license      2
                           should be 23-Nov-77 15:28 RIJMUY  ALL RUN RUN
(SYS         :  33) 1022R.SHR     33 01-Dec-87 15:25 -- bad checksum GOXBUM
                           should be 26-Sep-86 15:19 BOMJAW  ALL  RD  RD
(SYS         :  33) X22T.OLD      36 08-Sep-81 12:28 -- missing on master
(SYS         :  33) ACCESS.LIS     2 21-Jan-80 08:46 -- missing on master
(SYS         :  33) CT6.SAV        4 25-Jan-82 10:39 -- bad checksum GUGLEN
                           should be 01-Feb-82 17:28 TOWSOS  ALL RUN RUN
(SYS         :  33) FTFORT.SAV     2 22-Aug-80 09:40 -- protection ALL  RD  RD
                           should be 28-Aug-80 13:44 GUPGED  ALL RUN RUN
(SYS         :  33) UPDLUD.SAV    28 17-May-84 16:54 -- bad checksum FEDCAP
                           should be 08-Jun-86 14:06 MEWTOF  RUN RUN  NO 547012
(SYS         :  33) FORTB.SHR     55 19-Nov-81 17:12 -- bad license    200
                           should be 09-Jun-82 16:37 QAVQOY  ALL  RD  RD
(SYS         :  33) DED.SAV       37 02-Apr-82 14:57 -- missing on master
(SYS         :  33) PIP.SHR        8 23-Mar-82 10:19 -- bad checksum CIBJOS
                           should be 26-Jan-77 14:22 GUNWOY  ALL  RD  RD
(SYS         :  33) PIP.LOW        2 23-Mar-82 10:19 -- bad checksum KEKPIJ
                           should be 26-Jan-77 14:23 KUHVUP  ALL  RD  RD
(SYS         :  33) TBAREK.LOW     2 04-May-82 10:47 -- bad checksum COXPIV
                           should be 04-Sep-81 17:41 BASROX  ALL  RD  RD
(SYS         :  33) TBAREK.SHR     6 04-May-82 10:47 -- bad checksum NIRNAL
                           should be 10-Aug-81 17:10 DELDUV  ALL RUN RUN
(SYS         :  33) TBALDR.LOW    20 04-May-82 10:47 -- bad checksum FIMFUP
                           should be 29-Oct-81 14:52 SUYQIQ  ALL RUN RUN
(SYS         :  33) LNKERR.SHR    27 25-May-82 15:09 -- bad checksum ZAYJUQ
                           should be 25-Nov-81 09:52 FABSEM  ALL  RD  RD
(SYS         :  33) INFO.SAV       2 12-Jul-82 08:48 -- bad checksum GOLFUR
                           should be 21-Sep-83 16:50 MAPLEK  ALL RUN RUN     10
(SYS         :  33) HLBSAA.REL    60 11-Mar-83 16:35 -- bad checksum BOSWEY
                           should be 15-Jun-86 19:52 LOPFAH  ALL  RD  RD
(SYS         :  33) DUSAGE.SAV    30 16-Mar-83 09:27 -- protection RUN RUN RUN
                           should be 08-Jun-86 13:54 HOQRAS  ALL  RD  NO
(SYS         :  33) DUSAGE.SAV    30 16-Mar-83 09:27 -- bad license     10
                           should be 08-Jun-86 13:54 HOQRAS  ALL  RD  NO
(SYS         :  33) X22F.SHR      36 01-Dec-87 15:26 -- bad checksum XEXYAP
                           should be 26-Sep-86 15:19 GOKPOC  ALL  RD  RD
(SYS         :  33) X22T.SHR      54 01-Dec-87 15:26 -- bad checksum FOBGIP
                           should be 26-Sep-86 15:20 MIZQAM  ALL  RD  RD
(SYS         :  33) DSKMAP.DAT     2 19-Oct-88 23:03 -- bad checksum VADWUZ
                           should be 19-Oct-88 23:02 PUBHER  ALL  RD  NO
(SYS         :  33) LOADII.SAV    29 13-Nov-85 11:19 -- protection ALL  RD  RD
                           should be 06-Dec-86 12:53 HIFGUM  ALL RUN RUN   2400
(SYS         :  33) LOADII.ACC   642 05-Aug-88 14:02 -- bad checksum LUJPAF
                           should be 02-Oct-87 18:59 TUSXUQ  ALL  RD  NO
(SYS         :  33) PAKCP5.OLD    25 15-Oct-86 21:01 -- missing on master
(SYS         :  33) QQEDIT.SHR     8 01-Jan-64 16:01 -- missing on master
(SYS         :  33) QQFORT.SHR    22 01-Jan-64 16:01 -- missing on master
(SYS         :  33) QQQECM.REL     9 01-Jan-64 16:01 -- missing on master
(SYS         :  33) QQQDDT.REL    10 01-Jan-64 16:01 -- missing on master
(SYS         :  33) QQJOBD.REL     2 01-Jan-64 16:01 -- missing on master
(SYS         :  33) CISABX.DAT     2 28-Apr-88 15:22 -- bad checksum DEVJUM
                           should be 10-Mar-88 01:30 QIYCOJ  ALL ALL ALL
(SYS         :  33) 230COP.SAV    10 29-Jun-76 09:03 -- bad checksum TIQKAV
                           should be 22-Jul-76 17:31 GUCJAP   NO  NO  NO
(SYS         :  33) DDT620.SAV     2 01-Jan-64 16:01 -- protection ALL RUN RUN
                           should be 01-Jan-64 16:01 QAMFAV  ALL  RD  RD 200000
(SYS         :  33) XET.SAV       16 02-Jan-64 12:54 -- bad checksum HEGRUG
                           should be 02-Jan-64 08:57 GEGQEH  ALL RUN RUN  25002
(SYS         :  33) MONIN2.DAT   112 04-Dec-75 09:47 -- missing on master
(SYS         :  33) HXLIB.REL     89 28-Dec-75 23:48 -- bad checksum DEKRUF
                           should be 28-Mar-79 09:32 WOYGAD  ALL  RD  NO
(SYS         :  33) XOBNPO        36 21-May-84 21:36 -- bad checksum TUZJEK
                           should be 29-Jun-83 23:53 VAVVAV  ALL  RD  NO
(SYS         :  33) DEPRE.SAV     24 06-Jun-78 20:18 -- missing on master
(SYS         :  33) DISSPL.COP     2 04-Dec-79 08:59 -- missing on master
(SYS         :  33) DISSPL.REL   660 03-Jan-80 16:20 -- bad checksum YUJWAK
                           should be 15-Jan-80 10:16 FIRCES  ALL  RD  RD
(SYS         :  33) NULL.DAT       2 21-Jan-80 10:30 -- protection ALL  RD  RD
                           should be 09-Jun-80 16:18 SUGBOX  ALL  RD  NO
(SYS         :  33) TAGLIB.CMD     2 23-Jan-80 16:14 -- missing on master
(SYS         :  33) CT7.SAV        2 15-Feb-80 15:31 -- missing on master
(SYS         :  33) TODALT.SAV     2 03-Jun-81 15:45 -- missing on master
(SYS         :  33) FTUPDL.SAV    17 21-Jun-84 12:05 -- bad checksum WICNAX
                           should be 02-Nov-81 17:12 XUWGAD  ALL  RD  NO 547012
(SYS         :  33) NS1022.SHR   178 01-Dec-87 15:25 -- bad checksum SAKSIG
                           should be 26-Sep-86 15:19 XATDUP  ALL  RD  RD
(SYS         :  33) BATCH.SAV      6 19-May-82 14:46 -- missing on master
(SYS         :  33) LNK999.SHR     9 25-May-82 15:09 -- bad checksum MITBUK
                           should be 25-Nov-81 09:52 LOWJIX  ALL  RD  RD
(SYS         :  33) CRAM1.NWS      3 19-Oct-82 09:36 -- bad checksum HUQXAM
                           should be 04-Oct-77 08:55 XOYPIY  ALL  RD  RD
(SYS         :  33) FTLIB4.REL   104 06-Dec-82 11:44 -- bad checksum JERCEM
                           should be 06-Apr-82 15:57 XACHUZ  ALL  RD  RD
(SYS         :  33) LIBSAA.REL    60 11-Mar-83 16:35 -- bad checksum JOTSIT
                           should be 15-Jun-86 19:51 FUCGAG  ALL  RD  RD
(SYS         :  33) Z80O.SYM       2 03-Jun-83 13:32 -- missing on master
(SYS         :  33) 6800.SYM       2 03-Jun-83 13:36 -- bad checksum PODXOV
                           should be 19-Jun-78 17:16 NATCOD  ALL  RD  RD
(SYS         :  33) NS1022.FXL     2 01-Dec-87 15:25 -- bad checksum YOVWEL
                           should be 26-Sep-86 15:19 GUYQUK  ALL  RD  NO
(SYS         :  33) 1022C0.SHR    57 01-Dec-87 15:25 -- bad checksum WORWOT
                           should be 26-Sep-86 15:19 KORKUV  ALL  RD  RD
(SYS         :  33) JQUEUE.INI     7 18-Nov-86 22:26 -- bad checksum SURZEG
                           should be 02-Jun-87 17:31 MAMDUG  ALL  RD  NO
(SYS         :  33) CHKPNT.OLD     5 19-Apr-85 12:08 -- missing on master
(SYS         :  33) 051387.DAT    19 13-May-87 23:47 -- missing on master
(SYS         :  33) 060387.DAT    18 03-Jun-87 23:46 -- missing on master
(SYS         :  33) TELAID.SHR    21 09-Oct-87 12:37 -- bad checksum BIXJAK
                           should be 08-Oct-87 15:41 TILHAP  ALL RUN RUN
(SYS         :  33) TELAID.LOW     4 09-Oct-87 12:39 -- bad checksum LAWFAW
                           should be 08-Oct-87 16:58 BOJYOK  ALL RUN RUN
(SYS         :  33) 090688.DAT    93 06-Sep-88 23:55 -- missing on master
(SYS         :  33) CRASH.SAV   8210 27-Jan-66 14:06 -- bad checksum BEWXIM
                           should be 08-Dec-65 13:55 NEMXUR   RD  RD  NO
(SYS         :  33) SYSDPY.SAV     5 01-Jan-64 16:01 -- bad checksum SEGPID
                           should be 20-Mar-84 23:23 ZICPUC  ALL RUN RUN  42000
(SYS         :  33) LESCAL.SAV     9 01-Jan-64 16:01 -- missing on master
(SYS         :  33) QQBASC.SHR    15 01-Jan-64 16:01 -- missing on master
(SYS         :  33) QQBASC.LOW     2 01-Jan-64 16:01 -- missing on master
(SYS         :  33) QQLOAD.SHR     9 01-Jan-64 16:01 -- missing on master
(SYS         :  33) QQQTCM.SHR     5 01-Jan-64 16:01 -- missing on master
(SYS         :  33) RUNOFF.SHR    25 18-Jan-85 14:06 -- bad checksum PAKREM
                           should be 01-Jan-64 16:01 BEZNOC  ALL RUN RUN
(SYS         :  33) TRUCTL.SHR    21 28-Sep-76 14:33 -- protection ALL RUN RUN
                           should be 11-Jul-83 10:14 KABBOR  ALL  RD  NO 147012
(SYS         :  33) TRUCTL.SHR    21 28-Sep-76 14:33 -- bad license 145002
                           should be 11-Jul-83 10:14 KABBOR  ALL  RD  NO 147012
(SYS         :  33) TRUCTL.LOW     3 28-Sep-76 14:32 -- protection ALL RUN RUN
                           should be 11-Jul-83 10:16 ZUJRUV  ALL  RD  NO 147012
(SYS         :  33) TRUCTL.LOW     3 28-Sep-76 14:32 -- bad license 145002
                           should be 11-Jul-83 10:16 ZUJRUV  ALL  RD  NO 147012
(SYS         :  33) SPIP.SAV       7 01-Jan-64 16:01 -- bad license     10
                           should be 01-Jan-64 16:01 JUQQEG  ALL  RD  RD
(SYS         :  33) L1600M.SAV    17 30-Jun-77 10:38 -- protection ALL RUN RUN
                           should be 29-Jul-77 08:45 DELFAB  ALL  RD  RD
(SYS         :  33) TYMPC.DAT      2 19-Jul-83 20:34 -- bad checksum BICZOK
                           should be 19-Aug-83 05:51 DENHEX  ALL  RD  NO
(SYS         :  33) SM6800.SAV    10 28-Oct-77 11:59 -- bad license   2000
                           should be 27-Oct-77 16:08 WIDCIS  ALL RUN RUN
(SYS         :  33) LAP            8 05-Jan-76 11:14 -- bad checksum VOKFAL
                           should be 20-Jan-82 15:09 XUHLAX  ALL  RD  RD
(SYS         :  33) CT1.SAV        2 07-Sep-81 17:15 -- bad checksum FUZVAL
                           should be 02-Jun-81 16:27 JOMXUS  ALL RUN RUN     10
(SYS         :  33) LINK.HGH      71 28-Nov-79 09:42 -- missing on master
(SYS         :  33) CT8.SAV        2 15-Feb-80 15:31 -- bad checksum POSWAS
                           should be 31-Mar-81 01:09 BILVIX  ALL  RD  NO
(SYS         :  33) FILEX.SHR     13 19-Jan-81 14:39 -- protection ALL ALL ALL
                           should be 30-May-86 13:47 VEGVID  ALL  RD  RD
(SYS         :  33) TAKEIT.LOG    13 14-Oct-88 23:01 -- bad checksum QAVJIH
                           should be 20-Oct-88 00:01 NUTSIJ  ALL  RD  NO
(SYS         :  33) XMAGNU.SHR     2 14-Aug-81 16:07 -- missing on master
(SYS         :  33) 1022C1.SHR    89 01-Dec-87 15:26 -- bad checksum XICHUH
                           should be 26-Sep-86 15:19 MIXXUM  ALL  RD  RD
(SYS         :  33) 1022M.SHR     35 01-Dec-87 15:26 -- bad checksum BINQAR
                           should be 26-Sep-86 15:19 KUGHAH  ALL  RD  RD
(SYS         :  33) HL1022.REL    67 01-Dec-87 15:25 -- bad checksum JIGFEB
                           should be 26-Sep-86 15:18 QIHPUV  ALL  RD  RD
(SYS         :  33) QX1400.HGH    52 08-Sep-81 14:56 -- bad license 
                           should be 11-Sep-81 14:06 DOHZOZ  ALL  RD  RD    200
(SYS         :  33) OBJCNV.SHR     9 14-Apr-82 15:51 -- missing on master
(SYS         :  33) LINK.SHR      11 25-May-82 15:09 -- bad checksum BONXOJ
                           should be 25-Nov-81 09:52 GESGOV  ALL  RD  RD
(SYS         :  33) LNKSCN.SHR    18 25-May-82 15:09 -- bad checksum SELZIG
                           should be 25-Nov-81 09:52 SUKZAZ  ALL  RD  RD
(SYS         :  33) LNKOV1.SHR    28 25-May-82 15:09 -- bad checksum JOWXAT
                           should be 25-Nov-81 09:52 ZOJPUP  ALL  RD  RD
(SYS         :  33) PASCAL.LOW     2 13-Oct-82 13:19 -- missing on master
(SYS         :  33) BIONIC.SAV    13 16-Jan-86 10:29 -- bad checksum DOJKAN
                           should be 31-Jul-83 18:16 QODFON  ALL RUN RUN  42000
(SYS         :  33) F8.SYM         2 03-Jun-83 13:26 -- bad checksum MIQMEG
                           should be 19-Jun-78 17:16 RIKCUH  ALL  RD  RD
(SYS         :  33) 1022F.SHR     45 01-Dec-87 15:26 -- bad checksum NARHAV
                           should be 26-Sep-86 15:19 RUGMEK  ALL  RD  RD
(SYS         :  33) 1022T.SHR     50 01-Dec-87 15:26 -- bad checksum SOMBEH
                           should be 26-Sep-86 15:19 COLNOL  ALL  RD  RD
(SYS         :  33) 24LOAD.DAT     2 22-Oct-80 13:46 -- missing on master
(SYS         :  33) OLDMON.SAV   170 20-Jul-88 07:50 -- bad checksum SASVEQ
                           should be 12-Sep-88 12:47 QEXKUY  ALL  RD  NO
(SYS         :  33) PASCAL.SHR    12 13-Oct-82 13:19 -- missing on master
(SYS         :  33) 1022C1.FXL     2 01-Dec-87 15:26 -- bad checksum PODLAL
                           should be 26-Sep-86 15:19 BUVMOF  ALL  RD  NO
(SYS         :  33) 1022M.FXL      2 01-Dec-87 15:26 -- bad checksum FAJMAL
                           should be 26-Sep-86 15:19 MEYXOP  ALL  RD  NO
(SYS         :  33) 1022T.FXL      2 01-Dec-87 15:26 -- bad checksum MIJYUN
                           should be 26-Sep-86 15:19 QISPUX  ALL  RD  NO
(SYS         :  33) HL1022.FXL     2 01-Dec-87 15:25 -- bad checksum BAKRON
                           should be 26-Sep-86 15:18 WICCAG  ALL  RD  NO
(SYS         :  33) SYSTEM.SAV   171 20-Jul-88 07:51 -- bad checksum MUYSIV
                           should be 07-Oct-88 11:21 TAWLOT  ALL  RD  NO
(SYS         :  33) ASP.SAV        7 10-Jun-88 08:05 -- protection ALL RUN RUN
                           should be 10-Jun-88 08:01 DAJXUH  ALL RUN  NO  64017
(SYS         :  33) TAKEIT.SAV    44 14-Aug-85 10:39 -- protection ALL RUN RUN
                           should be 09-May-87 04:32 DAFSUV  ALL  RD  NO 741002
(SYS         :  33) 051487.DAT    23 14-May-87 23:58 -- missing on master
(SYS         :  33) CRA001.SAV   286 01-Sep-88 22:34 -- bad checksum QUBXUS
                           should be 30-Sep-88 20:21 GACLIS  ALL  RD  NO
(SYS         :  33) LOAD.LUD      24 18-Oct-88 16:22 -- bad checksum GAHWIW
                           should be 02-Oct-87 18:43 XUZCOW  ALL  RD  RD
(SYS         :  33) LOAD.CLS      26 18-Oct-88 16:25 -- bad checksum KALXUP
                           should be 02-Oct-87 18:42 RAVJUZ  ALL  RD  RD
(SYS         :  33) SPAGES.SYS 10101 02-Jul-88 15:06 -- bad checksum YOGFEL
                           should be 13-May-88 14:55 FUGDOW   RD  RD  NO
(SYS         :  33) DUL.SYS       27 23-May-86 06:24 -- bad checksum XAFKAZ
                           should be 19-Apr-88 18:14 BULHET  ALL  RD  NO
(SYS         :  33) NODUPD.SHR    14 19-Jul-76 11:20 -- missing on master
(SYS         :  33) QQECML.REL     2 01-Jan-64 16:01 -- missing on master
(SYS         :  33) QQQLIB.REL    42 01-Jan-64 16:01 -- missing on master
(SYS         :  33) 620KTP.SHR     3 01-Jan-64 16:33 -- missing on master
(SYS         :  33) 620KTP.LOW     2 01-Jan-64 16:33 -- missing on master
(SYS         :  33) SMERGE.SAV     5 03-May-76 13:39 -- bad checksum DAGGIQ
                           should be 02-Jun-76 08:08 JINQIG  ALL RUN RUN
(SYS         :  33) NODUPD.LOW     3 27-Jul-76 14:59 -- missing on master
(SYS         :  33) SZRPT.SAV      4 30-Sep-86 17:33 -- protection ALL RUN RUN
                           should be 30-Sep-86 18:30 XIRWUZ  ALL  RD  NO
(SYS         :  33) SND620.SAV     3 18-Mar-77 11:33 -- missing on master
(SYS         :  33) SPECDF.MIC     2 26-Aug-77 17:03 -- bad checksum ZADPUR
                           should be 29-Jul-77 08:45 CEBTUY  ALL  RD  RD
(SYS         :  33) OWNLSE.SAV    44 10-May-78 16:17 -- bad checksum BOGLOS
                           should be 28-Mar-78 16:12 KOMWOJ  ALL RUN RUN
(SYS         :  33) READST.SAV    33 02-Aug-78 08:41 -- bad license   2000
                           should be 02-Aug-78 08:44 VIBBOG  ALL RUN RUN   2010
(SYS         :  33) CT9.SAV        2 15-Feb-80 15:30 -- bad checksum POSWAS
                           should be 01-Apr-81 06:59 SOXMAL  ALL RUN RUN
(SYS         :  33) HPPOP.LOW      3 22-Jan-80 12:56 -- missing on master
(SYS         :  33) TKPOP.LOW      3 23-Jan-80 14:24 -- bad checksum LARGIK
                           should be 15-Jan-80 10:16 WINKUB  ALL RUN RUN
(SYS         :  33) TKPOP.HGH     23 23-Jan-80 14:24 -- bad checksum TOVNIY
                           should be 15-Jan-80 10:16 PUQHAG  ALL RUN RUN
(SYS         :  33) AMPSYN.SAV    29 27-Mar-80 09:43 -- bad checksum RUQXAK
                           should be 28-Mar-80 11:23 MUBGEK  ALL RUN RUN
(SYS         :  33) 1022C2.V10    78 01-Dec-87 15:26 -- bad checksum VAQMAJ
                           should be 26-Sep-86 15:19 JUPKIH  ALL  RD  RD
(SYS         :  33) 1022C2.V20    41 01-Dec-87 15:26 -- bad checksum SEQQUF
                           should be 26-Sep-86 15:19 HELLUX  ALL  RD  RD
(SYS         :  33) BCHARG.SHR    22 23-Mar-82 10:18 -- protection ALL RUN RUN
                           should be 18-Jan-88 14:08 SIQNAC  ALL  RD  NO      2
(SYS         :  33) BCHARG.LOW     2 23-Mar-82 10:18 -- protection ALL RUN RUN
                           should be 18-Jan-88 14:08 TOBVAC  ALL  RD  NO      2
(SYS         :  33) TBA.LOW        2 04-May-82 10:47 -- bad checksum LADPEQ
                           should be 29-Oct-81 14:43 MEBZIB  ALL RUN RUN
(SYS         :  33) TBA.SHR       44 10-Feb-85 21:48 -- bad checksum CUQWUY
                           should be 29-Oct-81 14:45 QUHCEY  ALL RUN RUN
(SYS         :  33) TBAEND.REL     4 04-May-82 10:47 -- bad checksum BEJDIQ
                           should be 29-Oct-81 14:49 PORMIX  ALL  RD  RD
(SYS         :  33) TBALIB.REL   112 04-May-82 10:48 -- bad checksum FECQEG
                           should be 29-Oct-81 14:54 TIJROV  ALL  RD  RD
(SYS         :  33) LNKOV2.SHR    25 25-May-82 15:09 -- bad checksum WETWIP
                           should be 25-Nov-81 09:52 CEJXOZ  ALL  RD  RD
(SYS         :  33) LNKMAP.SHR    13 25-May-82 15:09 -- bad checksum DIKZUH
                           should be 25-Nov-81 09:52 JOKJUT  ALL  RD  RD
(SYS         :  33) Z80.SYM        3 03-Jun-83 13:27 -- bad checksum ZESYEC
                           should be 04-Jan-81 23:07 NURWOY  ALL  RD  NO
(SYS         :  33) Z80C.SYM       3 03-Jun-83 13:28 -- bad checksum WORCAJ
                           should be 19-Jun-78 17:16 RAFPAP  ALL  NO  NO
(SYS         :  33) 8008.SYM       2 03-Jun-83 13:36 -- bad checksum HUKLOW
                           should be 19-Jun-78 17:16 DULKIN  ALL  RD  RD
(SYS         :  33) 8080.SYM       3 03-Jun-83 13:37 -- bad checksum XEYYAS
                           should be 19-Jun-78 17:16 GOYWOJ  ALL  RD  RD
(SYS         :  33) BOOT32.DAT     2 22-Oct-80 13:46 -- missing on master
(SYS         :  33) 1022C2.FXL     2 01-Dec-87 15:26 -- bad checksum ZUBMIX
                           should be 26-Sep-86 15:19 HIRWIJ  ALL  RD  NO

;;OPR: - System X32 will leave timesharing in 10 minutes /MS
(SYS         :  33) XOBLAM       204 20-Oct-88 17:42 -- bad checksum LUHMEG
                           should be 20-Oct-88 16:58 WIDQOW  ALL  RD  NO
(SYS         :  33) 051587.DAT    23 15-May-87 23:44 -- missing on master
(SYS         :  33) LUD.SYS      224 20-Oct-88 17:42 -- bad checksum LUJTAZ
                           should be 20-Oct-88 16:57 CAVRIC  ALL  RD  RD
(SYS         :  33) HOME.SYS     193 02-Jul-88 15:06 -- bad checksum KIZDIN
                           should be 13-May-88 14:55 KUBYIL   RD  RD  RD
(SYS         :  33) HELP.TXT       3 01-Jan-64 16:01 -- missing on master
(SYS         :  33) MAXORD.SAV    12 01-Jan-64 16:01 -- missing on master
(SYS         :  33) QQCMND.SHR     9 01-Jan-64 16:01 -- missing on master
(SYS         :  33) BSPICE.SAV    55 21-Apr-82 12:22 -- missing on master
(SYS         :  33) F4STAT.DAT     2 25-May-82 16:23 -- bad checksum NAFWAT
                           should be 11-Jun-87 16:05 BIXXAR  ALL ALL ALL
(SYS         :  33) SPACE.DSK      2 16-Oct-76 02:30 -- missing on master
(SYS         :  33) SUPER.SAV     24 26-Oct-77 08:15 -- bad checksum SUWHAC
                           should be 11-Oct-77 07:55 ZEFNOK  ALL RUN RUN
(SYS         :  33) SUPER.OVL     34 26-Oct-77 08:18 -- bad checksum RADCIZ
                           should be 11-Oct-77 07:58 XUVXES  ALL  RD  RD
(SYS         :  33) BLIS11.SHR   147 29-Jun-78 10:56 -- missing on master
(SYS         :  33) LIBFTS.REL    55 14-May-79 16:06 -- bad checksum QEMHIL
                           should be 14-May-79 16:08 MAKQOY  ALL  RD  RD
(SYS         :  33) AICPA.SAV     18 26-Oct-79 09:04 -- missing on master
(SYS         :  33) CT3.SAV        2 15-Feb-80 15:32 -- bad checksum POSWAS
                           should be 23-Jan-82 20:45 JARPUY  ALL RUN RUN
(SYS         :  33) SLDPOP.LOW     3 23-Jan-80 14:58 -- missing on master
(SYS         :  33) SLDPOP.HGH    23 23-Jan-80 14:58 -- missing on master
(SYS         :  33) DJFRPG.SHR    14 21-Jul-80 22:34 -- missing on master
(SYS         :  33) BACKUP.HGH    11 18-Aug-81 07:17 -- missing on master
(SYS         :  33) 1022AC.SHR     4 01-Dec-87 15:25 -- bad license    200
                           should be 26-Sep-86 15:19 BOTCUK  ALL  RD  RD
(SYS         :  33) FOR22A.SHR   193 29-Aug-81 11:20 -- missing on master
(SYS         :  33) HLX22.REL     66 03-Sep-81 14:06 -- missing on master
(SYS         :  33) CRSHID.BAK     2 31-Dec-87 12:48 -- missing on master
(SYS         :  33) LNKLOD.SHR    26 25-May-82 15:09 -- bad checksum DABNAN
                           should be 25-Nov-81 09:52 CESTUY  ALL  RD  RD
(SYS         :  33) PERP.SAV      24 18-Nov-86 14:23 -- missing on master
(SYS         :  33) SAIL.LOW       9 11-Mar-83 16:35 -- bad checksum FAYGOL
                           should be 15-Jun-86 14:44 HINQUB  ALL  RD  RD
(SYS         :  33) LIB40.REL    104 18-Mar-83 10:46 -- bad checksum JERCEM
                           should be 04-Dec-79 19:00 BECCIC  ALL  RD  RD
(SYS         :  33) SYS1.STO       2 30-Mar-83 14:47 -- missing on master
(SYS         :  33) MICRO.SHR     42 03-Jun-83 13:20 -- bad checksum MAZYID
                           should be 04-Jan-81 23:08 XAJNUR  ALL  RD  NO
(SYS         :  33) MICRO.LOW      2 03-Jun-83 13:21 -- bad checksum NUXGEF
                           should be 04-Jan-81 23:07 KOYGAV  ALL  RD  NO
(SYS         :  33) COSMAC.SYM     2 03-Jun-83 13:25 -- bad checksum TOTNAG
                           should be 19-Jun-78 17:16 BAYPAL  ALL  RD  RD
(SYS         :  33) X22.SHR       16 16-Aug-83 15:51 -- bad checksum TAPPOS
                           should be 11-Sep-81 14:06 WUVSIK  ALL  RD  RD    200
(SYS         :  33) CRSHID.LOG     2 04-Feb-88 17:34 -- missing on master
(SYS         :  33) CRSHID.SAV    40 19-Mar-85 15:00 -- protection ALL RUN  NO
                           should be 30-Aug-85 20:32 PEWJEC  ALL  RD  NO   1410
(SYS         :  33) BACKUP.SAV   171 20-Jul-88 07:50 -- bad checksum YOJJIY
                           should be 10-Jun-88 15:04 XUSROY  ALL  RD  NO
(SYS         :  33) SETLIC.SAV     2 21-Nov-86 15:43 -- bad checksum FUMWOV
                           should be 09-Dec-87 01:47 GUBLAR  ALL  RD  NO
(SYS         :  33) 051687.DAT     2 16-May-87 00:01 -- missing on master
(SYS         :  33) CYFRED.SHR    18 03-Oct-78 14:15 -- missing on master
(SYS         :  33) 060687.DAT    17 06-Jun-87 23:43 -- missing on master
(SYS         :  33) 081387.DAT    22 13-Aug-87 23:59 -- missing on master
(SYS         :  33) 090288.DAT    40 02-Sep-88 23:01 -- missing on master
(SYS         :  33) CRA003.SAV   279 08-Sep-88 18:03 -- bad checksum PUMDIJ
                           should be 02-Sep-88 21:27 SOZCIF  ALL  RD  NO
(SYS         :  33) QQQICM.SHR     5 01-Jan-64 16:01 -- missing on master
(SYS         :  33) VP96.SAV       2 01-Jan-64 16:01 -- missing on master
(SYS         :  33) DREGR.SAV     15 01-Jan-64 16:01 -- bad checksum WEPVOJ
                           should be 01-Jan-64 16:01 KOYJAH  ALL RUN RUN
(SYS         :  33) MAKBIL.SAV    10 01-Jan-64 16:01 -- missing on master
(SYS         :  33) SPICE.SAV     17 01-Jan-64 16:01 -- bad checksum JAGYON
                           should be 23-Jun-81 11:32 WANWIY  ALL RUN RUN   2000
(SYS         :  33) LISP.LOD       9 05-Jan-76 11:12 -- bad checksum JUCYAH
                           should be 16-Feb-82 16:12 KAZNAC  ALL  RD  RD
(SYS         :  33) SUDS.SHR      10 02-Nov-76 14:17 -- bad checksum FEMHAG
                           should be 01-Jan-64 16:01 TAJCEQ  ALL  RD  RD
(SYS         :  33) HELLO.SAV      2 02-Nov-76 14:17 -- bad checksum DAQWEC
                           should be 01-Jan-64 16:01 WANGEC  ALL  RD  RD
(SYS         :  33) NONAME.OPR     2 24-Mar-77 12:19 -- bad checksum QIWBOL
                           should be 28-Mar-79 11:16 BOLJAL  ALL  RD  RD
(SYS         :  33) APPUS.DAT     39 03-Mar-88 17:20 -- bad checksum CIDYOX
                           should be 18-Nov-82 18:27 BESKIH  ALL  RD  NO
(SYS         :  33) NVAS.LOW       4 01-Jun-78 15:33 -- bad checksum HOHNAN
                           should be 21-Jul-81 16:30 QEXZIH  ALL RUN RUN
(SYS         :  33) NVAS.SHR      22 01-Jun-78 15:37 -- bad checksum TUYPAD
                           should be 21-Jul-81 16:38 CUYNAW  ALL RUN RUN
(SYS         :  33) EXPX22.REL     7 14-Mar-80 13:53 -- bad checksum ZIHMAV
                           should be 16-Oct-79 13:34 XIGYEL  ALL  RD  RD
(SYS         :  33) EXPX22.SHR     7 08-Sep-81 15:07 -- protection ALL RUN RUN
                           should be 11-Sep-81 14:06 WUVSIK  ALL  RD  RD    200
(SYS         :  33) EXPX22.SHR     7 08-Sep-81 15:07 -- bad license 
                           should be 11-Sep-81 14:06 WUVSIK  ALL  RD  RD    200
(SYS         :  33) CHKCLK.SAV     2 19-Dec-80 13:39 -- protection ALL  RD  RD
                           should be 24-Dec-80 13:47 KEMNEP  ALL RUN  NO
(SYS         :  33) TAGLB1.REL   160 18-Feb-81 17:19 -- missing on master
(SYS         :  33) XTELAG.HGH   121 20-Feb-81 17:26 -- missing on master
(SYS         :  33) XTELAG.LOW    62 20-Feb-81 17:27 -- missing on master
(SYS         :  33) FAIL.SAV      25 26-Feb-81 17:23 -- bad checksum WEMHIS
                           should be 02-Jun-80 09:48 WIYDAH  ALL RUN RUN
(SYS         :  33) MAIL.SAV      20 27-Feb-81 11:47 -- bad checksum BOQDIJ
                           should be 14-May-82 08:52 RIHDUB  ALL RUN RUN
(SYS         :  33) CT4.SAV        2 03-Jun-81 16:08 -- protection RUN RUN RUN
                           should be 27-Oct-81 06:11 YEYTEL  ALL RUN RUN
(SYS         :  33) SYB.DAT      294 02-Oct-81 10:23 -- bad checksum HAJBEK
                           should be 09-Jun-80 16:08 XETKOY  ALL  RD  RD
(SYS         :  33) RECPPR.SAV     3 23-Mar-82 10:20 -- bad checksum HOGQOQ
                           should be 21-Jan-80 10:45 MIFWAH  ALL RUN RUN      2
(SYS         :  33) MLINK.SHR     13 14-Apr-82 15:51 -- missing on master
(SYS         :  33) MLINK.LOW      2 14-Apr-82 15:51 -- missing on master
(SYS         :  33) TBACMP.SHR    42 04-May-82 10:47 -- bad checksum SESDIY
                           should be 29-Oct-81 14:47 TEMNUY  ALL RUN RUN
(SYS         :  33) TBAMSG.SHR     4 04-May-82 10:47 -- protection ALL RUN RUN
                           should be 04-Sep-81 17:39 SIVLUH  ALL  RD  RD
(SYS         :  33) LNKXIT.SHR    14 25-May-82 15:09 -- bad checksum WUDWIQ
                           should be 25-Nov-81 09:52 LILYOV  ALL  RD  RD
(SYS         :  33) FILDDT.OLD     9 26-Feb-87 14:59 -- missing on master
(SYS         :  33) CRAM.SAV      62 19-Oct-82 09:23 -- bad checksum TIQSUN
                           should be 20-Oct-81 10:43 QUTZOG  ALL RUN RUN
(SYS         :  33) TOD.SAV       50 26-Oct-82 09:08 -- missing on master
(SYS         :  33) DEFER.SAV     24 18-Nov-86 14:23 -- missing on master
(SYS         :  33) TAPE.SHR      30 13-Dec-82 11:06 -- bad checksum ZORWAQ
                           should be 04-Nov-81 14:19 LAMZOP  ALL  RD  RD
(SYS         :  33) TAPE.LOW       2 13-Dec-82 11:06 -- bad checksum PEKCOX
                           should be 04-Nov-81 14:01 SUDKIK  ALL  RD  RD
(SYS         :  33) DRYDOC.SAV    14 11-Mar-83 16:35 -- bad checksum BUZFOF
                           should be 19-Oct-81 10:49 WOFWED  ALL  RD  RD
(SYS         :  33) 6500.SYM       2 03-Jun-83 13:35 -- bad checksum XINMOW
                           should be 19-Jun-78 17:16 PEMFAK  ALL  RD  RD
(SYS         :  33) PAKCOP.V25    13 06-Feb-87 19:07 -- missing on master
(SYS         :  33) SETE.SAV       2 19-Mar-85 14:45 -- bad checksum KUDXAT
                           should be 02-Dec-87 01:38 FAYPAS  ALL RUN RUN   1000
(SYS         :  33) ACES.MSG       2 29-Mar-87 05:09 -- missing on master
(SYS         :  33) 051087.DAT     9 10-May-87 23:40 -- missing on master
(SYS         :  33) 060787.DAT    20 07-Jun-87 23:43 -- missing on master
(SYS         :  33) SAT.SYS      313 02-Jul-88 15:06 -- bad checksum SOMNUP
                           should be 13-May-88 14:55 RACGIX   RD  RD  RD
(SYS         :  33) ELIZA.SAV     31 01-Jan-64 16:01 -- missing on master
(SYS         :  33) REDUCE.SAV    81 21-Apr-82 12:23 -- bad checksum GIZBOD
                           should be 01-Jan-64 16:01 FEVGAJ  ALL  RD  RD
(SYS         :  33) TECO.SHR       7 01-Jan-64 16:01 -- bad checksum JUZTEP
                           should be 20-May-85 19:32 ROMPED  ALL  RD  RD
(SYS         :  33) LICMAK.SAV     2 01-Jan-64 16:01 -- missing on master
(SYS         :  33) TECO.ERR      12 01-Jan-64 16:01 -- bad checksum DEJNUS
                           should be 02-May-85 05:10 BACMEX  ALL  RD  RD
(SYS         :  33) FTSPOO.SAV     2 10-Dec-75 07:27 -- missing on master
(SYS         :  33) SPEC.SMI       2 26-Aug-77 17:04 -- protection ALL  NO  NO
                           should be 25-Aug-77 10:17 JASKIR  ALL  RD  RD
(SYS         :  33) SPECX.SHR     25 20-Sep-77 09:10 -- protection ALL RUN RUN
                           should be 25-Aug-77 10:13 ZUZYEQ  ALL  RD  RD
(SYS         :  33) SPECX.SHR     25 20-Sep-77 09:10 -- bad license   2000
                           should be 25-Aug-77 10:13 ZUZYEQ  ALL  RD  RD
(SYS         :  33) SPECX.LOW      2 20-Sep-77 09:11 -- protection ALL RUN RUN
                           should be 25-Aug-77 10:14 GECGIG  ALL  RD  RD
(SYS         :  33) SPECX.LOW      2 20-Sep-77 09:11 -- bad license   2000
                           should be 25-Aug-77 10:14 GECGIG  ALL  RD  RD
(SYS         :  33) COST.SAV      11 08-Dec-77 09:35 -- bad checksum QAXHAL
                           should be 08-Oct-81 02:43 QEGPUF  ALL RUN RUN
(SYS         :  33) SFOLIB.REL   120 22-Mar-78 16:55 -- bad checksum ZADREX
                           should be 13-Dec-76 13:39 NUGTAS  ALL  RD  RD
(SYS         :  33) ACTSUM.SAV    38 21-Apr-82 12:23 -- bad checksum HIFCAC
                           should be 07-Dec-78 11:40 XOSYOG  ALL  RD  NO
(SYS         :  33) HOSTS.DAT      2 06-Mar-79 16:41 -- missing on master
(SYS         :  33) ISORT.SHR     35 19-Apr-79 13:46 -- bad checksum BACKEW
                           should be 03-Jun-86 16:46 DIJXIX  ALL  RD  NO   2012
(SYS         :  33) ISORT.LOW      2 19-Apr-79 13:54 -- bad checksum YEMWUW
                           should be 03-Jun-86 16:48 FULGEK  ALL  RD  NO   2012
(SYS         :  33) 1022.OLD       6 27-Apr-79 08:37 -- missing on master
(SYS         :  33) 1022.BWR      15 20-Apr-79 05:53 -- missing on master
(SYS         :  33) X22C0.SHR     65 01-Dec-87 15:26 -- bad checksum VILHUX
                           should be 26-Sep-86 15:19 HUNGIF  ALL  RD  RD
(SYS         :  33) LBL.DAT      154 11-Oct-77 04:43 -- bad checksum XIDLAT
                           should be 15-Jan-80 10:17 FIYTAY  ALL  RD  RD
(SYS         :  33) CT5.SAV        2 15-Feb-80 15:32 -- missing on master
(SYS         :  33) TAG2LB.REL   351 09-Jun-80 11:41 -- missing on master

;;OPR: - System X32 will leave timesharing in 5 minutes /MS
(SYS         :  33) 33034G.SAV   158 09-Jan-81 10:34 -- missing on master
(SYS         :  33) TAGLB2.REL   348 20-Feb-81 17:24 -- missing on master
(SYS         :  33) CONSUL         2 02-Jun-81 18:00 -- missing on master
(SYS         :  33) DIRIT.LOW      2 05-May-82 11:28 -- bad checksum DEFHEW
                           should be 08-Apr-82 01:16 VOLXED  ALL RUN RUN
(SYS         :  33) DIRIT.SHR      5 05-May-82 11:28 -- bad checksum CODJUX
                           should be 24-Apr-86 16:00 TITKAJ  ALL RUN RUN
(SYS         :  33) FOR22.OLD    193 08-Sep-81 15:04 -- missing on master
(SYS         :  33) QN1400.SHR    84 01-Dec-87 15:25 -- bad checksum DEPPUD
                           should be 26-Sep-86 15:19 KAJHAS  ALL  RD  RD
(SYS         :  33) SETEOF.SAV     3 29-Aug-81 11:23 -- missing on master
(SYS         :  33) FTF40.SHR     22 24-May-82 16:16 -- bad checksum PEGQOY
                           should be 06-Apr-82 15:58 NUMSUP  ALL RUN RUN
(SYS         :  33) 1022.SHR       7 01-Dec-87 15:25 -- bad checksum QIGPAC
                           should be 26-Sep-86 15:19 HOXRUL  ALL  RD  RD
(SYS         :  33) 12LOAD.DAT     2 22-Oct-80 13:47 -- missing on master
(SYS         :  33) 1022SA.SAV    35 30-Jul-84 11:41 -- bad checksum ZUSGEG
                           should be 16-Oct-79 13:53 MIZVOF  ALL  RD  RD
(SYS         :  33) X22C0.FXL      2 01-Dec-87 15:26 -- bad checksum GOVFIP
                           should be 26-Sep-86 15:19 CISSUT  ALL  RD  NO
(SYS         :  33) TAGSAV.DAT     1 29-Oct-84 14:25 -- missing on master
(SYS         :  33) 051187.DAT    23 11-May-87 23:46 -- missing on master
(SYS         :  33) SNOBOL.SHR    25 14-Mar-88 22:58 -- bad checksum PAZYEL
                           should be 01-Jan-64 16:01 PABSOP  ALL RUN RUN
(SYS         :  33) SNOBOL.LOW     2 14-Mar-88 22:58 -- bad checksum YAZFEF
                           should be 01-Jan-64 16:01 WOCKEN  ALL RUN RUN
(SYS         :  33) HOSTS.SYS      2 05-Jul-88 19:09 -- bad checksum GENYES
                           should be 05-Aug-88 11:00 ZAWBUT  ALL  RD  RD
(SYS         :  33) 090488.DAT    55 04-Sep-88 23:55 -- missing on master
(SYS         :  33) EUR.DAT       49 21-Apr-82 12:23 -- bad checksum ZOPXEX
                           should be 15-Jan-80 10:18 NEFSAS  ALL  RD  RD
(SYS         :  33) SPELL.SAV    239 02-Jan-80 13:49 -- bad checksum WALSIJ
                           should be 24-Dec-79 19:31 FUQFIG  ALL  RD  RD
(SYS         :  33) HPPOP.HGH     23 22-Jan-80 12:56 -- missing on master
(SYS         :  33) CT2.SAV       13 08-May-80 14:51 -- bad checksum HUVVUR
                           should be 16-May-80 23:38 JUNWEN  ALL RUN RUN 441000
(SYS         :  33) SHC.SAV       41 04-Oct-82 17:41 -- missing on master
(SYS         :  33) MMOVLM.REL     6 13-Oct-82 13:21 -- missing on master
(SYS         :  33) DNBIN.SAV     14 26-Jan-83 09:37 -- missing on master
(SYS         :  33) 16LOAD.DAT     2 22-Oct-80 13:46 -- missing on master
(SYS         :  33) TTR.SAV       32 13-Oct-83 09:38 -- bad checksum HONKON
                           should be 02-Sep-83 18:27 YOBTUP  ALL RUN RUN
(SYS         :  33) TAGTRA.DAT     1 29-Oct-84 14:40 -- missing on master
(SYS         :  33) SZRPT.OLD      4 10-Dec-76 14:12 -- missing on master
(SYS         :  33) FDM.SAV       38 22-Oct-86 11:09 -- missing on master
(SYS         :  33) 052487.DAT    20 24-May-87 23:41 -- missing on master
(SYS         :  33) 060587.DAT    20 05-Jun-87 23:58 -- missing on master
(SYS         :  33) 061487.DAT    20 14-Jun-87 23:52 -- missing on master
(SYS         :  33) 062387.DAT    15 23-Jun-87 23:52 -- missing on master
(SYS         :  33) 070487.DAT    15 04-Jul-87 23:48 -- missing on master
(SYS         :  33) 071387.DAT    20 13-Jul-87 23:59 -- missing on master
(SYS         :  33) 072287.DAT    19 22-Jul-87 23:41 -- missing on master
(SYS         :  33) 072987.DAT    20 29-Jul-87 23:58 -- missing on master
(SYS         :  33) 073187.DAT    20 31-Jul-87 23:46 -- missing on master
(SYS         :  33) 080387.DAT    20 03-Aug-87 23:57 -- missing on master
(SYS         :  33) ASP6.SAV       6 21-Jun-85 10:05 -- missing on master
(SYS         :  33) 081287.DAT    20 12-Aug-87 23:57 -- missing on master
(SYS         :  33) 081987.DAT    20 19-Aug-87 23:44 -- missing on master
(SYS         :  33) 082187.DAT    19 21-Aug-87 23:50 -- missing on master
(SYS         :  33) 082887.DAT    20 28-Aug-87 23:51 -- missing on master
(SYS         :  33) 083087.DAT    20 30-Aug-87 23:49 -- missing on master
(SYS         :  33) 090287.DAT    20 02-Sep-87 23:46 -- missing on master
(SYS         :  33) 090987.DAT    20 09-Sep-87 23:55 -- missing on master
(SYS         :  33) 091187.DAT    20 11-Sep-87 23:59 -- missing on master
(SYS         :  33) 091887.DAT    20 18-Sep-87 23:24 -- missing on master
(SYS         :  33) 092087.DAT    20 20-Sep-87 23:47 -- missing on master
(SYS         :  33) 092787.DAT    20 27-Sep-87 23:48 -- missing on master
(SYS         :  33) 100387.DAT     2 03-Oct-87 00:01 -- missing on master
(SYS         :  33) 101287.DAT    21 12-Oct-87 23:48 -- missing on master
(SYS         :  33) 101987.DAT    21 19-Oct-87 23:45 -- missing on master
(SYS         :  33) 102187.DAT    22 21-Oct-87 23:55 -- missing on master
(SYS         :  33) 102887.DAT    20 28-Oct-87 23:57 -- missing on master
(SYS         :  33) 103087.DAT    20 30-Oct-87 23:02 -- missing on master
(SYS         :  33) 110287.DAT    20 02-Nov-87 23:52 -- missing on master
(SYS         :  33) 110987.DAT    10 09-Nov-87 23:56 -- missing on master
(SYS         :  33) 111187.DAT    20 11-Nov-87 23:41 -- missing on master
(SYS         :  33) TELECO.OLD    38 27-Mar-86 12:37 -- missing on master
(SYS         :  33) 111887.DAT    29 18-Nov-87 23:53 -- missing on master
(SYS         :  33) 112087.DAT    38 20-Nov-87 23:21 -- missing on master
(SYS         :  33) 112787.DAT    38 27-Nov-87 17:58 -- missing on master
(SYS         :  33) CSUM10.SAV    11 09-Mar-88 10:39 -- missing on master
(SYS         :  33) LUD.BKP      224 23-Aug-88 01:45 -- missing on master
(SYS         :  33) 082788.DAT    36 27-Aug-88 23:53 -- missing on master
(SYS         :  33) 090188.DAT    85 01-Sep-88 23:49 -- missing on master
(SYS         :  33) 090888.DAT    25 08-Sep-88 23:53 -- missing on master

;;OPR: - System X32 will leave timesharing in 2 minutes /MS
(SYS         :  33) CRA002.SAV   199 08-Sep-88 06:03 -- bad checksum FOWXOR
                           should be 02-Sep-88 13:41 GOZDOS  ALL  RD  NO
(SYS         :  33) 091088.DAT    45 10-Sep-88 23:57 -- missing on master
(SYS         :  33) 091788.DAT    36 17-Sep-88 23:57 -- missing on master
(SYS         :  33) 092688.DAT    53 26-Sep-88 23:55 -- missing on master
(SYS         :  33) 100288.DAT    92 02-Oct-88 23:55 -- bad checksum ZIVZUD
                           should be 02-Oct-88 23:43 SALQUB  ALL  RD  NO
(SYS         :  33) 100988.DAT    72 09-Oct-88 23:57 -- bad checksum ROCYUB
                           should be 09-Oct-88 23:41 HOCDOH  ALL  RD  NO
    <Pl'