1       1       UFD      3   9-JAN-64   
1       1       UFD      9   9-JAN-64   
1       1       UFD      9  11-JAN-64   
1       1       UFD     13  11-JAN-64   
1       1       UFD     14  11-JAN-64   
1       1       UFD     19   9-JAN-64   
1       1       UFD     22   9-JAN-64   
1       1       UFD     25   9-JAN-64   
1       133677  UFD     22   2-JAN-64   
1       142734  UFD     22   7-MAR-71   
1       151773  UFD     15  19-OCT-65   
1       154414  UFD      8  22-OCT-74   
1       170741  UFD      8  22-OCT-86   
1       173236  UFD     16  24-AUG-67   
1       173236  UFD     24  25-DEC-67   
1       21      UFD      4   1-JAN-64    
1       21      UFD     14   2-JAN-64    
1       21      UFD     15   1-JAN-64    
1       21      UFD     15  22-FEB-73    
1       21      UFD     16   1-JAN-64    
1       320663  UFD     13  16-MAR-69   
1       4       UFD     15   9-JAN-64   
1       4       UFD     15   9-JAN-64   
1       4       UFD     15   9-JAN-64   
1       4       UFD     15   9-JAN-64   
1       4       UFD     15   9-JAN-64   
1       4       UFD     15  11-JAN-64   
1       4       UFD     15  11-JAN-64   
1       4       UFD     15  11-JAN-64   
1       4       UFD     15  11-JAN-64   
1       4       UFD     15  11-JAN-64   
1       4       UFD     15  11-JAN-64   
1       4       UFD     15  11-JAN-64   
1       4       UFD     15  11-JAN-64   
1       4       UFD     15  17-APR-87   
1       4       UFD     16   9-JAN-64   
1       4       UFD     17   9-JAN-64   
1       4       UFD     17  22-JUN-87   
1       4       UFD     18   9-JAN-64   
1       4       UFD     18   9-JAN-64   
1       42313   UFD       7  19-MAY-74  
1       44355   UFD       3   2-JAN-64  
1       44355   UFD       9   2-JAN-64  
1       44355   UFD       9   2-JAN-64  
1       44355   UFD       9  10-OCT-66  
1       44355   UFD       9  24-MAY-72  
1       44355   UFD      10   1-JAN-64  
1       44355   UFD      10  22-DEC-71  
1       44355   UFD      11   2-JAN-64  
1       44355   UFD      15   2-JAN-64  
1       44355   UFD      15   7-MAR-71  
1       44355   UFD      17   1-JAN-64  
1       44355   UFD      19   1-JAN-64  
1       47230   UFD      15  29-JAN-70  
1       777777  UFD      2  28-MAY-87   
1       777777  UFD      8  10-APR-87   
11      562     UFD        8   2-JAN-64 
11      562     UFD        9   7-APR-71 
11      562     UFD       15   1-JAN-64 
11011   144306  UFD     15 31-MAY-72    
11011   426132  UFD      8  4-NOV-73    
11011   426136  UFD      8  4-NOV-73    
11011   426145  UFD      8  4-NOV-73    
11011   426155  UFD      8  4-NOV-73    
11011   426160  UFD      8  4-NOV-73    
11011   426167  UFD      8  4-NOV-73    
11011   426171  UFD      8  4-NOV-73    
11011   427771  UFD      8  5-NOV-73    
11011   455021  UFD      8 22-MAY-85    
11020   106105  UFD      8  4-DEC-85    
11020   136150  UFD     15 31-JAN-69    
11020   136151  UFD     15 14-AUG-74    
11020   136151  UFD     15 19-MAR-64    
11020   136151  UFD     15 27-MAY-73    
11020   136151  UFD     22 11-AUG-64    
11020   136151  UFD     28 17-SEP-74    
11020   22050   UFD      8  4-DEC-85    
11020   224753  UFD      8  4-DEC-85    
11020   241206  UFD     14  1-JAN-64    
11020   253257  UFD      8  4-DEC-85    
11020   262574  UFD      8  4-DEC-85    
11334   103057  UFD      9 24-NOV-74    
11334   103060  UFD     10  7-APR-64    
11334   103060  UFD     10 17-MAR-74    
11334   262226  UFD     10 27-JAN-75    
11334   265070  UFD      9 14-SEP-69    
11334   317316  UFD     15  1-JAN-64    
11334   317316  UFD     15 15-AUG-74    
11334   333002  UFD      9 29-SEP-69    
11334   40470   UFD     25 21-NOV-74    
11334   435545  UFD     13 20-JAN-74    
11334   437777  UFD      8  6-OCT-86    
11334   474103  UFD     10  1-JUL-74    
11334   521271  UFD     14 19-AUG-64    
11334   521274  UFD     17 19-AUG-64    
11334   554231  UFD      8  1-JAN-75    
11346   124422  UFD      8 27-MAY-86    
11447   113414  UFD      8 21-OCT-86    
11447   113415  UFD      6 22-DEC-64    
11447   143725  UFD      9 23-APR-64    
11554   525473  UFD     10 20-SEP-74    
13      75775   UFD      9  19-JAN-73   
13107   307540  UFD     49  7-JUL-64    
14021   433716  UFD      8 29-JAN-74    
14717   357427  UFD      8 23-DEC-73    
14717   441160  UFD      8 25-JUN-74    
16316   23665   UFD     15 21-JUL-71    
16316   365203  UFD     10 21-JUL-71    
16630   162722  UFD      8 16-AUG-83    
21476   122045  UFD     15 11-APR-72    
21476   122045  UFD     17 12-APR-72    
21476   122047  UFD     28  8-DEC-71    
21476   122047  UFD     30 11-APR-72    
21476   17664   UFD      8 13-MAR-75    
21476   223537  UFD      8 11-DEC-74    
21476   223537  UFD     12  9-JAN-65    
21476   261167  UFD     10 20-AUG-72    
21476   34111   UFD      8 17-FEB-75    
21476   34111   UFD      8 17-FEB-75    
21476   34750   UFD     13  6-APR-71    
21476   34750   UFD     13 28-OCT-70    
21476   404137  UFD      8  5-FEB-75    
21476   404145  UFD      8  5-FEB-75    
21476   404145  UFD      8  6-FEB-75    
21476   404146  UFD     16  3-MAR-75    
21476   404146  UFD     16  5-FEB-75    
21476   404146  UFD     16  5-FEB-75    
21476   404146  UFD     16  5-FEB-75    
21476   404146  UFD     16  5-FEB-75    
21476   404146  UFD     16  5-FEB-75    
21476   404146  UFD     16  5-FEB-75    
21476   404146  UFD     16  5-MAR-75    
21476   404152  UFD     13  5-FEB-75    
21476   404152  UFD     13  5-FEB-75    
21476   404152  UFD     13  5-FEB-75    
21476   404152  UFD     13  5-FEB-75    
21476   404152  UFD     13  5-MAR-75    
21476   404152  UFD     13  5-MAR-75    
21476   404152  UFD     13  7-APR-64    
21476   404153  UFD     18  3-MAR-75    
21476   404153  UFD     18  5-FEB-75    
21476   404153  UFD     18  5-FEB-75    
21476   404153  UFD     19  5-FEB-75    
21476   404153  UFD     19  5-FEB-75    
21476   404153  UFD     19  5-FEB-75    
21476   404153  UFD     20  5-FEB-75    
21476   404153  UFD     20  5-FEB-75    
21476   427272  UFD      8 27-FEB-75    
21476   430467  UFD     22  5-DEC-73    
21476   430467  UFD     22 10-NOV-73    
21476   446432  UFD      8 18-MAR-75    
21476   500711  UFD      8 27-DEC-74    
21476   507326  UFD      9 11-APR-64    
21476   507326  UFD      9 16-FEB-64    
21476   507326  UFD      9 16-FEB-64    
21476   540121  UFD     15 14-OCT-64    
21476   540121  UFD     22  4-NOV-74    
21476   545177  UFD     15 11-AUG-64    
21476   554115  UFD      9 14-MAR-64    
21477   101206  UFD     20 11-AUG-74    
21477   101206  UFD     23  9-JAN-64    
21477   114625  UFD      8 28-APR-74    
21477   130074  UFD      9  2-SEP-71    
21477   147773  UFD     15  1-FEB-72    
21477   153236  UFD     50  4-JUL-73    
21477   162737  UFD     15  3-MAY-72    
21477   162737  UFD     15 26-SEP-73    
21477   175251  UFD    113 31-AUG-66    
21477   175251  UFD    122  8-DEC-65    
21477   203767  UFD      8  4-MAY-74    
21477   205541  UFD     26 12-NOV-74    
21477   205634  UFD     29 11-AUG-64    
21477   205635  UFD      9 10-JUN-71    
21477   211606  UFD      8 11-MAR-75    
21477   214621  UFD     22 28-AUG-66    
21477   214621  UFD     93  2-FEB-71    
21477   214622  UFD     20 28-AUG-66    
21477   214622  UFD    190 24-AUG-66    
21477   214623  UFD     15 28-AUG-66    
21477   215544  UFD     10  2-JAN-68    
21477   215544  UFD     49  2-JAN-68    
21477   215544  UFD     67  7-MAR-71    
21477   223546  UFD     40 11-APR-72    
21477   223546  UFD     46 30-MAR-72    
21477   223547  UFD     30 11-APR-72    
21477   223547  UFD     36 30-MAR-72    
21477   246203  UFD      8  4-MAY-74    
21477   263034  UFD     16 20-MAR-68    
21477   263665  UFD     15  4-MAY-72    
21477   301671  UFD      8 28-APR-74    
21477   307207  UFD     15 17-DEC-68    
21477   335662  UFD      8 28-APR-74    
21477   337402  UFD     15 15-AUG-74    
21477   337402  UFD     16  1-JAN-64    
21477   345621  UFD     15 22-MAR-71    
21477   353503  UFD      8 27-DEC-74    
21477   353503  UFD      8 27-DEC-74    
21477   362660  UFD     15 24-JUN-73    
21477   372774  UFD     15  9-OCT-73    
21477   372774  UFD     15 11-AUG-64    
21477   54127   UFD     16 29-DEC-70    
21477   54130   UFD     15 27-MAR-73    
21477   54130   UFD     17 21-FEB-71    
21477   550164  UFD      8  7-JAN-75    
21477   550560  UFD      8 26-JAN-75    
21477   550560  UFD    127 15-DEC-74    
21477   555372  UFD      8  7-JAN-75    
21477   6654    UFD     13 13-MAY-73    
21477   6654    UFD     15  4-JUN-73    
21477   72334   UFD      8 28-APR-74    
21477   72350   UFD      8 28-APR-74    
21477   72353   UFD      8 28-APR-74    
21477   72362   UFD      8 28-APR-74    
21477   72367   UFD      8 28-APR-74    
22171   252652  UFD     23  7-JUL-64    
23036   246730  UFD     14  5-FEB-69    
23036   251077  UFD      9  5-FEB-69    
23036   450020  UFD      8 20-JAN-75    
23036   450020  UFD     25  7-FEB-74    
23036   450020  UFD     31  7-FEB-74    
23571   215111  UFD     15  8-FEB-69    
27514   202062  UFD     15  1-JAN-64    
27514   202062  UFD     16 10-FEB-74    
27514   245713  UFD     26 10-FEB-74    
27514   252115  UFD     30 10-FEB-74    
27514   252115  UFD     54  1-JAN-64    
27514   401046  UFD     20  3-JUN-73    
27514   566053  UFD     12 31-MAR-64    
3       140673  UFD      8  31-DEC-84   
3       140673  UFD     15  14-OCT-73   
3       156346  UFD      8   3-APR-73   
3       16154   UFD       8  31-OCT-86  
3       167357  UFD      8  30-APR-74   
3       177775  UFD     22   7-FEB-72   
3       177776  UFD     11   7-FEB-72   
3       211135  UFD      8  21-JUN-66   
3       211135  UFD     15  21-JUN-66   
3       213211  UFD     11  31-JUL-66   
3       214400  UFD      8  23-MAR-87   
3       225443  UFD      8   9-FEB-67   
3       230623  UFD      7   3-APR-67   
3       250244  UFD      8  18-DEC-85   
3       253600  UFD     10   4-DEC-84   
3       254611  UFD      8  29-AUG-80   
3       325601  UFD     13  16-SEP-82   
3       325603  UFD     13  16-SEP-82   
3       326737  UFD      8  28-JUL-84   
3       330611  UFD      6  27-MAY-74   
3       352477  UFD      8  22-SEP-69   
3       352477  UFD     12  22-SEP-69   
3       377775  UFD      8  10-SEP-85   
3       410765  UFD      8  13-MAY-64   
3       416154  UFD      8   3-JUN-64   
3       42754   UFD       8  10-JUL-66  
3       42754   UFD      22  10-JUL-66  
3       431116  UFD      8  16-JAN-74   
3       431116  UFD      8  22-NOV-73   
3       431116  UFD     12  16-JAN-74   
3       431116  UFD     16  22-NOV-73   
3       52660   UFD      13  16-SEP-82  
3       700143  UFD      8   6-FEB-86   
3       700310  UFD      8   9-APR-87   
3       700703  UFD      8  30-MAR-87   
3       704103  UFD      8  29-SEP-85   
3       777006  UFD      8   5-DEC-86   
30042   277221  UFD      9 22-MAR-71    
30042   277221  UFD      9 24-FEB-69    
30455   463533  UFD     20  8-APR-74    
31024   320157  UFD     10 30-JUN-71    
31024   320162  UFD     11 30-JUN-71    
32120   146755  UFD     22  9-APR-73    
32120   146755  UFD     50 10-MAY-72    
32120   155436  UFD     31  7-DEC-71    
32120   155436  UFD     86  9-APR-73    
32120   231755  UFD     29  9-APR-73    
32120   252311  UFD     15  1-OCT-72    
32120   252311  UFD     42  9-APR-73    
32120   305225  UFD     15  6-JAN-65    
32120   305225  UFD     15 11-AUG-64    
32120   314670  UFD     22  9-APR-73    
32120   426341  UFD     18 31-OCT-73    
32120   436541  UFD     16 12-DEC-73    
32120   463116  UFD      8 17-OCT-74    
32120   47412   UFD    150 26-NOV-70    
32120   516012  UFD     37 11-AUG-74    
32120   65250   UFD     41 23-MAR-71    
32120   67260   UFD     29  9-APR-73    
32173   305547  UFD     21  2-DEC-68    
32173   305551  UFD     46  2-DEC-68    
32173   305551  UFD     69  2-DEC-68    
32655   314367  UFD      9 18-NOV-64    
34355   546504  UFD      9  5-DEC-74    
35321   573725  UFD     13 22-APR-64    
35406   365745  UFD     14  1-NOV-71    
37055   26632   UFD     16  8-JAN-75    
37071   27056   UFD     22 20-AUG-70    
37071   27056   UFD     22 22-MAR-71    
37456   112315  UFD     26 29-JAN-74    
4       105475  UFD     22   7-JUL-64   
4       112057  UFD     20  15-DEC-65   
4       125552  UFD     24   1-JAN-64   
4       125552  UFD     32   1-JAN-64   
4       130     UFD        29  15-OCT-69
4       134612  UFD      8   9-APR-84   
4       134612  UFD      9  14-JAN-64   
4       134612  UFD     15  12-AUG-64   
4       134612  UFD     15  22-OCT-73   
4       143361  UFD     38  21-APR-64   
4       144346  UFD     15  15-SEP-66   
4       146225  UFD     37  23-JUN-74   
4       146225  UFD     40  12-NOV-74   
4       147532  UFD     19  12-AUG-64   
4       156533  UFD     53  12-NOV-74   
4       156533  UFD     66  15-FEB-67   
4       162621  UFD     15  27-JUN-74   
4       163162  UFD     15  11-SEP-66   
4       163162  UFD     15  28-APR-65   
4       216364  UFD     28  27-JUN-74   
4       216505  UFD     16  16-NOV-66   
4       220505  UFD     45  12-NOV-74   
4       220667  UFD     43  20-NOV-66   
4       257027  UFD     21  25-FEB-68   
4       263152  UFD     13  27-MAR-68   
4       274505  UFD     11   1-AUG-68   
4       315727  UFD     22  12-NOV-74   
4       35174   UFD      22  12-NOV-74  
4       35174   UFD      22  15-JUL-64  
4       364770  UFD     17   2-FEB-71   
4       454260  UFD     22  28-OCT-74   
4       63311   UFD      11  14-FEB-71  
4       63311   UFD      19  31-AUG-64  
40311   57374   UFD      9 23-SEP-72    
41673   123656  UFD     21  6-OCT-72    
42242   143314  UFD     15 25-SEP-72    
42651   161715  UFD     12 25-SEP-72    
43722   231461  UFD      8 11-MAR-75    
44054   251263  UFD      8 17-FEB-75    
44061   561651  UFD      8 30-JAN-75    
44062   437212  UFD     19  1-JAN-64    
44062   437212  UFD     21 25-JUL-74    
44062   437254  UFD      8 10-MAR-75    
44062   437254  UFD      8 10-MAR-75    
44066   254232  UFD     17  1-JAN-64    
44066   254232  UFD     17 27-FEB-74    
44155   276437  UFD     11  5-OCT-72    
44155   276437  UFD     11 26-FEB-74    
44155   276437  UFD     18  1-JAN-64    
44266   270457  UFD      8 24-DEC-74    
44266   270457  UFD     11 30-OCT-72    
44360   506205  UFD      8  2-JUN-87    
44360   520157  UFD     15 27-DEC-64    
44515   151000  UFD     17  3-JAN-73    
44515   151000  UFD     18  3-JAN-73    
45223   24241   UFD     15 16-MAY-73    
45223   24241   UFD     25 16-MAY-73    
46131   435221  UFD     15 27-DEC-64    
46131   435223  UFD     15 27-DEC-64    
46513   447505  UFD     15 18-JUN-74    
46513   447505  UFD     18  3-FEB-74    
46513   77100   UFD     43  4-FEB-74    
46513   77100   UFD     44  4-FEB-74    
46606   452120  UFD     77  1-JAN-64    
46606   452120  UFD     82  2-JUN-74    
46767   462357  UFD     28  5-APR-74    
46767   462357  UFD     31  5-APR-74    
47232   266440  UFD     35 23-AUG-74    
47232   266440  UFD     51  1-JAN-64    
47256   25451   UFD      8  8-JUL-74    
47256   276262  UFD     15 25-JUN-74    
47256   276262  UFD     16  9-JAN-64    
47256   46356   UFD     15  5-SEP-64    
47256   46356   UFD     15 25-JUN-74    
47256   50313   UFD     16  1-JAN-64    
47256   50313   UFD     16 25-JUN-74    
47256   516343  UFD     22  1-JAN-64    
47256   516343  UFD     23 15-AUG-74    
47700   223545  UFD     10  4-OCT-74    
47700   223545  UFD     14  4-OCT-74    
50251   136435  UFD      8 26-DEC-74    
50251   136435  UFD     15 26-DEC-74    
50254   255754  UFD      8 27-DEC-74    
50527   402231  UFD      8 16-JUN-86    
50527   402244  UFD      8 16-JUN-86    
50527   402267  UFD      8 23-APR-86    
50527   402273  UFD      8 16-JUN-86    
50527   402274  UFD      8 16-JUN-86    
50527   402640  UFD      8 16-JUN-86    
51213   574444  UFD     14  4-MAY-64    
51213   574444  UFD     14 27-APR-64    
51316   604242  UFD     15 30-MAY-64    
51316   604242  UFD     15 30-MAY-64    
6       144222  UFD    175  14-JAN-64   
6       144222  UFD    188   6-OCT-64   
6       214     UFD         8   1-JAN-64
6       270     UFD         8   1-JAN-64
7       273043  UFD      8   1-DEC-80   
7       6       UFD           8  30-MAY-86   
7676    103006  UFD     32 14-MAR-73    
7676    112733  UFD     15  8-NOV-73    
7676    26512   UFD     15 24-AUG-70    
