Master host: 32
45 files on master system.
Slave hosts: 14,17,22,23,25,26,29,30,31,32,33,34,35,37,38,54,55,56,58,65,74
Checking host 14
Checking host 17
(XEXEC       :  17) RESP.SAV      19 18-Apr-86 00:51 -- bad license  41400
                           should be 25-Nov-86 23:22 YEQKIF  ALL  RD RUN
(XEXEC       :  17) INIT.SAV      10 12-Mar-86 16:50 -- bad license  40000
                           should be 25-Nov-86 23:26 FAMCEB  ALL  RD RUN
(XEXEC       :  17) WHEREI.SAV     4 27-Apr-84 16:17 -- bad license     10
                           should be 04-May-84 15:38 PAQQEC  ALL  RD RUN
(XEXEC       :  17) LPR.SAV       25 28-Jul-86 16:55 -- bad license    400
                           should be 28-Jul-86 19:30 TUPYEF  ALL  RD RUN
(XEXEC       :  17) WHEN.SAV      33 06-Mar-87 18:54 -- bad checksum BEPCED
                           should be 19-Mar-87 17:09 HABWAD  ALL  RD RUN
(XEXEC       :  17) TIIXEC.SAV     2 15-Jun-84 11:59 -- bad license   2000
                           should be 24-Jun-85 13:02 MOCZIN  ALL  RD RUN
(XEXEC       :  17) FINDIT.SAV                       -- missing on slave
Checking host 22
(XEXEC       :  22) RESP.SAV      19 18-Apr-86 00:51 -- bad license  41400
                           should be 25-Nov-86 23:22 YEQKIF  ALL  RD RUN
(XEXEC       :  22) INIT.SAV      10 12-Mar-86 16:50 -- bad license  40000
                           should be 25-Nov-86 23:26 FAMCEB  ALL  RD RUN
(XEXEC       :  22) FIND.SAV      46 12-Jul-85 17:37 -- bad checksum RAZHEL
                           should be 12-Jul-85 17:38 SULRER  ALL  RD RUN
(XEXEC       :  22) TOKEN.SAV      5 15-Nov-83 17:53 -- bad checksum QOMXIN
                           should be 12-Mar-84 23:13 POCRIF  ALL  RD RUN
(XEXEC       :  22) WHEREI.SAV     4 27-Apr-84 16:17 -- bad license     10
                           should be 04-May-84 15:38 PAQQEC  ALL  RD RUN
(XEXEC       :  22) LPR.SAV       25 28-Jul-86 16:55 -- bad license    400
                           should be 28-Jul-86 19:30 TUPYEF  ALL  RD RUN
(XEXEC       :  22) WHEN.SAV      33 06-Mar-87 18:54 -- bad checksum BEPCED
                           should be 19-Mar-87 17:09 HABWAD  ALL  RD RUN
(XEXEC       :  22) TIIXEC.SAV     2 15-Jun-84 11:59 -- bad license   2000
                           should be 24-Jun-85 13:02 MOCZIN  ALL  RD RUN
Checking host 23
(XEXEC       :  23) RESP.SAV      19 18-Apr-86 00:51 -- bad license  41400
                           should be 25-Nov-86 23:22 YEQKIF  ALL  RD RUN
(XEXEC       :  23) INIT.SAV      10 12-Mar-86 16:50 -- bad license  40000
                           should be 25-Nov-86 23:26 FAMCEB  ALL  RD RUN
(XEXEC       :  23) WHEREI.SAV     4 27-Apr-84 16:17 -- bad license     10
                           should be 04-May-84 15:38 PAQQEC  ALL  RD RUN
(XEXEC       :  23) LPR.SAV       25 28-Jul-86 16:55 -- bad license    400
                           should be 28-Jul-86 19:30 TUPYEF  ALL  RD RUN
(XEXEC       :  23) WHEN.SAV      33 06-Mar-87 18:54 -- bad checksum BEPCED
                           should be 19-Mar-87 17:09 HABWAD  ALL  RD RUN
(XEXEC       :  23) TIIXEC.SAV     2 15-Jun-84 11:59 -- bad license   2000
                           should be 24-Jun-85 13:02 MOCZIN  ALL  RD RUN
Checking host 25
(XEXEC       :  25) RESP.SAV      19 18-Apr-86 00:51 -- bad license  41400
                           should be 25-Nov-86 23:22 YEQKIF  ALL  RD RUN
(XEXEC       :  25) INIT.SAV      10 12-Mar-86 16:50 -- bad license  40000
                           should be 25-Nov-86 23:26 FAMCEB  ALL  RD RUN
(XEXEC       :  25) WHEREI.SAV     4 27-Apr-84 16:17 -- bad license     10
                           should be 04-May-84 15:38 PAQQEC  ALL  RD RUN
(XEXEC       :  25) LPR.SAV       25 28-Jul-86 16:55 -- bad license    400
                           should be 28-Jul-86 19:30 TUPYEF  ALL  RD RUN
(XEXEC       :  25) WHEN.SAV      33 06-Mar-87 18:54 -- bad checksum BEPCED
                           should be 19-Mar-87 17:09 HABWAD  ALL  RD RUN
(XEXEC       :  25) TIIXEC.SAV     2 15-Jun-84 11:59 -- bad license   2000
                           should be 24-Jun-85 13:02 MOCZIN  ALL  RD RUN
Checking host 26
(XEXEC       :  26) RESP.SAV      19 18-Apr-86 00:51 -- bad license  41400
                           should be 25-Nov-86 23:22 YEQKIF  ALL  RD RUN
(XEXEC       :  26) INIT.SAV      10 12-Mar-86 16:50 -- bad license  40000
                           should be 25-Nov-86 23:26 FAMCEB  ALL  RD RUN
(XEXEC       :  26) FIND.SAV      46 12-Jul-85 17:37 -- bad checksum RAZHEL
                           should be 12-Jul-85 17:38 SULRER  ALL  RD RUN
(XEXEC       :  26) TOKEN.SAV      5 15-Nov-83 17:53 -- bad checksum QOMXIN
                           should be 12-Mar-84 23:13 POCRIF  ALL  RD RUN
(XEXEC       :  26) WHEREI.SAV     4 27-Apr-84 16:17 -- bad license     10
                           should be 04-May-84 15:38 PAQQEC  ALL  RD RUN
(XEXEC       :  26) LPR.SAV       25 28-Jul-86 16:55 -- bad license    400
                           should be 28-Jul-86 19:30 TUPYEF  ALL  RD RUN
(XEXEC       :  26) WHEN.SAV      33 06-Mar-87 18:54 -- bad checksum BEPCED
                           should be 19-Mar-87 17:09 HABWAD  ALL  RD RUN
(XEXEC       :  26) TIIXEC.SAV     2 15-Jun-84 11:59 -- bad license   2000
                           should be 24-Jun-85 13:02 MOCZIN  ALL  RD RUN
Checking host 29
(XEXEC       :  29) RESP.SAV      19 18-Apr-86 00:51 -- bad license  41400
                           should be 25-Nov-86 23:22 YEQKIF  ALL  RD RUN
(XEXEC       :  29) INIT.SAV      10 12-Mar-86 16:50 -- bad license  40000
                           should be 25-Nov-86 23:26 FAMCEB  ALL  RD RUN
(XEXEC       :  29) FIND.SAV      46 12-Jul-85 17:37 -- bad checksum RAZHEL
                           should be 12-Jul-85 17:38 SULRER  ALL  RD RUN
(XEXEC       :  29) TOKEN.SAV      5 15-Nov-83 17:53 -- bad checksum QOMXIN
                           should be 12-Mar-84 23:13 POCRIF  ALL  RD RUN
(XEXEC       :  29) WHEREI.SAV     4 27-Apr-84 16:17 -- bad license     10
                           should be 04-May-84 15:38 PAQQEC  ALL  RD RUN
(XEXEC       :  29) TINIT.SAV     32 21-Jan-87 09:02 -- missing on master
(XEXEC       :  29) LPR.SAV       25 28-Jul-86 16:55 -- bad license    400
                           should be 28-Jul-86 19:30 TUPYEF  ALL  RD RUN
(XEXEC       :  29) WHEN.SAV      33 06-Mar-87 18:54 -- bad checksum BEPCED
                           should be 19-Mar-87 17:09 HABWAD  ALL  RD RUN
(XEXEC       :  29) TIIXEC.SAV     2 15-Jun-84 11:59 -- bad license   2000
                           should be 24-Jun-85 13:02 MOCZIN  ALL  RD RUN
Checking host 30
(XEXEC       :  30) RESP.SAV      19 18-Apr-86 00:51 -- bad license  41400
                           should be 25-Nov-86 23:22 YEQKIF  ALL  RD RUN
(XEXEC       :  30) INIT.SAV      10 12-Mar-86 16:50 -- bad license  40000
                           should be 25-Nov-86 23:26 FAMCEB  ALL  RD RUN
(XEXEC       :  30) FIND.SAV      46 12-Jul-85 17:37 -- bad checksum RAZHEL
                           should be 12-Jul-85 17:38 SULRER  ALL  RD RUN
(XEXEC       :  30) TOKEN.SAV      5 15-Nov-83 17:53 -- bad checksum QOMXIN
                           should be 12-Mar-84 23:13 POCRIF  ALL  RD RUN
(XEXEC       :  30) WHEREI.SAV     4 27-Apr-84 16:17 -- bad license     10
                           should be 04-May-84 15:38 PAQQEC  ALL  RD RUN
(XEXEC       :  30) LPR.SAV       25 28-Jul-86 16:55 -- bad license    400
                           should be 28-Jul-86 19:30 TUPYEF  ALL  RD RUN
(XEXEC       :  30) WHEN.SAV      33 06-Mar-87 18:54 -- bad checksum BEPCED
                           should be 19-Mar-87 17:09 HABWAD  ALL  RD RUN
(XEXEC       :  30) TIIXEC.SAV     2 15-Jun-84 11:59 -- bad license   2000
                           should be 24-Jun-85 13:02 MOCZIN  ALL  RD RUN
(XEXEC       :  30) CPY.SAV                          -- missing on slave
Checking host 31
(XEXEC       :  31) RESP.SAV      19 18-Apr-86 00:51 -- bad license  41400
                           should be 25-Nov-86 23:22 YEQKIF  ALL  RD RUN
(XEXEC       :  31) INIT.SAV      10 12-Mar-86 16:50 -- bad license  40000
                           should be 25-Nov-86 23:26 FAMCEB  ALL  RD RUN
(XEXEC       :  31) WHEREI.SAV     4 27-Apr-84 16:17 -- bad license     10
                           should be 04-May-84 15:38 PAQQEC  ALL  RD RUN
(XEXEC       :  31) LPR.SAV       25 28-Jul-86 16:55 -- bad license    400
                           should be 28-Jul-86 19:30 TUPYEF  ALL  RD RUN
(XEXEC       :  31) TIIXEC.SAV     2 15-Jun-84 11:59 -- bad license   2000
                           should be 24-Jun-85 13:02 MOCZIN  ALL  RD RUN
(XEXEC       :  31) WHEN.SAV      33 06-Mar-87 18:54 -- bad checksum BEPCED
                           should be 19-Mar-87 17:09 HABWAD  ALL  RD RUN
Checking host 32
Checking host 33
Checking host 34
(XEXEC       :  34) RESP.SAV      19 18-Apr-86 00:51 -- bad license  41400
                           should be 25-Nov-86 23:22 YEQKIF  ALL  RD RUN
(XEXEC       :  34) INIT.SAV      10 12-Mar-86 16:50 -- bad license  40000
                           should be 25-Nov-86 23:26 FAMCEB  ALL  RD RUN
(XEXEC       :  34) WHEREI.SAV     4 27-Apr-84 16:17 -- bad license     10
                           should be 04-May-84 15:38 PAQQEC  ALL  RD RUN
(XEXEC       :  34) LPR.SAV       25 28-Jul-86 16:55 -- bad license    400
                           should be 28-Jul-86 19:30 TUPYEF  ALL  RD RUN
(XEXEC       :  34) WHEN.SAV      33 06-Mar-87 18:54 -- bad checksum BEPCED
                           should be 19-Mar-87 17:09 HABWAD  ALL  RD RUN
(XEXEC       :  34) TIIXEC.SAV     2 15-Jun-84 11:59 -- bad license   2000
                           should be 24-Jun-85 13:02 MOCZIN  ALL  RD RUN
Checking host 35
(XEXEC       :  35) RESP.SAV      19 18-Apr-86 00:51 -- bad license  41400
                           should be 25-Nov-86 23:22 YEQKIF  ALL  RD RUN
(XEXEC       :  35) INIT.SAV      10 12-Mar-86 16:50 -- bad license  40000
                           should be 25-Nov-86 23:26 FAMCEB  ALL  RD RUN
(XEXEC       :  35) TAUX.HGH       3 27-Mar-87 20:22 -- missing on master
(XEXEC       :  35) WHEREI.SAV     4 27-Apr-84 16:17 -- bad license     10
                           should be 04-May-84 15:38 PAQQEC  ALL  RD RUN
(XEXEC       :  35) LPR.SAV       25 28-Jul-86 16:55 -- bad license    400
                           should be 28-Jul-86 19:30 TUPYEF  ALL  RD RUN
(XEXEC       :  35) WHEN.SAV      33 06-Mar-87 18:54 -- bad checksum BEPCED
                           should be 19-Mar-87 17:09 HABWAD  ALL  RD RUN
(XEXEC       :  35) TIIXEC.SAV     2 15-Jun-84 11:59 -- bad license   2000
                           should be 24-Jun-85 13:02 MOCZIN  ALL  RD RUN
Checking host 37
(XEXEC       :  37) LS.SAV         5 14-Dec-83 20:29 -- bad checksum ZUTCIF
                           should be 19-Nov-86 13:20 SOYHEX  ALL  RD RUN
(XEXEC       :  37) FCAT.SAV      27 28-Oct-85 20:04 -- bad checksum VIZVEX
                           should be 15-Apr-86 00:39 WUNXIP  ALL  RD RUN
(XEXEC       :  37) TRIM.SAV       6 12-Dec-83 22:42 -- bad checksum JEVGEK
                           should be 17-Mar-86 14:29 MADXOR  ALL  RD RUN
(XEXEC       :  37) FIND.SAV      23 08-Jun-84 18:23 -- bad checksum LITLIP
                           should be 12-Jul-85 17:38 SULRER  ALL  RD RUN
(XEXEC       :  37) UNIQ.SAV       5 12-Dec-83 22:44 -- bad checksum QERQUX
                           should be 12-Mar-84 23:09 WUGDOP  ALL  RD RUN
(XEXEC       :  37) MEXEC.SHR      2 10-Jul-86 02:27 -- bad license 
                           should be 29-May-85 17:07 SEGYIY  ALL  RD RUN   2000
(XEXEC       :  37) WHEREI.SAV     4 27-Apr-84 16:51 -- bad license     10
                           should be 04-May-84 15:38 PAQQEC  ALL  RD RUN
(XEXEC       :  37) WHEN.SAV      33 06-Mar-87 18:54 -- bad checksum BEPCED
                           should be 19-Mar-87 17:09 HABWAD  ALL  RD RUN
(XEXEC       :  37) ORG.SHR                          -- missing on slave
(XEXEC       :  37) DELREL.SAV                       -- missing on slave
(XEXEC       :  37) FIND15.SAV                       -- missing on slave
(XEXEC       :  37) BIN.SAV                          -- missing on slave
(XEXEC       :  37) TEL.SAV                          -- missing on slave
(XEXEC       :  37) MEXEC.SAV                        -- missing on slave
(XEXEC       :  37) WC.SAV                           -- missing on slave
(XEXEC       :  37) SIGNUP.SAV                       -- missing on slave
(XEXEC       :  37) OMEXEC.SAV                       -- missing on slave
(XEXEC       :  37) COPYPC.SAV                       -- missing on slave
(XEXEC       :  37) @.SAV                            -- missing on slave
Checking host 38
(XEXEC       :  38) RESP.SAV      19 18-Apr-86 00:51 -- bad license  41400
                           should be 25-Nov-86 23:22 YEQKIF  ALL  RD RUN
(XEXEC       :  38) INIT.SAV      10 12-Mar-86 16:50 -- bad license  40000
                           should be 25-Nov-86 23:26 FAMCEB  ALL  RD RUN
(XEXEC       :  38) FIND.SAV      46 12-Jul-85 17:37 -- bad checksum RAZHEL
                           should be 12-Jul-85 17:38 SULRER  ALL  RD RUN
(XEXEC       :  38) TOKEN.SAV      5 15-Nov-83 17:53 -- bad checksum QOMXIN
                           should be 12-Mar-84 23:13 POCRIF  ALL  RD RUN
(XEXEC       :  38) WHEREI.SAV     4 27-Apr-84 16:17 -- bad license     10
                           should be 04-May-84 15:38 PAQQEC  ALL  RD RUN
(XEXEC       :  38) LPR.SAV       25 28-Jul-86 16:55 -- bad license    400
                           should be 28-Jul-86 19:30 TUPYEF  ALL  RD RUN
(XEXEC       :  38) WHEN.SAV      33 06-Mar-87 18:54 -- bad checksum BEPCED
                           should be 19-Mar-87 17:09 HABWAD  ALL  RD RUN
(XEXEC       :  38) TIIXEC.SAV     2 15-Jun-84 11:59 -- bad license   2000
                           should be 24-Jun-85 13:02 MOCZIN  ALL  RD RUN
Checking host 54
(XEXEC       :  54) RESP.SAV      19 18-Apr-86 00:51 -- bad license  41400
                           should be 25-Nov-86 23:22 YEQKIF  ALL  RD RUN
(XEXEC       :  54) INIT.SAV      10 12-Mar-86 16:50 -- bad license  40000
                           should be 25-Nov-86 23:26 FAMCEB  ALL  RD RUN
(XEXEC       :  54) WHEREI.SAV     4 27-Apr-84 16:17 -- bad license     10
                           should be 04-May-84 15:38 PAQQEC  ALL  RD RUN
(XEXEC       :  54) LPR.SAV       25 28-Jul-86 16:55 -- bad license    400
                           should be 28-Jul-86 19:30 TUPYEF  ALL  RD RUN
(XEXEC       :  54) WHEN.SAV      33 06-Mar-87 18:54 -- bad checksum BEPCED
                           should be 19-Mar-87 17:09 HABWAD  ALL  RD RUN
(XEXEC       :  54) TIIXEC.SAV     2 15-Jun-84 11:59 -- bad license   2000
                           should be 24-Jun-85 13:02 MOCZIN  ALL  RD RUN
Checking host 55
(XEXEC       :  55) RESP.SAV      19 18-Apr-86 00:51 -- bad license  41400
                           should be 25-Nov-86 23:22 YEQKIF  ALL  RD RUN
(XEXEC       :  55) INIT.SAV      10 12-Mar-86 16:50 -- bad license  40000
                           should be 25-Nov-86 23:26 FAMCEB  ALL  RD RUN
(XEXEC       :  55) FIND.SAV      46 12-Jul-85 17:37 -- bad checksum RAZHEL
                           should be 12-Jul-85 17:38 SULRER  ALL  RD RUN
(XEXEC       :  55) TOKEN.SAV      5 15-Nov-83 17:53 -- bad checksum QOMXIN
                           should be 12-Mar-84 23:13 POCRIF  ALL  RD RUN
(XEXEC       :  55) WHEREI.SAV     4 27-Apr-84 16:17 -- bad license     10
                           should be 04-May-84 15:38 PAQQEC  ALL  RD RUN
(XEXEC       :  55) LPR.SAV       25 28-Jul-86 16:55 -- bad license    400
                           should be 28-Jul-86 19:30 TUPYEF  ALL  RD RUN
(XEXEC       :  55) WHEN.SAV      33 06-Mar-87 18:54 -- bad checksum BEPCED
                           should be 19-Mar-87 17:09 HABWAD  ALL  RD RUN
(XEXEC       :  55) TIIXEC.SAV     2 15-Jun-84 11:59 -- bad license   2000
                           should be 24-Jun-85 13:02 MOCZIN  ALL  RD RUN
Checking host 56
(XEXEC       :  56) RESP.SAV      19 18-Apr-86 00:51 -- bad license  41400
                           should be 25-Nov-86 23:22 YEQKIF  ALL  RD RUN
(XEXEC       :  56) INIT.SAV      10 12-Mar-86 16:50 -- bad license  40000
                           should be 25-Nov-86 23:26 FAMCEB  ALL  RD RUN
(XEXEC       :  56) WHEREI.SAV     4 27-Apr-84 16:17 -- bad license     10
                           should be 04-May-84 15:38 PAQQEC  ALL  RD RUN
(XEXEC       :  56) LPR.SAV       25 28-Jul-86 16:55 -- bad license    400
                           should be 28-Jul-86 19:30 TUPYEF  ALL  RD RUN
(XEXEC       :  56) WHEN.SAV      33 06-Mar-87 18:54 -- bad checksum BEPCED
                           should be 19-Mar-87 17:09 HABWAD  ALL  RD RUN
(XEXEC       :  56) TIIXEC.SAV     2 15-Jun-84 11:59 -- bad license   2000
                           should be 24-Jun-85 13:02 MOCZIN  ALL  RD RUN
Checking host 58
(XEXEC       :  58) RESP.SAV      19 18-Apr-86 00:51 -- bad license  41400
                           should be 25-Nov-86 23:22 YEQKIF  ALL  RD RUN
(XEXEC       :  58) INIT.SAV      10 12-Mar-86 16:50 -- bad license  40000
                           should be 25-Nov-86 23:26 FAMCEB  ALL  RD RUN
(XEXEC       :  58) TRIM.SAV       6 17-May-85 13:58 -- bad checksum JEVGEK
                           should be 17-Mar-86 14:29 MADXOR  ALL  RD RUN
(XEXEC       :  58) FIND.SAV      46 12-Jul-85 17:37 -- bad checksum RAZHEL
                           should be 12-Jul-85 17:38 SULRER  ALL  RD RUN
(XEXEC       :  58) LPR.SAV       25 28-Jul-86 16:55 -- bad license    400
                           should be 28-Jul-86 19:30 TUPYEF  ALL  RD RUN
(XEXEC       :  58) WHEN.SAV      33 06-Mar-87 18:54 -- bad checksum BEPCED
                           should be 19-Mar-87 17:09 HABWAD  ALL  RD RUN
(XEXEC       :  58) TEL.SAV                          -- missing on slave
(XEXEC       :  58) WC.SAV                           -- missing on slave
(XEXEC       :  58) UNBND.SAV                        -- missing on slave
Checking host 65
(XEXEC       :  65P.SAV      19 18-Apr-86 00:51 -- bad license  41400
                           should be 25-Nov-86 23:22 YEQKIF  ALL  RD RUN
(XEXEC       :  65) INIT.SAV      10 12-Mar-86 16:50 -- bad license  40000
                           should be 25-Nov-86 23:26 FAMCEB  ALL  RD RUN
(XEXEC       :  65) WHEREI.SAV     4 27-Apr-84 16:17 -- bad license     10
                           should be 04-May-84 15:38 PAQQEC  ALL  RD RUN
(XEXEC       :  65) LPR.SAV       25 28-Jul-86 16:55 -- bad license    400
                           should be 28-Jul-86 19:30 TUPYEF  ALL  RD RUN
(XEXEC       :  65) TIIXEC.SAV     2 15-Jun-84 11:59 -- bad license   2000
                           should be 24-Jun-85 13:02 MOCZIN  ALL  RD RUN
(XEXEC       :  65) WHEN.SAV      33 06-Mar-87 18:54 -- bad checksum BEPCED
                           should be 19-Mar-87 17:09 HABWAD  ALL  RD RUN
Checking host 74
(XEXEC       :  74) RESP.SAV      19 18-Apr-86 00:51 -- bad license  41400
                           should be 25-Nov-86 23:22 YEQKIF  ALL  RD RUN
(XEXEC       :  74) INIT.SAV      10 12-Mar-86 16:50 -- bad license  40000
                           should be 25-Nov-86 23:26 FAMCEB  ALL  RD RUN
(XEXEC       :  74) RDIST.SAV     34 14-Sep-87 22:29 -- bad checksum PITGES
                           should be 05-Dec-87 01:47 KARLEG  ALL  RD RUN
(XEXEC       :  74) FIND.SAV      46 12-Jul-85 17:37 -- bad checksum RAZHEL
                           should be 12-Jul-85 17:38 SULRER  ALL  RD RUN
(XEXEC       :  74) TOKEN.SAV      5 15-Nov-83 17:53 -- bad checksum QOMXIN
                           should be 12-Mar-84 23:13 POCRIF  ALL  RD RUN
(XEXEC       :  74) WHEREI.SAV     4 27-Apr-84 16:17 -- bad license     10
                           should be 04-May-84 15:38 PAQQEC  ALL  RD RUN
(XEXEC       :  74) LPR.SAV       25 28-Jul-86 16:55 -- bad license    400
                           should be 28-Jul-86 19:30 TUPYEF  ALL  RD RUN
(XEXEC       :  74) WHEN.SAV      33 06-Mar-87 18:54 -- bad checksum BEPCED
                           should be 19-Mar-87 17:09 HABWAD  ALL  RD RUN
(XEXEC       :  74) TIIXEC.SAV     2 15-Jun-84 11:59 -- bad license   2000
                           should be 24-Jun-85 13:02 MOCZIN  ALL  RD RUN
nUî