.MAIN	MACRO 12.5-46.0 10:24 17-APR-86 PAGE 1
MAC.MAC	17-APR-86 10:15	

     1					;STACK EXERCISER
     2			000001		T1=1
     3			000017		P=17
     4			000200		PDLEN=200
     5
     6	000000'	200740	000224'	START:	MOVE	P,[IOWD PDLEN,PDLIST]
     7	000001'	201040	000001		MOVEI	T1,1
     8	000002'	261740	000001		PUSH	P,T1
     9	000003'	260740	000006'		PUSHJ	P,LOOP1
    10	000004'	262740	000001		POP	P,T1
    11	000005'	254000	000022'		JRST	FINISH
    12	000006'	201040	000002	LOOP1:	MOVEI	T1,2
    13	000007'	261740	000001		PUSH	P,T1
    14	000010'	260740	000013'		PUSHJ	P,LOOP2
    15	000011'	262740	000001		POP	P,T1
    16	000012'	254000	000022'		JRST	FINISH
    17	000013'	201040	000003	LOOP2:	MOVEI	T1,3
    18	000014'	261740	000001		PUSH	P,T1
    19	000015'	260740	000020'		PUSHJ	P,LOOP3
    20	000016'	262740	000001		POP	P,T1
    21	000017'	254000	000022'		JRST FINISH
    22	000020'	262740	000001	LOOP3:	POP	P,T1
    23	000021'	254000	000022'		JRST	FINISH
    24	000022'	051140	000225'	FINISH:	OUTSTR	[ASCIZ/DONE./]
    25	000023'	047040	000012		EXIT	1,
    26	000024'			PDLIST:	BLOCK	PDLEN
    27			000000'		END	START
    28
NO ERRORS DETECTED
PROGRAM BREAK IS 000227
2K CORE USED
.MAIN	MACRO 12.5-46.0 10:24 17-APR-86 PAGE 2
MAC.MAC	17-APR-86 10:15		SYMBOL TABLE

EXIT	047000	000012		
FINISH		000022'		
LOOP1		000006'		
LOOP2		000013'		
LOOP3		000020'		
OUTSTR	051140	000000		
P		000017		
PDLEN		000200		
PDLIST		000024'		
START		000000'		
T1		000001		

.MAIN	MACRO 12.5-46.0 10:24 17-APR-86
MAC.MAC	17-APR-86 10:15		Symbol cross reference

FINISH	    11	    16	    21	    23	    24#
LOOP1	     9	    12#
LOOP2	    14	    17#
LOOP3	    19	    22#
P	     3#	     6	     8	     9	    10	    13	    14	    15	    18	    19	    20	    22
PDLEN	     4#	     6	    26
PDLIST	     6	    26#
START	     6#	    27
T1	     2#	     7	     8	    10	    12	    13	    15	    17	    18	    20	    22
.MAIN	MACRO 12.5-46.0 10:24 17-APR-86
MAC.MAC	17-APR-86 10:15		Macro/Opdef cross reference

EXIT	    25
OUTSTR	    24