(NEWSPL)SPLPAG.SAI
(NEWSPL)SPLLIC.SAI
(NEWSPL)ENTER.SAI
(NEWSPL)GETFIL.SAI
(NEWSPL)PRFILE.SAI
(NEWSPL)SPLSWS.SAI
(NEWSPL)SLPSUB.SAI
(NEWSPL)SPLSTR.SAI
(NEWSPL)FICHE.SAI
(NEWSPL)SPL.SAI
(NEWSPL)SPLDAY.SAI
(MYPEAK)COMAND.SAI
(MYPEAK)DED.SAI
(MYPEAK)AUXWIN.SAI
(MYPEAK)REDISP.SAI
(MYPEAK)XFILE.SAI
(MYPEAK)XXFILE.SAI
(MYPEAK)WINDOW.SAI
(MYPEAK)UTIL.SAI
(MYPEAK)SEARCH.SAI
(MYPEAK)XBUFF.SAI
(MYPEAK)XXBUFF.SAI
(VIVIAN)DUSAGE.SAI
(VIVIAN)INIT.SAI
(VIVIAN)TEST1.SAI
(VIVIAN)MFDSCN.SAI
(VIVIAN)INDENT.SAI
(VIVIAN)FILNST.SAI
(VIVIAN)CVPPN.SAI
(VIVIAN)DUL.SAI
(VIVIAN)TEST2.SAI
(VIVIAN)TRYIT.SAI
(VIVIAN)CVT.SAI
(VIVIAN)LIC.SAI
(VIVIAN)TEST3.SAI
(VIVIAN)LICTES.SAI
(VIVIAN)RECUR.SAI
(VIVIAN)DULWLD.SAI
(VIVIAN)TEST4.SAI
(VIVIAN)RECURS.SAI
(VIVIAN)TEST.SAI
(TIIDEV)GRAB.SAI
(PUB)UNDER.SAI
(TODD)PAGER.SAI
(TODD)INIT.SAI
(TODD)ACOM.SAI
(TODD)WILD.SAI
(TODD)UNDELE.SAI
(TODD)TEST.SAI
(TYMNET)NODES.SAI
(TJB)XMODEM.SAI
(TJB)UNCARM.SAI
(BIONIC)BIONIC.SAI
(DRM)INIT.SAI
(DRM)INIT1.SAI
(SOCCI)PWATCH.SAI
(SOCCI)TRACES.SAI
(SOCCI)LINK.SAI
(SOCCI)ACTSCN.SAI
(SOCCI)FIND.SAI
(SOCCI)NODNAM.SAI
(SOCCI)XEQ.SAI
(CMUAIL)LP4MAT.SAI
(CMUAIL)SYMSER.SAI
(CMUAIL)EXTEND.SAI
(CMUAIL)LOOK.SAI
(CMUAIL)LPDUMP.SAI
(CMUAIL)LPREAD.SAI
(FTSYS)LINKER.SAI
(PARTY)PARTY.SAI
(PRT)PRT.SAI
(SYSFIL)DUSAGE.SAI
(SYSFIL)SYENA.SAI
(SYSFIL)LPCOM.SAI
(PASSFRAME)UUOSYM.SAI
(PASSFRAME)PASSWO.SAI
(PEAK.OLD)REDISP.SAI
(PEAK.OLD)COMAND.SAI
(PEAK.OLD)DED.SAI
(PEAK.OLD)AUXWIN.SAI
(PEAK.OLD)XXFILE.SAI
(PEAK.OLD)XFILE.SAI
(PEAK.OLD)WINDOW.SAI
(PEAK.OLD)UTIL.SAI
(PEAK.OLD)XXBUFF.SAI
(PEAK.OLD)XBUFF.SAI
(CB-SAIL)MVOTE.SAI
(CB-SAIL)PAGSIZ.SAI
(CB-SAIL)VMTEST.SAI
(CB-SAIL)USERS.SAI
(CB-SAIL)FILMAP.SAI
(CB-SAIL)SPTEST.SAI
(CB-SAIL)CTY.SAI
(CB-SAIL)MATCHS.SAI
(CB-SAIL)MAPFIL.SAI
(CB-SAIL)RPGLIB.SAI
(CB-SAIL)DEFSYS.SAI
(CB-SAIL)ONCALL.SAI
(CB-SAIL)ARGTEM.SAI
(CB-SAIL)BAR.SAI
(CB-SAIL)TAPEIN.SAI
(CB-SAIL)MJOTTO.SAI
(CB-SAIL)CVTIME.SAI
(CB-SAIL)DIRN.SAI
(CB-SAIL)PASSWO.SAI
(CB-SAIL)FSLAVE.SAI
(CB-SAIL)PRICHK.SAI
(CB-SAIL)ENTER.SAI
(CB-SAIL)INIBAI.SAI
(CB-SAIL)JOTTO1.SAI
(CB-SAIL)FPARSE.SAI
(CB-SAIL)FILBRK.SAI
(CB-SAIL)MKR.SAI
(CB-SAIL)MOTHER.SAI
(CB-SAIL)INIT.SAI
(CB-SAIL)FNDKEY.SAI
(CB-SAIL)MSIEVE.SAI
(CB-SAIL)GETFIL.SAI
(CB-SAIL)INTERN.SAI
(CB-SAIL)USEBAD.SAI
(CB-SAIL)MDS.SAI
(CB-SAIL)TTYINT.SAI
(CB-SAIL)FRMOPS.SAI
(CB-SAIL)TYPER.SAI
(CB-SAIL)MARKER.SAI
(CB-SAIL)RESCAN.SAI
(CB-SAIL)SCANER.SAI
(CB-SAIL)FRTEST.SAI
(CB-SAIL)KEQU.SAI
(CB-SAIL)X.SAI
(CB-SAIL)USEOK.SAI
(CB-SAIL)MYPRIN.SAI
(CB-SAIL)ARRMAP.SAI
(CB-SAIL)CUSPS.SAI
(CB-SAIL)NEWS.SAI
(CB-SAIL)LNKCPY.SAI
(CB-SAIL)TEMPLA.SAI
(CB-SAIL)BK.SAI
(CB-SAIL)SIZES.SAI
(CB-SAIL)SKEL.SAI
(CB-SAIL)MEMCHK.SAI
(CB-SAIL)LUDLST.SAI
(CB-SAIL)RDFILE.SAI
(CB-SAIL)CVTEST.SAI
(CB-SAIL)FSTEST.SAI
(CB-SAIL)DULTST.SAI
(CB-SAIL)DIR.SAI
(CB-SAIL)USEMFD.SAI
(CB-SAIL)FILES.SAI
(CB-SAIL)PAGMAP.SAI
(CB-SAIL)SWITCH.SAI
(CB-SAIL)SW.SAI
(CB-SAIL)FRMTST.SAI
(CB-SAIL)EXISTS.SAI
(CB-SAIL)CK.SAI
(CB-SAIL)LOKLUD.SAI
(CB-SAIL)ARGBEG.SAI
(CB-SAIL)FOOF.SAI
(CB-SAIL)DULWLD.SAI
(CB-SAIL)FRMRUN.SAI
(CB-SAIL)AUTHOR.SAI
(CB-SAIL)RANGE.SAI
(CB-SAIL)JOTTO.SAI
(CB-SAIL)CVDATE.SAI
(CB-SAIL)LUDWLD.SAI
(CB-SAIL)CSLAVE.SAI
(CB-SAIL)AUXLIB.SAI
(CB-SAIL)MAPPIN.SAI
(CB-SAIL)LICENS.SAI
(CB-SAIL)TMPRED.SAI
(CB-SAIL)RADX50.SAI
(CB-SAIL)DAYT.SAI
(CB-SAIL)PAGALL.SAI
(CB-SAIL)DSLAVE.SAI
(CB-SAIL)PAGE.SAI
(CB-SAIL)DIRIT.SAI
(CB-SAIL)WHEN.SAI
(CB-SAIL)PTY.SAI
(CB-SAIL)SYSSUB.SAI
(CB-SAIL)NLINK.SAI
(CB-SAIL)REDSCN.SAI
(CB-SAIL)INIOLD.SAI
(CB-SAIL)IC9.SAI
(CB-SAIL)UNCARM.SAI
(WRS)FTA.SAI
(WRS)PAGER.SAI
(WRS)JBTWRS.SAI
(WRS)CTY.SAI
(WRS)AP.SAI
(WRS)REMOVE.SAI
(WRS)YELBAL.SAI
(WRS)HW.SAI
(WRS)PRIME.SAI
(WRS)LOOP.SAI
(WRS)TCOM.SAI
(WRS)NOTWRI.SAI
(WRS)OPTAB.SAI
(WRS)LCASE.SAI
(WRS)FTP20.SAI
(WRS)LOGLIB.SAI
(WRS)CIDANL.SAI
(WRS)XEXEC.SAI
(WRS)AUXWIN.SAI
(WRS)PERFOR.SAI
(WRS)ARGTST.SAI
(WRS)DAYTIM.SAI
(WRS)EXTEND.SAI
(WRS)SYMBOL.SAI
(WRS)FRMSUB.SAI
(WRS)SHIPX.SAI
(WRS)TZ.SAI
(WRS)H.SAI
(WRS)RANDOM.SAI
(WRS)RERR.SAI
(WRS)PRCITM.SAI
(WRS)CCDDT.SAI
(WRS)CIDSYS.SAI
(WRS)UUOSYM.SAI
(WRS)PERDMP.SAI
(WRS)PASSWO.SAI
(WRS)ARGS.SAI
(WRS)FRMOPS.SAI
(WRS)MAPQUE.SAI
(WRS)FNDMON.SAI
(WRS)FMLIB.SAI
(WRS)INT.SAI
(WRS)LSCAN.SAI
(WRS)LINK.SAI
(WRS)FNDSIG.SAI
(WRS)FTP20S.SAI
(WRS)CIDSYM.SAI
(WRS)MOVUSR.SAI
(WRS)BLOCK.SAI
(WRS)CT2.SAI
(WRS)QUEUES.SAI
(WRS)TRM.SAI
(WRS)BIOEXE.SAI
(WRS)PHANTO.SAI
(WRS)DSTAT.SAI
(WRS)NOSWAP.SAI
(WRS)DP.SAI
(WRS)MAKSIG.SAI
(WRS)BAT.SAI
(WRS)EQV.SAI
(WRS)REG.SAI
(WRS)FTP20M.SAI
(WRS)GETLIN.SAI
(WRS)CIDFRM.SAI
(WRS)SETTRM.SAI
(WRS)FONT.SAI
(WRS)TRU.SAI
(WRS)SNDMEM.SAI
(WRS)CRASUM.SAI
(WRS)SEND20.SAI
(WRS)CRSHID.SAI
(WRS)TMPIN.SAI
(WRS)ARGPAR.SAI
(WRS)LNTEST.SAI
(WRS)OPSUB.SAI
(WRS)GETLNK.SAI
(WRS)INITIA.SAI
(WRS)CRARPT.SAI
(WRS)FNDLIC.SAI
(WRS)ONTCOP.SAI
(WRS)ONTKEY.SAI
(WRS)XEQ.SAI
(WRS)SEND.SAI
(WRS)MUDTST.SAI
(WRS)STREAM.SAI
(WRS)CHARGE.SAI
(WRS)VMDIAG.SAI
(WRS)PHOTO.SAI
(WRS)SD.SAI
(WRS)PCOINT.SAI
(WRS)USAGE.SAI
(WRS)CIDDBM.SAI
(WRS)TRSTAT.SAI
(WRS)ONTVAL.SAI
(WRS)CRFSYM.SAI
(DERNST)NODLOD.SAI
(ZONNIE)INIT.SAI
(CSTEMPLATE)CSTSRC.SAI
(CSTEMPLATE)BRKINI.SAI
(CSTEMPLATE)CMDSCN.SAI
(LINDLEY)INITAD.SAI
(LINDLEY)INITR.SAI
(LINDLEY)SPINIT.SAI
(LINDLEY)USEGAN.SAI
(LINDLEY)AUTO.SAI
(LINDLEY)CLR.SAI
(LINDLEY)RESET.SAI
(LINDLEY)RDLIC.SAI
(LINDLEY)PAGE.SAI
(LINDLEY)CPU.SAI
(COPYPC)SYSUTI.SAI
(COPYPC)COPYPC.SAI
(COPYPC)ARGS.SAI
(COPYPC)VPL.SAI
(COPYPC)TRANS.SAI
(COPYPC)ARGPAR.SAI
(COPYPC)BINARY.SAI
(CB-SAIL-ARC)MAP2.SAI
(CB-SAIL-ARC)DUMP2.SAI
(CB-SAIL-ARC)MTCOPY.SAI
(CB-SAIL-ARC)CMDLIB.SAI
(CB-SAIL-ARC)SYSLIB.SAI
(CB-SAIL-ARC)DUMP3.SAI
(CB-SAIL-ARC)MT.SAI
(CB-SAIL-ARC)DATU.SAI
(CB-SAIL-ARC)MAPLST.SAI
(CB-SAIL-ARC)CONV.SAI
(CB-SAIL-ARC)DUMP.SAI
(CB-SAIL-ARC)2OPS.SAI
(CB-SAIL-ARC)PCALLI.SAI
(CB-SAIL-ARC)MTDIR.SAI
(CB-SAIL-ARC)PTPPUN.SAI
(CB-SAIL-ARC)CNVSAI.SAI
(CB-SAIL-ARC)ENVAX.SAI
(CB-SAIL-ARC)AMAZOT.SAI
(CB-SAIL-ARC)READ.SAI
(CB-SAIL-ARC)NAMES.SAI
(CB-SAIL-ARC)MAP1.SAI
(CB-SAIL-ARC)SRCLIB.SAI
(CB-SAIL-ARC)AMAZON.SAI
(CB-SAIL-ARC)PRTEST.SAI
(UORAIL)BAYSAI.SAI
(UORAIL)SIM.SAI
(UORAIL)FTPDEF.SAI
(UORAIL)CBUGA.SAI
(UORAIL)SENDER.SAI
(UORAIL)TSTTAN.SAI
(UORAIL)FORTR.SAI
(UORAIL)TSTM2A.SAI
(UORAIL)TSTA.SAI
(UORAIL)EVAR.SAI
(UORAIL)TBL0.SAI
(UORAIL)E9.SAI
(UORAIL)F1.SAI
(UORAIL)LISTX.SAI
(UORAIL)GUNK.SAI
(UORAIL)TRSEND.SAI
(UORAIL)FTPTST.SAI
(UORAIL)X.SAI
(UORAIL)TSTM1.SAI
(UORAIL)TSTM2B.SAI
(UORAIL)CBUG.SAI
(UORAIL)ITMS.SAI
(UORAIL)F2.SAI
(UORAIL)NEWIT.SAI
(UORAIL)WINDOW.SAI
(UORAIL)RCVR.SAI
(UORAIL)TST.SAI
(UORAIL)TSTM2C.SAI
(UORAIL)FORC.SAI
(UORAIL)MYPROC.SAI
(UORAIL)ASSING.SAI
(UORAIL)SAVRES.SAI
(UORAIL)GAR.SAI
(UORAIL)MBUG.SAI
(SPL)ACCESS.SAI
(SPL)MATCHS.SAI
(SPL)FTP20.SAI
(SPL)CENTER.SAI
(SPL)MARKER.SAI
(SPL)GETFIL.SAI
(SPL)FTP20S.SAI
(SPL)NFICHE.SAI
(SPL)TELCHK.SAI
(SPL)LUK.SAI
(SPL)REDSCR.SAI
(SPL)FIND.SAI
(SPL)MEMCHK.SAI
(SPL)CPY.SAI
(SPL)SFTP.SAI
(SPL)TMERGE.SAI
(SPL)SWITCH.SAI
(SPL)ASK.SAI
(SPL)TURNUP.SAI
(SPL)LINKER.SAI
(SPL)RCR.SAI
(SPL)LEXSUB.SAI
(SPL)AUXLIB.SAI
(SPL)FICHE.SAI
(SPL)WHO.SAI
(SPL)FINDIT.SAI
(SPL)PRUNE.SAI
(SPL)TWOUP.SAI
(SPL)PAGE.SAI
(SPL)WHEN.SAI
(SPL)CRFSYM.SAI
(SLISYS)DREADS.SAI
(SLISYS)ACOM.SAI
(SLISYS)READST.SAI
(CARL)DEFSYS.SAI
(CARL)MONDOC.SAI
(CARL)MCY.SAI
(CARL)SYDISP.SAI
(CARL)DT.SAI
(CARL)NEXTIM.SAI
(CARL)CATREC.SAI
(CARL)PCOTST.SAI
(CARL)PROC.SAI
(CARL)DAYTIM.SAI
(CARL)PACK.SAI
(CARL)CATTOT.SAI
(CARL)PCKSUB.SAI
(CARL)VMSCAN.SAI
(CARL)CMDDPY.SAI
(CARL)CARD01.SAI
(CARL)RANDOM.SAI
(CARL)COPY.SAI
(CARL)WOMQUE.SAI
(CARL)UNIQUE.SAI
(CARL)JQUE.SAI
(CARL)BIONIC.SAI
(CARL)UNPACK.SAI
(CARL)REDALL.SAI
(CARL)CHKLST.SAI
(CARL)CHKADD.SAI
(CARL)PRTTRP.SAI
(CARL)HSB.SAI
(CARL)RDIST.SAI
(CARL)SYF.SAI
(CARL)LICSUB.SAI
(CARL)VMFILS.SAI
(CARL)WOMBAT.SAI
(CARL)VMFOO.SAI
(CARL)LUDLST.SAI
(CARL)PCOM.SAI
(CARL)CARDX.SAI
(CARL)VMFILE.SAI
(CARL)UNDELE.SAI
(CARL)MAC.SAI
(CARL)DPY.SAI
(CARL)PGCOPY.SAI
(CARL)TST.SAI
(CARL)FRMTST.SAI
(CARL)LOGPKG.SAI
(CARL)SWITCH.SAI
(CARL)LIX.SAI
(CARL)CVDATE.SAI
(CARL)DULPRS.SAI
(CARL)MONEDK.SAI
(CARL)INTTRP.SAI
(CARL)CATTAX.SAI
(CARL)CARDS.SAI
(CARL)OPRPKG.SAI
(CARL)SY.SAI
(CARL)TEST.SAI
(CARL)CMDSCN.SAI
(CARL)EDIT10.SAI
(CARL)PCOINT.SAI
(CARL)FRMTRP.SAI
(CARL)GETLIC.SAI
(CARL)APPEND.SAI
(CARL)DSKCHK.SAI
(CARL)PASPRN.SAI
(CARL)PASPKG.SAI
(CARL)MONED1.SAI
(CARL)PCODUL.SAI
(CARL)INFO.SAI
(CARL)ARGTST.SAI
(CARL)PASNAM.SAI
(CARL)VMSPEC.SAI
(CARL)OPRPAS.SAI
(CARL)DEFOPR.SAI
(CARL)PQUE.SAI
(CARL)OPRPSW.SAI
(CARL)SETOPR.SAI
(CARL)STXLIB.SAI
(CARL)CARDSO.SAI
(CARL)SHOVEL.SAI
(CARL)KLLT.SAI
(CARL)CK.SAI
(CARL)VMCHAN.SAI
(CARL)AUXINT.SAI
(CARL)BITARY.SAI
(CARL)FOO.SAI
(CARL)SENDMA.SAI
(CARL)OPRSUB.SAI
(CARL)SPLTAP.SAI
(DWS)DATE.SAI
(DWS)CRYPT.SAI
(DWS)BOX.SAI
(DWS)TERMS.SAI
(DWS)RTEST.SAI
(DWS)REDISP.SAI
(DWS)SLR.SAI
(DWS)CREAUX.SAI
(DWS)TRMSUB.SAI
(DWS)DSKUSE.SAI
(DWS)INIT.SAI
(DWS)SYMTAB.SAI
(DWS)APPLY.SAI
(DWS)TASM.SAI
(DWS)CHUNK.SAI
(DWS)LINED.SAI
(DWS)LRSUB.SAI
(DWS)DRIVER.SAI
(DWS)DATE3.SAI
(DWS)AUTHOR.SAI
(DWS)RDISP.SAI
(DWS)INTRFC.SAI
(DWS)LEXSCN.SAI
(DWS)PAGE.SAI
(DWS)PARSER.SAI
(DWS)FILSCN.SAI
(DWS)DSKCHK.SAI
(DONAHUE)FMLIB.SAI
(DONAHUE)RUNNER.SAI
(KLUTE)COPYPC.SAI
(KLUTE)SYSUTI.SAI
(KLUTE)ABORT.SAI
(KLUTE)VPL.SAI
(KLUTE)TRANS.SAI
(KLUTE)BINARY.SAI
(VMAP)CVTIME.SAI
(VMAP)VMBLT.SAI
(VMAP)VMAP.SAI
(VMAP)CVFNAM.SAI
(VMAP)VMCOPY.SAI
(VMAP)SWSCN.SAI
(VMAP)VMXXX.SAI
(VMAP)STATE.SAI
(VMAP)FND.SAI
(VMAP)CVDATE.SAI
(VMAP)VMUCMD.SAI
(VMAP)BRKINI.SAI
(VMAP)CMDSCN.SAI
(VMAP)TEST.SAI
(VMAP)VMUSUB.SAI
(SUBMIT)U.SAI
(SUBMIT)NEXTIM.SAI
(SUBMIT)MYPERP.SAI
(SUBMIT)SUBMIT.SAI
(SUBMIT)SUBMSC.SAI
(SUBMIT)SUBPAR.SAI
(LRAC)ENTER.SAI
(LRAC)CREDIT.SAI
(LRAC)CDTCMD.SAI
(LRAC)LOAN.SAI
(PRODUCTLIST)XX.SAI
(SAILIB)LP4MAT.SAI
(SAILIB)SAVLOW.SAI
(SAILIB)ADJBP.SAI
(SAILIB)FRMOP.SAI
(SAILIB)APEND.SAI
(SAILIB)SPNTRE.SAI
(SAILIB)TXTSUB.SAI
(SAILIB)MATCHS.SAI
(SAILIB)WARP.SAI
(SAILIB)MAGIC.SAI
(SAILIB)ACCESS.SAI
(SAILIB)STRCTS.SAI
(SAILIB)FILESM.SAI
(SAILIB)VMSPEC.SAI
(SAILIB)OSTRNG.SAI
(SAILIB)OFIND.SAI
(SAILIB)LEPFMT.SAI
(SAILIB)PRIQUE.SAI
(SAILIB)MAKSLB.SAI
(SAILIB)PRICHK.SAI
(SAILIB)OCVPPN.SAI
(SAILIB)MAKDCL.SAI
(SAILIB)ARGS.SAI
(SAILIB)CVNAME.SAI
(SAILIB)FNDKEY.SAI
(SAILIB)RHFILE.SAI
(SAILIB)MYTEXT.SAI
(SAILIB)IOMOD.SAI
(SAILIB)LICSUB.SAI
(SAILIB)MFDSCN.SAI
(SAILIB)FILDAT.SAI
(SAILIB)HALTST.SAI
(SAILIB)SETTRM.SAI
(SAILIB)STRNG.SAI
(SAILIB)BITOPS.SAI
(SAILIB)DUL.SAI
(SAILIB)ATFILE.SAI
(SAILIB)BLOCK.SAI
(SAILIB)CVPPN.SAI
(SAILIB)WARPT.SAI
(SAILIB)FSMCOD.SAI
(SAILIB)FIND.SAI
(SAILIB)VMFILE.SAI
(SAILIB)VERSN.SAI
(SAILIB)LPDUMP.SAI
(SAILIB)BUGWFW.SAI
(SAILIB)ASSERT.SAI
(SAILIB)RANDIO.SAI
(SAILIB)ADJUBP.SAI
(SAILIB)MAPPAG.SAI
(SAILIB)PORT.SAI
(SAILIB)ASK.SAI
(SAILIB)PRTSUB.SAI
(SAILIB)FSMSET.SAI
(SAILIB)STRCMP.SAI
(SAILIB)SWITCH.SAI
(SAILIB)ARGPAR.SAI
(SAILIB)BITARY.SAI
(SAILIB)VMCHAN.SAI
(SAILIB)STRNGS.SAI
(SAILIB)BKFNS.SAI
(SAILIB)MAPRD.SAI
(SAILIB)SOUNDX.SAI
(SAILIB)READBR.SAI
(SAILIB)DULWLD.SAI
(SAILIB)LUDWLD.SAI
(SAILIB)FRMRUN.SAI
(SAILIB)FIND7.SAI
(SAILIB)AUXLIB.SAI
(SAILIB)MUNGE.SAI
(SAILIB)LPREAD.SAI
(SAILIB)BUG1.SAI
(SAILIB)BYPTR.SAI
(SAILIB)RNDIO.SAI
(SAILIB)DMATH.SAI
(SAILIB)FILSCN.SAI
(SAILIB)BRKFNS.SAI
(SAILIB)SOSFSM.SAI
(SAILIB)APPEND.SAI
(M33)MONDOC.SAI
(M33)MONED1.SAI
(M33)CONFS.SAI
(M33)MONED.SAI
(M33)MDDT.SAI
(M33)MONEDX.SAI
(M33)CONF3.SAI
(M33)LINKER.SAI
(PEAKX)REDISP.SAI
(PEAKX)COMAND.SAI
(PEAKX)DED.SAI
(PEAKX)AUXWIN.SAI
(PEAKX)XXFILE.SAI
(PEAKX)XFILE.SAI
(PEAKX)WINDOW.SAI
(PEAKX)UTIL.SAI
(PEAKX)XXBUFF.SAI
(PEAKX)XBUFF.SAI
(LOGGER)MIMIC.SAI
(LOGGER)NMUDDY.SAI
(LOGGER)OMIMIC.SAI
(LOGGER)MUDTST.SAI
(LOGGER)MUDWRS.SAI
(NEWINFO)INFO.SAI
(NEWINFO)INFSUB.SAI
(NEWINFO)SYDISP.SAI
(NEWINFO)INFCMD.SAI
(NEWINFO)TEST.SAI
(NEWINFO)CMDSCN.SAI
(K.AUXIO)MHXM.SAI
(K.AUXIO)AUXIO.SAI
(K.AUXIO)POKLDB.SAI
(K.AUXIO)MHXD.SAI
(CB-SAILIB)BAYSAI.SAI
(CB-SAILIB)MONSYM.SAI
(CB-SAILIB)DIABLO.SAI
(CB-SAILIB)DATE.SAI
(CB-SAILIB)CORSER.SAI
(CB-SAILIB)ZYGO.SAI
(CB-SAILIB)TTYSER.SAI
(CB-SAILIB)MAKESI.SAI
(CB-SAILIB)GRIPE.SAI
(CB-SAILIB)XLOOK.SAI
(CB-SAILIB)FILE.SAI
(CB-SAILIB)ALTER.SAI
(CB-SAILIB)CURSOR.SAI
(CB-SAILIB)DSKPPN.SAI
(CB-SAILIB)MONTOR.SAI
(CB-SAILIB)FSORT.SAI
(CB-SAILIB)CHAN.SAI
(CB-SAILIB)WILD.SAI
(CB-SAILIB)WILDGF.SAI
(CB-SAILIB)UDATE.SAI
(CB-SAILIB)EFILE.SAI
(CB-SAILIB)BAILIN.SAI
(CB-SAILIB)TABUTL.SAI
(CB-SAILIB)CMUPPN.SAI
(CB-SAILIB)QNET.SAI
(CB-SAILIB)CCL.SAI
(CB-SAILIB)TMPFIL.SAI
(CB-SAILIB)FILDEF.SAI
(CB-SAILIB)FILE2.SAI
(CB-SAILIB)SWINI.SAI
(CB-SAILIB)STRFIL.SAI
(CB-SAILIB)PARSER.SAI
(CB-SAILIB)HOMFIL.SAI
(CB-SAILIB)CSWIT.SAI
(IMPORT)CAL.SAI
(PEAK1)MAPTST.SAI
(NEWFDM)FDMCMD.SAI
(NEWFDM)DAYTIM.SAI
(NEWFDM)CVFN.SAI
(NEWFDM)FDMSUB.SAI
(NEWFDM)VMCOPY.SAI
(NEWFDM)CVFNAM.SAI
(NEWFDM)MEMCHK.SAI
(NEWFDM)FDM.SAI
(NEWFDM)CVPPN.SAI
(NEWFDM)BRKINI.SAI
(NEWFDM)CMDSCN.SAI
(JW.DSKCLN)LOAN.SAI
(K.SLR)SLR.SAI
(JMS)JUSERS.SAI
(JMS)USERS.SAI
(JMS)ROLAID.SAI
(JMS)RDIST.SAI
(JMS)POKLDB.SAI
(JMS)NODES.SAI
(JMS)FRMTST.SAI
(LPQUE)AUXINT.SAI
(LPQUE)REQUE.SAI
(LPQUE)CMDSCN.SAI
(LPQUE)REQ.SAI
(CB-PARSER)SLR.SAI
(CB-PARSER)PARSE.SAI
(MPL)DIRED.SAI
(MPL)X1200.SAI
(MPL)RUB.SAI
(MPL)SCRIPT.SAI
(MPL)PCOM52.SAI
(MPL)PCODUL.SAI
(MPL)PCOM61.SAI
(MPL)CSCAN.SAI
(MPL)MNSCAN.SAI
(MPL)SCAN.SAI
(MPL)INFO.SAI
(MPL)HPDIR.SAI
(MPL)KEYWRD.SAI
(MPL)ICP.SAI
(MPL)PCOM53.SAI
(MPL)PCOM62.SAI
(MPL)UUOSYM.SAI
(MPL)PFOO.SAI
(MPL)CREDAT.SAI
(MPL)CLEAN.SAI
(MPL)31DIR.SAI
(MPL)FORMAT.SAI
(MPL)LODSAV.SAI
(MPL)CTYMSG.SAI
(MPL)FMLIB.SAI
(MPL)UNDEL.SAI
(MPL)SPOOL.SAI
(MPL)LINK.SAI
(MPL)PCOM54.SAI
(MPL)PCOM63.SAI
(MPL)AUXIO.SAI
(MPL)DELACT.SAI
(MPL)TYPER.SAI
(MPL)SSCAN.SAI
(MPL)READST.SAI
(MPL)ASSHOL.SAI
(MPL)AUXDDT.SAI
(MPL)NOBAIL.SAI
(MPL)XX.SAI
(MPL)MHXW.SAI
(MPL)SETTRM.SAI
(MPL)PCOM21.SAI
(MPL)PCOM55.SAI
(MPL)PCOM.SAI
(MPL)FIND.SAI
(MPL)TTYTAB.SAI
(MPL)COM.SAI
(MPL)DISP.SAI
(MPL)KAFIX.SAI
(MPL)PJCVFY.SAI
(MPL)PCOM56.SAI
(MPL)UNDELE.SAI
(MPL)LLINK.SAI
(MPL)SNOOP.SAI
(MPL)DPY.SAI
(MPL)MHX.SAI
(MPL)TAPE.SAI
(MPL)GRAB.SAI
(MPL)SYMSRC.SAI
(MPL)RUNNER.SAI
(MPL)ACSCAN.SAI
(MPL)SNOOPY.SAI
(MPL)PCOM50.SAI
(MPL)XPAND.SAI
(MPL)PCOM57.SAI
(MPL)PCONEW.SAI
(MPL)STREAM.SAI
(MPL)WHOMAI.SAI
(MPL)ACTSUM.SAI
(MPL)AUXDIR.SAI
(MPL)PRUNE.SAI
(MPL)WHOIS.SAI
(MPL)QUOTA.SAI
(MPL)PHOTO.SAI
(MPL)PCOINT.SAI
(MPL)FTP10X.SAI
(MPL)PCOM51.SAI
(MPL)PCOM60.SAI
(MPL)LUDRPT.SAI
(MPL)EDIT10.SAI
(MPL)PCOM67.SAI
(MPL)PEECOM.SAI
(MPL)SCREAM.SAI
(FJSAIL)GOGTAB.SAI
(FJSAIL)FSHPRT.SAI
(FJSAIL)PROFIL.SAI
(FJSAIL)ALLBUG.SAI
(FJSAIL)BTR.SAI
(SPPOPER)INIT.SAI
(SPPOPER)DEFPRI.SAI
(SPPOPER)RECFIX.SAI
(SPPOPER)SPLFIX.SAI
(SPPOPER)FIXMAP.SAI
(SPPOPER)SPFIX.SAI
(SRA)ACTSUM.SAI
(XEXEC)PERFOR.SAI
(XEXEC)SORT.SAI
(XEXEC)MORE.SAI
(XEXEC)FCAT.SAI
(XEXEC)RESP.SAI
(XEXEC)LS.SAI
(XEXEC)PERDMP.SAI
(XEXEC)UNDER.SAI
(XEXEC)INIT.SAI
(XEXEC)UNBND.SAI
(XEXEC)ARGS.SAI
(XEXEC)TRIM.SAI
(XEXEC)WC.SAI
(XEXEC)RDIST.SAI
(XEXEC)FIND.SAI
(XEXEC)UNIQ.SAI
(XEXEC)UPDATE.SAI
(XEXEC)DUL.SAI
(XEXEC)SLEEP.SAI
(XEXEC)TEL.SAI
(XEXEC)TOKEN.SAI
(XEXEC)SWITCH.SAI
(XEXEC)WHEREI.SAI
(XEXEC)BS.SAI
(XEXEC)ARGPAR.SAI
(XEXEC)TAIL.SAI
(XEXEC)LPR.SAI
(XEXEC)BIN.SAI
(XEXEC)DIRCMP.SAI
(XEXEC)FLIB.SAI
(XEXEC)DELREL.SAI
(INFO)INFO.SAI
(INFO)INFOX.SAI
(CTMKTG1)MYSCAN.SAI
(KLIB)WLDCRD.SAI
(KLIB)DATE.SAI
(KLIB)PRICHK.SAI
(KLIB)SYS.SAI
(KLIB)TIME.SAI
(KLIB)VMFILE.SAI
(KLIB)MEMCHK.SAI
(KLIB)UTIL.SAI
(KLIB)LIC.SAI
(KLIB)CMDLIN.SAI
(KDEV3)PREPAY.SAI
(KDEV3)TST.SAI
(KDEV3)HOME.SAI
(KDEV3)LOAN.SAI
(KDEV3)YEAR.SAI
(TTR)PRICHK.SAI
(TTR)KEQU.SAI
(TTR)TTR.SAI
(TTR)RDFILE.SAI
(TTR)BRKINI.SAI
(TTR)CMDSCN.SAI
(LPTSPL)CTYLIB.SAI
(LPTSPL)OLDSPL.SAI
(LPTSPL)AUXBLK.SAI
(LPTSPL)XEXEC.SAI
(LPTSPL)XPQUE.SAI
(LPTSPL)AUXSPL.SAI
(LPTSPL)FRMOPS.SAI
(LPTSPL)BBLOCK.SAI
(LPTSPL)BLOK20.SAI
(LPTSPL)XPQ.SAI
(LPTSPL)C.SAI
(LPTSPL)CHILD.SAI
(LPTSPL)LPTSPL.SAI
(LPTSPL)BLOCK.SAI
(LPTSPL)TYMLIB.SAI
(LPTSPL)LP.SAI
(LPTSPL)LPDRVX.SAI
(LPTSPL)LPDRV.SAI
(LPTSPL)AUXINT.SAI
(LPTSPL)AUXLIB.SAI
(LPTSPL)LICENS.SAI
(LPTSPL)TEST.SAI
(UWORK)ONCALL.SAI
(UWORK)DAYTIM.SAI
(NFDM)FDMCMD.SAI
(NFDM)DAYTIM.SAI
(NFDM)FDMSUB.SAI
(NFDM)VMCOPY.SAI
(NFDM)CVFNAM.SAI
(NFDM)MEMCHK.SAI
(NFDM)FDM.SAI
(NFDM)BRKINI.SAI
(NFDM)CMDSCN.SAI
(RUSSELLB)INIT.SAI
(HELGEM)PARCOD.SAI
(HELGEM)SUPCHK.SAI
(HELGEM)TS.SAI
(HELGEM)TALL.SAI
(HELGEM)TES.SAI
(HELGEM)RDFILE.SAI
(HELGEM)TEST.SAI
(HELGEM)CURTIM.SAI
(EXECX)XEXEC.SAI
(EXECX)EXECX.SAI
(EXECX)QUEDDT.SAI
(EXECX)XEXFIL.SAI
(EXECX)XEXPKG.SAI
(EXECX)JQUE.SAI
(EXECX)XEXOPR.SAI
(EXECX)XEXSUB.SAI
(EXECX)XEXTIM.SAI
(EXECX)QUEDPY.SAI
(EXECX)XEXINT.SAI
(EXECX)XEXCHR.SAI
(EXECX)XEXMAI.SAI
(EXECX)XEXLIC.SAI
    