00:41:07 Started (CARL)CHKPNT.LPW
00:44:22 Finished (CARL)CHKPNT.LPW Printed: 26 pages.
00:48:03 Started (CARL)CHKPNT.LSW
00:57:36 Finished (CARL)CHKPNT.LSW Printed: 78 pages.
02:31:52 Started (JMS)8X11.BOX
02:32:03 Finished (JMS)8X11.BOX Printed: 1 pages.
02:55:53 Started (JMS)8X11.BOX
02:56:06 Finished (JMS)8X11.BOX Printed: 2 pages.
03:04:27 Started (JMS)8X11.BOX
03:04:39 Finished (JMS)8X11.BOX Printed: 1 pages.
04:12:08 Started (JMS)RIB.NFO
04:15:38 Started (JMS)RIB.NFO
04:17:32 Finished (JMS)RIB.NFO Printed: 12 pages.
03:31:05 Started (CARL)CENTER.SYS
03:31:18 Finished (CARL)CENTER.SYS Printed: 1 pages.
04:10:36 Started (JMS)COMTXT.LS8
04:11:23 Finished (JMS)COMTXT.LS8 Printed: 2 pages.
04:12:36 Started (JMS)COMTXT.LST
04:13:08 Finished (JMS)COMTXT.LST Printed: 2 pages.
19:27:23 Started (DENCOFF)SUBMIT.DOC
19:31:40 Finished (DENCOFF)SUBMIT.DOC Printed: 34 pages.
20:51:44 Started (DENCOFF)PARMTR.DOC
20:52:07 Finished (DENCOFF)PARMTR.DOC Printed: 5 pages.
21:59:49 Started (JMS)BOOTSL.LSW
22:07:21 Finished (JMS)BOOTSL.LSW Printed: 63 pages.
20:55:34 Started (CARL)XFER.CTL
20:55:39 Finished (CARL)XFER.CTL Printed: 1 pages.
20:56:29 Started (CARL)OSMAN.AS1
20:56:35 Finished (CARL)OSMAN.AS1 Printed: 1 pages.
21:07:58 Started (JMS)LN03.ESC
21:08:16 Finished (JMS)LN03.ESC Printed: 3 pages.
22:56:58 Started (CARL)OPER.XMT
22:57:07 Finished (CARL)OPER.XMT Printed: 3 pages.
23:22:11 Started (CARL)SETOP.XMT
23:22:20 Finished (CARL)SETOP.XMT Printed: 3 pages.
23:33:35 Started (CARL)OPER.XMT
23:33:44 Finished (CARL)OPER.XMT Printed: 3 pages.
23:34:09 Started (CARL)SETOP.XMT
23:34:18 Finished (CARL)SETOP.XMT Printed: 3 pages.
23:34:42 Started (CARL)OPER.XMT
23:34:56 Finished (CARL)OPER.XMT Printed: 3 pages.
23:37:44 Started (CARL)SETOP.XMT
23:37:54 Finished (CARL)SETOP.XMT Printed: 3 pages.
23:56:53 Started (CARL)SETLIC.XMT
23:57:29 Finished (CARL)SETLIC.XMT Printed: 6 pages.
22:28:41 Started (CARL)AUXBLD.MAC
22:28:48 Finished (CARL)AUXBLD.MAC Printed: 1 pages.
22:29:18 Started (CARL)LCASE.MAC
22:29:23 Finished (CARL)LCASE.MAC Printed: 1 pages.
22:29:53 Started (CARL)GTCHAR.MAC
22:30:02 Finished (CARL)GTCHAR.MAC Printed: 1 pages.
22:30:32 Started (CARL)SETN.MAC
22:30:38 Finished (CARL)SETN.MAC Printed: 1 pages.
22:31:08 Started (CARL)DELAY.MAC
22:31:15 Finished (CARL)DELAY.MAC Printed: 1 pages.
22:31:45 Started (CARL)OUTCHR.MAC
22:31:50 Finished (CARL)OUTCHR.MAC Printed: 1 pages.
22:32:20 Started (CARL)AUXRS.MAC
22:32:25 Finished (CARL)AUXRS.MAC Printed: 1 pages.
22:33:31 Started (CARL)AXPORT.MAC
rinted: 1 pages.
22:33:37 Finished (CARL)AXPORT.MAC Printed: 1 pages.
22:34:08 Started (CARL)ZAP.MAC
22:34:12 Finished (CARL)ZAP.MAC Printed: 1 pages.
22:35:13 Started (CARL)ECOSET.MAC
22:35:18 Finished (CARL)ECOSET.MAC Printed: 1 pages.
22:35:48 Started (CARL)GETNAM.MAC
22:35:55 Finished (CARL)GETNAM.MAC Printed: 1 pages.
22:36:55 Started (CARL)AUXZAP.MAC
22:37:00 Finished (CARL)AUXZAP.MAC Printed: 1 pages.
22:38:02 Started (CARL)UTIL.MAC
22:38:10 Finished (CARL)UTIL.MAC Printed: 1 pages.
22:38:41 Started (CARL)AUXCHK.MAC
22:38:46 Finished (CARL)AUXCHK.MAC Printed: 1 pages.
22:39:16 Started (CARL)AUXTBA.MAC
22:39:24 Finished (CARL)AUXTBA.MAC Printed: 1 pages.
22:39:54 Started (CARL)RESCN.MAC
22:39:59 Finished (CARL)RESCN.MAC Printed: 1 pages.
22:40:29 Started (CARL)FBCIR.MAC
22:40:34 Finished (CARL)FBCIR.MAC Printed: 1 pages.
22:41:05 Started (CARL)AUXRX.MAC
22:41:10 Finished (CARL)AUXRX.MAC Printed: 1 pages.
22:46:46 Started (DENCOFF)NTRBAK.FTF
22:47:09 Finished (DENCOFF)NTRBAK.FTF Printed: 1 pages.
22:47:39 Started (DENCOFF)NTRGO.FTF
22:47:51 Finished (DENCOFF)NTRGO.FTF Printed: 2 pages.
22:48:21 Started (DENCOFF)NTRKGO.FTF
22:48:29 Finished (DENCOFF)NTRKGO.FTF Printed: 2 pages.
22:48:59 Started (DENCOFF)NTRACK.FTF
22:49:31 Finished (DENCOFF)NTRACK.FTF Printed: 3 pages.
17:29:29 Started (DENCOFF)STASYS.LS8
17:30:06 Finished (DENCOFF)STASYS.LS8 Printed: 1 pages.
22:01:28 Started (CARL)SWITCH.LSW
22:01:36 Finished (CARL)SWITCH.LSW Printed: 1 pages.
22:32:25 Started (CARL)SWITCH.INI
22:32:32 Finished (CARL)SWITCH.INI Printed: 1 pages.
03:12:24 Started (JMS)X.LS8
03:13:22 Finished (JMS)X.LS8 Printed: 1 pages.
00:52:07 Started (LPQ)XEXEW.200
01:04:45 Finished (LPQ)XEXEW.200 Printed: 1 pages.
01:05:16 Started (LPQ)XEXEW.199
01:06:03 Finished (LPQ)XEXEW.199 Printed: 1 pages.
01:06:04 Started (LPQ)XEXEW.198
01:07:02 Finished (LPQ)XEXEW.198 Printed: 1 pages.
01:07:33 Started (LPQ)XEXEW.197
01:08:17 Finished (LPQ)XEXEW.197 Printed: 1 pages.
01:08:19 Started (LPQ)XEXEW.196
01:09:15 Finished (LPQ)XEXEW.196 Printed: 1 pages.
01:09:47 Started (LPQ)XEXEW.195
01:10:31 Finished (LPQ)XEXEW.195 Printed: 1 pages.
01:10:32 Started (LPQ)XEXEW.194
01:30:24 Finished (LPQ)XEXEW.194 Printed: 1 pages.
01:30:55 Started (LPQ)XEXEW.193
01:31:39 Finished (LPQ)XEXEW.193 Printed: 1 pages.
01:32:10 Started (LPQ)XEXEW.192
01:32:56 Finished (LPQ)XEXEW.192 Printed: 1 pages.
01:32:57 Started (LPQ)XEXEW.191
01:33:55 Finished (LPQ)XEXEW.191 Printed: 1 pages.
01:35:39 Started (LPQ)XEXEW.189
Printed: 1 pages.
01:36:23 Finished (LPQ)XEXEW.189 Printed: 1 pages.
01:36:53 Started (LPQ)XEXEW.188
01:56:49 Started (CARL)RESUME.LN3
01:57:44 Finished (CARL)RESUME.LN3 Printed: 1 pages.
01:58:15 Started (CARL)RESUME.LSW
01:58:24 Finished (CARL)RESUME.LSW Printed: 1 pages.
01:58:54 Started (CARL)RESUME.LS8
01:59:04 Finished (CARL)RESUME.LS8 Printed: 1 pages.
02:07:29 Started (CARL)RESUME.LN3
02:07:38 Finished (CARL)RESUME.LN3 Printed: 1 pages.
02:12:04 Started (CARL)RESUME.LST
02:12:42 Finished (CARL)RESUME.LST Printed: 6 pages.
19:58:48 Started (JMS)CTYLOG.LSW
19:59:10 Finished (JMS)CTYLOG.LSW Printed: 5 pages.
20:10:30 Started (JMS)NODLOD.LST
20:13:40 Finished (JMS)NODLOD.LST Printed: 21 pages.
20:47:30 Started (JMS)NODLOD.WHR
20:47:40 Finished (JMS)NODLOD.WHR Printed: 1 pages.
16:42:50 Started (JMS)CRSHID.WHR
16:42:59 Finished (JMS)CRSHID.WHR Printed: 1 pages.
03:53:11 Started (JMS)SCNMAC.SC1
03:53:34 Finished (JMS)SCNMAC.SC1 Printed: 4 pages.
03:54:04 Started (JMS)SCNMAC.SC2
03:54:20 Finished (JMS)SCNMAC.SC2 Printed: 3 pages.
06:07:50 Started (JMS)DRWHO.TXT
06:08:26 Finished (JMS)DRWHO.TXT Printed: 6 pages.
06:08:56 Started (JMS)DRWHO.TAP
06:09:24 Finished (JMS)DRWHO.TAP Printed: 1 pages.
06:09:54 Started (JMS)KTEH54.WHO
06:10:11 Finished (JMS)KTEH54.WHO Printed: 1 pages.
19:37:22 Started (JMS)LETTER.TCI
19:37:34 Finished (JMS)LETTER.TCI Printed: 3 pages.
19:39:36 Started (JMS)LETTER.TCI
19:39:47 Finished (JMS)LETTER.TCI Printed: 3 pages.
22:18:57 Started (JMS)KTEH54.NEW
22:19:10 Finished (JMS)KTEH54.NEW Printed: 2 pages.
23:49:00 Started (JMS)LETTER.TCI
23:49:17 Finished (JMS)LETTER.TCI Printed: 1 pages.
23:51:17 Started (JMS)LETTER.TCI
23:51:25 Finished (JMS)LETTER.TCI Printed: 1 pages.
20:29:09 Started (JMS)REVIEW.JOE
20:29:15 Finished (JMS)REVIEW.JOE Printed: 1 pages.
21:23:33 Started (JMS)BOOTKS.TMP
21:24:53 Finished (JMS)BOOTKS.TMP Printed: 11 pages.
21:28:30 Started (JMS)BOOTKS.LSW
21:36:30 Finished (JMS)BOOTKS.LSW Printed: 67 pages.
00:38:45 Started (JMS)KSBLOD.LSW
00:40:08 Finished (JMS)KSBLOD.LSW Printed: 13 pages.
22:13:40 Started (JMS)LETTER.TMP
22:13:50 Finished (JMS)LETTER.TMP Printed: 2 pages.
23:02:16 Started (JMS)FILDAT.SAI
23:02:41 Finished (JMS)FILDAT.SAI Printed: 4 pages.
02:49:48 Started (JMS)KTEH54.WHO
02:50:09 Finished (JMS)KTEH54.WHO Printed: 3 pages.
21:07:05 Started (CARL)ASP.LSW
21:14:20 Finished (CARL)ASP.LSW Printed: 62 pages.
01:22:16 Started (JMS)SYSNO.NFO
06:31:36 Finished (JMS)CABLE.LS8 Printed: 1 pages.
JMS)CABLE.LS8 Printed: 1 pages.
22:39:00 Started (JMS)SYSNO.NFO
22:40:26 Finished (JMS)SYSNO.NFO Printed: 8 pages.
22:47:18 Started (JMS)SYSNO.LS8
22:47:36 Finished (JMS)SYSNO.LS8 Printed: 1 pages.
20:26:08 Started (JMS)CPXKON.LSW
20:26:28 Finished (JMS)CPXKON.LSW Printed: 1 pages.
17:34:47 Started (DENCOFF)BPXKON.LST
17:40:01 Finished (DENCOFF)BPXKON.LST Printed: 43 pages.
17:40:31 Started (DENCOFF)CPXKON.LST
17:46:00 Finished (DENCOFF)CPXKON.LST Printed: 47 pages.
17:46:30 Started (DENCOFF)BPXSCM.LST
17:46:40 Finished (DENCOFF)BPXSCM.LST Printed: 2 pages.
18:55:14 Started (FLETCHERC)BPXCPX.LST
18:58:54 Finished (FLETCHERC)BPXCPX.LST Printed: 31 pages.
02:01:17 Started (JMS)CABLE.LST
02:01:25 Finished (JMS)CABLE.LST Printed: 1 pages.
17:49:55 Started (DENCOFF)DIFFER.HLP
17:50:02 Finished (DENCOFF)DIFFER.HLP Printed: 1 pages.
17:53:15 Started (DENCOFF)BPXCPX.LST
17:55:44 Finished (DENCOFF)BPXCPX.LST Printed: 19 pages.
03:54:43 Started (JMS)REFSTR.LST
04:01:00 Finished (JMS)REFSTR.LST Printed: 64 pages.
04:04:04 Started (JMS)CIOPRS.LST
04:06:42 Finished (JMS)CIOPRS.LST Printed: 23 pages.
04:09:43 Started (JMS)CIOPRF.LST
04:11:21 Finished (JMS)CIOPRF.LST Printed: 17 pages.
05:39:00 Started (JMS)REFSTR.LST
05:41:07 Finished (JMS)REFSTR.LST Printed: 21 pages.
06:11:20 Started (JMS)REFSTR.LST
06:19:38 Finished (JMS)REFSTR.LST Printed: 64 pages.
06:22:03 Started (JMS)CIOPRS.LST
06:24:47 Finished (JMS)CIOPRS.LST Printed: 23 pages.
06:25:19 Started (JMS)CIOPRF.LST
06:27:14 Finished (JMS)CIOPRF.LST Printed: 17 pages.
01:41:00 Started (CARL)DSKCLN.LST
01:54:02 Finished (CARL)DSKCLN.LST Printed: 109 pages.
01:54:33 Started (CARL)FRMRUN.LST
01:57:06 Finished (CARL)FRMRUN.LST Printed: 22 pages.
02:00:19 Started (JMS)BOTLOD.LST
02:03:14 Finished (JMS)BOTLOD.LST Printed: 26 pages.
04:16:03 Started (JMS)BOOTS.LST
04:16:52 Finished (JMS)BOOTS.LST Printed: 1 pages.
07:45:18 Started (CARL)RIB.LST
07:48:44 Finished (CARL)RIB.LST Printed: 13 pages.
20:02:56 Started (CARL)ASP.LST
20:11:04 Finished (CARL)ASP.LST Printed: 69 pages.
20:39:15 Started (JMS)BOOTS.LST
20:39:47 Finished (JMS)BOOTS.LST Printed: 1 pages.
22:15:36 Started (JMS)FILAUS.LST
22:15:47 Finished (JMS)FILAUS.LST Printed: 2 pages.
03:51:57 Started (JMS)RIB.NFO
03:53:39 Finished (JMS)RIB.NFO Printed: 12 pages.
09:36:20 Started (JMS)DSKCLN.LOG
09:36:45 Finished (JMS)DSKCLN.LOG Printed: 1 pages.
10:11:38 Started (JMS)DSKCLN.HOL
10:13:01 Finished (JMS)DSKCLN.HOL Printed: 1 pages.
07:14:52 Started (JMS)DSKCLN.LST
Printed: 1 pages.
07:16:03 Finished (JMS)DSKCLN.LST Printed: 1 pages.
21:34:39 Started (CARL)BADRIB.TXT
21:34:48 Finished (CARL)BADRIB.TXT Printed: 1 pages.
21:52:41 Started (JMS)DSKCLN.HOL
21:54:10 Finished (JMS)DSKCLN.HOL Printed: 1 pages.
00:25:04 Started (OSMAN)RIB.NFO
00:26:52 Finished (OSMAN)RIB.NFO Printed: 12 pages.
03:05:29 Started (CARL)RESUME.LN3
03:05:39 Finished (CARL)RESUME.LN3 Printed: 1 pages.
03:18:30 Started (CARL)RESUME.LN3
03:18:42 Finished (CARL)RESUME.LN3 Printed: 1 pages.
03:36:21 Started (CARL)RESUME.LN3
03:36:30 Finished (CARL)RESUME.LN3 Printed: 1 pages.
03:38:31 Started (CARL)RESUME.LN3
03:38:41 Finished (CARL)RESUME.LN3 Printed: 1 pages.
03:40:41 Started (CARL)RESUME.BAK
03:40:52 Finished (CARL)RESUME.BAK Printed: 1 pages.
03:45:41 Started (CARL)RESUME.BAK
03:46:04 Finished (CARL)RESUME.BAK Printed: 2 pages.
03:49:41 Started (CARL)RESUME.BAK
03:49:55 Finished (CARL)RESUME.BAK Printed: 2 pages.
03:54:44 Started (CARL)R.25C
03:57:42 Finished (CARL)R.25C Printed: 25 pages.
03:57:44 Started (CARL)R.24
04:00:59 Finished (CARL)R.24 Printed: 25 pages.
04:01:00 Started (CARL)R.23
04:04:37 Finished (CARL)R.23 Printed: 25 pages.
04:05:08 Started (CARL)R.22
04:07:00 Finished (CARL)R.22 Printed: 16 pages.
23:59:05 Started (JMS)DSKCLN.DIR
23:59:19 Finished (JMS)DSKCLN.DIR Printed: 1 pages.
21:17:46 Started (CARL)TELCHK.LST
21:19:05 Finished (CARL)TELCHK.LST Printed: 10 pages.
03:29:49 Started (JMS)SPAGES.HOL
03:31:34 Finished (JMS)SPAGES.HOL Printed: 1 pages.
04:30:23 Started (JMS)BOOTS.LST
05:12:12 Finished (JMS)BOOTS.LST Printed: 64 pages.
07:53:29 Started (JMS)HOLES.TXT
07:54:00 Finished (JMS)HOLES.TXT Printed: 5 pages.
17:52:37 Started (CARL)ASH.LOG
17:52:44 Finished (CARL)ASH.LOG Printed: 1 pages.
17:53:33 Started (CARL)ASHQ.LOG
17:53:40 Finished (CARL)ASHQ.LOG Printed: 1 pages.
22:17:35 Started (CARL)ASHQ58.LST
22:24:58 Finished (CARL)ASHQ58.LST Printed: 1 pages.
04:33:50 Started (CARL)KMC.DOC
04:34:01 Finished (CARL)KMC.DOC Printed: 1 pages.
04:34:32 Started (CARL)BASCFG.DOC
04:36:06 Finished (CARL)BASCFG.DOC Printed: 15 pages.
04:36:36 Started (CARL)NODLOG.DOC
04:36:51 Finished (CARL)NODLOG.DOC Printed: 1 pages.
04:37:23 Started (CARL)KMCDOC.DOC
04:37:33 Finished (CARL)KMCDOC.DOC Printed: 2 pages.
04:38:04 Started (CARL)SATCFG.DOC
04:39:47 Finished (CARL)SATCFG.DOC Printed: 16 pages.
02:59:27 Spooler started ,
05:34:01 ------- Started Wednesday, January 28th, 1987
01:44:57 ------- Started Thursday, January 29th, 1987
00:28:16 Started (CARL)CATTOT.LOG
nted: 1 pages.
00:28:39 Finished (CARL)CATTOT.LOG Printed: 4 pages.
00:38:44 Started (JMS)STLOU3.LST
00:39:20 Finished (JMS)STLOU3.LST Printed: 1 pages.
00:21:57 ------- Stopped Tuesday, February 3rd, 1987

00:22:14 ------- Started Tuesday, February 3rd, 1987
23:32:27 ------- Started Wednesday, February 4th, 1987
00:30:54 Started (CARL)ICP.LST
00:44:04 Finished (CARL)ICP.LST Printed: 1 pages.
20:32:06 Started (JMS)DSKCLN.HOL
20:32:45 Finished (JMS)DSKCLN.HOL Printed: 1 pages.
00:19:27 Started (JMS)HOLES.C26
00:19:42 Finished (JMS)HOLES.C26 Printed: 1 pages.
20:18:43 Started (JMS)TAKEIT.LST
20:29:48 Finished (JMS)TAKEIT.LST Printed: 91 pages.
21:02:42 Started (JMS)TAKEIT.DOC
21:32:11 Finished (JMS)TAKEIT.DOC Printed: 38 pages.
00:54:11 Started (DENCOFF)SUBMIT.LST
01:01:27 Finished (DENCOFF)SUBMIT.LST Printed: 61 pages.
17:06:44 Started (DENCOFF)TODAY.LOG
17:06:51 Finished (DENCOFF)TODAY.LOG Printed: 1 pages.
20:47:56 Started (JMS)CKSUM.HOL
20:48:25 Finished (JMS)CKSUM.HOL Printed: 1 pages.
21:02:33 Started (JMS)DSKCLN.HOL
21:03:46 Finished (JMS)DSKCLN.HOL Printed: 1 pages.
18:23:10 ------- Started Tuesday, February 17th, 1987
18:23:12 Started (JMS)DSKCLN.HOL
18:24:25 Finished (JMS)DSKCLN.HOL Printed: 1 pages.
16:52:46 Started (OSMAN)FEB17.HOL
16:52:56 Finished (OSMAN)FEB17.HOL Printed: 1 pages.
00:48:42 Started (JMS)MFDSCN.LST
00:50:25 Finished (JMS)MFDSCN.LST Printed: 14 pages.
19:05:40 ------- Stopped Thursday, February 19th, 1987

20:18:24 ------- Started Thursday, February 19th, 1987
01:39:02 ------- Stopped Thursday, February 19th, 1987

01:42:22 ------- Started Thursday, February 19th, 1987
02:43:25 Started (JMS)SYSNO.NFO
02:45:02 Finished (JMS)SYSNO.NFO Printed: 8 pages.
02:17:09 ------- Stopped Sunday, February 22nd, 1987

02:17:37 ------- Started Sunday, February 22nd, 1987
17:56:37 Started (OSMAN)EXCESS.HWR
17:56:42 Finished (OSMAN)EXCESS.HWR Printed: 1 pages.
08:56:34 Started (JMS)CTYIO.MAC
08:57:58 Finished (JMS)CTYIO.MAC Printed: 5 pages.
02:45:15 Started (JMS)BOOTS.LST
02:59:36 Finished (JMS)BOOTS.LST Printed: 73 pages.
04:16:35 Started (JMS)BOOTS.DIR
04:16:50 Finished (JMS)BOOTS.DIR Printed: 1 pages.
19:31:55 Started (DENCOFF)TODAY.LOG
19:32:04 Finished (DENCOFF)TODAY.LOG Printed: 1 pages.
20:25:46 Started (DENCOFF)TODAY.LOG
20:25:54 Finished (DENCOFF)TODAY.LOG Printed: 1 pages.
00:34:28 Started (JMS)KERMIT.ALG
00:49:31 Finished (JMS)KERMIT.ALG Printed: 1 pages.
16:30:16 Started (JMS)CTYIO.TXT
22:35:13 ------- Started Friday, March 6th, 1987
.
01:53:45 ------- Stopped Friday, March 6th, 1987

01:58:24 ------- Started Friday, March 6th, 1987
20:12:19 Started (DENCOFF)JMS930.WHR
20:12:34 Finished (DENCOFF)JMS930.WHR Printed: 1 pages.
20:37:11 Started (OSMAN)VAX750.DIA
20:37:18 Finished (OSMAN)VAX750.DIA Printed: 1 pages.
20:37:50 Started (OSMAN)EXCESS.HWR
20:37:55 Finished (OSMAN)EXCESS.HWR Printed: 1 pages.
21:26:02 Started (OSMAN)VAX750.DIA
21:26:07 Finished (OSMAN)VAX750.DIA Printed: 1 pages.
22:06:58 Started (OSMAN)VAX750.DIA
22:07:04 Finished (OSMAN)VAX750.DIA Printed: 1 pages.
01:05:55 Started (BAIGENT)PAPER.DOC
01:06:04 Finished (BAIGENT)PAPER.DOC Printed: 2 pages.
01:09:06 Started (BAIGENT)PAPER.DOC
01:09:16 Finished (BAIGENT)PAPER.DOC Printed: 2 pages.
01:11:49 Started (BAIGENT)PAPER.DOC
01:12:00 Finished (BAIGENT)PAPER.DOC Printed: 2 pages.
19:24:34 Started (OSMAN)REBILD.DOC
19:24:41 Finished (OSMAN)REBILD.DOC Printed: 1 pages.
19:42:18 Started (OSMAN)REBUIL.DOC
19:42:24 Finished (OSMAN)REBUIL.DOC Printed: 1 pages.
21:49:50 Started (OSMAN)REBUIL.DOC
21:49:56 Finished (OSMAN)REBUIL.DOC Printed: 1 pages.
00:39:06 Started (SYSMAINT)LOG.
00:39:29 Finished (SYSMAINT)LOG. Printed: 2 pages.
00:40:02 Started (SYSMAINT)FILES.DOC
00:40:11 Finished (SYSMAINT)FILES.DOC Printed: 1 pages.
22:10:29 Started (JMS)KLINST.TMP
22:13:11 Finished (JMS)KLINST.TMP Printed: 12 pages.
20:41:32 Started (OSMAN)TRAIN.NET
20:41:38 Finished (OSMAN)TRAIN.NET Printed: 1 pages.
21:59:25 Started (OSMAN)EXCESS.HWR
21:59:30 Finished (OSMAN)EXCESS.HWR Printed: 1 pages.
23:58:33 Started (CARL)TRAIN.NET
23:58:53 Finished (CARL)TRAIN.NET Printed: 1 pages.
23:59:25 Started (CARL)TRAIN.NET
23:59:41 Finished (CARL)TRAIN.NET Printed: 2 pages.
23:59:44 Started (CARL)TRAIN.LST
00:00:01 Finished (CARL)TRAIN.LST Printed: 2 pages.
18:50:29 Started (OSMAN)JIMRPG.MAI
18:50:38 Finished (OSMAN)JIMRPG.MAI Printed: 2 pages.
01:59:36 Started (JMS)PICON.LST
02:01:29 ------- Started Tuesday, March 17th, 1987
02:02:22 ------- Started Tuesday, March 17th, 1987
02:02:23 Started (JMS)PICON.LST
02:19:41 Finished (JMS)PICON.LST Printed: 140 pages.
23:55:20 Started (JMS)PDP10.PRJ
23:57:02 Finished (JMS)PDP10.PRJ Printed: 6 pages.
00:35:30 Started (CARL)LICENS.INF
00:35:46 Finished (CARL)LICENS.INF Printed: 1 pages.
00:35:48 Started (CARL)LICENS.NFO
00:36:05 Finished (CARL)LICENS.NFO Printed: 1 pages.
00:37:41 Started (CARL)UNIQUE.LST
00:37:56 Finished (CARL)UNIQUE.LST Printed: 4 pages.
03:10:04 Finished (CARL)NEWDIS.MSG Printed: 1 pages.
CARL)NEWDIS.MSG Printed: 1 pages.
03:28:15 Started (CARL)DSTRIB.PRP
03:28:27 Finished (CARL)DSTRIB.PRP Printed: 1 pages.
00:22:48 ------- Started Saturday, March 21st, 1987
19:57:47 Started (OSMAN)REBUIL.DOC
19:57:53 Finished (OSMAN)REBUIL.DOC Printed: 1 pages.
20:35:35 Started (OSMAN)Q.LST
20:36:15 Finished (OSMAN)Q.LST Printed: 2 pages.
20:38:21 Started (OSMAN)Q.LST
20:38:49 Finished (OSMAN)Q.LST Printed: 3 pages.
20:55:35 ed (OSMAN)Q.LST
20:56:00 Finished (OSMAN)Q.LST Printed: 2 pages.
21:57:21 ------- Started Wednesday, April 1st, 1987
23:16:36 ------- Stopped Wednesday, April 1st, 1987

23:22:20 ------- Started Wednesday, April 1st, 1987
23:55:52 Started (CARL)TEST.LN3
23:56:16 Finished (CARL)TEST.LN3 Printed: 3 pages.
00:06:49 Started (CARL)TEST.LN3
00:07:01 Finished (CARL)TEST.LN3 Printed: 3 pages.
00:13:33 Started (CARL)TEST.LN3
00:13:49 Finished (CARL)TEST.LN3 Printed: 3 pages.
00:30:21 Started (CARL)TEST.LN3
00:30:43 Finished (CARL)TEST.LN3 Printed: 3 pages.
00:30:45 Started (CARL)TEST.LN4
00:31:20 Finished (CARL)TEST.LN4 Printed: 3 pages.
00:36:23 Started (CARL)TEST.LN4
00:39:20 Finished (CARL)TEST.LN4 Printed: 3 pages.
00:39:24 Started (CARL)TEST.LST
00:40:20 Finished (CARL)TEST.LST Printed: 3 pages.
00:57:03 Started (CARL)TEST.LN3
00:58:05 Finished (CARL)TEST.LN3 Printed: 3 pages.
00:58:07 Started (CARL)TEST.LST
00:58:36 Finished (CARL)TEST.LST Printed: 3 pages.
01:40:33 Started (CARL)MAIN06.VUE
01:45:16 - Notice to quit - File aborted
01:45:16 Finished (CARL)MAIN06.VUE Printed: 2 pages.
01:45:18 ------- Stopped Wednesday, April 1st, 1987

01:51:14 ------- Started Wednesday, April 1st, 1987
01:51:16 Started (CARL)TEST.LN3
02:00:57 Finished (CARL)TEST.LN3 Printed: 4 pages.
02:01:00 Started (CARL)TEST.LST
02:09:57 Finished (CARL)TEST.LST Printed: 4 pages.
02:30:08 Started (CARL)TEST.X64
02:31:06 Finished (CARL)TEST.X64 Printed: 1 pages.
02:38:10 Started (CARL)TEST.LN3
02:39:21 Finished (CARL)TEST.LN3 Printed: 1 pages.
02:39:23 Started (CARL)TEST.LST
02:41:26 Finished (CARL)TEST.LST Printed: 1 pages.
02:44:28 Started (CARL)TEST.L99
02:45:31 Finished (CARL)TEST.L99 Printed: 1 pages.
02:45:33 Started (CARL)TEST.LST
02:46:37 Finished (CARL)TEST.LST Printed: 1 pages.
02:51:57 ------- Stopped Wednesday, April 1st, 1987

03:12:52 ------- Started Wednesday, April 1st, 1987
03:40:04 ------- Started Wednesday, April 1st, 1987
00:54:45 ------- Started Saturday, June 6th, 1987
01:03:36 ------- Stopped Saturday, June 6th, 1987
02:09:46 ------- Stopped Saturday, June 6th, 1987

02:10:56 ------- Started Saturday, June 6th, 1987
18:43:57 ------- Started Sunday, June 7th, 1987
19:02:57 ------- Stopped Sunday, June 7th, 1987

19:52:20 ------- Started Wednesday, October 21st, 1987
19:57:57 ------- Stopped Wednesday, October 21st, 1987

00:45:02 ------- Started Thursday, October 22nd, 1987
02:35:44 ------- Started Friday, October 23rd, 1987
02:35:44 Started  (LPQ)CRSHID.LOG
05:32:29 ------- Started Friday, October 23rd, 1987
05:33:19 Started  (LPQ)CRSHID.LOG
05:33:31 Finished (LPQ)CRSHID.LOG Printed: 1 pages.
02:45:09 ------- Stopped Saturday, October 24th, 1987

02:59:18 ------- Started Saturday, October 24th, 1987
03:47:09 ------- Started Saturday, October 24th, 1987
18:39:14 Started  (DENCOFF)TODAY.LOG
18:40:14 Finished (DENCOFF)TODAY.LOG Printed: 1 pages.
18:42:17 ------- Stopped Monday, October 26th, 1987

01:24:52 ------- Started Tuesday, October 27th, 1987
01:29:40 Started  (DENCOFF)TODAY.LOG
01:34:39 Finished (DENCOFF)TODAY.LOG Printed: 1 pages.
01:37:13 Started  (LPQ)CRSHID.LOG
01:37:25 Finished (LPQ)CRSHID.LOG Printed: 1 pages.
18:50:21 ------- Stopped Thursday, October 29th, 1987

20:48:38 ------- Started Monday, November 2nd, 1987
20:57:02 ------- Stopped Monday, November 2nd, 1987

21:24:57 ------- Started Monday, November 2nd, 1987
22:19:39 ------- Started Monday, November 2nd, 1987
19:31:07 ------- Stopped Tuesday, November 3rd, 1987

19:54:51 ------- Started Tuesday, November 3rd, 1987
01:22:09 ------- Started Friday, November 20th, 1987
21:30:18 ------- Stopped Tuesday, November 24th, 1987

05:43:13 ------- Started Thursday, July 14th, 1988
17:32:25 ------- Stopped Friday, July 15th, 1988

01:43:23 ------- Started Friday, July 15th, 1988
11:23:25 ------- Started Saturday, July 16th, 1988
17:45:48 ------- Started Monday, July 18th, 1988
18:24:50 ------- Started Monday, July 18th, 1988
22:06:10 ------- Stopped Monday, July 18th, 1988

01:54:45 ------- Started Monday, July 18th, 1988
15:52:24 ------- Stopped Tuesday, July 19th, 1988

00:52:47 ------- Started Tuesday, July 19th, 1988
22:59:56 ------- Stopped Wednesday, July 20th, 1988

05:01:21 ------- Started Wednesday, July 20th, 1988
16:13:09 ------- Started Tuesday, July 26th, 1988
05:49:04 ------- Started Wednesday, July 27th, 1988
17:13:51 ------- Stopped Thursday, July 28th, 1988

23:05:18 ------- Started Thursday, July 28th, 1988
16:03:50 ------- Stopped Friday, July 29th, 1988
07:27:14 ------- Stopped Saturday, July 30th, 1988

12:18:10 ------- Started Saturday, July 30th, 1988
16:37:21 ------- Stopped Monday, August 1st, 1988

20:01:34 ------- Started Monday, August 1st, 1988
13:28:37 ------- Started Tuesday, August 2nd, 1988
21:26:07 ------- Started Tuesday, August 2nd, 1988
01:36:16 ------- Started Tuesday, August 2nd, 1988
02:28:57 ------- Stopped Tuesday, August 2nd, 1988

18:19:18 ------- Started Wednesday, August 3rd, 1988
07:42:45 ------- Started Friday, August 5th, 1988
07:00:06 ------- Stopped Saturday, August 6th, 1988

12:42:57 ------- Started Saturday, August 6th, 1988
12:20:42 ------- Started Tuesday, August 9th, 1988
20:48:53 ------- Started Friday, August 12th, 1988
01:49:18 ------- Started Friday, August 12th, 1988
11:54:38 ------- Started Saturday, August 13th, 1988
01:29:54 ------- Started Monday, August 15th, 1988
02:21:35 ------- Started Monday, August 22nd, 1988
23:28:19 ------- Started Thursday, August 25th, 1988
23:55:21 ------- Stopped Thursday, August 25th, 1988

23:59:12 ------- Started Thursday, August 25th, 1988
05:40:58 ------- Stopped Thursday, August 25th, 1988

02:05:46 ------- Started Thursday, September 1st, 1988
02:11:58 ------- Stopped Thursday, September 1st, 1988

02:27:45 ------- Started Thursday, September 1st, 1988
05:29:51 ------- Started Thursday, September 1st, 1988
05:44:40 ------- Started Thursday, September 1st, 1988
05:51:18 ------- Started Thursday, September 1st, 1988
06:28:38 ------- Started Thursday, September 1st, 1988
20:41:35 ------- Started Friday, September 2nd, 1988
04:27:57 ------- Started Friday, September 2nd, 1988
18:21:38 ------- Started Monday, September 5th, 1988
08:53:13 ------- Started Tuesday, September 6th, 1988
02:32:26 ------- Started Tuesday, September 6th, 1988
03:46:44 ------- Stopped Tuesday, September 6th, 1988

10:08:14 ------- Started Wednesday, September 7th, 1988
02:35:33 ------- Stopped Wednesday, September 7th, 1988

07:08:36 ------- Started Thursday, September 8th, 1988
01:22:48 ------- Stopped Thursday, September 8th, 1988

02:04:11 ------- Started Thursday, September 8th, 1988
07:36:01 ------- Started Friday, September 9th, 1988
19:11:37 ------- Stopped Friday, September 9th, 1988

20:22:42 ------- Started Friday, September 9th, 1988
22:33:35 ------- Started Friday, September 9th, 1988
00:03:41 ------- Started Friday, September 9th, 1988
03:07:22 ------- Started Friday, September 9th, 1988
03:53:29 ------- Started Friday, September 9th, 1988
19:04:06 ------- Started Sunday, September 11th, 1988

03:46:25 ------- Started Monday, September 12th, 1988
17:42:51 ------- Started Tuesday, September 13th, 1988
17:45:06 ------- Stopped Wednesday, September 14th, 1988

23:52:11 ------- Started Tuesday, October 4th, 1988
23:53:19 ------- Stopped Tuesday, October 4th, 1988

16:13:40 ------- Started Thursday, October 6th, 1988
16:34:51 ------- Started Thursday, October 6th, 1988
00:24:17 ------- Stopped Thursday, October 6th, 1988

00:11:40 ------- Started Thursday, October 6th, 1988
16:50:09 ------- Started Friday, October 7th, 1988
16:57:25 ------- Started Friday, October 7th, 1988
17:39:57 ------- Started Friday, October 7th, 1988
07:36:45 ------- Stopped Saturday, October 8th, 1988

09:23:50 ------- Started Saturday, October 8th, 1988
06:10:34 ------- Started Monday, October 10th, 1988
17:41:12 ------- Started Tuesday, October 11th, 1988
02:38:29 ------- Started Tuesday, October 11th, 1988
06:35:10 ------- Started Wednesday, October 12th, 1988
08:31:42 ------- Started Saturday, October 15th, 1988
08:33:22 ------- Stopped Saturday, October 15th, 1988

08:36:59 ------- Started Saturday, October 15th, 1988
08:38:37 ------- Stopped Saturday, October 15th, 1988

08:47:11 ------- Started Saturday, October 15th, 1988
08:49:08 ------- Stopped Saturday, October 15th, 1988

08:53:03 ------- Started Saturday, October 15th, 1988
11:00:56 ------- Started Saturday, October 15th, 1988
06:59:22 ------- Stopped Monday, October 17th, 1988

08:23:55 ------- Started Tuesday, October 18th, 1988
08:58:51 ------- Stopped Tuesday, October 18th, 1988

16:41:47 ------- Started Tuesday, October 18th, 1988
21:03:52 ------- Started Tuesday, October 18th, 1988
06:59:55 ------- Stopped Tuesday, October 18th, 1988

11:44:10 ------- Started Wednesday, October 19th, 1988
19:52:09 ------- Started Wednesday, October 19th, 1988
11:37:08 ------- Started Thursday, October 20th, 1988
10:46:38 ------- Started Friday, October 21st, 1988
10:13:45 ------- Stopped Saturday, October 22nd, 1988

23:43:55 ------- Started Sunday, October 23rd, 1988
05:09:41 ------- Stopped Sunday, October 23rd, 1988

11:05:35 ------- Started Monday, October 24th, 1988
23:03:08:03 ------- Started Monday, October 24th, 1988
03:16:21 ------- Started Monday, October 24th, 1988
04:57:01 ------- Started Monday, October 24th, 1988
07:44:21 ------- Started Tuesday, October 25th, 1988
15:51:33 ------- Stopped Tuesday, October 25th, 1988

16:00:57 ------- Started Tuesday, October 25th, 1988
13:43:32 ------- Started Thursday, October 27th, 1988

16:15:17 ------- Started Thursday, October 27th, 1988
18:30:01 ------- Started Thursday, October 27th, 1988
21:15:21 ------- Stopped Thursday, October 27th, 1988

01:49:50 ------- Started Friday, October 28th, 1988
06:06:14 ------- Started Friday, October 28th, 1988
04:58:59 ------- Started Saturday, October 29th, 1988
10:57:51 ------- Stopped Sunday, October 30th, 1988

11:35:11 ------- Started Sunday, October 30th, 1988
17:25:58 ------- Started Monday, October 31st, 1988
05:30:38 ------- Started Monday, October 31st, 1988
01:28:26 ------- Started Tuesday, November 1st, 1988
05:28:29 ------- Started Tuesday, November 1st, 1988
01:03:02 ------- Started Wednesday, November 2nd, 1988
03:34:02 ------- Started Wednesday, November 2nd, 1988
02:49:24 ------- Started Thursday, November 3rd, 1988
04:33:26 ------- Started Saturday, November 5th, 1988
19:36:24 ------- Started Sunday, November 6th, 1988
22:55:27 ------- Started Sunday, November 6th, 1988
17:17:24 ------- Started Monday, November 7th, 1988
03:27:15 ------- Started Monday, November 7th, 1988
13:43:57 ------- Started Tuesday, November 8th, 1988
16:17:22 ------- Started Tuesday, November 8th, 1988
19:28:34 ------- Started Tuesday, November 8th, 1988
04:28:25 ------- Started Tuesday, November 8th, 1988
16:56:53 ------- Started Wednesday, November 9th, 1988
00:15:48 ------- Started Wednesday, November 9th, 1988
03:54:09 ------- Started Thursday, November 10th, 1988
01:13:01 ------- Started Friday, November 11th, 1988
01:00:10 ------- Started Sunday, November 13th, 1988
01:21:31 ------- Started Sunday, November 13th, 1988
01:40:50 ------- Started Sunday, November 13th, 1988
01:53:17 ------- Started Sunday, November 13th, 1988
16:39:00 ------- Started Monday, November 14th, 1988
19:59:07 ------- Started Monday, November 14th, 1988
10:15:03 ------- Started Wednesday, November 16th, 1988
15:13:37 ------- Started Wednesday, November 16th, 1988
07:29:46 ------- Started Wednesday, November 16th, 1988
17:16:10 ------- Started Thursday, November 17th, 1988
21:41:26 ------- Started Thursday, November 17th, 1988
08:26:38 ------- Started Friday, November 18th, 1988
17:01:09 ------- Started Friday, November 18th, 1988
18:30:10 ------- Started Friday, November 18th, 1988
21:30:33 ------- Started Friday, November 18th, 1988
17:31:21 ------- Started Saturday, November 19th, 1988
11:29:58 ------- Started Monday, November 21st, 1988
01:04:38 ------- Stopped Tuesday, November 22nd, 1988
06:39:06 ------- Started Tuesday, November 22nd, 1988

20:44:21 ------- Started Wednesday, November 23rd, 1988
10:47:51 ------- Started Monday, November 28th, 1988
18:57:26 ------- Stopped Monday, November 28th, 1988

19:39:48 ------- Started Monday, November 28th, 1988
20:32:33 ------- Stopped Monday, November 28th, 1988

20:37:07 ------- Started Monday, November 28th, 1988
06:52:01 ------- Started Monday, November 28th, 1988
06:27:15 ------- Started Tuesday, November 29th, 1988
19:17:03 ------- Started Friday, December 2nd, 1988
06:42:20 ------- Started Friday, December 2nd, 1988
20:31:34 ------- Started Sunday, December 4th, 1988
21:55:49 ------- Started Sunday, December 4th, 1988
22:36:30 ------- Started Sunday, December 4th, 1988
00:10:14 ------- Started Sunday, December 4th, 1988
00:52:55 ------- Started Sunday, December 4th, 1988
02:02:11 ------- Started Sunday, December 4th, 1988
03:20:47 ------- Started Sunday, December 4th, 1988
04:53:31 ------- Started Sunday, December 4th, 1988
06:01:32 ------- Started Sunday, December 4th, 1988
11:07:26 ------- Stopped Monday, December 5th, 1988

13:58:11 ------- Started Monday, December 5th, 1988
18:34:59 ------- Started Monday, December 5th, 1988
03:08:11 ------- Stopped Monday, December 5th, 1988

03:27:55 ------- Started Monday, December 5th, 1988
19:26:10 ------- Started Tuesday, December 6th, 1988
19:23:05 ------- Started Wednesday, December 7th, 1988
23:38:10 ------- Started Friday, December 9th, 1988
03:35:52 ------- Started Tuesday, December 13th, 1988
04:10:09 ------- Started Thursday, December 29th, 1988
00:23:05 ------- Started Sunday, January 1st, 1989
02:27:23 ------- Started Sunday, January 1st, 1989
17:17:52 ------- Started Tuesday, January 3rd, 1989
00:14:45 ------- Stopped Tuesday, January 3rd, 1989

 ,9