.
MARCONIT           1 332675
JMHTRACK       43431 253765
.
PASGDOC            3 325577
HIDY               7 202075
DIST52A        10550 111162
TOY            11011 414230
.
SAILIB             3 212145
PASGQA             3 325600
DCSDEMO        16316 377274
APPLANG        11346 345624
CPAPER         21653 176362
KALENDA            1 227633
RVIPX          45713 420436
.
SRACRT             1 221541
UPL               11    562
PASSRC             3 325601
.
SDERRY             7 204374
CSHAW          11334 320353
PASDOC             3 325602
DIST50B        42270 144213
RKLUTE         11011 264245
X22113         11011 246075
.
PASNEW             3 327106
PASQA              3 325603
CITIESRA       41152 106421
.
PASRELCR           3 325604
RAILDIAL       22013 302331
TAYLORS        27242 272371
TNSM           27514 255756
.
BUBBANAL       11334  47321
PASXMIT            3 325605
MULTIST        27242 252717
VIOL            6014 214333
.
PASULIB            3 325606
SDEEMER            7 211170
.
PASCOOR            3 325607
JRTRACK        41067 103420
SSUTIL         11447 132500
LECLAIRE           7 144574
KEN                3  35556
CATECH         44054 251263
.
RSTRAUSS           7 114054
FELDMAN        11334 264206
PASOLD             3 325610
PASDEV1        31024 320155
APLRPT         34343  20742
COMARS         26773 241344
.
BILLF              1  40051
PASDEV2        31024 320156
CCHIANG        11334  25356
.
HOLMBERG       11334 245047
PASDEV3        31024 320157
GMTRACK        25004 246356
CGUNTHER       11447 417561
.
CPAPRINT           1 227167
PASDEV4        31024 320160
DCSOPEN        16316  23665
BNOLLEY        11334 253310
.
SRAMOV             1 257377
PASDEV5        31024 320161
MILPRINT       13364 207776
DIST230B       23036 211071
NORTH          27242 266435
JCLMIN         11447 271412
.
PASCAL10G      31024 314530
PASDEV40       31024 332221
PASDEV6        31024 320162
PWSLIB         11011 117737
BECHLYT        11334 344776
.
PASCAL10H      31024 314531
PASDEV7        31024 320163
.
FTSYS              1 315372
TAPELIB            1  30773
TYMGRIPE           3 235436
PASCAL10I      31024 314532
.
PASDEV8        31024 320165
SCJRTRK        42002 130413
XEXEC              3 275244
.
SALTYRON       11447 143725
DRM            11447 236070
GMREGION       25004 364147
SRAMUR         26331 267543
DCSTRUCK       23761 127543
NSTECH         21476 127164
ALANK              7 256571
T231             146 267314
GOC42P         36032 106604
RLESEBERG          7 227041
.
PASDEV9        31024 320167
JHMMUR         26331 353614
JBENNETT       11447 143726
.
SSEREP             1 320663
PASDEV10       31024 320170
DIST27A        33025 317310
ATLPRINT       12617 161751
.
ACTRTY             4 134612
SPOOL              1 133677
TMM095         42151 137341
LSHERMAN       11334 137042
.
SPPOPER            3 234620
DIST10E        10456 114660
BREZELL        21476 320433
CUST28071      35012 364455
.
CUPCWRN            1  54733
RAIL1          16316  62514
CHAPMAN        44627 272100
HELGEM             3 416154
DEMOCONO       10550 416421
.
FTMAGNUM           7 146117
PASPROC            3 326306
DCSTEST        10525  26014
RAIL2          16316  62515
MCKINS1        40334  60231
DCSCFCC        43757 222473
.
SRASO              1  10340
RAIL3          16316  62516
.
RESRFP             1   3551
LOIS               3 367732
EPASCAL1       11334 341672
PASHOW             3 326310
KSINCLAIR      11334 422622
.
BPOWERS        11447  73063
.
PUB                3 234002
DIST10B        10455 116564
USEVAL             6 144222
.
PJ                 6    214
TADDEO             7 357207
JONAS          11334  25546
OSIRIS1        11334 341675
PASBLD             3 177775
TNS            27514  30223
.
PASISRC            3 325470
APEX001        36014   2057
PASLIB             3 177776
DCHANG         11334   5415
.
DARREN             3 330611
PASIDOC            3 325471
BERT               1  16753
.
BILLING10          1  44355
PASIQA             3 325472
DIST10A        10455 111154
.
RAMDBUG        11334   3603
PASDEV11       31024 320205
DCSFORD        16316 225065
.
T2LYLE           146 141475
PSIBR           7547 102436
TINET          11334  15164
.
PASDEV12       31024 320207
MIDCENTRAL     21477 300235
MATTSONM       21476 201051
TMARSHALL          7 335725
OSMAN              3 156346
.
PASCAL10       31024 274424
PASDEV13       31024 320210
POINTERC       14717  22425
.
MAGNUM             7 136224
QALIBSYM       11447 216605
*1KEN              1    611
STIMACM        11334 204450
PASCAL10A      31024 274425
PASDEV14       31024 320211
PCGRAIN        11672 177716
JSOUNG         11334 406302
.
SAILTEST           3 242733
SYSNEWS            1 154217
PASCAL10B      31024 274426
PASDEV15       31024 320212
ESKIMO         11447 130242
.
QASYS          11447 121324
VALDEV             1 364312
ISIS2          11334 265070
PASCAL10C      31024 274427
PASDEV16       31024 320213
CENEX          36365  11774
.
PASCAL10D      31024 274430
PASDEV17       31024 320214
FREMUR         26331  16367
.
UAS                4 125552
BURRIESCIN     11447 220740
PASCAL10E      31024 274431
PASDEV18       31024 320215
TPCCONS        11672 177722
.
INTACT         11010 200472
TYLERT         21476 322606
PASCAL10F      31024 274432
PASDEV19       31024 320216
GOODYEAR       36446  14155
FBARTON            1 172705
TPCAGRI        11672 177723
MOSSERJ        14717  34160
.
CALSTATE       11447 216613
MITCHELJ       11334 332315
DCSSRC         16316 230217
.
MPL                3 213211
TORPRINT       26462  31713
U6BP02          2251 164244
PHATS          33761 335517
NYPRINT        11601 152573
GULFRT         45545 412020
.
TECHSERV       21476 261167
CANENTGAS      44425 155177
.
MATOKA             3 160031
INGRIDDD           1 411722
.
NELSONSU       11334   6115
PASGSRC            3 326647
GREATWS        41242 111573
DIST94A        11554 116446
.
*6NEWS             6    237
VALIDATE       11447 113407
APLIM          34343 346041
CHEMCAR        41222 110553
RCONX          42460 153326
DIST44B        37455  71653
.
UFD                1      1
FINSERV        33620 331107
DIST42A        33074 320346
EBS            11334 333002
OSNF               3 140673
.
*1BATCH            1      2
SRAFT              1 260123
U6EP01         16400 152217
SWEDEL         11334 301603
.
DIAG               1      3
HARPRINT       11554 154607
.
SPL                3 324525
SPOOLRM        11016 165320
SYS                1      4
SPEX           43475 137347
.
CUPCOPS            1  15017
.
SSPAMBIN       11447 113415
.
MCH                3 231227
DONAHUE        14717 216521
RAFFO          11334 314326
LOUANA         40057  52166
.
WILKES             3 300745
.
SRATECH            1 173236
AIRCO          41365 115204
TCMMUR         26331 270603
.
CMBLRAIL       41542 120506
NJPRINT        16322 154104
JORTIZ         21476 321011
.
PERPOPER           1 214216
PDCTD          27243 252723
MURMAINT       26331 242360
OTMMUR             1 137065
.
SSPRINT        11447 133410
COPQ              13  75775
ATTELCO        13432 257204
CANTERRA       41615 121517
VIRGIL             7 145025
.
SRAVAL             1 101723
DIAG10C            1  25104
CUPCMUR        26331 242362
.
CUPAMUR        26331 242363
OSAPRINT       27576 260144
.
BUSPLN         11011 374175
SUECHAO        11334 325072
VFMUR          26331 242364
T2VR10         11546 116455
.
DNDUTIL        11334    667
RAM            11334  14376
PASSAV             3  52660
.
JENNYG             1 205305
OPER               1     21
COLNITRO       37206  32236
H8ACT          44627 173531
.
WRS                3 225443
VIVIAN             1  75305
MIDAS              7 107355
BABPRINT       10455 151170
SRAUTIL            1 242452
.
.
M33                3  42754
DECNET         11334 317316
DCSNETWA       23761 157210
GHBARLOW       21476  50612
NYCPAPER       36032   2464
DIST96A        26545 244530
.
CITGO          44272 250714
.
XMAGNUM            7 273043
MURADMIN       14717 376111
ROLANDK        11334 206326
.
A3TOM             13   1037
DENCOFF            3 410765
.
SPPARCH            3 250244
TARGETTRCK     42150 137340
AVROC          26452 346706
BFGOOD         40140  53706
.
UN1                6    270
BONNIN          6014 163403
COSDEN         45003  66755
.
SSPERP         11447 225424
TWANG          11334 136136
BRING          14717  30107
.
SSBACKUP       11447 142660
ROLAND         11447      7
MAGNUMDB           7 227132
CRASH              1  77445
JKATO          11334 102755
.
SSINSTALL      11447 142661
JMARCIN        11334 316647
DCSMINN        16316 365203
DIST123D       20241  47243
.
TRUCONTROL         1 135272
SAAREA         10555 123263
NDEVHSBC       11334 246766
.
HOLD               1 151773
UTIL               1     36
PENNZOIL       44652   6054
DEADHEAD       11447 221631
.
INSDGSS2       11011 216002
WANGC              7 112345
SSVALSUP       11447  74305
HOUPRINT       10550 155364
ICGRAIL        45622 415224
.
ISINSTALL      11011 232171
PATTIMCD       11020 167506
.
TBATLIB        11447 254651
PATROL         11334 316654
MURTAUGH       11020 353503
.
BOBJ               1 342251
.
CARL               3 352477
DIST112B       10524 213322
DALMUR         26331 276251
IMFORAIL       42542 155633
.
FTTBA          11447 254654
TJB                3 346701
EBR72520       40750  77152
DCSFRS         16316 177547
.
CUD10              1  42313
LINCOLNG       40011  50151
TOKPRINT       23036 211201
.
ADMUR          26331 256601
PERFORM           14 136377
DIST52C        10550 153556
.
NDT                3 211135
EADAMS         34776 162056
CC                13  63000
.
DIST52B        10550 153413
.
GULFPLAN       36155   5576
NCHANG         44047 401445
.
DCOPRINT           1 372156
.
MDELANEY           7 266445
PSI             7547 100066
.
IMCORR         37726  46144
SRA1               1 225013
DLASATER       11334 267137
SELLITTI       43475 336131
.
.
HOLCOMBK       11011 145460
DIST112A       10524 105463
MURRPT         26331 242423
OSIRIS         24261 242302
.
1213MGR            1 150344
MUR            26331 242424
AMOCOCAN       43453 262565
KHANHQN            1  27754
.
SRA                1 215254
RICHARDSON     11346 217757
CHANG          11334  24034
TBAUSPS            3 340310
JAY             6014 336213
.
FLETCHERC          3 346551
.
APLINP         34344 346042
CONLIB         14166 320071
.
DANIELSR           1 142734
ZONNIE             3 136773
ELILLYR        42523 154716
CLIFOINV       36032 106560
NEWYORK        11601 122141
