
GETLIC.SAI                              created 06-Sep-82 04:12                                          Page 1
Program Listing                         by CRFSYM %5 at 18-Sep-86 20:37

1	Entry
2	
3		GetLic
4	;
5	Begin
6	Require "(SAILIB)SAIL.DEF" Source!file;
7	
8	define SystemDevice = {"DSK"};		! {"SYS"};
9	
10	

GETLIC.SAI                              created 06-Sep-82 04:12                                          Page 2
Program Listing                         by CRFSYM %5 at 18-Sep-86 20:37

11	long real procedure CvName(string NAME);
12	begin
13	    Simple Integer Procedure Radix.45(Integer Ch);
14	    Begin
15		If Ch geq "A" and Ch leq "Z" then Return( Ch+1  - "A" );
16		If Ch geq "a" and Ch leq "z" then Return( Ch+1  - "a" );
17		If Ch geq "0" and Ch leq "9" then Return( Ch+31 - "0" );
18		Return(
19		    Case Ch of (
20			[" "]  0,
21			["-"] 28,
22			["."] 29,
23			["/"] 30,
24			[":"] 41,
25			["*"]["@"] 42,
26			["'"] 43,
27			else 44
28		    )
29		);
30	    end;
31	    
32	  integer C,NM1,NM2;
33	  long real L;
34	  NAME _ (NAME & "            ")[1 for 12];
35	  NM1 _ NM2 _ 0;
36	  while length(NAME) do begin
37	    C _ Radix.45( Lop(NAME) );
38	    start!code
39	      MOVE 3,NM1;
40	      MOVE 1,NM2;
41	      IMULI 3,45;
42	      MULI 1,45;
43	      ADD 1,3;
44	      ADD 2,C;
45	      MOVEM 1,NM1;
46	      MOVEM 2,NM2;
47	      end;
48	    end;
49	  memory[location(L)] _ NM1;
50	  memory[location(L)+1] _ NM2;
51	  return(L);
52	end;
53	
54	integer procedure CVHASH(string PW);
55	begin
56	  integer C,FIVES,T1,T2,T3,T4;
57	  integer array X[0:4];
58	  X[0] _ X[2] _ X[4] _ '555555555555;
59	  X[1] _ X[3] _ '361275431652;
60	  FIVES _ '343277244615;
61	  T3 _ 0;
62	  while length(PW) do begin "PSWLP"
63	    C _ lop(PW);
64	    X[0] _ X[0] + C;
65	    X[3] _ X[3] + C;
66	    T4 _ '40;
67	    do begin "RAND"
68	      T1 _ X[T3];
69	      start!code
70		MOVE 1,T1;
71		MUL 1,FIVES;
72		MOVEM 1,T1;
73		MOVEM 2,T2;
74		end;
75	      T3 _ T3 + 1;
76	      X[T3] _ X[T3] + T2;
77	      if T3 = 4 then begin
78		T3 _ X[4] lsh -'42;
79		X[0] _ X[0] + X[4];
80		end;
81	      end "RAND" until (T4_T4-1) leq 0;
82	    end "PSWLP";
83	  return(X[0]);
84	  end;
85	
86	

GETLIC.SAI                              created 06-Sep-82 04:12                                          Page 3
Program Listing                         by CRFSYM %5 at 18-Sep-86 20:37

87	simple procedure LevDef;
88	begin
89	end;
90	
91	string procedure get!line;
92	begin "G!L"
93	    integer I;
94	    string S;
95	    S _ null;
96	    do begin
97		I _ auxclv(-1,0,'46);		! input a character;
98		if I geq '173 then done;	! these are line breaks (ugh);
99		if I geq '140 then I _ I - '40;	! convert lower to upper case;
100		if I geq '40  then S _ S & I;	! add to string if legal;
101	    end until I < '40;
102	    if I = #cr then auxclv(-1,0,'46);	! If CR then read the LF;
103	    auxclv(-1,0,'11);			! Try and get node to echo;
104	    return(S);
105	end "G!L";
106	
107	
108	

GETLIC.SAI                              created 06-Sep-82 04:12                                          Page 4
Program Listing                         by CRFSYM %5 at 18-Sep-86 20:37

109	string OPER!NAME;
110	internal integer procedure GetLic (string OPN(null));
111	begin
112	  long real NAME;
113	  integer HASH,LIC,PTR,OP,EOF;
114	  integer array BUF[0:'777];
115	  string TMP;
116	  define bomb (X) = {begin
117		print(X,crlf);
118		release(OP);
119		Oper!Name _ null;
120		return(0) end};
121	  define
122	    bfnm1 = 0,
123	    bfnm2 = 1,
124	    bfpsw = 2,
125	    bflic = 3,
126	    nm1 = {location(NAME)},
127	    nm2 = {location(NAME)+1};
128	  if length(OPN) and OPN neq "?"
129	   then TMP _ OPN
130	   else while true do begin
131	    TMP _ OPN;
132	    if TMP = "?"
133	      then print("Enter your name as it appears in the OPER",
134		" license file.",crlf);
135	    print("Oper name: ");
136	    TMP _ get!line;
137	    if TMP neq "?" then done;
138	   end;
139	  if length(TMP)=0 then bomb("?no name given");
140	  NAME _ CvName (OPER!NAME _ TMP);		! Hash name;
141	  auxclr(-1,memory['200],'64);			! Turn off echo;
142	  while true do begin
143	    print("Password: ");
144	    TMP _ get!line;
145	    if TMP = "?"
146	      then print("?",crlf,
147		"Enter your password associated with the OPER name ",
148		OPER!NAME, ".",crlf)
149	      else done;
150	    end;
151	  HASH _ CVHASH (TMP);				! hash password;
152	  print(crlf);
153	  auxclr(-1,memory[0],'64);			! Turn on echo;
154	  auxclv(-1,0,'11);				! !LVDEF;
155	  open(OP_getchan, SystemDevice, '17,0,0,0,0,EOF_true);
156	  if EOF then bomb("?Can't init SYS:");
157	  begin "LOOKUP"
158	    define !CHLK = '4;		! CHANIO lookup function;
159	    define !RBLIC = '14;	! RIB address of file license;
160	    integer array XL[0:!RBLIC];
161	    XL[0]_arrinfo(XL,2);
162	    XL[2]_cvsix("DRWSPR");
163	    XL[3]_cvsix("EPO");
164	    chnior(OP,XL[0],!CHLK);
165	    if not !SKIP! then
166		bomb("?OPER password file not found");
167	    if (XL[!RBLIC] land '400000)=0 then 
168		bomb("?OPER password file has no license");
169	    end "LOOKUP";
170	  do begin "SEARCH"
171	    arryin(OP,BUF[0],'1000);
172	    if EOF then done "SEARCH";
173	    for PTR _ 0 step 7 until '770 do begin "TRY"
174	      if BUF[PTR+bfnm1] neq memory[nm1] then continue "TRY";
175	      if BUF[PTR+bfnm2] neq memory[nm2] then continue "TRY";
176	      EOF _ BUF[PTR+bfpsw] neq HASH;
177	      LIC _ BUF[PTR+bflic];
178	      done "SEARCH";
179	      end "TRY";
180	    end "SEARCH" until EOF;
181	  close(OP);
182	  release(OP);
183	  if EOF then begin
184	    print("?Bad name or password",crlf);
185	    return(0);
186	    end;

GETLIC.SAI                              created 06-Sep-82 04:12                                          Page 4.1
Program Listing                         by CRFSYM %5 at 18-Sep-86 20:37

187	  return(LIC);
188	  end;
189	
190	
191	End;

GETLIC.SAI                User defined Screated 06-Sep-82 04:12                                          Page 5
Cross Reference                         by CRFSYM %5 at 18-Sep-86 20:37

!CHLK                      164
!RBLIC                     160   167
!SKIP!                     165
#CR                        102
ADD                         43    44
ARRINFO                    161
ARRYIN                     171
AUXCLR                     141   153
AUXCLV                      97   102   103   154
BFLIC                      177
BFNM1                      174
BFNM2                      175
BFPSW                      176
BOMB                       139   156   166   168
BUF                        114   171   174   175   176   177
C                           32    37    44    56    63    64    65
CH                          13    15    15    15    16    16    16    17    17    17    19
CHNIOR                     164
CLOSE                      181
CRLF                       134   146   148   152   184
CVHASH                      54   151
CVNAME                      11   140
CVSIX                      162   163
EOF                        113   156   172   176   180   183
FIVES                       56    60    71
GET!LINE                    91   136   144
GETLIC                       3   110
HASH                       113   151   176
I                           93    97    98    99    99    99   100   100   101   102
IMULI                       41
L                           33    49    50    51
LEVDEF                      87
LIC                        113   177   187
LONG                        11    33   112
MOVE                        39    40    70
MOVEM                       45    46    72    73
MUL                         71
MULI                        42
NAME                        11    34    34    36    37   112   140
NM1                         32    35    39    45    49   174
NM2                         32    35    40    46    50   175
OP                         113   118   164   171   181   182
OPER!NAME                  109   119   140   148
OPN                        110   128   128   129   131
PTR                        113   173   174   175   176   177
PW                          54    62    63
RADIX.45                    13    37
RELEASE                    118   182
S                           94    95   100   100   104
T1                          56    68    70    72
T2                          56    73    76
T3                          56    61    68    75    75    76    76    77    78
T4                          56    66    81    81
TMP                        115   129   131   132   136   137   139   140   144   145   151
X                           57    58    58    58    59    59    64    64    65    65    68    76    76    78    79    79
                            79    83
XL                         160   161   161   162   163   164   167
   