

		E x e r c i s e

Describe the ISIS environment on the blank diagram on the next
page by placing the letter preceding each word/phrase on the
appropriate line.  Some letters will be used more than once.
Each large box represents a slot; the smaller sections within
represent segments in the slot.

	a)  Segment F
	b)  CTA
	c)  Kernel
	d)  Dispatcher
	e)  Transfers data directly between I/O devices and buffer
	    areas within a slot's memory.
	f)  Slot FF
	g)  Execute only, by default (read access assumed)
	h)  Slot 1
	i)  Known as the 'node code'
	j)  Read-only access to all slots
	k)  Schedules CPU time for all processes
	l)  Priority less than Forground, but higher than Background
	m)  Processes SVC's
	n)  Translates physical I/O devices into logical units as
	    seen by the slot
	o)  Updates Segment F
	p)  Segment E
	q)  DDT user block
	r)  Transfers data and messages from Oring in one slot to
	    Iring in another slot
	s)  Slot 0
	t)  Segment 0
	u)  Slot 2
	v)  Segment 1
	w)  Slot 3



_________________________________________________________________________________________________________________________
|\			        				   :			:			        |
| \								   :			:			        |
|  \								   :			:			        |
|   \		     1. ______         2. ______                   :			:			        |
|    \                                                             :			:			        |
|     \							           :			:			        |
|      \							   :			:			        |
|	\	     3. ______         4. ______                   :       7. ______	:	       9. ______        |
|	 \						           :	        	:			        |
|	  \						           :		       	:			        |
|	   \	  					           :			:                               |
|           \        5. ______         6. ______                   :       8. ______	:	      10. ______        |
|            \	  				  	           :			:			        |
|             \                                                    :			:			        |
|              \___________________________________________________:____________________:___________                    |
|              |             .             .             .             .             .             |\                   |
|              |             .             .             .             .             .             | \                  |
|              |             .             .             .             .             .             |  \                 |
|              |             .             .             .             .             .             |   \                |
|              |             .             .             .             .             .             |    \               |
|  11. ______  | 14. ______  . 16. ______  . 17. ______  . 19. ______  . 20. ______  .             |     \              |
|              |             .             .             .             .             .             |      \  O N E      |
|              |             .             .             .             .             .             |      /  S L O T    |
|              |             .             .             .             .             .             |     /              |
|              |             .             .             .             .             .             |    /               |
|  12. ______  | 15. ______  .             . 18. ______  .             .             .             |   /                |
|              |             .             .             .             .             .             |  /                 |
|              |             .             .             .             .             .             | /                  |
|              |_____________._____________._____________._____________._____________._____________|/                   |
|              |             .             .             .             .             .             |                    |
|  13. ______  |             .             .             .             .             .             |                    |
|              |             .             .             .             .             .             |                    |
|              |             .             .             .             .             .             |                    |
|              |             .             .             .             .             .             |                    |
|              | 21. ______  . 23. ______  . 24. ______  . 26. ______  .             .             |                    |
|              |             .             .             .             .             .             |                    |
|              |             .             .             .             .             .             |                    |
|              |             .             .             .             .             .             |                    |
|              |             .             .             .             .             .             |                    |
|              | 22. ______  .             . 25. ______  .             .             .             |                    |
|              |             .             .             .             .             .             |                    |
|              |             .             .             .             .             .             |                    |
|              |_____________._____________._____________._____________._____________._____________|                    |
|              |             .             .             .             .             .             |                    |
|              |             .             .             .             .             .             |                    |
|              |             .             .             .             .             .             |                    |
|              |             .             .             .             .             .             |                    |
|              |             .             .             .             .             .             |                    |
|              | 27. ______  . 29 ______   . 30. ______  . 32. ______  .             .             |                    |
|              |             .             .             .             .             .             |                    |
|              |             .             .             .             .             .             |                    |
|              |             .             .             .             .             .             |                    |
|              |             .             .             .             .             .             |                    |
|              | 28. ______  .             . 31. ______  .             .             .             |                    |
|              |             .             .             .             .             .             |                    |
|              |             .             .             .             .             .             |                    |
|              |_____________._____________._____________._____________._____________._____________|                    |
|              |             .             .             .             .             .             |                    |
|              |             .             .             .             .             .             |                    |
|              |             .             .             .             .             .             |                    |
|              |             .             .             .             .             .             |                    |
|              |             .             .             .             .             .             |                    |
|              | 33. ______  . 35. ______  . 36. ______  . 38. ______  .             .             |                    |
|              |             .             .             .             .             .             |                    |
|              |             .             .             .             .             .             |                    |
|              |             .             .             .             .             .             |                    |
|              |             .             .             .             .             .             |                    |
|              | 34. ______  .             . 37. ______  .             .             .             |                    |
|              |             .             .             .             .             .             |                    |
|              |             .             .             .             .             .             |                    |
|______________|_____________._____________._____________._____________._____________._____________|____________________|


                                             I  S  I  S

    