INTLPROGS    021477   201 1 25
NYPRINT      011601    99 1 25
FTCNET       044260   229 1 25
BWORKMAN     021477   229 0 25
TINET        011334   200 1 25
TMYLES       021476   229 1 25
BRETTF       000001     0 1 25
SPPOPER      000003     0 1 25
INTACT       011010   206 1 25
DB218        032120   201 1 25
QALIBSYM     011447     3 0 25
DBFEDMKTG    032120   201 0 25
DMILLER      011020     3 1 25
MSMA         021477   229 1 25
WRHOST       021477   201 1 25
GRANOTIER    027514   228 1 25
DDARLINGTON  030455   240 1 25
DTAI         021476   229 1 25
MAGNUM       000007     3 1 25
XPPTEST      000003     3 1 25
WNFEOPS      021477   229 1 25
SLATERK      011020     3 1 25
DAILYPROGS   021477   201 0 25
DOOLITTLER   032120   229 1 25
SOUTHEAST    021477   229 1 25
OSIRIS       024261   201 1 25
DIAMONDP     011020     3 1 25
NDT          000003     3 1 25
ENFESEC      011020     3 1 25
PLOT         021475   201 1 25
DBWNFE       032120   229 0 25
JMORDEN      044060   229 1 25
HULTQUIS     021476   229 1 25
WNFE         011020     3 1 25
TESTOES      032120   201 1 25
QSMITH       021476   229 1 25
SHWONG       011334   200 1 25
EKENDIG      011334   200 1 25
JGOMES       021476   229 1 25
ATTE         032120   201 0 25
SPOOLRM      011016     2 1 25
BONSTOTT     021476   229 1 25
CENTECH      021476   229 0 25
JCHEN        044047   229 1 25
NETDVDOC     011334   200 1 25
LYNASK       021477   229 1 25
HIGASHI      021476   201 1 25
COLLECTR     021477   201 1 25
JCM          011020     3 1 25
KRIVANEC     000001     0 1 25
BONDAD       011334   200 1 25
KHOLLAND     011020     3 1 25
MDCIRVINE    045261   229 1 25
LNOTARY      000001     0 1 25
FELDMAN      011334   200 1 25
DBFIN        032120   229 0 25
ATKATSHJ     044061   229 1 25
SHAWB        044062   229 1 25
NETCON       021477   201 1 25
KSCHMITT     021477   229 1 25
RSB          021477   201 1 25
SSDEV        011447     3 1 25
OSMAN        000003     3 1 25
TELCODBS     021477   201 0 25
MHARLINE     021476   229 1 25
TGBILL       021477   201 1 25
DBENG        032120   229 0 25
DRISCOLL     011334   200 1 25
TECHTRAIN    011020     3 1 25
SALLY        000003     3 1 25
ERICV        021477   201 1 25
SETECH       021476   229 1 25
PTD1         011334   200 1 25
TYMNET       021477   201 0 25
CPAPRINT     000001     0 1 25
ENFE         011020     3 1 25
STOY         011334   200 1 25
DBNODES      032120   201 1 25
ISISFILES    021476   229 1 25
A7KARL       015111    70 1 25
FLIBE        044054   229 1 25
BOFADMIN     021477   201 0 25
TAMB         044054   229 1 25
DENCOFF      000003     3 1 25
JOLIVETO     044251   229 1 25
GKING        011020     3 0 25
MCDAVID      021477   201 1 25
ENFEOPS      011020     3 1 25
BOBJ         000001     0 1 25
KERDELYI     021476   229 0 25
SCHED        010056   201 1 25
LUEDERK      044062   229 1 25
JLIU         044047   229 1 25
NFESEC       011020     3 1 25
AMUNDSON     044266   229 0 25
DSTEINMAN    044062   229 0 25
HOLD         000001     0 1 25
DBENFEN      032120   229 0 25
MSPOPPE      021477   201 1 25
TRAINSEC     011020     3 1 25
TNGO         044047   229 1 25
DBDND        032120   201 0 25
FSIEGEL      000007     3 1 25
FREITAS2     000001     0 1 25
LASALES      010056   229 0 25
LBORSA       044060   229 1 25
JGONZALEZ    021477   229 1 25
DBMAN        032120   229 0 25
SSARCHB      011447     3 1 25
INTLACCTG    021477   201 1 25
GREATECH     021476   229 0 25
JSOUNG       011334   200 1 25
MMARBURGER   044062   229 1 25
LMAURER      011334   200 1 25
PETER        021476   229 0 25
NET3         021476   201 1 25
RKLUTE       011011   144 1 25
JJEFFERS     021476   229 0 25
TNSCTRAIN    037124   228 1 25
DBGRAM       032120   201 1 25
SPEX         013107   172 1 25
ENFEN        011020     3 1 25
INSNET       046251   201 1 25
ACCG1        021477   201 1 25
ETAM         044266   229 0 25
CAMPBELLP    044054   229 1 25
RGFOX        011334   200 1 25
MKLEIN       044047   229 1 25
MAINTDIAG    011020     3 1 25
NADM         021477   201 1 25
MSTSCHED     021477   201 0 25
JMARTELL     011020     3 1 25
CORPTEL      000004     2 1 25
DNOLLEY      011020     3 1 25
RCHUN        021477   229 1 25
CARL         000003     3 1 25
INTLPROGS    021477   201 1 25
NYPRINT      011601    99 1 25
CATTANEO     011020     3 1 25
STAFFORD     021477   201 1 25
SHAH         030455   240 1 25
PDUNLEVY     044054   229 1 25
TOOMEYF      044060   229 1 25
BARILC       044047   229 1 25
DBDDD        032120   229 1 25
TOMASI       021477   201 1 25
DBENFEB      032120   229 0 25
STIMACM      011334   200 1 25
PTD          011334   200 1 25
CNFETECH     011020     3 1 25
SRA          000001     0 1 25
OUTDIAL      024261   201 1 25
BASELINE     011334   200 1 25
CNFE         011020     3 1 25
JAKOBITZ     044062   229 1 25
CLOVER       011334   200 1 25
DBTF3        032120   201 1 25
BETATEST     011334     3 1 25
SLIESA       037071    38 1 25
TYMRES       010056   201 1 25
VWARKER      044062   229 1 25
TYMTEST      021477   201 0 25
SECONDHIF    023407   240 1 25
LONDONC      044047   229 1 25
SEFED        021477   229 1 25
DBPPD        032120   201 1 25
JJOELS       011334   200 1 25
COLLONNIER   027514   228 1 25
WARNERD      044054   229 1 25
XMAGNUM      000007     3 1 25
PKIEFER      044054   229 1 25
SYNCMAG      013107   172 1 25
SLIISIS      030042    38 1 25
WSHAW        021477   201 1 25
DBACCNTRL    032120   201 0 25
FREDRICK     021476   229 1 25
BILLF        000001     0 1 25
EST          036620   200 1 25
DBCENTSALE   032120   229 0 25
JMULLEN      021477   201 1 25
BSQUIST      011020     3 1 25
HAWKINSM     011020     3 1 25
DCRANK       011334   200 1 25
LUSKERJ      011334   240 1 25
GLATECH      044060   229 0 25
HAGERL       011020     3 1 25
DBPRES       032120   229 0 25
CI4949951NSB 013107   172 1 25
SPOOL        000001     0 1 25
PJ           000006     0 1 25
INSDCOM      011011   144 1 25
DJATCZAK     021477   229 1 25
DAILYREPS    021477   201 0 25
TRTNET       044261   229 0 25
SSPAMBIN     011447   229 1 25
KORALEWSKIR  044060   229 1 25
WAGNERD      011020     3 1 25
RAFFOR       011447   229 1 25
KILLIONJ     021477   201 0 25
CWEIDNER     044061   229 1 25
NETPERM      011334   200 1 25
PHILJ        021476   229 1 25
DBATSALES    032120   201 1 25
MATHIASC     044054   229 1 25
TSUIS        021476   229 1 25
EASTTECH     021476   201 1 25
JORTIZ       000001     0 1 25
SALTYRON     011447     3 1 25
WESTECH      021476   229 0 25
NET1STAGE    021476   229 1 25
CHEDIN       021477   229 1 25
SRATECH      000001     0 1 25
SDERRY       000007     3 1 25
PMEASUREMENT 021477   201 1 25
INSCODE      021477   201 1 25
POBATP       044054   229 1 25
FTAPSELL     021477   229 1 25
DBHANNAH     032120   229 1 25
DB225        032120   229 0 25
BBENNECOFF   044251   229 1 25
DBWTS        032120   229 0 25
DBCNFEH      032120   201 0 25
NTD001       011334   200 1 25
PCORCORAN    021477   229 1 25
JHSIEH       011334   200 1 25
INDIAL2      034776   229 1 25
SNILLUKA     021476   229 1 25
CENTRALTECH  010056   201 0 25
BSTALING     021476   229 1 25
DBNSTECH     021476   229 1 25
TYM4000      021477   229 1 25
SAILTEST     000003     3 1 25
PHERMENS     030455   240 1 25
TTS317       026442     0 1 25
DREID        011020     3 0 25
RMILTON      021477   229 0 25
WNFENW       011020     3 1 25
XEXEC        000003     3 1 25
CHANG        011334   200 1 25
LEEA         021476   229 1 25
POPPE        021477   229 1 25
HWANGJ       030455   240 1 25
MMCCOY       011334   200 1 25
DBTF4        032120   201 1 25
DBATT        032120   201 0 25
CRASH        000001     0 1 25
JOHNSONP     027514   228 1 25
DB132        032120   227 0 25
SLIDLB       034355    38 1 25
UPL          000011     1 1 25
SLIDASPE     046422    38 1 25
TYMGRIPE     000003     3 1 25
BUSPLN       011011   144 1 25
MALAVI       011020     3 0 25
ACTRTY       000004     2 1 25
USIAKR       044060   229 1 25
CWILSON      011334   200 1 25
SLIOPA       030042    38 1 25
DBRES        032120   229 0 25
HAWKINSD     044047   229 1 25
MBERGER      011334   200 1 25
DBCNFE       032120   201 0 25
DLANE        044251   229 1 25
DAULTON      021477   229 1 25
SBS          021476   201 0 25
SSJREP       000001     0 1 25
STEINJ       011020     3 1 25
MREBMANN     021477   229 1 25
DB228        032120   228 0 25
BELLINI      027514   228 1 25
BSTURM       021476   229 1 25
HLE          000001     0 1 25
OSNF         000003     3 1 25
TCLARKE      044062   229 1 25
LHEINZEL     044266   229 0 25
SPL          000003     3 1 25
DB131        032120   221 0 25
OSU          000003     3 1 25
STEINISM     044061   229 1 25
LANCIEN      027514   228 1 25
ANDERSONK    030455   240 1 25
UAS          000004     2 1 25
MPL          000003     3 1 25
JBURROUGH    021476   229 1 25
ACHAO        011334   200 1 25
GBLOOD       011447   229 1 25
NETSTAT      021477   201 1 25
TYMDATA      011020     3 1 25
DCHANG       011334   200 1 25
DEPTECH      011020     3 1 25
JLUCAS       021476   229 0 25
LIENEMANC    044062   229 1 25
SSUTIL       011447     3 1 25
CHERIE       000003     3 1 25
ADPCODE      044061   229 1 25
TECHDOC      021476   201 1 25
TSENG        000007     3 1 25
ZONE         021053     0 1 25
ADAZZI       021476   229 1 25
TNSOPS       027514   228 1 25
LEAHYP       021477   201 1 25
JORDANR      044061   229 1 25
DBACOVE      032120   201 0 25
SSINSTALL    011447     3 1 25
DBCES        032120   201 0 25
INTYM        027514   228 1 25
TTMSTS       013107   172 1 25
DBEPN        032120   229 0 25
MARCONIT     000001     0 1 25
DB219        032120   201 1 25
SPPARCH      000003     3 1 25
YOUNGERC     011334   200 1 25
NEPNET       021477   229 1 25
FBATCH       000001     0 1 25
TNSCES       027514   228 1 25
SLIDTH       030042    38 1 25
POSTAL       021477   201 1 25
SWATS        027700   226 1 25
MURTAUGH     011020     3 1 25
FEDACCG      021477   201 1 25
DBTSHACCT    032120   229 0 25
BERT         000001     0 1 25
MSHEN        011334   200 1 25
OSERANG      011334     3 1 25
DBA          032120   229 1 25
SCHOU        044266   229 1 25
WRPNET       021477   229 1 25
KLUEDER      021476   229 0 25
TECHW        000001     0 1 25
DNDNAC       011334   200 1 25
STUTZMANC    044267   229 1 25
SSVALSUP     011447     3 1 25
BRING        014717     3 1 25
KADNEY       032120   229 0 25
MIKELU       021477   229 1 25
NEMSOURCE    011334   200 0 25
DBENGA       032120   201 0 25
NETANAL      011334   200 1 25
MCKIERNAN    044266   229 1 25
OASYS        043511   248 1 25
WHONG        021476   229 1 25
LWANVEER     021477   229 1 25
JNEAL        011020     3 1 25
JLMORARD     027514   228 1 25
RODDAMJ      000001     0 1 25
DBPROJ       032120   201 0 25
HELGEM       000003     3 1 25
PMPROGRAMS   021477   201 1 25
MARNETT      044047   229 1 25
MWILLHAUCK   044047   229 1 25
HQTECH1      041320   229 1 25
SORRELL      011020     3 1 25
PTDIRVINE    011334   240 1 25
DBTCSUP      032120   201 1 25
DBSFWTS      032120   201 1 25
RICHARDS     011020     3 1 25
RAUSCHER     011020     3 1 25
GCOLES       011334   200 1 25
TNSFM        027514   228 1 25
SOCKWELL     011020     3 1 25
JSMITH       044047   229 1 25
FTSWORK      030455   240 1 25
CCHEN        044266   229 1 25
MACEMON      011011   144 1 25
GUYEDA       021477   201 0 25
HAYESDRL     000001     0 1 25
MDIDIER      011334   200 1 25
OLDPLOT      021475   201 1 25
DONAHUE      014717     3 1 25
OHARAB       030455   240 1 25
WEISINGER    021477   201 1 25
NSSC         021477   229 1 25
AKRONE       044054   229 0 25
DBWESTSALE   032120   229 0 25
ATT          021477   201 0 25
LELANDY      000001     0 1 25
PMELLET      027514   228 1 25
DBETS        032120   229 0 25
SWARTZM      044060   229 1 25
PARPRINT     006036    70 1 25
THOMASJ      021477   229 1 25
SWHITE       044251   229 1 25
ITTNET       044255   229 0 25
LSHERMAN     011334   200 1 25
HUSSEYD      021477   229 1 25
MLEWIS       013107   172 1 25
DBVPSALES    032120   229 0 25
NSDBKUP      011334   200 1 25
NGA2         011011   144 1 25
WILLIAMSE    011334   200 1 25
RCANET       044256   229 0 25
NETEK        021476   229 0 25
SPIELLER     021477   229 1 25
SSPERP       011447     3 1 25
KRIEGL       044062   229 1 25
UN1          000006     0 1 25
ATTAM        032120   201 0 25
DZISA        021476   229 1 25
DYOUNG       044251   229 1 25
*6NEWS       000006     0 1 25
RUDMAN       027514   228 1 25
KRUMVP       011334   200 1 25
DBEASTSALE   032120   229 0 25
DGOAD        011334   229 1 25
SOURCE       011334   200 1 25
EASTECH      021476   229 0 25
SEATECH      044062   229 0 25
EBS          011334   200 1 25
YOUNGV       011334   200 1 25
CORTEZ       011020     3 1 25
DALSWRN      000001     0 1 25
SUEHIROA     011334   200 1 25
CTOPSMGR     000001     0 1 25
1213MGR      000001     3 1 25
ENFEW        011020     3 1 25
BOURDEAU     011020     3 1 25
TCHOW        044266   229 1 25
DBFIELDOPS   032120   201 0 25
SPINALE      013107   172 1 25
WRONSTADT    044060   229 1 25
SHEPPARDA    030455   240 1 25
DBMKTG       032120   229 0 25
LIVERSON     044047   229 0 25
DBOPSPLNG    032120   201 0 25
JMARCIN      011334   200 1 25
RFMC         021475   201 1 25
YOUNGS       021477   229 1 25
CLARKET      021477   229 1 25
SOMERVIL     010056   229 1 25
BWING        021476   229 1 25
DBSTAGE      032120   201 1 25
ALANK        000007     3 0 25
STARKSG      047233     3 1 25
SNAVELYJ     011020     3 1 25
HOPKINSM     044047   229 1 25
INTRESG      021477   229 1 25
AMYKWOK      021477   229 1 25
SYSMAINT     000003     3 1 25
TTMSBUBB     013107   172 1 25
KSALEHI      032120   229 0 25
STALLING     011334   201 1 25
CI4949951CUP 013107   172 1 25
CANDERSON    044062   229 1 25
ARELLA       011020     3 1 25
TSUCOOP      000003     3 1 25
STHOMPSON    011334   200 1 25
RSPRENKEL    021476   201 1 25
MODPT        021476   201 1 25
MACEK        021477   229 0 25
TRAINLAB     011020     3 1 25
SLIDACLT     046422    38 0 25
EPASCAL      024261   201 1 25
SRASO        000001     0 1 25
DHSU         011334   200 1 25
PUB          000003     3 1 25
ISISDOC      011334   200 1 25
WIEBET       021476   229 1 25
TSAMPSON     044061   229 0 25
ALBERTAC     011020     3 1 25
ISISPCM      037071    38 1 25
TSDCONTROL   023407   240 1 25
TDEGOOSH     011020     3 1 25
JLEE         021477   201 1 25
WRS          000003     0 1 25
FICHEGEN     021476   201 1 25
ALFENN       023401   200 1 25
CLEMENS      021477   201 1 25
NSSU         021476   229 1 25
SPECIALEF    044054   229 1 25
CUSTORDS     032120   229 1 25
FTTBA        011447     3 1 25
RTREHIN      027514   228 1 25
CORSO        011334   201 0 25
NCHANG       044047   229 1 25
CNICOLL      044062   229 1 25
CLARIDGE     021476   229 1 25
JLIOU        021476   229 1 25
FJAVADI      021477   229 1 25
PATCH        021477   201 0 25
RHOWLAND     021477   229 1 25
MORIARTY     011020     3 1 25
TAPELIB      000001     0 1 25
ENFETECH     011020     3 1 25
PINGCHU      021476   229 1 25
SCHRAMM      011334   200 1 25
CRAY         011334   200 1 25
PHIL.CRAIG   021477   201 1 25
CWOO         044054   229 1 25
TNSUKM       047256   228 1 25
MOXON        021477   201 1 25
FEDSALES     021476   229 0 25
PACTECH      044266   229 1 25
NETOPS       021477   201 1 25
GMARTINEZ    044061   229 1 25
STONEK       044054   229 0 25
INSDGSS1     011011   144 1 25
MATTSONM     021476   229 1 25
UTIL         000001     0 1 25
NEATECH      021476   201 1 25
SAILIB       000003     3 0 25
ENGDIAG      011020     3 1 25
SMYTHEC      011334   200 1 25
SLISURV      037071    38 0 25
APLATT       044266   229 1 25
DAVISA       021477   201 0 25
DFOWLER      021476   229 1 25
DPUTNAM      044060   229 1 25
PCM          011020     3 1 25
SCHEIBS      000001     0 1 25
HQTECH.TIP   021476   229 1 25
MROUMILI     027514   228 1 25
TWANG        011334   200 1 25
WNFESEC      011020     3 1 25
MCONWAY      021477   229 1 25
GGARDINA     021476   229 1 25
SEMAR        011334   200 1 25
TCMS         000001     0 1 25
BWILLIAMS    032120   229 1 25
BLAIR        011020     3 1 25
ARCHIVES     011447     3 1 25
ISISTECH     021476   201 0 25
DHAWES       021476   229 1 25
SCHIANG      044047   229 1 25
SANDYMF      011334   200 1 25
UPTGROVE     011334   200 1 25
NETDB        032120   229 0 25
PERPOPER     000001     0 1 25
BILLING10    000001     0 1 25
JBRENNAN     021477   201 0 25
PATTIMCD     011020     3 1 25
NETQC        021477   229 1 25
PMANLEY      011334   200 1 25
RAKELLA      021476   229 1 25
FTSWELLS     030455   240 1 25
FFISHMAN     021476   229 1 25
*1BATCH      000001     0 1 25
LOVELL       021477   229 1 25
DLASATER     011334   200 1 25
PQUE         021477   201 1 25
SCHENDEL     021477   201 1 25
JALCAN       021477   201 1 25
RAFALA       021477   229 1 25
CHARRIS      044266   229 1 25
TCSUP        021477   201 1 25
CNSMON       021476   229 1 25
MATOKA       000003     0 1 25
QASYS        011447     3 1 25
NCHIN        021476   229 1 25
BNOLLEY      011020   229 1 25
TRUCONTROL   000001     0 1 25
DEPOT        011020     3 1 25
NPRODUCT     011020     3 1 25
ATTC         032120   201 0 25
PITTMANV     044062   229 1 25
MAIL         000003     0 1 25
SYS          000001     0 1 25
CAAPROJ      011334   201 0 25
PNETS        011334   200 1 25
CHUNGLAM     021477   229 1 25
SRAFT        000001     0 1 25
CATECH       044054   229 1 25
TNSFRA       027514   228 1 25
TKELLEY      011020     3 1 25
RREYES       044062   229 1 25
MCCUSKER     021477   229 1 25
METTECH      044061   229 1 25
CENTCODE     044054   229 1 25
ASHUR        044251   229 1 25
PMAGNUM      021477   201 1 25
TGJUDY       021477   201 1 25
MLUCIDO      021476   229 1 25
BBENG        021477   201 1 25
MITCHELJ     011334   200 1 25
JWANG        044266   229 1 25
DB      032120   201 1 25
MHEY         027514   228 1 25
DBCNFEC      032120   229 0 25
PMORSE       011020     3 1 25
MCH          000003     0 1 25
OHARROWP     044047   229 1 25
BRAHMB       011334   200 1 25
DTSAO        021476   229 1 25
KKELLER      021477   229 1 25
WUINET       044257   229 0 25
DBENFEW      032120   229 0 25
NETENG       021477   201 1 25
SYSDOC       011447     3 1 25
TRANSW       011334   200 1 25
DBTS         032120   229 0 25
PCROUTS      011020     3 0 25
MIKERUDE     011334   200 1 25
JLEMUS       021476   229 1 25
DCORNELY     021477   229 1 25
DMACOMB      011020     3 1 25
BAILEYH      011334   200 1 25
FLAHERTYW    044060   229 1 25
FADMIN       010056   201 1 25
MATS.01      013107   172 1 25
TNSAMS       027514   228 1 25
SSTERLING    021476   229 1 25
DBHQTECH     032120   229 0 25
MIMI         044266   229 1 25
TECHSERV     021476   201 1 25
MSEDSEL      021477   201 1 25
ISIS         011334   200 1 25
RNIELSEN     021477   229 1 25
SRA1         000001     0 1 25
DJEZEK       030455   240 1 25
BORROMEO     030455   240 1 25
DGAETANI     021477   201 1 25
TFISTE       021477   229 1 25
AYARS        011020     3 1 25
CHALIT       030455   240 1 25
TBATLIB      011447     3 1 25
GHBARLOW     000001     0 1 25
SSPRINT      011447     3 1 25
NSDLIB       011334   200 1 25
SHSU         011334   200 1 25
ISINSTALL    011011   144 1 25
MSLOUISE     021477   229 0 25
LAMPMAN      021477   229 1 25
FTMAGNUM     000007     3 1 25
MOSSERJ      014717     3 1 25
MATS         013107   172 1 25
HQLAB        021476   201 1 25
MFORDE       021476   229 0 25
ENSS         021477   229 1 25
LKYPKE       021476   229 1 25
DIST216      021477   229 0 25
FLETCHERC    000003     3 1 25
SRAVAL       000001     0 1 25
ACHIPPA      021476   229 1 25
BCHEN        021476   229 0 25
EWHISENANT   044062   229 1 25
SBANNING     044054   229 0 25
DBCNFED      032120   201 0 25
GALLUPSS     044062   229 1 25
PMISTRY      021476   229 1 25
DBTAR        032120   229 1 25
BREZELL      021476   201 1 25
NETMID       011334   200 1 25
STOOPSE      011334   200 1 25
DULAM        027514   228 1 25
SLLDCAIN     011334   200 1 25
TIIDEV       011334   200 1 25
FUTUREPLOT   021475   201 1 25
SWONG        044266   229 1 25
VARDIAG      011020     3 1 25
VALDEV       000001     0 1 25
SRAUTIL      000001     0 1 25
VIVIAN       000001     0 1 25
CC           000013     1 0 25
SRARPTS      000001     0 1 25
JEANGUY      027514   228 1 25
DIAG10D      000001     3 1 25
RSARMAH      021477   229 1 25
PDIXON       021477   201 1 25
CHRISM       021476   201 1 25
SHARMA       021476   229 1 25
SVOTH        021476   229 1 25
NADMRES      010056   201 1 25
DB130        032120   226 0 25
SUDWEEKS     044062   229 1 25
ROY          021477   201 1 25
PAUD         044047   229 1 25
FBARTON      000001     0 1 25
KGREDDY      030455   240 1 25
DB134        032120   229 1 25
ANALYSIS     021477   201 0 25
PETRYSZYNS   044060   229 1 25
X22113       011011   144 1 25
DBPNETS      032120   229 1 25
LNIRENBERG   021476   201 1 25
TNS          027514   228 1 25
LAGOLD       011334   200 1 25
MBETTY       044062   229 0 25
SSBACKUP     011447     3 1 25
LDDC         021476   201 0 25
CBIER        021476   229 1 25
MZORTMAN     021476   201 1 25
JREID        011334   200 1 25
FCM          011020     3 1 25
JMAGNAN      044047   229 1 25
RJORDAN      021477   229 0 25
MHANNA       044061   229 1 25
DBAPS        032120   229 1 25
NWILLIAMS    021475   229 1 25
GWALPOLE     011020     3 1 25
ANVERM       011020     3 1 25
DBXEROX      032120   201 1 25
LMORRIS      000001     0 1 25
TYMISIS      021477   201 1 25
IRONHAT      000001     0 1 25
DBSWTS       032120   201 0 25
KOPFJ        011334   200 1 25
PWSLIB       011011   144 1 25
SNEDDONP     044054   229 1 25
TGRUSS       021477   201 1 25
GBEIDLER     021477   229 1 25
PUBNET       021476   201 1 25
ATTS         032120   201 0 25
SSARCHD      011447     3 1 25
BAIGENT      014717     3 1 25
KEN          000003     3 1 25
SLICM        044072    38 0 25
TROUSSAR     027514   228 1 25
WNFETECH     011020     3 1 25
MALUBINA     011334   200 1 25
DHSMITH      021477   201 1 25
EWINDLE      021477   229 1 25
TNETOPS      000001     0 1 25
CMTI         011334   200 1 25
MVSMURS      000001     0 1 25
NGREGORY     021476   201 1 25
DAUERBACH    044062   229 1 25
BRUCES       011020     3 1 25
*1KEN        000001     0 1 25
MOORING      011020     3 1 25
RKRUL        021477   229 1 25
SLIDTM       030042    38 1 25
CNFESEC      011020     3 1 25
TMCSSOURCE   011334   200 1 25
RESZ         021477   201 1 25
NSDADM       011334   200 1 25
JENNYG       000001     0 1 25
RAFFO        011334   200 1 25
DBBOFA       032120   201 1 25
MFGRECEP     011020     3 1 25
CNFEMGR      011020     3 1 25
EASTLINE     021472   229 0 25
SRAFRCST     000001     0 1 25
TYMGEN       021477   201 1 25
DBWNFES      032120   229 0 25
BEYSSON      027514   228 1 25
SLIANG       044047   229 1 25
MFGSEC       011020     3 1 25
RADMON       021476   229 1 25
BABCOCKR     044054   229 1 25
RANDERSON    044054   229 1 25
FLCHEN       021476   229 1 25
M33          000003     3 1 25
SSEREP       000001     0 1 25
CMSSUP       011011   144 1 25
OPER         000001     0 1 25
WEUSKE       011334   200 1 25
DGAUVIN      044060   229 1 25
DBENFE       032120   229 0 25
HQXCOM       021476   201 1 25
DBNESALE     032120   201 0 25
SRAMOV       000001     0 1 25
PACAULT      021477   201 1 25
CMELO        021476   229 0 25
WATECH       044047   229 1 25
JTSAI        044251   229 1 25
JMS          000003     3 1 25
NGAMIKE      011011   144 1 25
DBTLC        032120   229 1 25
MADDERRA     011334   200 1 25
DBDML        032120   201 0 25
EPASCAL1     011334   200 1 25
VKRLEE       021477   229 1 25
ATLANTICTECH 010056   201 0 25
NTS          011020     3 1 25
CHENC        021476   229 1 25
TELCINVPRG   021477   201 0 25
ATLTECH      044251   229 1 25
PNELSON      011020     3 1 25
VALIDATE     011447   200 1 25
DCOPRINT     000001     0 1 25
KDCDIAG      011020     3 1 25
APSSUP       021476   229 0 25
C/LANGDON    021476   229 1 25
KKULLAR      044047   229 1 25
SMITHDE      011334   200 1 25
GSWINTON     021476   201 1 25
INTLTECH     044267   229 1 25
FTSYS        000001     3 1 25
SLOTDUMP     021476   229 1 25
CUD10        000001     0 1 25
WALKERG      021476   201 0 25
WRFS         021476   229 1 25
ACCG1MGR     021477   229 0 25
BEKAY        044062   229 1 25
APLAB        011020     3 1 25
RESMGT       021476   201 1 25
MEYERG       011346     3 1 25
HALBROOKD    044054   229 1 25
OHARROW      021476   229 0 25
DMOULTON     000004     2 1 25
TECHLAB      021476   201 1 25
LARDILLEUX   027514   228 1 25
TELCINVREP   021477   201 0 25
ATTW         032120   201 0 25
JOHNSOND     011020     3 1 25
LANCRENON    027514   228 1 25
TDFTECH      011334   200 1 25
SYSNEWS      000001     0 1 25
DNDUTIL      011334   200 1 25
TNSM         027514   228 1 25
FACILITIES   011020     3 1 25
DNDSPEC      011334   200 1 25
PAPADOPOULOS 044054   229 1 25
MATUCHAD     011334   200 1 25
EWELSH       044062   229 1 25
DBURKS       044047   229 1 25
ENFEB        011020     3 1 25
DBARS        032120   201 1 25
KDDIAG       021475   201 1 25
TYMINTL      021477   229 1 25
ISIS2        011334   200 1 25
WHITLOCK     021476   201 1 25
JLIOU1       011334   200 1 25
NSTECH       021476   229 1 25
BECHLYT      011334   200 1 25
NETSALES     021477   201 0 25
JONAS        011334   200 1 25
SCHNESED     044054   229 1 25
AUFFREDOU    027514   228 1 25
OSIRIS1      011334   200 1 25
DUNNL        044061   229 1 25
PNAGEL       021477   229 1 25
NSHUKLA      021476   229 1 25
TCUPAL       021477   229 1 25
BURNS1       000001     0 1 25
DPELSUE      021477   229 1 25
JENGLISH     000001     0 1 25
ROLAND       011447   200 1 25
RVIVIER      011020     3 1 25
BURRIESCIN   011447   200 1 25
DONNELLY     021476   229 1 25
MWALTERS     047256   228 1 25
TELCINVDRG   021477   201 0 25
ABELE        011346     3 1 25
DMIELKE      044060   229 1 25
SRACRT       000001     0 1 25
ANDRAKIN     011334   200 1 25
DB220        032120   220 0 25
BTHOMSON     021476   201 1 25
DLEE         021476   229 1 25
NSDSINS      011334   200 1 25
DBOPER       032120   229 0 25
FERRISK      021477   201 0 25
ROOPED       000001     0 1 25
DBCIS        032120   201 0 25
FISBEIN      027514   228 1 25
MICRO        011011   144 1 25
FISHMANF     044062   229 1 25
SCRIBNER     000001     0 1 25
FTSYSDOC     011447     3 1 25
DBAHST       032120   201 0 25
AVINASH      011334   200 1 25
DBADOUG      032120   201 1 25
PGJCOG       011011   144 1 25
FPEPPER      011020     3 1 25
SMCREE       021477   229 1 25
AIKEN        021477   229 1 25
POSTECH      030455   240 1 25
OTUTILITY    021476   229 1 25
WWANG        011334   200 1 25
TTMSISIS2    013107   172 1 25
GILLIAMG     044047   229 1 25
UFD          000001     0 1 25
DALMON       000001     0 1 25
DBCTS        032120   229 0 25
  W@~¸