BWORKMAN     021477   229 1 54
FTCNET       044260   229 1 54
RTTNCS       021475   201 0 54
NFERECEP     011020     3 1 54
SPPOPER      000003     0 1 54
INTACT       011010   206 1 54
QALIBSYM     011447     3 1 54
DBFEDMKTG    032120   201 0 54
DMILLER      011020     3 1 54
MSMA         021477   229 1 54
GRANOTIER    027514   228 1 54
DDARLINGTON  030455   240 1 54
DTAI         021476   229 1 54
MAGNUM       000007     3 1 54
REQTYM       011346     3 1 54
SLATERK      011020     3 1 54
DOOLITTLER   032120   229 1 54
JDIAZ        011334   200 1 54
TQTEST       011011     0 1 54
NDT          000003     3 1 54
DIAMONDP     011020     3 1 54
ENFESEC      011020     3 1 54
JMORDEN      044060   229 1 54
WNFE         011020     3 1 54
EKENDIG      011334   200 1 54
JGOMES       021476   229 1 54
CINCY1       011020     3 1 54
SPOOLRM      011016     2 1 54
JCHEN        044047   229 1 54
KRIVANEC     000001     0 1 54
KHOLLAND     011020     3 1 54
LNOTARY      000001     0 1 54
DBFIN        032120   229 0 54
ATKATSHJ     044061   229 1 54
SHAWB        044062   229 1 54
NETCON       021477   201 1 54
KFRONCKO     011020     3 1 54
SSDEV        011447     3 1 54
NETPLAN      021477   229 1 54
OSMAN        000003     3 1 54
TECHTRAIN    011020     3 1 54
SALLY        000003     3 1 54
GAMES        000011     1 1 54
PTD1         011334   200 1 54
TYMNET       021477   201 1 54
CPAPRINT     000001     0 1 54
ENFE         011020     3 1 54
32BIT        046273   229 1 54
FLIBE        044054   229 1 54
TAMB         044054   229 1 54
DENCOFF      000003     3 1 54
CINCY3       011020     3 1 54
MIDAS        000007     3 1 54
JOLIVETO     044251   229 1 54
KALENDA      011334   200 1 54
ENFEOPS      011020     3 1 54
BOBJ         000001     0 1 54
DBABJC       032120   201 1 54
TDUSER6      011020     3 0 54
DBGLTECH     032120   229 0 54
TDUSER1      011020     3 1 54
JLIU         044047   229 1 54
NFESEC       011020     3 1 54
HOLD         000001     0 1 54
TRAINSEC     011020     3 1 54
TNGO         044047   229 1 54
JGONZALEZ    021477   229 1 54
LBORSA       044060   229 1 54
FSIEGEL      000007     3 1 54
DBMAN        032120   229 0 54
SSARCHB      011447     3 1 54
MMARBURGER   044062   229 1 54
NET3         021476   229 1 54
RMENAKER     011020     3 1 54
JJEFFERS     021476   229 1 54
ENFEN        011020     3 1 54
ACCG1        021477   201 0 54
DBNADM       032120   229 1 54
CAMPBELLP    044054   229 1 54
MKLEIN       044047   229 1 54
WWPC         011020     3 1 54
MANRIQUE     021477   229 1 54
CARL         000003     3 1 54
DIST95A      010563    95 1 54
CATTANEO     011020     3 1 54
SHAH         030455   240 1 54
PDUNLEVY     044054   229 1 54
BARILC       044047   229 1 54
DBCSERV      032120   229 1 54
NAD          011334   200 1 54
PTD          011334   200 1 54
CNFETECH     011020     3 1 54
SRA          000001     0 1 54
OUTDIAL      024261   201 1 54
DBNSSC       032120   229 0 54
CNFE         011020     3 1 54
BETATEST     011334     3 1 54
GAUCITS1     035012     0 1 54
TCASS        011346     3 1 54
TDUSER3      011020     3 0 54
SLIESA       037071    38 1 54
TYMRES       010056   229 1 54
REGNIER      027514   228 1 54
LONDONC      044047   229 1 54
TBAUSPS      000003     3 1 54
LAUVER       011020     3 1 54
COLLONNIER   027514   228 1 54
XMAGNUM      000007     3 1 54
PKIEFER      044054   229 1 54
DBNETECH     032120   229 0 54
SLIISIS      030042    38 1 54
DBACCNTRL    032120   201 0 54
FREDRICK     021476   229 1 54
BILLF        000001     0 1 54
CORNELLNET   027113   220 0 54
COLNET       021477   201 0 54
BSQUIST      011020     3 1 54
TDUSER9      011020     3 0 54
DB138        032120   138 1 54
TDUSER8      011020     3 0 54
HAWKINSM     011020     3 1 54
DCRANK       011334   200 1 54
LUSKERJ      011334   240 1 54
GLATECH      044060   229 1 54
HAGERL       011020     3 1 54
DBPORTSUPD   032120   229 1 54
SPOOL        000001     0 1 54
MARTEL       000001     0 1 54
PJ           000006     0 1 54
DJATCZAK     021477   229 1 54
TRTNET       044261   229 1 54
SSPAMBIN     011447   229 1 54
KORALEWSKIR  044060   229 1 54
WAGNERD      011020     3 1 54
DCD10050     014130     2 1 54
RTYTSTR1     011020     3 1 54
CWEIDNER     044061   229 1 54
ONTYM        011334   200 1 54
MATHIASC     044054   229 1 54
IMPORT       000003     3 1 54
JORTIZ       000001     0 1 54
SALTYRON     011447     3 1 54
TDUSER7      011020     3 0 54
NWWEST       011020     3 1 54
SRATECH      000001     0 1 54
SDERRY       000007     3 1 54
DBNETOPS     032120   229 0 54
MIDASQA      000007     3 1 54
PLY3         011020     3 1 54
BBENNECOFF   044251   229 1 54
ITCNCS       021475   201 0 54
DBCNFEH      032120   201 0 54
SNILLUKA     021476   229 1 54
RCANCS       021475   201 0 54
OES          032120   201 1 54
TGNCS        021475   201 0 54
SAILTEST     000003     3 1 54
ARUYIELD     033642   203 1 54
PHERMENS     030455   240 1 54
WNFENW       011020     3 1 54
XEXEC        000003     3 1 54
TESTMAIL     010056   201 0 54
CHANG        011334   200 1 54
NETSUPPT     011020     3 1 54
LEEA         021476   229 1 54
HWANGJ       030455   240 1 54
MMCCOY       011334   200 1 54
JOHNSONP     027514   228 1 54
CRASH        000001     0 1 54
DB132        032120   227 0 54
SLIDLB       034355    38 1 54
UPL          000011     1 1 54
SLIDASPE     046422    38 1 54
TYMGRIPE     000003     3 1 54
WASOWSKI     011020     3 1 54
ACTRTY       000004     2 1 54
DBAFOR       032120   229 1 54
CWILSON      011334   200 1 54
RANCS        021475   201 1 54
HAWKINSD     044047   229 1 54
DLANE        044251   229 1 54
DBCNFE       032120   201 0 54
SSJREP       000001     0 1 54
DBSETECH     032120   229 0 54
STEINJ       011020     3 1 54
DB228        032120   228 0 54
BELLINI      027514   228 1 54
HLE          000001     0 1 54
OSNF         000003     3 1 54
NWEAST       011020     3 1 54
SPL          000003     3 1 54
DB131        032120   221 0 54
OSU          000003     3 1 54
STEINISM     044061   229 1 54
LANCIEN      027514   228 1 54
ANDERSONK    030455   240 1 54
UAS          000004     2 1 54
MPL          000003     3 1 54
JBURROUGH    021476   229 1 54
TYMDATA      011020     3 1 54
DEPTECH      011020     3 1 54
JLUCAS       021476   229 1 54
SSUTIL       011447     3 1 54
INTLNBS      021477   229 1 54
DBITS        032120   229 1 54
CHERIE       000003     3 1 54
TSENG        000007     3 1 54
ZONE         021053     0 1 54
TNSOPS       027514   228 1 54
JORDANR      044061   229 1 54
SSINSTALL    011447     3 1 54
DBCES        032120   201 0 54
MARCONIT     000001     0 1 54
SPPARCH      000003     3 1 54
TDUSER2      011020     3 0 54
FBATCH       000001     0 1 54
GAZEL        011334   200 1 54
SLIDTH       030042    38 1 54
MURTAUGH     011020     3 1 54
XMAGNDEV     000007     3 1 54
SSVALSUP     011447     3 1 54
DBWTECH      032120   229 0 54
BRING        014717     3 1 54
NETANAL      011334   200 1 54
PTTNCS       021475   201 0 54
JNEAL        011020     3 1 54
RODDAMJ      000001     0 1 54
JLMORARD     027514   228 1 54
HELGEM       000003     3 1 54
MWILLHAUCK   044047   229 1 54
MARNETT      044047   229 1 54
ALLSALES     021476   229 1 54
SORRELL      011020     3 1 54
PTDIRVINE    011334   240 1 54
DBENSS       032120   229 0 54
RAUSCHER     011020     3 1 54
GCOLES       011334   200 1 54
SOCKWELL     011020     3 1 54
JSMITH       044047   229 1 54
FTSWORK      030455   240 0 54
GUYEDA       021477   229 1 54
MDIDIER      011334   200 0 54
DONAHUE      014717     3 1 54
DBSWB        032120   136 1 54
OHARAB       030455   240 1 54
AKRONE       044054   229 1 54
NSSC         021477   229 1 54
DBWESTSALE   032120   229 0 54
JSTIER       011334   200 1 54
LELANDY      000001     0 1 54
DBETS        032120   229 0 54
SWARTZM      044060   229 1 54
THOMASJ      021477   229 1 54
SWHITE       044251   229 1 54
ITTNET       044255   229 1 54
HUSSEYD      021477   229 1 54
MELASECCA    011020     3 1 54
WILLIAMSE    011334   200 1 54
RCANET       044256   229 1 54
SSPERP       011447     3 1 54
KRIEGL       044062   229 1 54
UN1          000006     0 1 54
ATTAM        032120   201 0 54
*6NEWS       000006     0 1 54
KRUMVP       011334   200 1 54
SOURCE       011334   200 1 54
ZUMMO        011020     3 1 54
CORTEZ       011020     3 1 54
DALSWRN      000001     0 1 54
SUEHIROA     011334   200 1 54
MDOWNEY      011020     3 1 54
1213MGR      000001     3 1 54
BOURDEAU     011020     3 1 54
ENFEW        011020     3 1 54
DBAWAT       032120   201 1 54
SHEPPARDA    030455   240 1 54
DBMKTG       032120   229 0 54
LIVERSON     044047   229 1 54
DBOPSPLNG    032120   201 0 54
BWING        021476   229 1 54
ALANK        000007     3 0 54
HOPKINSM     044047   229 1 54
SNAVELYJ     011020     3 1 54
INTRESG      021477   229 1 54
AMYKWOK      021477   229 1 54
SYSMAINT     000003     3 1 54
KSALEHI      032120   229 0 54
DBSWSALE     032120   201 1 54
ARELLA       011020     3 1 54
TSUCOOP      000003     3 1 54
ITTNCS       021475   201 0 54
MACEK        021477   229 0 54
TRAINLAB     011020     3 1 54
SLIDACLT     046422    38 1 54
EPASCAL      024261   201 1 54
SRASO        000001     0 1 54
FACSEC       011020     3 1 54
PUB          000003     3 1 54
ALBERTAC     011020     3 1 54
ISISPCM      037071    38 1 54
TDEGOOSH     011020     3 1 54
TSDCONTROL   023407   240 1 54
WRS          000003     0 1 54
ALFENN       023401   200 1 54
NSSU         021476   229 1 54
SPECIALEF    044054   229 1 54
FTTBA        011447     3 1 54
NCHANG       044047   229 1 54
ALITTLEJOHN  011020     3 1 54
RTREHIN      027514   228 1 54
DBAVIRGINIA  032120   201 1 54
CLARIDGE     021476   229 1 54
DB223        032120   223 0 54
COLEMAN      011020     3 1 54
FJAVADI      021477   229 1 54
RHOWLAND     021477   229 1 54
TAPELIB      000001     0 1 54
ENFETECH     011020     3 1 54
PINGCHU      021476   229 1 54
RTYTSTR3     011020     3 1 54
DB222        032120   220 0 54
CWOO         044054   229 1 54
GMARTINEZ    044061   229 1 54
STONEK       044054   229 1 54
MATTSONM     021476   229 1 54
UTIL         000001     0 1 54
SAILIB       000003     3 0 54
ENGDIAG      011020     3 1 54
SMYTHEC      011334   200 1 54
SLISURV      037071    38 1 54
DFOWLER      021476   229 1 54
DPUTNAM      044060   229 1 54
PCM          011020     3 1 54
MROUMILI     027514   228 1 54
SCHEIBS      000001     0 1 54
GGARDINA     021476   229 1 54
WNFESEC      011020     3 1 54
SEMAR        011334   200 1 54
TCMS         000001     0 1 54
BWILLIAMS    032120   229 1 54
BLAIR        011020     3 1 54
ARCHIVES     011447     3 1 54
UKOPS        047256   228 1 54
NETDEV2      011020   200 1 54
SCHIANG      044047   229 1 54
SANDYMF      011334   200 1 54
UPTGROVE     011334   200 1 54
NETDB        032120   229 1 54
PERPOPER     000001     0 1 54
TDUSER       011020     3 1 54
BILLING10    000001     0 1 54
PATTIMCD     011020     3 1 54
NETQC        021477   229 1 54
FTSWELLS     030455   240 0 54
RAKELLA      021476   229 1 54
*1BATCH      000001     0 1 54
TRWNET       047505   220 1 54
CHARRIS      044266   229 1 54
CNSMON       021476   229 1 54
MATOKA       000003     0 1 54
QASYS        011447     3 1 54
NCHIN        021476   229 1 54
KMAIN        011020     3 1 54
TRUCONTROL   000001     0 1 54
NPRODUCT     011020     3 1 54
DEPOT        011020     3 1 54
CPOWERS      011020     3 1 54
PITTMANV     044062   229 1 54
MAIL         000003     0 1 54
SYS          000001     0 1 54
SRAFT        000001     0 1 54
PLY2         011020     3 1 54
TNSFRA       027514   228 1 54
RREYES       044062   229 1 54
TKELLEY      011020     3 1 54
CORCORAN     021477   201 1 54
METTECH      044061   229 1 54
CENTCODE     044054   229 0 54
ASHUR        044251   229 1 54
MLUCIDO      021476   229 1 54
CGALES       011020     3 1 54
WUINCS       021475   201 0 54
CINCY2       011020     3 1 54
MHEY         027514   228 1 54
PMORSE       011020     3 1 54
MCH          000003     3 1 54
OHARROWP     044047   229 1 54
BRAHMB       011334   200 1 54
DTSAO        021476   229 1 54
DBENFEW      032120   229 0 54
SYSDOC       011447     3 1 54
TRANSW       011334   200 1 54
KILUBA       030455   240 1 54
RTYTSTR2     011020     3 1 54
CGIBSON      011020     3 1 54
ACT10        000004     2 1 54
JLEMUS       021476   229 1 54
BAILEYH      011334   200 1 54
DMACOMB      011020     3 1 54
FLAHERTYW    044060   229 1 54
DBHQTECH     032120   229 0 54
TECHSERV     021476   229 1 54
RNIELSEN     021477   229 1 54
BORROMEO     030455   240 1 54
SRA1         000001     0 1 54
PLY1         011020     3 1 54
TFISTE       021477   229 1 54
RTYTSTR4     011020     3 1 54
AYARS        011020     3 1 54
CHALIT       030455   240 0 54
TBATLIB      011447     3 1 54
GHBARLOW     000001     0 1 54
SSPRINT      011447     3 1 54
JCARTER      011020     3 1 54
JWILLOTT     023707     3 1 54
FTMAGNUM     000007     3 1 54
DB137        032120   137 1 54
MOSSERJ      014717     3 1 54
SWBDOC1      047232   229 1 54
LKYPKE       021476   229 1 54
DBAMIKE      032120   201 1 54
ACHIPPA      021476   229 1 54
FLETCHERC    000003     3 1 54
SRAVAL       000001     0 1 54
BCHEN        021476   229 1 54
EDBARENS     000001     0 1 54
SBANNING     044054   229 1 54
DBCNFED      032120   201 0 54
PMISTRY      021476   229 1 54
STOOPSE      011334   200 1 54
DULAM        027514   228 1 54
OCONNORK     011020     3 1 54
TIIDEV       011334   200 1 54
VARDIAG      011020     3 1 54
VALDEV       000001     0 1 54
SRAUTIL      000001     0 1 54
VIVIAN       000001     0 1 54
CC           000013     1 0 54
JEANGUY      027514   228 1 54
RSARMAH      021477   229 1 54
DIAG10D      000001     3 1 54
PDIXON       021477   229 1 54
DB130        032120   226 0 54
NADMRES      010056   201 1 54
SUDWEEKS     044062   229 1 54
PAUD         044047   229 1 54
FBARTON      000001     0 1 54
DBCTECH      032120   229 0 54
PETRYSZYNS   044060   229 1 54
HWENZEL      021477   229 1 54
PRODNET      021477   201 0 54
TNS          027514   228 1 54
SSBACKUP     011447     3 1 54
JREID        011334   200 1 54
MZORTMAN     021476   229 1 54
JMAGNAN      044047   229 1 54
FCM          011020     3 1 54
MHANNA       044061   229 1 54
BASESUP      011020     3 1 54
GWALPOLE     011020     3 1 54
ANVERM       011020     3 1 54
LMORRIS      000001     0 1 54
IRONHAT      000001     0 1 54
GREENM       011020     3 1 54
SNEDDONP     044054   229 1 54
OESX22       032120   229 1 54
GBEIDLER     021477   229 1 54
SSARCHD      011447     3 1 54
BAIGENT      014717     3 1 54
KEN          000003     3 1 54
SLICM        044072    38 0 54
DBPORTSQC    032120   229 1 54
WNFETECH     011020     3 1 54
MVSMURS      000001     0 1 54
BRUCES       011020     3 1 54
*1KEN        000001     0 1 54
MOORING      011020     3 1 54
RKRUL        021477   229 1 54
CNFESEC      011020     3 1 54
SLIDTM       030042    38 1 54
JENNYG       000001     0 1 54
MFGRECEP     011020     3 1 54
CNFEMGR      011020     3 1 54
SRAFRCST     000001     0 1 54
TCMCON       011346     3 1 54
BEYSSON      027514   228 1 54
SLIANG       044047   229 1 54
MFGSEC       011020     3 1 54
BABCOCKR     044054   229 1 54
RANDERSON    044054   229 1 54
M33          000003     3 1 54
RSNCS        021475   201 1 54
SSEREP       000001     0 1 54
AMEGHJI      033642   203 1 54
OPER         000001     0 1 54
WEUSKE       011334   200 1 54
DAUGHTJ      011020     3 1 54
HQXCOM       021476   229 1 54
DBNESALE     032120   201 0 54
SRAMOV       000001     0 1 54
TDUSER5      011020     3 0 54
CMELO        021476   229 1 54
JMS          000003     3 1 54
DIALPC       044515   229 0 54
MADDERRA     011334   200 1 54
RTYTSTR5     011020     3 1 54
MARIAM       013107   172 1 54
NTS          011020     3 1 54
ATLTECH      044251   229 1 54
PNELSON      011020     3 1 54
VALIDATE     011447   200 1 54
APSSUP       021476   229 1 54
DCOPRINT     000001     0 1 54
OLDOES       032120   201 1 54
KKULLAR      044047   229 1 54
INTLTECH     044267   229 1 54
FTSYS        000001     3 1 54
SLOTDUMP     021476   229 1 54
CUD10        000001     0 1 54
GAUCITS4     035012     0 1 54
BEKAY        044062   229 1 54
MEYERG       011346     3 1 54
MARACT       011020     3 1 54
APLAB        011020     3 1 54
HALBROOKD    044054   229 1 54
LARDILLEUX   027514   228 1 54
LANCRENON    027514   228 1 54
JOHNSOND     011020     3 1 54
JKEARNEY     021477   229 1 54
TDFTECH      011334   200 1 54
MCNEY        011020     3 1 54
SYSNEWS      000001     0 1 54
DNDUTIL      011334   200 1 54
JACKIEP      033642   203 1 54
FACILITIES   011020     3 1 54
TNSM         027514   228 1 54
DNDSPEC      011334   200 1 54
RLSMGR       020574   142 1 54
PAPADOPOULOS 044054   229 1 54
DBURKS       044047   229 1 54
ENFEB        011020     3 1 54
DBOSC        032120   229 1 54
DB229        032120   201 0 54
BUBBNET      011334   200 1 54
ISIS2        011334   200 1 54
ITCLD        042605   228 0 54
AUFFREDOU    027514   228 1 54
SCHNESED     044054   229 1 54
ITANCS       021475   201 1 54
NSHUKLA      021476   229 1 54
BURNS1       000001     0 1 54
JENGLISH     000001     0 1 54
ECMOPS       011020     3 1 54
PERSTATS     021476   229 1 54
RVIVIER      011020     3 1 54
BURRIESCIN   011447   200 1 54
DMIELKE      044060   229 1 54
CHARADA      011020     3 1 54
SRACRT       000001     0 1 54
DB220        032120   220 0 54
DLEE         021476   229 1 54
BTHOMSON     021476   229 1 54
FISBEIN      027514   228 1 54
TDUSER4      011020     3 0 54
FISHMANF     044062   229 1 54
SCRIBNER     000001     0 1 54
GLOCKZIN     011020     3 1 54
FTSYSDOC     011447     3 1 54
DBAHST       032120   201 1 54
JOHNSONL     023401   200 1 54
SMCREE       021477   229 1 54
DBADOUG      032120   201 1 54
POSTECH      030455   240 1 54
GILLIAMG     044047   229 1 54
UF      000001     0 1 54
DALMON       000001     0 1 54
TMUSHA       011020     3 1 54
ARGNCS       010056   201 0 54
    j QÆ