NYPRINT      011601    99 1 70
FTCNET       044260   229 1 70
BWORKMAN     021477   229 0 70
TINET        011334   200 1 70
TMYLES       021476   229 1 70
BRETTF       000001     0 1 70
SPPOPER      000003     0 1 70
INTACT       011010   206 1 70
QALIBSYM     011447     3 1 70
DMILLER      011020     3 1 70
MSMA         021477   229 1 70
NETSTAT2     021477   201 1 70
GRANOTIER    027514   228 1 70
DTAI         021476   229 1 70
MAGNUM       000007     3 1 70
WNFEOPS      021477   229 1 70
SLATERK      011020     3 1 70
DBCEO        032120   229 1 70
DOOLITTLER   032120   229 1 70
OSIRIS       024261   201 1 70
NDT          000003     3 1 70
DIAMONDP     011020     3 1 70
ENFESEC      011020     3 1 70
JMORDEN      044060   229 1 70
WNFE         011020     3 1 70
EKENDIG      011334   200 1 70
JGOMES       021476   229 1 70
SPOOLRM      011016     2 1 70
BONSTOTT     021476   229 1 70
JCHEN        044047   229 1 70
LYNASK       021477   229 1 70
JCM          011020     3 1 70
BONDAD       011334   200 1 70
KHOLLAND     011020     3 1 70
KRIVANEC     000001     0 1 70
MDCIRVINE    045261   229 1 70
LNOTARY      000001     0 1 70
ATKATSHJ     044061   229 1 70
SHAWB        044062   229 1 70
NETCON       021477   201 1 70
KSCHMITT     021477   229 1 70
EADAMS       034776   141 1 70
SSDEV        011447     3 1 70
OSMAN        000003     3 1 70
MHARLINE     021476   229 1 70
CUPCWRN      000001     0 1 70
DRISCOLL     011334   200 1 70
SALLY        000003     3 1 70
SETECH       021476   229 1 70
TYMNET       021477   201 1 70
CPAPRINT     000001     0 1 70
STOY         011334   200 1 70
ENFE         011020     3 1 70
ISISFILES    021476   229 1 70
FLIBE        044054   229 1 70
TAMB         044054   229 1 70
DENCOFF      000003     3 1 70
JOLIVETO     044251   229 1 70
GKING        011020     3 0 70
MCDAVID      021477   201 1 70
ENFEOPS      011020     3 1 70
BOBJ         000001     0 1 70
NETDETAIL    021477   201 1 70
SCHED        010056   201 1 70
LUEDERK      044062   229 1 70
JLIU         044047   229 1 70
NFESEC       011020     3 1 70
AMUNDSON     044266   229 0 70
DSTEINMAN    044062   229 0 70
HOLD         000001     0 1 70
TNGO         044047   229 1 70
FSIEGEL      000007     3 1 70
LASALES      010056   229 0 70
LBORSA       044060   229 1 70
JGONZALEZ    021477   229 1 70
SSARCHB      011447     3 1 70
INTLACCTG    021477   229 1 70
JSOUNG       011334   200 1 70
MMARBURGER   044062   229 1 70
PETER        021476   229 0 70
LMAURER      011334   200 1 70
NET3         021476   201 1 70
TNSCTRAIN    037124   228 1 70
JJEFFERS     021476   229 0 70
SPEX         013107   172 1 70
ENFEN        011020     3 1 70
ACCG1        021477   201 0 70
ETAM         044266   229 0 70
CAMPBELLP    044054   229 1 70
RGFOX        011334   200 1 70
MKLEIN       044047   229 1 70
TNSHQMNO     027514   228 1 70
WWPC         011020     3 1 70
GMASTERS     011011   144 1 70
MAINTDIAG    011020     3 1 70
JMARTELL     011020     3 1 70
MIDBAK       011334   200 1 70
INTLPROGS    021477   201 1 70
CARL         000003     0 1 70
NYPRINT      011601    99 1 70
CATTANEO     011020     3 1 70
SHAH         030455   240 1 70
PDUNLEVY     044054   229 1 70
TOOMEYF      044060   229 1 70
BARILC       044047   229 1 70
JWAGNER      011334   200 1 70
NSDBINS      011334   200 1 70
TOMASI       021477   201 1 70
PTD          011334   200 1 70
CNFETECH     011020     3 1 70
SRA          000001     0 1 70
OUTDIAL      024261   201 1 70
BASELINE     011334   200 1 70
DBSNI        032120   229 0 70
CNFE         011020     3 1 70
JAKOBITZ     044062   229 1 70
TESTASB      000004     2 1 70
BETATEST     011334     3 1 70
FIELDNUM     021474   201 0 70
SLIESA       037071    38 1 70
TYMRES       010056   201 1 70
VWARKER      044062   229 1 70
REGNIER      027514   228 1 70
LONDONC      044047   229 1 70
SEFED        021477   229 1 70
VAFOWRN      000001     0 1 70
WARNERD      044054   229 1 70
COLLONNIER   027514   228 1 70
XMAGNUM      000007     3 1 70
PKIEFER      044054   229 0 70
SYNCMAG      013107   172 1 70
SLIISIS      030042    38 1 70
DBACCNTRL    032120   201 0 70
FREDRICK     021476   229 1 70
BILLF        000001     0 1 70
EST          036620   200 1 70
BACKUP       000001     0 1 70
DCRANK       011334   200 1 70
GLATECH      044060   229 0 70
LUSKERJ      011334   240 1 70
HAGERL       011020     3 1 70
VATECH       044062   229 1 70
SPOOL        000001     0 1 70
PJ           000006     0 1 70
DJATCZAK     021477   229 1 70
TRTNET       044261   229 0 70
SSPAMBIN     011447   229 1 70
PRAMS        047256   228 1 70
KORALEWSKIR  044060   229 1 70
WAGNERD      011020     3 1 70
CWEIDNER     044061   229 1 70
CARRELLA     000004     2 1 70
MATTHEWS     021477   229 0 70
MATHIASC     044054   229 1 70
TSUIS        021476   229 1 70
EASTTECH     021476   229 1 70
JORTIZ       000001     0 1 70
SALTYRON     011447     3 1 70
NET1STAGE    021476   229 1 70
CHEDIN       021477   229 1 70
SRATECH      000001     0 1 70
SDERRY       000007     3 1 70
POBATP       044054   229 1 70
DBHANNAH     032120   229 0 70
BBENNECOFF   044251   229 1 70
NTD001       011334   200 1 70
TESTMNCH     000004     2 1 70
JHSIEH       011334   200 1 70
SNILLUKA     021476   229 1 70
CENTRALTECH  010056   201 0 70
BSTALING     021476   229 1 70
TYM4000      021477   229 1 70
SAILTEST     000003     3 1 70
TTS317       026442     0 1 70
PHERMENS     030455   240 1 70
DIAG10V      000001     3 1 70
WNFENW       011020     3 1 70
XEXEC        000003     3 1 70
CHANG        011334   200 1 70
LEEA         021476   229 1 70
HWANGJ       030455   240 1 70
MMCCOY       011334   200 1 70
CRASH        000001     0 1 70
JOHNSONP     027514   228 1 70
DB132        032120   227 0 70
SLIDLB       034355    38 1 70
UPL          000011     1 1 70
SLIDASPE     046422    38 1 70
TYMGRIPE     000003     3 1 70
BUSPLN       011011   144 1 70
ACTRTY       000004     2 1 70
USIAKR       044060   229 1 70
C4ASEES      014351   129 1 70
CWILSON      011334   200 1 70
SLIOPA       030042    38 1 70
HAWKINSD     044047   229 1 70
MBERGER      011334   200 1 70
WRFSC        021476   229 1 70
DLANE        044251   229 1 70
DAULTON      021477   229 1 70
SSJREP       000001     0 1 70
STEINJ       011020     3 1 70
MREBMANN     021477   229 1 70
BELLINI      027514   228 1 70
BSTURM       021476   229 1 70
HLE          000001     0 1 70
OSNF         000003     3 1 70
TCLARKE      044062   229 1 70
LHEINZEL     044266   229 0 70
SPL          000003     3 1 70
DB131        032120   221 0 70
OSU          000003     3 1 70
STEINISM     044061   229 1 70
LANCIEN      027514   228 1 70
UAS          000004     2 1 70
MPL          000003     3 1 70
JBURROUGH    021476   229 1 70
ACHAO        011334   200 1 70
NETSTAT      021477   201 1 70
GBLOOD       011447   229 1 70
TYMDATA      011020     3 1 70
JLUCAS       021476   229 0 70
LIENEMANC    044062   229 1 70
NETDATA      032120   229 1 70
SSUTIL       011447     3 1 70
CHERIE       000003     3 1 70
ADPCODE      044061   229 1 70
TSENG        000007     3 1 70
TECHDOC      021476   229 1 70
TNSOPS       027514   228 1 70
LEAHYP       021477   229 0 70
ADAZZI       021476   229 1 70
JORDANR      044061   229 1 70
SSINSTALL    011447     3 1 70
INTYM        027514   228 1 70
TTMSTS       013107   172 1 70
YOUNGERC     011334   200 1 70
SPPARCH      000003     3 1 70
NEPNET       021477   229 1 70
TNSCES       027514   228 1 70
SLIDTH       030042    38 1 70
MURTAUGH     011020     3 1 70
FEDACCG      021477   201 1 70
OSERANG      011334     3 1 70
DBA          032120   229 1 70
SCHOU        044266   229 1 70
KLUEDER      021476   229 0 70
TECHW        000001     0 1 70
SSVALSUP     011447     3 1 70
STUTZMANC    044267   229 1 70
BRING        014717     3 1 70
KADNEY       032120   229 0 70
MCKIERNAN    044266   229 1 70
OASYS        043511   248 1 70
WHONG        021476   229 1 70
LWANVEER     021477   229 1 70
JNEAL        011020     3 1 70
JLMORARD     027514   228 1 70
HELGEM       000003     3 1 70
MWILLHAUCK   044047   229 1 70
MARNETT      044047   229 1 70
JBUXTON      011020     3 1 70
HQTECH1      041320   229 1 70
SORRELL      011020     3 1 70
PTDIRVINE    011334   240 1 70
RICHARDS     011020     3 1 70
RAUSCHER     011020     3 1 70
GCOLES       011334   200 1 70
SOCKWELL     011020     3 1 70
JSMITH       044047   229 1 70
FTSWORK      030455   240 1 70
CCHEN        044266   229 1 70
GUYEDA       021477   201 1 70
HAYESDRL     000001     0 1 70
MDIDIER      011334   200 1 70
DONAHUE      014717     3 1 70
OHARAB       030455   240 1 70
AKRONE       044054   229 0 70
NSSC         021477   229 1 70
PMELLET      027514   228 1 70
SWARTZM      044060   229 1 70
THOMASJ      021477   229 1 70
SWHITE       044251   229 1 70
ITTNET       044255   229 0 70
LSHERMAN     011334   200 1 70
HUSSEYD      021477   229 1 70
NSDBKUP      011334   200 1 70
WILLIAMSE    011334   200 1 70
RCANET       044256   229 0 70
SSPERP       011447     3 1 70
KRIEGL       044062   229 1 70
UN1          000006     0 1 70
DZISA        021476   229 1 70
DYOUNG       044251   229 1 70
*6NEWS       000006     3 1 70
RUDMAN       027514   228 1 70
KRUMVP       011334   200 1 70
DGOAD        011334   229 1 70
SOURCE       011334   200 1 70
SEATECH      044062   229 0 70
GL.DATA      000004     2 1 70
YOUNGV       011334   200 1 70
CORTEZ       011020     3 1 70
SUEHIROA     011334   200 1 70
MDOWNEY      011020     3 1 70
1213MGR      000001     3 1 70
BOURDEAU     011020     3 1 70
ENFEW        011020     3 1 70
TCHOW        044266   229 1 70
WRONSTADT    044060   229 1 70
SHEPPARDA    030455   240 1 70
LIVERSON     044047   229 1 70
YOUNGS       021477   229 1 70
CLARKET      021477   229 1 70
BWING        021476   229 1 70
ALANK        000007     3 1 70
SNAVELYJ     011020     3 1 70
HOPKINSM     044047   229 1 70
INTRESG      021477   229 1 70
EDIDADM      035676   146 1 70
AMYKWOK      021477   229 1 70
SYSMAINT     000003     3 1 70
DIAG         000001     3 1 70
TTMSBUBB     013107   172 1 70
JEFSEY       027514   228 1 70
KSALEHI      032120   229 0 70
CANDERSON    044062   229 1 70
ARELLA       011020     3 1 70
TSUCOOP      000003     3 1 70
STHOMPSON    011334   200 1 70
RSPRENKEL    021476   201 1 70
MACEK        021477   229 0 70
SLIDACLT     046422    38 0 70
SRASO        000001     0 1 70
DHSU         011334   200 1 70
PUB          000003     3 1 70
WIEBET       021476   229 1 70
TSAMPSON     044061   229 0 70
ALBERTAC     011020     3 1 70
ISISPCM      037071    38 1 70
TSDCONTROL   023407   240 1 70
TDEGOOSH     011020     3 1 70
WRS          000003     0 1 70
ALFENN       023401   200 1 70
CLEMENS      021477   201 1 70
NSSU         021476   229 1 70
SPECIALEF    044054   229 1 70
CUSTORDS     032120   229 1 70
FTTBA        011447     3 1 70
RTREHIN      027514   228 1 70
CORSO        011334   201 0 70
NCHANG       044047   229 1 70
FSUPPORT     035676   146 1 70
CNICOLL      044062   229 1 70
JLIOU        021476   229 1 70
CLARIDGE     021476   201 1 70
MORIARTY     011020     3 1 70
RHOWLAND     021477   229 1 70
TAPELIB      000001     0 1 70
NEWS         010056   229 1 70
ENFETECH     011020     3 1 70
PINGCHU      021476   229 1 70
SCHRAMM      011334   200 1 70
CRAY         011334   200 1 70
TNSUKM       047256   228 1 70
CWOO         044054   229 1 70
PACTECH      044266   229 1 70
NETOPS       021477   201 1 70
GMARTINEZ    044061   229 1 70
RJK          000004     2 1 70
STONEK       044054   229 0 70
INSDGSS1     011011   144 1 70
MATTSONM     021476   229 1 70
UTIL         000001     0 1 70
NEATECH      021476   201 0 70
SAILIB       000003     3 0 70
ENGDIAG      011020     3 1 70
SLISURV      037071    38 0 70
APLATT       044266   229 1 70
SMYTHEC      011334   200 1 70
DFOWLER      021476   229 1 70
DPUTNAM      044060   229 1 70
PCM          011020     3 1 70
SCHEIBS      000001     0 1 70
HQTECH.TIP   021476   229 1 70
MROUMILI     027514   228 1 70
TWANG        011334   200 1 70
MCONWAY      021477   229 1 70
GGARDINA     021476   229 1 70
*2TRR        000002     3 1 70
SEMAR        011334   200 1 70
TCMS         000001     0 1 70
BWILLIAMS    032120   229 1 70
BLAIR        011020     3 1 70
RODRIGUESP   000004     2 1 70
ARCHIVES     011447     3 1 70
NETEOM       021477   201 1 70
SCHIANG      044047   229 1 70
SANDYMF      011334   200 1 70
UPTGROVE     011334   200 1 70
PERPOPER     000001     0 1 70
BILLING10    000001     0 1 70
NETQC        021477   229 1 70
RAKELLA      021476   229 1 70
FTSWELLS     030455   240 1 70
FFISHMAN     021476   229 1 70
DBTMP        032120   229 1 70
*1BATCH      000001     0 1 70
PQUE         021477   201 1 70
RAFALA       021477   229 1 70
CHARRIS      044266   229 1 70
SCAPIK       000001     3 1 70
TCSUP        021477   201 1 70
CNSMON       021476   229 1 70
MATOKA       000003     0 1 70
QASYS        011447     3 0 70
NCHIN        021476   229 1 70
BNOLLEY      011020   229 1 70
TRUCONTROL   000001     0 1 70
NPRODUCT     011020     3 1 70
WESTSALE     010056   229 0 70
PITTMANV     044062   229 1 70
MAIL         000003     3 1 70
SYS          000001     0 1 70
SRAFT        000001     0 1 70
CATECH       044054   229 1 70
TNSFRA       027514   228 1 70
RREYES       044062   229 1 70
METTECH      044061   229 1 70
RISDIAG      011020     3 1 70
CENTCODE     044054   229 0 70
ASHUR        044251   229 1 70
MLUCIDO      021476   229 1 70
JWANG        044266   229 1 70
MHEY         027514   228 1 70
DMIREQ       035725    91 1 70
MCH          000003     3 1 70
OHARROWP     044047   229 1 70
BRAHMB       011334   200 1 70
DTSAO        021476   229 1 70
*2TTY        000002     3 1 70
KKELLER      021477   229 1 70
WUINET       044257   229 0 70
NETENG       021477   229 1 70
SYSDOC       011447     3 1 70
TRANSW       011334   200 1 70
PCROUTS      011020     3 0 70
MIKERUDE     011334   200 1 70
ACT10        000004     2 1 70
JLEMUS       021476   229 1 70
DMACOMB      011020     3 1 70
DCORNELY     021477   229 1 70
BAILEYH      011334   200 1 70
SCOHEN       011334   200 1 70
FLAHERTYW    044060   229 1 70
MATS.01      013107   172 1 70
TNSAMS       027514   228 1 70
MIMI         044266   229 1 70
TECHSERV     021476   201 1 70
SRA1         000001     0 1 70
RNIELSEN     021477   229 1 70
BORROMEO     030455   240 1 70
DGAETANI     021477   229 1 70
TFISTE       021477   229 1 70
CHALIT       030455   240 1 70
TBATLIB      011447     3 1 70
GHBARLOW     000001     0 1 70
NSDLIB       011334   200 1 70
SHSU         011334   200 1 70
ISINSTALL    011011   144 1 70
JCARTER      011020     3 1 70
LAMPMAN      021477   229 1 70
FTMAGNUM     000007     3 1 70
MOSSERJ      014717     3 1 70
MATS         013107   172 1 70
HQLAB        021476   201 1 70
MFORDE       021476   229 0 70
ENSS         021477   229 1 70
LKYPKE       021476   229 1 70
FLETCHERC    000003     3 1 70
ACHIPPA      021476   229 1 70
SRAVAL       000001     0 1 70
BCHEN        021476   229 0 70
EWHISENANT   044062   229 1 70
SBANNING     044054   229 0 70
PMISTRY      021476   229 1 70
GALLUPSS     044062   229 1 70
DBTAR        032120   229 0 70
FRANK        000004     2 1 70
BREZELL      021476   201 1 70
NETMID       011334   200 1 70
STOOPSE      011334   200 1 70
DULAM        027514   228 1 70
DBTIO        032120   229 1 70
SLLDCAIN     011334   200 1 70
TIIDEV       011334   200 1 70
SWONG        044266   229 1 70
VARDIAG      011020     3 1 70
SPOOLING     011653     0 1 70
VALDEV       000001     0 1 70
SRAUTIL      000001     0 1 70
VIVIAN       000001     0 1 70
CC           000013     1 0 70
JEANGUY      027514   228 1 70
DIAG10D      000001     3 1 70
RSARMAH      021477   229 1 70
PDIXON       021477   229 1 70
FCANNING     000004     2 1 70
SVOTH        021476   229 1 70
NADMRES      010056   201 1 70
DB130        032120   226 0 70
SUDWEEKS     044062   229 1 70
PAUD         044047   229 1 70
FBARTON      000001     0 1 70
KGREDDY      030455   240 1 70
DB134        032120   229 1 70
PETRYSZYNS   044060   229 1 70
X22113       011011   144 1 70
CUPCOPS      000001     0 1 70
PRODNET      021477   201 0 70
DUNLEVYM     044054   229 1 70
DBPNETS      032120   229 1 70
TNS          027514   228 1 70
MBETTY       044062   229 0 70
SSBACKUP     011447     3 1 70
BOBH         000004     2 1 70
CBIER        021476   229 1 70
MZORTMAN     021476   201 1 70
JREID        011334   200 1 70
FCM          011020     3 1 70
JMAGNAN      044047   229 1 70
RJORDAN      021477   229 0 70
MHANNA       044061   229 1 70
EUROTECH     021477   229 0 70
NWILLIAMS    021475   229 1 70
GWALPOLE     011020     3 1 70
ANVERM       011020     3 1 70
TYMISIS      021477   201 1 70
IRONHAT      000001     0 1 70
BWALLACE     047256   228 1 70
PWSLIB       011011   144 1 70
SNEDDONP     044054   229 1 70
PUBNET       021476   201 1 70
GBEIDLER     021477   229 1 70
SSARCHD      011447     3 1 70
BAIGENT      014717     3 1 70
KEN          000003     3 1 70
SLICM        044072    38 0 70
TROUSSAR     027514   228 1 70
WNFETECH     011020     3 1 70
MALUBINA     011334   200 1 70
DHSMITH      021477   201 1 70
EWINDLE      021477   229 1 70
CMTI         011334   200 1 70
NGREGORY     021476   201 1 70
DAUERBACH    044062   229 1 70
BATES        011011   144 1 70
BRUCES       011020     3 1 70
*1KEN        000001     0 1 70
MOORING      011020     3 1 70
RKRUL        021477   229 1 70
SLIDTM       030042    38 1 70
NSDADM       011334   200 1 70
MFGRECEP     011020     3 1 70
CNFEMGR      011020     3 1 70
RICHARDSON   011346     3 1 70
TYMGEN       021477   201 0 70
BEYSSON      027514   228 1 70
SLIANG       044047   229 1 70
RADMON       021476   229 1 70
MFGSEC       011020     3 1 70
BABCOCKR     044054   229 1 70
RANDERSON    044054   229 1 70
FLCHEN       021476   229 1 70
M3      000003     3 1 70
SSEREP       000001     0 1 70
OPER         000001     0 1 70
WEUSKE       011334   200 1 70
ACCG1GL      021477   229 0 70
DGAUVIN      044060   229 1 70
HQXCOM       021476   229 1 70
SRAMOV       000001     0 1 70
PACAULT      021477   201 1 70
CMELO        021476   229 0 70
WATECH       044047   229 1 70
JTSAI        044251   229 1 70
JMS          000003     3 1 70
DBTLC        032120   229 1 70
MADDERRA     011334   200 1 70
ATLANTICTECH 010056   201 0 70
NTS          011020     3 1 70
CHENC        021476   229 1 70
MISTAPE      000004     2 1 70
ATLTECH      044251   229 1 70
PNELSON      011020     3 1 70
VALIDATE     011447   200 1 70
KDCDIAG      011020     3 1 70
APSSUP       021476   229 0 70
C/LANGDON    021476   229 1 70
KKULLAR      044047   229 1 70
SMITHDE      011334   200 1 70
INTLTECH     044267   229 1 70
FTSYS        000001     3 1 70
SLOTDUMP     021476   229 1 70
WALKERG      021476   201 0 70
CUD10        000001     0 1 70
WRFS         021476   229 1 70
ACCG1MGR     021477   229 0 70
BEKAY        044062   229 1 70
RESMGT       021476   201 1 70
APLAB        011020     3 1 70
HALBROOKD    044054   229 1 70
OHARROW      021476   229 0 70
NETCONAD     021477   229 1 70
DMOULTON     000004     2 1 70
LARDILLEUX   027514   228 1 70
LANCRENON    027514   228 1 70
TDFTECH      011334   200 1 70
SYSNEWS      000001     3 1 70
DNDUTIL      011334   200 1 70
TNSM         027514   228 1 70
DNDSPEC      011334   200 1 70
PAPADOPOULOS 044054   229 1 70
MATUCHAD     011334   200 1 70
DBURKS       044047   229 1 70
ENFEB        011020     3 1 70
KDDIAG       021475   201 1 70
TYMINTL      021477   229 1 70
ISIS2        011334   200 1 70
NSTECH       021476   229 1 70
JLIOU1       011334   200 1 70
JONAS        011334   200 1 70
SCHNESED     044054   229 1 70
AUFFREDOU    027514   228 1 70
DUNNL        044061   229 1 70
PNAGEL       021477   229 1 70
NSHUKLA      021476   229 1 70
TCUPAL       021477   229 1 70
DPELSUE      021477   229 1 70
ROLAND       011447   200 1 70
RVIVIER      011020     3 1 70
BURRIESCIN   011447   200 1 70
DONNELLY     021476   229 0 70
MWALTERS     047256   228 1 70
DMIELKE      044060   229 1 70
SRACRT       000001     0 1 70
ANDRAKIN     011334   200 1 70
BTHOMSON     021476   229 1 70
DLEE         021476   229 1 70
NSDSINS      011334   200 1 70
FERRISK      021477   229 0 70
ROOPED       000001     0 1 70
FISBEIN      027514   228 1 70
MICRO        011011   144 1 70
FISHMANF     044062   229 1 70
GLOCKZIN     011020     3 1 70
FTSYSDOC     011447     3 1 70
NET370       011654   201 1 70
EASTPNET     021477   201 1 70
SMCREE       021477   229 1 70
AIKEN        021477   229 1 70
POSTECH      030455   240 1 70
DPACPROD     021477   201 0 70
OTUTILITY    021476   229 1 70
TTMSISIS2    013107   172 1 70
GILLIAMG     044047   229 1 70
UFD          000001     0 1 70
 .]4xÚ