.cop PKLINI.ENV,P10INI.ENV 

.cop MKLDLP.LOW,MDLPRO.LOW 

.cop MKLDLP.SHR,MDLPRO.SHR 

.cop MKLDLP.EXE,MDLPRO.EXE 

.cop NKLCRT.COM,NLBCRT.COM 

.cop IKLCRT.COM,ILBCRT.COM 

.cop RKLCRT.COM,RDNCRT.COM 

.cop MKLDLS.PAS,MMMDLS.PAS 

.cop OKLMAC.COM,ODMMAC.COM 

.cop OKLMAC.CMD,ODMMAC.CMD 

.cop OKLBLD.COM,ODMBLD.COM 

.cop OKLLSD.COM,ODMLSD.COM 

.cop PKLCAL.BLD,PASCAL.BLD 

.cop PKLINI.PAS,PASINI.PAS 

.cop 2KLRES,PS2RES

.r (pasnew)dtmpfl
 command file name : nlbunv.cmd
 temp file name (only 3 letters) : mac

EXIT

.r link
*/run:dsk:decmac[1,4]/runoff
MACRO:	rtsym
MACRO:	IOSYM
MACRO:	stsym
MACRO:	OPDEFS
MACRO:	fmath
MACRO:	PASSYM

EXIT

.cop debmon.mac+rtmon.mac=debtmp.mac

.cop pasmon.mac+rtmon.mac=pastmp.mac

.r (pasnew)dtmpfl
 command file name : nlbmac.cmd
 temp file name (only 3 letters) : mac

EXIT

.r link
*/run:dsk:decmac[1,4]/runoff
MACRO:	DEBMON
MACRO:	debas$
MACRO:	PASMON
MACRO:	stack
	uwrtn
	uwprg
	rtime.
	dtime.
MACRO:	rtbase
	dbbase
	stbase
	sr$ios
MACRO:	modfit
MACRO:	QUICKF
MACRO:	QUICKF
MACRO:	dflt
	dtrc
	drnd
	rrnd2
	drnd2
	drrnd
MACRO:	MXC
	MXCU
	MXCL
	MXCP
	MXCPU
	MXCPL
	MXX
	MXXU
	MXXL
	MXXP
	MXXPU
	MXXPL
	MXF
	MXFU
	MXFL
	MXFP
	MXFPU
	MXFPL
	MFC
	MFCU
	MFCL
	MFCP
	MFCPU
	MFCPL
	MFX
	MFXU
	MFXL
	MFXP
	MFXPU
	MFXPL
	MFF
	MFFU
	MFFL
	MFFP
	MFFPU
	MFFPL
	MRC
	MRCU
	MRCL
	MRCP
	MRCPU
	MRCPL
	MRX
	MRXU
	MRXL
	MRXP
	MRXPU
	MRXPL
	MRF
	MRFU
	MRFL
	MRFP
	MRFPU
	MRFPL
	MOVX
	MOVXU
	MOVXL
	MOVXP
	MOVXPU
	MOVXPL
	CFC
	CFF
	CFX
	CXC
	CXF
	CXX
	CFCU
	CFFU
	CFXU
	CXCU
	CXFU
	CXXU
	CFCL
	CFFL
	CFXL
	CXCL
	CXFL
	CXXL
	CFCP
	CFFP
	CFXP
	CXCP
	CXFP
	CXXP
	CFCPU
	CFFPU
	CFXPU
	CXCPU
	CXFPU
	CXXPU
	CFCPL
	CFFPL
	CFXPL
	CXCPL
	CXFPL
	CXXPL
	CAT
	CATU
	CATL
	CATP
	CATPU
	CATPL
	CSPCX
	CSPCF
	CSPXC
	CSPXX
	CSPXF
	CSPFC
	CSPFX
	CSPFF
	IXCC
	IXCX
	IXCF
	IXXC
	IXXX
	IXXF
	IXFC
	IXFX
	IXFF
	VFCD
	SRCD
	VFCDU
	SRCDU
	VFCL
	SRCL
	VFCLU
	SRCLU
	VFCO
	SRCO
	VFCOU
	SRCOU
	VFXD
	SRXD
	VFXDU
	SRXDU
	VFXL
	SRXL
	VFXLU
	SRXLU
	VFXO
	SRXO
	VFXOU
	SRXOU
	VFFD
	SRFD
	VFFDU
	SRFDU
	VFFL
	SRFL
	VFFLU
	SRFLU
	VFFO
	SRFO
	VFFOU
	SRFOU
	msPL
	msPU
	msP
	msL
	msU
	ms
	msfin
	mstr
	mstru
	mstrl
MACRO:	smsd1
	smsd2
	smss
	rpad
	CSP
	IX
	SMVLZ
	SMVLO
	SMVLL
	sunll
	sinll
	sdfll
	slell
	seqll
	sinvl
	rsave6
	rsave7
MACRO:	IORES
	IOCLR
	IOEMY
	IOEMX
	IOPEN
	IORWR
	IOBIN
	IOCLS
	IOTXH
	IOICM
	IOBFAK
	DBFBFK
	IOFNAM
MACRO:	IOCNNL
MACRO:	IORDB
	IOWRB
	IOGET
	IOPUT
	IOSEE
	IOFSZ
	IOMS1
	IOMS2
	IOMS3
MACRO:	IOBOO
	IONTR
	IONTW
	IONTC
	IORLR
	IORLW
	IORLC
	IOSTR
	IOCHAR
	TWAIT
MACRO:	.MAIN
	.MAIN
	.MAIN
	.MAIN
	.MAIN
	.MAIN
	.MAIN
	.MAIN
	.MAIN
	.MAIN
	.MAIN
	.MAIN
	.MAIN
	.MAIN
	.MAIN
	.MAIN
	.MAIN
	.MAIN
	.MAIN
	.MAIN
	.MAIN
	iocher
MACRO:	IOSTT
MACRO:	TENIO
MACRO:	DISPAT
MACRO:	BUFGET
MACRO:	DECOD.
MACRO:	PPGRB.
MACRO:	NOSTR
	TENFAK
	TERFAK
	FAK33
	FAK34
	FAK35
	FAK36
	FAK37
MACRO:	random
	sglexp
	diexp
	rsqrt
	dsqrt
	rln
	dln
	rlog
	dlog
	rexp
	dexp
	rsin
	dsin
	rasin
	dasin
	rsinh
	dsinh
	rcos
	dcos
	racos
	dacos
	rcosh
	rtan
	dtan
	rtanh
	dtanh
	rctn
	dctn
	ratn
	datn
	ratn2
	datn2
	sfor
	sfor2
	dfor
	fcst
	fsave
	dsave
MACRO:	extent
	filer
	suber
	strer
	valer
	ptrer
	flder
	cmper
	asser
	caser
	rterr
MACRO:	PRFID
MACRO:	onesca
MACRO:	exovl
	szovl
MACRO:	nmask
	mask
	masked
	pendin
	stmth
	stusr
	stspc
	stio
	exsta
	allcon
	exsk
	exso
	exnmth
	exmth
	exio
	exusr
	exspc
	exatn
	escap
	signal
	rsigna
	M11
	M12
	M13
	M14
	M15
	M16
	M21
	M22
	M23
	M24
	M25
	M26
	M27
	M210
	M211
	M31
	M32
	M33
	M34
	M35
	M36
	M37
	M310
	M311
	M40
	M50
	M61
	M62
	M63
	M64
	M65
	M66
	M70
	m.user
	exinit
	excpt
	atnacn
	pnret
	exmsg
	exact
	N11
	N12
	N13
	N14
	N15
	N16
	N21
	N22
	N23
	N24
	N25
	N26
	N27
	N210
	N211
	N31
	N32
	N33
	N34
	N35
	N36
	N37
	N310
	N311
	N40
	N50
	N61
	N62
	N63
	N64
	N65
	N66
	N70
	nuser
	rtreg
	vxrx
	rxmth
	rxio
	rxusr
	rxsto
	rxstk
	rxspc
	rxatn
MACRO:	psarq1
	Pexini
	Pexatn
	Pexmth
	Pexio
	Pexusr
	Pexso
	Pexsk
	Pexspc
	Psigna
	Psglfo
	Pdblfo
	Prand
	Prtbas
	Pdbbas
	Pstbas
	Piocha
	Piofil
	Piocnn
	Pqfit
	Pmodfi
	Pppgrb
	PTenio
	Piocls
	Pioicm
	Piontw
	Povltv
	Pinter
	Pdumpi
	Ppfid
	psarq2
MACRO:	.MAIN
	.MAIN
	.MAIN
	.MAIN
	.MAIN
	.MAIN
	.MAIN
	.MAIN
	.MAIN
	.MAIN
	.MAIN
	.MAIN
	.MAIN
	.MAIN
	.MAIN
	.MAIN
	.MAIN
	.MAIN
	.MAIN
	.MAIN
	.MAIN
	.MAIN
	.MAIN
	.MAIN
	.MAIN
	.MAIN
	.MAIN
	.MAIN
	.MAIN
	.MAIN
	.MAIN
	.MAIN
	.MAIN
	.MAIN
	.MAIN
	.MAIN
	.MAIN
	.MAIN
	doseg
	.MAIN
	ldovl
	sfvfy

EXIT

.del ###tmp.*

FILES DELETED:
PASTMP  MAC
DEBTMP  MAC

.ru pascal
Pascal, Version 1B

*@nlbpas

EXIT

.r (upl)fudge2
*paslib=debmon,debug,debio,deblex,debbrk,debref,debasm,
debdmp,debscp,debsym,debprt,debbol,pasmon,rtenv,
dbsup,mmmodf,ncqfit,mmqfit,rtcnv/a$
*
paslib=paslib,rtstrs,rtsets,iofile,iocnnl,iontxt,iochar,iochfk,ioerro,tenio,
pasdis,buf0,decode,pasppn,iofake,rtmath,rterrs,rtpfid,onesca,rtamsg,
except,rtpsar,sovfak/a$
*
paslib=paslib/x$
*
^C

.
.r (pasnew)dtmpfl
 command file name : ilbunv.cmd
 temp file name (only 3 letters) : mac

EXIT

.r link
*/run:dsk:decmac[1,4]/runoff
MACRO:	rtsmki
MACRO:	iosmki
MACRO:	stsmki
MACRO:	OPDFKI

EXIT

.cop debmon.mac+rmonki.mac=debtmp.mac

.cop pasmon.mac+rmonki.mac=pastmp.mac

.r (pasnew)dtmpfl
 command file name : ilbmac.cmd
 temp file name (only 3 letters) : mac

EXIT

.r link
*/run:dsk:decmac[1,4]/runoff
MACRO:	DEBMON
MACRO:	debas$
MACRO:	PASMON
MACRO:	stack
	uwrtn
	uwprg
	rtime.
	dtime.
MACRO:	rtbase
	dbbase
	stbase
	sr$ios
MACRO:	modfit
MACRO:	QUICKF
MACRO:	QUICKF
MACRO:	dflt
	dtrc
	drnd
	rrnd2
	drnd2
	drrnd
MACRO:	MXC
	MXCU
	MXCL
	MXCP
	MXCPU
	MXCPL
	MXX
	MXXU
	MXXL
	MXXP
	MXXPU
	MXXPL
	MXF
	MXFU
	MXFL
	MXFP
	MXFPU
	MXFPL
	MFC
	MFCU
	MFCL
	MFCP
	MFCPU
	MFCPL
	MFX
	MFXU
	MFXL
	MFXP
	MFXPU
	MFXPL
	MFF
	MFFU
	MFFL
	MFFP
	MFFPU
	MFFPL
	MRC
	MRCU
	MRCL
	MRCP
	MRCPU
	MRCPL
	MRX
	MRXU
	MRXL
	MRXP
	MRXPU
	MRXPL
	MRF
	MRFU
	MRFL
	MRFP
	MRFPU
	MRFPL
	MOVX
	MOVXU
	MOVXL
	MOVXP
	MOVXPU
	MOVXPL
	CFC
	CFF
	CFX
	CXC
	CXF
	CXX
	CFCU
	CFFU
	CFXU
	CXCU
	CXFU
	CXXU
	CFCL
	CFFL
	CFXL
	CXCL
	CXFL
	CXXL
	CFCP
	CFFP
	CFXP
	CXCP
	CXFP
	CXXP
	CFCPU
	CFFPU
	CFXPU
	CXCPU
	CXFPU
	CXXPU
	CFCPL
	CFFPL
	CFXPL
	CXCPL
	CXFPL
	CXXPL
	CAT
	CATU
	CATL
	CATP
	CATPU
	CATPL
	CSPCX
	CSPCF
	CSPXC
	CSPXX
	CSPXF
	CSPFC
	CSPFX
	CSPFF
	IXCC
	IXCX
	IXCF
	IXXC
	IXXX
	IXXF
	IXFC
	IXFX
	IXFF
	VFCD
	SRCD
	VFCDU
	SRCDU
	VFCL
	SRCL
	VFCLU
	SRCLU
	VFCO
	SRCO
	VFCOU
	SRCOU
	VFXD
	SRXD
	VFXDU
	SRXDU
	VFXL
	SRXL
	VFXLU
	SRXLU
	VFXO
	SRXO
	VFXOU
	SRXOU
	VFFD
	SRFD
	VFFDU
	SRFDU
	VFFL
	SRFL
	VFFLU
	SRFLU
	VFFO
	SRFO
	VFFOU
	SRFOU
	msPL
	msPU
	msP
	msL
	msU
	ms
	msfin
	mstr
	mstru
	mstrl
MACRO:	smsd1
	smsd2
	smss
	rpad
	CSP
	IX
	SMVLZ
	SMVLO
	SMVLL
	sunll
	sinll
	sdfll
	slell
	seqll
	sinvl
	rsave6
	rsave7
MACRO:	IORES
	IOCLR
	IOEMY
	IOEMX
	IOPEN
	IORWR
	IOBIN
	IOCLS
	IOTXH
	IOICM
	IOBFAK
	DBFBFK
	IOFNAM
MACRO:	IOCNNL
MACRO:	IORDB
	IOWRB
	IOGET
	IOPUT
	IOSEE
	IOFSZ
	IOMS1
	IOMS2
	IOMS3
MACRO:	IOBOO
	IONTR
	IONTW
	IONTC
	IORLR
	IORLW
	IORLC
	IOSTR
	IOCHAR
	TWAIT
MACRO:	.MAIN
	.MAIN
	.MAIN
	.MAIN
	.MAIN
	.MAIN
	.MAIN
	.MAIN
	.MAIN
	.MAIN
	.MAIN
	.MAIN
	.MAIN
	.MAIN
	.MAIN
	.MAIN
	.MAIN
	.MAIN
	.MAIN
	.MAIN
	.MAIN
	iocher
MACRO:	IOSTT
MACRO:	TENIO
MACRO:	DISPAT
MACRO:	BUFGET
MACRO:	DECOD.
MACRO:	PPGRB.
MACRO:	NOSTR
	TENFAK
	TERFAK
	FAK33
	FAK34
	FAK35
	FAK36
	FAK37
MACRO:	random
	sglexp
	diexp
	rsqrt
	dsqrt
	rln
	dln
	rlog
	dlog
	rexp
	dexp
	rsin
	dsin
	rasin
	dasin
	rsinh
	dsinh
	rcos
	dcos
	racos
	dacos
	rcosh
	rtan
	dtan
	rtanh
	dtanh
	rctn
	dctn
	ratn
	datn
	ratn2
	datn2
	sfor
	sfor2
	dfor
	fcst
	fsave
	dsave
MACRO:	extent
	filer
	suber
	strer
	valer
	ptrer
	flder
	cmper
	asser
	caser
	rterr
MACRO:	PRFID
MACRO:	onesca
MACRO:	exovl
	szovl
MACRO:	nmask
	mask
	masked
	pendin
	stmth
	stusr
	stspc
	stio
	exsta
	allcon
	exsk
	exso
	exnmth
	exmth
	exio
	exusr
	exspc
	exatn
	escap
	signal
	rsigna
	M11
	M12
	M13
	M14
	M15
	M16
	M21
	M22
	M23
	M24
	M25
	M26
	M27
	M210
	M211
	M31
	M32
	M33
	M34
	M35
	M36
	M37
	M310
	M311
	M40
	M50
	M61
	M62
	M63
	M64
	M65
	M66
	M70
	m.user
	exinit
	excpt
	atnacn
	pnret
	exmsg
	exact
	N11
	N12
	N13
	N14
	N15
	N16
	N21
	N22
	N23
	N24
	N25
	N26
	N27
	N210
	N211
	N31
	N32
	N33
	N34
	N35
	N36
	N37
	N310
	N311
	N40
	N50
	N61
	N62
	N63
	N64
	N65
	N66
	N70
	nuser
	rtreg
	vxrx
	rxmth
	rxio
	rxusr
	rxsto
	rxstk
	rxspc
	rxatn
MACRO:	psarq1
	Pexini
	Pexatn
	Pexmth
	Pexio
	Pexusr
	Pexso
	Pexsk
	Pexspc
	Psigna
	Psglfo
	Pdblfo
	Prand
	Prtbas
	Pdbbas
	Pstbas
	Piocha
	Piofil
	Piocnn
	Pqfit
	Pmodfi
	Pppgrb
	PTenio
	Piocls
	Pioicm
	Piontw
	Povltv
	Pinter
	Pdumpi
	Ppfid
	psarq2
MACRO:	.MAIN
	.MAIN
	.MAIN
	.MAIN
	.MAIN
	.MAIN
	.MAIN
	.MAIN
	.MAIN
	.MAIN
	.MAIN
	.MAIN
	.MAIN
	.MAIN
	.MAIN
	.MAIN
	.MAIN
	.MAIN
	.MAIN
	.MAIN
	.MAIN
	.MAIN
	.MAIN
	.MAIN
	.MAIN
	.MAIN
	.MAIN
	.MAIN
	.MAIN
	.MAIN
	.MAIN
	.MAIN
	.MAIN
	.MAIN
	.MAIN
	.MAIN
	.MAIN
	.MAIN
	doseg
	.MAIN
	ldovl
	sfvfy
MACRO:	instrs
	adjsbp
	adjssp
	fpdsub
	fpdadd
	fpdmul
	fpddiv
	fpdneg
	fpadpc
	fpadnc
	blt.s.

EXIT

.del ###tmp.*

FILES DELETED:
PASTMP  MAC
DEBTMP  MAC

.ru pascal
Pascal, Version 1B

*/kicode
*@ilbpas

EXIT

.r (upl)com;pailib

type carriage return to start
.r (upl)fudge2
*pailib=dmonki,dbugki,dbioki,dlexki,dbrkki,drefki,dasmki,
ddmpki,dscpki,dsymki,dprtki,dbolki,pmonki,renvki,
dsupki,modfki,nfitki,mfitki,rcnvki/a$
*
pailib=pailib,rstrki,rsetki,ioflki,iocnki,iontki,iocrki,iocfki,ioerki,tnioki,
pdiski,buf0ki,dcodki,pppnki,iofkki,rmatki,rerrki,rfidki,oscaki,ramski,
exctki,rparki,sfakki,instrs/a$
*
pailib=pailib/x$
*
^C

.
.r decmacrun=run 
?R DECMACRUN=?

.autoru=autoru 
?AUTORU?

.infpac=infpac 
?INFPAC?

.dirlok=dirlok 
?DIRLOK?

.daytim=daytim 
9-JUL-1982 1:55:52 PDT

.dtime=dtime 
?DTIME?

.douuo=douuo 
?DOUUO?

.prgdir=prgdir 
?PRGDIR?

.jobnum=jobnum 
?JOBNUM?

.mmmfls=mmmfls 
?MMMFLS?

.blokio=blokio 
?BLOKIO?

.^Z
.
.ru pascal
Pascal, Version 1B

*@rdnpas

EXIT

.r (upl)fudge2
*rdnlib= run,
 autoru,
 lookup,
 filutl,
 query,
 infpac,
 pasdir,
 diratr,
 dirlok,
 daytim,
 dcext,
 ecext,
 nst1,
 dcdtim,
 ecdtim,
 ecdcti,
 ecdcda,
 ectsda,
 dctime,
 ectime,
 nsd1,
 nsd2,
 dcdate,
 ecdate,
 dayofw,
 dcmont,
 chars2,
 cvbins,
 dcdays,
 ecdays,
 dcsecs,
 ecsecs,
 dtime,
 cmdutl,
 douuo,
 prgdir,
 tempfi,
 jobnum,
 mmmfls,
 blokio/a$
?DSK:RUN.(0) file was not found
*

rdnlib=rdnlib/x$
?DSK:RDNLIB.(0) file was not found
*
^C

.
.ru pascal
Pascal, Version 1B

*/kicode
*@rdipas

EXIT

.r decmac

*infpki=infpki 

NO ERRORS DETECTED
PROGRAM SEGINF - GET MEMORY SEGMENT INFORMATION.

HI-SEG. BREAK IS 400010
PROGRAM BREAK IS 000000
CPU TIME USED 00:36.529

10P CORE USED

NO ERRORS DETECTED
PROGRAM USRSTA - GET USER JOB STATISTICS.

HI-SEG. BREAK IS 400031
PROGRAM BREAK IS 000002
CPU TIME USED 00:09.714

10P CORE USED

NO ERRORS DETECTED
PROGRAM JOBINF - GET USER JOB INFORMATION.

HI-SEG. BREAK IS 400133
PROGRAM BREAK IS 000003
CPU TIME USED 00:23.284

10P CORE USED

NO ERRORS DETECTED
PROGRAM SYSSTA - GET SYSTEM STATISTICS.

HI-SEG. BREAK IS 400010
PROGRAM BREAK IS 000000
CPU TIME USED 00:03.910

10P CORE USED

*dirlki=dirlki 

NO ERRORS DETECTED
PROGRAM DOATT

HI-SEG. BREAK IS 400144
PROGRAM BREAK IS 000021
CPU TIME USED 00:54.385

14P CORE USED

NO ERRORS DETECTED
PROGRAM DIR%MA	Pattern Matching Facility

HI-SEG. BREAK IS 400157
PROGRAM BREAK IS 000002
CPU TIME USED 00:23.999

14P CORE USED

*mflski=mflski

NO ERRORS DETECTED

HI-SEG. BREAK IS 400525
PROGRAM BREAK IS 000000
CPU TIME USED 02:31.230

14P CORE USED

*blioki=blioki

NO ERRORS DETECTED

HI-SEG. BREAK IS 400323
PROGRAM BREAK IS 000000
CPU TIME USED 01:43.571

14P CORE USED

*^Z

.
.r (upl)fudge2
*rdilib= run,
 autoru,
 rd00ki,
 rd01ki,
 rd02ki,
 infpki,
 rd03ki,
 rd04ki,
 dirlki,
 daytim,
 rd05ki,
 rd06ki,
 rd07ki,
 rd08ki,
 rd09ki,
 rd10ki,
 rd11ki,
 rd12ki,
 rd13ki,
 rd14ki,
 rd15ki,
 rd16ki,
 rd17ki,
 rd18ki,
 rd19ki,
 rd20ki,
 rd21ki,
 rd22ki,
 rd23ki,
 rd24ki,
 rd25ki,
 rd26ki,
 dtime,
 rd27ki,
 douuo,
 prgdir,
 rd28ki,
 jobnum,
 mflski,
 blioki/a$
?DSK:RUN.(0) file was not found
*

rdilib=rdilib/x$
?DSK:RDILIB.(0) file was not found
*
^C

.
.ru odms
ODMS Version 1B

*comp odms
[System (ODMS), compiled 09-Jul-82 02:02:30]
*build resident using /define:hstrt.:#65000&
Using: /s rdnlib,paslib
*build main using mmodms,mmblds,mmbldp,mmdbop,mmdbpr,mmprnt,mmpack,mmmsym&
Using: mmtcor,mmmpub,rename
*build mdlpro using mmmdls,mmmdlp,mdlpro,mmsym2
*quit

EXIT

.ren odms.low,oldodm.low


.ren odms.shr,oldodm.shr


.ren mdlpro.low,oldmdl.low


.ren mdlpro.shr,oldmdl.shr


.ren mdlpro.exe,oldmdl.exe


.r (pasnew)dtmpfl
 command file name : odmmac.cmd
 temp file name (only 3 letters) : mac

EXIT

.r link
*/run:dsk:decmac[1,4]/runoff
MACRO:	TMPCOR
MACRO:	gonzo
MACRO:	doseg
MACRO:	OVLTV
	.MAIN
MACRO:	OVLTV
	.MAIN
MACRO:	instrs
	adjsbp
	adjssp
	fpdsub
	fpdadd
	fpdmul
	fpddiv
	fpdneg
	fpadpc
	fpadnc
	blt.s.
MACRO:	instrs
	adjsbp
	adjssp
	fpdsub
	fpdadd
	fpdmul
	fpddiv
	fpdneg
	fpadpc
	fpadnc
	blt.s.

EXIT

.copy mmovlm.rel+infpac.rel to mmovlm.rel

? INFPAC.REL (0) file was not found
.copy ovlmki.rel+infpki.rel to ovlmki.rel

.ru pascal
Pascal, Version 1B

*/check
*mmmpub
*/mainseg,nooverlay
*mmblds/noquick
*mmbldp
*mmdbpr
*mmdbop
*mmprnt
*mmpack
*mmodms
*mmmsym
*/nomainseg,overlay
*mmsym2=mmmsym
*mmmdls
*mmmdlp
*mdlpro
*/exit

EXIT

.r link
*@odms
%LNKFLE	LOOKUP error (0) file was not found DSK:RDNLIB.REL[3,325605]
[	Please retype the incorrect parts of the file specification]
*r link

?SCNDFN Double file name illegal LINK

*@mdlpro
#r filex

?SCNDFN Double file name illegal FILEX

*mdlpro.exe=mdlpro.shr
%LNKFLE	LOOKUP error (0) file was not found DSK:MDLPRO.EXE[3,325605]
[	Please retype the incorrect parts of the file specification]
*^Z
*
*ru pascal

?SCNDFN Double file name illegal PASCAL

*mmdebm/check/opt

?SCNUKS Unknown switch CHECK

*/exit
*r link

?SCNDFN Double file name illegal LINK

*mmdebm/ssave=
%LNKFLE	LOOKUP error (0) file was not found DSK:MDLPRO.SHR[3,325605]
[	Please retype the incorrect parts of the file specification]
*mmdebm/go
%LNKFLE	LOOKUP error (0) file was not found DSK:MMDEBM.SHR[3,325605]
[	Please retype the incorrect parts of the file specification]
*ru mmdebm

?SCNDFN Double file name illegal MMDEBM

*lsgdeb
%LNKFLE	LOOKUP error (0) file was not found DSK:LSGDEB.SHR[3,325605]
[	Please retype the incorrect parts of the file specification]
*debug
%LNKFLE	LOOKUP error (0) file was not found DSK:DEBUG.SHR[3,325605]
[	Please retype the incorrect parts of the file specification]
*debio
%LNKFLE	LOOKUP error (0) file was not found DSK:DEBIO.SHR[3,325605]
[	Please retype the incorrect parts of the file specification]
*deblex
%LNKFLE	LOOKUP error (0) file was not found DSK:DEBLEX.SHR[3,325605]
[	Please retype the incorrect parts of the file specification]
*debbrk
%LNKFLE	LOOKUP error (0) file was not found DSK:DEBBRK.SHR[3,325605]
[	Please retype the incorrect parts of the file specification]
*debref
%LNKFLE	LOOKUP error (0) file was not found DSK:DEBREF.SHR[3,325605]
[	Please retype the incorrect parts of the file specification]
*debasm
%LNKFLE	LOOKUP error (0) file was not found DSK:DEBASM.SHR[3,325605]
[	Please retype the incorrect parts of the file specification]
*debdmp
%LNKFLE	LOOKUP error (0) file was not found DSK:DEBDMP.SHR[3,325605]
[	Please retype the incorrect parts of the file specification]
*debscp
%LNKFLE	LOOKUP error (0) file was not found DSK:DEBSCP.SHR[3,325605]
[	Please retype the incorrect parts of the file specification]
*debsym
%LNKFLE	LOOKUP error (0) file was not found DSK:DEBSYM.SHR[3,325605]
[	Please retype the incorrect parts of the file specification]
*debprt
%LNKFLE	LOOKUP error (0) file was not found DSK:DEBPRT.SHR[3,325605]
[	Please retype the incorrect parts of the file specification]
*debbol
%LNKFLE	LOOKUP error (0) file was not found DSK:DEBBOL.SHR[3,325605]
[	Please retype the incorrect parts of the file specification]
*dbsup
%LNKFLE	LOOKUP error (0) file was not found DSK:DBSUP.SHR[3,325605]
[	Please retype the incorrect parts of the file specification]
*
*ru mmdebm

?SCNDFN Double file name illegal MMDEBM

*lsdbki
%LNKFLE	LOOKUP error (0) file was not found DSK:LSDBKI.SHR[3,325605]
[	Please retype the incorrect parts of the file specification]
*dbugki
%LNKFLE	LOOKUP error (0) file was not found DSK:DBUGKI.SHR[3,325605]
[	Please retype the incorrect parts of the file specification]
*dbioki
%LNKFLE	LOOKUP error (0) file was not found DSK:DBIOKI.SHR[3,325605]
[	Please retype the incorrect parts of the file specification]
*dlexki
%LNKFLE	LOOKUP error (0) file was not found DSK:DLEXKI.SHR[3,325605]
[	Please retype the incorrect parts of the file specification]
*dbrkki
%LNKFLE	LOOKUP error (0) file was not found DSK:DBRKKI.SHR[3,325605]
[	Please retype the incorrect parts of the file specification]
*drefki
%LNKFLE	LOOKUP error (0) file was not found DSK:DREFKI.SHR[3,325605]
[	Please retype the incorrect parts of the file specification]
*dasmki
%LNKFLE	LOOKUP error (0) file was not found DSK:DASMKI.SHR[3,325605]
[	Please retype ncorrect parts of the file specification]
*ddmpki
%LNKFLE	LOOKUP error (0) file was not found DSK:DDMPKI.SHR[3,325605]
[	Please retype the incorrect parts of the file specification]
*dscpki
%LNKFLE	LOOKUP error (0) file was not found DSK:DSCPKI.SHR[3,325605]
[	Please retype the incorrect parts of the file specification]
*dsymki
%LNKFLE	LOOKUP error (0) file was not found DSK:DSYMKI.SHR[3,325605]
[	Please retype the incorrect parts of the file specification]
*dprtki
%LNKFLE	LOOKUP error (0) file was not found DSK:DPRTKI.SHR[3,325605]
[	Please retype the incorrect parts of the file specification]
*dbolki
%LNKFLE	LOOKUP error (0) file was not found DSK:DBOLKI.SHR[3,325605]
[	Please retype the incorrect parts of the file specification]
*dsupki
%LNKFLE	LOOKUP error (0) file was not found DSK:DSUPKI.SHR[3,325605]
[	Please retype the incorrect parts of the file specification]
*
*cop lsdbki.rel+lsdins.rel=lsdbki.rel

?SCNDFN Double file name illegal LSDBKI

*ru pascal

?SCNDFN Double file name illegal PASCAL

*versio
%LNKFLE	LOOKUP error (0) file was not found DSK:VERSIO.SHR[3,325605]
[	Please retype the incorrect parts of the file specification]
*fio
%LNKFLE	LOOKUP error (0) file was not found DSK:FIO.SHR[3,325605]
[	Please retype the incorrect parts of the file specification]
*
*r decmac

?SCNDFN Double file name illegal DECMAC

*tmpcor=tmpcor
%LNKFLE	LOOKUP error (0) file was not found DSK:TMPCOR.SHR[3,325605]
[	Please retype the incorrect parts of the file specification]
*pasasm=pasasm
%LNKFLE	LOOKUP error (0) file was not found DSK:PASASM.SHR[3,325605]
[	Please retype the incorrect parts of the file specification]
*corout=corout
%LNKFLE	LOOKUP error (0) file was not found DSK:COROUT.SHR[3,325605]
[	Please retype the incorrect parts of the file specification]
*^Z
*
*r (pasnew)build

?SCNDFN Double file name illegal BUILD

*c *; qn

?SCNDFN Double file name illegal *

*ren PASCAL.LOW,OLDCAL.LOW 

?SCNDFN Double file name illegal PASCAL

*ren PASCAL.SHR,OLDCAL.SHR 

?SCNDFN Double file name illegal PASCAL

*ren PASCMD.LOW,OLDCMD.LOW 

?SCNDFN Double file name illegal PASCMD

*ren PASCMD.SHR,OLDCMD.SHR 

?SCNDFN Double file name illegal PASCMD

*ren PASANL.LOW,OLDANL.LOW 

?SCNDFN Double file name illegal PASANL

*ren PASANL.SHR,OLDANL.SHR 

?SCNDFN Double file name illegal PASANL

*ren P10SHP.LOW,OLDSHP.LOW 

?SCNDFN Double file name illegal P10SHP

*ren P10SHP.SHR,OLDSHP.SHR 

?SCNDFN Double file name illegal P10SHP

*ren PASLST.LOW,OLDLST.LOW 

?SCNDFN Double file name illegal PASLST

*ren PASLST.SHR,OLDLST.SHR 

?SCNDFN Double file name illegal PASLST

*ren P10CCG.LOW,OLDCCG.LOW 

?SCNDFN Double file name illegal P10CCG

*ren P10CCG.SHR,OLDCCG.SHR 

?SCNDFN Double file name illegal P10CCG

*ren P10OCG.LOW,OLDOCG.LOW 

?SCNDFN Double file name illegal P10OCG

*ren P10OCG.SHR,OLDOCG.SHR 

?SCNDFN Double file name illegal P10OCG

*ren P10INI.ENV,OLDINI.ENV 

?SCNDFN Double file name illegal P10INI

*r (pasnew)build

?SCNDFN Double file name illegal BUILD

*l *; qn

?SCNDFN Double file name illegal *

*ru p10ini

?SCNDFN Double file name illegal P10INI

*
EXIT

.SEND LENKOV
TYPE LETTER:
PCOM job PS2CRT.COM completed.
Output recorded in file PS2CRT.OUT.

MAIL WAITING
.LOGOUT
26299.17 tru
terminal time: 0:37:45
 @h