Master host: 32
93 files on master system.
Slave hosts: 35,54
Checking host 35
(CARL        :  35) MCY.SAI        2 24-Oct-84 17:42 -- bad checksum HAYMUS
                           should be 30-Aug-84 17:01 YULMAQ  ALL  RD  NO
(CARL        :  35) CARDSL.SAI    15 04-Jan-88 19:04 -- missing on master
(CARL        :  35) STXLIB.SAI     2 08-Feb-88 16:59 -- bad checksum TALPAM
                           should be 08-Apr-88 13:17 ZOFLEG  ALL  RD  NO
(CARL        :  35) JQUE.SAI       7 09-Sep-85 01:19 -- bad checksum QEQYOY
                           should be 29-May-86 18:40 KADQEP  ALL  RD  NO
(CARL        :  35) BIONIC.SAI     8 19-Dec-85 18:48 -- bad checksum RELZUN
                           should be 02-Jan-86 21:28 LOFFUR  ALL  RD  NO
(CARL        :  35) ESCTRP.SAI     2 12-May-86 11:57 -- missing on master
(CARL        :  35) VMFILE.SAI    18 15-Jan-88 22:41 -- bad checksum SAPREP
                           should be 21-Mar-88 16:18 PUBWIM  ALL  RD  NO
(CARL        :  35) SHOVEL.SAI     6 02-Feb-88 18:03 -- bad checksum HEMQIP
                           should be 03-Feb-88 01:22 BADZIX  ALL  RD  NO
(CARL        :  35) BITARY.SAI     3 18-Jan-88 19:57 -- bad checksum QONYES
                           should be 24-Feb-88 01:14 KIFHEW  ALL  RD  NO
(CARL        :  35) CMDSCN.SAI     9 11-Jul-84 23:18 -- bad checksum ZAYQEH
                           should be 24-Sep-83 23:44 RUTLOG  ALL  RD  NO
(CARL        :  35) CREFRM.SAI                       -- missing on slave
(CARL        :  35) UNITDB.SAI                       -- missing on slave
(CARL        :  35) SPLTAP.SAI                       -- missing on slave
(CARL        :  35) SENDMA.SAI                       -- missing on slave
(CARL        :  35) SYF.SAI                          -- missing on slave
(CARL        :  35) FOO.SAI                          -- missing on slave
(CARL        :  35) AUXINT.SAI                       -- missing on slave
(CARL        :  35) CK.SAI                           -- missing on slave
(CARL        :  35) KLLT.SAI                         -- missing on slave
(CARL        :  35) KILLER.SAI                       -- missing on slave
(CARL        :  35) CARDSO.SAI                       -- missing on slave
(CARL        :  35) QUEUE.SAI                        -- missing on slave
(CARL        :  35) SETOPR.SAI                       -- missing on slave
(CARL        :  35) OPRPSW.SAI                       -- missing on slave
(CARL        :  35) PQUE.SAI                         -- missing on slave
(CARL        :  35) OPRPAS.SAI                       -- missing on slave
(CARL        :  35) PASNAM.SAI                       -- missing on slave
(CARL        :  35) ARGTST.SAI                       -- missing on slave
(CARL        :  35) INFO.SAI                         -- missing on slave
(CARL        :  35) PCODUL.SAI                       -- missing on slave
(CARL        :  35) MONED1.SAI                       -- missing on slave
(CARL        :  35) PASPKG.SAI                       -- missing on slave
(CARL        :  35) PASPRN.SAI                       -- missing on slave
(CARL        :  35) DSKCHK.SAI                       -- missing on slave
(CARL        :  35) APPEND.SAI                       -- missing on slave
(CARL        :  35) GETLIC.SAI                       -- missing on slave
(CARL        :  35) FRMTRP.SAI                       -- missing on slave
(CARL        :  35) PCOINT.SAI                       -- missing on slave
(CARL        :  35) EDIT10.SAI                       -- missing on slave
(CARL        :  35) TEST.SAI                         -- missing on slave
(CARL        :  35) SY.SAI                           -- missing on slave
(CARL        :  35) CATTAX.SAI                       -- missing on slave
(CARL        :  35) INTTRP.SAI                       -- missing on slave
(CARL        :  35) MONEDK.SAI                       -- missing on slave
(CARL        :  35) DULPRS.SAI                       -- missing on slave
(CARL        :  35) CVDATE.SAI                       -- missing on slave
(CARL        :  35) LIX.SAI                          -- missing on slave
(CARL        :  35) SWITCH.SAI                       -- missing on slave
(CARL        :  35) FRMTST.SAI                       -- missing on slave
(CARL        :  35) TST.SAI                          -- missing on slave
(CARL        :  35) PGCOPY.SAI                       -- missing on slave
(CARL        :  35) DPY.SAI                          -- missing on slave
(CARL        :  35) MAC.SAI                          -- missing on slave
(CARL        :  35) UNDELE.SAI                       -- missing on slave
(CARL        :  35) PCOM.SAI                         -- missing on slave
(CARL        :  35) LUDLST.SAI                       -- missing on slave
(CARL        :  35) VMFOO.SAI                        -- missing on slave
(CARL        :  35) WOMBAT.SAI                       -- missing on slave
(CARL        :  35) VMFILS.SAI                       -- missing on slave
(CARL        :  35) RDIST.SAI                        -- missing on slave
(CARL        :  35) HSB.SAI                          -- missing on slave
(CARL        :  35) PRTTRP.SAI                       -- missing on slave
(CARL        :  35) CHKADD.SAI                       -- missing on slave
(CARL        :  35) CHKLST.SAI                       -- missing on slave
(CARL        :  35) REDALL.SAI                       -- missing on slave
(CARL        :  35) UNPACK.SAI                       -- missing on slave
(CARL        :  35) UNIQUE.SAI                       -- missing on slave
(CARL        :  35) WOMQUE.SAI                       -- missing on slave
(CARL        :  35) COPY.SAI                         -- missing on slave
(CARL        :  35) CARD01.SAI                       -- missing on slave
(CARL        :  35) CMDDPY.SAI                       -- missing on slave
(CARL        :  35) VMSCAN.SAI                       -- missing on slave
(CARL        :  35) PCKSUB.SAI                       -- missing on slave
(CARL        :  35) CATTOT.SAI                       -- missing on slave
(CARL        :  35) PACK.SAI                         -- missing on slave
(CARL        :  35) DAYTIM.SAI                       -- missing on slave
(CARL        :  35) PROC.SAI                         -- missing on slave
(CARL        :  35) PCOTST.SAI                       -- missing on slave
(CARL        :  35) CATREC.SAI                       -- missing on slave
(CARL        :  35) NEXTIM.SAI                       -- missing on slave
(CARL        :  35) DT.SAI                           -- missing on slave
(CARL        :  35) MONDOC.SAI                       -- missing on slave
(CARL        :  35) DEFSYS.SAI                       -- missing on slave
Checking host 54
(CARL        :  54) MVOTE.SAI      4 14-Jul-83 03:51 -- missing on master
(CARL        :  54) CARDSL.SAI    15 04-Jan-88 21:03 -- missing on master
(CARL        :  54) STXLIB.SAI     2 08-Feb-88 19:00 -- bad checksum TALPAM
                           should be 08-Apr-88 13:17 ZOFLEG  ALL  RD  NO
(CARL        :  54) MSIEVE.SAI     4 14-Jul-83 04:27 -- missing on master
(CARL        :  54) FOO.SAI        2 14-Jul-83 01:14 -- bad checksum KUYTIX
                           should be 18-Jan-88 16:41 QACNAW  ALL  RD  NO
(CARL        :  54) VMFILE.SAI    17 06-Jan-88 19:43 -- bad checksum JEWFAB
                           should be 21-Mar-88 16:18 PUBWIM  ALL  RD  NO
(CARL        :  54) BITARY.SAI     3 04-Jan-88 22:32 -- bad checksum QONYES
                           should be 24-Feb-88 01:14 KIFHEW  ALL  RD  NO
(CARL        :  54) CARDS.SAI     16 18-Jan-88 06:52 -- bad checksum ZAYJEB
                           should be 17-Jan-88 06:01 TICTEW  ALL  RD  NO
(CARL        :  54) CREFRM.SAI                       -- missing on slave
(CARL        :  54) UNITDB.SAI                       -- missing on slave
(CARL        :  54) SPLTAP.SAI                       -- missing on slave
(CARL        :  54) SENDMA.SAI                       -- missing on slave
(CARL        :  54) SYF.SAI                          -- missing on slave
(CARL        :  54) AUXINT.SAI                       -- missing on slave
(CARL        :  54) CK.SAI                           -- missing on slave
(CARL        :  54) KLLT.SAI                         -- missing on slave
(CARL        :  54) KILLER.SAI                       -- missing on slave
(CARL        :  54) SHOVEL.SAI                       -- missing on slave
(CARL        :  54) CARDSO.SAI                       -- missing on slave
(CARL        :  54) QUEUE.SAI                        -- missing on slave
(CARL        :  54) SETOPR.SAI                       -- missing on slave
(CARL        :  54) OPRPSW.SAI                       -- missing on slave
(CARL        :  54) PQUE.SAI                         -- missing on slave
(CARL        :  54) OPRPAS.SAI                       -- missing on slave
(CARL        :  54) PASNAM.SAI                       -- missing on slave
(CARL        :  54) ARGTST.SAI                       -- missing on slave
(CARL        :  54) INFO.SAI                         -- missing on slave
(CARL        :  54) PCODUL.SAI                       -- missing on slave
(CARL        :  54) MONED1.SAI                       -- missing on slave
(CARL        :  54) PASPKG.SAI                       -- missing on slave
(CARL        :  54) PASPRN.SAI                       -- missing on slave
(CARL        :  54) DSKCHK.SAI                       -- missing on slave
(CARL        :  54) APPEND.SAI                       -- missing on slave
(CARL        :  54) GETLIC.SAI                       -- missing on slave
(CARL        :  54) FRMTRP.SAI                       -- missing on slave
(CARL        :  54) PCOINT.SAI                       -- missing on slave
(CARL        :  54) EDIT10.SAI                       -- missing on slave
(CARL        :  54) CMDSCN.SAI                       -- missing on slave
(CARL        :  54) TEST.SAI                         -- missing on slave
(CARL        :  54) SY.SAI                           -- missing on slave
(CARL        :  54) CATTAX.SAI                       -- missing on slave
(CARL        :  54) INTTRP.SAI                       -- missing on slave
(CARL        :  54) MONEDK.SAI                       -- missing on slave
(CARL        :  54) DULPRS.SAI                       -- missing on slave
(CARL        :  54) CVDATE.SAI                       -- missing on slave
(CARL        :  54) LIX.SAI                          -- missing on slave
(CARL        :  54) SWITCH.SAI                       -- missing on slave
(CARL        :  54) FRMTST.SAI                       -- missing on slave
(CARL        :  54) TST.SAI                          -- missing on slave
(CARL        :  54) PGCOPY.SAI                       -- missing on slave
(CARL        :  54) DPY.SAI                          -- missing on slave
(CARL        :  54) MAC.SAI                          -- missing on slave
(CARL        :  54) UNDELE.SAI                       -- missing on slave
(CARL        :  54) CARDX.SAI                        -- missing on slave
(CARL        :  54) PCOM.SAI                         -- missing on slave
(CARL        :  54) LUDLST.SAI                       -- missing on slave
(CARL        :  54) VMFOO.SAI                        -- missing on slave
(CARL        :  54) WOMBAT.SAI                       -- missing on slave
(CARL        :  54) VMFILS.SAI                       -- missing on slave
(CARL        :  54) RDIST.SAI                        -- missing on slave
(CARL        :  54) HSB.SAI                          -- missing on slave
(CARL        :  54) PRTTRP.SAI                       -- missing on slave
(CARL        :  54) CHKADD.SAI                       -- missing on slave
(CARL        :  54) CHKLST.SAI                       -- missing on slave
(CARL        :  54) REDALL.SAI                       -- missing on slave
(CARL        :  54) UNPACK.SAI                       -- missing on slave
(CARL        :  54) BIONIC.SAI                       -- missing on slave
(CARL        :  54) JQUE.SAI                         -- missing on slave
(CARL        :  54) UNIQUE.SAI                       -- missing on slave
(CARL        :  54) WOMQUE.SAI                       -- missing on slave
(CARL        :  54) COPY.SAI                         -- missing on slave
(CARL        :  54) CARD01.SAI                       -- missing on slave
(CARL        :  54) CMDDPY.SAI                       -- missing on slave
(CARL        :  54) VMSCAN.SAI                       -- missing on slave
(CARL        :  54) PCKSUB.SAI                       -- missing on slave
(CARL        :  54) CATTOT.SAI                       -- missing on slave
(CARL        :  54) PACK.SAI                         -- missing on slave
(CARL        :  54) DAYTIM.SAI                       -- missing on slave
(CARL        :  54) PROC.SAI                         -- missing on slave
(CARL        :  54) PCOTST.SAI                       -- missing on slave
(CARL        :  54) CATREC.SAI                       -- missing on slave
(CARL        :  54) NEXTIM.SAI                       -- missing on slave
(CARL        :  54) DT.SAI                           -- missing on slave
(CARL        :  54) MCY.SAI                          -- missing on slave
(CARL        :  54) MONDOC.SAI                       -- missing on slave
(CARL        :  54) DEFSYS.SAI                       -- missing on slave
  