detach? 36:
.DAYTIME
3-JUL-1980 3:07:15
.gfd yamm
.com yamm/com
PUB: YAMM.PUB 1
  SQUEZE.FMT 1.
  SETUP.DFS 1
    YAMM.DFS 1 2 3 4 5 6 7 8 9 10 11 12 13 14 15 16 17.
    MACROS.DFS 1 2 3 4.
  TITLE.YAM 1.
  PREFAC.YAM 1
Section 1: Preface
   2 3 4.
      7C.PUZ 1.
  FRAMES.YAM 1
Section 2: Frames and Processes
   2
    CHGPPN.UUO 1.
    GETPPN.UUO 1.
    PJOB.UUO 1.
    SETNAM.UUO 1.
   3
    SETPRV.UUO 1.
          JBTPRV.TAB 1.
    SETMAL.UUO 1.
   4
    CHKLIC.UUO 1.
          JBTLIC.TAB 1.
    SETE.UUO 1.
    SETLIC.UUO 1.
   5
    SETJAL.UUO 1.
          JBTSTS.TAB 1.
   6
    LOGIN.UUO 1.
    SETUUO.WAT 1.
          WATCH.TAB 1.
    CHPRJ.UUO 1.
    SETRCF.UUO 1.
    LOGOUT.UUO 1.
    LOGOFF.UUO 1.
    SETALP.UUO 1.
    EVICT.UUO 1.
    HANG.UUO 1.
   7 8
          FDESC.TAB 1.
    SETOTF.UUO 1.
   9 10
          ARTAB.TAB 1.
   11
    FRMOP.UUO 1.
          FRMOPE.TAB 1.
          FOFUN.TAB 1
              FRMOP.DAT 1.
              FRMOP.DAT 1.
              FRMOP.DAT 1.
              FRMOP.DAT 1.
          FONUM.TAB 1
            FRMOP.DAT 1.
    FRMOPS.REQ 1
        FRMOP.DAT 1
            FRMOP.CFM 1.
                  FOCFM.TAB 1.
            FRMOP.GFT 1.
        FRMOP.DAT 1
            FRMOP.RVA 1.
            FRMOP.WVA 1.
            FRMOP.REP 1.
            FRMOP.VRM 1.
            FRMOP.VCL 1.
        Pigy Back: FRMOP.VRM/FRMOP.VCL
            FRMOP.GET 1.
            FRMOP.SAV 1.
          FRMOP.SSA 1.
        Pigy Back: FRMOP.SSA/FRMOP.SAV
        FRMOP.DAT 1
            FRMOP.JMP 1.
            FRMOP.SAA 1.
            FRMOP.HLT 1.
            FRMOP.RPC 1.
            FRMOP.CLR 1.
            FRMOP.SVA 1.
                  VECTOR.TAB 1.
            FRMOP.HST 1.
                  HLTSTS.TAB 1.
            FRMOP.CON 1.
            FRMOP.GIN 1.
            FRMOP.RUN 1.
        FRMOP.DAT 1
            FRMOP.CFH 1.
                  FOCFH.TAB 1.
            FRMOP.DFH 1.
            FRMOP.RSI 1.
                  RSI.TAB 1.
            FRMOP.RAR 1.
            FRMOP.RER 1.
        Pigy Back: FRMOP.RAR/FRMOP.RER
            FRMOP.SMF 1.
            FRMOP.CHR 1.
            FRMOP.VCH 1.
            FRMOP.CAR 1.
            FRMOP.CER 1.
        Pigy Back: FRMOP.CAR/FRMOP.CER
    EXIT.UUO 1.
    SETSTV.UUO 1.
   12
    TMPCOR.UUO 1.
    TMPCOR.RRF 1.
    TMPCOR.RDF 1.
     Pigy Back: TMPCOR.RRF /TMPCOR.RDF
    TMPCOR.RWF 1.
    TMPCOR.RRD 1.
    TMPCOR.RDD 1.
     Pigy Back: TMPCOR.RRD /TMPCOR.RDD
    TMPCOR.RFS 1.
   13.
      10C1.PUZ 1.
  MEMORY.YAM 1
Section 3: Virtual Memory
    CORE.UUO 1.
    REMAP.UUO 1.
    SETUWP.UUO 1.
   2
    SETDDT.UUO 1.
          JOBDAT.TAB 1 2.
   3
    GETSEG.UUO 1.
    RUN.UUO 1.
    RUNSEG.UUO 1.
   4.
      17C2.PUZ 1.
  PAGING.YAM 1
Section 4: Paging
   2 3
    VCREAT.UUO 1.
          TAB28.TAB 1.
          TAB29.TAB 1.
   4
    VCLEAR.UUO 1.
    VREMOV.UUO 1.
     Pigy Back: VCLEAR.UUO /VREMOV.UUO
   5
    VREPLC.UUO 1.
   6
    CHANIO.MFP 1.
   7
    CHANIO.SMP 1.
   8
    VPROT.UUO 1.
          TAB30.TAB 1.
   9
    WSCTL.UUO 1.
    WSCTL.RNG 1.
    WSCTL.RSZ 1.
    WSCTL.STL 1.
     Pigy Back: WSCTL.RSZ /WSCTL.STL
    WSCTL.RBM 1.
    WSCTL.RLM 1.
     Pigy Back: WSCTL.RSZ /WSCTL.RLM
    WSCTL.RMX 1.
     Pigy Back: WSCTL.RSZ /WSCTL.RMX
          TAB31.TAB 1.
   10
    PREREF.UUO 1.
          PREREF.TAB 1.
    BLTPAG.UUO 1.
          BLTPAG.TAB 1.
   11
    PERSET.UUO 1.
    PGESTS.UUO 1.
          PERSET.TAB 1.
          PGESTS.TAB 1.
    VALPAG.UUO 1.
          VALPAG.TAB 1.
   12
          PGFSTS.TAB 1.
    PGFSTS.UUO 1.
    PGRSTS.UUO 1.
          PGRSTS.TAB 1.
   13
    REFBIT.UUO 1.
    REFBIT.RBM 1.
    REFBIT.SBM 1.
        Pigy Back: REFBIT.RBM /REFBIT.SBM
    REFBIT.RNG 1.
          TAB36.TAB 1.
   14
    PAGSTS.UUO 1.
          TAB37.TAB 1.
          PAGSTS.TAB 1.
    VFSTAT.UUO 1.
    VPGFIL.UUO 1.
          VPGFIL.TAB 1.
    VDSKPT.UUO 1.
        TAB39.TAB 1.
      20C3.PUZ 1.
  GENIO.YAM 1
Section 5: General I/O
   2 3 4 5 6 7
          FSB.TAB 1
            FSB.DAT 1.
          MODES.TAB 1.
   8
          TAB18.TAB 1.
   9
    CHANIO.WT 1.
     Pigy Back: WAIT.UUO /CHANIO.WT
    DEVCHR.UUO 1.
    DEVNAM.UUO 1.
    DEVPPN.UUO 1.
    DEVSTS.UUO 1.
    GETCHR.UUO 1.
     Pigy Back: DEVCHR.UUO /GETCHR.UUO
    REASSI.UUO 1.
    SYSDVF.UUO 1.
    WAIT.UUO 1.
          SYSDVF.TAB 1.
   10
    CHANIO.UUO 1.
          CHFUN.TAB 1
              CHANIO.DAT 1.
              CHANIO.DAT 1.
              CHANIO.DAT 1.
              CHANIO.DAT 1.
              CHANIO.DAT 1.
              CHANIO.DAT 1.
          CHNUM.TAB 1
            CHANIO.DAT 1.
    INIT.UUO 1.
    OPEN.UUO 1.
     Pigy Back: INIT.UUO / OPEN.UUO
    IN.UUO 1.
    INPUT.UUO 1.
     Pigy Back: IN.UUO /INPUT.UUO
    CHANIO.IN 1.
     Pigy Back: IN.UUO /CHANIO.IN
    CHANIO.IPT 1.
     Pigy Back: IN.UUO /CHANIO.IPT
    OUT.UUO 1.
    OUTPUT.UUO 1.
     Pigy Back: OUT.UUO /OUTPUT.UUO
    CHANIO.OUT 1.
     Pigy Back: OUT.UUO /CHANIO.OUT
    CHANIO.OPT 1.
     Pigy Back: OUT.UUO /CHANIO.OPT
    RESET.UUO 1.
    CHANIO.CLS 1.
     Pigy Back: CLOSE.UUO /CHANIO.CLS
    CHANIO.GS 1.
     Pigy Back: GETSTS.UUO /CHANIO.GS
    CHANIO.OPN 1.
     Pigy Back: INIT.UUO/CHANIO.OPN
    CHANIO.REL 1.
        Pigy Back: RELEAS.UUO /CHANIO.REL
    CHANIO.SO 1.
     Pigy Back: STATO.UUO /CHANIO.SO
    CHANIO.SS 1.
     Pigy Back: SETSTS.UUO /CHANIO.SS
    CHANIO.SZ 1.
     Pigy Back: STATO.UUO /CHANIO.SZ
    CLOSE.UUO 1.
    RELEAS.UUO 1.
    GETSTS.UUO 1.
    SETSTS.UUO 1.
    STATO.UUO 1.
    STATZ.UUO 1.
     Pigy Back: STATO.UUO /STATZ.UUO
      23C4.PUZ 1.
  BUFIO.YAM 1
Section 6: Buffered Mode I/O
   2 3 4
    CHANIO.IBF 1.
     Pigy Back: INBUF.UUO /CHANIO.IBF
    CHANIO.MBF 1.
     Pigy Back: MOVBUF.UUO /CHANIO.MBF
    CHANIO.OBF 1.
     Pigy Back: INBUF.UUO /CHANIO.OBF
    DEVSIZ.UUO 1.
    INBUF.UUO 1.
    MOVBUF.UUO 1.
    OUTBUF.UUO 1.
     Pigy Back: INBUF.UUO /OUTBUF.UUO
   5 6.
      26C5.PUZ 1.
  DUMPIO.YAM 1
Section 7: Dump Mode I/O
   2 3.
      29C6.PUZ 1.
  DISK.YAM 1
Section 8: Disk I/O
   2 3 4 5
    CHANIO.UFD 1.
          UFDBIT.TAB 1.
   6 7 8 9
          TAB1.TAB 1.
   10
          TAB2.TAB 1.
   11
          FILSTA.TAB 1.
          TAB13.TAB 1.
          SLKB.TAB 1.
          EXTLKB.TAB 1.
    CHANIO.ENT 1.
     Pigy Back: ENTER.UUO /CHANIO.ENT
    CHANIO.LK 1.
     Pigy Back: LOOKUP.UUO /CHANIO.LK
    CHANIO.MEN 1.
     Pigy Back: ENTER.UUO /CHANIO.MEN
    CHANIO.REN 1.
     Pigy Back: RENAME.UUO /CHANIO.REN
    ENTER.UUO 1.
    LOOKUP.UUO 1.
    RENAME.UUO 1.
          TAB15.TAB 1.
   12
    USETI.UUO 1.
    USETO.UUO 1.
    SEEK.UUO 1.
   13
    CHANIO.CFP 1.
    CHANIO.DFP 1.
    CHANIO.XFP 1.
    CHANIO.FTR 1.
    CHANIO.FFI 1.
    CHANIO.MGN 1.
   14
    CHANIO.UGF 1.
     Pigy Back: UGETF.UUO /CHANIO.UGF
    DSKCHR.UUO 1.
          TAB3.TAB 1.
          TAB4.TAB 1.
    GOBSTR.UUO 1.
          GOBSTR.TAB 1.
    JOBSTR.UUO 1.
    STRUUO.UUO 1.
          STRUUO.TAB 1.
          STRERR.TAB 1.
    SYSPHY.UUO 1.
    SYSSTR.UUO 1.
     Pigy Back: SYSPHY.UUO /SYSSTR.UUO
    UGETF.UUO 1.
   15
    CHANIO.VRB 1.
    DSKCLR.UUO 1.
        DSKFSB.TAB 1
          FSB.DAT 1.
      32C7.PUZ 1.
  PIDS.YAM 1
Section 9: Processor ID Mechanism
    PIDSET.UUO 1.
      35C8.PUZ 1.
  PORT.YAM 1
Section 10: Port I/O
   2 3 4 5 6
    AUXCAL.UUO 1.
          AXFUN.TAB 1
              AUXCAL.DAT 1.
              AUXCAL.DAT 1.
              AUXCAL.DAT 1.
              AUXCAL.DAT 1.
              AUXCAL.DAT 1.
              AUXCAL.DAT 1.
          AXNUM.TAB 1
            AUXCAL.DAT 1.
    TTCALL.UUO 1.
          TTCALL.TAB 1.
   7 8 9 10 11
    GETLIN.UUO 1.
    ATTACH.UUO 1.
    RETACH.UUO 1.
    CREAUX.UUO 1.
          RETACH.TAB 1
Underestimated counter TABCNT!: --  reached 10-22 
Line/Page RETACH.TAB 00400/1[28/17]
    AUXCAL.SLV 1.
          CREAUX.TAB 1 2.
    ZAPCIR.UUO 1.
    AUXCAL.HNG 1.
    AUXRED.UUO 1.
    POLPRT.UUO 1.
          POLPRT.TAB 1.
    AUXCAL.PSM 1.
    GETLCH.UUO 1.
          GETLCH.TAB 1.
    SETLCH.UUO 1.
    GETTMC.UUO 1.
    SETMOD.UUO 1.
          TTYFSB.TAB 1
            FSB.DAT 1.
          TAB41.TAB 1.
    AUXCAL.SFS 1.
    AUXCAL.CRD 1.
    AUXCAL.IBR 1.
     Pigy Back: AUXCAL.CRD /AUXCAL.IBR
    AUXCAL.OBR 1.
     Pigy Back: AUXCAL.CRD /AUXCAL.OBR
    AUXCAL.EP 1.
     Pigy Back: AUXCAL.CRD /AUXCAL.EP
    AUXCAL.HD 1.
     Pigy Back: AUXCAL.CRD /AUXCAL.HD
    AUXCAL.PA 1.
     Pigy Back: AUXCAL.CRD /AUXCAL.PA
    AUXCAL.PB 1.
     Pigy Back: AUXCAL.CRD /AUXCAL.PB
    AUXCAL.PC 1.
     Pigy Back: AUXCAL.CRD /AUXCAL.PC
    AUXCAL.HNX 1.
     Pigy Back: AUXCAL.CRD /AUXCAL.HNX
    AUXCAL.NTE 1.
     Pigy Back: AUXCAL.CRD /AUXCAL.NTE
    AUXCAL.TBK 1.
     Pigy Back: AUXCAL.CRD /AUXCAL.TBK
    AUXCAL.WID 1.
     Pigy Back: AUXCAL.CRD /AUXCAL.WID
    AUXCAL.FC1 1.
     Pigy Back: AUXCAL.CRD /AUXCAL.FC1
    AUXCAL.FC2 1.
     Pigy Back: AUXCAL.CRD /AUXCAL.FC2
    AUXCAL.RMX 1.
     Pigy Back: AUXCAL.CRD /AUXCAL.RMX
    AUXCAL.RBS 1.
     Pigy Back: AUXCAL.CRD /AUXCAL.RBS
    AUXCAL.RVX 1.
     Pigy Back: AUXCAL.CRD /AUXCAL.RVX
    AUXCAL.TYP 1.
     Pigy Back: AUXCAL.CRD /AUXCAL.TYP
    AUXCAL.BS 1.
     Pigy Back: AUXCAL.CRD /AUXCAL.BS
   12
    AUXCAL.S8B 1.
    AUXCAL.SYB 1.
    AUXCAL.SOB 1.
    AUXCAL.LDE 1.
     Pigy Back: LEVDEF.UUO /AUXCAL.LDE
    LEVDEF.UUO 1.
    CLRBFI.UUO 1.
    AUXCAL.CBI 1.
     Pigy Back: CLRBFI.UUO /AUXCAL.CBI
    CLRBFO.UUO 1.
    AUXCAL.CBO 1.
     Pigy Back: CLRBFO.UUO /AUXCAL.CBO
   13
              TTYIN.TAB 1.
    SKPINC.UUO 1.
    SKPINL.UUO 1.
     Pigy Back: SKPINC.UUO /SKPINL.UUO
    AUXCAL.SIC 1.
     Pigy Back: SKPINC.UUO /AUXCAL.SIC
    AUXCAL.SIL 1.
     Pigy Back: SKPINC.UUO /AUXCAL.SIL
    AUXCAL.SI 1.
    REDNXT.UUO 1.
    WAITCH.UUO 1.
    RESCAN.UUO 1.
    DDTIN.UUO 1.
    CONT.UUO 1.
   14
              TTYOUT.TAB 1.
              TTYOS.TAB 1.
    AUXCAL.OPC 1.
    DDTOUT.UUO 1.
   15
    AUXCAL.EBM 1.
    AUXCAL.LBM 1.
    AUXCAL.IBW 1.
    AUXCAL.IBS 1.
    AUXCAL.TBI 1.
    AUXCAL.OB 1.
    AUXCAL.TBO 1.
   16.
      38C9.PUZ 1.
  TAPE.YAM 1
Section 11: Magnetic Tape I/O
   2 3 4 5 6 7 8
    CHANIO.MTA 1.
     Pigy Back: MTAPE.UUO /CHANIO.MTA
    MTAPE.UUO 1.
          TAB66.TAB 1.
   9
          UGETF.TAB 1.
        FTAFSB.TAB 1
          FSB.DAT 1.
      41C10.PUZ 1.
  MISDEV.YAM 1
Section 12: Card Reader Input
          COD026.TAB 1.
          COD029.TAB 1.
          CDRFSB.TAB 1
            FSB.DAT 1.
        44C11.PUZ 1.
   2
Section 13: Line Printer Output
   3
        47C12.PUZ 1.
Section 14: Paper Tape I/O
          PTRFSB.TAB 1
            FSB.DAT 1.
        50C13.PUZ 1.
   4
Section 15: Plotter Output
        TAB27.TAB 1.
        PLTFSB.TAB 1
          FSB.DAT 1.
      53C14.PUZ 1.
  INTSYS.YAM 1
Section 16: Interrupt System and Sleeping
    SETTR1.UUO 1.
    SETTR2.UUO 1.
   2
    APRENB.UUO 1.
          APRENB.TAB 1.
   3
          TINASS.TAB 1.
          INTASS.TAB 1.
    INTADR.UUO 1.
    TINASS.UUO 1.
    INTASS.UUO 1.
    INTRMT.UUO 1.
    SETTIM.UUO 1.
          INTRMT.TAB 1.
    INTENB.UUO 1.
    REDPIP.UUO 1.
    INTACT.UUO 1.
    DISMIS.UUO 1.
   4
    HIBER.UUO 1.
    SLEEP.UUO 1.
    WAKE.UUO 1.
   5.
      56C15.PUZ 1.
  CLUBS.YAM 1
Section 17: Club Facility
    CLBADD.UUO 1.
    CLBLEV.UUO 1.
    CLBINW.UUO 1.
          CLBINW.TAB 1.
    CLBINI.UUO 1.
    CLBRLI.UUO 1.
    CLBMEM.UUO 1.
    CLBSTS.UUO 1.
    CLBWAK.UUO 1.
    CLBHNG.UUO 1.
          CLUBS.TAB 1.
      59C16.PUZ 1.
  ENVIRO.YAM 1
Section 18: Environmental Information
    DATE.UUO 1.
          TIMEZ.TAB 1.
    DATUUO.UUO 1.
    MSTIME.UUO 1.
    RUNTIM.UUO 1.
    TIMER.UUO 1.
   2
    GETTAB.UUO 1.
          GTFUN.TAB 1
              GETTAB.DAT 1.
              GETTAB.DAT 1.
              GETTAB.DAT 1.
              GETTAB.DAT 1.
          GTNUM.TAB 1
            GETTAB.DAT 1.
          TAB7.TAB 1.
          TAB8.TAB 1.
          TICODE.TAB 1.
          TAB9.TAB 1.
          TAB10.TAB 1.
          GTODP.TAB 1.
          JBWSC.TAB 1
Underestimated counter TABCNT!: --  reached 18-10 
Line/Page JBWSC.TAB 00020/1[28/17]
   3
    VPEEK.UUO 1.
    PEEK.UUO 1.
    POKE.UUO 1.
    BITPOK.UUO 1.
   4
    LIGHTS.UUO 1.
    SWITCH.UUO 1.
      62C17.PUZ 1.
  SYSCTL.YAM 1
Section 19: Miscellaneous Operations
    SETUUO.UUO 1
      SETUUO.TYO 1.
      SETUUO.STA 1.
      SETUUO.FAR 1.
      SETUUO.TIM 1.
      SETUUO.DAT 1.
      SETUUO.BST 1.
      SETUUO.RES 1.
    ONEJOB.UUO 1.
    SETABK.UUO 1.
          SETABK.TAB 1.
    TRPSET.UUO 1.
    OBSOLE.UUO 1.
      65C18.PUZ 1.
  ACCT.YAM 1
Section 20: Accounting
    XCHARG.UUO 1
      XCHARG.SAV 1.
            XCHARG.TAB 1.
      XCHARG.RSC 1.
      XCHARG.RCC 1.
      XCHARG.SET 1.
      XCHARG.TRN 1.
            XCSET.TAB 1.
      XCHARG.TCC 1.
          TAB64.TAB 1.
   2
    PUTROY.UUO 1.
    TYMCHG.UUO 1.
          PUTROY.TAB 1.
   3
    PUTLSA.UUO 1.
    PUTSAR.UUO 1.
          TAB63.TAB 1.
   4
          TAB50.TAB 1.
          TAB51.TAB 1.
          TAB52.TAB 1.
          TAB70.TAB 1.
          TAB53.TAB 1.
          TAB54.TAB 1.
          TAB55.TAB 1.
          TAB56.TAB 1.
          TAB57.TAB 1.
          TAB58.TAB 1.
          TAB59.TAB 1.
          TAB60.TAB 1
Underestimated counter TABCNT!: --  reached 20-10 
Line/Page TAB60.TAB 00020/1[28/17]
          TAB61.TAB 1.
          TAB62.TAB 1.
          TAB69.TAB 1.
          TAB71.TAB 1.
      68C19.PUZ 1.
  YAMBAK.DFS 1 2
    13UUO.PUZ 1
Extraneous '173 in command line
Line/Page 13UUO.PUZ 11/1/1[]
Extraneous '173 in command line
Line/Page 13UUO.PUZ 12/1/1[]
Extraneous '173 in command line
Line/Page 13UUO.PUZ 16/1/1[]
Extraneous '173 in command line
Line/Page 13UUO.PUZ 17/1/1[]
Extraneous '173 in command line
Line/Page 13UUO.PUZ 00100/1/1[]
Extraneous '173 in command line
Line/Page 13UUO.PUZ 00120/1/1[]
   3 4
    12NAM.PUZ 1.
    11NUM.PUZ 1.
   5
    6INDX.PUZ 1.
   6
    3TITL.PUG 1.
    5CONT.PUG 1.
    14TBL.PUG 1.
PASS TWO  YAMM.DOC 1 2 3 4 5 6 7 8 9 10 11 12 13 14 15 16 17 18 19 20 21 22 23 2
4 25 26 27 28 29 30 31 32 33 34 35 36 37 38 39 40 41 42 43 44 45 46 47 48 49 50 
51 52 53 54 55 56 57 58 59 60 61 62 63 64 65 66 67 68 69 70 71 72 73 74 75 76 77
 78 79 80 81 82 83 84 85 86 87 88 89 90 91 92 93 94 95 96 97 98 99 100 101 102 1
03 104 105 106 107 108 109 110 111 112 113 114 115 116 117 118 119 120 121 122 1
23 124 125 126 127 128 129 130 131 132 133 134 135 136 137 138 139 140 141 142 1
43 144 145 146 147 148 149 150 151 152 153 154 155 156 157 158 159 160 161 162 1
63 164 165 166 167 168 169 170 171 172 173 174 175 176 177 178 179 180 181 182 1
83 184 185 186 187 188 189 190 191 192 193 194 195 196 197 198 199 200 201 202 2
03 204 205 206 207 208 209 210 211 212 213 214 215 216 217 218 219 220 221 222 2
23 224 225 226 227 228 229 230 231 232 233 234 235 236 237 238 239 240 241 242 2
43 244 245 246 247 248 249 250 251 252 253 254 255 256 257 258 259 260 261 262 2
63 264 265 266 267 268 269 270 271 272 273 274 275 276 277 278 279 280 281 282 2
83 284 285 286 287 288 289 290 291 292 293 294 295 296 297 298 299 300 301 302 3
03 304 305 306 307 308 309 310 311 312 313 314 315 316 317 318 319 320 321 322 3
23 324 325 326 327 328.
.
.TIME
277036.46 TRU
277036.46 TRU
TERMINAL TIME: 3:52:36
.DAYTIME
3-JUL-1980 6:59:51
.
    