!;BUILD.CTL builds SV####.IMG and ND####.BND for TXSnet NODE=2770
!DIRECT CG2770.MAC

CG2770  MAC       2  23-MAR-88 1848    ALL RD  NO       395

!RUN (TOOLS11)MACN11
MACN11-V4.43
*MC2770.CMD@
MACN11: COMMON
MACN11: ROUTE

EXIT

!RUN (TOOLS11)LINK11
Link11 Version 5.2M
*@LK2770.CMD/E


 Transfer address = 001000  
 Program limits   = 001000  127630  126630
 Program size     = 22220. Words
 Runtime: 424 seconds


EXIT

!DELETE CG2770.OBJ,RU2770.OBJ


!RUN (TOOLS11)NIBTRN


***  PDP-11 TO NIB FORMAT CONVERTER ***

           VERSION 1.04

INPUT FILE: SV2770.IMG
OUTPUT FILE: ND2770.BND


       WORKING........  PLEASE STAND BY.......     

EXIT

!DIRECT ##2770.*/TODAY

ND2770  BND      21  23-MAR-88 1902    ALL RD  NO     10112
MP2770  MAP      19  23-MAR-88 1900    ALL RD  NO      8862
SV2770  IMG      23  23-MAR-88 1900    ALL RD  NO     11238
CG2770  MAC       2  23-MAR-88 1848    ALL RD  NO       395
ND2770  LOG       1  23-MAR-88 1745    ALL RD  NO      2048

!LOGOUT
83.99 tru
terminal time: 0:09:58
