!;BUILD.CTL builds SV####.IMG and ND####.BND for TXSnet NODE=FRED
!DIRECT CGFRED.MAC

CGFRED  MAC       2  23-MAR-88 1603    ALL RD  NO       345

!RUN (TOOLS11)MACN11
MACN11-V4.43
*MCFRED.CMD@
MACN11: COMMON
MACN11: ROUTE

EXIT

!RUN (TOOLS11)LINK11
Link11 Version 5.2M
*@LKFRED.CMD/E


 Transfer address = 001000  
 Program limits   = 001000  117176  116176
 Program size     = 20031. Words
 Runtime: 426 seconds


EXIT

!DELETE CGFRED.OBJ,RUFRED.OBJ


!RUN (TOOLS11)NIBTRN


***  PDP-11 TO NIB FORMAT CONVERTER ***

           VERSION 1.04

INPUT FILE: SVFRED.IMG
OUTPUT FILE: NDFRED.BND


       WORKING........  PLEASE STAND BY.......     

EXIT

!DIRECT ##FRED.*/TODAY

NDFRED  BND      18  23-MAR-88 1839    ALL RD  NO      8576
MPFRED  MAP      19  23-MAR-88 1837    ALL RD  NO      9013
SVFRED  IMG      21  23-MAR-88 1837    ALL RD  NO     10144
NDFRED  LOG       1  23-MAR-88 1620    ALL RD  NO      2048
CGFRED  MAC       2  23-MAR-88 1603    ALL RD  NO       345

!LOGOUT
85.52 tru
terminal time: 0:11:32
