!;TXS.CTL invokes BUILD.CTL for nodes 2770,6657,6760,FOON,FRED,NICK
!; BUILD 552A
!;PCOM ND552A.LOG=BUILD 552A/LOG
!; BUILD 554A
!;PCOM ND554A.LOG=BUILD 554A/LOG
!; BUILD 2770
!PCOM ND2770.LOG=BUILD 2770/LOG
!;BUILD.CTL builds SV####.IMG and ND####.BND for TXSnet NODE=2770
!DIRECT CG2770.MAC

CG2770  MAC       2  23-MAR-88 1554    ALL RD  NO       380

!RUN (TOOLS11)MACN11
MACN11-V4.43
*MC2770.CMD@
MACN11: COMMON
MACN11: ROUTE

EXIT

!RUN (TOOLS11)LINK11
Link11 Version 5.2M
*@LK2770.CMD/E


 Transfer address = 001000  
 Program limits   = 001000  127630  126630
 Program size     = 22220. Words
 Runtime: 423 seconds


EXIT

!DELETE CG2770.OBJ,RU2770.OBJ


!RUN (TOOLS11)NIBTRN


***  PDP-11 TO NIB FORMAT CONVERTER ***

           VERSION 1.04

INPUT FILE: SV2770.IMG
OUTPUT FILE: ND2770.BND


       WORKING........  PLEASE STAND BY.......     

EXIT

!DIRECT ##2770.*/TODAY

ND2770  BND      21  23-MAR-88 1754    ALL RD  NO     10112
MP2770  MAP      19  23-MAR-88 1752    ALL RD  NO      8862
SV2770  IMG      23  23-MAR-88 1752    ALL RD  NO     11238
ND2770  LOG       1  23-MAR-88 1745    ALL RD  NO      2048
CG2770  MAC       2  23-MAR-88 1554    ALL RD  NO       380

!LOGOUT
84.00 tru
terminal time: 0:09:42

[Job (NEW11)BUILD.CTL completed]
[Output recorded in file (NEW11)ND2770.LOG]
!; BUILD 6657
!PCOM ND6657.LOG=BUILD 6657/LOG
!;BUILD.CTL builds SV####.IMG and ND####.BND for TXSnet NODE=6657
!DIRECT CG6657.MAC

CG6657  MAC       2  23-MAR-88 1613    ALL RD  NO       215

!RUN (TOOLS11)MACN11
MACN11-V4.43
*MC6657.CMD@
MACN11: COMMON
MACN11: ROUTE

EXIT

!RUN (TOOLS11)LINK11
Link11 Version 5.2M
*@LK6657.CMD/E


 Transfer address = 001000  
 Program limits   = 001000  146454  145454
 Program size     = 26006. Words
 Runtime: 479 seconds


EXIT

!DELETE CG6657.OBJ,RU6657.OBJ


!RUN (TOOLS11)NIBTRN


***  PDP-11 TO NIB FORMAT CONVERTER ***

           VERSION 1.04

INPUT FILE: SV6657.IMG
OUTPUT FILE: ND6657.BND


       WORKING........  PLEASE STAND BY.......     

EXIT

!DIRECT ##6657.*/TODAY

ND6657  BND      24  23-MAR-88 1805    ALL RD  NO     11648
MP6657  MAP      20  23-MAR-88 1802    ALL RD  NO      9594
SV6657  IMG      27  23-MAR-88 1802    ALL RD  NO     13131
CG6657  MAC       2  23-MAR-88 1613    ALL RD  NO       215

!LOGOUT
91.50 tru
terminal time: 0:10:49

[Job (NEW11)BUILD.CTL completed]
[Output recorded in file (NEW11)ND6657.LOG]
!; BUILD 6760
!PCOM ND6760.LOG=BUILD 6760/LOG
!;BUILD.CTL builds SV####.IMG and ND####.BND for TXSnet NODE=6760
!DIRECT CG6760.MAC

CG6760  MAC       2  23-MAR-88 1617    ALL RD  NO       273

!RUN (TOOLS11)MACN11
MACN11-V4.43
*MC6760.CMD@
MACN11: COMMON
MACN11: ROUTE

EXIT

!RUN (TOOLS11)LINK11
Link11 Version 5.2M
*@LK6760.CMD/E


 Transfer address = 001000  
 Program limits   = 001000  147376  146376
 Program size     = 26239. Words
 Runtime: 481 seconds


EXIT

!DELETE CG6760.OBJ,RU6760.OBJ


!RUN (TOOLS11)NIBTRN


***  PDP-11 TO NIB FORMAT CONVERTER ***

           VERSION 1.04

INPUT FILE: SV6760.IMG
OUTPUT FILE: ND6760.BND


       WORKING........  PLEASE STAND BY.......     

EXIT

!DIRECT ##6760.*/TODAY

ND6760  BND      24  23-MAR-88 1816    ALL RD  NO     11776
MP6760  MAP      20  23-MAR-88 1814    ALL RD  NO      9656
SV6760  IMG      27  23-MAR-88 1814    ALL RD  NO     13248
CG6760  MAC       2  23-MAR-88 1617    ALL RD  NO       273

!LOGOUT
92.41 tru
terminal time: 0:11:30

[Job (NEW11)BUILD.CTL completed]
[Output recorded in file (NEW11)ND6760.LOG]
!; BUILD FOON
!PCOM NDFOON.LOG=BUILD FOON/LOG
!;BUILD.CTL builds SV####.IMG and ND####.BND for TXSnet NODE=FOON
!DIRECT CGFOON.MAC

CGFOON  MAC       2  16-DEC-87 1902    ALL RD  NO       192

!RUN (TOOLS11)MACN11
MACN11-V4.43
*MCFOON.CMD@
MACN11: COMMON
MACN11: ROUTE

EXIT

!RUN (TOOLS11)LINK11
Link11 Version 5.2M
*@LKFOON.CMD/E


 Transfer address = 001000  
 Program limits   = 001000  147374  146374
 Program size     = 26238. Words
 Runtime: 480 seconds


EXIT

!DELETE CGFOON.OBJ,RUFOON.OBJ


!RUN (TOOLS11)NIBTRN


***  PDP-11 TO NIB FORMAT CONVERTER ***

           VERSION 1.04

INPUT FILE: SVFOON.IMG
OUTPUT FILE: NDFOON.BND


       WORKING........  PLEASE STAND BY.......     

EXIT

!DIRECT ##FOON.*/TODAY

NDFOON  BND      24  23-MAR-88 1827    ALL RD  NO     11648
MPFOON  MAP      20  23-MAR-88 1825    ALL RD  NO      9631
SVFOON  IMG      27  23-MAR-88 1825    ALL RD  NO     13247

!LOGOUT
91.56 tru
terminal time: 0:10:49

[Job (NEW11)BUILD.CTL completed]
[Output recorded in file (NEW11)NDFOON.LOG]
!; BUILD FRED
!PCOM NDFRED.LOG=BUILD FRED/LOG
!;BUILD.CTL builds SV####.IMG and ND####.BND for TXSnet NODE=FRED
!DIRECT CGFRED.MAC

CGFRED  MAC       2  23-MAR-88 1603    ALL RD  NO       345

!RUN (TOOLS11)MACN11
MACN11-V4.43
*MCFRED.CMD@
MACN11: COMMON
MACN11: ROUTE

EXIT

!RUN (TOOLS11)LINK11
Link11 Version 5.2M
*@LKFRED.CMD/E


 Transfer address = 001000  
 Program limits   = 001000  117176  116176
 Program size     = 20031. Words
 Runtime: 426 seconds


EXIT

!DELETE CGFRED.OBJ,RUFRED.OBJ


!RUN (TOOLS11)NIBTRN


***  PDP-11 TO NIB FORMAT CONVERTER ***

           VERSION 1.04

INPUT FILE: SVFRED.IMG
OUTPUT FILE: NDFRED.BND


       WORKING........  PLEASE STAND BY.......     

EXIT

!DIRECT ##FRED.*/TODAY

NDFRED  BND      18  23-MAR-88 1839    ALL RD  NO      8576
MPFRED  MAP      19  23-MAR-88 1837    ALL RD  NO      9013
SVFRED  IMG      21  23-MAR-88 1837    ALL RD  NO     10144
NDFRED  LOG       1  23-MAR-88 1620    ALL RD  NO      2048
CGFRED  MAC       2  23-MAR-88 1603    ALL RD  NO       345

!LOGOUT
85.52 tru
terminal time: 0:11:32

[Job (NEW11)BUILD.CTL completed]
[Output recorded in file (NEW11)NDFRED.LOG]
!; BUILD NICK
!PCOM NDNICK.LOG=BUILD NICK/LOG
!;BUILD.CTL builds SV####.IMG and ND####.BND for TXSnet NODE=NICK
!DIRECT CGNICK.MAC

CGNICK  MAC       2  16-DEC-87 1902    ALL RD  NO       338

!RUN (TOOLS11)MACN11
MACN11-V4.43
*MCNICK.CMD@
MACN11: COMMON
MACN11: ROUTE
ROUTE:
P8 9047	000074'					.ERROR	0;NODE 552A NOT SPECIFIED IN LINK MACRO
P8 9129	000074'					.ERROR	0;NO LINK DEFINED FOR PRIMARY PATH TO NODE 552A VIA NODE 552A

? Errors detected: 2

 *RUNICK=XP,CGNICK,RUFSC,ROUTE

EXIT

!RUN (TOOLS11)LINK11
Link11 Version 5.2M
*@LKNICK.CMD/E


 Transfer address = 001000  
 Program limits   = 001000  150446  147446
 Program size     = 26515. Words
 Runtime: 513 seconds


EXIT

!DELETE CGNICK.OBJ,RUNICK.OBJ


!RUN (TOOLS11)NIBTRN


***  PDP-11 TO NIB FORMAT CONVERTER ***

           VERSION 1.04

INPUT FILE: SVNICK.IMG
OUTPUT FILE: NDNICK.BND


       WORKING........  PLEASE STAND BY.......     

EXIT

!DIRECT ##NICK.*/TODAY

NDNICK  BND      24  23-MAR-88 1851    ALL RD  NO     11776
MPNICK  MAP      22  23-MAR-88 1848    ALL RD  NO     10279
SVNICK  IMG      28  23-MAR-88 1848    ALL RD  NO     13386

!LOGOUT
98.01 tru
terminal time: 0:12:12

[Job (NEW11)BUILD.CTL completed]
[Output recorded in file (NEW11)NDNICK.LOG]
!; all done
!DIRECT *.BND,*.IMG

NDNICK  BND      24  23-MAR-88 1851    ALL RD  NO     11776
SVNICK  IMG      28  23-MAR-88 1848    ALL RD  NO     13386
NDFRED  BND      18  23-MAR-88 1839    ALL RD  NO      8576
SVFRED  IMG      21  23-MAR-88 1837    ALL RD  NO     10144
NDFOON  BND      24  23-MAR-88 1827    ALL RD  NO     11648
SVFOON  IMG      27  23-MAR-88 1825    ALL RD  NO     13247
ND6760  BND      24  23-MAR-88 1816    ALL RD  NO     11776
SV6760  IMG      27  23-MAR-88 1814    ALL RD  NO     13248
ND6657  BND      24  23-MAR-88 1805    ALL RD  NO     11648
SV6657  IMG      27  23-MAR-88 1802    ALL RD  NO     13131
ND2770  BND      21  23-MAR-88 1754    ALL RD  NO     10112
SV2770  IMG      23  23-MAR-88 1752    ALL RD  NO     11238

!SEND JMS
Type letter:
; PCOM v1.63 - processed: (NEW11)TXS.LOG = (NEW11)TXS.CTL
; Options: DETACH  LOG NOAPPEND SUPERSEDE LICENSE 
; Limits: TIME:60 TRULIMIT:0 
; Status: completed.
; Output recorded in file (NEW11)TXS.LOG.

End of SAIL execution
!LOGOUT
[inferiors will be disowned]
69.37 tru
terminal time: 1:07:46
