
    CRASH SUMMARY FOR May  1,1988 TO May 31,1988 AS OF Jun 22,1988  1:00

 PDP CPU I/O DSK MEM SSW NHW NSW PER*PWR*ENV P/E UNK CLN          TOT AVAIL DATE
  23   2   0   1   3   0   0   0   0   0   0   0   2   1            9  96.8 0531
  25   0   0   0   5   0   0   0   0   0   0   0   0   0            5  99.7 0531
  31   0   0   0   1   0   0   0   0   1   0   0   0   0            2  99.9 0531
  34   0   0   0   0   0   1   0   0   0   0   0   0   0            1  99.9 0531
  35   1   0   0   1   1   0   1   0   0   0   0   0   0            4  99.7 0531
  37   2   0   0   1   0   0   0   0   0   0   0   0   0            3  99.8 0531
  54   1   0   0   0   0   1   0   0   0   0   0   1   0            3  99.1 0531
  55   2   0   0   0   1   1   0   0   0   0   0   0   0            4  99.8 0531
  56   0   0   1   0   0   0   0   0   0   0   0   0   0            1 100.0 0531
  65   0   0   0   0   0   0   0   0   0   0   0   1   0            1 100.0 0531
 DAL   8   0   2  11   2   3   1   0   1   0   0   4   1           33  99.5  3.3
 *                                                                 32  99.5  3.2
  22   0   0   0   1   0   0   1   0   0   0   0   0   0            2  99.9 0531
  26   0   0   0   0   0   0   0   0   0   0   0   0   0            0 100.0 0531
  29   6   0   1   0   5   0   2   0   0   0   0   0   0           14  98.9 0531
  30   2   0   0   0   0   0   1   0   0   1   0   0   0            4  99.4 0531
  33   2   0   0   0   0   0   0   0   0   0   0   0   0            2  99.9 0531
  38   0   0   0   0   0   1   1   0   0   0   0   0   0            2  99.2 0531
  39   1   0   0   0   1   1   0   0   0   0   0   1   0            4  99.3*0531
  58   1   0   0   0   0   0   0   0   0   0   0   0   0            1 100.0 0531
  74   1   0   1   1   0   0   0   0   0   0   0   0   0            3  99.8 0531
 FRE  13   0   2   2   6   2   5   0   0   1   0   1   0           32  99.6  3.6
 *                                                                 27  99.7  3.4
 TOT  21   0   4  13   8   5   6   0   1   1   0   5   1           65  99.5  3.4
 *                                                                 59  99.6  3.3
