

                          DISK USAGE REPORT
                            Gan Number : 3

Previous Run Date & Time :                   
Present  Run Date & Time :  1 APR 86      09:10
Old File Date            :  1 JAN 64
File Storage is Shown in Pages

    USER               CURRENT     PREVIOUS    DIFFERENCE   OLD
----------------------------------------------------------------------
11CURR                  144        ----        ----           0
703-ANF10                 0        ----        ----           0
703-DECNET                0        ----        ----           0
703-SMFILE                0        ----        ----           0
703-TOOLS                 0        ----        ----           0
703-TOPS10                0        ----        ----           0
ATPCH                   189        ----        ----           0
BADFILES                730        ----        ----           0
BIONIC                    0        ----        ----           0
BLISS36                   0        ----        ----           0
BWORK                    18        ----        ----           0
CARL                   7764        ----        ----           0
CB-DEC                  513        ----        ----           0
CB-DECDIR               609        ----        ----           0
CB-EXE                  626        ----        ----           0
CB-GALAXY                 0        ----        ----           0
CB-GAMES                103        ----        ----           0
CB-INFO                 627        ----        ----           0
CB-KERMIT               273        ----        ----           0
CB-MAGNUM                 0        ----        ----           0
CB-MAIL                1326        ----        ----           0
CB-MEMO                  96        ----        ----           0
CB-PARSER                 0        ----        ----           0
CB-SAIL                 641        ----        ----           0
CB-SAIL-ARC              74        ----        ----           0
CB-SAIL-LIB               0        ----        ----           0
CB-SAILIB                 0        ----        ----           0
CHERIE                  313        ----        ----           0
CMUAIL                  148        ----        ----           0
CSTEMPLATE               34        ----        ----           0
DEC                    1828        ----        ----           0
DEC-CUSPS                12        ----        ----           0
DENCOFF                  40        ----        ----           0
DOCAIL                  450        ----        ----           0
DWS                      17        ----        ----           0
EDITOR                    0        ----        ----           0
EMACS                   342        ----        ----           0
EMSAA.SERVER              0        ----        ----           0
ERNSTD                    0        ----        ----           0
EYES                      0        ----        ----           0
F10                       0        ----        ----           0
F10QA                     0        ----        ----           0
F40                       0        ----        ----           0
FJSAIL                   96        ----        ----           0
FLETCHERC               565        ----        ----           0
FORK                      0        ----        ----           0
FOROTS                    2        ----        ----           0
FOROTSQA                  0        ----        ----           0
FRENCH                    0        ----        ----           0
GABRIELG                 12        ----        ----           0
GAZEL                    28        ----        ----           0
GLYONS                    0        ----        ----           0
HELGEM                 3061        ----        ----           0
IMPORT                  850        ----        ----           0
INFO                    314        ----        ----           0
JAIL                    596        ----        ----           0
JASONG                    9        ----        ----           0
JMS                    1010        ----        ----           0
JMS-CSM                 128        ----        ----           0
JMS-INFO                873        ----        ----           0
JMS-KERMIT                0        ----        ----           0
JOESMITH                146        ----        ----           0
JUNKMAIL                 42        ----        ----           0
JW.DSKCLN               338        ----        ----           0
JW.WORK                  70        ----        ----           0
K.AUXIO                  51        ----        ----           0
K.LISP                   13        ----        ----           0
K.SAIL                   14        ----        ----           0
K.SLR                    17        ----        ----           0
K.TAPE                  100        ----        ----           0
KDEV1                     0        ----        ----           0
KDEV2                     0        ----        ----           0
KDEV3                   107        ----        ----           0
KL10                   3044        ----        ----           0
KLIB                    138        ----        ----           0
KS2020                 2200        ----        ----           0
KSBACK                 3635        ----        ----           0
LINK10                 2113        ----        ----           0
LOGGER                  227        ----        ----           0
LPQ                     176        ----        ----           0
LPQUE                     0        ----        ----           0
LPTSPL                   15        ----        ----           0
LRAC                      0        ----        ----           0
M33                   15931        ----        ----           0
MACRO53                   6        ----        ----           0
MACRO53TST               22        ----        ----           0
MAIL                   1182        ----        ----           0
MAILDEV                   0        ----        ----           0
MARYG                     4        ----        ----           0
MFICHE                    0        ----        ----           0
MONDOC                 1467        ----        ----           0
MPL                    6778        ----        ----           0
MWORK                   504        ----        ----           0
MYPEAK                  876        ----        ----           0
NATHANIELG                4        ----        ----           0
NDT                    5274        ----        ----           0
NEWFDM                  434        ----        ----           0
NEWINFO                 123        ----        ----           0
NEWRPG                  453        ----        ----           0
NEWSCAN                3334        ----        ----           0
NEWSPL                  328        ----        ----           0
NEWTYPE                   0        ----        ----           0
NFDM                    164        ----        ----           0
OEIL                      0        ----        ----           0
OSARC                 12026        ----        ----           0
OSB                    1644        ----        ----           0
OSMAN                  1175        ----        ----           0
OSNF                    362        ----        ----           0
OSP                    6651        ----        ----           0
OSU                    2578        ----        ----           0
PASSFRAME               388        ----        ----           0
PEAK                    470        ----        ----           0
PEAK.B2                   0        ----        ----           0
PEAK.BAK                  0        ----        ----           0
PEAK.OLD                815        ----        ----           0
PEAK1                    27        ----        ----           0
PEAKDOC                  54        ----        ----           0
PEAKX                   814        ----        ----           0
PERP                      0        ----        ----           0
PRODUCTLIST               0        ----        ----           0
PRT                      88        ----        ----           0
PSP                       0        ----        ----           0
PUB                    1183        ----        ----           0
RING                      0        ----        ----           0
SAFIYEG                  10        ----        ----           0
SAIL                   1930        ----        ----           0
SAILFOO                 366        ----        ----           0
SAILIB                 1277        ----        ----           0
SAILTEST               2108        ----        ----           0
SALLY                    76        ----        ----           0
SOCCI                  1769        ----        ----           0
SPL                    1231        ----        ----           0
SPPARCH                 343        ----        ----           0
SPPOPER                 190        ----        ----           0
SWORK                     2        ----        ----           0
SYSFIL                  123        ----        ----           0
SYSINFO                   3        ----        ----           0
SYSMAINT                391        ----        ----           0
SYSTECH                   2        ----        ----           0
T10AIL                    0        ----        ----           0
TED                    2044        ----        ----           0
TELE                      0        ----        ----           0
TNXAIL                    0        ----        ----           0
TODD                    738        ----        ----           0
TOPS10                 1829        ----        ----           0
TOPS10-603A               0        ----        ----           0
TOPS10-701                4        ----        ----           0
TOPS10-702               78        ----        ----           0
TOPS10-DOC                0        ----        ----           0
TSUCOOP                  42        ----        ----           0
TTR                       6        ----        ----           0
TXSSUP                  521        ----        ----           0
TYMAIL                    0        ----        ----           0
TYMGRIPE                 19        ----        ----           0
UORAIL                  266        ----        ----           0
UWORK                   359        ----        ----           0
VIEW                      0        ----        ----           0
VMAP                    223        ----        ----           0
VU                        0        ----        ----           0
VUE                     295        ----        ----           0
WFW                      56        ----        ----           0
WFWCUSP                   4        ----        ----           0
WRS                    1447        ----        ----           0
XAIL                    319        ----        ----           0
XBLISS                    0        ----        ----           0
XCONSULT                  0        ----        ----           0
XEXEC                   446        ----        ----           0
XMAIL                     0        ----        ----           0
XUEY                      0        ----        ----           0
XXARC                   550        ----        ----           0
YAMM                      7        ----        ----           0
YEUX                    586        ----        ----           0
ZONNIE                   14        ----        ----           0
ZORK                      0        ----        ----           0
----------------------------------------------------------------------
TOTALS               121740           0           0           0
----------------------------------------------------------------------

    