!; Get rid of first 3 columns of every line
!R TYPE
*NUMCK.CBL=NUMCK.IBM/COL:4:135/EXIT

EXIT

!; Get rid of card sequence numbers at end of every line
!MUNG NONUM.TEC,NUMCK.CBL

%TECSEF Superseding existing file
2571

!; Get rid of leading blanks in comment lines (asterisk)
!MUNG NOSPC.TEC,NUMCK.CBL

%TECSEF Superseding existing file
354

!; Get a listing file
!COMPILE/LIST NUMCK.CBL
COBOL:	PD      [NUMCK.CBL]
    0014       ALPHABET EBCDIC IS EBCDIC.
	       ^

FATAL - IMPROPER CLAUSE

    0028    FD  OLDTP70-FILE
	        ^

FATAL - THIS FILE NOT SELECTED
FATAL - VALUE OF ID REQUIRED

    0115           I-DIV-FQ-CD           PIC X.
	           ^

FATAL - AN ENTRY CONTAINING, OR SUBORDINATE TO AN ENTRY
	CONTAINING, AN 'OCCURS' CLAUSE MAY NOT BE REDEFINED

    0119    FD  OUTTP70-FILE
	        ^

FATAL - THIS FILE NOT SELECTED

    0124    FD  UPDATE-FILE
	        ^

FATAL - THIS FILE NOT SELECTED

    0222    FD  TRANS-FILE
	        ^

FATAL - THIS FILE NOT SELECTED

    0352    FD  PRINT-FILE
	        ^

FATAL - THIS FILE NOT SELECTED

    0536       05 FILLER PIC X(30) VALUE '40 TO 216 CONVERT  VERSION 7.          0'.
	          ^

NON-NUMERIC LITERAL IN VALUE CLAUSE TRUNCATED TO SIZE OF ITEM

    0549        05 FILLER PIC X(30) VALUE 'CAPIT.           SECTION NUMBER ERROR   '.
	           ^

NON-NUMERIC LITERAL IN VALUE CLAUSE TRUNCATED TO SIZE OF ITEM

    0550        05 FILLER PIC X(30) VALUE 'EXTRA STATUS CONTIN.           RECORDS  '.
	           ^

NON-NUMERIC LITERAL IN VALUE CLAUSE TRUNCATED TO SIZE OF ITEM

    0551        05 FILLER PIC X(30) VALUE 'DIV.           SECTION NUMBER INVALID   '.
	           ^

NON-NUMERIC LITERAL IN VALUE CLAUSE TRUNCATED TO SIZE OF ITEM

    0559        05 FILLER PIC X(30) VALUE 'DATE COMPUTED FROM TRANS.           REC '.
	           ^

NON-NUMERIC LITERAL IN VALUE CLAUSE TRUNCATED TO SIZE OF ITEM

    0560        05 FILLER PIC X(30) VALUE 'PROBLEMS >100: JOB TERMINATED.          '.
	           ^

NON-NUMERIC LITERAL IN VALUE CLAUSE TRUNCATED TO SIZE OF ITEM

    0562        05 FILLER PIC X(30) VALUE 'STATUS CONTIN.           OUT OF ORDER   '.
	           ^

NON-NUMERIC LITERAL IN VALUE CLAUSE TRUNCATED TO SIZE OF ITEM

    0596       05  FILLER      PIC X(15) VALUE 'LAST BULT.           REC:'.
	           ^

NON-NUMERIC LITERAL IN VALUE CLAUSE TRUNCATED TO SIZE OF ITEM

    0686       05  FILLER      PIC X(26) VALUE
	           ^

NON-NUMERIC LITERAL IN VALUE CLAUSE TRUNCATED TO SIZE OF ITEM

    0829           O-DIV-FQ-CD           PIC X.
	           ^

FATAL - AN ENTRY CONTAINING, OR SUBORDINATE TO AN ENTRY
	CONTAINING, AN 'OCCURS' CLAUSE MAY NOT BE REDEFINED

    0879       05  D-X-QSIP REDEFINES D-QSIP.
	                              ^

FATAL - AN ENTRY CONTAINING, OR SUBORDINATE TO AN ENTRY
	CONTAINING, AN 'OCCURS' CLAUSE MAY NOT BE REDEFINED

    0913       05  COM-OPT-X-QSIP REDEFINES COM-OPT-QSIP.
	                                    ^

FATAL - AN ENTRY CONTAINING, OR SUBORDINATE TO AN ENTRY
	CONTAINING, AN 'OCCURS' CLAUSE MAY NOT BE REDEFINED

    0997       WRITE PRINT-REC FROM ID-1 AFTER ADVANCING NEXT-PAGE.
	                                                 ^

FATAL - IDENTIFIER, NUMERIC LITERAL, OR MNEMONIC-NAME EXPECTED

    0998       WRITE PRINT-REC FROM ID-2 AFTER ADVANCING 2 LINES.
	       ^

FATAL - 'ADVANCING' ALLOWED ONLY ON SEQUENTIAL FILES
FATAL - 'INVALID KEY' CLAUSE REQUIRED

    0999       WRITE PRINT-REC FROM DASHES AFTER ADVANCING 1 LINES.
	       ^

FATAL - 'ADVANCING' ALLOWED ONLY ON SEQUENTIAL FILES
FATAL - 'INVALID KEY' CLAUSE REQUIRED

    1001       WRITE PRINT-REC AFTER ADVANCING 6 LINES.
	       ^

FATAL - 'ADVANCING' ALLOWED ONLY ON SEQUENTIAL FILES
FATAL - 'INVALID KEY' CLAUSE REQUIRED

    1019       READ TRANS-FILE AT END
	                          ^

'INVALID KEY' ASSUMED

    1053       READ TRANS-FILE AT END
	                          ^

'INVALID KEY' ASSUMED

    1085       READ TRANS-FILE INTO UPD-REC AT END
	                                       ^

'INVALID KEY' ASSUMED

    1097      WRITE UPD-REC
	      ^

FATAL - 'INVALID KEY' CLAUSE REQUIRED

    1101       WRITE UPD-REC.
	       ^

FATAL - 'INVALID KEY' CLAUSE REQUIRED

    1169       PERFORM MAIN-RTN UNTIL ENDALL OR FATAL-ERROR.
	               ^

FATAL - THIS PROCEDURE NAME IS NOT DEFINED

    1173      *
	      ^

FATAL - ONLY NOTES MAY APPEAR IN REMAINDER OF THIS PARAGRAPH

    1368       WRITE OUTP216-REC FROM OUTP-REC.
	       ^

FATAL - 'INVALID KEY' CLAUSE REQUIRED

    1441            ((O-COUP-RATE * 100.          0) / O-LOW)
	                              1^         2^

1) FATAL - UNBALANCED PARENTHESES
2) FATAL - STATEMENT EXPECTED

    1446               ((O-COUP-RATE * 100.          0) / O-LOW)
	                                             ^

FATAL - STATEMENT EXPECTED

    1450               ((O-COUP-RATE * 100.          0) / O-CLOSE)
	                                             ^

FATAL - STATEMENT EXPECTED

    1464                ((O-COUP-RATE * 100.          0) / O-LOW)
	                                              ^

FATAL - STATEMENT EXPECTED

    1468            ((O-COUP-RATE * 100.          0) / O-CLOSE)
	                                         1^           2^

1) FATAL - STATEMENT EXPECTED
2) PERIOD ASSUMED

    1477      ELSE IF O-X-CD EQUAL TO 'N' OR 'O' OR 'P' OR
	      ^

FATAL - STATEMENT EXPECTED

    1484          ((O-COUP-RATE * 100.          0) / O-ADJ-PREV-CLOSE)
	                                        ^

FATAL - STATEMENT EXPECTED

    1492              ((O-COUP-RATE * 100.          0) / O-CLOSE)
	                                           1^           2^

1) FATAL - STATEMENT EXPECTED
2) PERIOD ASSUMED

    1503      ELSE
	      ^

FATAL - STATEMENT EXPECTED

    1530      READ UPDATE-FILE AT END
	                          ^

'INVALID KEY' ASSUMED

    1617       IF C-ADJ-FAC NOT EQUAL TO 1.          0
	                                 1^         2^^

1) FATAL - STATEMENT EXPECTED
2) FATAL - STATEMENT EXPECTED
2) PERIOD ASSUMED

    1619       ELSE
	       ^

FATAL - STATEMENT EXPECTED

    1825      READ TRANS-FILE AT END
	                         ^

'INVALID KEY' ASSUMED

    2411       WRITE OUTP216-REC FROM W-NINES.
	       ^

FATAL - 'INVALID KEY' CLAUSE REQUIRED

    2463       WRITE PRINT-REC AFTER ADVANCING 2 LINES.
	       ^

FATAL - 'ADVANCING' ALLOWED ONLY ON SEQUENTIAL FILES
FATAL - 'INVALID KEY' CLAUSE REQUIRED

    2469       WRITE PRINT-REC AFTER ADVANCING 1 LINES.
	       ^

FATAL - 'ADVANCING' ALLOWED ONLY ON SEQUENTIAL FILES
FATAL - 'INVALID KEY' CLAUSE REQUIRED

    2471       WRITE PRINT-REC AFTER ADVANCING 2 LINES.
	       ^

FATAL - 'ADVANCING' ALLOWED ONLY ON SEQUENTIAL FILES
FATAL - 'INVALID KEY' CLAUSE REQUIRED

    2479       WRITE PRINT-REC FROM MESS-REC AFTER ADVANCING 1 LINES.
	       ^

FATAL - 'ADVANCING' ALLOWED ONLY ON SEQUENTIAL FILES
FATAL - 'INVALID KEY' CLAUSE REQUIRED

    2487       WRITE PRINT-REC AFTER ADVANCING NEXT-PAGE.
	                                       ^

FATAL - IDENTIFIER, NUMERIC LITERAL, OR MNEMONIC-NAME EXPECTED

    2489       WRITE PRINT-REC AFTER ADVANCING 1 LINES.
	       ^

FATAL - 'ADVANCING' ALLOWED ONLY ON SEQUENTIAL FILES
FATAL - 'INVALID KEY' CLAUSE REQUIRED

    2492       WRITE PRINT-REC AFTER ADVANCING 7 LINES.
	       ^

FATAL - 'ADVANCING' ALLOWED ONLY ON SEQUENTIAL FILES
FATAL - 'INVALID KEY' CLAUSE REQUIRED

    2494       WRITE PRINT-REC AFTER ADVANCING 2 LINES.
	       ^

FATAL - 'ADVANCING' ALLOWED ONLY ON SEQUENTIAL FILES
FATAL - 'INVALID KEY' CLAUSE REQUIRED

    2496       WRITE PRINT-REC AFTER ADVANCING 2 LINES.
	       ^

FATAL - 'ADVANCING' ALLOWED ONLY ON SEQUENTIAL FILES
FATAL - 'INVALID KEY' CLAUSE REQUIRED

    2498       WRITE PRINT-REC AFTER ADVANCING 2 LINES.
	       ^

FATAL - 'ADVANCING' ALLOWED ONLY ON SEQUENTIAL FILES
FATAL - 'INVALID KEY' CLAUSE REQUIRED

    2500       WRITE PRINT-REC AFTER ADVANCING 2 LINES.
	       ^

FATAL - 'ADVANCING' ALLOWED ONLY ON SEQUENTIAL FILES
FATAL - 'INVALID KEY' CLAUSE REQUIRED

    2502       WRITE PRINT-REC AFTER ADVANCING 5 LINES.
	       ^

FATAL - 'ADVANCING' ALLOWED ONLY ON SEQUENTIAL FILES
FATAL - 'INVALID KEY' CLAUSE REQUIRED

    2508       WRITE PRINT-REC AFTER ADVANCING 2 LINES.
	       ^

FATAL - 'ADVANCING' ALLOWED ONLY ON SEQUENTIAL FILES
FATAL - 'INVALID KEY' CLAUSE REQUIRED

    2511       WRITE PRINT-REC AFTER ADVANCING 5 LINES.
	       ^

FATAL - 'ADVANCING' ALLOWED ONLY ON SEQUENTIAL FILES
FATAL - 'INVALID KEY' CLAUSE REQUIRED

    2525       WRITE PRINT-REC AFTER ADVANCING 4 LINES.
	       ^

FATAL - 'ADVANCING' ALLOWED ONLY ON SEQUENTIAL FILES
FATAL - 'INVALID KEY' CLAUSE REQUIRED

    2552       WRITE PRINT-REC AFTER ADVANCING 4 LINES.
	       ^

FATAL - 'ADVANCING' ALLOWED ONLY ON SEQUENTIAL FILES
FATAL - 'INVALID KEY' CLAUSE REQUIRED

    2558       WRITE PRINT-REC AFTER ADVANCING 4 LINES.
	       ^

FATAL - 'ADVANCING' ALLOWED ONLY ON SEQUENTIAL FILES
FATAL - 'INVALID KEY' CLAUSE REQUIRED

    2560       WRITE PRINT-REC AFTER ADVANCING 1 LINES.
	       ^

FATAL - 'ADVANCING' ALLOWED ONLY ON SEQUENTIAL FILES
FATAL - 'INVALID KEY' CLAUSE REQUIRED

    2570       WRITE PRINT-REC AFTER ADVANCING 1 LINES.
	       ^

FATAL - 'ADVANCING' ALLOWED ONLY ON SEQUENTIAL FILES
FATAL - 'INVALID KEY' CLAUSE REQUIRED


WARNINGS:

    0564  REDEFINITION IS NOT THE SAME SIZE AS THE REDEFINED ITEM
    0833  REDEFINITION IS NOT THE SAME SIZE AS THE REDEFINED ITEM
    0843  REDEFINITION IS NOT THE SAME SIZE AS THE REDEFINED ITEM
    0868  REDEFINITION IS NOT THE SAME SIZE AS THE REDEFINED ITEM
    0873  REDEFINITION IS NOT THE SAME SIZE AS THE REDEFINED ITEM
    0907  REDEFINITION IS NOT THE SAME SIZE AS THE REDEFINED ITEM
    1070  MOST SIGNIFICANT DIGITS TRUNCATED ON TD-M-CNT
    1285  RIGHT-MOST TRUNCATION ON O-DATA
    1368  RIGHT-MOST TRUNCATION ON OUTP-REC
    1372  RIGHT-MOST TRUNCATION ON OUT-DESC-SAVE
    1404  MOST SIGNIFICANT DIGITS TRUNCATED ON O-ADJ-PREV-CLOSE
    1404  LEAST SIGNIFICANT DIGITS TRUNCATED ON O-ADJ-PREV-CLOSE
    1440  MOST SIGNIFICANT DIGITS TRUNCATED ON O-BD-CUR-YLD
    1515  MOST SIGNIFICANT DIGITS TRUNCATED ON O-ADJ-PREV-CLOSE
    1515  LEAST SIGNIFICANT DIGITS TRUNCATED ON O-ADJ-PREV-CLOSE
    1601  MOST SIGNIFICANT DIGITS TRUNCATED ON O-IAD
    1615  MOST SIGNIFICANT DIGITS TRUNCATED ON O-SHRS-OUT
    1892  MOST SIGNIFICANT DIGITS TRUNCATED ON TEMP-PRCS
    1896  MOST SIGNIFICANT DIGITS TRUNCATED ON O-CLOSE4
    1896  LEAST SIGNIFICANT DIGITS TRUNCATED ON O-CLOSE4
    1897  MOST SIGNIFICANT DIGITS TRUNCATED ON O-HIGH4
    1897  LEAST SIGNIFICANT DIGITS TRUNCATED ON O-HIGH4
    1898  MOST SIGNIFICANT DIGITS TRUNCATED ON O-LOW4
    1898  LEAST SIGNIFICANT DIGITS TRUNCATED ON O-LOW4
    1900  LEAST SIGNIFICANT DIGITS TRUNCATED ON O-CLOSE
    1901  MOST SIGNIFICANT DIGITS TRUNCATED ON O-HIGH
    1901  LEAST SIGNIFICANT DIGITS TRUNCATED ON O-HIGH
    1902  MOST SIGNIFICANT DIGITS TRUNCATED ON O-LOW
    1902  LEAST SIGNIFICANT DIGITS TRUNCATED ON O-LOW
    2003  MOST SIGNIFICANT DIGITS TRUNCATED ON VOL-TEMP
    2010  MOST SIGNIFICANT DIGITS TRUNCATED ON WS-CLOSE-INT
    2018  MOST SIGNIFICANT DIGITS TRUNCATED ON WS-LOW-INT
    2048  MOST SIGNIFICANT DIGITS TRUNCATED ON TEMP-CLOSE
    2049  MOST SIGNIFICANT DIGITS TRUNCATED ON TEMP-HIGH
    2050  MOST SIGNIFICANT DIGITS TRUNCATED ON TEMP-LOW
    2056  MOST SIGNIFICANT DIGITS TRUNCATED ON FRAC-32NDS
    2059  MOST SIGNIFICANT DIGITS TRUNCATED ON FRAC-32NDS
    2062  MOST SIGNIFICANT DIGITS TRUNCATED ON FRAC-32NDS
    2080  MOST SIGNIFICANT DIGITS TRUNCATED ON TEMP-CLOSE
    2082  MOST SIGNIFICANT DIGITS TRUNCATED ON TEMP-HIGH
    2084  MOST SIGNIFICANT DIGITS TRUNCATED ON TEMP-LOW
    2087  MOST SIGNIFICANT DIGITS TRUNCATED ON TEMP-CLOSE
    2089  MOST SIGNIFICANT DIGITS TRUNCATED ON TEMP-HIGH
    2091  MOST SIGNIFICANT DIGITS TRUNCATED ON TEMP-LOW
    2106  MOST SIGNIFICANT DIGITS TRUNCATED ON O-CLOSE
    2106  LEAST SIGNIFICANT DIGITS TRUNCATED ON O-CLOSE
    2107  MOST SIGNIFICANT DIGITS TRUNCATED ON O-HIGH
    2107  LEAST SIGNIFICANT DIGITS TRUNCATED ON O-HIGH
    2108  MOST SIGNIFICANT DIGITS TRUNCATED ON O-LOW
    2108  LEAST SIGNIFICANT DIGITS TRUNCATED ON O-LOW
    2115  MOST SIGNIFICANT DIGITS TRUNCATED ON O-UND-STK-PRICE
    2147  MOST SIGNIFICANT DIGITS TRUNCATED ON TEMP-BID
    2149  MOST SIGNIFICANT DIGITS TRUNCATED ON TEMP-ASK
    2152  MOST SIGNIFICANT DIGITS TRUNCATED ON TEMP-BID
    2154  MOST SIGNIFICANT DIGITS TRUNCATED ON TEMP-ASK
    2390  MOST SIGNIFICANT DIGITS TRUNCATED ON WS-M-CNT
    2479  RIGHT-MOST TRUNCATION ON MESS-REC

?74 FATAL ERRORS, 74 WARNINGS

EXIT

!DIRECT NUMCK.*

NUMCK   CBL      35   3-OCT-88
NUMCK   LST      52   3-OCT-88
NUMCK   LOG       1   3-OCT-88
NUMCK   CTL       2   3-OCT-88
NUMCK   IBM      71   3-OCT-88

!LOGOUT
376.79 tru
terminal time: 0:02:05
    