
: 
: 
: 
: 
REPLACING FILE (SPL:14)SYSNO.MEM

COPY STARTING

(SPL:32)SYSNO.MEM COPIED TO (SPL:14)SYSNO.MEM

1760 (1555) CHARS. TRANSMITTED

: 
SYSTEM UNAVAILABLE
: 
REPLACING FILE (SPL:22)SYSNO.MEM

COPY STARTING

(SPL:32)SYSNO.MEM COPIED TO (SPL:22)SYSNO.MEM

1760 (1555) CHARS. TRANSMITTED

: 
REPLACING FILE (SPL:26)SYSNO.MEM

COPY STARTING

(SPL:32)SYSNO.MEM COPIED TO (SPL:26)SYSNO.MEM

1760 (1555) CHARS. TRANSMITTED

: 
REPLACING FILE (SPL:29)SYSNO.MEM

COPY STARTING

(SPL:32)SYSNO.MEM COPIED TO (SPL:29)SYSNO.MEM

1760 (1555) CHARS. TRANSMITTED

: 
REPLACING FILE (SPL:30)SYSNO.MEM

COPY STARTING

(SPL:32)SYSNO.MEM COPIED TO (SPL:30)SYSNO.MEM

1760 (1555) CHARS. TRANSMITTED

: 
REPLACING FILE (SPL:33)SYSNO.MEM

COPY STARTING

(SPL:32)SYSNO.MEM COPIED TO (SPL:33)SYSNO.MEM

1760 (1555) CHARS. TRANSMITTED

: 
REPLACING FILE (SPL:38)SYSNO.MEM

COPY STARTING

(SPL:32)SYSNO.MEM COPIED TO (SPL:38)SYSNO.MEM

1760 (1555) CHARS. TRANSMITTED

: 
REPLACING FILE (SPL:58)SYSNO.MEM

COPY STARTING

(SPL:32)SYSNO.MEM COPIED TO (SPL:58)SYSNO.MEM

1760 (1555) CHARS. TRANSMITTED

: 
REPLACING FILE (SPL:74)SYSNO.MEM

COPY STARTING

(SPL:32)SYSNO.MEM COPIED TO (SPL:74)SYSNO.MEM

1760 (1555) CHARS. TRANSMITTED

: 
REPLACING FILE (SPL:23)SYSNO.MEM

COPY STARTING

(SPL:32)SYSNO.MEM COPIED TO (SPL:23)SYSNO.MEM

1760 (1555) CHARS. TRANSMITTED

: 
REPLACING FILE (SPL:25)SYSNO.MEM

COPY STARTING

(SPL:32)SYSNO.MEM COPIED TO (SPL:25)SYSNO.MEM

1760 (1555) CHARS. TRANSMITTED

: 
REPLACING FILE (SPL:31)SYSNO.MEM

COPY STARTING

(SPL:32)SYSNO.MEM COPIED TO (SPL:31)SYSNO.MEM

1760 (1555) CHARS. TRANSMITTED

: 
REPLACING FILE (SPL:34)SYSNO.MEM

COPY STARTING

(SPL:32)SYSNO.MEM COPIED TO (SPL:34)SYSNO.MEM

1760 (1555) CHARS. TRANSMITTED

: 
REPLACING FILE (SPL:35)SYSNO.MEM

COPY STARTING

(SPL:32)SYSNO.MEM COPIED TO (SPL:35)SYSNO.MEM

1760 (1555) CHARS. TRANSMITTED

: 
REPLACING FILE (SPL:37)SYSNO.MEM

COPY STARTING

(SPL:32)SYSNO.MEM COPIED TO (SPL:37)SYSNO.MEM

1760 (1555) CHARS. TRANSMITTED

: 
REPLACING FILE (SPL:54)SYSNO.MEM

COPY STARTING

(SPL:32)SYSNO.MEM COPIED TO (SPL:54)SYSNO.MEM

1760 (1555) CHARS. TRANSMITTED

: 
REPLACING FILE (SPL:55)SYSNO.MEM

COPY STARTING

(SPL:32)SYSNO.MEM COPIED TO (SPL:55)SYSNO.MEM

1760 (1555) CHARS. TRANSMITTED

: 
REPLACING FILE (SPL:56)SYSNO.MEM

COPY STARTING

(SPL:32)SYSNO.MEM COPIED TO (SPL:56)SYSNO.MEM

1760 (1555) CHARS. TRANSMITTED

: 
REPLACING FILE (SPL:65)SYSNO.MEM

COPY STARTING

(SPL:32)SYSNO.MEM COPIED TO (SPL:65)SYSNO.MEM

1760 (1555) CHARS. TRANSMITTED

: 