!! title Checkpoint Files [:39]

                   The following is a list of Peak checkpoint
                   files discovered on system :39 on 8.1.84 at
                   2:24pm.


(TYMNET)  039PEA.001
(MATOKA)  041PEA.001, 066PEA.001
(WWANG)  053PEA.BAK, 053PEA.001
(ACHERIN)  054PEA.001, 079PEA.001, 118PEA.001, 021PEA.001, 046PEA.001
(FBATCH)  063PEA.001
(ACRIGNIS)  024PEA.001
(PAKTOR)  051PEA.001, 124PEA.001
(TROUSSAR)  047PEA.001, 047PEA.002, 014PEA.001, 039PEA.001, 039PEA.002
(REGNIER)  053PEA.001, 035PEA.001
(KLUTE)  006PEA.001
(NETVALCODE)  090PEA.001
(FANDRE)  055PEA.001, 007PEA.001
(BBUNYAN)  027PEA.001, 019PEA.001
(SALTYRON)  030PEA.001
(BURRIESCIN)  063PEA.001, 045PEA.001, 028PEA.001, 006PEA.001
(MOORING)  021PEA.001
(BRUCE)  009PEA.001
(NEMSOURCE)  012PEA.001
(OJANG)  018PEA.001
(TMCSDEV)  030PEA.001, 013PEA.001, 014PEA.001
(SELTZER)  070PEA.001, 070PEA.002
(LEEWAKE)  026PEA.001
(PLORDAN)  061PEA.001, 061PEA.002
(XMOY)  023PEA.001, 024PEA.001
(RKLUTE)  006PEA.001
(TNSCTRAIN)  006PEA.002
(JEANGUY)  018PEA.001, 018PEA.002, 012PEA.002, 013PEA.001, 051PEA.001, 016PEA.BAK, 068PEA.001, 068PEA.002, 044PEA.001, 044PEA.BAK, 044PEA.002
(JMARCIN)  101PEA.001, 050PEA.001, 050PEA.002
(SGARDE)  095PEA.001, 095PEA.002
(PATROL)  037PEA.001
(BUBBNET)  079PEA.001
(KGIANG)  097PEA.001
(SPPOPER)  020PEA.001
(PBADOZ)  061PEA.001, 061PEA.002, 061PEA.003
(RADMON)  099PEA.001
(VMBDEV)  055PEA.001, 047PEA.001, 031PEA.001, 016PEA.001, 034PEA.001, 100PEA.001
(SCHEN)  068PEA.002, 068PEA.001
(HOWELLSC)  023PEA.001, 062PEA.001
(WRS)  097PEA.001
(EBS)  084PEA.001
(NETDVDOC)  087PEA.001
(TNSM)  028PEA.001, 021PEA.001, 021PEA.002, 035PEA.001, 035PEA.002, 044PEA.001, 017PEA.001, 017PEA.002
(RUDMAN)  037PEA.001
(RAFFO)  025PEA.001, 086PEA.001
(GLEE)  063PEA.001, 012PEA.001
(ISHANW)  051PEA.001
