

                          DISK USAGE REPORT
                               All Gans

Previous Run Date & Time : 25 JUN 84      07:25
Present  Run Date & Time :  2 JUL 84      08:29
Old File Date            :  1 JAN 64
File Storage is Shown in Pages

    USER               CURRENT     PREVIOUS    DIFFERENCE   OLD
----------------------------------------------------------------------
*1BATCH                1754        1710          44           0
*1KEN                   175         175           0           0
*6NEWS                 1907        1907           0           0
11CURR                  674         674           0           0
1213MGR                 238         238           0           0
2311DOC                2309        2307           2           0
A3TOM                     2           2           0           0
ABCDTCATTEST            164         164           0           0
ABELE                    19          19           0           0
ACCTPRO                 162         162           0           0
ACHAO                   472         362         110           0
ACHERIN                 569         569           0           0
ACRIGNIS               4678        4678           0           0
ACT10                     3           3           0           0
ACTGTYMA                  0           0           0           0
ACTRTY                 1268        2290       -1022           0
ACUDEMO                   0           0           0           0
AHEINTZ                  26          26           0           0
AKSELROD               2818        2130         688           0
ALANK                     0           0           0           0
ALBERTAC                 56          56           0           0
ALCORN                   15          15           0           0
ALEXTING               1746        1571         175           0
ALFENN                   68          68           0           0
ALPHALIB                  0           0           0           0
AMEX                      0           0           0           0
AMYKWOK                  36          36           0           0
ANDRAKIN                163         210         -47           0
ANVERM                  233         233           0           0
AP.ACSUP                  0           0           0           0
APICHELL                 20          20           0           0
APPSUP                   33          33           0           0
APSPROD                1021        1021           0           0
APSSUP                 7105        7065          40           0
ARDIS                     7           7           0           0
ARELLA                    0           0           0           0
ASCPA                  2192        2192           0           0
ASDIV                   476         465          11           0
ASLPRINT                  0           0           0           0
ATCHISON                  0        ----        ----           0
ATLTECH                1700        1700           0           0
ATSOURCE                  0           0           0           0
AUDLIB                  405         405           0           0
AVROC                     0           0           0           0
AWHITE                  188         188           0           0
AYARS                     0           0           0           0
BABPRINT                 86          86           0           0
BAILEY                    0           0           0           0
BAILEYH                  63          63           0           0
BARBAL                    0           0           0           0
BASELINE               4088        4088           0           0
BASESUP                   0           0           0           0
BASICWS                   0           0           0           0
BATES                   274         274           0           0
BBENG                    12          12           0           0
BBUNYAN                 115          20          95           0
BCHANG                  108         108           0           0
BCHEN                   213         209           4           0
BDREC                   242         244          -2           0
BECHLYT                1394        1394           0           0
BELG1                     2           2           0           0
BERT                     19          19           0           0
BETATEST              13051       12395         656           0
BFOX                    344         344           0           0
BHAYES                  669         669           0           0
BHOREN                   10          10           0           0
BILLF                     0           0           0           0
BILLING10             30740       33458       -2718           0
BLAIR                    40          40           0           0
BLGBASE                   0           0           0           0
BMCDEV                 1192        1192           0           0
BNOLLEY                 315         308           7           0
BOBH                      5           5           0           0
BOBJ                    375         375           0           0
BONDAD                 1662        1241         421           0
BONEL                     0           0           0           0
BONNELL                   0           0           0           0
BOSPRINT                 42          42           0           0
BOURDEAU                 99          99           0           0
BOWMANJ                 426         423           3           0
BRADYA                    0           0           0           0
BRETTF                   23          23           0           0
BREZELL                  29          29           0           0
BROCKETAL                 0           0           0           0
BRUCE                   917        1303        -386           0
BSCDEV                 8022        7986          36           0
BUBBANAL                  0        ----        ----           0
BUBBNET               15611       15260         351           0
BUDGET                  986         986           0           0
BUFPRINT                  0           0           0           0
BURNS1                    0           0           0           0
BURRIESCIN             2904        2871          33           0
BUSPLN                  174         174           0           0
BWALLACE                  0           0           0           0
C.JONES                   4           4           0           0
C/LANGDON                29          29           0           0
CALSTATE               1569        1569           0           0
CANDERSON                 0        ----        ----           0
CAPSETRK                234         234           0           0
CAPSMSP1                  0           0           0           0
CARHART                 265         498        -233           0
CARL                    827         825           2           0
CARLSONP                  0           0           0           0
CBLACK                 1280        1259          21           0
CBROWN                  171         171           0           0
CC                      870         870           0           0
CCDA                   4201        4201           0           0
CCDI                      2           2           0           0
CCDR                      0           0           0           0
CCHEN                   187         187           0           0
CDNAREA                   2           2           0           0
CFLEX                     0           0           0           0
CFOX                     82          41          41           0
CFSYSTEM                  0           0           0           0
CHALIT                 1186         329         857           0
CHANG                  1358        1366          -8           0
CHARLENENG                0           0           0           0
CHIPRINT                 39          39           0           0
CHONGW                  325         325           0           0
CLARIDGE               3531        3401         130           0
CLEMENS                  46          46           0           0
CLEPRINT                  3           3           0           0
CLOVER                  156         156           0           0
CMF                     791         791           0           0
CNFE                   2331        2406         -75           0
CNFETECH               1175        1175           0           0
COEL                      0           0           0           0
COLLECTR                102         102           0           0
COLLONNIER             1295        1295           0           0
CONSAT                 1320        1320           0           0
COONS                  1303        1298           5           0
COPQ                    823         823           0           0
CORPTAX                 254         254           0           0
CORPTEL                  15          15           0           0
CORSO                   302         302           0           0
CORTEZ                    0           0           0           0
CPAPRINT                185         205         -20           0
CPASDEV                5631        5631           0           0
CQ                       48          48           0           0
CRASH                     0           0           0           0
CREDIT                    0           0           0           0
CREEGANC                101         164         -63           0
CSAREATYM                14          14           0           0
CSHAW                  3874        3914         -40           0
CTACTG                    0           0           0           0
CTDEVFACT                 0           0           0           0
CTMKTG1                  32          32           0           0
CTOPSMGR               1018        1165        -147           0
CTSENG                  101         101           0           0
CUD10                   113         113           0           0
CUMAREA                  16          16           0           0
CUPAX                     0           0           0           0
CUPCOPS                   0           0           0           0
CUPCWRN                 238         238           0           0
CURR11                 7467        7394          73           0
CUST28071                 4           4           0           0
CV                      982         982           0           0
CWU                     445         438           7           0
DALPRINT                 26          26           0           0
DANIELSR                379         379           0           0
DARREN                  119         119           0           0
DAVARJ                  719         719           0           0
DBAPRINT                  0           0           0           0
DBLISS                    0           0           0           0
DBLTRADE                  0           0           0           0
DCD10054                  7           7           0           0
DCD10055                  2           2           0           0
DCD10063                  2           2           0           0
DCD10065                  2           2           0           0
DCD10152                  0           0           0           0
DCHANG                 1000        1002          -2           0
DCOPRINT                  4           4           0           0
DCP11                   593         593           0           0
DCPRINT                   8           8           0           0
DCSDEMO                   0           0           0           0
DCSMINN                1081        1081           0           0
DCSTYM                  104         104           0           0
DDS                      30          30           0           0
DEADHEAD                  0           0           0           0
DELANEYM                  0           0           0           0
DENPRINT                420         420           0           0
DEPTECH                2030        1907         123           0
DERNST                 3315        3287          28           0
DETPRINT                  0           0           0           0
DEV370                    0           0           0           0
DEVPDP                    0           0           0           0
DGAETANI               1176        1169           7           0
DHSMITH                 172         172           0           0
DIAG10C                  20          20           0           0
DIAGCON                3564        3564           0           0
DIAGDOC                 391         391           0           0
DIAGNAT                7596        7596           0           0
DIAGQA                 1114        1114           0           0
DIAGSRC                   3           3           0           0
DIAMONDP                560         560           0           0
DISPLAY                   0           0           0           0
DIST101A                  2           2           0           0
DIST101B                  0           0           0           0
DIST101C                  0           0           0           0
DIST101D                  0           0           0           0
DIST101E                 53          53           0           0
DIST102A                  0           0           0           0
DIST102B                  0           0           0           0
DIST102E                  0           0           0           0
DIST104A                 33          33           0           0
DIST109A                  0           0           0           0
DIST10A                   2           2           0           0
DIST10B                  10          10           0           0
DIST10D1                  0           0           0           0
DIST10E1                  0           0           0           0
DIST10F1                  0           0           0           0
DIST110B                  0           0           0           0
DIST114A                187         139          48           0
DIST114B                  4           4           0           0
DIST115A                  8           8           0           0
DIST115B                  6           6           0           0
DIST116A                  5           5           0           0
DIST116B                  0           0           0           0
DIST116C                  0           0           0           0
DIST117B                  0           0           0           0
DIST119A                  0           0           0           0
DIST11A                  19          19           0           0
DIST11B                   0           0           0           0
DIST121A                  0           0           0           0
DIST121B                  0           0           0           0
DIST121C                  0           0           0           0
DIST123D                  0           0           0           0
DIST124B                  0           0           0           0
DIST125A                  0           0           0           0
DIST127A                  0           0           0           0
DIST128A                  0           0           0           0
DIST129A                  0           0           0           0
DIST129C                  0           0           0           0
DIST12A                  11          11           0           0
DIST130A                  0           0           0           0
DIST130C                  0           0           0           0
DIST144C                  0           0           0           0
DIST148A                 19          19           0           0
DIST148B                  0           0           0           0
DIST148F                106         106           0           0
DIST148G                  0           0           0           0
DIST152A                  0           0           0           0
DIST15A                   0           0           0           0
DIST16A                  17          17           0           0
DIST16B                 115         115           0           0
DIST16D                   9           9           0           0
DIST16E                   2           2           0           0
DIST174A                  3           3           0           0
DIST175A                 64          64           0           0
DIST180B                  0           0           0           0
DIST181B                  0           0           0           0
DIST182A                997        1002          -5           0
DIST189                   2           2           0           0
DIST189A                  0           0           0           0
DIST190A                  0           0           0           0
DIST190B                  0           0           0           0
DIST191A                  0           0           0           0
DIST191B                  0           0           0           0
DIST19A                   0           0           0           0
DIST22B                   0           0           0           0
DIST22C                   0           0           0           0
DIST24A                   0           0           0           0
DIST24B                   0           0           0           0
DIST24C                   0           0           0           0
DIST250A                153         153           0           0
DIST250B                 10          10           0           0
DIST27A                   0           0           0           0
DIST27B                   0           0           0           0
DIST29B                   2           2           0           0
DIST33A                   0           0           0           0
DIST41C                   0           0           0           0
DIST49A                   0           0           0           0
DIST49B                   0           0           0           0
DIST49C                   0           0           0           0
DIST51A                  20          20           0           0
DIST51B                   0           0           0           0
DIST51C                   8      8           0           0
DIST52F                   0           0           0           0
DIST59A                  71          71           0           0
DIST60B                   0           0           0           0
DIST61A                   0           0           0           0
DIST61B                   0           0           0           0
DIST62A                   4           4           0           0
DIST64A                   0           0           0           0
DIST71C                   0           0           0           0
DIST72A                   0           0           0           0
DIST77A                   0           0           0           0
DIST81A                   0           0           0           0
DIST85A                   0           0           0           0
DIST85B                   0           0           0           0
DIST85C                   0           0           0           0
DIST86B                 173         173           0           0
DIST87A                   0           0           0           0
DIST90A                 371         371           0           0
DIST90B                 447         447           0           0
DIST91A                   0           0           0           0
DIST93A                   8           8           0           0
DIST93B                   0           0           0           0
DIST93C                   0           0           0           0
DIST94A                 841         841           0           0
DIST94B                   2           2           0           0
DIST95A                  24          24           0           0
DIST95B                   2           2           0           0
DIST96A                 984         984           0           0
DIST96B                   2           2           0           0
DIST96C                   2           2           0           0
DIST96E                   0           0           0           0
DIST96F                   2           2           0           0
DIST96I                  48          48           0           0
DIST98A                  25          25           0           0
DIST99A                 275         275           0           0
DIST99B                   0           0           0           0
DISTRICT                  0           0           0           0
DISTRICT0A              150         150           0           0
DISTRICT109               0           0           0           0
DISTRICT119               0           0           0           0
DISTRICT129A              0           0           0           0
DISTRICT139A              0           0           0           0
DISTRICT141A              0           0           0           0
DISTRICT148               0           0           0           0
DISTRICT148A              0           0           0           0
DISTRICT152A              0           0           0           0
DISTRICT169               0           0           0           0
DISTRICT179               0           0           0           0
DISTRICT180A              0           0           0           0
DISTRICT181A              0           0           0           0
DISTRICT182A              0           0           0           0
DISTRICT183A              0           0           0           0
DISTRICT19                0           0           0           0
DISTRICT190A              0           0           0           0
DISTRICT191A              0           0           0           0
DISTRICT199               0           0           0           0
DISTRICT1A                0           0           0           0
DISTRICT201A              0           0           0           0
DISTRICT220A              0           0           0           0
DISTRICT230A              0           0           0           0
DISTRICT231A              0           0           0           0
DISTRICT232A              0           0           0           0
DISTRICT25A               0           0           0           0
DISTRICT2A                0           0           0           0
DISTRICT32A               2           2           0           0
DISTRICT33A               0           0           0           0
DISTRICT38A               8           8           0           0
DISTRICT39                0           0           0           0
DISTRICT49                0           0           0           0
DISTRICT59                0           0           0           0
DISTRICT69                0           0           0           0
DISTRICT71A               0           0           0           0
DISTRICT72A               0           0           0           0
DISTRICT73A               0           0           0           0
DISTRICT74A               0           0           0           0
DISTRICT76A               0           0           0           0
DISTRICT77A               0           0           0           0
DISTRICT78A               0           0           0           0
DISTRICT93A               0           0           0           0
DLANE                     6           6           0           0
DLASATER               1230        1527        -297           0
DMACOMB                  12          12           0           0
DMCQ                      0           0           0           0
DMOULTON                146         144           2           0
DNDNAC                    0           0           0           0
DNDSEC                  105         105           0           0
DNDSPEC                1488        1402          86           0
DNDUTIL                 506         501           5           0
DOC11                   378         378           0           0
DOCUMENT                131         131           0           0
DONAHUE                 644         644           0           0
DRAWSON                   0           0           0           0
DRISCOLL               3295        3307         -12           0
DRM                     123         123           0           0
DRUPE                     0           0           0           0
DSSGRAF                   0           0           0           0
DT.DEV                    0           0           0           0
DTSAO                   326        1181        -855           0
DULAM                  2843        2843           0           0
DVIERA                    0           0           0           0
DWEAVER                   2           2           0           0
DWEK                      0        ----        ----           0
DYNPRINT                 80          80           0           0
DZISA                     7           7           0           0
EADAMS                  157         157           0           0
EASTAREA                  2           2           0           0
EASTECH                   0           0           0           0
EBS                    4519        4501          18           0
EBUELL                  414         414           0           0
ECOCS                     5           5           0           0
EDINY                     4           4           0           0
EDINY1                   25          25           0           0
EDWALL                    0           0           0           0
EIMSLAND                145         145           0           0
ELFCODE                 450         450           0           0
ELLIOTS                 127         127           0           0
ENFE                   2064        2095         -31           0
ENFEB                   577         577           0           0
ENFEOPS                   0           0           0           0
ENFEW                   106         106           0           0
ENGDIAG                2139        2139           0           0
ENGFIRM                1125        1125           0           0
ENGHNTR                   8           8           0           0
ENGINEWS                449         449           0           0
ENGPAS1                2902        2902           0           0
ENGPAS2                1767        1767           0           0
ENGPAS3                2653        2653           0           0
ENGR                    979         979           0           0
EPASCAL                3127        3115          12           0
EPASCAL1               1841        1833           8           0
EPASDEV                  26          26           0           0
EPRCHAL                 398         352          46           0
EQUIGLEY                  0           0           0           0
ERDEI                  3438        4440       -1002           0
EREGCOM                   0           0           0           0
ERICV                   870         699         171           0
ERIORDAN                  6           8          -2           0
ESKIMO                   53          53           0           0
ETULK                   107         107           0           0
EUROTECH                 72          72           0           0
EVANSG                    0           0           0           0
EWS                     575         575           0           0
EXPROY                   46          46           0           0
FACT                     12          12           0           0
FANDRE                 4424        4840        -416           0
FATAXMAN                 16          16           0           0
FBARTON                   6           6           0           0
FBATCH                  708         708           0           0
FBMIKE                    0           0           0           0
FBMIKE1                   0           0           0           0
FBMIKE2                   0           0           0           0
FCSTYM                   50          50           0           0
FELDMAN                1108        1108           0           0
FERGUSON                  0           0           0           0
FGAREA                   29          29           0           0
FISBEIN                2297        2297           0           0
FLETCHERC                 0           0           0           0
FRANC1                    2           2           0           0
FRANC2                    5           5           0           0
FRANC3                    2           2           0           0
FRANC4                    2           2           0           0
FRANC5                    4           4           0           0
FRANC6                    0           0           0           0
FRANC7                    2           2           0           0
FRANC8                   12          12           0           0
FRANK                    14         111         -97           0
FRAPRINT                  0           0           0           0
FREITAS2                  0           0           0           0
FREMWRN                 263         263           0           0
FRICKEL                   2           2           0           0
FSIEGEL                  38          38           0           0
FSIMON                  599         585          14           0
FTMAGNUM               4687        4687           0           0
FTSWELLS                957        1290        -333           0
FTSWORK                   0           0           0           0
FTSYS                  2460        2460           0           0
FTSYSDOC                  3           3           0           0
FTTBA                   312         312           0           0
FUJIMOTO                126         126           0           0
GAMES                   260         260           0           0
GARDNERK                 10          10           0           0
GAUCI                    99          99           0           0
GAZEL                  3375        3176         199           0
GBLOOD                  190         190           0           0
GCONE                    11          11           0           0
GGARDINA                717         717           0           0
GHBARLOW               3753        3086         667           0
GIGO                     20          20           0           0
GLEE                   3662        2819         843           0
GOLOBIC                 182         182           0           0
GORDON                  180         180           0           0
GOVTMKT                  24          24           0           0
GRANVOLD                 99          95           4           0
GSWINTON                 59         129         -70           0
GUNTHER                   0           0           0           0
HAGERL                    4           4           0           0
HARPRINT                171         171           0           0
HARRISONL               342         342           0           0
HARTSOE                 241         241           0           0
HAWKINSM                162         162           0           0
HEIDIC                    0           0           0           0
HELENAL                2235        2241          -6           0
HENTRICH                 59           0          59           0
HOFFMANN                388         388           0           0
HOLCOMBK                610         610           0           0
HOLD                   2221           0        2221           0
HOLL1                    12          12           0           0
HOLMBERG              13486       13486           0           0
HOMEBASE                  0           0           0           0
HONGSENG               7198        7228         -30           0
HOUPRINT                 46          46           0           0
HOUSMAN                 164         164           0           0
HOWELL                   42          42           0           0
HOWELLSC               1136        1136           0           0
HQTECH1                   0           0           0           0
HQXCOM                    0        1057       -1057           0
HSING                   249         249           0           0
HUEYMA                 1763        2290        -527           0
HUSSEYD                   0           0           0           0
HWANGJ                  466        1772       -1306           0
IBISDOC                   0           0           0           0
INFO                    238         238           0           0
INSDCOM                   0           0           0           0
INSDGSS1                 39          39           0           0
INSDGSS2                107         107           0           0
INSDKER                   0           0           0           0
INSDREV                   0           0           0           0
INSDREV2                  0           0           0           0
INSDSOL                   0           0           0           0
INSNET                    0           0           0           0
INTACT                  109         109           0           0
INTDEV                    6           6           0           0
INTLTECH               1075        1075           0           0
INTTYM1                   4           4           0           0
IRONHAT                4516        2101        2415           0
ISBACKUP                  0           0           0           0
ISDDEMO                   0           0           0           0
ISDMKTG                 628         628           0           0
ISHANW                 1804        1672         132           0
ISINSTALL                13          13           0           0
ISIS                   2133        2070          63           0
ISIS2                  2499        8165       -5666           0
ISISDOC                1559        1556           3           0
ISISPCM                3650        3654          -4           0
IWU                     541         541           0           0
JALLEN                  146          99          47           0
JAMISONH               1449        1449           0           0
JANAN                     0           0           0           0
JBALL                     0           0           0           0
JBENNETT                189         189           0           0
JCLMIN                    2           2           0           0
JCM                     100         100           0           0
JDARSEY                   0           0           0           0
JDRUON                  505         505           0           0
JEANC                   329         329           0           0
JEANGUY                2965        2944          21           0
JEFSEY                  162         162           0           0
JENGLISH                  2           2           0           0
JENNYG                    2           2           0           0
JENNYSHEN               582         132         450           0
JGAYOSO                   0           0           0           0
JGUERIN                 165         165           0           0
JHSIEH                   24          20           4           0
JJCRAWF                  93          93           0           0
JKATO                    46          42           4           0
JLACOMBE               1251        1059         192           0
JLADEN                 1142        1142           0           0
JLAI                      0           0           0           0
JLIOU                   164         164           0           0
JLMORARD                181         181           0           0
JLUCAS                    0           0           0           0
JMARCIN                 602         516          86           0
JOHNSOND                 66          66           0           0
JONAS                  2752        2505         247           0
JORTIZ                 3358        3330          28           0
JOSHUA                    0           0           0           0
JROWLAND                 37          37           0           0
JSIMMS                    0           0           0           0
JWANG                   671         670           1           0
KALENDA                   0           0           0           0
KAMMANS                 349         349           0           0
KATHRYNC                629         598          31           0
KDCDIAG                   0           0           0           0
KDDIAG                    0           0           0           0
KEN                     567         454         113           0
KGIANG                 1504        1489          15           0
KHOFENJ                6773        6758          15           0
KL10                      0           0           0           0
KLUTE                    71          71           0           0
KOPFJ                  1912        1805         107           0
KOTULAK                 858        1686        -828           0
KRIVANEC                  0           0           0           0
KRUMVP                 1233         987         246           0
KS2020                    2           2           0           0
KSHERMAN                  0           0           0           0
KSHU                    700         698           2           0
KTLCOMM                   1           1           0           0
LAGOLD                 2215        2083         132           0
LANCRENON              2281        1895         386           0
LANGDEV                   0           0           0           0
LAPRINT                  17          17           0           0
LAURAV                    0           0           0           0
LECHIE                  667        1777       -1110           0
LEVINSON                  8           8           0           0
LEVYB                    30          30           0           0
LEWISJ                    0           0           0           0
LISAMAINT                 0           0           0           0
LISCOM                 1786        1786           0           0
LMAJOR                  671         671           0           0
LMETOUR                  74           6          68           0
LOADII                  650         644           6           0
LOADTEST                  0           0           0           0
LOIS                     10           8           2           0
LOZERAN                1246        1246           0           0
LRAKOCZI                 11          11           0           0
LSHERMAN               3648        3544         104           0
LTYMES                   93          93           0           0
LUSKERJ                  80          80           0           0
LWPRINT                  68          68           0           0
M1600LIB                  0           0           0           0
M33                     892         892           0           0
MAC                       0           0           0           0
MACEMON                   0           0           0           0
MAGGIER                2396        2396           0           0
MAGNUM                 4011        4011           0           0
MAGNUMDB                  0           0           0           0
MAIL                    379         364          15           0
MALUBINA               4532        4532           0           0
MANNINGT                  3           3           0           0
MARTINEZ                122         122           0           0
MARUSG                  331         328           3           0
MARYC                     0           0           0           0
MATOKA                 1415        1312         103           0
MATTHEWS                 81          81           0           0
MATTSONM                 72         572        -500           0
MAXCLARKSON               0           0           0           0
MBERGER                1312        1489        -177           0
MCALLISON                96          96           0           0
MCARTIER                 64          64           0           0
MCCOGGLE                  0           0           0           0
MCH                      58          58           0           0
MDELANEY               2319        2319           0           0
MDSACCT                  48          48           0           0
MEAREA                  103         103           0           0
MICHAEL                  95          95           0           0
MIDAS                     0           0           0           0
MIDBAK                 5347        5460        -113           0
MIKEMO                  335         337          -2           0
MIKERUDE               2421        2423          -2           0
MIKEY                   238         238           0           0
MILLERK                 527         520           7           0
MILPRINT                  6           6           0           0
MIMI                    677         677           0           0
MINPRINT                189         189           0           0
MISCHKED                661         661           0           0
MISTAPE                   9           9           0           0
MITCHELJ                  0           0           0           0
MJASTRZ                1071        1093         -22           0
MJOHNSON                624         848        -224           0
MMCDONALD                42          42           0           0
MONDOC                    4           4           0           0
MOORE                   432         432           0           0
MOORING                 192         190           2           0
MORANCPA                  0           0           0           0
MOSSERJ                   0           0           0           0
MPL                    1003        1003           0           0
MURRAY                   56          56           0           0
MURTAUGH                785         785           0           0
MWALTERS               1897        1790         107           0
MWAREA                    9           9           0           0
MWPRINT                   0           0           0           0
MWUPRINT                  0           0           0           0
MWWHITE                  29          29           0           0
MXP                    4409        4657        -248           0
NAD                     347         347           0           0
NADM                      0           0           0           0
NADMRES                   0           0           0           0
NAJJARS                2373        2369           4           0
NANCYB                   54          51           3           0
NASON                   718         718           0           0
NBERMDS                   0           0           0           0
NCSPROD                  23          23           0           0
NDEVHSBC                  0           0           0           0
NDLABMAN               1224        1224           0           0
NDT                    1078        1078           0           0
NEAREA                   60          60           0           0
NELSONSU               2912        2189         723           0
NEMSOURCE               395         263         132           0
NET1                      0           0           0           0
NET3                   3033        2521         512           0
NETCOL                    0           0           0           0
NETCON                 1996        1906          90           0
NETDEV2                 234         234           0           0
NETDVDOC               6027        5894         133           0
NETMID                 7550        7413         137           0
NETPERM                   0           0           0           0
NETQC                   118         118           0           0
NETSIE                 4763        4763           0           0
NETSTAT                1938        1938           0           0
NETVALCODE             2531        1402        1129           0
NEW11                  2455        2392          63           0
NEWARK                    0           0           0           0
NGA2                      0           0           0           0
NGAMIKE                   4           4           0           0
NGREGORY                475         471           4           0
NJAREA                    0           0           0           0
NJENKS                    4           4           0           0
NJPRINT                   9           9           0           0
NKIM                      0           0           0           0
NLAPRINT                 62          62           0           0
NOWAKJ                    0           0           0           0
NPRODUCT                  5           0           5           0
NSC                       0           0           0           0
NSOADM                    0           0           0           0
NSSC                    380         325          55           0
NSTECH                 1563        1561           2           0
NTD001                  409         409           0           0
NTDOPS                 3960        3858         102           0
NTDPIR                  336         336           0           0
NTDSRS                    0           0           0           0
NTRDEV                 1678        1678           0           0
NTS                    2836        2820          16           0
NUMAREA                  40          40           0           0
NWAREA                   69          69           0           0
NWKPRINT                 13          13           0           0
NYPRINT                 577         577           0           0
OASYS                     2           2           0           0
OCPRINT                   0           0           0           0
OHARAB                  624         624           0           0
OHARROW                   0           0           0           0
OJANG                  1864        1864           0           0
OLD11                  3727        3727           0           0
OLSONSJ                  20          20           0           0
OLSONT                    7           7           0           0
ONTYMELI               3440        3440           0           0
ONTYMPROD               229         229           0           0
OPER                    397         503        -106           0
ORDONEZJ                108         108           0           0
OSERANG                5098        4936         162           0
OSIRIS                 8978        8105         873           0
OSIRIS1                3899        3899           0           0
OSMAN                     3           3           0           0
OSNF                   1889        1889           0           0
OTUTILITY                 0           0           0           0
OUTDIAL                7746        7746           0           0
OUTDIAL2                102         102           0           0
PACTECH                 160         155           5           0
PAKTOR                   44          39           5           0
PARIS5A                   0           0           0           0
PARIS8A                  65          65           0           0
PARPRINT                575         554          21           0
PATELN                   40          40           0           0
PATROL                 1608        1260         348           0
PAULA                     0           0           0           0
PAULAJO                   0           0           0           0
PBADOZ                 1783        1783           0           0
PCM                     623         740        -117           0
PDIXON                  117         115           2           0
PEARLS                  270         270           0           0
PEGGYH                 2850        2212         638           0
PERPOPER                  0           0           0           0
PERRYJ                    2           2           0           0
PGJCOG                    8           8           0           0
PHAMDOC                 210         210           0           0
PHIPRINT                 13          13           0           0
PITPRINT                  0           0           0           0
PJ                      585         568          17           0
PJM.2020                  0           0           0           0
PJOHNSON                442         381          61           0
PLANTING                  0           0           0           0
PLORDAN                 413        3402       -2989           0
PMANLEY                 235         235           0           0
PMELLET                 503         503           0           0
PMISTRY                 101         101           0           0
PNETS                   452         452           0           0
POTTER                    0           0           0           0
PPSEAST                   0           0           0           0
PPSTMGR                  38          38           0           0
PRODEV02                344         344           0           0
PRODMKTG                124         124           0           0
PROPERTY                  0           0           0           0
PSDMGMT                  28          28           0           0
PSPDMRW                   2           2           0           0
PUB                     214         214           0           0
PWHITE                    7           7           0           0
PWSLIB                   56          56           0           0
QALIBSYM               4312        4312           0           0
QASYS                   449         449           0           0
RADMON                  563         563           0           0
RAFFO                  5306        4294        1012           0
RAFFOR                    0           0           0           0
RAILDEMO                  0           0           0           0
RAM                    3238        3238           0           0
RAMDBUG                1875        1342         533           0
RAMERIZK                  0           0           0           0
RAMIREZK                120         120           0           0
RAUSCHER                339         339           0           0
RAVI                     61          11          50           0
RBROWN                 1131        1131           0           0
REALDEC                   0           0           0           0
RECONCIL                  0           0           0           0
REGALIAC               1252        1270         -18           0
REGNIER                2452        2452           0           0
RESMGT                    0           0           0           0
RESRFP                    0           0           0           0
RGFOX                   607         624         -17           0
RICHARDSON              186         185           1           0
RJK                      43          43           0           0
RKLUTE                   91          91           0           0
RLESEBERG                 0           0           0           0
RMURPHY                2105        2648        -543           0
ROECHELJ               1650        1650           0           0
ROLAND                  474         474           0           0
ROLANDK                  86          86           0           0
RONW                      0           0           0           0
ROY                       0           0           0           0
RSTRAUSS                  4           4           0           0
RTAYLOR                  66           0          66           0
RUDMAN                 3285        3147         138           0
RUSSELLB               1189        1189           0           0
RVANDYKE                388         375          13           0
RVIVIER                 463         458           5           0
S/YANAGA                  0           0           0           0
SACPRINT                  0           0           0           0
SAILIB                  784         784           0           0
SAILTEST                 21          21           0           0
SALLEN                  120         120           0           0
SALTYRON               6991        6990           1           0
SANDYMF                 404         441         -37           0
SBERMAN                 206         206           0           0
SBILL3                   23          23           0           0
SCANSET                   0           0           0           0
SCARDINO                  0           0           0           0
SCHARF                  509         598         -89           0
SCHEIBS                 717         717           0           0
SCHEN                  1307        1753        -446           0
SCHMIDT                   0           0           0           0
SCRAIG                    0           0           0           0
SDERRY                  294         294           0           0
SDLCDEV                4446        4527         -81           0
SDPRINT                   2           2           0           0
SEAMAN                  507         507           0           0
SEAPRINT                 49          49           0           0
SEDP                   4798        4798           0           0
SELTZER                 840         840           0           0
SFPRINT                   6           6           0           0
SGARDE                   77          77           0           0
SHAH                    324         324           0           0
SHARMA                    0           0           0           0
SHARPR                    0           0           0           0
SHILL                     0           0           0           0
SHOLLAND                  0           0           0           0
SHSU                    808          53         755           0
SJPRINT                   0           0           0           0
SJTYMC                   56          56           0           0
SLATERK                 130         130           0           0
SLGAREA                   2           2           0           0
SLIBATCH                  0           0           0           0
SLIDTH                 2686        2690          -4           0
SLIDTM                  731         258         473           0
SLIPRINT                  0           0           0           0
SLLDCAIN               5045        3055        1990           0
SLOTDUMP               5081        5092         -11           0
SMIKE                   410         410           0           0
SMILEYB                2842        1974         868           0
SMITHDE                3583        3901        -318           0
SMYTHEC                 770         764           6           0
SNADEV                 2078        1876         202           0
SNAVELYJ                 26          26           0           0
SOCCI                   960         960           0           0
SOCKWELL                645         645           0           0
SOLOMON                 417         417           0           0
SONLUONG                108        ----        ----           0
SORRELL                 887         887           0           0
SOURCE                45196       45196           0           0
SPENCER                   0           0           0           0
SPEX                    489         489           0           0
SPIESP                  338         360         -22           0
SPINALE                 110         110           0           0
SPL                     547         547           0           0
SPNODE                 2170        2170           0           0
SPOOL                  1172        1958        -786           0
SPOOLING                  0           0           0           0
SPOOLRM                  43          43           0           0
SPOOLXER                  0           0           0           0
SPPARCH                 635         635           0           0
SPPOPER                 503         503           0           0
SPUNKDEV                  0           0           0           0
SPUNKDOC                590         590           0           0
SPUNKTEST                 0           0           0           0
SRA                      35         119         -84           0
SRA1                   1057           2        1055           0
SRABAK                    0           0           0           0
SRACPD                    4           4           0           0
SRACRT                  260         260           0           0
SRAFDM                  129         129           0           0
SRAFRCST                264         264           0           0
SRAFT                     0           0           0           0
SRAINV                    3           3           0           0
SRAMOV                   11          11           0           0
SRARPTS                  10          10           0           0
SRASO                     0           0           0           0
SRATECH                 941         941           0           0
SRAUTIL                 482         482           0           0
SRAVAL                   51          51           0           0
SSARCHB                   0           0           0           0
SSARCHD                   0           0           0           0
SSBACKUP                145         145           0           0
SSEREP                 1711        1711           0           0
SSINSTALL               536         521          15           0
SSJREP                    0           0           0           0
SSPAMBIN                  6           6           0           0
SSPERP                  376         376           0           0
SSPRINT                 453         453           0           0
SSRSCS                  388         388           0           0
SSSPOOL                 879         879           0           0
SSUTIL                   68          68           0           0
STAPRINT                  0           0           0           0
STDMUX                  118         118           0           0
STEINJOE                  0           0           0           0
STELMA                  756         756           0           0
STERMER                 234         233           1           0
STEVEG                    2           2           0           0
STIMACM                 425         425           0           0
STLPRINT                 57          57           0           0
STOOPSE                   0           0           0           0
STOY                    864         864           0           0
STRAUSSH                 18          18           0           0
STRONACHJ               288         288           0           0
STUTZMANC               699         699           0           0
SUDHIR                   34          34           0           0
SUECHAO                1190         902         288           0
SUPDEV                 3330        3330           0           0
SVEGARD                   0           0           0           0
SWARBRICKJ               16          16           0           0
SWAREA                    6           6           0           0
SWEDEL                   33          13          20           0
SWISS1                    0           0           0           0
SWONG                  1833        1697         136           0
SYANAGA                1044        1031          13           0
SYS                   26843       25954         889           0
SYSDOC                    0           0           0           0
SYSNEWS                 498         498           0           0
TADDEO                   68          68           0           0
TASCT                   340         340           0           0
TASCUK2                   0           0           0           0
TBATLIB                1163        1163           0           0
TBAUSPS                 219         219           0           0
TCHECKPA                 20          20           0           0
TCHOW                   203         203           0           0
TCMCON                  327         327           0           0
TCSUP                    20          20           0           0
TECHSERV               3686        3335         351           0
TEDKOK                    0           0           0           0
TEDYEH                 5197        5189           8           0
TESTMAIL                  0           0           0           0
THSNATIONAL             711         711           0           0
THURSTON                  0           0           0           0
TIICODE                3152        3152           0           0
TIIDEV                 9022        9716        -694           0
TIIPERF                 401         401           0           0
TINET                  4651        4682         -31           0
TJB                      72          72           0           0
TLUONG                  702         702           0           0
TLWEBB                   42          42           0           0
TMARSHALL                 0           0           0           0
TMCSDEV                4097        ----        ----           0
TMCSSOURCE             2077        2068           9           0
TNETOPS                   4           4           0           0
TNS.BELA               3666        3623          43           0
TNSCTRAIN              5126        5054          72           0
TNSFM                     0           0           0           0
TNSM                   4704        4704           0           0
TNSUKM                 1841         688        1153           0
TOMASI                    2           2           0           0
TOOLS11                 546         546           0           0
TOPS                      0           0           0           0
TORPRINT                268         268           0           0
TRAINING                  0           0           0           0
TRAINLAB               3973        3745         228           0
TRANSW                13564        8719        4845           0
TROUSSAR                937         937           0           0
TRUCONTROL                0           0           0           0
TRUMAN                  225         225           0           0
TSDCONTROL              141         141           0           0
TSENG                     0           0           0           0
TSNNET                 1476        1476           0           0
TSUIS                   366         366           0           0
TTMSISIS2                 2           2           0           0
TTS317                  437         394          43           0
TTSLOG                    0           0           0           0
TTSTCAT                1002        1002           0           0
TTSTEST                  35          35           0           0
TUSCOMM                  47          47           0           0
TWANG                  4784        4705          79           0
TYMEDUCM                  7           7           0           0
TYMEDUCN                  7           7           0           0
TYMGRIPE                 25          25           0           0
TYMISIS                3723        3723           0           0
TYMKTL                 3692        3692           0           0
TYMNET                 9328        8501         827           0
TYMRES                  295         286           9           0
TYMRNP                  729         729           0           0
TYMUSE                    2           2           0           0
TYMUSEB                   0           0           0           0
UAS                     380         380           0           0
UCCPAC                  228         228           0           0
UFD                       0           0           0           0
UIMREG                    0           0           0           0
UIS                       0           0           0           0
UN1                     213         148          65           0
UPL                    6060        6060           0           0
UPLPUB                    0           0           0           0
UPTGROVE               6422        4893        1529           0
USEVAL                 3866        3866           0           0
UTIL                   1704        1704           0           0
UTSDEV                 2091        2091           0           0
VALADM                    0           0           0           0
VALDBUG                   0           0           0           0
VALDEV                  282         282           0           0
VALIDATE                183         183           0           0
VANDYNE                 532         532           0           0
VANWICK                  20          10          10           0
VARDIAG                 285         285           0           0
VGOPER                    0           0           0           0
VIRGIL                    4           4           0           0
VIVIAN                   13          13           0           0
VMBDEV                 1529        1453          76           0
WADAPE                    0           0           0           0
WAGNERD                 233         233           0           0
WANGC                     0           0           0           0
WESTPHALD                 0           0           0           0
WEUSKE                 6303        5831         472           0
WILKES                    2           2           0           0
WINSLOW                   0           0           0           0
WITTECHI                  0           0           0           0
WNFE                    677         926        -249           0
WNFEOPS                 555         332         223           0
WNFETECH                 13         157        -144           0
WRFS                    243         259         -16           0
WRFSC                    91          89           2           0
WRPERSTC                  0           0           0           0
WRPNET                   51          51           0           0
WRS                   10624       10561          63           0
WSAWYER                   1           1           0           0
WWANG                  3146        3146           0           0
X22113                    0           0           0           0
XEXEC                   206         206           0           0
XMAGNUM                4497        4497           0           0
XMOY                   3807        6845       -3038           0
XPCDEV                 2418        1462         956           0
XPPTEST                  81          81           0           0
YOUNAN                    0           0           0           0
YOUNGERC               2975        2965          10           0
YOUNGV                  766         766           0           0
ZOEREN                   27          27           0           0
ZONE                      0           0           0           0
ZONNIE                   35          35           0           0
----------------------------------------------------------------------
TOTALS               839968      826933        8830           0
----------------------------------------------------------------------

 5E