!
!
!R(TOOLS11)LINK11
Link11 Version 5.2M
*LK470B@/E


 Transfer address = 001000  
 Program limits   = 001000  101070  100070
 Program size     = 16412. Words
 Runtime: 2644 seconds


EXIT

!
!
!R(TOOLS11)LINK11
Link11 Version 5.2M
*LK732A@/E


 Transfer address = 001000  
 Program limits   = 001000  101462  100462
 Program size     = 16537. Words
 Runtime: 2503 seconds


EXIT

!
!
!R(TOOLS11)LINK11
Link11 Version 5.2M
*LK2347@/E


 Transfer address = 021000  
 Program limits   = 021000  113566  072566
 Program size     = 15035. Words
 Runtime: 2292 seconds


EXIT

!
!
!R(TOOLS11)LINK11
Link11 Version 5.2M
*LK2352@/E


 Transfer address = 001000  
 Program limits   = 001000  111560  110560
 Program size     = 18616. Words
 Runtime: 2703 seconds


EXIT

!
!
!R(TOOLS11)LINK11
Link11 Version 5.2M
*LK2413@/E


 Transfer address = 001000  
 Program limits   = 001000  140512  137512
 Program size     = 24485. Words
 Runtime: 3616 seconds


EXIT

!
!
!R(TOOLS11)LINK11
Link11 Version 5.2M
*LK2770@/E


 Transfer address = 001000  
 Program limits   = 001000  147332  146332
 Program size     = 26221. Words
 Runtime: 4088 seconds


EXIT

!
!
!R(TOOLS11)LINK11
Link11 Version 5.2M
*LK3027@/E


 Transfer address = 021000  
 Program limits   = 021000  144112  123112
 Program size     = 21285. Words
 Runtime: 3215 seconds


EXIT

!
!
!R(TOOLS11)LINK11
Link11 Version 5.2M
*LK3203@/E

>>>>>>>> Undefined global(s)

 Transfer address = 001000  
 Program limits   = 001000  134030  133030
 Program size     = 23308. Words
 Runtime: 3869 seconds


EXIT

!
!
!R(TOOLS11)LINK11
Link11 Version 5.2M
*LK3273@/E


 Transfer address = 001000  
 Program limits   = 001000  140340  137340
 Program size     = 24432. Words
 Runtime: 3685 seconds


EXIT

!
!
!R(TOOLS11)LINK11
Link11 Version 5.2M
*LK3357@/E


 Transfer address = 001000  
 Program limits   = 001000  140340  137340
 Program size     = 24432. Words
 Runtime: 3673 seconds


EXIT

!
!
!R(TOOLS11)LINK11
Link11 Version 5.2M
*LK3450@/E


 Transfer address = 001000  
 Program limits   = 001000  144732  143732
 Program size     = 25581. Words
 Runtime: 3905 seconds


EXIT

!
!
!R(TOOLS11)LINK11
Link11 Version 5.2M
*LK3575@/E


 Transfer address = 001000  
 Program limits   = 001000  140340  137340
 Program size     = 24432. Words
 Runtime: 3641 seconds


EXIT

!
!
!R(TOOLS11)LINK11
Link11 Version 5.2M
*LK3717@/E


 Transfer address = 001000  
 Program limits   = 001000  140364  137364
 Program size     = 24442. Words
 Runtime: 3630 seconds


EXIT

!
!
!R(TOOLS11)LINK11
Link11 Version 5.2M
*LK4036@/E


 Transfer address = 021000  
 Program limits   = 021000  114244  073244
 Program size     = 15186. Words
 Runtime: 2314 seconds


EXIT

!
!
!R(TOOLS11)LINK11
Link11 Version 5.2M
*LK4272@/E


 Transfer address = 001000  
 Program limits   = 001000  143336  142336
 Program size     = 25199. Words
 Runtime: 3738 seconds


EXIT

!
!
!R(TOOLS11)LINK11
Link11 Version 5.2M
*LK4474@/E


 Transfer address = 001000  
 Program limits   = 001000  140512  137512
 Program size     = 24485. Words
 Runtime: 3619 seconds


EXIT

!
!
!R(TOOLS11)LINK11
Link11 Version 5.2M
*LK4600@/E


 Transfer address = 001000  
 Program limits   = 001000  140466  137466
 Program size     = 24475. Words
 Runtime: 3623 seconds


EXIT

!
!
!R(TOOLS11)LINK11
Link11 Version 5.2M
*LK4650@/E


 Transfer address = 001000  
 Program limits   = 001000  144452  143452
 Program size     = 25493. Words
 Runtime: 3906 seconds


EXIT

!
!
!R(TOOLS11)LINK11
Link11 Version 5.2M
*LK5270@/E


 Transfer address = 001000  
 Program limits   = 001000  145754  144754
 Program size     = 25846. Words
 Runtime: 3755 seconds


EXIT

!
!
!R(TOOLS11)LINK11
Link11 Version 5.2M
*LK5274@/E


 Transfer address = 001000  
 Program limits   = 001000  153020  152020
 Program size     = 27144. Words
 Runtime: 4421 seconds


EXIT

!
!
!R(TOOLS11)LINK11
Link11 Version 5.2M
*LK5271@/E


 Transfer address = 001000  
 Program limits   = 001000  140512  137512
 Program size     = 24485. Words
 Runtime: 3628 seconds


EXIT

!
!
!R(TOOLS11)LINK11
Link11 Version 5.2M
*LK5303@/E


 Transfer address = 001000  
 Program limits   = 001000  145436  144436
 Program size     = 25743. Words
 Runtime: 3905 seconds


EXIT

!
!
!R(TOOLS11)LINK11
Link11 Version 5.2M
*LK545A@/E


 Transfer address = 001000  
 Program limits   = 001000  106116  105116
 Program size     = 17703. Words
 Runtime: 2733 seconds


EXIT

!
!
!R(TOOLS11)LINK11
Link11 Version 5.2M
*LK545B@/E


 Transfer address = 001000  
 Program limits   = 001000  124540  123540
 Program size     = 21424. Words
 Runtime: 3366 seconds


EXIT

!
!
!R(TOOLS11)LINK11
Link11 Version 5.2M
*LK545D@/E


WANTREAD: can't LOOKUP "CG545D.OBJ".
Input File: 

WANTREAD: can't LOOKUP "RU545D.OBJ".
Input File: 
>>>>>>>> Undefined global(s)

 Transfer address = 001000  
 Program limits   = 001000  066122  065122
 Program size     = 13609. Words
 Runtime: 2313 seconds


EXIT

!R(TOOLS11)LINK11
Link11 Version 5.2M
*LK5514@/E


 Transfer address = 001000  
 Program limits   = 001000  140452  137452
 Program size     = 24469. Words
 Runtime: 3638 seconds


EXIT

!
!
!R(TOOLS11)LINK11
Link11 Version 5.2M
*LK5557@/E


 Transfer address = 001000  
 Program limits   = 001000  140512  137512
 Program size     = 24485. Words
 Runtime: 3625 seconds


EXIT

!
!
!
!
!R(TOOLS11)LINK11
Link11 Version 5.2M
*LK5733@/E


 Transfer address = 001000  
 Program limits   = 001000  140512  137512
 Program size     = 24485. Words
 Runtime: 3654 seconds


EXIT

!
!
!R(TOOLS11)LINK11
Link11 Version 5.2M
*LK6511@/E


 Transfer address = 001000  
 Program limits   = 001000  140512  137512
 Program size     = 24485. Words
 Runtime: 3636 seconds


EXIT

!
!
!R(TOOLS11)LINK11
Link11 Version 5.2M
*LK6533@/E


 Transfer address = 001000  
 Program limits   = 001000  152634  151634
 Program size     = 27086. Words
 Runtime: 4231 seconds


EXIT

!
!
!R(TOOLS11)LINK11
Link11 Version 5.2M
*LK6534@/E


 Transfer address = 001000  
 Program limits   = 001000  141406  140406
 Program size     = 24707. Words
 Runtime: 3649 seconds


EXIT

!
!
!R(TOOLS11)LINK11
Link11 Version 5.2M
*LK6535@/E


 Transfer address = 001000  
 Program limits   = 001000  150622  147622
 Program size     = 26569. Words
 Runtime: 4174 seconds


EXIT

!
!
!R(TOOLS11)LINK11
Link11 Version 5.2M
*LK6657@/E


 Transfer address = 001000  
 Program limits   = 001000  143756  142756
 Program size     = 25335. Words
 Runtime: 3970 seconds


EXIT

!
!
!R(TOOLS11)LINK11
Link11 Version 5.2M
*LK6745@/E


 Transfer address = 001000  
 Program limits   = 001000  140512  137512
 Program size     = 24485. Words
 Runtime: 3682 seconds


EXIT

!
!
!R(TOOLS11)LINK11
Link11 Version 5.2M
*LK6760@/E


 Transfer address = 001000  
 Program limits   = 001000  150206  147206
 Program size     = 26435. Words
 Runtime: 4298 seconds


EXIT

!
!
!R(TOOLS11)LINK11
Link11 Version 5.2M
*LK7703@/E

>>>>>>>> Undefined global(s)

 Transfer address = 001000  
 Program limits   = 001000  103252  102252
 Program size     = 16981. Words
 Runtime: 3128 seconds


EXIT

!
!
!R(TOOLS11)LINK11
Link11 Version 5.2M
*LK0115@/E


 Transfer address = 001000  
 Program limits   = 001000  141572  140572
 Program size     = 24765. Words
 Runtime: 3934 seconds


EXIT

!
!
!R(TOOLS11)LINK11
Link11 Version 5.2M
*LKCEC1@/E


 Transfer address = 001000  
 Program limits   = 001000  114624  113624
 Program size     = 19402. Words
 Runtime: 2837 seconds


EXIT

!
!
!R(TOOLS11)LINK11
Link11 Version 5.2M
*LKSCO1@/E


 Transfer address = 001000  
 Program limits   = 001000  145546  144546
 Program size     = 25779. Words
 Runtime: 3619 seconds


EXIT

!
!
!R(TOOLS11)LINK11
Link11 Version 5.2M
*LKSCO2@/E


 Transfer address = 001000  
 Program limits   = 001000  145546  144546
 Program size     = 25779. Words
 Runtime: 3601 seconds


EXIT

!
!
!R(TOOLS11)LINK11
Link11 Version 5.2M
*LKSCO3@/E


 Transfer address = 001000  
 Program limits   = 001000  145546  144546
 Program size     = 25779. Words
 Runtime: 3619 seconds


EXIT

!
!
!R(TOOLS11)LINK11
Link11 Version 5.2M
*LKSCO4@/E


 Transfer address = 001000  
 Program limits   = 001000  145546  144546
 Program size     = 25779. Words
 Runtime: 3621 seconds


EXIT

!
!
!R(TOOLS11)LINK11
Link11 Version 5.2M
*LKSCO5@/E


 Transfer address = 001000  
 Program limits   = 001000  145546  144546
 Program size     = 25779. Words
 Runtime: 3603 seconds


EXIT

!
!
!R(TOOLS11)LINK11
Link11 Version 5.2M
*LKSRI2@/E


 Transfer address = 001000  
 Program limits   = 001000  106020  105020
 Program size     = 17672. Words
 Runtime: 2664 seconds


EXIT

!
!
!SEND DERNST
TYPE LETTER:
; PCOM v1.63 - processed: (CURR11)ALLLNK.LOG = (CURR11)ALLLNK.CMD
; Options: DETACH  LOG NOAPPEND SUPERSEDE LICENSE 
; Limits: TIME:60 TRULIMIT:0 
; Status: completed.
; Output recorded in file (CURR11)ALLLNK.LOG.

mail waiting
!LOGOUT
15524.11 tru
terminal time: 1:47:56
 