detach? 118:
.;
.;
.; RELESE.CMD
.;
.;  A COMMAND FILE TO EXECUTE THE CP-11 SOFTWARE RELEASE PROCEDURE 
.;
.;  INVOCATION:
.;   LOGIN UNDER OR GFD TO USER DIRECTORY <11CURR> ON SYSTEM 118.
.;
.;   IN THE FOLLOWING SAMPLE OPERATING PROCEDURE, ALL NUMERIC CHARACTERS.
.;   AND UPPER CASE CHARACTERS ARE USER INPUT.  ALL LOWER CASE
.;   CHARACTERS ARE PROMPTS FROM THE PROGRAM "MHX"
.;
.;   .R (MPL)MHX
.;   host: 118
.;   commands (end with ctrl-D):
.;   @RELESE.CMD
.;   <CTRL-D>
.;   record? Y
.;   output file: RELESE.LOG
.;   detach? N
.;
.;
.; DELETE ALL FILES FROM (11OLD)
.;
.GFD 11OLD
.DELETE ALL - OLDNIB.NIB
FILES DELETED:
CG552   BK2
SV552   BAK
CG674A  BAK
CG674   BAK
EXEC    BAK
XP      BAK
LKHPK3  BAK
ERROR   BAK
CG566A  BAK
LKHPK2  BAK
LKHPK1  BAK
COMMON  BAK
TRMP    BAK
NB566   BAK
CG566   BAK
LNKF    M44
TRM     BAK
TRM     M44
CG701   BAK
LINB    M43
CMDS    BAK
CMDTYM  BAK
PKT1    BAK
TRM     M43
TYMA    BAK
LKHPK2  M43
TRMP    M44
LNKC    M43
LNKF    BAK
XP      BK2
LNKF1   BAK
.;
.; MAKE SURE IT IS EMPTY
.;
.DIR /TEMPS
OLDNIB  NIB      24   3-DEC-80
TOTAL PAGES 24 FILES 1
.;
.; MOVE ALL *.MAC, *.IMG, AND *.NIB FILES FROM (11CURR) TO (11OLD)
.;
.COPY (11CURR)*.MAC,*.IMG,*.NIB TO SAME
COMMAND ERROR: 
(11CURR)*.MAC,*.IMG,*.NIB TO S
                   ^
.;
.; 
.GFD 11CURR
.;
.; DELETE ALL OLD IMAGE FILES
.;
.DELETE *.IMG,*.NIB
FILES DELETED:
SV676   IMG
SV522   IMG
SV554   IMG
SV552   NIB
SV552   IMG
SV553   IMG
SV167   IMG
SV76    NIB
SV76    IMG
SV470   IMG
SV674   IMG
SV642   IMG
SV732   NIB
SV470   NIB
SV732   IMG
SV642   NIB
SV514   IMG
SV566   IMG
SV566A  IMG
SV674A  IMG
SV1663  NIB
SV1662  NIB
SV1662  IMG
SV676   NIB
OLDNIB  NIB
SV625   NIB
SV625   IMG
SV421   IMG
SV364   IMG
SV1663  IMG
SV641B  IMG
SV641A  IMG
SV641   IMG
SV701   IMG
SV1030  NIB
SV1421  IMG
SV217   IMG
SV1346  IMG
SV1346  NIB
SV522   NIB
SV674   NIB
SV732A  IMG
SV566   NIB
SV701   NIB
SV167   NIB
SV1376  IMG
SV1421  NIB
.  
.; COPY ALL *.MAC FILES FROM (11NEW) TO (11CURR)
.;  IF A FILE WITH THE SAME NAME ALREADY EXIST, IT WILL BE SUPERSEDED
.;
.COPY (11NEW)*.MAC TO SAME
.;
.;  
.; GET A DIRECTORY LISTING OF ALL *.MAC FILES IN CHRONOLOGICAL ORDER
.;
.DAY  
2-MAR-1981 14:51:14
.DIR *.MAC/REVERSE/SECONDS
XLTEBC  MAC       6  19-MAR-75 1700.00
XLTCRS  MAC       6  19-MAR-75 1700.00
XLTCAL  MAC       6  19-MAR-75 1700.00
XLTBCD  MAC       6  19-MAR-75 1700.00
X25Q    MAC      13  19-MAR-75 1700.00
TYMB    MAC       2  19-MAR-75 1700.00
PKT3D   MAC       2  19-MAR-75 1700.00
ONCE    MAC       3  19-MAR-75 1700.00
LNKRSP  MAC       3  19-MAR-75 1700.00
LNKG    MAC      23  19-MAR-75 1700.00
LNKF2   MAC       5  19-MAR-75 1700.00
LNKD    MAC      15  19-MAR-75 1700.00
LNK2    MAC       8  19-MAR-75 1700.00
LNK1    MAC       2  19-MAR-75 1700.00
LKGPKT  MAC      19  19-MAR-75 1700.00
LKEPKT  MAC      17  19-MAR-75 1700.00
LINDPR  MAC       3  19-MAR-75 1700.00
LIND1   MAC       8  19-MAR-75 1700.00
LIND    MAC      12  19-MAR-75 1700.00
DOG     MAC       2  19-MAR-75 1700.00
CRCTAB  MAC       2  19-MAR-75 1700.00
CRCBYT  MAC       2  19-MAR-75 1700.00
CRCBIT  MAC       2  19-MAR-75 1700.00
AUTO7   MAC       6  19-MAR-75 1700.00
AUTO6   MAC       6  19-MAR-75 1700.00
XDT     MAC      46  22-FEB-80 1551.00
SATPR   MAC       2  22-MAR-80 2148.00
LINBPR  MAC       2  22-MAR-80 2356.00
TPCPR   MAC       2  23-MAR-80 1600.00
DUPPR   MAC       2  24-MAR-80 2349.00
NOEIPR  MAC       2  22-APR-80 1227.00
3XDTPR  MAC       2  22-APR-80 1228.00
4XDTPR  MAC       2  22-APR-80 1229.00
LNKFPR  MAC       4   7-MAY-80 1449.00
LINC    MAC       5  31-MAY-80 2015.00
NOZAP   MAC       2  31-MAY-80 2018.00
LKGQAL  MAC      14  31-MAY-80 2025.00
BASEPR  MAC       2   2-JUN-80   29.00
LKHTPC  MAC      10   3-JUN-80  101.00
RU641   MAC       2   9-JUN-80 1435.00
BUGPR   MAC       2  27-JUN-80 1605.00
TRMT    MAC      10   2-JUL-80 1134.00
ZAPBUF  MAC       2   2-JUL-80 1135.00
RU732   MAC       2  10-JUL-80 1904.00
RU732A  MAC       2  10-JUL-80 1944.00
RU1421  MAC       2  14-JUL-80 1413.00
RU642   MAC       2  25-JUL-80 1659.00
RU625   MAC       2  28-JUL-80 1034.00
RU641A  MAC       2  28-JUL-80 1214.00
CG1376  MAC       2  28-JUL-80 1456.00
RU1376  MAC       2  28-JUL-80 1457.00
RU167   MAC       2  28-JUL-80 1657.00
TRMF    MAC      15  15-AUG-80 1655.00
LPA     MAC       5  15-AUG-80 1655.00
LNKE    MAC      22  15-AUG-80 1655.00
CMDT    MAC       4  15-AUG-80 1655.00
AUTO45  MAC       3  15-AUG-80 1655.00
AUTO13  MAC       3  15-AUG-80 1655.00
PKT3    MAC      10  15-AUG-80 1656.00
CMDNEX  MAC      12  15-AUG-80 1656.00
RU566   MAC       2  18-AUG-80 1553.00
LINA    MAC       4  20-AUG-80 1207.00
LINB    MAC       6  20-AUG-80 1219.00
RU566A  MAC       2  20-AUG-80 1234.00
RU217   MAC       2  20-AUG-80 1822.00
RU364   MAC       2  20-AUG-80 1834.00
RU641B  MAC       2  10-SEP-80  959.00
RU674   MAC       2  16-SEP-80 1334.00
RU674A  MAC       2  16-SEP-80 1445.00
LINF    MAC       6  18-SEP-80 1405.00
CG642   MAC       2  24-SEP-80 1102.00
CG732   MAC       2  24-SEP-80 1116.00
CG732A  MAC       2  24-SEP-80 1123.00
XB      MAC       3   7-OCT-80 1021.00
BDV     MAC      11   8-OCT-80 1243.00
CG364   MAC       2   9-OCT-80 1125.00
RU522   MAC       2  10-OCT-80 1446.00
RU701   MAC       2  16-OCT-80  815.00
RU1346  MAC       2  17-OCT-80 1415.00
LOAD    MAC       7  21-OCT-80 1717.00
BUG     MAC       2  21-OCT-80 2137.00
XPEND   MAC      13  22-OCT-80 1350.00
LNKF1   MAC       5  22-OCT-80 1807.00
NOEIS   MAC       2  25-OCT-80 1804.00
KMCDDT  MAC      10  27-OCT-80 2138.00
LKHPKP  MAC       4  27-OCT-80 2140.00
SUBNET  MAC       2  27-OCT-80 2145.00
PKT2    MAC      18  27-OCT-80 2148.00
LKBDUV  MAC       8  27-OCT-80 2151.00
LNKFLG  MAC       3  27-OCT-80 2153.00
LNKC    MAC       9  27-OCT-80 2206.00
LKBDUP  MAC       8  27-OCT-80 2211.00
LNKBS   MAC       9  27-OCT-80 2212.00
LNKB    MAC       7  27-OCT-80 2214.00
KMCX11  MAC      10  27-OCT-80 2339.00
CG625   MAC       2  28-OCT-80 1128.00
CG1346  MAC       2  28-OCT-80 1240.00
CG217   MAC       2  28-OCT-80 1609.00
CG1421  MAC       2   3-NOV-80  956.00
CG1662  MAC       2   4-NOV-80 1603.00
CG1663  MAC       2   4-NOV-80 1605.00
RU1663  MAC       2   4-NOV-80 1606.00
RU1662  MAC       2   4-NOV-80 1609.00
RU676   MAC       2  10-NOV-80 1008.00
CG4     MAC       2  10-NOV-80 1339.00
CG421   MAC       2  12-NOV-80 1110.00
RU421   MAC       2  12-NOV-80 1123.00
CG7777  MAC       2  14-NOV-80 1038.00
PKT1    MAC       9  14-NOV-80 1430.00
CMDS    MAC       9  14-NOV-80 1431.00
ERROR   MAC       5  20-NOV-80 1046.00
CG676   MAC       2  20-NOV-80 1519.00
LKHPK3  MAC      11  25-NOV-80  855.00
CG674A  MAC       2   1-DEC-80 1905.00
RU470   MAC       2   2-DEC-80 1027.00
CG701   MAC       2   3-DEC-80 1613.00
RU6666  MAC       2   8-DEC-80 1157.00
CG6666  MAC       2   8-DEC-80 1157.00
CG514   MAC       2  10-DEC-80 1138.00
RU514   MAC       2  10-DEC-80 1322.00
LNKHA   MAC      18  11-DEC-80 1309.00
CG641   MAC       3  12-DEC-80 1103.00
CG641A  MAC       3  12-DEC-80 1106.00
CG641B  MAC       2  12-DEC-80 1107.00
CG674   MAC       2  12-DEC-80 1120.00
CG470   MAC       2  18-DEC-80 1438.00
CG566A  MAC       3  14-JAN-81 1823.00
CG552   MAC       2  16-JAN-81  939.00
RU552   MAC       2  17-JAN-81 1148.00
RU554   MAC       2  17-JAN-81 1151.00
CG76    MAC       2  20-JAN-81 1028.00
RU76    MAC       2  20-JAN-81 1029.00
EXEC    MAC       9  20-JAN-81 1118.00
CG67    MAC       2  28-JAN-81 1311.00
RU67    MAC       2  28-JAN-81 1313.00
RU553   MAC       2  30-JAN-81  959.00
CG167   MAC       2   2-FEB-81 1230.40
LNKF    MAC      29   4-FEB-81 1047.00
CMDTYM  MAC       5   4-FEB-81 1832.00
STATUS  MAC      10   4-FEB-81 1834.00
LNKHPR  MAC       4   5-FEB-81 1233.00
CG553   MAC       2   6-FEB-81 1115.00
LNKBPR  MAC       3   6-FEB-81 1552.00
CG566   MAC       2   6-FEB-81 1723.00
TYMA    MAC       3  10-FEB-81 1101.00
END     MAC       2  11-FEB-81 1014.00
COMMON  MAC      44  11-FEB-81 1041.00
RU1160  MAC       2  11-FEB-81 1325.00
ROUTE   MAC       4  11-FEB-81 1357.00
LKHPK1  MAC      26  13-FEB-81 1020.00
CG1160  MAC       2  13-FEB-81 1421.00
RU7777  MAC       2  18-FEB-81 1609.00
TRM     MAC      35  18-FEB-81 1646.00
CMDSAT  MAC       3  18-FEB-81 1648.00
CG554   MAC       2  19-FEB-81 1111.00
CG522   MAC       2  20-FEB-81 1127.47
TRMP    MAC       8  23-FEB-81 1755.00
RU1030  MAC       2  24-FEB-81 1318.00
CG1030  MAC       2  24-FEB-81 1318.00
LKHPK2  MAC      23  25-FEB-81 1405.00
XP      MAC      14   2-MAR-81 1027.00
.;
.; DELETE EVERYTHING FROM (11NEW)
.;
.GFD 11NEW
.DELETE ALL - OLDNIB.NIB
FILES DELETED:
LNKHA   DIF
EXEC    DIF
LNKF    DIF
CMDTYM  DIF
STATUS  DIF
LNKHPR  DIF
LNKBPR  DIF
TYMA    DIF
END     DIF
COMM    DIF
ROUTE   DIF
LKHPK1  DIF
TRM     DIF
CMDSAT  DIF
TRMP    DIF
LKHPK2  DIF
XP      DIF
EXEC    OBJ
XP      MAC
MAIN    FIN
SV566   NIB
MP76    MAP
SV76    IMG
LK76    CMD
LK76    BAK
SV76    NIB
SV67    NIB
MP566   MAP
SV566   IMG
MP566A  MAP
SV566A  IMG
MP552   MAP
SV552   IMG
MP642   MAP
SV642   IMG
MP553   MAP
SV553   IMG
SV1160  NIB
MP1160  MAP
SV1160  IMG
SV676   NIB
MP1030  MAP
SV1030  IMG
MP676   MAP
SV676   IMG
MP67    MAP
SV67    IMG
LK67    CMD
MP674   MAP
SV674   IMG
RU76    OBJ
CG76    OBJ
MP674A  MAP
SV674A  IMG
RU674A  OBJ
CG674A  OBJ
RU674   OBJ
CG674   OBJ
RU676   OBJ
CG676   OBJ
RU67    OBJ
CG67    OBJ
TRMPTP  OBJ
LKHBS2  OBJ
LKHTP2  OBJ
LKHST2  OBJ
LKHPK2  MAC
LKHPK2  BAK
LKHPK2  NEW
LKHPK2  930
RU1160  OBJ
CG1160  OBJ
RU1030  OBJ
CG1030  OBJ
LK1030  CMD
CG1030  MAC
MC1030  CMD
RU1030  MAC
RU1030  245
CG1030  245
TRMPST  OBJ
TRMST   OBJ
TRMP    OBJ
TRMP    LST
TRMP    MAC
CMDTYM  FIN
RU642   OBJ
CG642   OBJ
TRM     OBJ
RU553   OBJ
CG553   OBJ
CG552   OBJ
RU552   OBJ
RU554   NBJ
CG554   NBJ
CG554   MAC
CMDSAT  OBJ
CMDSAT  MAC
TRM     MAC
MC7777  CMD
RU7777  MAC
GENSAT  SAV
GENSAT  REL
GENSAT  SAI
GENCMD  SAV
GENCMD  REL
GENCMD  SAI
COMMON  DIF
RU566A  OBJ
CG566A  OBJ
CG1160  MAC
RU566   OBJ
CG566   OBJ
LKHTP1  OBJ
LKHBS1  OBJ
CMDSAT  LST
CMDSAT  NW2
LKHST1  OBJ
LKHPK1  MAC
CMDSAT  NEW
ROUTE   MAC
LK1160  CMD
MC1160  CMD
RU1160  MAC
CG1160  245
RU1160  245
END     OBJ
COMMON  MAC
COMMON  PVC
COMMON  OLD
END     MAC
XP      BAK
TYMA    OBJ
TYMA    MAC
XP      NEW
CG566   MAC
COMMON  NEW
LNKBPR  MAC
CG553   MAC
RPG     INI
LK67    BAK
LNKHPR  MAC
STATUS  OBJ
CMDTYM  OBJ
STATUS  MAC
CMDTYM  MAC
END     PVC
XP      PVC
ROUTE   PVC
CMDSAT  PVC
LNKF    OBJ
LNKF    MAC
RU553   MAC
RU67    MAC
MC67    CMD
CG67    MAC
LNKHA   OBJ
EXEC    MAC
RU76    MAC
CG76    MAC
RU554   MAC
RU552   MAC
CG552   MAC
CG566A  MAC
LK554   CMD
LK552   CMD
MC552   CMD
MC554   CMD
CG674   MAC
LK676   CMD
LNKHA   MAC
LK566A  CMD
CG674A  MAC
LKHTP3  OBJ
LKHST3  OBJ
LKHBS3  OBJ
MC76    CMD
ERROR   OBJ
ALLCFG  CMD
CG676   MAC
CMDS    OBJ
PKT1    OBJ
LOAD    OBJ
XDT     OBJ
ONCE    OBJ
LINA    OBJ
LINAST  OBJ
LINB    OBJ
LINBST  OBJ
TYMB    OBJ
ZAPBUF  OBJ
LKHTPC  OBJ
LNKF1   OBJ
LNKF2   OBJ
LNKRSP  OBJ
LNKC    OBJ
LNKD    OBJ
CRCBYT  OBJ
LKBDUV  OBJ
LNKBS   OBJ
LNKFLG  OBJ
LNK1    OBJ
LNK2    OBJ
LNKB    OBJ
AUTO13  OBJ
AUTO7   OBJ
XLTCRS  OBJ
XLTEBC  OBJ
TRMTST  OBJ
TRMFST  OBJ
TRMT    OBJ
TRMF    OBJ
CMDSST  OBJ
PKT3D   OBJ
PKT2    OBJ
RU676   MAC
MACNBJ  CMD
LK553   CMD
MC553   CMD
CG642   MAC
LINF    MAC
RU674A  MAC
LK674   CMD
LK674A  CMD
MC674   CMD
MC674A  CMD
RU674   MAC
LK566   CMD
MC676   CMD
RU566A  MAC
MC566A  CMD
RU566   MAC
MC566   CMD
MC642   CMD
LK642   CMD
RU642   MAC
LNKFPR  MAC
TPCPR   MAC
SATPR   MAC
.;
.^C
.101.47 tru
terminal time: 0:05:27
