
	char$op('004, B,  untyped, 11, 12, AND)
	char$op('005, U,  untyped, 14, 13, NOT)
	char$op('006, B,   member, 15, 16, IN)
	char$op('016, N,      inf, 23, 24, INF)
	 ass$op('017, U,  untyped, 22, 29, DATUM)
	char$op('022, B,      set, 11, 12, INTER)
	char$op('023, B,      set,  9, 10, UNION)
	char$op('026, B,    assoc, 17, 18, XOR)
	char$op('027, B,  untyped, 25, 26, SWAP)
	char$op('032, B,  untyped, 11, 12)
	char$op('033, B, relation, 15, 16, NEQ)
	char$op('034, B, relation, 15, 16, LEQ)
	char$op('035, B, relation, 15, 16, GEQ)
	char$op('036, B,    assoc, 17, 18, EQV)
	char$op('037, B,  untyped,  9, 10, OR)
	char$op( "%", B,    arith, 19, 20)
	char$op( "&", B, concaten, 19, 20)
	char$op( "(", N,  untyped, 31,  0)
	char$op( ")", N,  untyped,  0, 31)
	char$op( "*", B,    arith, 19, 20)
	char$op( "+", B,    arith, 17, 18)
	char$op( ",", N,  untyped,  3,  6)
	char$op( "-", B,    arith, 17, 18)
	char$op( "/", B,    reals, 19, 20)
	char$op( ":", B,    assoc, 28, 30)
	char$op(SEMI, N,  untyped,  2, 31)
	char$op( "<", B, relation, 15, 16)
	char$op( "=", B, relation, 15, 16)
	char$op( ">", B, relation, 15, 16)
	 ass$op( "A", B,    shift, 19, 20, ASH)
	 ass$op( "B", B, integers, 19, 20, DIV)
	 ass$op( "C", N,  untyped, 32, 32, FALSE)
	 ass$op( "D", B,  untyped, 17, 18, LAND)
	 ass$op( "E", U,  untyped, 22, 21, LNOT)
	 ass$op( "F", B,  untyped, 17, 18, LOR)
	 ass$op( "G", B,    shift, 19, 20, LSH)
	 ass$op( "H", B,    arith, 15, 16, MAX)
	 ass$op( "I", B,    arith, 15, 16, MIN)
	 ass$op( "J", B, integers, 19, 20, MOD)
	 ass$op( "L", N,  untyped, 32, 32, NULL)
	 ass$op( "M", B,    shift, 19, 20, ROT)
	 ass$op( "O", N,  untyped, 32, 32, TRUE)
	 ass$op( "P", U,  untyped, 22, 21, ABS)
	 ass$op( "Q", B, integers,  8,  7, FOR)
	 ass$op( "R", B, integers,  8,  7, TO)
	 ass$op( "S", N,  untyped, 22, 21)
	 ass$op( "T", N,  untyped, 22, 21)
	 ass$op( "U", B, integers, 22, 21)
	 ass$op( "W", U,  untyped, 22, 21, PROPS)
	 ass$op( "X", N,  untyped, 22, 21)
	 ass$op( "Y", N,  untyped, 32, 32, PHI)
	 ass$op( "Z", N,  untyped, 32, 32, NIL)
	char$op( "[", N,  untyped, 28,  0)
	 ass$op( "\", B,  untyped, 28, 32)
	char$op( "]", N,  untyped,  0, 28)
	char$op( "^", B,    arith, 21, 22)
	char$op( "_", B,   assign, 27,  4)
	char$op( "`", B,    assoc,  5,  6, ASSOC)
	 ass$op( "a", U,  untyped, 22, 21)
	 ass$op( "b", N,  untyped, 32, 32, ANY)
	 ass$op( "c", N,  untyped, 32, 32, NULL!RECORD)
	 ass$op( "d", U,  untyped, 22, 21, LENGTH)
	 ass$op( "e", U, location, 22, 21, LOCATION)
	 ass$op( "f", N,  untyped,  5, 28)
	 ass$op( "g", N,  untyped, 22, 21, CPRINT)
	 ass$op( "h", N,  untyped, 22, 21, PRINT)
	 ass$op( "i", U,  untyped, 22, 21, NEW!RECORD)
	char$op( "{", N,  untyped, 28,  5, SETO)
	char$op( "}", N,  untyped,  5, 28, SETC)
	char$op( "~", U,  untyped, 14, 13)
	char$op('177, N,  untyped,  0,  1)

CONFORMITY
 relation (12)
	char$op('033, B, 15, 16, NEQ)
	char$op('034, B, 15, 16, LEQ)
	char$op('035, B, 15, 16, GEQ)
	char$op( "<", B, 15, 16)
	char$op( "=", B, 15, 16)
	char$op( ">", B, 15, 16)
 location (11)
	 ass$op( "e", U, 22, 21, LOCATION)
    assoc (10)
	char$op('026, B, 17, 18, XOR)
	char$op('036, B, 17, 18, EQV)
	char$op( ":", B, 28, 30)
	char$op( "`", B,  5,  6, ASSOC)
    arith ( 9)
	char$op( "%", B, 19, 20)
	char$op( "*", B, 19, 20)
	char$op( "+", B, 17, 18)
	char$op( "-", B, 17, 18)
	 ass$op( "H", B, 15, 16, MAX)
	 ass$op( "I", B, 15, 16, MIN)
	char$op( "^", B, 21, 22)
      set ( 8)
	char$op('022, B, 11, 12, INTER)
	char$op('023, B,  9, 10, UNION)
      inf ( 7)
	char$op('016, N, 23, 24, INF)
   member ( 6)
	char$op('006, B, 15, 16, IN)
    shift ( 5)
	 ass$op( "A", B, 19, 20, ASH)
	 ass$op( "G", B, 19, 20, LSH)
	 ass$op( "M", B, 19, 20, ROT)
   assign ( 4)
	char$op( "_", B, 27,  4)
 concaten ( 3)
	char$op( "&", B, 19, 20)
    reals ( 2)
	char$op( "/", B, 19, 20)
 integers ( 1)
	 ass$op( "B", B, 19, 20, DIV)
	 ass$op( "J", B, 19, 20, MOD)
	 ass$op( "Q", B,  8,  7, FOR)
	 ass$op( "R", B,  8,  7, TO)
	 ass$op( "U", B, 22, 21)
  untyped ( 0)
	char$op('004, B, 11, 12, AND)
	char$op('005, U, 14, 13, NOT)
	 ass$op('017, U, 22, 29, DATUM)
	char$op('027, B, 25, 26, SWAP)
	char$op('032, B, 11, 12)
	char$op('037, B,  9, 10, OR)
	char$op( "(", N, 31,  0)
	char$op( ")", N,  0, 31)
	char$op( ",", N,  3,  6)
	char$op(SEMI, N,  2, 31)
	 ass$op( "C", N, 32, 32, FALSE)
	 ass$op( "D", B, 17, 18, LAND)
	 ass$op( "E", U, 22, 21, LNOT)
	 ass$op( "F", B, 17, 18, LOR)
	 ass$op( "L", N, 32, 32, NULL)
	 ass$op( "O", N, 32, 32, TRUE)
	 ass$op( "P", U, 22, 21, ABS)
	 ass$op( "S", N, 22, 21)
	 ass$op( "T", N, 22, 21)
	 ass$op( "W", U, 22, 21, PROPS)
	 ass$op( "X", N, 22, 21)
	 ass$op( "Y", N, 32, 32, PHI)
	 ass$op( "Z", N, 32, 32, NIL)
	char$op( "[", N, 28,  0)
	 ass$op( "\", B, 28, 32)
	char$op( "]", N,  0, 28)
	 ass$op( "a", U, 22, 21)
	 ass$op( "b", N, 32, 32, ANY)
	 ass$op( "c", N, 32, 32, NULL!RECORD)
	 ass$op( "d", U, 22, 21, LENGTH)
	 ass$op( "f", N,  5, 28)
	 ass$op( "g", N, 22, 21, CPRINT)
	 ass$op( "h", N, 22, 21, PRINT)
	 ass$op( "i", U, 22, 21, NEW!RECORD)
	char$op( "{", N, 28,  5, SETO)
	char$op( "}", N,  5, 28, SETC)
	char$op( "~", U, 14, 13)
	char$op('177, N,  0,  1)

DEGREE (n-ary)

    Binary
	char$op('004,  untyped, 11, 12, AND)
	char$op('006,   member, 15, 16, IN)
	char$op('022,      set, 11, 12, INTER)
	char$op('023,      set,  9, 10, UNION)
	char$op('026,    assoc, 17, 18, XOR)
	char$op('027,  untyped, 25, 26, SWAP)
	char$op('032,  untyped, 11, 12)
	char$op('033, relation, 15, 16, NEQ)
	char$op('034, relation, 15, 16, LEQ)
	char$op('035, relation, 15, 16, GEQ)
	char$op('036,    assoc, 17, 18, EQV)
	char$op('037,  untyped,  9, 10, OR)
	char$op( "%",    arith, 19, 20)
	char$op( "&", concaten, 19, 20)
	char$op( "*",    arith, 19, 20)
	char$op( "+",    arith, 17, 18)
	char$op( "-",    arith, 17, 18)
	char$op( "/",    reals, 19, 20)
	char$op( ":",    assoc, 28, 30)
	char$op( "<", relation, 15, 16)
	char$op( "=", relation, 15, 16)
	char$op( ">", relation, 15, 16)
	 ass$op( "A",    shift, 19, 20, ASH)
	 ass$op( "B", integers, 19, 20, DIV)
	 ass$op( "D",  untyped, 17, 18, LAND)
	 ass$op( "F",  untyped, 17, 18, LOR)
	 ass$op( "G",    shift, 19, 20, LSH)
	 ass$op( "H",    arith, 15, 16, MAX)
	 ass$op( "I",    arith, 15, 16, MIN)
	 ass$op( "J", integers, 19, 20, MOD)
	 ass$op( "M",    shift, 19, 20, ROT)
	 ass$op( "Q", integers,  8,  7, FOR)
	 ass$op( "R", integers,  8,  7, TO)
	 ass$op( "U", integers, 22, 21)
	 ass$op( "\",  untyped, 28, 32)
	char$op( "^",    arith, 21, 22)
	char$op( "_",   assign, 27,  4)
	char$op( "`",    assoc,  5,  6, ASSOC)

    Unary
	char$op('005,  untyped, 14, 13, NOT)
	 ass$op('017,  untyped, 22, 29, DATUM)
	 ass$op( "E",  untyped, 22, 21, LNOT)
	 ass$op( "P",  untyped, 22, 21, ABS)
	 ass$op( "W",  untyped, 22, 21, PROPS)
	 ass$op( "a",  untyped, 22, 21)
	 ass$op( "d",  untyped, 22, 21, LENGTH)
	 ass$op( "e", location, 22, 21, LOCATION)
	 ass$op( "i",  untyped, 22, 21, NEW!RECORD)
	char$op( "~",  untyped, 14, 13)

    Nullary
	char$op('016,      inf, 23, 24, INF)
	char$op( "(",  untyped, 31,  0)
	char$op( ")",  untyped,  0, 31)
	char$op( ",",  untyped,  3,  6)
	char$op(SEMI,  untyped,  2, 31)
	 ass$op( "C",  untyped, 32, 32, FALSE)
	 ass$op( "L",  untyped, 32, 32, NULL)
	 ass$op( "O",  untyped, 32, 32, TRUE)
	 ass$op( "S",  untyped, 22, 21)
	 ass$op( "T",  untyped, 22, 21)
	 ass$op( "X",  untyped, 22, 21)
	 ass$op( "Y",  untyped, 32, 32, PHI)
	 ass$op( "Z",  untyped, 32, 32, NIL)
	char$op( "[",  untyped, 28,  0)
	char$op( "]",  untyped,  0, 28)
	 ass$op( "b",  untyped, 32, 32, ANY)
	 ass$op( "c",  untyped, 32, 32, NULL!RECORD)
	 ass$op( "f",  untyped,  5, 28)
	 ass$op( "g",  untyped, 22, 21, CPRINT)
	 ass$op( "h",  untyped, 22, 21, PRINT)
	char$op( "{",  untyped, 28,  5, SETO)
	char$op( "}",  untyped,  5, 28, SETC)
	char$op('177,  untyped,  0,  1)

BINDING (left)
	 ass$op( "C", N,  untyped, 32, 32, FALSE)
	 ass$op( "L", N,  untyped, 32, 32, NULL)
	 ass$op( "O", N,  untyped, 32, 32, TRUE)
	 ass$op( "Y", N,  untyped, 32, 32, PHI)
	 ass$op( "Z", N,  untyped, 32, 32, NIL)
	 ass$op( "b", N,  untyped, 32, 32, ANY)
	 ass$op( "c", N,  untyped, 32, 32, NULL!RECORD)
	char$op( "(", N,  untyped, 31,  0)
	char$op( ":", B,    assoc, 28, 30)
	char$op( "[", N,  untyped, 28,  0)
	 ass$op( "\", B,  untyped, 28, 32)
	char$op( "{", N,  untyped, 28,  5, SETO)
	char$op( "_", B,   assign, 27,  4)
	char$op('027, B,  untyped, 25, 26, SWAP)
	char$op('016, N,      inf, 23, 24, INF)
	 ass$op('017, U,  untyped, 22, 29, DATUM)
	 ass$op( "E", U,  untyped, 22, 21, LNOT)
	 ass$op( "P", U,  untyped, 22, 21, ABS)
	 ass$op( "S", N,  untyped, 22, 21)
	 ass$op( "T", N,  untyped, 22, 21)
	 ass$op( "U", B, integers, 22, 21)
	 ass$op( "W", U,  untyped, 22, 21, PROPS)
	 ass$op( "X", N,  untyped, 22, 21)
	 ass$op( "a", U,  untyped, 22, 21)
	 ass$op( "d", U,  untyped, 22, 21, LENGTH)
	 ass$op( "e", U, location, 22, 21, LOCATION)
	 ass$op( "g", N,  untyped, 22, 21, CPRINT)
	 ass$op( "h", N,  untyped, 22, 21, PRINT)
	 ass$op( "i", U,  untyped, 22, 21, NEW!RECORD)
	char$op( "^", B,    arith, 21, 22)
	char$op( "%", B,    arith, 19, 20)
	char$op( "&", B, concaten, 19, 20)
	char$op( "*", B,    arith, 19, 20)
	char$op( "/", B,    reals, 19, 20)
	 ass$op( "A", B,    shift, 19, 20, ASH)
	 ass$op( "B", B, integers, 19, 20, DIV)
	 ass$op( "G", B,    shift, 19, 20, LSH)
	 ass$op( "J", B, integers, 19, 20, MOD)
	 ass$op( "M", B,    shift, 19, 20, ROT)
	char$op('026, B,    assoc, 17, 18, XOR)
	char$op('036, B,    assoc, 17, 18, EQV)
	char$op( "+", B,    arith, 17, 18)
	char$op( "-", B,    arith, 17, 18)
	 ass$op( "D", B,  untyped, 17, 18, LAND)
	 ass$op( "F", B,  untyped, 17, 18, LOR)
	char$op('006, B,   member, 15, 16, IN)
	char$op('033, B, relation, 15, 16, NEQ)
	char$op('034, B, relation, 15, 16, LEQ)
	char$op('035, B, relation, 15, 16, GEQ)
	char$op( "<", B, relation, 15, 16)
	char$op( "=", B, relation, 15, 16)
	char$op( ">", B, relation, 15, 16)
	 ass$op( "H", B,    arith, 15, 16, MAX)
	 ass$op( "I", B,    arith, 15, 16, MIN)
	char$op('005, U,  untyped, 14, 13, NOT)
	char$op( "~", U,  untyped, 14, 13)
	char$op('004, B,  untyped, 11, 12, AND)
	char$op('022, B,      set, 11, 12, INTER)
	char$op('032, B,  untyped, 11, 12)
	char$op('023, B,      set,  9, 10, UNION)
	char$op('037, B,  untyped,  9, 10, OR)
	 ass$op( "Q", B, integers,  8,  7, FOR)
	 ass$op( "R", B, integers,  8,  7, TO)
	char$op( "`", B,    assoc,  5,  6, ASSOC)
	 ass$op( "f", N,  untyped,  5, 28)
	char$op( "}", N,  untyped,  5, 28, SETC)
	char$op( ",", N,  untyped,  3,  6)
	char$op(SEMI, N,  untyped,  2, 31)
	char$op( ")", N,  untyped,  0, 31)
	char$op( "]", N,  untyped,  0, 28)
	char$op('177, N,  untyped,  0,  1)

BINDING (right)
	 ass$op( "C", N,  untyped, 32, 32, FALSE)
	 ass$op( "L", N,  untyped, 32, 32, NULL)
	 ass$op( "O", N,  untyped, 32, 32, TRUE)
	 ass$op( "Y", N,  untyped, 32, 32, PHI)
	 ass$op( "Z", N,  untyped, 32, 32, NIL)
	 ass$op( "\", B,  untyped, 28, 32)
	 ass$op( "b", N,  untyped, 32, 32, ANY)
	 ass$op( "c", N,  untyped, 32, 32, NULL!RECORD)
	char$op( ")", N,  untyped,  0, 31)
	char$op(SEMI, N,  untyped,  2, 31)
	char$op( ":", B,    assoc, 28, 30)
	 ass$op('017, U,  untyped, 22, 29, DATUM)
	char$op( "]", N,  untyped,  0, 28)
	 ass$op( "f", N,  untyped,  5, 28)
	char$op( "}", N,  untyped,  5, 28, SETC)
	char$op('027, B,  untyped, 25, 26, SWAP)
	char$op('016, N,      inf, 23, 24, INF)
	char$op( "^", B,    arith, 21, 22)
	 ass$op( "E", U,  untyped, 22, 21, LNOT)
	 ass$op( "P", U,  untyped, 22, 21, ABS)
	 ass$op( "S", N,  untyped, 22, 21)
	 ass$op( "T", N,  untyped, 22, 21)
	 ass$op( "U", B, integers, 22, 21)
	 ass$op( "W", U,  untyped, 22, 21, PROPS)
	 ass$op( "X", N,  untyped, 22, 21)
	 ass$op( "a", U,  untyped, 22, 21)
	 ass$op( "d", U,  untyped, 22, 21, LENGTH)
	 ass$op( "e", U, location, 22, 21, LOCATION)
	 ass$op( "g", N,  untyped, 22, 21, CPRINT)
	 ass$op( "h", N,  untyped, 22, 21, PRINT)
	 ass$op( "i", U,  untyped, 22, 21, NEW!RECORD)
	char$op( "%", B,    arith, 19, 20)
	char$op( "&", B, concaten, 19, 20)
	char$op( "*", B,    arith, 19, 20)
	char$op( "/", B,    reals, 19, 20)
	 ass$op( "A", B,    shift, 19, 20, ASH)
	 ass$op( "B", B, integers, 19, 20, DIV)
	 ass$op( "G", B,    shift, 19, 20, LSH)
	 ass$op( "J", B, integers, 19, 20, MOD)
	 ass$op( "M", B,    shift, 19, 20, ROT)
	char$op('026, B,    assoc, 17, 18, XOR)
	char$op('036, B,    assoc, 17, 18, EQV)
	char$op( "+", B,    arith, 17, 18)
	char$op( "-", B,    arith, 17, 18)
	 ass$op( "D", B,  untyped, 17, 18, LAND)
	 ass$op( "F", B,  untyped, 17, 18, LOR)
	char$op('006, B,   member, 15, 16, IN)
	char$op('033, B, relation, 15, 16, NEQ)
	char$op('034, B, relation, 15, 16, LEQ)
	char$op('035, B, relation, 15, 16, GEQ)
	char$op( "<", B, relation, 15, 16)
	char$op( "=", B, relation, 15, 16)
	char$op( ">", B, relation, 15, 16)
	 ass$op( "H", B,    arith, 15, 16, MAX)
	 ass$op( "I", B,    arith, 15, 16, MIN)
	char$op('005, U,  untyped, 14, 13, NOT)
	char$op( "~", U,  untyped, 14, 13)
	char$op('004, B,  untyped, 11, 12, AND)
	char$op('022, B,      set, 11, 12, INTER)
	char$op('032, B,  untyped, 11, 12)
	char$op('023, B,      set,  9, 10, UNION)
	char$op('037, B,  untyped,  9, 10, OR)
	 ass$op( "Q", B, integers,  8,  7, FOR)
	 ass$op( "R", B, integers,  8,  7, TO)
	char$op( ",", N,  untyped,  3,  6)
	char$op( "`", B,    assoc,  5,  6, ASSOC)
	char$op( "{", N,  untyped, 28,  5, SETO)
	char$op( "_", B,   assign, 27,  4)
	char$op('177, N,  untyped,  0,  1)
	char$op( "(", N,  untyped, 31,  0)
	char$op( "[", N,  untyped, 28,  0)    