
*HEAD* Version 5, Length 5
	PPN:   1SDD
	TAPE FILE:  BPDAHD.   FAI [  SAIL].  => BPDAHD.FAI
	TAPE FILE:  JFR   .   TMP [  SAIL].  => JFR.TMP
	TAPE FILE:  PSEG  .   SAI [  SAIL].  => PSEG.SAI
	TAPE FILE:  LABELS.   SAI [  SAIL].  => LABELS.SAI
	TAPE FILE:  SEGFND.   SAI [  SAIL].  => SEGFND.SAI
	TAPE FILE:  FOO   .   SAI [  SAIL].  => FOO.SAI
	TAPE FILE:  SAIL  .   OPR [  SAIL].  => SAIL.OPR
	TAPE FILE:  TAILOR.       [  SAIL].  => TAILOR.
	TAPE FILE:  DPBUG .   SAI [  SAIL].  => DPBUG.SAI
	TAPE FILE:  GETSAV.   MAC [  SAIL].  => GETSAV.MAC
	TAPE FILE:  MSGLOG.   MSG [  SAIL].  => MSGLOG.MSG
	TAPE FILE:  BUGS  .       [  SAIL].  => BUGS.
	TAPE FILE:  SALGRP.       [  SAIL].  => SALGRP.
	TAPE FILE:  ARYSER.       [  SAIL].  => ARYSER.
	TAPE FILE:  GEN   .       [  SAIL].  => GEN.
	TAPE FILE:  OPTION.   TXT [  SAIL].  => OPTION.TXT
	TAPE FILE:  FEATS .       [  SAIL].  => FEATS.
	TAPE FILE:  BAIPD8.   FAI [  SAIL].  => BAIPD8.FAI
	TAPE FILE:  WNTSLS.   SAI [  SAIL].  => WNTSLS.SAI
	TAPE FILE:  LOW   .       [  SAIL].  => LOW.
	TAPE FILE:  EXPRS .       [  SAIL].  => EXPRS.
	TAPE FILE:  COMVER.   FAI [  SAIL].  => COMVER.FAI
	TAPE FILE:  DUMPED.   PRO [  SAIL].  => DUMPED.PRO
	TAPE FILE:  GSGMNT.       [  SAIL].  => GSGMNT.
	TAPE FILE:  DIR   .   DRD [  SAIL].  => DIR.DRD
	TAPE FILE:  PRUNE .   DAT [  SAIL].  => PRUNE.DAT
	TAPE FILE:  IFN   .   SAI [  SAIL].  => IFN.SAI
	TAPE FILE:  ORDER .       [  SAIL].  => ORDER.
	TAPE FILE:  TSGMNT.       [  SAIL].  => TSGMNT.
	TAPE FILE:  COPY  .   MAC [  SAIL].  => COPY.MAC
	TAPE FILE:  AIL   .   MSG [  SAIL].  => AIL.MSG
	TAPE FILE:  XREF  .   SAI [  SAIL].  => XREF.SAI
	TAPE FILE:  LOG   .       [  SAIL].  => LOG.
	TAPE FILE:  FUNCT .   FAI [  SAIL].  => FUNCT.FAI
	TAPE FILE:  IT    .       [  SAIL].  => IT.
	TAPE FILE:  TRIGS .   OLD [  SAIL].  => TRIGS.OLD
	TAPE FILE:  TRIGS .       [  SAIL].  => TRIGS.
	TAPE FILE:  BSM1HD.   FAI [  SAIL].  => BSM1HD.FAI
	TAPE FILE:  SAILDD.   REL [  SAIL].  => SAILDD.REL
	TAPE FILE:  SEMBLK.       [  SAIL].  => SEMBLK.
	TAPE FILE:  L8RUN .       [  SAIL].  => L8RUN.
	TAPE FILE:  DOCS  .   UPD [  SAIL].  => DOCS.UPD
	TAPE FILE:  PTRAN .   DMP [  SAIL].  => PTRAN.DMP
	TAPE FILE:  JUNK  .       [  SAIL].  => JUNK.
	TAPE FILE:  SAILPD.   FAI [  SAIL].  => SAILPD.FAI
	TAPE FILE:  RTRAN .   DMP [  SAIL].  => RTRAN.DMP
	TAPE FILE:  FILSPC.       [  SAIL].  => FILSPC.
	TAPE FILE:  DPBUG .   REL [  SAIL].  => DPBUG.REL
	TAPE FILE:  R1    .   SAI [  SAIL].  => R1.SAI
	TAPE FILE:  IOSER .       [  SAIL].  => IOSER.
	TAPE FILE:  LOWER .   REL [  SAIL].  => LOWER.REL
	TAPE FILE:  RTRAN .   REL [  SAIL].  => RTRAN.REL
	TAPE FILE:  TEST  .   REL [  SAIL].  => TEST.REL
	TAPE FILE:  SPACES.       [  SAIL].  => SPACES.
	TAPE FILE:  CORDMP.   REL [  SAIL].  => CORDMP.REL
	TAPE FILE:  SYM   .       [  SAIL].  => SYM.
	TAPE FILE:  FOO   .   REL [  SAIL].  => FOO.REL
	TAPE FILE:  RECBUG.   SAI [  SAIL].  => RECBUG.SAI
	TAPE FILE:  TAILOR.   REL [  SAIL].  => TAILOR.REL
	TAPE FILE:  UPPER .   REL [  SAIL].  => UPPER.REL
	TAPE FILE:  LODREQ.   FAI [  SAIL].  => LODREQ.FAI
	TAPE FILE:  BATCH .   LOG [  SAIL].  => BATCH.LOG
	TAPE FILE:  TEST  .   FAI [  SAIL].  => TEST.FAI
	TAPE FILE:  SAICAT.   KL  [  SAIL].  => SAICAT.KL
	TAPE FILE:  RECTST.   SAI [  SAIL].  => RECTST.SAI
	TAPE FILE:  THAT  .       [  SAIL].  => THAT.
	TAPE FILE:  FAILSA.   SAI [  SAIL].  => FAILSA.SAI
	TAPE FILE:  DMPCOM.   SAI [  SAIL].  => DMPCOM.SAI
	TAPE FILE:  WRDGET.       [  SAIL].  => WRDGET.
	TAPE FILE:  MESPRO.       [  SAIL].  => MESPRO.
	TAPE FILE:  TOTAL .       [  SAIL].  => TOTAL.
	TAPE FILE:  SEGFIX.   DO  [  SAIL].  => SEGFIX.DO
	TAPE FILE:  ITRENC.       [  SAIL].  => ITRENC.
	TAPE FILE:  LIBHED.   SAI [  SAIL].  => LIBHED.SAI
	TAPE FILE:  FBUG  .   SAI [  SAIL].  => FBUG.SAI
	TAPE FILE:  GLB   .       [  SAIL].  => GLB.
	TAPE FILE:  STRBUG.   SAI [  SAIL].  => STRBUG.SAI
	TAPE FILE:  LODREQ.   DMP [  SAIL].  => LODREQ.DMP
	TAPE FILE:  RSGMNT.       [  SAIL].  => RSGMNT.
	TAPE FILE:  EXTRAC.   SAI [  SAIL].  => EXTRAC.SAI
	TAPE FILE:  TEST  .   SAI [  SAIL].  => TEST.SAI
	TAPE FILE:  SAIL  .   DO  [  SAIL].  => SAIL.DO
	TAPE FILE:  FBUG  .   REL [  SAIL].  => FBUG.REL
	TAPE FILE:  DGRUMP.   DMP [  SAIL].  => DGRUMP.DMP
	TAPE FILE:  HDRFIL.       [  SAIL].  => HDRFIL.
	TAPE FILE:  BAILDD.   FAI [  SAIL].  => BAILDD.FAI
	TAPE FILE:  XTCLOR.   REL [  SAIL].  => XTCLOR.REL
	TAPE FILE:  PARSE .       [  SAIL].  => PARSE.
	TAPE FILE:  ARRAY .       [  SAIL].  => ARRAY.
	TAPE FILE:  SCISS .   DMP [  SAIL].  => SCISS.DMP
	TAPE FILE:  BAIFLS.   CMD [  SAIL].  => BAIFLS.CMD
	TAPE FILE:  SAIGRP.   DIS [  SAIL].  => SAIGRP.DIS
	TAPE FILE:  STDBRK.   SAI [  SAIL].  => STDBRK.SAI
	TAPE FILE:  SAISGC.   KL  [  SAIL].  => SAISGC.KL
	TAPE FILE:  SCISS .   SAI [  SAIL].  => SCISS.SAI
	TAPE FILE:  GRUMP .   DMP [  SAIL].  => GRUMP.DMP
	TAPE FILE:  SAIREN.   FAI [  SAIL].  => SAIREN.FAI
	TAPE FILE:  EXAM  .   FAI [  SAIL].  => EXAM.FAI
	TAPE FILE:  OUTBUG.   SAI [  SAIL].  => OUTBUG.SAI
	TAPE FILE:  STRSER.       [  SAIL].  => STRSER.
	TAPE FILE:  OUTBUG.   REL [  SAIL].  => OUTBUG.REL
	TAPE FILE:  COMSER.       [  SAIL].  => COMSER.
	TAPE FILE:  COMVER.   REL [  SAIL].  => COMVER.REL
	TAPE FILE:  STRSER.   KL  [  SAIL].  => STRSER.KL
	TAPE FILE:  LEPRUN.       [  SAIL].  => LEPRUN.
	TAPE FILE:  SGMNT .       [  SAIL].  => SGMNT.
	TAPE FILE:  GOGOL .       [  SAIL].  => GOGOL.
	TAPE FILE:  XTHAT .   CMD [  SAIL].  => XTHAT.CMD
	TAPE FILE:  DATALI.   SAI [  SAIL].  => DATALI.SAI
	TAPE FILE:  OUTBUG.   DMP [  SAIL].  => OUTBUG.DMP
	TAPE FILE:  XFAI  .   TMP [  SAIL].  => XFAI.TMP
	TAPE FILE:  PROCSS.       [  SAIL].  => PROCSS.
	TAPE FILE:  RUN   .       [  SAIL].  => RUN.
	TAPE FILE:  XTCHDR.   FAI [  SAIL].  => XTCHDR.FAI
	TAPE FILE:  RENCSW.       [  SAIL].  => RENCSW.
	TAPE FILE:  DATA  .       [  SAIL].  => DATA.
	TAPE FILE:  ENDDAT.       [  SAIL].  => ENDDAT.
	TAPE FILE:  BUG   .   SAI [  SAIL].  => BUG.SAI
	TAPE FILE:  RECGC .       [  SAIL].  => RECGC.
	TAPE FILE:  DB    .       [  SAIL].  => DB.
	TAPE FILE:  PTEST .   SAI [  SAIL].  => PTEST.SAI
	TAPE FILE:  PTEST .   REL [  SAIL].  => PTEST.REL
	TAPE FILE:  HEAD  .       [  SAIL].  => HEAD.
	TAPE FILE:  SMERGE.   MAC [  SAIL].  => SMERGE.MAC
	TAPE FILE:  NWORLD.       [  SAIL].  => NWORLD.
	TAPE FILE:  PPSAV .   TMP [  SAIL].  => PPSAV.TMP
	TAPE FILE:  HEL   .       [  SAIL].  => HEL.
	TAPE FILE:  STATS .       [  SAIL].  => STATS.
	TAPE FILE:  LEAP  .       [  SAIL].  => LEAP.
	TAPE FILE:  SYMSER.   SAI [  SAIL].  => SYMSER.SAI
	TAPE FILE:  RECSER.       [  SAIL].  => RECSER.
	TAPE FILE:  PTRAN .   SAI [  SAIL].  => PTRAN.SAI
	TAPE FILE:  RTRAN .   SAI [  SAIL].  => RTRAN.SAI
	TAPE FILE:  SAIL  .       [  SAIL].  => SAIL.
	TAPE FILE:  SCNCMD.   SAI [  SAIL].  => SCNCMD.SAI
	TAPE FILE:  SPARES.       [  SAIL].  => SPARES.
	TAPE FILE:  FOO2  .       [  SAIL].  => FOO2.
	TAPE FILE:  PROD  .       [  SAIL].  => PROD.
	TAPE FILE:  UP    .       [  SAIL].  => UP.
	TAPE FILE:  PROD  .   QQQ [  SAIL].  => PROD.QQQ
	TAPE FILE:  BAISM1.   FAI [  SAIL].  => BAISM1.FAI
	TAPE FILE:  SCISS .   NEW [  SAIL].  => SCISS.NEW
	TAPE FILE:  BAICLC.   FAI [  SAIL].  => BAICLC.FAI
	TAPE FILE:  BAIIO1.   FAI [  SAIL].  => BAIIO1.FAI
	TAPE FILE:  BAIIO2.   FAI [  SAIL].  => BAIIO2.FAI
	TAPE FILE:  BAIMSC.   FAI [  SAIL].  => BAIMSC.FAI
	TAPE FILE:  BAIPRC.   FAI [  SAIL].  => BAIPRC.FAI
	TAPE FILE:  RESTAB.       [  SAIL].  => RESTAB.
	TAPE FILE:  SAILDD.   DMP [  SAIL].  => SAILDD.DMP
	TAPE FILE:  BAICLC.   REL [  SAIL].  => BAICLC.REL
	TAPE FILE:  BAIIO1.   REL [  SAIL].  => BAIIO1.REL
	TAPE FILE:  BAIIO2.   REL [  SAIL].  => BAIIO2.REL
	TAPE FILE:  BAISM1.   REL [  SAIL].  => BAISM1.REL
	TAPE FILE:  BAIMSC.   REL [  SAIL].  => BAIMSC.REL
	TAPE FILE:  BAIPRC.   REL [  SAIL].  => BAIPRC.REL
	TAPE FILE:  HDRFIL.   REL [  SAIL].  => HDRFIL.REL
	TAPE FILE:  HDRFIL.   FUN [  SAIL].  => HDRFIL.FUN
	TAPE FILE:  GOGTAB.   DEF [  SAIL].  => GOGTAB.DEF
	 File OPEN at *HEAD* record? 
*HEAD* Version 5, Length 5
	PPN:   1SDD
	 File OPEN at *HEAD* record? 
*HEAD* Version 5, Length 5
	PPN:   1SDD
	 File OPEN at *HEAD* record? 
*HEAD* Version 5, Length 5
	PPN:   1SDD
	 File OPEN at *HEAD* record? 
*HEAD* Version 5, Length 5
	PPN:   1SDD

 THAT'S ALL, FOLKS!!! 