!;---------------------------------------------------------------------
!;
!;                       Build PEAK.SAV for Tymcom-X
!;
!;                (SYS)PEAK.SAV has protection ALL RUN RUN.
!;                (SYS)PEAK.SAV should have no license.
!;
!;                (SYS)PEAK.HLP has protection ALL RD RD.
!;                (SYS)PEAK.HLP should have no license.
!;
!;                (SYSNEWS)PEAK.CHT has protection ALL RD RD.
!;                (SYSNEWS)PEAK.KEY has protection ALL RD RD.
!;                (SYSNEWS)PEAK.NEW has protection ALL RD RD.
!;                (SYSNEWS)PEAK.SUM has protection ALL RD RD.
!;                (SYSNEWS)PEAK.TUT has protection ALL RD RD.
!;                (SYSNEWS)PEAK.TXT has protection ALL RD RD.
!;
!;       Note that in succeeding releases, the name of the FDM file
!;       will change.
!;
!;---------------------------------------------------------------------
!
!
!daytime
30-JUN-1984 0:01:08 PDT

!delete *.rel

NO FILES SATISFYING REQUEST

!
!ctest setp sail=(sys)sail

!
!com ded,comand,auxwin,xbuff,xfile,window,redisp,util
SAIL: DED.SAI 1
  DED.DEF 1
    HOST.DEF 1
   2 3 4 5
 2 3
COMAND.SAI 1
  DED.DEF 1
    HOST.DEF 1
   2 3 4 5
 2 3 4 5 6 7 8 9 10 11 12 13 14 15 16 17 18
  COMSUB.REQ 1 2 3 4 5 6 7 8 9 10 11 12 13 14 15 16 17 18 19 20 21 22 23 24 25 26 27 28 29 30 31 32 33 34 35 36 37 38 39 40 41 42 43 44 45 46 47
  COMM1.REQ 1 2 3 4 5 6 7 8 9 10 11 12 13 14 15 16 17 18 19 20 21 22 23 24 25 26 27 28 29 30 31 32 33 34 35 36 37 38 39 40 41 42 43 44 45 46 47 48 49 50
  COMM2.REQ 1 2 3 4 5 6 7 8 9 10 11 12 13 14 15 16 17 18 19 20 21 22 23 24 25 26 27 28 29 30 31 32 33 34 35 36 37 38 39 40 41 42 43 44 45 46 47 48 49 50
  COMM3.REQ 1 2 3 4 5 6 7 8 9 10 11 12 13 14 15 16 17 18 19 20 21 22 23 24 25 26 27 28 29
  COMM4.REQ 1 2 3 4 5 6 7 8 9 10 11 12 13 14 15 16 17
  COMM5.REQ 1 2 3 4 5
  COMM6.REQ 1 2 3 4 5 6 7
  COMM7.REQ 1 2 3
  COMM8.REQ 1 2 3
 19 20 21 22 23 [Expanding Command Tables]
 24 25 [Expanding Variable Tables]
 26 27 28 29 30 31 32 33
AUXWIN.SAI 1
  DED.DEF 1
    HOST.DEF 1
   2 3 4 5
 2 3 4 5 6 7 8 9 10 11
XBUFF.SAI 1
  DED.DEF 1
    HOST.DEF 1
   2 3 4 5
 2 3 4 5 6 7 8 9 10 11 12 13 14 15 16 17 18 19 20 21 22 23 24 25 26 27 28 29 30 31 32 33 34 35 36 37 38 39 40 41 42 43 44 45 46 47 48 49 50 51 52 53 54 55 56
XFILE.SAI 1
  DED.DEF 1
    HOST.DEF 1
   2 3 4 5
 2 3 4 5 6 7 8 9 10 11 12 13 14 15 16 17 18 19 20 21 22 23 24
WINDOW.SAI 1
  DED.DEF 1
    HOST.DEF 1
   2 3 4 5
 2 3 4 5 6 7 8 9 10 11 12 13 14 15 16 17 18 19 20 21 22 23 24 25 26
REDISP.SAI 1
  DED.DEF 1
    HOST.DEF 1
   2 3 4 5
 2 3 4 5 6 7 8 9 10 11 12 13 14 15 16 17 18 19 20 21 22 23 24 25 26 27 28 29 30 31 32
UTIL.SAI 1
  DED.DEF 1
    HOST.DEF 1
   2 3 4 5
 2 3 4 5 6 7 8 9 10


EXIT

!
!r link
*ded,comand,xbuff,xfile,window,redisp,util,auxwin
*[sys]libsaa/s
*peak/save/u/g
[LNKUGS	No undefined global symbols]

EXIT

!
!declare all run run peak.sav


!declare all rd rd peak.cht, peak.hlp, peak.key, peak.sum, peak.tut, peak.txt


!declare all rd rd peak.new


!
!dir /ext/alph/prot/lic/time/author/words

PEABLD  BAK       2  29-APR-84 2330.18 ALL RD  NO       382           (KEN)
PEAK    BUG       9  16-APR-84 1617.37 ALL RD  NO      3728           (KEN)
PEAK    CHT       7  17-APR-84 1220.37 ALL RD  RD      2610           (KEN)
PEACKS  CKS       2  13-APR-84 1601.03 ALL RD  NO       140           (KEN)
PEACKS  CMD       2  17-APR-84 1414.29 ALL RD  NO        92           (KEN)
PEAFDM  CMD       2  19-APR-84 1055.42 ALL RD  NO        74           (KEN)
UTIL    CRF       2  29-JUN-84 2355.50 ALL RD  NO       152           (KEN)
BKUP    CTL       2  16-FEB-84  838.19 ALL RD  NO        37           (KEN)
DEBLNK  CTL       2  28-MAR-84 1132.10 ALL RD  NO        31           (KEN)
DIF     CTL       2   2-MAY-84 1415.55 ALL RD  NO        11           (KEN)
DIFBAK  CTL       2   2-MAY-84 1435.12 ALL RD  NO       214           (KEN)
DIFOLD  CTL       2   2-MAY-84 1543.43 ALL RD  NO       223           (KEN)
INSTAL  CTL       2  29-MAR-83 1645.00 ALL RD  NO        24 WP        (KEN)
LNK     CTL       2  20-APR-84  749.44 ALL RD  NO        21           (KEN)
PEABLD  CTL       2  29-JUN-84 2342.35 ALL RD  NO       385           (KEN)
PEAK    CTL       2  17-APR-84 1449.29 ALL RD  NO       249           (KEN)
PRT     CTL       2   6-JUN-84 1346.55 ALL RD  NO       146           (KEN)
QCK     CTL       2  17-APR-84 1457.24 ALL RD  NO        28           (KEN)
QCKDEB  CTL       2  17-APR-84 1457.23 ALL RD  NO        22           (KEN)
TMP     CTL       2   2-MAY-84 2345.26 ALL RD  NO       159           (KEN)
UNINST  CTL       2  29-MAR-83 1603.00 ALL RD  NO        14           (KEN)
PRUNE   DAT       2  17-APR-84 1226.41 ALL RD  NO       103           (KEN)
DED     DEF      12  25-APR-84 1404.32 ALL RD  NO      5295           (KEN)
HOST    DEF       2   5-DEC-83 1627.07 ALL RD  NO       156           (KEN)
PEAK    HLP       5  30-APR-84 1152.00 ALL RD  RD      1652           (KEN)
PEAK    KEY       7  30-APR-84 1151.00 ALL RD  RD      2775           (KEN)
DIFOLD  LOG       4   2-MAY-84 1543.54 ALL RD  NO      1094           (KEN)
PEABLD  LOG       1  30-JUN-84    1.01 ALL RD  NO      2560           (KEN)
PEAK    LOG       3  23-APR-84 1617.01 ALL RD  NO       805           (KEN)
PRT     LOG       2   6-JUN-84 1353.09 ALL RD  NO       333           (KEN)
TMP     LOG       2   2-MAY-84 2347.37 ALL RD  NO       413           (KEN)
PEAK    MEM       2   6-APR-83 1229.00 ALL RD  NO       313           (KEN)
ACCESS  MSG       2  30-APR-84 1535.21 ALL RD  NO        13           (KEN)
PEAK    NEW       3  30-APR-84 1514.39 ALL RD  RD       691           (KEN)
TRMDEF  OCT      20  30-MAR-84  509.17 ALL RD  NO      9429           (KEN)
AUXWIN  REL       4  30-JUN-84    5.46 ALL RD  NO      1337           (KEN)
COMAND  REL      58  30-JUN-84    1.18 ALL RD  NO     28788           (KEN)
DED     REL       2  30-JUN-84    1.13 ALL RD  NO       307           (KEN)
REDISP  REL      11  30-JUN-84    6.51 ALL RD  NO      4665           (KEN)
UTIL    REL       2  30-JUN-84    7.22 ALL RD  NO       288           (KEN)
WINDOW  REL       9  30-JUN-84    6.36 ALL RD  NO      3840           (KEN)
XBUFF   REL      12  30-JUN-84    5.55 ALL RD  NO      5545           (KEN)
XFILE   REL      15  30-JUN-84    6.16 ALL RD  NO      6918           (KEN)
COMM1   REQ      12  30-APR-84  929.44 ALL RD  NO      5168           (KEN)
COMM2   REQ      20  13-APR-84 1504.50 ALL RD  NO      9438           (KEN)
COMM3   REQ      10  24-JAN-84 1459.55 ALL RD  NO      4344           (KEN)
COMM4   REQ       6   5-DEC-83 1426.10 ALL RD  NO      2348           (KEN)
COMM5   REQ       2  29-MAR-84 1435.27 ALL RD  NO       299           (KEN)
COMM6   REQ       2   9-APR-83 1531.00 ALL RD  NO       365           (KEN)
COMM7   REQ       3  14-MAR-84 1442.21 ALL RD  NO       851           (KEN)
COMM8   REQ       2  19-APR-84 1620.37 ALL RD  NO       445           (KEN)
COMSUB  REQ      12  26-MAR-84 1307.20 ALL RD  NO      5512           (KEN)
XXBUF1  REQ      28  13-APR-84 1446.52 ALL RD  NO     13653           (KEN)
XXBUF2  REQ      11   3-APR-84 1615.46 ALL RD  NO      4635           (KEN)
AUXWIN  SAI      10  25-APR-84 1444.49 ALL RD  NO      4100           (KEN)
COMAND  SAI      28  25-APR-84 1200.41 ALL RD  NO     13449           (KEN)
DED     SAI       3   2-MAY-84 1140.38 ALL RD  NO       964           (KEN)
REDISP  SAI      16   6-APR-84 1159.25 ALL RD  NO      7579           (KEN)
UTIL    SAI       4  16-FEB-84 1405.33 ALL RD  NO      1417           (KEN)
WINDOW  SAI      11   3-APR-84 1526.56 ALL RD  NO      5100           (KEN)
XBUFF   SAI      19  13-APR-84 1446.56 ALL RD  NO      9167           (KEN)
XFILE   SAI      13   5-APR-84 1008.31 ALL RD  NO      6137           (KEN)
XXBUFF  SAI      13   2-MAY-84  732.28 ALL RD  NO      5830           (KEN)
XXFILE  SAI      11   2-APR-84 1531.53 ALL RD  NO      4773           (KEN)
PEAK    SAV      67  30-JUN-84    7.51 ALL RUN RUN    33717           (KEN)
PRT     SAV      11   9-MAY-83 1543.12 ALL RD  NO      4711           (KEN)
PEAK    SUM       5  30-APR-84 1152.00 ALL RD  RD      1646           (KEN)
PEAK    TUT      10   4-APR-84 1320.00 ALL RD  RD      4606           (KEN)
PEAK    TXT      17  30-APR-84 1217.00 ALL RD  RD      7928           (KEN)
PEAK    WSH       2  10-MAY-83 2318.13 ALL RD  NO       385           (KEN)
BOBJ              2   4-MAY-84 1136.10 ALL RD  NO        66           (CALSTATE)
RTN               2  19-MAR-84 1224.48 ALL RD  NO        15           (KEN)

TOTAL PAGES 586 FILES 72

!do cksum
INPUT: *.rel
ZAFBUV DED.REL
LECGUT COMAND.REL
TIHPAH AUXWIN.REL
WAXLEP REDISP.REL
LUXZAZ XFILE.REL
WEKSUF WINDOW.REL
KOKBAN UTIL.REL
GICFEM XBUFF.REL
INPUT: 

!del *.rel

Files "deleted":
AUXWIN  REL       4  30-JUN-84    5.46 ALL RD  NO      1337           (KEN)
COMAND  REL      58  30-JUN-84    1.18 ALL RD  NO     28788           (KEN)
DED     REL       2  30-JUN-84    1.13 ALL RD  NO       307           (KEN)
REDISP  REL      11  30-JUN-84    6.51 ALL RD  NO      4665           (KEN)
UTIL    REL       2  30-JUN-84    7.22 ALL RD  NO       288           (KEN)
WINDOW  REL       9  30-JUN-84    6.36 ALL RD  NO      3840           (KEN)
XBUFF   REL      12  30-JUN-84    5.55 ALL RD  NO      5545           (KEN)
XFILE   REL      15  30-JUN-84    6.16 ALL RD  NO      6918           (KEN)

!
!del peakf.301

NO FILES SATISFYING REQUEST

!do fdm

[FDM File Utility %0.1]

FDM> o peakf.301
[New file: PEAKF.301]
0 files, 0 words in master file.

FDM> r peak.bug

Reading files:
PEAK   BUG        3728    PUCZIQ [ok]

FDM> r peak.cht

Reading files:
PEAK   CHT        2610    BANMUB [ok]

FDM> r peafdm.cmd

Reading files:
PEAFDM CMD          74    LOWHEW [ok]

FDM> r peabld.ctl

Reading files:
PEABLD CTL         385    WITDAV [ok]

FDM> r ded.def

Reading files:
DED    DEF        5295    ZENNER [ok]

FDM> r host.def

Reading files:
HOST   DEF         156    BANFUM [ok]

FDM> r peak.hlp

Reading files:
PEAK   HLP        1652    JUYKIC [ok]

FDM> r peak.key

Reading files:
PEAK   KEY        2775    YAQROZ [ok]

FDM> r peak.new

Reading files:
PEAK   NEW         691    PATZUB [ok]

FDM> r comm1.req

Reading files:
COMM1  REQ        5168    DOTPAR [ok]

FDM> r comm2.req

Reading files:
COMM2  REQ        9438    SILDUZ [ok]

FDM> r comm3.req

Reading files:
COMM3  REQ        4344    SADNOP [ok]

FDM> r comm4.req

Reading files:
COMM4  REQ        2348    ZOLSIP [ok]

FDM> r comm5.req

Reading files:
COMM5  REQ         299    XEFQIQ [ok]

FDM> r comm6.req

Reading files:
COMM6  REQ         365    NIFYEW [ok]

FDM> r comm7.req

Reading files:
COMM7  REQ         851    WIKDAB [ok]

FDM> r comm8.req

Reading files:
COMM8  REQ         445    FIDGAY [ok]

FDM> r xxbuf1.req

Reading files:
XXBUF1 REQ       13653    BOGZOD [ok]

FDM> r xxbuf2.req

Reading files:
XXBUF2 REQ        4635    YUJDIR [ok]

FDM> r comsub.req

Reading files:
COMSUB REQ        5512    COKLEZ [ok]

FDM> r auxwin.sai

Reading files:
AUXWIN SAI        4100    JIQHEX [ok]

FDM> r comand.sai

Reading files:
COMAND SAI       13449    BUSBEL [ok]

FDM> r ded.sai

Reading files:
DED    SAI         964    SUVJIV [ok]

FDM> r redisp.sai

Reading files:
REDISP SAI        7579    VIRVAW [ok]

FDM> r util.sai

Reading files:
UTIL   SAI        1417    YAGQUB [ok]

FDM> r window.sai

Reading files:
WINDOW SAI        5100    QEYKUP [ok]

FDM> r xbuff.sai

Reading files:
XBUFF  SAI        9167    KABGUW [ok]

FDM> r xfile.sai

Reading files:
XFILE  SAI        6137    KADVUJ [ok]

FDM> r xxbuff.sai

Reading files:
XXBUFF SAI        5830    VELXOG [ok]

FDM> r xxfile.sai

Reading files:
XXFILE SAI        4773    YOZMER [ok]

FDM> r peak.sav

Reading files:
PEAK   SAV       33717    NOGSEC [ok]

FDM> r peak.sum

Reading files:
PEAK   SUM        1646    DAMTAF [ok]

FDM> r peak.tut

Reading files:
PEAK   TUT        4606    TIVHAY [ok]

FDM> r peak.txt

Reading files:
PEAK   TXT        7928    NOCTUK [ok]

FDM> r peak.wsh

Reading files:
PEAK   WSH         385    CEWMAF [ok]

FDM> q

[Master file PEAKF.301 closed.]
35 files, 171572 words in master file.

End of FDM execution.

!
!daytime
30-JUN-1984 0:11:28 PDT

!
!
!;---------------------------------------------------------------------
!LOGOUT
246.91 tru
terminal time: 0:10:29
