MICRO-SYMBOL 12-APR-1980   VROM   PAGE 1

     1                          OPCODELOAD 6500
     2                          NOSYM
     3                  
     4  00E8                    ORG     0E8H
     5  00E8            CURADDR: DS     2       ; CURRENT VIDEO RAM ADDR
     6  00EA            CURCHR: DS      2       ; CURRENT VIDEO CHARACTER
     7  00EC            INDEX:  DS      1       ; VRAM FLAGS
     8                  
     9  0069            PSTK    EQU     69H
    10  3EFC            IOB0    EQU     3EFCH
    11  9000            CTROM   EQU     9000H
    12  B000            VRAM    EQU     0B000H
    13                  
    14  9000                    ORG     CTROM
    15  9000  22                DB      VCTRS-.
    16  9001  434F5059          DB      'COPYRIGHT FRIENDS AMIS, INC. 1980'
    17        52494748
    18        54204652
    19        49454E44
    20        5320414D
    21        49532C20
    22        494E432E
    23        20313938
    24        30
    25                  
    26  9022  4C5E90    VCTRS:  JMP     INTLO
    27  9025  4C5D90            JMP     STRTIP
    28  9028  4C2E90            JMP     STRTOP
    29  902B  4C5D90            JMP     INTHI
    30                  
    31  902E  B569      STRTOP: LDA     PSTK,X  ; GET CHAR
    32  9030  C941              CMP     #'A'    ; FLIP ALPHA/GRAPHICS?
    33  9032  D004              BNE     TSTB    ; BRANCH IF NO
    34  9034  A980              LDA     #80H    ; SET BIT
    35  9036  D01A              BNE     SETMODE ; CONTINUE
    36  9038  C942      TSTB:   CMP     #'B'    ; CHANGE GRAPHICS?
    37  903A  D004              BNE     TSTC    ; BRANCH IF NO
    38  903C  A940              LDA     #40H    ; SET BIT
    39  903E  D012              BNE     SETMODE
    40  9040  C943      TSTC:   CMP     #'C'    ; SWAP BANKS?
    41  9042  D004              BNE     STRTOP1 ; NO- GO BUMP SCREEN
    42  9044  A920              LDA     #20H    ; SET BANK BIT
    43  9046  D00A              BNE     SETMODE
    44  9048  A5EB      STRTOP1: LDA    CURCHR+1; NEED TO INIT CHAR?
    45  904A  D004              BNE     NOINIT  ; BRANCH IF NO
    46  904C  A9B0              LDA     #(VRAM SHR 8)   ; SET START ADDRESS
    47  904E  85E9              STA     CURADDR+1       ; *
    48  9050  A980      NOINIT: LDA     #80H
    49  9052  45EC      SETMODE: EOR    INDEX   ; INCLUDE OTHER FLAGS
    50  9054  3002              BMI     .+4     ; BRANCH IF ENABLING IRQ
MICRO-SYMBOL 12-APR-1980   VROM   PAGE 1-2

    51  9056  85EC              STA     INDEX
    52  9058  8DFF3E            STA     IOB0+3  ; SET MODE
    53  905B  A901              LDA     #1      ; POP 1 BYTE FROM PSTK
    54  905D            STRTIP:
    55  905D  60        INTHI:  RTS
    56                  
    57                  
    58  905E  A903      INTLO:  LDA     #3      ; ENABLE VRAM
    59  9060  8DFE3E            STA     IOB0+2  ; *
    60  9063  A5EA      INTLO1: LDA     CURCHR
    61  9065  A6EB              LDX     CURCHR+1
    62  9067  2CFF3E            BIT     IOB0+3  ; IS VIDEO STILL IN RETRACE?
    63  906A  3025              BMI     LOXIT   ; BRANCH IF NO
    64  906C  A000              LDY     #0
    65  906E  91E8              STA     (CURADDR),Y
    66  9070  C8                INY
    67  9071  8A                TXA
    68  9072  91E8              STA     (CURADDR),Y
    69  9074  E6EA              INC     CURCHR
    70  9076  D002              BNE     .+4
    71  9078  E6EB              INC     CURCHR+1
    72  907A  E6E8              INC     CURADDR
    73  907C  E6E8              INC     CURADDR
    74  907E  D0E3              BNE     INTLO1
    75  9080  E6E9              INC     CURADDR+1
    76  9082  A5E9              LDA     CURADDR+1
    77  9084  2904              AND     #04     ; AT 1K YET?
    78  9086  F0DB              BEQ     INTLO1  ; BRANCH IF NO
    79  9088  A5EC              LDA     INDEX   ; RESET IRQ
    80  908A  8DFF3E            STA     IOB0+3  ; DISSABLE IRQ
    81  908D  A9B0              LDA     #(VRAM SHR 8)
    82  908F  85E9              STA     CURADDR+1
    83  9091  60        LOXIT:  RTS
    84                  
    85                          END

NO ERRORS DETECTED

PROGRAM BREAK IS 9092
MICRO-SYMBOL 12-APR-1980   SYMBOL TABLE   PAGE 1

CTROM    9000
CURADDR  00E8
CURCHR   00EA
INDEX    00EC
INTHI    905D
INTLO    905E
INTLO1   9063
IOB0     3EFC
LOXIT    9091
NOINIT   9050
PSTK     0069
SETMODE  9052
STRTIP   905D
STRTOP   902E
STRTOP1  9048
TSTB     9038
TSTC     9040
VCTRS    9022
VRAM     B000

MICRO-SYMBOL 12-APR-1980   VROM
Symbol cross reference

CTROM	    11#	    14
CURADD	     5#	    47	    65	    68	    72	    73	    75	    76	    82
CURCHR	     6#	    44	    60	    61	    69	    71
INDEX	     7#	    49	    51	    79
INTHI	    29	    55#
INTLO	    26	    58#
INTLO1	    60#	    74	    78
IOB0	    10#	    52	    59	    62	    80
LOXIT	    63	    83#
NOINIT	    45	    48#
PSTK	     9#	    31
SETMOD	    35	    39	    43	    49#
STRTIP	    27	    54#
STRTOP	DSK	    28	    31#
STRTOP	DSK	    41	    44#
TSTB	    33	    36#
TSTC	    37	    40#
VCTRS	    15	    26#
VRAM	    12#	    46	    81