
SYNTAX ERROR. CURRENT STATEMENT OR DECLARATION WILL BE FLUSHED.
SAMPLE, Page 1
00110	   print
("
STATEMENT FLUSHED.

YOU HAVE DECLARED A NON-SIMPLE PROCEDURE INSIDE
A SIMPLE PROCEDURE.  WE MAKE NO PROMISSES... 
SAMPLE, Page 1
00140	   recursive procedure recurser
(integer depth);

Parametric procedures are not allowed in ASSIGNs.
SAMPLE, Page 1
00170	   assign( hasproc, recurser )
;

TOO MANY ARGUMENTS SPECIFIED TO PROCEDURE
SAMPLE, Page 1
00180	   showit( "recurser",
 depth );

NO STRING CONSTANTS BY REFERENCE
SAMPLE, Page 1
00180	   showit( "recurser",
 depth );

TOO MANY ARGUMENTS SPECIFIED TO PROCEDURE
SAMPLE, Page 1
00180	   showit( "recurser", depth )
;

TOO MANY ARGUMENTS SPECIFIED TO PROCEDURE
SAMPLE, Page 1
00200	   showit( "inrecurser",
 depth );

NO STRING CONSTANTS BY REFERENCE
SAMPLE, Page 1
00200	   showit( "inrecurser",
 depth );

TOO MANY ARGUMENTS SPECIFIED TO PROCEDURE
SAMPLE, Page 1
00200	   showit( "inrecurser", depth )
;

NOT ENOUGH PARAMETERS SUPPLIED TO PROCEDURE
SAMPLE, Page 1
00210	   f depth <5 then recurser(depth+1)
;

INACCESSABLE FORMAL
SAMPLE, Page 1
00210	   f depth <5 then recurser(depth+1)
;

DRYROT AT EPNT -- SIMPLE?
SAMPLE, Page 1
00210	   f depth <5 then recurser(depth+1)
;

DRYROT -- PENTRY
SAMPLE, Page 1
00220	   end;


DRYROT -- FBOUT
SAMPLE, Page 1
00220	   end;


DRYROT -- FBOUT
SAMPLE, Page 1
00220	   end;


TOO MANY ARGUMENTS SPECIFIED TO PROCEDURE
SAMPLE, Page 1
00250	   showit( "fresh",
 -10 );

NO STRING CONSTANTS BY REFERENCE
SAMPLE, Page 1
00250	   showit( "fresh",
 -10 );

TOO MANY ARGUMENTS SPECIFIED TO PROCEDURE
SAMPLE, Page 1
00250	   showit( "fresh", -10 )
;

Parametric procedures are not allowed in ASSIGNs.
SAMPLE, Page 1
00260	   assign( hasproc, recurser )
;

TOO MANY ARGUMENTS SPECIFIED TO PROCEDURE
SAMPLE, Page 1
00270	   showit( "outer",
 -5 );

NO STRING CONSTANTS BY REFERENCE
SAMPLE, Page 1
00270	   showit( "outer",
 -5 );

TOO MANY ARGUMENTS SPECIFIED TO PROCEDURE
SAMPLE, Page 1
00270	   showit( "outer", -5 )
;

NOT ENOUGH PARAMETERS SUPPLIED TO PROCEDURE
SAMPLE, Page 1
00280	   recurser(5)
;
