!gf mail

!del *.old

FILES DELETED:
MAILER  OLD
ONTYME  OLD
UNIX    OLD
TYMX    OLD
TUMS    OLD
SMTP    OLD
SENDMA  OLD
RDMAIL  OLD
ONTMTP  OLD
OFFICE  OLD
MCAUTO  OLD
MAILST  OLD

!ren *.sav,*.old

FILES RENAMED:
ROLAID  SAV

!ren rolaid.old,rolaid.sav


!rolaid tums/r
filename			pages
DSK:DOMAIN.DAT[3,167357]	2
DSK:MAIL.FWD[3,167357]		2
DSK:MAILER.SAV[3,167357]	28
DSK:MAILST.SAV[3,167357]	24
DSK:MCAUTO.SAV[3,167357]	60
DSK:ONTMTP.SAV[3,167357]	59
DSK:ONTYME.SAV[3,167357]	34
DSK:RDMAIL.SAV[3,167357]	23
DSK:ROUTER.DAT[3,167357]	2
DSK:SENDMA.SAV[3,167357]	35
DSK:SMTP.SAV[3,167357]		25
DSK:SMTPX.SAV[3,167357]		60
DSK:TMS.SAV[3,167357]		61
DSK:TUMS.SAV[3,167357]		81

End of SAIL execution
!;;;;;;;;;;;;;;;;;;;;;;;;;;;;;;;;;;;;;;;;;;;;;;;;;;;;;;;;;;;;;;;;;;;;;;
!;  Setup system for TUMS:
!;    Enter MAILER in (SYS)XEXEC.CTL
!;    Setup (MAIL) parameters correctly.
!;;;;;;;;;;;;;;;;;;;;;;;;;;;;;;;;;;;;;;;;;;;;;;;;;;;;;;;;;;;;;;;;;;;;;;
!R EDITOR
*R (SYS)XEXEC.CTL
105 Chars
*F"MAILER"D
Wait? N
1
*A
1,MAIL,(MAIL)MAILER
*EX (SYS)XEXEC.CTL
 Existing file - Ok? Y
105 Chars

!R SETLIC

FILE NAME: (SYS)XEXEC.CTL,WC JL

EXIT

!R NONAME

USER VALIDATION PROGRAM - VERSION 41

12/19/86  11:21



: CHANGE MAIL

USER NAME: MAIL
4. LICENSE: TYM. ACT.SUP.
5. SUPPRESS TYMSHARE MESSAGE AT LOGIN.
6. INIT FILE: (MAIL        )SMTP
7. PACIFIC TIME ZONE.
SUBJECT TO DAYLIGHT SAVINGS.
8. LOGOUT ON DISCONNECT.
9. MODE: PDP10
10. QUOTA IN:   25000 PAGES.
QUOTA OUT:   25000 PAGES.
11. AMOUNT OF CORE: 256
12. GFD ACCESS
13. NO PROJECT CODE REQUIRED
17. DO NOT ALLOW ATTACH ON LOGIN.
18. DO NOT FORCE ATTACH.
19. ALLOW MULTIPLE JOBS.
20. ALLOW USER TO LOGON UNDER THIS NAME.

CHANGE WHICH ITEM - TYPE NUMBER:  6


DO YOU WANT TO SET AN INIT FILE? Y
USER FILE BELONGS TO: MAIL
FILE NAME: SMTP

6. INIT FILE: (MAIL        )SMTP


OKAY? Y

CHANGE COMPLETED.

ANOTHER? Y

CHANGE WHICH ITEM - TYPE NUMBER:  13


PROJECT CODE REQUIRED? N

13. NO PROJECT CODE REQUIRED


OKAY? Y

CHANGE COMPLETED.

ANOTHER? Y

CHANGE WHICH ITEM - TYPE NUMBER:  17


DO NOT ALLOW ATTACH ON LOGIN? Y

17. DO NOT ALLOW ATTACH ON LOGIN.


OKAY? Y

CHANGE COMPLETED.

ANOTHER? N


: QUIT

E.O.J.

!SEND OPER
TYPE LETTER:
; PCOM v1.63 - processed: (MAIL)INSTAL.OUT = (MAIL)INSTAL.CTL
; Options: DETACH  LOG NOAPPEND SUPERSEDE LICENSE 
; Limits: TIME:60 TRULIMIT:0 
; Status: completed.
; Output recorded in file (MAIL)INSTAL.OUT.

mail waiting
!LOGOUT
148.93 tru
terminal time: 0:03:39
