31 JAN 2109 V22-P034/K-14  $?  #532-KI CRA001, StopPC/SWAMP:SEAR15+1  M01041
            Key:     2
 5 FEB 0230 D25-P034/K-13  $? #1460-KL CRA001, StopPC/SYSINA+4  M00278
            Key:     2 MIC error or MIC reject tring to read key.
 5 FEB 0254 D25-P034/K-13  $? #1460-KL CRA002, StopPC/0  M00278 Key:     7
            CH1/262044,,27 CH7/777754,,52063 Input ring processing time-out.
 5 FEB 0335 D25-P034/K-13  $? #1460-KL CRA003, StopPC/0  M00278 Key:     7
            CH1/usr+16433 CH7/777704,,20323 Input ring processing time-out.
 7 FEB 2130 D25-P034/K-13  $? #1460-KL CRA004, StopPC/FILRIB:USEOUT+3  M00278
            Key:     2
 8 FEB 1228 D25-P034/K-13  $? #1460-KL CRA005, StopPC/FILRIB:USEOUT+3  M00278
            Key:     2
15 FEB 1438 D25-P034/K-13  $? #1460-KL CRA006, StopPC/FILUUO:CLRACH+7  M00278
            Key:     2
24 FEB 1836 D25-P034/K-13  $? #1460-KL CRA007, StopPC/0  M00278 Key:    15
            CH1/usr+1 Overran block i/o table.
 5 FEB 0041 C26-P034/N04-2 $? #1307-KL CRA001, StopPC/SCHED1:PAGWK1+2  M01239
            Key:     2 CH3/usr+1
 4 JAN 1750 D27-P034/K-14  $?  #666-KI CRA001, StopPC/CORE1:USRFLT+3  M00265
            Key:     2
21 FEB 1240 F28-P034/K-14  $? #1388-KL CRA001, StopPC/0  M00319 Key:     5
            CH1/usr+1 Illogical data type from host.
14 JAN 1414 F28-P034/K-14  $? #1388-KL CRA001, StopPC/0  M00319 Key:     5
            CH1/SCNSER:CHKROM+7 Illogical data type from host.
16 JAN 1009 F28-P034/K-14  $? #1388-KL CRA002, StopPC/FILRIB:USEOUT+3  M00319
            Key:     2
16 JAN 1145 F28-P034/K-14  $? #1388-KL CRA003, StopPC/SIMIO:FCR.E+4  M00319
            Key:     2
21 JAN 0928 F28-P034/K-14  $? #1388-KL CRA004, StopPC/FILRIB:USEOUT+3  M00319
            Key:     2
21 JAN 1042 F28-P034/K-14  $? #1388-KL CRA005, StopPC/SIMIO:FCR.E+4  M00319
            Key:     2
23 JAN 1043 F28-P034/K-14  $? #1388-KL CRA006, StopPC/0  M00319 Key:     5
            CH1/SETLMA+2 Illogical data type from host.
 7 FEB 1503 C29-P034/N04-2 $? #1286-KL CRA001, StopPC/FILFND:CNVATP+1  M01240
            Key:     2
 7 FEB 1648 C29-P034/N04-2 $? #1286-KL CRA002, StopPC/ERRCON:ILLINS+2  M01240
            Key:     2
12 FEB 0947 C29-P034/N04-2 $? #1286-KL CRA003, StopPC/CORE1:SRCCHT+1  M01240
            Key:     2
12 FEB 1457 C29-P034/N04-2 $? #1286-KL CRA004, StopPC/CORE1:STOLMA+1  M01240
            Key:     2
17 FEB 0038 C29-P034/N04-2 $? #1286-KL CRA005, StopPC/0  M01240 Key:     7
            CH1/246425,,241017 CH7/CLOCK1:STOP2+3
            Input ring processing time-out.
24 FEB 2258 C29-P034/N04-2 $? #1286-KL CRA006, StopPC/0  M01240 Key:     7
            CH1/32515,,52517 Input ring processing time-out.
10 FEB 1751 D32-P034/K-13  $?  #591-KI CRA001, StopPC/PLTSER:PLTBL+3  M00270
            Key:     2 MIC error or MIC reject tring to read key.
16 FEB 1633 D32-P034/K-13  $?  #591-KI CRA002, StopPC/0  M00270 Key:     2
            CH1/usr+1
16 FEB 2020 D32-P034/K-13  $?  #591-KI CRA003, StopPC/0  M00270 Key:     2
            CH1/UUOKNT
 9 FEB 1000 C33-P034/N-2   $? #1081-KL CRA001, StopPC/0  M01249 Key:     7
            CH1/20450,,17 CH7/CLOCK1:STOP2+3 Input ring processing time-out.
13 FEB 1736 C33-P034/N-2   $? #1081-KL CRA002, StopPC/0  M01249 Key:     5
            CH1/usr+1 Illogical data type from host.
14 FEB 1720 C33-P034/N-2   $? #1081-KL CRA003, StopPC/0  M01249 Key:     7
            CH1/100510,,37777 CH7/CLOCK1:STOP2+3 Input ring processing time-out.
15 FEB 1506 C33-P034/N-2   $? #1081-KL CRA004, StopPC/0  M01249 Key:     7
            CH1/20064,,17 CH7/CLOCK1:STOP2+3 Input ring processing time-out.
27 FEB 1323 C33-P034/N-2   $? #1081-KL CRA005, StopPC/0  M01249 Key:     7
            CH1/112110,,17 Input ring processing time-out.
28 FEB 0941 C33-P034/N-2   $? #1081-KL CRA006, StopPC/0  M01249 Key:     7
            CH1/402544,,330017 Input ring processing time-out.
 2 JAN 0826 C33-P034/N-2   $? #1081-KL CRA001, StopPC/0  M01249 Key:     7
            CH1/56234,,17 CH7/CLOCK1:STOP2+3 Input ring processing time-out.
 4 JAN 0954 C33-P034/N-2   $? #1081-KL CRA002, StopPC/0  M01249 Key:     4
            CH1/usr+507502 Bad data type or port number from host.
 9 JAN 1609 C33-P034/N-2   $? #1081-KL CRA003, StopPC/0  M01249 Key:     7
            CH1/112434,,17 CH7/CLOCK1:STOP2+3 Input ring processing time-out.
14 JAN 0749 C33-P034/N-2   $? #1081-KL CRA004, StopPC/0  M01249 Key:     2
            CH7/60,,1557
18 JAN 1831 C33-P034/N-2   $? #1081-KL CRA005, StopPC/0  M01249 Key:     7
            CH1/22570,,17 CH7/CLOCK1:STOP2+3 Input ring processing time-out.
22 JAN 1336 C33-P034/N-2   $? #1081-KL CRA006, StopPC/0  M01249 Key:     4
            CH1/usr+1 Bad data type or port number from host.
25 JAN 1251 C33-P034/N-2   $? #1081-KL CRA007, StopPC/0  M01249 Key:     4
            CH1/usr+1 Bad data type or port number from host.
28 JAN 1045 C33-P034/N-2   $? #1081-KL CRA008, StopPC/0  M01249 Key:     5
            CH1/usr+1 Illogical data type from host.
28 JAN 1342 C33-P034/N-2   $? #1081-KL CRA009, StopPC/0  M01249 Key:     5
            CH1/usr+14503 Illogical data type from host.
29 JAN 1328 C33-P034/N-2   $? #1081-KL CRA010, StopPC/0  M01249 Key:     7
            CH1/116504,,14417 CH7/CLOCK1:STOP2+3 Input ring processing time-out.
30 JAN 1149 C33-P034/N-2   $? #1081-KL CRA011, StopPC/0  M01249 Key:     7
            CH1/234436,,154017 CH7/BPA13C+233 Input ring processing time-out.
31 JAN 1034 C33-P034/N-2   $? #1081-KL CRA012, StopPC/0  M01249 Key:     7
            CH1/P4+1 Input ring processing time-out.
24 FEB 1910 C34-P034/K-17  $?  #641-KI CRA001, StopPC/UUOCON:INSSIM+2  M00272
            Key:     2
24 FEB 1956 C34-P034/K-17  $?  #641-KI CRA002, StopPC/UUOCON:INSSIM+2  M00272
            Key:     2 CH7/373167,,0
 3 JAN 0019 C34-P034/K-15  $?  #641-KI CRA001, StopPC/FILRIB:USEOUT+3  M00272
            Key:     2
11 OCT 2020 C34-P034/N     $?  #641-KI CRA001, StopPC/UUOCON:INSSIM+2  M01205
            Key:     2
19 OCT 0616 C34-P034/N     $?  #641-KI CRA002, StopPC/UUOCON:INSSIM+2  M01205
            Key:     2
 4 NOV 0213 C34-P034/N-2   $?  #641-KI CRA003, StopPC/UUOCON:INSSIM+2  M01205
            Key:     2
15 NOV 0302 C34-P034/N-2   $?  #641-KI CRA004, StopPC/UUOCON:INSSIM+2  M01205
            Key:     2
20 NOV 1800 C34-P034/N-3   $?  #641-KI CRA005, StopPC/UUOCON:INSSIM+2  M01205
            Key:     2
 1 FEB 1415 C35-P034/N-3   $? #1386-KL CRA001, StopPC/0  M01206 Key:     7
            CH1/100604,,20017 CH7/CLOCK1:STOP2+3 Input ring processing time-out.
12 FEB 1355 C35-P034/N-3   $? #1386-KL CRA002, StopPC/0  M01206 Key:     7
            CH1/402721,,30017 CH7/CLOCK1:STOP2+3 Input ring processing time-out.
15 FEB 2322 C35-P034/N-3   $? #1386-KL CRA003, StopPC/0  M01206 Key:     7
            CH1/SYSIDL+27376 CH7/CLOCK1:STOP2+3 Input ring processing time-out.
27 FEB 1041 C35-P034/N-3   $? #1386-KL CRA004, StopPC/0  M01206 Key:     7
            CH1/240515,,271017 Input ring processing time-out.
 7 JAN 0654 C35-P034/N-3   $? #1386-KL CRA001, StopPC/0  M01206 Key:     7
            CH1/402575,,510017 CH7/CLOCK1:STOP2+3
            Input ring processing time-out.
 7 JAN 0717 C36-P034/N04-2 $? #1415-KL CRA001, StopPC/0  M01241 Key:     4
            Bad data type or port number from host.
 3 FEB 1212 C39-P034/N-3   $? #1354-KL CRA001, StopPC/UUOCTR  M01210 Key:     2
            CH7/CLOCK1:STOP2+3
 7 FEB 0313 C39-P034/N-3   $? #1354-KL CRA002, StopPC/0  M01210 Key:     7
            CH1/usr+561357 CH7/CLOCK1:STOP2+3 Input ring processing time-out.
12 FEB 1435 C39-P034/N-4   $? #1354-KL CRA003, StopPC/UUOCON:INSSIM+2  M01210
            Key:     2
13 FEB 1604 C39-P034/N-4   $? #1354-KL CRA004, StopPC/0  M01210 Key:     4
            CH1/STOLMA Bad data type or port number from host.
14 FEB 1035 C39-P034/N-4   $? #1354-KL CRA005, StopPC/UUOCON:INSSIM+2  M01210
            Key:     2
15 FEB 0808 C39-P034/N-4   $? #1354-KL CRA006, StopPC/0  M01210 Key:     7
            CH1/112704,,17 CH7/CLOCK1:STOP2+3 Input ring processing time-out.
11 JAN 0201 C39-P034/N-3   $? #1354-KL CRA001, StopPC/0  M01210 Key:     7
            CH1/540122,,405017 CH7/CLOCK1:STOP2+3
            Input ring processing time-out.
14 JAN 2154 C39-P034/N-3   $? #1354-KL CRA002, StopPC/GIVPGK+5  M01210
            Key:     2
15 JAN 0806 C39-P034/N-3   $? #1354-KL CRA003, StopPC/0  M01210 Key:     4
            CH1/SCNSER:CLRIMI+2 Bad data type or port number from host.
16 JAN 1151 C39-P034/N-3   $? #1354-KL CRA004, StopPC/0  M01210 Key:     4
            CH1/usr+416560 Bad data type or port number from host.
17 JAN 1428 C39-P034/N-3   $? #1354-KL CRA005, StopPC/0  M01210 Key:     7
            CH1/234522,,152477 CH7/CLOCK1:STOP2+3
            Input ring processing time-out.
23 JAN 1400 C39-P034/N-3   $? #1354-KL CRA006, StopPC/0  M01210 Key:     4
            CH1/usr+7043 Bad data type or port number from host.
28 JAN 2318 C39-P034/N-3   $? #1354-KL CRA007, StopPC/0  M01210 Key:     7
            CH1/403061,,550017 CH7/CLOCK1:STOP2+3
            Input ring processing time-out.
29 JAN 1244 C39-P034/N-3   $? #1354-KL CRA008, StopPC/0  M01210 Key:     4
            CH1/CORE1:MWSRP4+2 Bad data type or port number from host.
20 FEB 2206 D54-P034/K-13  $? #1376-KL CRA004, StopPC/0  M00278 Key:     2
            CH7/60,,1557
 6 FEB 1410 D54-P034/K-13  $? #1376-KL CRA001, StopPC/0  M00278 Key:     4
            CH1/usr+1 Bad data type or port number from host.
 7 FEB 1543 D54-P034/K-13  $? #1376-KL CRA002, StopPC/0  M00278 Key:     4
            CH1/usr+1 Bad data type or port number from host.
11 FEB 1547 C55-P034/N-2   $? #1336-KL CRA001, StopPC/0  M01212 Key:     7
            CH1/402751,,40017 CH7/CLOCK1:STOP2+3 Input ring processing time-out.
 8 JAN 0530 C55-P034/N-2   $? #1336-KL CRA001, StopPC/0  M01212 Key:     7
            CH1/410672,,405017 CH7/CLOCK1:STOP2+3
            Input ring processing time-out.
29 JAN 1418 C55-P034/N-2   $? #1336-KL CRA002, StopPC/CORE1:REMV16+7  M01212
            Key:     2 CH7/CLOCK1:STOP2+3
 4 FEB 1332 D56-P034/N-1   $? #1383-KL CRA001, StopPC/0  M01252 Key:     7
            CH1/156310,,651417 CH7/CLOCK1:STOP2+3
            Input ring processing time-out.
 5 FEB 1911 D56-P034/N-1   $? #1383-KL CRA002, StopPC/0  M01252 Key:     2
            CH1/SCNSER:SCNNT2+6 Dep 1 in 30
 6 FEB 1700 D56-P034/N-1   $? #1383-KL CRA003, StopPC/0  M01252 Key:     2
            CH1/UUOCON:GETTB1 Dep 1 in 30
11 FEB 0111 D56-P034/N-1   $? #1383-KL CRA004, StopPC/UUOCTR  M01252 Key:     2
11 FEB 1347 D56-P034/N-1   $? #1383-KL CRA005, StopPC/0  M01252 Key:     7
            CH1/112524,,17 CH7/CLOCK1:STOP2+3 Input ring processing time-out.
 3 JAN 1209 D56-P034/N-1   $? #1383-KL CRA001, StopPC/0  M01252 Key:     7
            CH1/20004,,17 CH7/CLOCK1:STOP2+3 Input ring processing time-out.
 9 JAN 1218 D56-P034/N-1   $? #1383-KL CRA002, StopPC/0  M01252 Key:     7
            CH1/656516,,405017 CH7/CLOCK1:STOP2+3
            Input ring processing time-out.
10 JAN 1422 D56-P034/N-1   $? #1383-KL CRA003, StopPC/0  M01252 Key:     5
            CH1/COMMOD:SAXINT+14 CH3/IOCSS:CHNCHK+4
            Illogical data type from host.
21 JAN 2227 D56-P034/N-1   $? #1383-KL CRA004, StopPC/0  M01252 Key:     2
            CH1/SCHED1:CKJB2+1 Dep 1 in 30
25 JAN 1511 D56-P034/N-1   $? #1383-KL CRA005, StopPC/0  M01252 Key:     7
            CH1/201004,,20100 CH7/CLOCK1:STOP2+3 Input ring processing time-out.
22 FEB 1541 C57-P034/K-13  $?  #542-KI CRA001, StopPC/0  M00523 Key:     7
            CH1/SCNSER:CHRML2 Input ring processing time-out.
15 OCT 0819 C57-P034/N     $?  #542-KI CRA001, StopPC/DECUMC+10  M01214
            Key:     2
16 OCT 0333 C57-P034/N     $?  #542-KI CRA002, StopPC/DECUMC+4  M01214
            Key:     2
23 OCT 1009 C57-P034/N     $?  #542-KI CRA003, StopPC/UUOCON:INSSIM+2  M01214
            Key:     2
 2 NOV 1044 C57-P034/N-2   $?  #542-KI CRA004, StopPC/SIMIO:FCR.E+4  M01214
            Key:     2
 6 NOV 1939 C57-P034/N-2   $?  #542-KI CRA005, StopPC/UUOCON:INSSIM+2  M01214
            Key:     2
14 NOV 0902 C57-P034/N-2   $?  #542-KI CRA006, StopPC/UUOCON:INSSIM+2  M01214
            Key:     2
 8 FEB 0730 V70-P034/K-12  $?  #629-KI CRA001, StopPC/FILFND:ULKDB0+4  M00508
            Key:     2
12 FEB 2323 V70-P034/K-12  $?  #629-KI CRA002, StopPC/FILUUO:CLRACH+7  M00508
            Key:     2
14 FEB 1749 V70-P034/K-12  $?  #629-KI CRA003, StopPC/0  M00508 Key:    11
            CH1/usr+403630 Parity error from MIC (sen 237).
27 FEB 1652 V70-P034/K-12  $?  #629-KI CRA004, StopPC/UUOCON:INSSIM+2  M00508
            Key:     0 CH1/usr+4227 NXM
12 JAN 2006 V70-P034/K-12  $?  #629-KI CRA001, StopPC/SCNSER:GETBBP+1  M00508
            Key:     2
15 JAN 0157 V70-P034/K-12  $?  #629-KI CRA002, StopPC/FILRIB:USEOUT+3  M00508
            Key:     2
26 JAN 0558 V70-P034/K-12  $?  #629-KI CRA003, StopPC/SCNSER:GETBBP+1  M00508
            Key:     2
26 JAN 1748 V70-P034/K-12  $?  #629-KI CRA004, StopPC/SCNSER:GETBBP+1  M00508
            Key:     2 CH7/373167,,0
 4 FEB 0639 F74-P034/K-13  $? #1421-KL CRA001, StopPC/0  M00413 Key:     7 CH1/0
            Input ring processing time-out.
 4 FEB 0648 F74-P034/K-13  $? #1421-KL CRA002, StopPC/UUOCON:INSSIM+2  M00413
            Key:     2
11 FEB 0719 F74-P034/K-13  $? #1421-KL CRA003, StopPC/UUOCON:INSSIM+2  M00413
            Key:     2
11 FEB 0803 F74-P034/K-13  $? #1421-KL CRA004, StopPC/UUOCON:INSSIM+2  M00413
            Key:     2
11 FEB 0901 F74-P034/K-13  $? #1421-KL CRA005, StopPC/UUOCON:INSSIM+2  M00413
            Key:     2
 9 JAN 0142 F74-P034/K-13  $? #1421-KL CRA001, StopPC/0  M00413 Key:     5
            CH1/TPOPJ+1 Illogical data type from host.
29 JAN 0740 F74-P034/K-13  $? #1421-KL CRA002, StopPC/UUOCON:INSSIM+2  M00413
            Key:     2
29 JAN 1008 F74-P034/K-13  $? #1421-KL CRA003, StopPC/UUOCON:INSSIM+2  M00413
            Key:     2
29 JAN 1132 F74-P034/K-13  $? #1421-KL CRA004, StopPC/UUOCON:INSSIM+2  M00413
            Key:     2
  