

* Summary *           JAN FEB MAR APR MAY JUN JUL AUG SEP OCT NOV DEC   Total
All Crashes            3      16  17  37  28  45  46  71  70  46  43     422

    CUP-C              1       8  13  20  13  17  21  41  28  17  24     203
    DALLAS                     6   2   9  13   5  16  10  18  21  18     118
    FREMONT            1       2   2   5   1   2   2   3   2       1      21
    PUTEAUX            1               3   1  21   4                      30
    VF                                             3  17  22   8          50

                               1   2   4   3       5   6   4              25
    KI                 1       6   1   7  11   4   8  22  33  24   5     122
    KL                 2       9  14  26  14  41  33  43  33  22  38     275

    /K                 2       8   3  15  14  30  13  25   4  13   2     129
    /K43                       2   5   4   5   3       6                  25
    /L21                       5   7  14   6   9   8   3                  52
    /L25                                       1   9   6   2   2   5      25
    /N                                             8  16  56  27  31     138
    /N04                                       2   3   9   4   4   5      27
    Unknown            1       1   2   4   3       5   6   4              26


Module Address        JAN FEB MAR APR MAY JUN JUL AUG SEP OCT NOV DEC   Total
All STOPPCs            3      16  17  37  28  45  46  71  70  46  43     422

                       1       1   2   5   3       5   6   4              27
       0               1       4   8  10  13  29  26  30  25  14  26     186
       131067                                                  1           1

COMCON CKRCER+2                        1                                   1

COMMOD SAXINT+5                                            1               1

COMMON EPT+43                                          1                   1
COMMON SYSINA+4                1           4   2   1                       8

CORE1  ACTLMS+4                            1                               1
CORE1  DECUS0+7                        1                                   1
CORE1  REMCHR+4                1                                           1
CORE1  REMV31+14               2       1                                   3
CORE1  REMV41+3                                                1           1
CORE1  USRFLT+3                            1           1   1   7          10

ERRCON EXCMPE+3                        1               1                   2
ERRCON ILLINS+2                1   2   5   2   2   7  12  23  14   4      72
ERRCON UUOCTR                                              1   1           2

FILFND DECRMV+13               1                                           1
FILFND DECUMC+10                       3               4   2               9
FILFND DECUMC+4                            1   1       1   1       1       5
FILFND ULKDB0+4                                    1           1           2

FILIO  INSOH3+1                        1       1                           2

FILRIB USEOUT+3                                1       3   1       1       6

FILUUO CLRACH+7                1   1   1   1   2       2                   8
FILUUO TSTRES+13                       1                                   1
FILUUO UPDUFD+16                               1                   1       2

FTASER FXWN21+12                                       1                   1
FTASER SCMBF1+3                                                    2       2
FTASER SGTDEV+14                                               1           1

PCBIO  GETTR1+2                                                    1       1
PCBIO  MAPALL+4                2   1   2                           3       8

PICON  APRFAT                              1       1   3   2               7
PICON  APRFAT+1        1               2       3   2   4                  12
PICON  USEPER+3                            1                               1

SCHED1 PAGWK1+2                    1                       1               2

SCNSER CNTPRT                                  1                           1
SCNSER FRCIBF+1                                            1               1
SCNSER GETBBP+1                                    1       1               2

SEGCON MAPHSF                                  1                           1

SIMIO  FCR.E+4                         1       1   2       5   5   1      15
SIMIO  SIMRM1+1                                            1               1

SWAMP  GIVPGK+5                2   1                   1           3       7
SWAMP  GTSA42+5                                                1           1

UUOCON USRXIT+3                    1   2                                   3
UUOCON UUOKNT                                          1                   1


Module Address       JAN FEB MAR APR MAY JUN JUL AUG SEP OCT NOV DEC    Total
                       1       1   2   5   3       5   6   4              27

    CUP-C              1           1   1           1   1   1               6
    DALLAS                             1   2       3   1   3              10
    FREMONT                    1   1   3   1       1                       7
    VF                                                 4                   4

                               1   2   4   3       5   6   4              25
    KI                 1                                                   1
    KL                                 1                                   1

    /K43                               1                                   1
    Unknown            1       1   2   4   3       5   6   4              26


Module Address       JAN FEB MAR APR MAY JUN JUL AUG SEP OCT NOV DEC    Total
       0               1       4   8  10  13  29  26  30  25  14  26     186

    CUP-C                      3   7   6  10   9  17  20  15   9  19     115
    DALLAS                     1   1   3   3   2   4   5   9   4   7      39
    FREMONT            1               1       2   1                       5
    PUTEAUX                                   16   4                      20
    VF                                                 5   1   1           7

    KI                                 2   2   1   1   6   3   1   1      17
    KL                 1       4   8   8  11  28  25  24  22  13  25     169

    /K                 1       1   1   4   4  21   8   7       2   1      50
    /K43                       1   3       3   2       3                  12
    /L21                       2   4   6   6   6   8   2                  34
    /L25                                           3   3           1       7
    /N                                             4  10  21   9  19      63
    /N04                                           3   5   4   3   5      20


Module Address       JAN FEB MAR APR MAY JUN JUL AUG SEP OCT NOV DEC    Total
       131067                                                  1           1

    DALLAS                                                     1           1

    KL                                                         1           1

    /K                                                         1           1


Module Address       JAN FEB MAR APR MAY JUN JUL AUG SEP OCT NOV DEC    Total
COMCON CKRCER+2                        1                                   1

    FREMONT                            1                                   1

    KL                                 1                                   1

    /K                                 1                                   1


Module Address       JAN FEB MAR APR MAY JUN JUL AUG SEP OCT NOV DEC    Total
COMMOD SAXINT+5                                            1               1

    CUP-C                                                  1               1

    KL                                                     1               1

    /N                                                     1               1


Module Address       JAN FEB MAR APR MAY JUN JUL AUG SEP OCT NOV DEC    Total
COMMON EPT+43                                          1                   1

    CUP-C                                              1                   1

    KL                                                 1                   1

    /N04                                               1                   1


Module Address       JAN FEB MAR APR MAY JUN JUL AUG SEP OCT NOV DEC    Total
COMMON SYSINA+4                1           4   2   1                       8

    DALLAS                     1           4   2   1                       8

    KI                         1           4   2                           7
    KL                                             1                       1

    /K                         1           4   2                           7
    /N                                             1                       1


Module Address       JAN FEB MAR APR MAY JUN JUL AUG SEP OCT NOV DEC    Total
CORE1  ACTLMS+4                            1                               1

    DALLAS                                 1                               1

    KI                                     1                               1

    /K                                     1                               1


Module Address       JAN FEB MAR APR MAY JUN JUL AUG SEP OCT NOV DEC    Total
CORE1  DECUS0+7                        1                                   1

    PUTEAUX                            1                                   1

    KL                                 1                                   1

    /K                                 1                                   1


Module Address       JAN FEB MAR APR MAY JUN JUL AUG SEP OCT NOV DEC    Total
CORE1  REMCHR+4                1                                           1

    DALLAS                     1                                           1

    KI                         1                                           1

    /K                         1                                           1


Module Address       JAN FEB MAR APR MAY JUN JUL AUG SEP OCT NOV DEC    Total
CORE1  REMV31+14               2       1                                   3

    CUP-C                      1                                           1
    DALLAS                     1       1                                   2

    KI                         2       1                                   3

    /K                         2       1                                   3


Module Address       JAN FEB MAR APR MAY JUN JUL AUG SEP OCT NOV DEC    Total
CORE1  REMV41+3                                                1           1

    DALLAS                                                     1           1

    KI                                                         1           1

    /K                                                         1           1


Module Address       JAN FEB MAR APR MAY JUN JUL AUG SEP OCT NOV DEC    Total
CORE1  USRFLT+3                            1           1   1   7          10

    CUP-C                                              1                   1
    DALLAS                                                     7           7
    PUTEAUX                                1                               1
    VF                                                     1               1

    KI                                                     1   7           8
    KL                                     1           1                   2

    /K                                     1                   7           8
    /N                                                 1   1               2


Module Address       JAN FEB MAR APR MAY JUN JUL AUG SEP OCT NOV DEC    Total
ERRCON EXCMPE+3                        1               1                   2

    CUP-C                                              1                   1
    DALLAS                             1                                   1

    KI                                 1                                   1
    KL                                                 1                   1

    /K                                 1                                   1
    /N04                                               1                   1


Module Address       JAN FEB MAR APR MAY JUN JUL AUG SEP OCT NOV DEC    Total
ERRCON ILLINS+2                1   2   5   2   2   7  12  23  14   4      72

    CUP-C                          2   2   1   2   2   7   6   6          28
    DALLAS                     1       2   1       4   2   3   2   4      19
    PUTEAUX                            1                                   1
    VF                                             1   3  14   6          24

    KI                         1       2   1       4   6  21  13   4      52
    KL                             2   3   1   2   3   6   2   1          20

    /K                         1       3   1       2   3                  10
    /K43                           1       1           1                   3
    /L21                           1   2               1                   4
    /L25                                       1   5   3   2   2   4      17
    /N                                                 4  21  11          36
    /N04                                       1               1           2


Module Address       JAN FEB MAR APR MAY JUN JUL AUG SEP OCT NOV DEC    Total
ERRCON UUOCTR                                              1   1           2

    CUP-C                                                      1           1
    DALLAS                                                 1               1

    KL                                                     1   1           2

    /N                                                     1   1           2


Module Address       JAN FEB MAR APR MAY JUN JUL AUG SEP OCT NOV DEC    Total
FILFND DECRMV+13               1                                           1

    CUP-C                      1                                           1

    KL                         1                                           1

    /L21                       1                                           1


Module Address       JAN FEB MAR APR MAY JUN JUL AUG SEP OCT NOV DEC    Total
FILFND DECUMC+10                       3               4   2               9

    CUP-C                              3               4   1               8
    VF                                                     1               1

    KI                                 1               4   2               7
    KL                                 2                                   2

    /K                                 1               4   1               6
    /K43                               2                                   2
    /N                                                     1               1


Module Address       JAN FEB MAR APR MAY JUN JUL AUG SEP OCT NOV DEC    Total
FILFND DECUMC+4                            1   1       1   1       1       5

    CUP-C                                  1   1       1   1               4
    DALLAS                                                         1       1

    KI                                     1   1       1   1               4
    KL                                                             1       1

    /K                                     1   1       1                   3
    /N                                                     1       1       2


Module Address       JAN FEB MAR APR MAY JUN JUL AUG SEP OCT NOV DEC    Total
FILFND ULKDB0+4                                    1           1           2

    VF                                             1           1           2

    KI                                             1           1           2

    /K                                             1           1           2


Module Address       JAN FEB MAR APR MAY JUN JUL AUG SEP OCT NOV DEC    Total
FILIO  INSOH3+1                        1       1                           2

    CUP-C                              1       1                           2

    KL                                 1       1                           2

    /L21                               1       1                           2


Module Address       JAN FEB MAR APR MAY JUN JUL AUG SEP OCT NOV DEC    Total
FILRIB USEOUT+3                                1       3   1       1       6

    CUP-C                                      1       1                   2
    FREMONT                                            1   1       1       3
    VF                                                 1                   1

    KI                                                 1                   1
    KL                                         1       2   1       1       5

    /K                                                 3   1       1       5
    /N04                                       1                           1


Module Address       JAN FEB MAR APR MAY JUN JUL AUG SEP OCT NOV DEC    Total
FILUUO CLRACH+7                1   1   1   1   2       2                   8

    CUP-C                      1       1   1           2                   5
    DALLAS                                     1                           1
    FREMONT                        1                                       1
    PUTEAUX                                    1                           1

    KL                         1   1   1   1   2       2                   8

    /K                             1   1       2                           4
    /K43                       1           1           2                   4


Module Address       JAN FEB MAR APR MAY JUN JUL AUG SEP OCT NOV DEC    Total
FILUUO TSTRES+13                                                      1

    CUP-C                              1                                   1

    KL                                 1                                   1

    /L21                               1                                   1


Module Address       JAN FEB MAR APR MAY JUN JUL AUG SEP OCT NOV DEC    Total
FILUUO UPDUFD+16                               1                   1       2

    CUP-C                                      1                           1
    DALLAS                                                         1       1

    KL                                         1                   1       2

    /L21                                       1                           1
    /N                                                             1       1


Module Address       JAN FEB MAR APR MAY JUN JUL AUG SEP OCT NOV DEC    Total
FTASER FXWN21+12                                       1                   1

    FREMONT                                            1                   1

    KL                                                 1                   1

    /K                                                 1                   1


Module Address       JAN FEB MAR APR MAY JUN JUL AUG SEP OCT NOV DEC    Total
FTASER SCMBF1+3                                                    2       2

    CUP-C                                                          2       2

    KL                                                             2       2

    /N                                                             2       2


Module Address       JAN FEB MAR APR MAY JUN JUL AUG SEP OCT NOV DEC    Total
FTASER SGTDEV+14                                               1           1

    DALLAS                                                     1           1

    KL                                                         1           1

    /K                                                         1           1


Module Address       JAN FEB MAR APR MAY JUN JUL AUG SEP OCT NOV DEC    Total
PCBIO  GETTR1+2                                                    1       1

    DALLAS                                                         1       1

    KL                                                             1       1

    /N                                                             1       1


Module Address       JAN FEB MAR APR MAY JUN JUL AUG SEP OCT NOV DEC    Total
PCBIO  MAPALL+4                2   1   2                           3       8

    CUP-C                      1   1   2                           3       7
    FREMONT                    1                                           1

    KL                         2   1   2                           3       8

    /K                         1                                           1
    /K43                               1                                   1
    /L21                       1   1   1                                   3
    /N                                                             3       3


Module Address       JAN FEB MAR APR MAY JUN JUL AUG SEP OCT NOV DEC    Total
PICON  APRFAT                              1       1   3   2               7

    DALLAS                                 1       1                       2
    VF                                                 3   2               5

    KI                                     1       1   3   2               7

    /K                                     1       1   3                   5
    /N                                                     2               2


Module Address       JAN FEB MAR APR MAY JUN JUL AUG SEP OCT NOV DEC    Total
PICON  APRFAT+1        1               2       3   2   4                  12

    CUP-C                                              2                   2
    DALLAS                             1           2   1                   4
    FREMONT                                            1                   1
    PUTEAUX            1               1       3                           5

    KL                 1               2       3   2   4                  12

    /K                 1               2       3       1                   7
    /N                                             2   1                   3
    /N04                                               2                   2


Module Address       JAN FEB MAR APR MAY JUN JUL AUG SEP OCT NOV DEC    Total
PICON  USEPER+3                            1                               1

    DALLAS                                 1                               1

    KI                                     1                               1

    /K                                     1                               1


Module Address       JAN FEB MAR APR MAY JUN JUL AUG SEP OCT NOV DEC    Total
SCHED1 PAGWK1+2                    1                       1               2

    CUP-C                          1                                       1
    VF                                                     1               1

    KI                                                     1               1
    KL                             1                                       1

    /K43                           1                                       1
    /N                                                     1               1


Module Address       JAN FEB MAR APR MAY JUN JUL AUG SEP OCT NOV DEC    Total
SCNSER CNTPRT                                  1                           1

    PUTEAUX                                    1                           1

    KL                                         1                           1

    /K                                         1                           1


Module Address       JAN FEB MAR APR MAY JUN JUL AUG SEP OCT NOV DEC    Total
SCNSER FRCIBF+1                                            1               1

    VF                                                     1               1

    KI                                                     1               1

    /N                                                     1               1


Module Address       JAN FEB MAR APR MAY JUN JUL AUG SEP OCT NOV DEC    Total
SCNSER GETBBP+1                                    1       1               2

    VF                                             1       1               2

    KI                                             1       1               2

    /K                                             1                       1
    /N                                                     1               1


Module Address       JAN FEB MAR APR MAY JUN JUL AUG SEP OCT NOV DEC    Total
SEGCON MAPHSF                                  1                           1

    CUP-C                                      1                           1

    KL                                         1                           1

    /K43                                       1                           1


Module Address       JAN FEB MAR APR MAY JUN JUL AUG SEP OCT NOV DEC    Total
SIMIO  FCR.E+4                         1       1   2       5   5   1      15

    CUP-C                              1       1   1       3   1           7
    DALLAS                                         1       1   4   1       7
    FREMONT                                                1               1

    KI                                                         1           1
    KL                                 1       1   2       5   4   1      14

    /K                                                     1               1
    /L21                               1       1                           2
    /L25                                           1                       1
    /N                                             1       4   5   1      11


Module Address       JAN FEB MAR APR MAY JUN JUL AUG SEP OCT NOV DEC    Total
SIMIO  SIMRM1+1                                            1               1

    DALLAS                                                 1               1

    KL                                                     1               1

    /K                                                     1               1


Module Address       JAN FEB MAR APR MAY JUN JUL AUG SEP OCT NOV DEC    Total
SWAMP  GIVPGK+5                2   1                   1           3       7

    CUP-C                      1   1                                       2
    DALLAS                     1                       1           3       5

    KI                         1                                           1
    KL                         1   1                   1           3       6

    /K                         1                       1                   2
    /L21                       1   1                                       2
    /N                                                             3       3


Module Address       JAN FEB MAR APR MAY JUN JUL AUG SEP OCT NOV DEC    Total
SWAMP  GTSA42+5                                                1           1

    DALLAS                                                     1           1

    KL                                                         1           1

    /N                                                         1           1


Module Address       JAN FEB MAR APR MAY JUN JUL AUG SEP OCT NOV DEC    Total
UUOCON USRXIT+3                    1   2                                   3

    CUP-C                              2                                   2
    DALLAS                         1                                       1

    KI                             1                                       1
    KL                                 2                                   2

    /K                             1                                       1
    /L21                               2                                   2


Module Address       JAN FEB MAR APR MAY JUN JUL AUG SEP OCT NOV DEC    Total
UUOCON UUOKNT                                          1                   1

    VF                                                 1                   1

    KI                                                 1                   1

    /K                                                 1                   1
@¾