

                          DISK USAGE REPORT
                            Gan Number : 3

Previous Run Date & Time :                   
Present  Run Date & Time :  9 APR 85      02:08
Old File Date            :  1 JAN 64
File Storage is Shown in Pages

    USER               CURRENT     PREVIOUS    DIFFERENCE   OLD
----------------------------------------------------------------------
M33                   19756        ----        ----           0
MPL                    6641        ----        ----           0
NDT                    5274        ----        ----           0
OSP                    4134        ----        ----           0
CARL                   3264        ----        ----           0
KL10                   2895        ----        ----           0
BLISS36                2536        ----        ----           0
VUE                    2461        ----        ----           0
SAILTEST               2111        ----        ----           0
SAIL                   1930        ----        ----           0
NEWSCAN                1833        ----        ----           0
OSB                    1822        ----        ----           0
WRS                    1739        ----        ----           0
LINK10                 1580        ----        ----           0
TOPS10                 1547        ----        ----           0
ADELE                  1498        ----        ----           0
SNARL                  1450        ----        ----           0
EMACS                  1409        ----        ----           0
MONDOC                 1380        ----        ----           0
KS2020                 1371        ----        ----           0
SAILIB                 1301        ----        ----           0
PUB                    1189        ----        ----           0
YEUX                   1124        ----        ----           0
DEC                     979        ----        ----           0
SPL                     977        ----        ----           0
CB-MAIL                 896        ----        ----           0
IMPORT                  854        ----        ----           0
PEAKX                   814        ----        ----           0
TODD                    738        ----        ----           0
ALLENG                  738        ----        ----           0
JAIL                    680        ----        ----           0
KSBACK                  639        ----        ----           0
PEAK                    630        ----        ----           0
TNXAIL                  587        ----        ----           0
HELGEM                  554        ----        ----           0
XXARC                   550        ----        ----           0
DWS                     547        ----        ----           0
CB.SAILIB               538        ----        ----           0
XUEY                    534        ----        ----           0
CB-DEC                  513        ----        ----           0
MATOKA                  471        ----        ----           0
TJB                     459        ----        ----           0
NEWRPG                  453        ----        ----           0
DOCAIL                  450        ----        ----           0
OSMAN                   439        ----        ----           0
MAIL                    417        ----        ----           0
CB-GAMES                405        ----        ----           0
CB-INFO                 405        ----        ----           0
ZORK                    395        ----        ----           0
SPPOPER                 395        ----        ----           0
SAILFOO                 366        ----        ----           0
EYES                    355        ----        ----           0
KEN                     338        ----        ----           0
NEWFDM                  336        ----        ----           0
MAILDEV                 330        ----        ----           0
NEWSPL                  328        ----        ----           0
XAIL                    319        ----        ----           0
DEC-CUSPS               316        ----        ----           0
SLG                     302        ----        ----           0
BADFILES                294        ----        ----           0
XEXEC                   279        ----        ----           0
PRODUCTLIST             276        ----        ----           0
LPTSPL                  273        ----        ----           0
CB-KERMIT               273        ----        ----           0
JW.DSKCLN               267        ----        ----           0
UORAIL                  266        ----        ----           0
FLETCHERC               263        ----        ----           0
VMAP                    215        ----        ----           0
SUTTOND                 183        ----        ----           0
LOIS                    177        ----        ----           0
LPQ                     176        ----        ----           0
CB-DECDIR               172        ----        ----           0
OEIL                    168        ----        ----           0
CHERYL                  165        ----        ----           0
TXSSUP                  163        ----        ----           0
TELE                    159        ----        ----           0
TED                     155        ----        ----           0
INFO                    148        ----        ----           0
CB-MAGNUM               147        ----        ----           0
LOGGER                  147        ----        ----           0
VU                      144        ----        ----           0
MACRO53TST              138        ----        ----           0
ZONNIE                  131        ----        ----           0
TTR                     127        ----        ----           0
JOE                     124        ----        ----           0
NEWINFO                 119        ----        ----           0
FRENCH                  118        ----        ----           0
STAMMERS                111        ----        ----           0
FOO                     111        ----        ----           0
KDEV3                   103        ----        ----           0
K.TAPE                  100        ----        ----           0
DARREN                   98        ----        ----           0
KLIB                     98        ----        ----           0
LENKOV                   96        ----        ----           0
FJSAIL                   96        ----        ----           0
CB-PARSER                90        ----        ----           0
LRAC                     89        ----        ----           0
CB-MEMO                  76        ----        ----           0
MCH                      74        ----        ----           0
LPQUE                    71        ----        ----           0
CB-SAIL-ARC              71        ----        ----           0
JW.WORK                  70        ----        ----           0
CB-SAIL-LIB              61        ----        ----           0
BIONIC                   56        ----        ----           0
WFW                      56        ----        ----           0
PEAKDOC                  54        ----        ----           0
K.AUXIO                  51        ----        ----           0
CSTEMPLATE               32        ----        ----           0
TYMGRIPE                 30        ----        ----           0
PERP                     29        ----        ----           0
GAZEL                    28        ----        ----           0
PEAK1                    27        ----        ----           0
BWORK                    18        ----        ----           0
GABRIELG                 17        ----        ----           0
K.SLR                    17        ----        ----           0
ATPCH                    15        ----        ----           0
NOS                      15        ----        ----           0
K.SAIL                   14        ----        ----           0
SALLY                    13        ----        ----           0
TOOLS                    10        ----        ----           0
MYPEAK                   10        ----        ----           0
SAFIYEG                  10        ----        ----           0
YAMM                      7        ----        ----           0
MWORK                     4        ----        ----           0
WFWCUSP                   4        ----        ----           0
MARYG                     4        ----        ----           0
NATHANIELG                4        ----        ----           0
JASONG                    4        ----        ----           0
SYSINFO                   3        ----        ----           0
UWORK                     2        ----        ----           0
GLXLIB                    2        ----        ----           0
SYSTECH                   2        ----        ----           0
CMUAIL                    0        ----        ----           0
DENCOFF                   0        ----        ----           0
JMS                       0        ----        ----           0
LONGUSERNAME              0        ----        ----           0
SWORK                     0        ----        ----           0
CB-EXE                    0        ----        ----           0
PSP                       0        ----        ----           0
RSX20F                    0        ----        ----           0
BACKUP                    0        ----        ----           0
GLYONS                    0        ----        ----           0
SPPARCH                   0        ----        ----           0
EMSAA.SERVER              0        ----        ----           0
XMAIL                     0        ----        ----           0
TSUCOOP                   0        ----        ----           0
WILKES                    0        ----        ----           0
XCONSULT                  0        ----        ----           0
OSNF                      0        ----        ----           0
XBLISS                    0        ----        ----           0
CB-SAIL                   0        ----        ----           0
CB-GALAXY                 0        ----        ----           0
JMS-KERMIT                0        ----        ----           0
JMS-RAINBOW               0        ----        ----           0
JMS-ROBIN                 0        ----        ----           0
PASSFRAME                 0        ----        ----           0
JMS-PRIVATE               0        ----        ----           0
T10AIL                    0        ----        ----           0
EDITOR                    0        ----        ----           0
F40                       0        ----        ----           0
KDEV2                     0        ----        ----           0
MACRO53                   0        ----        ----           0
PRT                       0        ----        ----           0
KDEV1                     0        ----        ----           0
SYSFIL                    0        ----        ----           0
SYSMAINT                  0        ----        ----           0
ERNSTD                    0        ----        ----           0
PEAK.BAK                  0        ----        ----           0
PEAK.OLD                  0        ----        ----           0
TYMAIL                    0        ----        ----           0
PEAK.B2                   0        ----        ----           0
FORK                      0        ----        ----           0
VIEW                      0        ----        ----           0
MFICHE                    0        ----        ----           0
SOCCI                     0        ----        ----           0
K.LISP                    0        ----        ----           0
----------------------------------------------------------------------
TOTALS                96512           0           0           0
----------------------------------------------------------------------

    