
1/13/87  8:50


GLOBAL ACCOUNT: 000003

USER         DIST UUN      LICENSE     MSG INIT FILE
                   ZONE     DISC    MODE    Q-IN   Q-OUT  CORE GFD  PC
                                             (IN PAGES)

LPTSPL          3 700201 TYM. ACT.SUP. TYP 
LPTSPL           PACIF-D    DET    PDP10     1000    1000  256 ACC REQ
PASCALX         3 306414 TYM.          TYP 
PASCALX          PACIF-D    DET    PDP10     1000    1000  256 ACC REQ
SPPOPER         0 234620 TYM. ACT.SUP. SUP (SYS         )LOGON 
SPPOPER          PACIF-D    DET-T  PDP10     5000    5000  256 ACC NO
K.SAIL          3 377755 TYM.          TYP 
K.SAIL           PACIF-D    LOG    PDP10     5000    5000  256 ACC REQ
FJSAIL          3 213567 TYM.          TYP 
FJSAIL           PACIF-D    LOG    XEXEC     5000    5000  256 ACC REQ
CB-SAIL-ARC     3 700141 TYM.          TYP 
CB-SAIL-ARC      PACIF-D    LOG    PDP10    25000   25000  256 ACC REQ
XPPTEST         3 326737 TYM.          TYP 
XPPTEST          PACIF-D    DET    PDP10     1000    1000  256 ACC REQ
DEC-CUSPS       3 704002 TYM.          TYP 
DEC-CUSPS        PACIF-D    DET    PDP10    25000   25000  256 ACC REQ
NATHANIELG      3 777703 TYM. ACT.SUP. TYP 
NATHANIELG       PACIF-D    LOG    PDP10    62500   62500  256 ACC REQ
NDT             3 211135 TYM.          TYP (SDANIELS    )INIT  
NDT              PACIF-D    DET    PDP10    10000   10000  256 NO  REQ
TJB             3 746701 TYM.          TYP 
TJB              PACIF-D    DET    PDP10     1000    1000  256 ACC REQ
TELE            3 776655 TYM.          TYP 
TELE             PACIF-D    DET    PDP10     1250    1250  256 ACC REQ
PASGDOC         3 325577 TYM.          TYP 
PASGDOC          PACIF-D    DET    PDP10     1000    1000  256 ACC REQ
JAIL            3 326740 TYM.          TYP 
JAIL             PACIF-D    LOG    XEXEC     1250    1250  256 NO  REQ
OSB             3 145107 TYM. ACT.SUP. TYP 
OSB              PACIF-D    DET-T  PDP10    25000   25000  256 ACC REQ
CSTEMPLATE      3 700240 TYM. ACT.SUP. TYP 
CSTEMPLATE       PACIF-D    LOG    PDP10     1000    1000  256 ACC REQ
PASNEW          3 327106 TYM.          TYP 
PASNEW           PACIF-D    DET    PDP10     1000    1000  256 ACC REQ
VIEW            3 700401 TYM. ACT.SUP. TYP 
VIEW             PACIF-D    LOG    PDP10     2500    2500  256 ACC REQ
PASHOW          3 326310 TYM.          TYP 
PASHOW           PACIF-D    DET    PDP10     1000    1000  256 ACC REQ
KDEV1           3 377771 TYM. ACT.SUP. SUP 
KDEV1            PACIF-D    LOG    PDP10     2500    2500  256 ACC NO
DOCAIL          3 212143 TYM.          TYP 
DOCAIL           PACIF-D    LOG    XEXEC     1250    1250  256 ACC REQ
LOGGER          3 700001 TYM. ACT.SUP. TYP 
LOGGER           PACIF-D    LOG    PDP10    10000   10000  256 ACC REQ
SPTBAQA         3 254607 TYM.          TYP 
SPTBAQA          PACIF-D    DET    PDP10     1000    1000  256 ACC REQ
CUSP10          3 352366 TYM.          TYP 
CUSP10           PACIF-D    DET    PDP10     1000    1000  256 ACC REQ
LINK10          3 163564 TYM.          TYP 
LINK10           PACIF-D    LOG    XEXEC     5000    5000  256 NO  REQ
OSMAN           0 156346 TYM. ACT.SUP. TYP (CARL        )LOGON 
OSMAN            PACIF-D    DET-C  PDP10    25000   25000  256 ACC REQ
K.LISP          3 377754 TYM.          TYP 
K.LISP           PACIF-D    LOG    PDP10     5000    5000  256 ACC REQ
SALLY           3 704010 TYM.          TYP (SYS         )LOGON 
SALLY            PACIF-D    DET-T  PDP10     1000    1000  256 ACC NO
MFICHE          3 365076 TYM.          TYP 
MFICHE           NOT SET    LOG    PDP10    25000   25000  256 ACC REQ
DENCOFF         3 410765 TYM. ACT.SUP. TYP (SYS         )LOGON 
DENCOFF          PACIF-D    DET-T  PDP10     5000    5000  256 ACC NO
CB-DECDIR       3 700121 TYM.          TYP 
CB-DECDIR        PACIF-D    LOG    PDP10    25000   25000  256 ACC REQ
GABRIELG        3 777702 TYM. ACT.SUP. TYP 
GABRIELG         PACIF-D    LOG    PDP10    62500   62500  256 ACC REQ
PASULIB         3 325606 TYM.          TYP 
PASULIB          PACIF-D    DET    PDP10     1000    1000  256 ACC REQ
FORK            3 232761 TYM. ACT.SUP. TYP 
FORK             PACIF-D    LOG    PDP10    10000   10000  256 ACC REQ
ALARMCLOCK      3 234424 TYM.          TYP 
ALARMCLOCK       PACIF-D    DET    PDP10     1000    1000  256 ACC REQ
TOPS10-DOC      3 700700 TYM.          TYP 
TOPS10-DOC       PACIF-D    DET    PDP10    25000   25000  256 ACC REQ
K.TAPE          3 377761 TYM. ACT.SUP. TYP 
K.TAPE           PACIF-D    LOG    PDP10    10000   10000  256 ACC REQ
703-TOPS10      1 700703 TYM.          TYP 
703-TOPS10       PACIF-D    DET    PDP10    25000   25000  256 ACC REQ
K.SLR           3 377760 TYM. ACT.SUP. TYP 
K.SLR            PACIF-D    LOG    PDP10     6250    6250  256 ACC REQ
ZORK            3 346702 TYM.          TYP 
ZORK             PACIF-D    LOG    PDP10    10000   10000  256 ACC REQ
VU              3 700404 TYM. ACT.SUP. TYP 
VU               PACIF-D    LOG    PDP10   100000  100000  256 ACC REQ
CARL            0 352477 TYM. ACT.SUP. SUP (SYS         )LOGON 
CARL             PACIF-D    DET-C  PDP10    25000   25000  256 ACC NO
MICROCYCLES     3 232134 TYM.          TYP 
MICROCYCLES      PACIF-D    DET    PDP10     1000    1000  256 ACC REQ
XUEY            3 700403 TYM. ACT.SUP. TYP 
XUEY             PACIF-D    LOG    PDP10    40000   40000  256 ACC REQ
PEAKX           3 377766 TYM.          TYP 
PEAKX            PACIF-D    DET-T  PDP10     2500    2500  256 ACC REQ
PASCOOR         3 325607 TYM.          TYP 
PASCOOR          PACIF-D    DET    PDP10     1000    1000  256 ACC REQ
NEWINFO         3 700242 TYM.          TYP 
NEWINFO          PACIF-D    LOG    PDP10     2500    2500  256 ACC REQ
NOT-DENCOFF     3 010765 TYM.          TYP 
NOT-DENCOFF      PACIF-D    DET    PDP10     2000    2000  256 ACC REQ
703-SMFILE      3 700704 TYM.          TYP 
703-SMFILE       PACIF-D    DET    PDP10    25000   25000  256 ACC REQ
SPUNKTEST       3 254611 TYM.          TYP 
SPUNKTEST        PACIF-D    DET    PDP10     1000    1000  256 ACC REQ
SPUNKREV        3 254612 TYM.          TYP 
SPUNKREV         PACIF-D    DET    PDP10     1000    1000  256 ACC REQ
TBAUSPS         3 340310 TYM.          TYP 
TBAUSPS          PACIF-D    DET    PDP10     1000    1000  256 ACC REQ
CB-MEMO         3 700070 TYM.          TYP 
CB-MEMO          PACIF-D    LOG    PDP10    25000   25000  256 ACC REQ
CB-SAIL         3 700140 TYM.          TYP 
CB-SAIL          PACIF-D    LOG    PDP10    25000   25000  256 ACC REQ
MYPEAK          3 700004 TYM.          TYP 
MYPEAK           PACIF-D    LOG    PDP10     5000    5000  256 ACC REQ
PSP             3 777000 TYM.          TYP 
PSP              PACIF-D    LOG    PDP10     2500    2500  256 ACC REQ
TED             3 704007 TYM.          TYP 
TED              PACIF-D    DET    PDP10     3000    3000  256 ACC REQ
PERP            3 225445 TYM.          TYP 
PERP             PACIF-D    LOG    PDP10    25000    1250  256 ACC REQ
SAFIYEG         3 777700 TYM. ACT.SUP. TYP 
SAFIYEG          PACIF-D    LOG    PDP10    62500   62500  256 ACC REQ
PRODUCTLIST     3 700340 TYM. ACT.SUP. TYP 
PRODUCTLIST      PACIF-D    LOG    PDP10     1000    1000  256 ACC REQ
PEAKDOC         3 377765 TYM.          TYP 
PEAKDOC          PACIF-D    LOG    PDP10     2500    2500  256 ACC REQ
BLISS36         3 700305 TYM.          TYP 
BLISS36          PACIF-D    LOG    PDP10    25000   25000  256 ACC REQ
SAILFOO         0 000100 TYM.          TYP 
SAILFOO          PACIF-D    LOG    PDP10    25000   25000  256 ACC REQ
CB-SAILIB       3 700143 TYM.          TYP 
CB-SAILIB        PACIF-D    LOG    PDP10    25000   25000  256 ACC REQ
ZZZ-LAST-DIR    3 777776 TYM.          TYP 
ZZZ-LAST-DIR     PACIF-D    DET    PDP10      100     100  256 ACC REQ
NOT-JMS         3 031116 TYM.          TYP 
NOT-JMS          PACIF-D    DET    PDP10      250     250  256 ACC REQ
IMPORT          3 152602 TYM.          TYP 
IMPORT           PACIF-D    LOG    PDP10     2000    2000  256 ACC REQ
REGIS           3 704012 TYM.          TYP 
REGIS            PACIF-D    DET-T  PDP10     2000    2000  256 ACC REQ
EDITOR          3 254617 TYM.          TYP (SPEX        )IN2T  
EDITOR           PACIF-D    DET    XEXEC     2500    2500  256 NO  REQ
PEAK1           3 377767 TYM. ACT.SUP. TYP 
PEAK1            PACIF-D    LOG    PDP10     2500    2500  256 ACC REQ
BWORK           3 777004 TYM. ACT.SUP. TYP 
BWORK            PACIF-D    LOG    PDP10    62500   62500  256 ACC REQ
MARYG           3 777704 TYM. ACT.SUP. TYP (CARL        )LOGON 
MARYG            PACIF-D    LOG    PDP10     6250    6250  256 ACC REQ
SAILTEST        3 242733 TYM.          TYP 
SAILTEST         PACIF-D    LOG    XEXEC     3000    3000  256 NO  REQ
K.AUXIO         3 377757 TYM. ACT.SUP. TYP 
K.AUXIO          PACIF-D    DET-T  PDP10    20000   20000  256 ACC REQ
PASOLD          3 325610 TYM.          TYP 
PASOLD           PACIF-D    DET    PDP10     1000    1000  256 ACC REQ
XEXEC           3 275244 TYM.          TYP 
XEXEC            PACIF-D    LOG    XEXEC    10000    1000  256 ACC REQ
ATPCH           3 704004 TYM.          TYP 
ATPCH            PACIF-D    DET    PDP10    25000   25000  256 ACC REQ
TYMGRIPE        3 235436 TYM.          TYP 
TYMGRIPE         PACIF-D    LOG    XEXEC     1250    1250  256 NO  REQ
SUBMIT          3 416154 TYM.          TYP (CARL        )LOGON 
SUBMIT           PACIF-D    LOG    PDP10     1250    1250  256 ACC REQ
AUGMENT         3 317016 TYM.          TYP 
AUGMENT          PACIF-D    DET    PDP10     1000    1000  256 ACC REQ
WFW             3 000117 TYM.          TYP (WFW         )TRMSET
WFW              PACIF-D    DET-T  PDP10   250000  250000  256 NO  REQ
VMAP            3 700241 TYM.          TYP 
VMAP             PACIF-D    LOG    PDP10     1000    1000  256 ACC REQ
BADFILES        3 777006 TYM. ACT.SUP. TYP 
BADFILES         PACIF-D    LOG    PDP10    62500   62500  256 ACC REQ
TOPS20          3 700600 TYM.          TYP 
TOPS20           PACIF-D    DET    PDP10     2000    2000  256 ACC REQ
OEIL            3 700402 TYM. ACT.SUP. TYP 
OEIL             PACIF-D    LOG    PDP10     2500    2500  256 ACC REQ
SPTBARK         3 254606 TYM.          TYP 
SPTBARK          PACIF-D    DET    PDP10     1000    1000  256 ACC REQ
PASRELCR        3 325604 TYM.          TYP 
PASRELCR         PACIF-D    DET    PDP10     1000    1000  256 ACC REQ
OSNF            3 140673 TYM.          TYP 
OSNF             PACIF-D    LOG    PDP10    25000   25000  256 ACC REQ
OSU             3 330611 TYM.          TYP (XEXEC       )MINIT 
OSU              PACIF-D    LOG    PDP10     6000    6000  256 ACC NO
SPL             3 324525 TYM.          TYP 
SPL              PACIF-D    DET-T  PDP10     5000    5000  256 NO  REQ
NEWTYPE         3 700221 TYM. ACT.SUP. TYP 
NEWTYPE          PACIF-D    LOG    PDP10    25000   25000  256 ACC REQ
CMUAIL          3 212142 TYM.          TYP 
CMUAIL           PACIF-D    LOG    XEXEC     1250    1250  256 ACC REQ
MPL             3 213211 TYM.          TYP 
MPL              PACIF-D    LOG    XEXEC    20000   20000  256 ACC REQ
PASBLD          3 177775 TYM.          TYP 
PASBLD           PACIF-D    DET    PDP10     1000    1000  256 ACC REQ
JOESMITH        3 704001 TYM.          TYP 
JOESMITH         PACIF-D    DET-T  PDP10      250     250  256 ACC REQ
TXSTEXT         3 300745 TYM. ACT.SUP. SUP (SYS         )LOGON 
TXSTEXT          PACIF-D    LOG    PDP10     5000    5000  256 ACC NO
SPPARCH         3 250244 TYM.          TYP 
SPPARCH          PACIF-D    LOG    PDP10    10000   10000  256 ACC REQ
GAZEL           3 367714 TYM.          TYP (GAZEL       )INIT  
GAZEL            PACIF-D    DET    PDP10     2500    2500  256 ACC REQ
T10AIL          3 326471 TYM. ACT.SUP. TYP 
T10AIL           PACIF-D    LOG    PDP10    10000   10000  256 ACC REQ
LRAC            3 700000 TYM. ACT.SUP. TYP 
LRAC             PACIF-D    DET    PDP10    25000   25000  256 ACC REQ
TXSDOC          3 231227 TYM. ACT.SUP. TYP (SYS         )LOGON 
TXSDOC           PACIF-D    DET-T  PDP10   250000  250000  256 ACC REQ
YEUX            3 377412 TYM.          SUP (CARL        )LOGON 
YEUX             PACIF-D    LOG    PDP10   100000  100000  256 ACC NO
SYSINFO         3 777001 TYM. ACT.SUP. TYP 
SYSINFO          PACIF-D    LOG    PDP10    62500   62500  256 ACC REQ
TXSTEST         3 346701 TYM.          SUP (SYS         )XLOGIN
TXSTEST          PACIF-D    LOG    PDP10     1000    1000  256 ACC NO
UORAIL          3 212144 TYM.          TYP 
UORAIL           PACIF-D    LOG    XEXEC     1250    1250  256 ACC REQ
DWS             3 006366 TYM.          SUP (DWS         )INIT  
DWS              PACIF-D    DET-C  PDP10     6250    6250  256 ACC NO
CB-EXE          3 700050 TYM.          TYP 
CB-EXE           PACIF-D    LOG    PDP10    25000   25000  256 ACC REQ
KDEV3           3 377770 TYM. ACT.SUP. TYP 
KDEV3            PACIF-D    DET-T  PDP10     2500    2500  256 ACC REQ
JASONG          3 777701 TYM. ACT.SUP. TYP 
JASONG           PACIF-D    LOG    PDP10    62500   62500  256 ACC REQ
FOROTS          3 163651 TYM.          TYP 
FOROTS           PACIF-D    DET-T  PDP10     3000    3000  256 ACC REQ
FOROTSQA        3 314667 TYM.          TYP 
FOROTSQA         PACIF-D    DET-T  PDP10     3000    3000  256 ACC REQ
TBAFTDEB        3 254616 TYM.          TYP 
TBAFTDEB         PACIF-D    DET    PDP10     1000    1000  256 ACC REQ
VUE             3 377411 TYM. ACT.SUP. SUP (CARL        )LOGON 
VUE              PACIF-D    LOG    PDP10   100000  100000  256 ACC NO
SAIL            3 212140 TYM.          TYP 
SAIL             PACIF-D    LOG    XEXEC     3000    3000  256 ACC REQ
PASXMIT         3 325605 TYM.          TYP 
PASXMIT          PACIF-D    DET    PDP10     1000    1000  256 ACC REQ
XMAIL           3 225444 TYM.          TYP 
XMAIL            PACIF-D    LOG    PDP10    25000   25000  256 ACC REQ
JW.WORK         3 771002 TYM.          TYP 
JW.WORK          PACIF-D    LOG    PDP10     2000    2000  256 NO  REQ
PEAK.B2         3 377762 TYM. ACT.SUP. TYP 
PEAK.B2          PACIF-D    LOG    PDP10     5000    5000  256 ACC REQ
PASSRC          3 325601 TYM.          TYP 
PASSRC           PACIF-D    DET    PDP10     1000    1000  256 ACC REQ
PASGSRC         3 326647 TYM.          TYP 
PASGSRC          PACIF-D    DET    PDP10     1000    1000  256 ACC REQ
703-DECNET      1 700705 TYM.          TYP 
703-DECNET       PACIF-D    DET    PDP10    25000   25000  256 ACC REQ
MWORK           3 777002 TYM. ACT.SUP. TYP 
MWORK            PACIF-D    LOG    PDP10    62500   62500  256 ACC REQ
SYSMAINT        3 251616 TYM. ACT.SUP. SUP (SYS         )LOGON 
SYSMAINT         PACIF-D    LOG    PDP10     1250    1250  256 ACC NO
TSUCOOP         3 050527 TYM.          TYP (CARL        )LOGON 
TSUCOOP          PACIF-D    LOG    PDP10     3000    3000  256 ACC NO
KL10            3 222635 TYM.          TYP 
KL10             PACIF-D    LOG    PDP10     6000    6000  256 NO  REQ
BIONIC          3 700301 TYM. ACT.SUP. TYP 
BIONIC           PACIF-D    LOG    PDP10      500     500  256 ACC REQ
NFDM            3 700244 TYM.          TYP 
NFDM             PACIF-D    DET    PDP10     1000    1000  256 ACC REQ
PUB             3 234002 TYM.          TYP 
PUB              NOT SET    LOG    PDP10     2000    2000  256 ACC REQ
WRS             0 225443 TYM. ACT.SUP. SUP (WRS         )INIT  
WRS              PACIF-D    DET-T  PDP10  >1000000.    5000  256 ACC NO
ZONNIE          3 136773 TYM.          TYP (ZONNIE      )INIT  
ZONNIE           PACIF-D    LOG    PDP10     6250    6250  256 ACC REQ
TOPS10-702      3 700702 TYM.          TYP 
TOPS10-702       PACIF-D    DET    PDP10    10000   10000  256 ACC REQ
XBLISS          3 700306 TYM.          TYP 
XBLISS           PACIF-D    LOG    PDP10    10000   10000  256 ACC REQ
PEAK.BAK        3 377764 TYM. ACT.SUP. TYP 
PEAK.BAK         PACIF-D    LOG    PDP10     5000    5000  256 ACC REQ
RCMTEST         3 157566 TYM.          TYP 
RCMTEST          PACIF-D    DET    PDP10     1000    1000  256 ACC REQ
COBOL10         3 175351 TYM.          TYP 
COBOL10          PACIF-D    DET    PDP10     1000    1000  256 ACC REQ
703-ANF10       1 700707 TYM.          TYP 
703-ANF10        PACIF-D    DET    PDP10    25000   25000  256 ACC REQ
11CURR          3 351272 TYM.          TYP 
11CURR           PACIF-D    DET    PDP10     1000    1000  256 ACC REQ
JUNKMAIL        3 777777 TYM.          TYP 
JUNKMAIL         PACIF-D    LOG    PDP10    25000   25000  256 ACC REQ
SAILIB          3 212145 TYM.          TYP 
SAILIB           PACIF-D    LOG    XEXEC     5000    5000  256 ACC REQ
703-TOOLS       1 700706 TYM.          TYP 
703-TOOLS        PACIF-D    DET    PDP10    25000   25000  256 ACC REQ
MACRO53         3 700100 TYM. ACT.SUP. TYP 
MACRO53          PACIF-D    DET    PDP10     2500    2500  256 ACC REQ
NEWSCAN         3 700220 TYM.          TYP 
NEWSCAN          PACIF-D    LOG    PDP10     6000    6000  256 ACC REQ
CB-MAIL         3 700072 TYM.          TYP 
CB-MAIL          PACIF-D    LOG    PDP10    25000   25000  256 ACC REQ
PRT             3 377772 TYM. ACT.SUP. TYP 
PRT              PACIF-D    DET-T  PDP10     5000    5000  256 ACC REQ
MSGDB           3 352367 TYM.          TYP 
MSGDB            PACIF-D    DET    PDP10     1000    1000  256 ACC REQ
TNXAIL          3 212141               TYP 
TNXAIL           PACIF-D    LOG    XEXEC     1250    1250  256 ACC REQ
PASSFRAME       3 700302 TYM. ACT.SUP. TYP 
PASSFRAME        PACIF-D    LOG    PDP10     1000    1000  256 NO  REQ
KS2020          3 230623 TYM.          TYP 
KS2020           PACIF-D    DET    PDP10    10000   10000  256 ACC REQ
OSARC           3 214400 TYM. ACT.SUP. TYP 
OSARC            PACIF-D    LOG    PDP10    50000   50000  256 ACC REQ
MAIL            0 167357 TYM. ACT.SUP. TYP (MAIL        )SMTP  
MAIL             PACIF-D    LOG    PDP10    25000   25000  256 NO  NO
JMS-CSM         3 704000 TYM.          TYP 
JMS-CSM          PACIF-D    DET-T  PDP10     1000    1000  256 ACC REQ
PASCALIB        3 306413          TYP 
PASCALIB         PACIF-D    DET    PDP10     1000    1000  256 ACC REQ
PASDOC          3 325602 TYM.          TYP 
PASDOC           PACIF-D    DET    PDP10     1000    1000  256 ACC REQ
XCONSULT        3 000633 TYM.          TYP (XCONSULT    )INIT  
XCONSULT         PACIF-D    DET-T  PDP10     1250    1250  256 ACC NO
UWORK           3 777003 TYM. ACT.SUP. TYP 
UWORK            PACIF-D    LOG    PDP10      700     700  256 ACC REQ
DOC2            3 024177 TYM.          TYP 
DOC2             PACIF-D    DET    PDP10     1000    1000  256 ACC REQ
TTR             3 700300 TYM. ACT.SUP. TYP 
TTR              PACIF-D    DET    PDP10     1000    1000  256 ACC REQ
F10             3 163562 TYM.          TYP 
F10              PACIF-D    DET-T  PDP10    10000   10000  256 ACC REQ
LEEBOLTON       3 233113 TYM.          TYP 
LEEBOLTON        PACIF-D    DET    PDP10      250     250  256 ACC REQ
PASGQA          3 325600 TYM.          TYP 
PASGQA           PACIF-D    DET    PDP10     1000    1000  256 ACC REQ
TYMAIL          3 326742 TYM. ACT.SUP. TYP 
TYMAIL           PACIF-D    LOG    PDP10    10000   10000  256 ACC REQ
EYES            3 700400 TYM. ACT.SUP. TYP 
EYES             PACIF-D    LOG    PDP10     2500    2500  256 ACC REQ
TXSSUP          3 160031 TYM. ACT.SUP. SUP (SYS         )LOGON 
TXSSUP           PACIF-D    LOG    PDP10    25000   25000  256 ACC NO
FRENCH          3 232631 TYM.          SUP (FRENCH      )INIT  
FRENCH           PACIF-D    DET-T  PDP10     1250    1250  256 NO  NO
PEAK.OLD        3 377763 TYM. ACT.SUP. TYP 
PEAK.OLD         PACIF-D    DET-T  PDP10    10000   10000  256 ACC REQ
PASISRC         3 325470 TYM.          TYP 
PASISRC          PACIF-D    DET    PDP10     1000    1000  256 ACC REQ
CB-SAIL-LIB     3 700142 TYM.          TYP 
CB-SAIL-LIB      PACIF-D    LOG    PDP10    25000   25000  256 ACC REQ
LPQUE           3 700200 TYM. ACT.SUP. TYP 
LPQUE            PACIF-D    DET    PDP10     1000    1000  256 ACC REQ
PASLIB          3 177776 TYM.          TYP 
PASLIB           PACIF-D    DET    PDP10     1000    1000  256 ACC REQ
SYSFIL          3 112233 TYM.          TYP 
SYSFIL           PACIF-D    LOG    PDP10     3000    3000  256 ACC REQ
NEWFDM          3 700243 TYM. ACT.SUP. TYP 
NEWFDM           PACIF-D    LOG    PDP10     2500    2500  256 ACC REQ
MSG10           3 352371 TYM.          TYP 
MSG10            PACIF-D    DET    PDP10     1000    1000  256 ACC REQ
FLETCHERC       3 346551 TYM. ACT.SUP. TYP (SYS         )LOGON 
FLETCHERC        PACIF-D    DET-T  PDP10     1250    1250  256 ACC NO
XAIL            3 212137 TYM.          TYP 
XAIL             PACIF-D    LOG    XEXEC     1250    1250  256 ACC REQ
MAILDEV         3 377774 TYM. ACT.SUP. TYP 
MAILDEV          PACIF-D    DET-T  PDP10     5000    5000  256 ACC REQ
MSGSLV          3 352370 TYM.          TYP 
MSGSLV           PACIF-D    DET    PDP10     1000    1000  256 ACC REQ
SPUNKDEV        3 254610 TYM.          TYP 
SPUNKDEV         PACIF-D    DET    PDP10     1000    1000  256 ACC REQ
PASIQA          3 325472 TYM.          TYP 
PASIQA           PACIF-D    DET    PDP10     1000    1000  256 ACC REQ
PASSAV          3 052660 TYM.          TYP 
PASSAV           PACIF-D    DET    PDP10     1000    1000  256 ACC REQ
JMS-KERMIT      3 704103 TYM.          TYP 
JMS-KERMIT       PACIF-D    DET    PDP10     2000    2000  256 ACC REQ
F10QA           3 177645 TYM.          TYP 
F10QA            PACIF-D    DET-T  PDP10     5000    5000  256 ACC REQ
SOCCI           0 167354 TYM. ACT.SUP. TYP (SOCCI       )ADMINI
SOCCI            PACIF-D    DET-T  PDP10     2000    2000  256 NO  REQ
LAGOLD          3 147525 TYM. ACT.SUP. TYP (SYS         )LOGON 
LAGOLD           PACIF-D    DET-T  PDP10     1000    1000  256 ACC NO
CB-MAGNUM       3 700040 TYM.          TYP 
CB-MAGNUM        PACIF-D    LOG    PDP10    25000   25000  256 ACC REQ
OSFT            3 365575 TYM.          TYP 
OSFT             PACIF-D    DET    PDP10     1000    1000  256 ACC REQ
F40             3 112726 TYM.          TYP 
F40              PACIF-D    LOG    PDP10     5000    5000  256 ACC REQ
DEC             3 704005 TYM.          TYP 
DEC              PACIF-D    DET    PDP10     5000    5000  256 ACC REQ
WFWCUSP         3 016622 TYM.          TYP (WFW         )TRMSET
WFWCUSP          PACIF-D    DET-T  PDP10    25000   25000  256 ACC REQ
DCOFFEY         3 705001 TYM.          TYP 
DCOFFEY          PACIF-D    DET    PDP10     2500    2500  256 ACC REQ
KDEV2           3 377775 TYM. ACT.SUP. SUP 
KDEV2            PACIF-D    LOG    PDP10     2500    2500  256 ACC NO
EMACS           0 234372 TYM.          TYP 
EMACS            NOT SET    LOG    PDP10    12500   12500  256 ACC REQ
NEWRPG          3 700210 TYM. ACT.SUP. TYP 
NEWRPG           PACIF-D    LOG    PDP10     1000    1000  256 ACC REQ
CB-GALAXY       3 700304 TYM.          TYP 
CB-GALAXY        PACIF-D    LOG    PDP10    25000   25000  256 ACC REQ
CB-KERMIT       3 700303 TYM.          TYP 
CB-KERMIT        PACIF-D    LOG    PDP10    25000   25000  256 ACC REQ
NEWSPL          3 700202 TYM. ACT.SUP. TYP 
NEWSPL           PACIF-D    DET    PDP10     4000    4000  256 ACC REQ
XXARC           3 270100 TYM.          TYP 
XXARC            PACIF-D    LOG    XEXEC    10000   10000  256 NO  REQ
M33             3 042754 TYM.          TYP (SYS         )LOGON 
M33              PACIF-D    DET-T  PDP10    99999   99999  256 NO  NO
TOPS10-603A     3 700603 TYM.          TYP 
TOPS10-603A      PACIF-D    DET    PDP10    10000   10000  256 ACC REQ
TODD            3 252045 TYM. ACT.SUP. SUP (TODD        )RINIT 
TODD             PACIF-D    DET-C  PDP10   250000  250000  256 ACC REQ
SWORK           3 777005 TYM. ACT.SUP. TYP 
SWORK            PACIF-D    LOG    PDP10    62500   62500  256 ACC REQ
MRC-MM          3 704006 TYM. ACT.SUP. TYP (SYS         )LOGON 
MRC-MM           PACIF-D    DET    PDP10    25000   25000  256 ACC NO
YAMM            3 253600 TYM.          TYP 
YAMM             PACIF-D    LOG    XEXEC   999999  999999  256 ACC REQ
PASCALQA        3 306333 TYM.          TYP 
PASCALQA         PACIF-D    DET    PDP10     1000    1000  256 ACC REQ
JMS             3 431116 TYM. ACT.SUP. SUP (SYS         )LOGON 
JMS              PACIF-D    DET-C  PDP10    20000   20000  256 ACC REQ
JW.DSKCLN       3 771001 TYM.          TYP 
JW.DSKCLN        PACIF-D    LOG    PDP10     2000    2000  256 NO  REQ
GLYONS          3 274033 TYM.          SUP 
GLYONS           PACIF-D    DET    PDP10     1000    1000  256 ACC REQ
KSBACK          3 230624 TYM.          TYP 
KSBACK           PACIF-D    LOG    PDP10    10000   10000  256 ACC REQ
PASCALDOC       3 315030 TYM.          TYP 
PASCALDOC        PACIF-D    DET    PDP10     1000    1000  256 ACC REQ
TOPS10-701      3 700701 TYM.          TYP 
TOPS10-701       PACIF-D    DET    PDP10    10000   10000  256 ACC REQ
MACRO53TST      3 700101 TYM. ACT.SUP. TYP 
MACRO53TST       PACIF-D    LOG    PDP10     2500    2500  256 ACC REQ
JMS-INFO        3 704003 TYM.          SUP (CARL        )LOGON 
JMS-INFO         PACIF-D    DET-T  PDP10     1000    1000  256 ACC NO
PASPROC         3 326306 TYM.          TYP 
PASPROC          PACIF-D    DET    PDP10     1000    1000  256 ACC REQ
BBOARD          3 000004 TYM.          TYP 
BBOARD           PACIF-D    LOG    PDP10     2500   25000  256 ACC REQ
ERNSTD          3 343301 TYM. ACT.SUP. TYP 
ERNSTD           PACIF-D    DET    PDP10     1388    1388  256 ACC NO
OSP             3 140674 TYM.          TYP 
OSP              PACIF-D    LOG    PDP10    20000   20000  256 ACC REQ
CB-INFO         3 700071 TYM.          TYP 
CB-INFO          PACIF-D    LOG    PDP10    25000   25000  256 ACC REQ
EMSAA.SERVER    3 777123 TYM.          TYP 
EMSAA.SERVER     PACIF-D    LOG    PDP10      250     250  256 NO  REQ
DAVIDG          3 777705 TYM.          TYP 
DAVIDG           PACIF-D    LOG    PDP10      625     625  256 ACC REQ
TXSTEXT         3 300745 TYM. ACT.SUP. SUP (SYS         )LOGON 
TXSTEXT          PACIF-D    DET-T  PDP10    25000   25000  256 ACC NO
MONDOC          3 123054 TYM.          TYP 
MONDOC           PACIF-D    DET-T  PDP10     2500    2500  256 ACC REQ
GIGI            3 704011 TYM.          TYP 
GIGI             PACIF-D    DET-T  PDP10     1500    1500  256 ACC REQ
PASQA           3 325603 TYM.          TYP 
PASQA            PACIF-D    DET    PDP10     1000    1000  256 ACC REQ
CB-DEC          3 700120 TYM.          TYP 
CB-DEC           PACIF-D    LOG    PDP10    25000   25000  256 ACC REQ
PASIDOC         3 325471 TYM.          TYP 
PASIDOC          PACIF-D    DET    PDP10     1000    1000  256 ACC REQ
PEAK            3 035556 TYM. ACT.SUP. SUP (CARL        )LOGON 
PEAK             PACIF-D    DET-T  PDP10    10000   10000  256 ACC NO
INFO            3 232154 TYM.          TYP 
INFO             NOT SET    LOG    PDP10    25000   25000  256 ACC REQ
TOPS10          3 700124 TYM.          TYP 
TOPS10           PACIF-D    DET    PDP10    10000   10000  256 ACC REQ
CB-PARSER       3 700144 TYM.          TYP 
CB-PARSER        PACIF-D    LOG    PDP10    25000   25000  256 ACC REQ
CB-GAMES        3 700020 TYM.          TYP 
CB-GAMES         PACIF-D    LOG    PDP10    25000   25000  256 ACC REQ
KLIB            3 377777 TYM. ACT.SUP. TYP 
KLIB             PACIF-D    DET-T  PDP10     5000    5000  256 ACC REQ
COBOLQA         3 175764 TYM.          TYP 
COBOLQA          PACIF-D    DET    PDP10     1000    1000  256 ACC REQ
LPQ             0 000003 TYM.          SUP 
LPQ              PACIF-D    DET-C  PDP10   100000  100000  256 ACC NO
O@{”