.:logfile rdist.log
:define $substitution=$true
sysno
TYMSHARE X32-P035/E-1 3-2-89
.daytime
9-MAY-1990 23:10:29 PDT

.run (xexec)minit

.rdist *.*/master:33/host:14,32/check
Master host: 33
98 files on master system.
Slave hosts: 14,32
Checking host 14

?unable to build circuit to KSDIAG:14
?host unavailable

?unable to build circuit to KSDIAG:14
?host unavailable

?unable to build circuit to KSDIAG:14
?host unavailable

?unable to build circuit to KSDIAG:14
?host unavailable

?unable to build circuit to KSDIAG:14
?host unavailable
Creaux failed to KSDIAG:14
Checking host 32
(KSDIAG      :  32) 008TEL.COM     2 20-Jun-89 17:13 -- extra not on master
(KSDIAG      :  32) 008TEL.OUT     2 20-Jun-89 17:13 -- extra not on master
(KSDIAG      :  32) RDIST.LOG      1 09-May-90 23:10 -- bad checksum BUTZAP
                           should be 29-Apr-90 15:21 DINYIM  ALL  RD  NO
(KSDIAG      :  32) RDIST.OUT      2 27-Nov-89 18:59 -- bad checksum DEKHOT
                           should be 29-Apr-90 15:21 ROZXED  ALL  RD  NO
(KSDIAG      :  32) RDIST.FRI      2 24-Nov-89 15:20 -- bad checksum FIHDIG
                           should be 20-Apr-90 15:21 ZAYXAG  ALL  RD  NO
(KSDIAG      :  32) RDIST.MON      2 27-Nov-89 18:59 -- bad checksum RURWON
                           should be 23-Apr-90 15:20 LEQGUN  ALL  RD  NO
(KSDIAG      :  32) RDIST.THU      2 28-Sep-89 19:35 -- bad checksum MUZVIV
                           should be 26-Apr-90 15:21 GOCZED  ALL  RD  NO
(KSDIAG      :  32) RDIST.SUN      2 01-Oct-89 15:20 -- bad checksum WIZFIT
                           should be 29-Apr-90 15:21 BEXWEQ  ALL  RD  NO
(KSDIAG      :  32) RDIST.WED      2 15-Nov-89 15:22 -- bad checksum KIZXUP
                           should be 11-Apr-90 15:21 WIZLUX  ALL  RD  NO
(KSDIAG      :  32) RDIST.TUE      2 24-Nov-89 15:20 -- bad checksum XEQLAX
                           should be 17-Apr-90 15:20 GUDCIH  ALL  RD  NO
(KSDIAG      :  32) RDIST.SAT      2 18-Nov-89 15:22 -- bad checksum DICSUD
                           should be 06-Mar-90 15:23 NUSRUD  ALL  RD  NO
(KSDIAG      :  32) KSMON.SAV    155 20-Dec-83 06:22 -- bad checksum LECRAQ
                           should be 20-Dec-83 06:22 KUBRAB  ALL  RD  NO
(KSDIAG      :  32) KSDIAG.DIR                       -- missing on slave

End of SAIL execution
.copy rdist.log,rdist.out

? RDIST.OUT (14) no room or quota exceeded
.mung findit,rdist.out

FINDIT.TEC V5 - Clean up log from MHX+(SPL)FINDIT and sort by file name
    Usage: M
.copy rdist.log,rdist.Wednesday

.; System X17 has only RDIST.* files
.rdist rdist.*/host:14,17,32,33
Master host: 32

?unable to build circuit to KSDIAG:32
?host unavailable

?unable to build circuit to KSDIAG:32
?host unavailable

?unable to build circuit to KSDIAG:32
?host unavailable

?unable to build circuit to KSDIAG:32
?host unavailable

?unable to build circuit to KSDIAG:32
?host unavailable
Creaux failed to KSDIAG:32
R(SPL)FINDIT##
Findit: circuit zapped
0 files on master system.
Slave hosts: 14,17,32,33
Checking host 14

?unable to build circuit to KSDIAG:14
?host unavailable

?unable to build circuit to KSDIAG:14
?host unavailable

?unable to build circuit to KSDIAG:14
?host unavailable

?unable to build circuit to KSDIAG:14
?host unavailable

?unable to build circuit to KSDIAG:14
?host unavailable
Creaux failed to KSDIAG:14
Checking host 17
(KSDIAG      :  17) RDIST.CTL      2 13-Oct-89 15:26 -- extra not on master
(KSDIAG      :  17) RDIST.SAT      5 26-Mar-90 13:40 -- extra not on master
(KSDIAG      :  17) RDIST.TUE      2 17-Apr-90 15:20 -- extra not on master
(KSDIAG      :  17) RDIST.WED      2 11-Apr-90 15:20 -- extra not on master
(KSDIAG      :  17) RDIST.SUN      2 29-Apr-90 15:21 -- extra not on master
(KSDIAG      :  17) RDIST.THU      2 26-Apr-90 15:20 -- extra not on master
(KSDIAG      :  17) RDIST.QQQ      2 13-Oct-89 15:26 -- extra not on master
(KSDIAG      :  17) RDIST.MON      2 23-Apr-90 15:20 -- extra not on master
(KSDIAG      :  17) RDIST.FRI      2 20-Apr-90 15:20 -- extra not on master
(KSDIAG      :  17) RDIST.OUT      2 29-Apr-90 15:21 -- extra not on master
(KSDIAG      :  17) RDIST.LOG      3 29-Apr-90 15:21 -- extra not on master
Checking host 32

?unable to build circuit to KSDIAG:32
?host unavailable

?unable to build circuit to KSDIAG:32
?host unavailable

; Req #7978 aborted - lost command port at line 11
